[2025-07-08T04:06:00.484+0000] {local_task_job_runner.py:120} INFO - ::group::Pre task execution logs
[2025-07-08T04:06:00.504+0000] {taskinstance.py:2073} INFO - Dependencies all met for dep_context=non-requeueable deps ti=<TaskInstance: minio_ga4_new_file_detector.spark_write_data scheduled__2025-07-07T00:00:00+00:00 [queued]>
[2025-07-08T04:06:00.509+0000] {taskinstance.py:2073} INFO - Dependencies all met for dep_context=requeueable deps ti=<TaskInstance: minio_ga4_new_file_detector.spark_write_data scheduled__2025-07-07T00:00:00+00:00 [queued]>
[2025-07-08T04:06:00.509+0000] {taskinstance.py:2303} INFO - Starting attempt 1 of 2
[2025-07-08T04:06:00.514+0000] {taskinstance.py:2327} INFO - Executing <Task(SparkSubmitOperator): spark_write_data> on 2025-07-07 00:00:00+00:00
[2025-07-08T04:06:00.518+0000] {standard_task_runner.py:63} INFO - Started process 208 to run task
[2025-07-08T04:06:00.520+0000] {standard_task_runner.py:90} INFO - Running: ['***', 'tasks', 'run', 'minio_ga4_new_file_detector', 'spark_write_data', 'scheduled__2025-07-07T00:00:00+00:00', '--job-id', '172', '--raw', '--subdir', 'DAGS_FOLDER/dag_automatic.py', '--cfg-path', '/tmp/tmpraqnk068']
[2025-07-08T04:06:00.522+0000] {standard_task_runner.py:91} INFO - Job 172: Subtask spark_write_data
[2025-07-08T04:06:00.531+0000] {logging_mixin.py:188} WARNING - /home/***/.local/lib/python3.11/site-packages/***/settings.py:195 DeprecationWarning: The sql_alchemy_conn option in [core] has been moved to the sql_alchemy_conn option in [database] - the old setting has been used, but please update your config.
[2025-07-08T04:06:00.552+0000] {task_command.py:426} INFO - Running <TaskInstance: minio_ga4_new_file_detector.spark_write_data scheduled__2025-07-07T00:00:00+00:00 [running]> on host 4b2ec626a3e3
[2025-07-08T04:06:00.601+0000] {taskinstance.py:2644} INFO - Exporting env vars: AIRFLOW_CTX_DAG_OWNER='***' AIRFLOW_CTX_DAG_ID='minio_ga4_new_file_detector' AIRFLOW_CTX_TASK_ID='spark_write_data' AIRFLOW_CTX_EXECUTION_DATE='2025-07-07T00:00:00+00:00' AIRFLOW_CTX_TRY_NUMBER='1' AIRFLOW_CTX_DAG_RUN_ID='scheduled__2025-07-07T00:00:00+00:00'
[2025-07-08T04:06:00.602+0000] {taskinstance.py:430} INFO - ::endgroup::
[2025-07-08T04:06:00.614+0000] {base.py:84} INFO - Using connection ID 'spark-master' for task execution.
[2025-07-08T04:06:00.616+0000] {spark_submit.py:473} INFO - Spark-Submit cmd: spark-submit --master spark://spark-master:7077:7077 --packages com.clickhouse:clickhouse-jdbc:0.6.4,org.apache.httpcomponents.client5:httpclient5:5.3.1,org.apache.hadoop:hadoop-aws:3.3.5,com.amazonaws:aws-java-sdk-bundle:1.11.1026 --name arrow-spark --deploy-mode client /opt/***/spark_project/src/spark/spark_main_minio_automatic.py ["ga4-data/1.parquet"]
[2025-07-08T04:06:00.874+0000] {spark_submit.py:634} INFO - WARNING: Using incubator modules: jdk.incubator.vector
[2025-07-08T04:06:03.918+0000] {spark_submit.py:634} INFO - :: loading settings :: url = jar:file:/home/***/.local/lib/python3.11/site-packages/pyspark/jars/ivy-2.5.3.jar!/org/apache/ivy/core/settings/ivysettings.xml
[2025-07-08T04:06:04.030+0000] {spark_submit.py:634} INFO - Ivy Default Cache set to: /home/***/.ivy2.5.2/cache
[2025-07-08T04:06:04.030+0000] {spark_submit.py:634} INFO - The jars for the packages stored in: /home/***/.ivy2.5.2/jars
[2025-07-08T04:06:04.032+0000] {spark_submit.py:634} INFO - com.clickhouse#clickhouse-jdbc added as a dependency
[2025-07-08T04:06:04.032+0000] {spark_submit.py:634} INFO - org.apache.httpcomponents.client5#httpclient5 added as a dependency
[2025-07-08T04:06:04.033+0000] {spark_submit.py:634} INFO - org.apache.hadoop#hadoop-aws added as a dependency
[2025-07-08T04:06:04.033+0000] {spark_submit.py:634} INFO - com.amazonaws#aws-java-sdk-bundle added as a dependency
[2025-07-08T04:06:04.033+0000] {spark_submit.py:634} INFO - :: resolving dependencies :: org.apache.spark#spark-submit-parent-cf679884-8224-4d83-8805-4fef395da046;1.0
[2025-07-08T04:06:04.033+0000] {spark_submit.py:634} INFO - confs: [default]
[2025-07-08T04:06:06.195+0000] {spark_submit.py:634} INFO - found com.clickhouse#clickhouse-jdbc;0.6.4 in central
[2025-07-08T04:06:12.394+0000] {spark_submit.py:634} INFO - found org.apache.httpcomponents.client5#httpclient5;5.3.1 in central
[2025-07-08T04:06:16.116+0000] {spark_submit.py:634} INFO - found org.apache.httpcomponents.core5#httpcore5;5.2.4 in central
[2025-07-08T04:06:16.732+0000] {spark_submit.py:634} INFO - found org.apache.httpcomponents.core5#httpcore5-h2;5.2.4 in central
[2025-07-08T04:06:18.764+0000] {spark_submit.py:634} INFO - found org.slf4j#slf4j-api;1.7.36 in central
[2025-07-08T04:06:22.730+0000] {spark_submit.py:634} INFO - found org.apache.hadoop#hadoop-aws;3.3.5 in central
[2025-07-08T04:06:24.686+0000] {spark_submit.py:634} INFO - found com.amazonaws#aws-java-sdk-bundle;1.12.316 in central
[2025-07-08T04:06:28.470+0000] {spark_submit.py:634} INFO - found org.wildfly.openssl#wildfly-openssl;1.1.3.Final in central
[2025-07-08T04:06:28.766+0000] {spark_submit.py:634} INFO - downloading https://repo1.maven.org/maven2/com/clickhouse/clickhouse-jdbc/0.6.4/clickhouse-jdbc-0.6.4.jar ...
[2025-07-08T04:06:34.633+0000] {spark_submit.py:634} INFO - [SUCCESSFUL ] com.clickhouse#clickhouse-jdbc;0.6.4!clickhouse-jdbc.jar (6159ms)
[2025-07-08T04:06:34.898+0000] {spark_submit.py:634} INFO - downloading https://repo1.maven.org/maven2/org/apache/httpcomponents/client5/httpclient5/5.3.1/httpclient5-5.3.1.jar ...
[2025-07-08T04:06:37.119+0000] {spark_submit.py:634} INFO - [SUCCESSFUL ] org.apache.httpcomponents.client5#httpclient5;5.3.1!httpclient5.jar (2486ms)
[2025-07-08T04:06:37.365+0000] {spark_submit.py:634} INFO - downloading https://repo1.maven.org/maven2/org/apache/hadoop/hadoop-aws/3.3.5/hadoop-aws-3.3.5.jar ...
[2025-07-08T04:06:38.844+0000] {spark_submit.py:634} INFO - [SUCCESSFUL ] org.apache.hadoop#hadoop-aws;3.3.5!hadoop-aws.jar (1723ms)
[2025-07-08T04:06:39.054+0000] {spark_submit.py:634} INFO - downloading https://repo1.maven.org/maven2/org/apache/httpcomponents/core5/httpcore5/5.2.4/httpcore5-5.2.4.jar ...
[2025-07-08T04:06:40.074+0000] {spark_submit.py:634} INFO - [SUCCESSFUL ] org.apache.httpcomponents.core5#httpcore5;5.2.4!httpcore5.jar (1228ms)
[2025-07-08T04:06:40.282+0000] {spark_submit.py:634} INFO - downloading https://repo1.maven.org/maven2/org/apache/httpcomponents/core5/httpcore5-h2/5.2.4/httpcore5-h2-5.2.4.jar ...
[2025-07-08T04:06:40.640+0000] {spark_submit.py:634} INFO - [SUCCESSFUL ] org.apache.httpcomponents.core5#httpcore5-h2;5.2.4!httpcore5-h2.jar (566ms)
[2025-07-08T04:06:40.864+0000] {spark_submit.py:634} INFO - downloading https://repo1.maven.org/maven2/org/slf4j/slf4j-api/1.7.36/slf4j-api-1.7.36.jar ...
[2025-07-08T04:06:41.097+0000] {spark_submit.py:634} INFO - [SUCCESSFUL ] org.slf4j#slf4j-api;1.7.36!slf4j-api.jar (457ms)
[2025-07-08T04:06:41.307+0000] {spark_submit.py:634} INFO - downloading https://repo1.maven.org/maven2/com/amazonaws/aws-java-sdk-bundle/1.12.316/aws-java-sdk-bundle-1.12.316.jar ...
[2025-07-08T04:08:49.219+0000] {spark_submit.py:634} INFO - [SUCCESSFUL ] com.amazonaws#aws-java-sdk-bundle;1.12.316!aws-java-sdk-bundle.jar (128120ms)
[2025-07-08T04:08:49.578+0000] {spark_submit.py:634} INFO - downloading https://repo1.maven.org/maven2/org/wildfly/openssl/wildfly-openssl/1.1.3.Final/wildfly-openssl-1.1.3.Final.jar ...
[2025-07-08T04:08:50.184+0000] {spark_submit.py:634} INFO - [SUCCESSFUL ] org.wildfly.openssl#wildfly-openssl;1.1.3.Final!wildfly-openssl.jar (965ms)
[2025-07-08T04:08:50.184+0000] {spark_submit.py:634} INFO - :: resolution report :: resolve 24441ms :: artifacts dl 141710ms
[2025-07-08T04:08:50.185+0000] {spark_submit.py:634} INFO - :: modules in use:
[2025-07-08T04:08:50.185+0000] {spark_submit.py:634} INFO - com.amazonaws#aws-java-sdk-bundle;1.12.316 from central in [default]
[2025-07-08T04:08:50.185+0000] {spark_submit.py:634} INFO - com.clickhouse#clickhouse-jdbc;0.6.4 from central in [default]
[2025-07-08T04:08:50.185+0000] {spark_submit.py:634} INFO - org.apache.hadoop#hadoop-aws;3.3.5 from central in [default]
[2025-07-08T04:08:50.185+0000] {spark_submit.py:634} INFO - org.apache.httpcomponents.client5#httpclient5;5.3.1 from central in [default]
[2025-07-08T04:08:50.186+0000] {spark_submit.py:634} INFO - org.apache.httpcomponents.core5#httpcore5;5.2.4 from central in [default]
[2025-07-08T04:08:50.186+0000] {spark_submit.py:634} INFO - org.apache.httpcomponents.core5#httpcore5-h2;5.2.4 from central in [default]
[2025-07-08T04:08:50.186+0000] {spark_submit.py:634} INFO - org.slf4j#slf4j-api;1.7.36 from central in [default]
[2025-07-08T04:08:50.186+0000] {spark_submit.py:634} INFO - org.wildfly.openssl#wildfly-openssl;1.1.3.Final from central in [default]
[2025-07-08T04:08:50.187+0000] {spark_submit.py:634} INFO - :: evicted modules:
[2025-07-08T04:08:50.187+0000] {spark_submit.py:634} INFO - com.amazonaws#aws-java-sdk-bundle;1.11.1026 by [com.amazonaws#aws-java-sdk-bundle;1.12.316] in [default]
[2025-07-08T04:08:50.187+0000] {spark_submit.py:634} INFO - ---------------------------------------------------------------------
[2025-07-08T04:08:50.187+0000] {spark_submit.py:634} INFO - |                  |            modules            ||   artifacts   |
[2025-07-08T04:08:50.187+0000] {spark_submit.py:634} INFO - |       conf       | number| search|dwnlded|evicted|| number|dwnlded|
[2025-07-08T04:08:50.187+0000] {spark_submit.py:634} INFO - ---------------------------------------------------------------------
[2025-07-08T04:08:50.188+0000] {spark_submit.py:634} INFO - |      default     |   9   |   8   |   8   |   1   ||   8   |   8   |
[2025-07-08T04:08:50.188+0000] {spark_submit.py:634} INFO - ---------------------------------------------------------------------
[2025-07-08T04:08:50.188+0000] {spark_submit.py:634} INFO - :: retrieving :: org.apache.spark#spark-submit-parent-cf679884-8224-4d83-8805-4fef395da046
[2025-07-08T04:08:50.189+0000] {spark_submit.py:634} INFO - confs: [default]
[2025-07-08T04:08:50.319+0000] {spark_submit.py:634} INFO - 8 artifacts copied, 0 already retrieved (287272kB/131ms)
[2025-07-08T04:08:50.629+0000] {spark_submit.py:634} INFO - 25/07/08 04:08:50 WARN NativeCodeLoader: Unable to load native-hadoop library for your platform... using builtin-java classes where applicable
[2025-07-08T04:08:53.844+0000] {spark_submit.py:634} INFO - Using Spark's default log4j profile: org/apache/spark/log4j2-defaults.properties
[2025-07-08T04:08:53.920+0000] {spark_submit.py:634} INFO - 25/07/08 04:08:53 INFO SparkContext: Running Spark version 4.0.0
[2025-07-08T04:08:53.923+0000] {spark_submit.py:634} INFO - 25/07/08 04:08:53 INFO SparkContext: OS info Linux, 6.8.0-60-generic, amd64
[2025-07-08T04:08:53.923+0000] {spark_submit.py:634} INFO - 25/07/08 04:08:53 INFO SparkContext: Java version 17.0.15
[2025-07-08T04:08:54.027+0000] {spark_submit.py:634} INFO - 25/07/08 04:08:54 INFO ResourceUtils: ==============================================================
[2025-07-08T04:08:54.028+0000] {spark_submit.py:634} INFO - 25/07/08 04:08:54 INFO ResourceUtils: No custom resources configured for spark.driver.
[2025-07-08T04:08:54.028+0000] {spark_submit.py:634} INFO - 25/07/08 04:08:54 INFO ResourceUtils: ==============================================================
[2025-07-08T04:08:54.028+0000] {spark_submit.py:634} INFO - 25/07/08 04:08:54 INFO SparkContext: Submitted application: thanhdz
[2025-07-08T04:08:54.124+0000] {spark_submit.py:634} INFO - 25/07/08 04:08:54 INFO ResourceProfile: Default ResourceProfile created, executor resources: Map(cores -> name: cores, amount: 2, script: , vendor: , memory -> name: memory, amount: 1024, script: , vendor: , offHeap -> name: offHeap, amount: 0, script: , vendor: ), task resources: Map(cpus -> name: cpus, amount: 1.0)
[2025-07-08T04:08:54.127+0000] {spark_submit.py:634} INFO - 25/07/08 04:08:54 INFO ResourceProfile: Limiting resource is cpus at 2 tasks per executor
[2025-07-08T04:08:54.128+0000] {spark_submit.py:634} INFO - 25/07/08 04:08:54 INFO ResourceProfileManager: Added ResourceProfile id: 0
[2025-07-08T04:08:54.232+0000] {spark_submit.py:634} INFO - 25/07/08 04:08:54 INFO SecurityManager: Changing view acls to: ***
[2025-07-08T04:08:54.232+0000] {spark_submit.py:634} INFO - 25/07/08 04:08:54 INFO SecurityManager: Changing modify acls to: ***
[2025-07-08T04:08:54.233+0000] {spark_submit.py:634} INFO - 25/07/08 04:08:54 INFO SecurityManager: Changing view acls groups to: ***
[2025-07-08T04:08:54.233+0000] {spark_submit.py:634} INFO - 25/07/08 04:08:54 INFO SecurityManager: Changing modify acls groups to: ***
[2025-07-08T04:08:54.234+0000] {spark_submit.py:634} INFO - 25/07/08 04:08:54 INFO SecurityManager: SecurityManager: authentication disabled; ui acls disabled; users with view permissions: *** groups with view permissions: EMPTY; users with modify permissions: ***; groups with modify permissions: EMPTY; RPC SSL disabled
[2025-07-08T04:08:54.632+0000] {spark_submit.py:634} INFO - 25/07/08 04:08:54 INFO Utils: Successfully started service 'sparkDriver' on port 43639.
[2025-07-08T04:08:54.654+0000] {spark_submit.py:634} INFO - 25/07/08 04:08:54 INFO SparkEnv: Registering MapOutputTracker
[2025-07-08T04:08:54.721+0000] {spark_submit.py:634} INFO - 25/07/08 04:08:54 INFO SparkEnv: Registering BlockManagerMaster
[2025-07-08T04:08:54.732+0000] {spark_submit.py:634} INFO - 25/07/08 04:08:54 INFO BlockManagerMasterEndpoint: Using org.apache.spark.storage.DefaultTopologyMapper for getting topology information
[2025-07-08T04:08:54.732+0000] {spark_submit.py:634} INFO - 25/07/08 04:08:54 INFO BlockManagerMasterEndpoint: BlockManagerMasterEndpoint up
[2025-07-08T04:08:54.734+0000] {spark_submit.py:634} INFO - 25/07/08 04:08:54 INFO SparkEnv: Registering BlockManagerMasterHeartbeat
[2025-07-08T04:08:54.750+0000] {spark_submit.py:634} INFO - 25/07/08 04:08:54 INFO DiskBlockManager: Created local directory at /tmp/blockmgr-84cdcec5-b547-4933-b039-b6954f6ea03f
[2025-07-08T04:08:54.831+0000] {spark_submit.py:634} INFO - 25/07/08 04:08:54 INFO SparkEnv: Registering OutputCommitCoordinator
[2025-07-08T04:08:55.059+0000] {spark_submit.py:634} INFO - 25/07/08 04:08:55 INFO JettyUtils: Start Jetty 0.0.0.0:4040 for SparkUI
[2025-07-08T04:08:55.242+0000] {spark_submit.py:634} INFO - 25/07/08 04:08:55 INFO Utils: Successfully started service 'SparkUI' on port 4040.
[2025-07-08T04:08:55.262+0000] {spark_submit.py:634} INFO - 25/07/08 04:08:55 ERROR SparkContext: Failed to add /home/ngocthanh/spark-3.5.3/jars/hadoop-aws-3.3.4.jar to Spark environment
[2025-07-08T04:08:55.263+0000] {spark_submit.py:634} INFO - java.io.FileNotFoundException: Jar /home/ngocthanh/spark-3.5.3/jars/hadoop-aws-3.3.4.jar not found
[2025-07-08T04:08:55.263+0000] {spark_submit.py:634} INFO - at org.apache.spark.SparkContext.addLocalJarFile$1(SparkContext.scala:2174)
[2025-07-08T04:08:55.263+0000] {spark_submit.py:634} INFO - at org.apache.spark.SparkContext.addJar(SparkContext.scala:2230)
[2025-07-08T04:08:55.263+0000] {spark_submit.py:634} INFO - at org.apache.spark.SparkContext.$anonfun$new$15(SparkContext.scala:538)
[2025-07-08T04:08:55.263+0000] {spark_submit.py:634} INFO - at org.apache.spark.SparkContext.$anonfun$new$15$adapted(SparkContext.scala:538)
[2025-07-08T04:08:55.263+0000] {spark_submit.py:634} INFO - at scala.collection.IterableOnceOps.foreach(IterableOnce.scala:619)
[2025-07-08T04:08:55.263+0000] {spark_submit.py:634} INFO - at scala.collection.IterableOnceOps.foreach$(IterableOnce.scala:617)
[2025-07-08T04:08:55.263+0000] {spark_submit.py:634} INFO - at scala.collection.AbstractIterable.foreach(Iterable.scala:935)
[2025-07-08T04:08:55.264+0000] {spark_submit.py:634} INFO - at org.apache.spark.SparkContext.<init>(SparkContext.scala:538)
[2025-07-08T04:08:55.264+0000] {spark_submit.py:634} INFO - at org.apache.spark.api.java.JavaSparkContext.<init>(JavaSparkContext.scala:59)
[2025-07-08T04:08:55.264+0000] {spark_submit.py:634} INFO - at java.base/jdk.internal.reflect.NativeConstructorAccessorImpl.newInstance0(Native Method)
[2025-07-08T04:08:55.264+0000] {spark_submit.py:634} INFO - at java.base/jdk.internal.reflect.NativeConstructorAccessorImpl.newInstance(NativeConstructorAccessorImpl.java:77)
[2025-07-08T04:08:55.264+0000] {spark_submit.py:634} INFO - at java.base/jdk.internal.reflect.DelegatingConstructorAccessorImpl.newInstance(DelegatingConstructorAccessorImpl.java:45)
[2025-07-08T04:08:55.264+0000] {spark_submit.py:634} INFO - at java.base/java.lang.reflect.Constructor.newInstanceWithCaller(Constructor.java:500)
[2025-07-08T04:08:55.264+0000] {spark_submit.py:634} INFO - at java.base/java.lang.reflect.Constructor.newInstance(Constructor.java:481)
[2025-07-08T04:08:55.264+0000] {spark_submit.py:634} INFO - at py4j.reflection.MethodInvoker.invoke(MethodInvoker.java:247)
[2025-07-08T04:08:55.264+0000] {spark_submit.py:634} INFO - at py4j.reflection.ReflectionEngine.invoke(ReflectionEngine.java:374)
[2025-07-08T04:08:55.265+0000] {spark_submit.py:634} INFO - at py4j.Gateway.invoke(Gateway.java:238)
[2025-07-08T04:08:55.265+0000] {spark_submit.py:634} INFO - at py4j.commands.ConstructorCommand.invokeConstructor(ConstructorCommand.java:80)
[2025-07-08T04:08:55.265+0000] {spark_submit.py:634} INFO - at py4j.commands.ConstructorCommand.execute(ConstructorCommand.java:69)
[2025-07-08T04:08:55.265+0000] {spark_submit.py:634} INFO - at py4j.ClientServerConnection.waitForCommands(ClientServerConnection.java:184)
[2025-07-08T04:08:55.265+0000] {spark_submit.py:634} INFO - at py4j.ClientServerConnection.run(ClientServerConnection.java:108)
[2025-07-08T04:08:55.265+0000] {spark_submit.py:634} INFO - at java.base/java.lang.Thread.run(Thread.java:840)
[2025-07-08T04:08:55.265+0000] {spark_submit.py:634} INFO - 25/07/08 04:08:55 ERROR SparkContext: Failed to add /home/ngocthanh/spark-3.5.3/jars/aws-java-sdk-bundle-1.12.761.jar to Spark environment
[2025-07-08T04:08:55.265+0000] {spark_submit.py:634} INFO - java.io.FileNotFoundException: Jar /home/ngocthanh/spark-3.5.3/jars/aws-java-sdk-bundle-1.12.761.jar not found
[2025-07-08T04:08:55.265+0000] {spark_submit.py:634} INFO - at org.apache.spark.SparkContext.addLocalJarFile$1(SparkContext.scala:2174)
[2025-07-08T04:08:55.265+0000] {spark_submit.py:634} INFO - at org.apache.spark.SparkContext.addJar(SparkContext.scala:2230)
[2025-07-08T04:08:55.265+0000] {spark_submit.py:634} INFO - at org.apache.spark.SparkContext.$anonfun$new$15(SparkContext.scala:538)
[2025-07-08T04:08:55.265+0000] {spark_submit.py:634} INFO - at org.apache.spark.SparkContext.$anonfun$new$15$adapted(SparkContext.scala:538)
[2025-07-08T04:08:55.266+0000] {spark_submit.py:634} INFO - at scala.collection.IterableOnceOps.foreach(IterableOnce.scala:619)
[2025-07-08T04:08:55.266+0000] {spark_submit.py:634} INFO - at scala.collection.IterableOnceOps.foreach$(IterableOnce.scala:617)
[2025-07-08T04:08:55.266+0000] {spark_submit.py:634} INFO - at scala.collection.AbstractIterable.foreach(Iterable.scala:935)
[2025-07-08T04:08:55.266+0000] {spark_submit.py:634} INFO - at org.apache.spark.SparkContext.<init>(SparkContext.scala:538)
[2025-07-08T04:08:55.266+0000] {spark_submit.py:634} INFO - at org.apache.spark.api.java.JavaSparkContext.<init>(JavaSparkContext.scala:59)
[2025-07-08T04:08:55.266+0000] {spark_submit.py:634} INFO - at java.base/jdk.internal.reflect.NativeConstructorAccessorImpl.newInstance0(Native Method)
[2025-07-08T04:08:55.266+0000] {spark_submit.py:634} INFO - at java.base/jdk.internal.reflect.NativeConstructorAccessorImpl.newInstance(NativeConstructorAccessorImpl.java:77)
[2025-07-08T04:08:55.266+0000] {spark_submit.py:634} INFO - at java.base/jdk.internal.reflect.DelegatingConstructorAccessorImpl.newInstance(DelegatingConstructorAccessorImpl.java:45)
[2025-07-08T04:08:55.266+0000] {spark_submit.py:634} INFO - at java.base/java.lang.reflect.Constructor.newInstanceWithCaller(Constructor.java:500)
[2025-07-08T04:08:55.266+0000] {spark_submit.py:634} INFO - at java.base/java.lang.reflect.Constructor.newInstance(Constructor.java:481)
[2025-07-08T04:08:55.266+0000] {spark_submit.py:634} INFO - at py4j.reflection.MethodInvoker.invoke(MethodInvoker.java:247)
[2025-07-08T04:08:55.266+0000] {spark_submit.py:634} INFO - at py4j.reflection.ReflectionEngine.invoke(ReflectionEngine.java:374)
[2025-07-08T04:08:55.266+0000] {spark_submit.py:634} INFO - at py4j.Gateway.invoke(Gateway.java:238)
[2025-07-08T04:08:55.266+0000] {spark_submit.py:634} INFO - at py4j.commands.ConstructorCommand.invokeConstructor(ConstructorCommand.java:80)
[2025-07-08T04:08:55.266+0000] {spark_submit.py:634} INFO - at py4j.commands.ConstructorCommand.execute(ConstructorCommand.java:69)
[2025-07-08T04:08:55.266+0000] {spark_submit.py:634} INFO - at py4j.ClientServerConnection.waitForCommands(ClientServerConnection.java:184)
[2025-07-08T04:08:55.266+0000] {spark_submit.py:634} INFO - at py4j.ClientServerConnection.run(ClientServerConnection.java:108)
[2025-07-08T04:08:55.266+0000] {spark_submit.py:634} INFO - at java.base/java.lang.Thread.run(Thread.java:840)
[2025-07-08T04:08:55.266+0000] {spark_submit.py:634} INFO - 25/07/08 04:08:55 INFO SparkContext: Added file file:///home/***/.ivy2.5.2/jars/com.clickhouse_clickhouse-jdbc-0.6.4.jar at spark://4b2ec626a3e3:43639/files/com.clickhouse_clickhouse-jdbc-0.6.4.jar with timestamp 1751947733840
[2025-07-08T04:08:55.267+0000] {spark_submit.py:634} INFO - 25/07/08 04:08:55 INFO Utils: Copying /home/***/.ivy2.5.2/jars/com.clickhouse_clickhouse-jdbc-0.6.4.jar to /tmp/spark-93c52452-eda3-4098-ba08-93850c9a9aa6/userFiles-ae2f354b-9106-4298-933c-5fe9a94541d9/com.clickhouse_clickhouse-jdbc-0.6.4.jar
[2025-07-08T04:08:55.328+0000] {spark_submit.py:634} INFO - 25/07/08 04:08:55 INFO SparkContext: Added file file:///home/***/.ivy2.5.2/jars/org.apache.httpcomponents.client5_httpclient5-5.3.1.jar at spark://4b2ec626a3e3:43639/files/org.apache.httpcomponents.client5_httpclient5-5.3.1.jar with timestamp 1751947733840
[2025-07-08T04:08:55.328+0000] {spark_submit.py:634} INFO - 25/07/08 04:08:55 INFO Utils: Copying /home/***/.ivy2.5.2/jars/org.apache.httpcomponents.client5_httpclient5-5.3.1.jar to /tmp/spark-93c52452-eda3-4098-ba08-93850c9a9aa6/userFiles-ae2f354b-9106-4298-933c-5fe9a94541d9/org.apache.httpcomponents.client5_httpclient5-5.3.1.jar
[2025-07-08T04:08:55.334+0000] {spark_submit.py:634} INFO - 25/07/08 04:08:55 INFO SparkContext: Added file file:///home/***/.ivy2.5.2/jars/org.apache.hadoop_hadoop-aws-3.3.5.jar at spark://4b2ec626a3e3:43639/files/org.apache.hadoop_hadoop-aws-3.3.5.jar with timestamp 1751947733840
[2025-07-08T04:08:55.335+0000] {spark_submit.py:634} INFO - 25/07/08 04:08:55 INFO Utils: Copying /home/***/.ivy2.5.2/jars/org.apache.hadoop_hadoop-aws-3.3.5.jar to /tmp/spark-93c52452-eda3-4098-ba08-93850c9a9aa6/userFiles-ae2f354b-9106-4298-933c-5fe9a94541d9/org.apache.hadoop_hadoop-aws-3.3.5.jar
[2025-07-08T04:08:55.339+0000] {spark_submit.py:634} INFO - 25/07/08 04:08:55 INFO SparkContext: Added file file:///home/***/.ivy2.5.2/jars/org.apache.httpcomponents.core5_httpcore5-5.2.4.jar at spark://4b2ec626a3e3:43639/files/org.apache.httpcomponents.core5_httpcore5-5.2.4.jar with timestamp 1751947733840
[2025-07-08T04:08:55.340+0000] {spark_submit.py:634} INFO - 25/07/08 04:08:55 INFO Utils: Copying /home/***/.ivy2.5.2/jars/org.apache.httpcomponents.core5_httpcore5-5.2.4.jar to /tmp/spark-93c52452-eda3-4098-ba08-93850c9a9aa6/userFiles-ae2f354b-9106-4298-933c-5fe9a94541d9/org.apache.httpcomponents.core5_httpcore5-5.2.4.jar
[2025-07-08T04:08:55.343+0000] {spark_submit.py:634} INFO - 25/07/08 04:08:55 INFO SparkContext: Added file file:///home/***/.ivy2.5.2/jars/org.apache.httpcomponents.core5_httpcore5-h2-5.2.4.jar at spark://4b2ec626a3e3:43639/files/org.apache.httpcomponents.core5_httpcore5-h2-5.2.4.jar with timestamp 1751947733840
[2025-07-08T04:08:55.344+0000] {spark_submit.py:634} INFO - 25/07/08 04:08:55 INFO Utils: Copying /home/***/.ivy2.5.2/jars/org.apache.httpcomponents.core5_httpcore5-h2-5.2.4.jar to /tmp/spark-93c52452-eda3-4098-ba08-93850c9a9aa6/userFiles-ae2f354b-9106-4298-933c-5fe9a94541d9/org.apache.httpcomponents.core5_httpcore5-h2-5.2.4.jar
[2025-07-08T04:08:55.348+0000] {spark_submit.py:634} INFO - 25/07/08 04:08:55 INFO SparkContext: Added file file:///home/***/.ivy2.5.2/jars/org.slf4j_slf4j-api-1.7.36.jar at spark://4b2ec626a3e3:43639/files/org.slf4j_slf4j-api-1.7.36.jar with timestamp 1751947733840
[2025-07-08T04:08:55.348+0000] {spark_submit.py:634} INFO - 25/07/08 04:08:55 INFO Utils: Copying /home/***/.ivy2.5.2/jars/org.slf4j_slf4j-api-1.7.36.jar to /tmp/spark-93c52452-eda3-4098-ba08-93850c9a9aa6/userFiles-ae2f354b-9106-4298-933c-5fe9a94541d9/org.slf4j_slf4j-api-1.7.36.jar
[2025-07-08T04:08:55.351+0000] {spark_submit.py:634} INFO - 25/07/08 04:08:55 INFO SparkContext: Added file file:///home/***/.ivy2.5.2/jars/com.amazonaws_aws-java-sdk-bundle-1.12.316.jar at spark://4b2ec626a3e3:43639/files/com.amazonaws_aws-java-sdk-bundle-1.12.316.jar with timestamp 1751947733840
[2025-07-08T04:08:55.352+0000] {spark_submit.py:634} INFO - 25/07/08 04:08:55 INFO Utils: Copying /home/***/.ivy2.5.2/jars/com.amazonaws_aws-java-sdk-bundle-1.12.316.jar to /tmp/spark-93c52452-eda3-4098-ba08-93850c9a9aa6/userFiles-ae2f354b-9106-4298-933c-5fe9a94541d9/com.amazonaws_aws-java-sdk-bundle-1.12.316.jar
[2025-07-08T04:08:55.877+0000] {spark_submit.py:634} INFO - 25/07/08 04:08:55 INFO SparkContext: Added file file:///home/***/.ivy2.5.2/jars/org.wildfly.openssl_wildfly-openssl-1.1.3.Final.jar at spark://4b2ec626a3e3:43639/files/org.wildfly.openssl_wildfly-openssl-1.1.3.Final.jar with timestamp 1751947733840
[2025-07-08T04:08:55.877+0000] {spark_submit.py:634} INFO - 25/07/08 04:08:55 INFO Utils: Copying /home/***/.ivy2.5.2/jars/org.wildfly.openssl_wildfly-openssl-1.1.3.Final.jar to /tmp/spark-93c52452-eda3-4098-ba08-93850c9a9aa6/userFiles-ae2f354b-9106-4298-933c-5fe9a94541d9/org.wildfly.openssl_wildfly-openssl-1.1.3.Final.jar
[2025-07-08T04:08:55.893+0000] {spark_submit.py:634} INFO - 25/07/08 04:08:55 INFO SecurityManager: Changing view acls to: ***
[2025-07-08T04:08:55.894+0000] {spark_submit.py:634} INFO - 25/07/08 04:08:55 INFO SecurityManager: Changing modify acls to: ***
[2025-07-08T04:08:55.894+0000] {spark_submit.py:634} INFO - 25/07/08 04:08:55 INFO SecurityManager: Changing view acls groups to: ***
[2025-07-08T04:08:55.894+0000] {spark_submit.py:634} INFO - 25/07/08 04:08:55 INFO SecurityManager: Changing modify acls groups to: ***
[2025-07-08T04:08:55.894+0000] {spark_submit.py:634} INFO - 25/07/08 04:08:55 INFO SecurityManager: SecurityManager: authentication disabled; ui acls disabled; users with view permissions: *** groups with view permissions: EMPTY; users with modify permissions: ***; groups with modify permissions: EMPTY; RPC SSL disabled
[2025-07-08T04:08:56.052+0000] {spark_submit.py:634} INFO - 25/07/08 04:08:56 INFO StandaloneAppClient$ClientEndpoint: Connecting to master spark://spark-master:7077...
[2025-07-08T04:08:56.141+0000] {spark_submit.py:634} INFO - 25/07/08 04:08:56 INFO TransportClientFactory: Successfully created connection to spark-master/172.20.0.3:7077 after 18 ms (0 ms spent in bootstraps)
[2025-07-08T04:08:56.252+0000] {spark_submit.py:634} INFO - 25/07/08 04:08:56 INFO StandaloneSchedulerBackend: Connected to Spark cluster with app ID app-20250708040856-0000
[2025-07-08T04:08:56.257+0000] {spark_submit.py:634} INFO - 25/07/08 04:08:56 INFO Utils: Successfully started service 'org.apache.spark.network.netty.NettyBlockTransferService' on port 45235.
[2025-07-08T04:08:56.258+0000] {spark_submit.py:634} INFO - 25/07/08 04:08:56 INFO NettyBlockTransferService: Server created on 4b2ec626a3e3:45235
[2025-07-08T04:08:56.259+0000] {spark_submit.py:634} INFO - 25/07/08 04:08:56 INFO BlockManager: Using org.apache.spark.storage.RandomBlockReplicationPolicy for block replication policy
[2025-07-08T04:08:56.268+0000] {spark_submit.py:634} INFO - 25/07/08 04:08:56 INFO BlockManagerMaster: Registering BlockManager BlockManagerId(driver, 4b2ec626a3e3, 45235, None)
[2025-07-08T04:08:56.273+0000] {spark_submit.py:634} INFO - 25/07/08 04:08:56 INFO StandaloneAppClient$ClientEndpoint: Executor added: app-20250708040856-0000/0 on worker-20250708040534-172.20.0.7-42333 (172.20.0.7:42333) with 2 core(s)
[2025-07-08T04:08:56.274+0000] {spark_submit.py:634} INFO - 25/07/08 04:08:56 INFO BlockManagerMasterEndpoint: Registering block manager 4b2ec626a3e3:45235 with 413.9 MiB RAM, BlockManagerId(driver, 4b2ec626a3e3, 45235, None)
[2025-07-08T04:08:56.274+0000] {spark_submit.py:634} INFO - 25/07/08 04:08:56 INFO StandaloneSchedulerBackend: Granted executor ID app-20250708040856-0000/0 on hostPort 172.20.0.7:42333 with 2 core(s), 1024.0 MiB RAM
[2025-07-08T04:08:56.275+0000] {spark_submit.py:634} INFO - 25/07/08 04:08:56 INFO BlockManagerMaster: Registered BlockManager BlockManagerId(driver, 4b2ec626a3e3, 45235, None)
[2025-07-08T04:08:56.276+0000] {spark_submit.py:634} INFO - 25/07/08 04:08:56 INFO BlockManager: Initialized BlockManager: BlockManagerId(driver, 4b2ec626a3e3, 45235, None)
[2025-07-08T04:08:56.353+0000] {spark_submit.py:634} INFO - 25/07/08 04:08:56 INFO StandaloneAppClient$ClientEndpoint: Executor updated: app-20250708040856-0000/0 is now RUNNING
[2025-07-08T04:08:56.438+0000] {spark_submit.py:634} INFO - 25/07/08 04:08:56 INFO StandaloneSchedulerBackend: SchedulerBackend is ready for scheduling beginning after reached minRegisteredResourcesRatio: 0.0
[2025-07-08T04:08:57.625+0000] {spark_submit.py:634} INFO - 25/07/08 04:08:57 INFO StandaloneSchedulerBackend$StandaloneDriverEndpoint: Registered executor NettyRpcEndpointRef(spark-client://Executor) (172.20.0.7:49694) with ID 0, ResourceProfileId 0
[2025-07-08T04:08:57.719+0000] {spark_submit.py:634} INFO - 25/07/08 04:08:57 INFO BlockManagerMasterEndpoint: Registering block manager 172.20.0.7:37147 with 434.4 MiB RAM, BlockManagerId(0, 172.20.0.7, 37147, None)
[2025-07-08T04:08:59.040+0000] {spark_submit.py:634} INFO - Đang đọc dữ liệu từ các đường dẫn MinIO sau: ['s3a://hasaki-datalake/ga4-data/1.parquet']
[2025-07-08T04:08:59.924+0000] {spark_submit.py:634} INFO - 25/07/08 04:08:59 WARN MetricsConfig: Cannot locate configuration: tried hadoop-metrics2-s3a-file-system.properties,hadoop-metrics2.properties
[2025-07-08T04:09:03.217+0000] {spark_submit.py:634} INFO - 25/07/08 04:09:03 WARN SparkStringUtils: Truncated the string representation of a plan since it was too large. This behavior can be adjusted by setting 'spark.sql.debug.maxToStringFields'.
[2025-07-08T04:09:03.542+0000] {spark_submit.py:634} INFO - 25/07/08 04:09:03 ERROR ApacheHttpConnectionImpl: HTTP request failed
[2025-07-08T04:09:03.542+0000] {spark_submit.py:634} INFO - org.apache.hc.client5.http.HttpHostConnectException: Connect to http://localhost:8123 [localhost/127.0.0.1, localhost/0:0:0:0:0:0:0:1] failed: Connection refused
[2025-07-08T04:09:03.542+0000] {spark_submit.py:634} INFO - at java.base/sun.nio.ch.Net.pollConnect(Native Method)
[2025-07-08T04:09:03.542+0000] {spark_submit.py:634} INFO - at java.base/sun.nio.ch.Net.pollConnectNow(Net.java:672)
[2025-07-08T04:09:03.542+0000] {spark_submit.py:634} INFO - at java.base/sun.nio.ch.NioSocketImpl.timedFinishConnect(NioSocketImpl.java:547)
[2025-07-08T04:09:03.543+0000] {spark_submit.py:634} INFO - at java.base/sun.nio.ch.NioSocketImpl.connect(NioSocketImpl.java:602)
[2025-07-08T04:09:03.543+0000] {spark_submit.py:634} INFO - at java.base/java.net.SocksSocketImpl.connect(SocksSocketImpl.java:327)
[2025-07-08T04:09:03.543+0000] {spark_submit.py:634} INFO - at java.base/java.net.Socket.connect(Socket.java:633)
[2025-07-08T04:09:03.543+0000] {spark_submit.py:634} INFO - at org.apache.hc.client5.http.socket.PlainConnectionSocketFactory.lambda$connectSocket$0(PlainConnectionSocketFactory.java:91)
[2025-07-08T04:09:03.543+0000] {spark_submit.py:634} INFO - at java.base/java.security.AccessController.doPrivileged(AccessController.java:569)
[2025-07-08T04:09:03.543+0000] {spark_submit.py:634} INFO - at org.apache.hc.client5.http.socket.PlainConnectionSocketFactory.connectSocket(PlainConnectionSocketFactory.java:90)
[2025-07-08T04:09:03.543+0000] {spark_submit.py:634} INFO - at org.apache.hc.client5.http.socket.ConnectionSocketFactory.connectSocket(ConnectionSocketFactory.java:123)
[2025-07-08T04:09:03.543+0000] {spark_submit.py:634} INFO - at org.apache.hc.client5.http.impl.io.DefaultHttpClientConnectionOperator.connect(DefaultHttpClientConnectionOperator.java:189)
[2025-07-08T04:09:03.544+0000] {spark_submit.py:634} INFO - at org.apache.hc.client5.http.impl.io.PoolingHttpClientConnectionManager.connect(PoolingHttpClientConnectionManager.java:450)
[2025-07-08T04:09:03.544+0000] {spark_submit.py:634} INFO - at org.apache.hc.client5.http.impl.classic.InternalExecRuntime.connectEndpoint(InternalExecRuntime.java:162)
[2025-07-08T04:09:03.544+0000] {spark_submit.py:634} INFO - at org.apache.hc.client5.http.impl.classic.InternalExecRuntime.connectEndpoint(InternalExecRuntime.java:172)
[2025-07-08T04:09:03.544+0000] {spark_submit.py:634} INFO - at org.apache.hc.client5.http.impl.classic.ConnectExec.execute(ConnectExec.java:142)
[2025-07-08T04:09:03.544+0000] {spark_submit.py:634} INFO - at org.apache.hc.client5.http.impl.classic.ExecChainElement.execute(ExecChainElement.java:51)
[2025-07-08T04:09:03.544+0000] {spark_submit.py:634} INFO - at org.apache.hc.client5.http.impl.classic.ProtocolExec.execute(ProtocolExec.java:192)
[2025-07-08T04:09:03.544+0000] {spark_submit.py:634} INFO - at org.apache.hc.client5.http.impl.classic.ExecChainElement.execute(ExecChainElement.java:51)
[2025-07-08T04:09:03.544+0000] {spark_submit.py:634} INFO - at org.apache.hc.client5.http.impl.classic.HttpRequestRetryExec.execute(HttpRequestRetryExec.java:113)
[2025-07-08T04:09:03.544+0000] {spark_submit.py:634} INFO - at org.apache.hc.client5.http.impl.classic.ExecChainElement.execute(ExecChainElement.java:51)
[2025-07-08T04:09:03.545+0000] {spark_submit.py:634} INFO - at org.apache.hc.client5.http.impl.classic.RedirectExec.execute(RedirectExec.java:116)
[2025-07-08T04:09:03.545+0000] {spark_submit.py:634} INFO - at org.apache.hc.client5.http.impl.classic.ExecChainElement.execute(ExecChainElement.java:51)
[2025-07-08T04:09:03.545+0000] {spark_submit.py:634} INFO - at org.apache.hc.client5.http.impl.classic.InternalHttpClient.doExecute(InternalHttpClient.java:170)
[2025-07-08T04:09:03.545+0000] {spark_submit.py:634} INFO - at org.apache.hc.client5.http.impl.classic.CloseableHttpClient.execute(CloseableHttpClient.java:123)
[2025-07-08T04:09:03.545+0000] {spark_submit.py:634} INFO - at com.clickhouse.client.http.ApacheHttpConnectionImpl.post(ApacheHttpConnectionImpl.java:280)
[2025-07-08T04:09:03.545+0000] {spark_submit.py:634} INFO - at com.clickhouse.client.http.ClickHouseHttpClient.send(ClickHouseHttpClient.java:195)
[2025-07-08T04:09:03.545+0000] {spark_submit.py:634} INFO - at com.clickhouse.client.AbstractClient.execute(AbstractClient.java:280)
[2025-07-08T04:09:03.545+0000] {spark_submit.py:634} INFO - at com.clickhouse.client.ClickHouseClientBuilder$Agent.sendOnce(ClickHouseClientBuilder.java:282)
[2025-07-08T04:09:03.545+0000] {spark_submit.py:634} INFO - at com.clickhouse.client.ClickHouseClientBuilder$Agent.send(ClickHouseClientBuilder.java:294)
[2025-07-08T04:09:03.545+0000] {spark_submit.py:634} INFO - at com.clickhouse.client.ClickHouseClientBuilder$Agent.execute(ClickHouseClientBuilder.java:349)
[2025-07-08T04:09:03.545+0000] {spark_submit.py:634} INFO - at com.clickhouse.client.ClickHouseClient.executeAndWait(ClickHouseClient.java:878)
[2025-07-08T04:09:03.545+0000] {spark_submit.py:634} INFO - at com.clickhouse.client.ClickHouseRequest.executeAndWait(ClickHouseRequest.java:2154)
[2025-07-08T04:09:03.545+0000] {spark_submit.py:634} INFO - at com.clickhouse.jdbc.internal.ClickHouseConnectionImpl.getServerInfo(ClickHouseConnectionImpl.java:128)
[2025-07-08T04:09:03.545+0000] {spark_submit.py:634} INFO - at com.clickhouse.jdbc.internal.ClickHouseConnectionImpl.<init>(ClickHouseConnectionImpl.java:335)
[2025-07-08T04:09:03.545+0000] {spark_submit.py:634} INFO - at com.clickhouse.jdbc.internal.ClickHouseConnectionImpl.<init>(ClickHouseConnectionImpl.java:288)
[2025-07-08T04:09:03.545+0000] {spark_submit.py:634} INFO - at com.clickhouse.jdbc.ClickHouseDriver.connect(ClickHouseDriver.java:157)
[2025-07-08T04:09:03.545+0000] {spark_submit.py:634} INFO - at com.clickhouse.jdbc.ClickHouseDriver.connect(ClickHouseDriver.java:41)
[2025-07-08T04:09:03.546+0000] {spark_submit.py:634} INFO - at org.apache.spark.sql.execution.datasources.jdbc.connection.BasicConnectionProvider.getConnection(BasicConnectionProvider.scala:50)
[2025-07-08T04:09:03.546+0000] {spark_submit.py:634} INFO - at org.apache.spark.sql.execution.datasources.jdbc.connection.ConnectionProviderBase.create(ConnectionProvider.scala:102)
[2025-07-08T04:09:03.546+0000] {spark_submit.py:634} INFO - at org.apache.spark.sql.jdbc.JdbcDialect.$anonfun$createConnectionFactory$1(JdbcDialects.scala:235)
[2025-07-08T04:09:03.546+0000] {spark_submit.py:634} INFO - at org.apache.spark.sql.jdbc.JdbcDialect.$anonfun$createConnectionFactory$1$adapted(JdbcDialects.scala:231)
[2025-07-08T04:09:03.546+0000] {spark_submit.py:634} INFO - at org.apache.spark.sql.execution.datasources.jdbc.JdbcRelationProvider.createRelation(JdbcRelationProvider.scala:51)
[2025-07-08T04:09:03.546+0000] {spark_submit.py:634} INFO - at org.apache.spark.sql.execution.datasources.SaveIntoDataSourceCommand.run(SaveIntoDataSourceCommand.scala:55)
[2025-07-08T04:09:03.546+0000] {spark_submit.py:634} INFO - at org.apache.spark.sql.execution.command.ExecutedCommandExec.sideEffectResult$lzycompute(commands.scala:79)
[2025-07-08T04:09:03.546+0000] {spark_submit.py:634} INFO - at org.apache.spark.sql.execution.command.ExecutedCommandExec.sideEffectResult(commands.scala:77)
[2025-07-08T04:09:03.546+0000] {spark_submit.py:634} INFO - at org.apache.spark.sql.execution.command.ExecutedCommandExec.executeCollect(commands.scala:88)
[2025-07-08T04:09:03.546+0000] {spark_submit.py:634} INFO - at org.apache.spark.sql.execution.QueryExecution.$anonfun$eagerlyExecuteCommands$2(QueryExecution.scala:155)
[2025-07-08T04:09:03.546+0000] {spark_submit.py:634} INFO - at org.apache.spark.sql.execution.SQLExecution$.$anonfun$withNewExecutionId0$8(SQLExecution.scala:162)
[2025-07-08T04:09:03.546+0000] {spark_submit.py:634} INFO - at org.apache.spark.sql.execution.SQLExecution$.withSessionTagsApplied(SQLExecution.scala:268)
[2025-07-08T04:09:03.546+0000] {spark_submit.py:634} INFO - at org.apache.spark.sql.execution.SQLExecution$.$anonfun$withNewExecutionId0$7(SQLExecution.scala:124)
[2025-07-08T04:09:03.546+0000] {spark_submit.py:634} INFO - at org.apache.spark.JobArtifactSet$.withActiveJobArtifactState(JobArtifactSet.scala:94)
[2025-07-08T04:09:03.546+0000] {spark_submit.py:634} INFO - at org.apache.spark.sql.artifact.ArtifactManager.$anonfun$withResources$1(ArtifactManager.scala:112)
[2025-07-08T04:09:03.546+0000] {spark_submit.py:634} INFO - at org.apache.spark.sql.artifact.ArtifactManager.withClassLoaderIfNeeded(ArtifactManager.scala:106)
[2025-07-08T04:09:03.546+0000] {spark_submit.py:634} INFO - at org.apache.spark.sql.artifact.ArtifactManager.withResources(ArtifactManager.scala:111)
[2025-07-08T04:09:03.546+0000] {spark_submit.py:634} INFO - at org.apache.spark.sql.execution.SQLExecution$.$anonfun$withNewExecutionId0$6(SQLExecution.scala:124)
[2025-07-08T04:09:03.546+0000] {spark_submit.py:634} INFO - at org.apache.spark.sql.execution.SQLExecution$.withSQLConfPropagated(SQLExecution.scala:291)
[2025-07-08T04:09:03.547+0000] {spark_submit.py:634} INFO - at org.apache.spark.sql.execution.SQLExecution$.$anonfun$withNewExecutionId0$1(SQLExecution.scala:123)
[2025-07-08T04:09:03.547+0000] {spark_submit.py:634} INFO - at org.apache.spark.sql.SparkSession.withActive(SparkSession.scala:804)
[2025-07-08T04:09:03.547+0000] {spark_submit.py:634} INFO - at org.apache.spark.sql.execution.SQLExecution$.withNewExecutionId0(SQLExecution.scala:77)
[2025-07-08T04:09:03.547+0000] {spark_submit.py:634} INFO - at org.apache.spark.sql.execution.SQLExecution$.withNewExecutionId(SQLExecution.scala:233)
[2025-07-08T04:09:03.547+0000] {spark_submit.py:634} INFO - at org.apache.spark.sql.execution.QueryExecution.$anonfun$eagerlyExecuteCommands$1(QueryExecution.scala:155)
[2025-07-08T04:09:03.547+0000] {spark_submit.py:634} INFO - at org.apache.spark.sql.execution.QueryExecution$.withInternalError(QueryExecution.scala:654)
[2025-07-08T04:09:03.547+0000] {spark_submit.py:634} INFO - at org.apache.spark.sql.execution.QueryExecution.org$apache$spark$sql$execution$QueryExecution$$eagerlyExecute$1(QueryExecution.scala:154)
[2025-07-08T04:09:03.547+0000] {spark_submit.py:634} INFO - at org.apache.spark.sql.execution.QueryExecution$$anonfun$eagerlyExecuteCommands$3.applyOrElse(QueryExecution.scala:169)
[2025-07-08T04:09:03.547+0000] {spark_submit.py:634} INFO - at org.apache.spark.sql.execution.QueryExecution$$anonfun$eagerlyExecuteCommands$3.applyOrElse(QueryExecution.scala:164)
[2025-07-08T04:09:03.547+0000] {spark_submit.py:634} INFO - at org.apache.spark.sql.catalyst.trees.TreeNode.$anonfun$transformDownWithPruning$1(TreeNode.scala:470)
[2025-07-08T04:09:03.547+0000] {spark_submit.py:634} INFO - at org.apache.spark.sql.catalyst.trees.CurrentOrigin$.withOrigin(origin.scala:86)
[2025-07-08T04:09:03.547+0000] {spark_submit.py:634} INFO - at org.apache.spark.sql.catalyst.trees.TreeNode.transformDownWithPruning(TreeNode.scala:470)
[2025-07-08T04:09:03.547+0000] {spark_submit.py:634} INFO - at org.apache.spark.sql.catalyst.plans.logical.LogicalPlan.org$apache$spark$sql$catalyst$plans$logical$AnalysisHelper$$super$transformDownWithPruning(LogicalPlan.scala:37)
[2025-07-08T04:09:03.547+0000] {spark_submit.py:634} INFO - at org.apache.spark.sql.catalyst.plans.logical.AnalysisHelper.transformDownWithPruning(AnalysisHelper.scala:360)
[2025-07-08T04:09:03.547+0000] {spark_submit.py:634} INFO - at org.apache.spark.sql.catalyst.plans.logical.AnalysisHelper.transformDownWithPruning$(AnalysisHelper.scala:356)
[2025-07-08T04:09:03.547+0000] {spark_submit.py:634} INFO - at org.apache.spark.sql.catalyst.plans.logical.LogicalPlan.transformDownWithPruning(LogicalPlan.scala:37)
[2025-07-08T04:09:03.547+0000] {spark_submit.py:634} INFO - at org.apache.spark.sql.catalyst.plans.logical.LogicalPlan.transformDownWithPruning(LogicalPlan.scala:37)
[2025-07-08T04:09:03.547+0000] {spark_submit.py:634} INFO - at org.apache.spark.sql.catalyst.trees.TreeNode.transformDown(TreeNode.scala:446)
[2025-07-08T04:09:03.547+0000] {spark_submit.py:634} INFO - at org.apache.spark.sql.execution.QueryExecution.eagerlyExecuteCommands(QueryExecution.scala:164)
[2025-07-08T04:09:03.547+0000] {spark_submit.py:634} INFO - at org.apache.spark.sql.execution.QueryExecution.$anonfun$lazyCommandExecuted$1(QueryExecution.scala:126)
[2025-07-08T04:09:03.547+0000] {spark_submit.py:634} INFO - at scala.util.Try$.apply(Try.scala:217)
[2025-07-08T04:09:03.548+0000] {spark_submit.py:634} INFO - at org.apache.spark.util.Utils$.doTryWithCallerStacktrace(Utils.scala:1378)
[2025-07-08T04:09:03.548+0000] {spark_submit.py:634} INFO - at org.apache.spark.util.LazyTry.tryT$lzycompute(LazyTry.scala:46)
[2025-07-08T04:09:03.548+0000] {spark_submit.py:634} INFO - at org.apache.spark.util.LazyTry.tryT(LazyTry.scala:46)
[2025-07-08T04:09:03.548+0000] {spark_submit.py:634} INFO - at org.apache.spark.util.LazyTry.get(LazyTry.scala:58)
[2025-07-08T04:09:03.548+0000] {spark_submit.py:634} INFO - at org.apache.spark.sql.execution.QueryExecution.commandExecuted(QueryExecution.scala:131)
[2025-07-08T04:09:03.548+0000] {spark_submit.py:634} INFO - at org.apache.spark.sql.execution.QueryExecution.assertCommandExecuted(QueryExecution.scala:192)
[2025-07-08T04:09:03.548+0000] {spark_submit.py:634} INFO - at org.apache.spark.sql.classic.DataFrameWriter.runCommand(DataFrameWriter.scala:622)
[2025-07-08T04:09:03.548+0000] {spark_submit.py:634} INFO - at org.apache.spark.sql.classic.DataFrameWriter.saveToV1Source(DataFrameWriter.scala:273)
[2025-07-08T04:09:03.548+0000] {spark_submit.py:634} INFO - at org.apache.spark.sql.classic.DataFrameWriter.saveInternal(DataFrameWriter.scala:241)
[2025-07-08T04:09:03.548+0000] {spark_submit.py:634} INFO - at org.apache.spark.sql.classic.DataFrameWriter.save(DataFrameWriter.scala:126)
[2025-07-08T04:09:03.548+0000] {spark_submit.py:634} INFO - at java.base/jdk.internal.reflect.NativeMethodAccessorImpl.invoke0(Native Method)
[2025-07-08T04:09:03.548+0000] {spark_submit.py:634} INFO - at java.base/jdk.internal.reflect.NativeMethodAccessorImpl.invoke(NativeMethodAccessorImpl.java:77)
[2025-07-08T04:09:03.548+0000] {spark_submit.py:634} INFO - at java.base/jdk.internal.reflect.DelegatingMethodAccessorImpl.invoke(DelegatingMethodAccessorImpl.java:43)
[2025-07-08T04:09:03.548+0000] {spark_submit.py:634} INFO - at java.base/java.lang.reflect.Method.invoke(Method.java:569)
[2025-07-08T04:09:03.548+0000] {spark_submit.py:634} INFO - at py4j.reflection.MethodInvoker.invoke(MethodInvoker.java:244)
[2025-07-08T04:09:03.548+0000] {spark_submit.py:634} INFO - at py4j.reflection.ReflectionEngine.invoke(ReflectionEngine.java:374)
[2025-07-08T04:09:03.548+0000] {spark_submit.py:634} INFO - at py4j.Gateway.invoke(Gateway.java:282)
[2025-07-08T04:09:03.548+0000] {spark_submit.py:634} INFO - at py4j.commands.AbstractCommand.invokeMethod(AbstractCommand.java:132)
[2025-07-08T04:09:03.548+0000] {spark_submit.py:634} INFO - at py4j.commands.CallCommand.execute(CallCommand.java:79)
[2025-07-08T04:09:03.548+0000] {spark_submit.py:634} INFO - at py4j.ClientServerConnection.waitForCommands(ClientServerConnection.java:184)
[2025-07-08T04:09:03.548+0000] {spark_submit.py:634} INFO - at py4j.ClientServerConnection.run(ClientServerConnection.java:108)
[2025-07-08T04:09:03.548+0000] {spark_submit.py:634} INFO - at java.base/java.lang.Thread.run(Thread.java:840)
[2025-07-08T04:09:03.644+0000] {spark_submit.py:634} INFO - Lỗi khi ghi vào ClickHouse: An error occurred while calling o199.save.
[2025-07-08T04:09:03.645+0000] {spark_submit.py:634} INFO - : java.sql.SQLException: Connect to http://localhost:8123 [localhost/127.0.0.1, localhost/0:0:0:0:0:0:0:1] failed: Connection refused
[2025-07-08T04:09:03.645+0000] {spark_submit.py:634} INFO - at com.clickhouse.jdbc.SqlExceptionUtils.handle(SqlExceptionUtils.java:85)
[2025-07-08T04:09:03.645+0000] {spark_submit.py:634} INFO - at com.clickhouse.jdbc.SqlExceptionUtils.create(SqlExceptionUtils.java:31)
[2025-07-08T04:09:03.645+0000] {spark_submit.py:634} INFO - at com.clickhouse.jdbc.SqlExceptionUtils.handle(SqlExceptionUtils.java:90)
[2025-07-08T04:09:03.645+0000] {spark_submit.py:634} INFO - at com.clickhouse.jdbc.internal.ClickHouseConnectionImpl.getServerInfo(ClickHouseConnectionImpl.java:131)
[2025-07-08T04:09:03.645+0000] {spark_submit.py:634} INFO - at com.clickhouse.jdbc.internal.ClickHouseConnectionImpl.<init>(ClickHouseConnectionImpl.java:335)
[2025-07-08T04:09:03.645+0000] {spark_submit.py:634} INFO - at com.clickhouse.jdbc.internal.ClickHouseConnectionImpl.<init>(ClickHouseConnectionImpl.java:288)
[2025-07-08T04:09:03.646+0000] {spark_submit.py:634} INFO - at com.clickhouse.jdbc.ClickHouseDriver.connect(ClickHouseDriver.java:157)
[2025-07-08T04:09:03.646+0000] {spark_submit.py:634} INFO - at com.clickhouse.jdbc.ClickHouseDriver.connect(ClickHouseDriver.java:41)
[2025-07-08T04:09:03.646+0000] {spark_submit.py:634} INFO - at org.apache.spark.sql.execution.datasources.jdbc.connection.BasicConnectionProvider.getConnection(BasicConnectionProvider.scala:50)
[2025-07-08T04:09:03.646+0000] {spark_submit.py:634} INFO - at org.apache.spark.sql.execution.datasources.jdbc.connection.ConnectionProviderBase.create(ConnectionProvider.scala:102)
[2025-07-08T04:09:03.646+0000] {spark_submit.py:634} INFO - at org.apache.spark.sql.jdbc.JdbcDialect.$anonfun$createConnectionFactory$1(JdbcDialects.scala:235)
[2025-07-08T04:09:03.646+0000] {spark_submit.py:634} INFO - at org.apache.spark.sql.jdbc.JdbcDialect.$anonfun$createConnectionFactory$1$adapted(JdbcDialects.scala:231)
[2025-07-08T04:09:03.646+0000] {spark_submit.py:634} INFO - at org.apache.spark.sql.execution.datasources.jdbc.JdbcRelationProvider.createRelation(JdbcRelationProvider.scala:51)
[2025-07-08T04:09:03.646+0000] {spark_submit.py:634} INFO - at org.apache.spark.sql.execution.datasources.SaveIntoDataSourceCommand.run(SaveIntoDataSourceCommand.scala:55)
[2025-07-08T04:09:03.647+0000] {spark_submit.py:634} INFO - at org.apache.spark.sql.execution.command.ExecutedCommandExec.sideEffectResult$lzycompute(commands.scala:79)
[2025-07-08T04:09:03.647+0000] {spark_submit.py:634} INFO - at org.apache.spark.sql.execution.command.ExecutedCommandExec.sideEffectResult(commands.scala:77)
[2025-07-08T04:09:03.647+0000] {spark_submit.py:634} INFO - at org.apache.spark.sql.execution.command.ExecutedCommandExec.executeCollect(commands.scala:88)
[2025-07-08T04:09:03.647+0000] {spark_submit.py:634} INFO - at org.apache.spark.sql.execution.QueryExecution.$anonfun$eagerlyExecuteCommands$2(QueryExecution.scala:155)
[2025-07-08T04:09:03.647+0000] {spark_submit.py:634} INFO - at org.apache.spark.sql.execution.SQLExecution$.$anonfun$withNewExecutionId0$8(SQLExecution.scala:162)
[2025-07-08T04:09:03.647+0000] {spark_submit.py:634} INFO - at org.apache.spark.sql.execution.SQLExecution$.withSessionTagsApplied(SQLExecution.scala:268)
[2025-07-08T04:09:03.647+0000] {spark_submit.py:634} INFO - at org.apache.spark.sql.execution.SQLExecution$.$anonfun$withNewExecutionId0$7(SQLExecution.scala:124)
[2025-07-08T04:09:03.647+0000] {spark_submit.py:634} INFO - at org.apache.spark.JobArtifactSet$.withActiveJobArtifactState(JobArtifactSet.scala:94)
[2025-07-08T04:09:03.647+0000] {spark_submit.py:634} INFO - at org.apache.spark.sql.artifact.ArtifactManager.$anonfun$withResources$1(ArtifactManager.scala:112)
[2025-07-08T04:09:03.648+0000] {spark_submit.py:634} INFO - at org.apache.spark.sql.artifact.ArtifactManager.withClassLoaderIfNeeded(ArtifactManager.scala:106)
[2025-07-08T04:09:03.648+0000] {spark_submit.py:634} INFO - at org.apache.spark.sql.artifact.ArtifactManager.withResources(ArtifactManager.scala:111)
[2025-07-08T04:09:03.648+0000] {spark_submit.py:634} INFO - at org.apache.spark.sql.execution.SQLExecution$.$anonfun$withNewExecutionId0$6(SQLExecution.scala:124)
[2025-07-08T04:09:03.648+0000] {spark_submit.py:634} INFO - at org.apache.spark.sql.execution.SQLExecution$.withSQLConfPropagated(SQLExecution.scala:291)
[2025-07-08T04:09:03.648+0000] {spark_submit.py:634} INFO - at org.apache.spark.sql.execution.SQLExecution$.$anonfun$withNewExecutionId0$1(SQLExecution.scala:123)
[2025-07-08T04:09:03.648+0000] {spark_submit.py:634} INFO - at org.apache.spark.sql.SparkSession.withActive(SparkSession.scala:804)
[2025-07-08T04:09:03.648+0000] {spark_submit.py:634} INFO - at org.apache.spark.sql.execution.SQLExecution$.withNewExecutionId0(SQLExecution.scala:77)
[2025-07-08T04:09:03.648+0000] {spark_submit.py:634} INFO - at org.apache.spark.sql.execution.SQLExecution$.withNewExecutionId(SQLExecution.scala:233)
[2025-07-08T04:09:03.648+0000] {spark_submit.py:634} INFO - at org.apache.spark.sql.execution.QueryExecution.$anonfun$eagerlyExecuteCommands$1(QueryExecution.scala:155)
[2025-07-08T04:09:03.648+0000] {spark_submit.py:634} INFO - at org.apache.spark.sql.execution.QueryExecution$.withInternalError(QueryExecution.scala:654)
[2025-07-08T04:09:03.648+0000] {spark_submit.py:634} INFO - at org.apache.spark.sql.execution.QueryExecution.org$apache$spark$sql$execution$QueryExecution$$eagerlyExecute$1(QueryExecution.scala:154)
[2025-07-08T04:09:03.649+0000] {spark_submit.py:634} INFO - at org.apache.spark.sql.execution.QueryExecution$$anonfun$eagerlyExecuteCommands$3.applyOrElse(QueryExecution.scala:169)
[2025-07-08T04:09:03.649+0000] {spark_submit.py:634} INFO - at org.apache.spark.sql.execution.QueryExecution$$anonfun$eagerlyExecuteCommands$3.applyOrElse(QueryExecution.scala:164)
[2025-07-08T04:09:03.649+0000] {spark_submit.py:634} INFO - at org.apache.spark.sql.catalyst.trees.TreeNode.$anonfun$transformDownWithPruning$1(TreeNode.scala:470)
[2025-07-08T04:09:03.649+0000] {spark_submit.py:634} INFO - at org.apache.spark.sql.catalyst.trees.CurrentOrigin$.withOrigin(origin.scala:86)
[2025-07-08T04:09:03.649+0000] {spark_submit.py:634} INFO - at org.apache.spark.sql.catalyst.trees.TreeNode.transformDownWithPruning(TreeNode.scala:470)
[2025-07-08T04:09:03.649+0000] {spark_submit.py:634} INFO - at org.apache.spark.sql.catalyst.plans.logical.LogicalPlan.org$apache$spark$sql$catalyst$plans$logical$AnalysisHelper$$super$transformDownWithPruning(LogicalPlan.scala:37)
[2025-07-08T04:09:03.649+0000] {spark_submit.py:634} INFO - at org.apache.spark.sql.catalyst.plans.logical.AnalysisHelper.transformDownWithPruning(AnalysisHelper.scala:360)
[2025-07-08T04:09:03.649+0000] {spark_submit.py:634} INFO - at org.apache.spark.sql.catalyst.plans.logical.AnalysisHelper.transformDownWithPruning$(AnalysisHelper.scala:356)
[2025-07-08T04:09:03.649+0000] {spark_submit.py:634} INFO - at org.apache.spark.sql.catalyst.plans.logical.LogicalPlan.transformDownWithPruning(LogicalPlan.scala:37)
[2025-07-08T04:09:03.649+0000] {spark_submit.py:634} INFO - at org.apache.spark.sql.catalyst.plans.logical.LogicalPlan.transformDownWithPruning(LogicalPlan.scala:37)
[2025-07-08T04:09:03.649+0000] {spark_submit.py:634} INFO - at org.apache.spark.sql.catalyst.trees.TreeNode.transformDown(TreeNode.scala:446)
[2025-07-08T04:09:03.649+0000] {spark_submit.py:634} INFO - at org.apache.spark.sql.execution.QueryExecution.eagerlyExecuteCommands(QueryExecution.scala:164)
[2025-07-08T04:09:03.649+0000] {spark_submit.py:634} INFO - at org.apache.spark.sql.execution.QueryExecution.$anonfun$lazyCommandExecuted$1(QueryExecution.scala:126)
[2025-07-08T04:09:03.649+0000] {spark_submit.py:634} INFO - at scala.util.Try$.apply(Try.scala:217)
[2025-07-08T04:09:03.649+0000] {spark_submit.py:634} INFO - at org.apache.spark.util.Utils$.doTryWithCallerStacktrace(Utils.scala:1378)
[2025-07-08T04:09:03.649+0000] {spark_submit.py:634} INFO - at org.apache.spark.util.Utils$.getTryWithCallerStacktrace(Utils.scala:1439)
[2025-07-08T04:09:03.650+0000] {spark_submit.py:634} INFO - at org.apache.spark.util.LazyTry.get(LazyTry.scala:58)
[2025-07-08T04:09:03.650+0000] {spark_submit.py:634} INFO - at org.apache.spark.sql.execution.QueryExecution.commandExecuted(QueryExecution.scala:131)
[2025-07-08T04:09:03.650+0000] {spark_submit.py:634} INFO - at org.apache.spark.sql.execution.QueryExecution.assertCommandExecuted(QueryExecution.scala:192)
[2025-07-08T04:09:03.650+0000] {spark_submit.py:634} INFO - at org.apache.spark.sql.classic.DataFrameWriter.runCommand(DataFrameWriter.scala:622)
[2025-07-08T04:09:03.650+0000] {spark_submit.py:634} INFO - at org.apache.spark.sql.classic.DataFrameWriter.saveToV1Source(DataFrameWriter.scala:273)
[2025-07-08T04:09:03.650+0000] {spark_submit.py:634} INFO - at org.apache.spark.sql.classic.DataFrameWriter.saveInternal(DataFrameWriter.scala:241)
[2025-07-08T04:09:03.650+0000] {spark_submit.py:634} INFO - at org.apache.spark.sql.classic.DataFrameWriter.save(DataFrameWriter.scala:126)
[2025-07-08T04:09:03.650+0000] {spark_submit.py:634} INFO - at java.base/jdk.internal.reflect.NativeMethodAccessorImpl.invoke0(Native Method)
[2025-07-08T04:09:03.650+0000] {spark_submit.py:634} INFO - at java.base/jdk.internal.reflect.NativeMethodAccessorImpl.invoke(NativeMethodAccessorImpl.java:77)
[2025-07-08T04:09:03.650+0000] {spark_submit.py:634} INFO - at java.base/jdk.internal.reflect.DelegatingMethodAccessorImpl.invoke(DelegatingMethodAccessorImpl.java:43)
[2025-07-08T04:09:03.650+0000] {spark_submit.py:634} INFO - at java.base/java.lang.reflect.Method.invoke(Method.java:569)
[2025-07-08T04:09:03.650+0000] {spark_submit.py:634} INFO - at py4j.reflection.MethodInvoker.invoke(MethodInvoker.java:244)
[2025-07-08T04:09:03.650+0000] {spark_submit.py:634} INFO - at py4j.reflection.ReflectionEngine.invoke(ReflectionEngine.java:374)
[2025-07-08T04:09:03.650+0000] {spark_submit.py:634} INFO - at py4j.Gateway.invoke(Gateway.java:282)
[2025-07-08T04:09:03.650+0000] {spark_submit.py:634} INFO - at py4j.commands.AbstractCommand.invokeMethod(AbstractCommand.java:132)
[2025-07-08T04:09:03.650+0000] {spark_submit.py:634} INFO - at py4j.commands.CallCommand.execute(CallCommand.java:79)
[2025-07-08T04:09:03.650+0000] {spark_submit.py:634} INFO - at py4j.ClientServerConnection.waitForCommands(ClientServerConnection.java:184)
[2025-07-08T04:09:03.650+0000] {spark_submit.py:634} INFO - at py4j.ClientServerConnection.run(ClientServerConnection.java:108)
[2025-07-08T04:09:03.650+0000] {spark_submit.py:634} INFO - at java.base/java.lang.Thread.run(Thread.java:840)
[2025-07-08T04:09:03.650+0000] {spark_submit.py:634} INFO - Suppressed: org.apache.spark.util.Utils$OriginalTryStackTraceException: Full stacktrace of original doTryWithCallerStacktrace caller
[2025-07-08T04:09:03.650+0000] {spark_submit.py:634} INFO - at com.clickhouse.jdbc.SqlExceptionUtils.handle(SqlExceptionUtils.java:85)
[2025-07-08T04:09:03.650+0000] {spark_submit.py:634} INFO - at com.clickhouse.jdbc.SqlExceptionUtils.create(SqlExceptionUtils.java:31)
[2025-07-08T04:09:03.651+0000] {spark_submit.py:634} INFO - at com.clickhouse.jdbc.SqlExceptionUtils.handle(SqlExceptionUtils.java:90)
[2025-07-08T04:09:03.651+0000] {spark_submit.py:634} INFO - at com.clickhouse.jdbc.internal.ClickHouseConnectionImpl.getServerInfo(ClickHouseConnectionImpl.java:131)
[2025-07-08T04:09:03.651+0000] {spark_submit.py:634} INFO - at com.clickhouse.jdbc.internal.ClickHouseConnectionImpl.<init>(ClickHouseConnectionImpl.java:335)
[2025-07-08T04:09:03.651+0000] {spark_submit.py:634} INFO - at com.clickhouse.jdbc.internal.ClickHouseConnectionImpl.<init>(ClickHouseConnectionImpl.java:288)
[2025-07-08T04:09:03.651+0000] {spark_submit.py:634} INFO - at com.clickhouse.jdbc.ClickHouseDriver.connect(ClickHouseDriver.java:157)
[2025-07-08T04:09:03.651+0000] {spark_submit.py:634} INFO - at com.clickhouse.jdbc.ClickHouseDriver.connect(ClickHouseDriver.java:41)
[2025-07-08T04:09:03.651+0000] {spark_submit.py:634} INFO - at org.apache.spark.sql.execution.datasources.jdbc.connection.BasicConnectionProvider.getConnection(BasicConnectionProvider.scala:50)
[2025-07-08T04:09:03.651+0000] {spark_submit.py:634} INFO - at org.apache.spark.sql.execution.datasources.jdbc.connection.ConnectionProviderBase.create(ConnectionProvider.scala:102)
[2025-07-08T04:09:03.651+0000] {spark_submit.py:634} INFO - at org.apache.spark.sql.jdbc.JdbcDialect.$anonfun$createConnectionFactory$1(JdbcDialects.scala:235)
[2025-07-08T04:09:03.651+0000] {spark_submit.py:634} INFO - at org.apache.spark.sql.jdbc.JdbcDialect.$anonfun$createConnectionFactory$1$adapted(JdbcDialects.scala:231)
[2025-07-08T04:09:03.651+0000] {spark_submit.py:634} INFO - at org.apache.spark.sql.execution.datasources.jdbc.JdbcRelationProvider.createRelation(JdbcRelationProvider.scala:51)
[2025-07-08T04:09:03.651+0000] {spark_submit.py:634} INFO - at org.apache.spark.sql.execution.datasources.SaveIntoDataSourceCommand.run(SaveIntoDataSourceCommand.scala:55)
[2025-07-08T04:09:03.651+0000] {spark_submit.py:634} INFO - at org.apache.spark.sql.execution.command.ExecutedCommandExec.sideEffectResult$lzycompute(commands.scala:79)
[2025-07-08T04:09:03.651+0000] {spark_submit.py:634} INFO - at org.apache.spark.sql.execution.command.ExecutedCommandExec.sideEffectResult(commands.scala:77)
[2025-07-08T04:09:03.651+0000] {spark_submit.py:634} INFO - at org.apache.spark.sql.execution.command.ExecutedCommandExec.executeCollect(commands.scala:88)
[2025-07-08T04:09:03.651+0000] {spark_submit.py:634} INFO - at org.apache.spark.sql.execution.QueryExecution.$anonfun$eagerlyExecuteCommands$2(QueryExecution.scala:155)
[2025-07-08T04:09:03.651+0000] {spark_submit.py:634} INFO - at org.apache.spark.sql.execution.SQLExecution$.$anonfun$withNewExecutionId0$8(SQLExecution.scala:162)
[2025-07-08T04:09:03.651+0000] {spark_submit.py:634} INFO - at org.apache.spark.sql.execution.SQLExecution$.withSessionTagsApplied(SQLExecution.scala:268)
[2025-07-08T04:09:03.651+0000] {spark_submit.py:634} INFO - at org.apache.spark.sql.execution.SQLExecution$.$anonfun$withNewExecutionId0$7(SQLExecution.scala:124)
[2025-07-08T04:09:03.651+0000] {spark_submit.py:634} INFO - at org.apache.spark.JobArtifactSet$.withActiveJobArtifactState(JobArtifactSet.scala:94)
[2025-07-08T04:09:03.652+0000] {spark_submit.py:634} INFO - at org.apache.spark.sql.artifact.ArtifactManager.$anonfun$withResources$1(ArtifactManager.scala:112)
[2025-07-08T04:09:03.652+0000] {spark_submit.py:634} INFO - at org.apache.spark.sql.artifact.ArtifactManager.withClassLoaderIfNeeded(ArtifactManager.scala:106)
[2025-07-08T04:09:03.652+0000] {spark_submit.py:634} INFO - at org.apache.spark.sql.artifact.ArtifactManager.withResources(ArtifactManager.scala:111)
[2025-07-08T04:09:03.652+0000] {spark_submit.py:634} INFO - at org.apache.spark.sql.execution.SQLExecution$.$anonfun$withNewExecutionId0$6(SQLExecution.scala:124)
[2025-07-08T04:09:03.652+0000] {spark_submit.py:634} INFO - at org.apache.spark.sql.execution.SQLExecution$.withSQLConfPropagated(SQLExecution.scala:291)
[2025-07-08T04:09:03.652+0000] {spark_submit.py:634} INFO - at org.apache.spark.sql.execution.SQLExecution$.$anonfun$withNewExecutionId0$1(SQLExecution.scala:123)
[2025-07-08T04:09:03.652+0000] {spark_submit.py:634} INFO - at org.apache.spark.sql.SparkSession.withActive(SparkSession.scala:804)
[2025-07-08T04:09:03.652+0000] {spark_submit.py:634} INFO - at org.apache.spark.sql.execution.SQLExecution$.withNewExecutionId0(SQLExecution.scala:77)
[2025-07-08T04:09:03.652+0000] {spark_submit.py:634} INFO - at org.apache.spark.sql.execution.SQLExecution$.withNewExecutionId(SQLExecution.scala:233)
[2025-07-08T04:09:03.652+0000] {spark_submit.py:634} INFO - at org.apache.spark.sql.execution.QueryExecution.$anonfun$eagerlyExecuteCommands$1(QueryExecution.scala:155)
[2025-07-08T04:09:03.652+0000] {spark_submit.py:634} INFO - at org.apache.spark.sql.execution.QueryExecution$.withInternalError(QueryExecution.scala:654)
[2025-07-08T04:09:03.652+0000] {spark_submit.py:634} INFO - at org.apache.spark.sql.execution.QueryExecution.org$apache$spark$sql$execution$QueryExecution$$eagerlyExecute$1(QueryExecution.scala:154)
[2025-07-08T04:09:03.652+0000] {spark_submit.py:634} INFO - at org.apache.spark.sql.execution.QueryExecution$$anonfun$eagerlyExecuteCommands$3.applyOrElse(QueryExecution.scala:169)
[2025-07-08T04:09:03.652+0000] {spark_submit.py:634} INFO - at org.apache.spark.sql.execution.QueryExecution$$anonfun$eagerlyExecuteCommands$3.applyOrElse(QueryExecution.scala:164)
[2025-07-08T04:09:03.652+0000] {spark_submit.py:634} INFO - at org.apache.spark.sql.catalyst.trees.TreeNode.$anonfun$transformDownWithPruning$1(TreeNode.scala:470)
[2025-07-08T04:09:03.652+0000] {spark_submit.py:634} INFO - at org.apache.spark.sql.catalyst.trees.CurrentOrigin$.withOrigin(origin.scala:86)
[2025-07-08T04:09:03.652+0000] {spark_submit.py:634} INFO - at org.apache.spark.sql.catalyst.trees.TreeNode.transformDownWithPruning(TreeNode.scala:470)
[2025-07-08T04:09:03.652+0000] {spark_submit.py:634} INFO - at org.apache.spark.sql.catalyst.plans.logical.LogicalPlan.org$apache$spark$sql$catalyst$plans$logical$AnalysisHelper$$super$transformDownWithPruning(LogicalPlan.scala:37)
[2025-07-08T04:09:03.652+0000] {spark_submit.py:634} INFO - at org.apache.spark.sql.catalyst.plans.logical.AnalysisHelper.transformDownWithPruning(AnalysisHelper.scala:360)
[2025-07-08T04:09:03.653+0000] {spark_submit.py:634} INFO - at org.apache.spark.sql.catalyst.plans.logical.AnalysisHelper.transformDownWithPruning$(AnalysisHelper.scala:356)
[2025-07-08T04:09:03.653+0000] {spark_submit.py:634} INFO - at org.apache.spark.sql.catalyst.plans.logical.LogicalPlan.transformDownWithPruning(LogicalPlan.scala:37)
[2025-07-08T04:09:03.653+0000] {spark_submit.py:634} INFO - at org.apache.spark.sql.catalyst.plans.logical.LogicalPlan.transformDownWithPruning(LogicalPlan.scala:37)
[2025-07-08T04:09:03.653+0000] {spark_submit.py:634} INFO - at org.apache.spark.sql.catalyst.trees.TreeNode.transformDown(TreeNode.scala:446)
[2025-07-08T04:09:03.653+0000] {spark_submit.py:634} INFO - at org.apache.spark.sql.execution.QueryExecution.eagerlyExecuteCommands(QueryExecution.scala:164)
[2025-07-08T04:09:03.653+0000] {spark_submit.py:634} INFO - at org.apache.spark.sql.execution.QueryExecution.$anonfun$lazyCommandExecuted$1(QueryExecution.scala:126)
[2025-07-08T04:09:03.653+0000] {spark_submit.py:634} INFO - at scala.util.Try$.apply(Try.scala:217)
[2025-07-08T04:09:03.653+0000] {spark_submit.py:634} INFO - at org.apache.spark.util.Utils$.doTryWithCallerStacktrace(Utils.scala:1378)
[2025-07-08T04:09:03.653+0000] {spark_submit.py:634} INFO - at org.apache.spark.util.LazyTry.tryT$lzycompute(LazyTry.scala:46)
[2025-07-08T04:09:03.653+0000] {spark_submit.py:634} INFO - at org.apache.spark.util.LazyTry.tryT(LazyTry.scala:46)
[2025-07-08T04:09:03.653+0000] {spark_submit.py:634} INFO - ... 19 more
[2025-07-08T04:09:03.653+0000] {spark_submit.py:634} INFO - Caused by: java.net.ConnectException: Connect to http://localhost:8123 [localhost/127.0.0.1, localhost/0:0:0:0:0:0:0:1] failed: Connection refused
[2025-07-08T04:09:03.653+0000] {spark_submit.py:634} INFO - at com.clickhouse.client.http.ApacheHttpConnectionImpl.post(ApacheHttpConnectionImpl.java:296)
[2025-07-08T04:09:03.653+0000] {spark_submit.py:634} INFO - at com.clickhouse.client.http.ClickHouseHttpClient.send(ClickHouseHttpClient.java:195)
[2025-07-08T04:09:03.653+0000] {spark_submit.py:634} INFO - at com.clickhouse.client.AbstractClient.execute(AbstractClient.java:280)
[2025-07-08T04:09:03.653+0000] {spark_submit.py:634} INFO - at com.clickhouse.client.ClickHouseClientBuilder$Agent.sendOnce(ClickHouseClientBuilder.java:282)
[2025-07-08T04:09:03.653+0000] {spark_submit.py:634} INFO - at com.clickhouse.client.ClickHouseClientBuilder$Agent.send(ClickHouseClientBuilder.java:294)
[2025-07-08T04:09:03.653+0000] {spark_submit.py:634} INFO - at com.clickhouse.client.ClickHouseClientBuilder$Agent.execute(ClickHouseClientBuilder.java:349)
[2025-07-08T04:09:03.653+0000] {spark_submit.py:634} INFO - at com.clickhouse.client.ClickHouseClient.executeAndWait(ClickHouseClient.java:878)
[2025-07-08T04:09:03.653+0000] {spark_submit.py:634} INFO - at com.clickhouse.client.ClickHouseRequest.executeAndWait(ClickHouseRequest.java:2154)
[2025-07-08T04:09:03.653+0000] {spark_submit.py:634} INFO - at com.clickhouse.jdbc.internal.ClickHouseConnectionImpl.getServerInfo(ClickHouseConnectionImpl.java:128)
[2025-07-08T04:09:03.653+0000] {spark_submit.py:634} INFO - at com.clickhouse.jdbc.internal.ClickHouseConnectionImpl.<init>(ClickHouseConnectionImpl.java:335)
[2025-07-08T04:09:03.654+0000] {spark_submit.py:634} INFO - at com.clickhouse.jdbc.internal.ClickHouseConnectionImpl.<init>(ClickHouseConnectionImpl.java:288)
[2025-07-08T04:09:03.654+0000] {spark_submit.py:634} INFO - at com.clickhouse.jdbc.ClickHouseDriver.connect(ClickHouseDriver.java:157)
[2025-07-08T04:09:03.654+0000] {spark_submit.py:634} INFO - at com.clickhouse.jdbc.ClickHouseDriver.connect(ClickHouseDriver.java:41)
[2025-07-08T04:09:03.654+0000] {spark_submit.py:634} INFO - at org.apache.spark.sql.execution.datasources.jdbc.connection.BasicConnectionProvider.getConnection(BasicConnectionProvider.scala:50)
[2025-07-08T04:09:03.654+0000] {spark_submit.py:634} INFO - at org.apache.spark.sql.execution.datasources.jdbc.connection.ConnectionProviderBase.create(ConnectionProvider.scala:102)
[2025-07-08T04:09:03.654+0000] {spark_submit.py:634} INFO - at org.apache.spark.sql.jdbc.JdbcDialect.$anonfun$createConnectionFactory$1(JdbcDialects.scala:235)
[2025-07-08T04:09:03.654+0000] {spark_submit.py:634} INFO - at org.apache.spark.sql.jdbc.JdbcDialect.$anonfun$createConnectionFactory$1$adapted(JdbcDialects.scala:231)
[2025-07-08T04:09:03.654+0000] {spark_submit.py:634} INFO - at org.apache.spark.sql.execution.datasources.jdbc.JdbcRelationProvider.createRelation(JdbcRelationProvider.scala:51)
[2025-07-08T04:09:03.654+0000] {spark_submit.py:634} INFO - at org.apache.spark.sql.execution.datasources.SaveIntoDataSourceCommand.run(SaveIntoDataSourceCommand.scala:55)
[2025-07-08T04:09:03.654+0000] {spark_submit.py:634} INFO - at org.apache.spark.sql.execution.command.ExecutedCommandExec.sideEffectResult$lzycompute(commands.scala:79)
[2025-07-08T04:09:03.654+0000] {spark_submit.py:634} INFO - at org.apache.spark.sql.execution.command.ExecutedCommandExec.sideEffectResult(commands.scala:77)
[2025-07-08T04:09:03.654+0000] {spark_submit.py:634} INFO - at org.apache.spark.sql.execution.command.ExecutedCommandExec.executeCollect(commands.scala:88)
[2025-07-08T04:09:03.654+0000] {spark_submit.py:634} INFO - at org.apache.spark.sql.execution.QueryExecution.$anonfun$eagerlyExecuteCommands$2(QueryExecution.scala:155)
[2025-07-08T04:09:03.654+0000] {spark_submit.py:634} INFO - at org.apache.spark.sql.execution.SQLExecution$.$anonfun$withNewExecutionId0$8(SQLExecution.scala:162)
[2025-07-08T04:09:03.654+0000] {spark_submit.py:634} INFO - at org.apache.spark.sql.execution.SQLExecution$.withSessionTagsApplied(SQLExecution.scala:268)
[2025-07-08T04:09:03.654+0000] {spark_submit.py:634} INFO - at org.apache.spark.sql.execution.SQLExecution$.$anonfun$withNewExecutionId0$7(SQLExecution.scala:124)
[2025-07-08T04:09:03.654+0000] {spark_submit.py:634} INFO - at org.apache.spark.JobArtifactSet$.withActiveJobArtifactState(JobArtifactSet.scala:94)
[2025-07-08T04:09:03.654+0000] {spark_submit.py:634} INFO - at org.apache.spark.sql.artifact.ArtifactManager.$anonfun$withResources$1(ArtifactManager.scala:112)
[2025-07-08T04:09:03.654+0000] {spark_submit.py:634} INFO - at org.apache.spark.sql.artifact.ArtifactManager.withClassLoaderIfNeeded(ArtifactManager.scala:106)
[2025-07-08T04:09:03.654+0000] {spark_submit.py:634} INFO - at org.apache.spark.sql.artifact.ArtifactManager.withResources(ArtifactManager.scala:111)
[2025-07-08T04:09:03.654+0000] {spark_submit.py:634} INFO - at org.apache.spark.sql.execution.SQLExecution$.$anonfun$withNewExecutionId0$6(SQLExecution.scala:124)
[2025-07-08T04:09:03.654+0000] {spark_submit.py:634} INFO - at org.apache.spark.sql.execution.SQLExecution$.withSQLConfPropagated(SQLExecution.scala:291)
[2025-07-08T04:09:03.655+0000] {spark_submit.py:634} INFO - at org.apache.spark.sql.execution.SQLExecution$.$anonfun$withNewExecutionId0$1(SQLExecution.scala:123)
[2025-07-08T04:09:03.655+0000] {spark_submit.py:634} INFO - at org.apache.spark.sql.SparkSession.withActive(SparkSession.scala:804)
[2025-07-08T04:09:03.655+0000] {spark_submit.py:634} INFO - at org.apache.spark.sql.execution.SQLExecution$.withNewExecutionId0(SQLExecution.scala:77)
[2025-07-08T04:09:03.655+0000] {spark_submit.py:634} INFO - at org.apache.spark.sql.execution.SQLExecution$.withNewExecutionId(SQLExecution.scala:233)
[2025-07-08T04:09:03.655+0000] {spark_submit.py:634} INFO - at org.apache.spark.sql.execution.QueryExecution.$anonfun$eagerlyExecuteCommands$1(QueryExecution.scala:155)
[2025-07-08T04:09:03.655+0000] {spark_submit.py:634} INFO - at org.apache.spark.sql.execution.QueryExecution$.withInternalError(QueryExecution.scala:654)
[2025-07-08T04:09:03.655+0000] {spark_submit.py:634} INFO - at org.apache.spark.sql.execution.QueryExecution.org$apache$spark$sql$execution$QueryExecution$$eagerlyExecute$1(QueryExecution.scala:154)
[2025-07-08T04:09:03.655+0000] {spark_submit.py:634} INFO - at org.apache.spark.sql.execution.QueryExecution$$anonfun$eagerlyExecuteCommands$3.applyOrElse(QueryExecution.scala:169)
[2025-07-08T04:09:03.655+0000] {spark_submit.py:634} INFO - at org.apache.spark.sql.execution.QueryExecution$$anonfun$eagerlyExecuteCommands$3.applyOrElse(QueryExecution.scala:164)
[2025-07-08T04:09:03.655+0000] {spark_submit.py:634} INFO - at org.apache.spark.sql.catalyst.trees.TreeNode.$anonfun$transformDownWithPruning$1(TreeNode.scala:470)
[2025-07-08T04:09:03.655+0000] {spark_submit.py:634} INFO - at org.apache.spark.sql.catalyst.trees.CurrentOrigin$.withOrigin(origin.scala:86)
[2025-07-08T04:09:03.655+0000] {spark_submit.py:634} INFO - at org.apache.spark.sql.catalyst.trees.TreeNode.transformDownWithPruning(TreeNode.scala:470)
[2025-07-08T04:09:03.655+0000] {spark_submit.py:634} INFO - at org.apache.spark.sql.catalyst.plans.logical.LogicalPlan.org$apache$spark$sql$catalyst$plans$logical$AnalysisHelper$$super$transformDownWithPruning(LogicalPlan.scala:37)
[2025-07-08T04:09:03.655+0000] {spark_submit.py:634} INFO - at org.apache.spark.sql.catalyst.plans.logical.AnalysisHelper.transformDownWithPruning(AnalysisHelper.scala:360)
[2025-07-08T04:09:03.655+0000] {spark_submit.py:634} INFO - at org.apache.spark.sql.catalyst.plans.logical.AnalysisHelper.transformDownWithPruning$(AnalysisHelper.scala:356)
[2025-07-08T04:09:03.655+0000] {spark_submit.py:634} INFO - at org.apache.spark.sql.catalyst.plans.logical.LogicalPlan.transformDownWithPruning(LogicalPlan.scala:37)
[2025-07-08T04:09:03.655+0000] {spark_submit.py:634} INFO - at org.apache.spark.sql.catalyst.plans.logical.LogicalPlan.transformDownWithPruning(LogicalPlan.scala:37)
[2025-07-08T04:09:03.655+0000] {spark_submit.py:634} INFO - at org.apache.spark.sql.catalyst.trees.TreeNode.transformDown(TreeNode.scala:446)
[2025-07-08T04:09:03.655+0000] {spark_submit.py:634} INFO - at org.apache.spark.sql.execution.QueryExecution.eagerlyExecuteCommands(QueryExecution.scala:164)
[2025-07-08T04:09:03.655+0000] {spark_submit.py:634} INFO - at org.apache.spark.sql.execution.QueryExecution.$anonfun$lazyCommandExecuted$1(QueryExecution.scala:126)
[2025-07-08T04:09:03.655+0000] {spark_submit.py:634} INFO - at scala.util.Try$.apply(Try.scala:217)
[2025-07-08T04:09:03.655+0000] {spark_submit.py:634} INFO - at org.apache.spark.util.Utils$.doTryWithCallerStacktrace(Utils.scala:1378)
[2025-07-08T04:09:03.656+0000] {spark_submit.py:634} INFO - at org.apache.spark.util.LazyTry.tryT$lzycompute(LazyTry.scala:46)
[2025-07-08T04:09:03.656+0000] {spark_submit.py:634} INFO - at org.apache.spark.util.LazyTry.tryT(LazyTry.scala:46)
[2025-07-08T04:09:03.656+0000] {spark_submit.py:634} INFO - ... 19 more
[2025-07-08T04:09:03.656+0000] {spark_submit.py:634} INFO - 
[2025-07-08T04:09:03.960+0000] {spark_submit.py:634} INFO - -------------Stop SparkSession-------------
[2025-07-08T04:09:04.086+0000] {taskinstance.py:441} INFO - ::group::Post task execution logs
[2025-07-08T04:09:04.092+0000] {taskinstance.py:1205} INFO - Marking task as SUCCESS. dag_id=minio_ga4_new_file_detector, task_id=spark_write_data, execution_date=20250707T000000, start_date=20250708T040600, end_date=20250708T040904
[2025-07-08T04:09:04.119+0000] {local_task_job_runner.py:240} INFO - Task exited with return code 0
[2025-07-08T04:09:04.135+0000] {taskinstance.py:3482} INFO - 1 downstream tasks scheduled from follow-on schedule check
[2025-07-08T04:09:04.136+0000] {local_task_job_runner.py:222} INFO - ::endgroup::
