[2025-07-07T03:47:11.872+0000] {local_task_job_runner.py:120} INFO - ::group::Pre task execution logs
[2025-07-07T03:47:11.981+0000] {taskinstance.py:2073} INFO - Dependencies all met for dep_context=non-requeueable deps ti=<TaskInstance: my_spark_inline.spark_write_data manual__2025-07-07T02:06:22.209511+00:00 [queued]>
[2025-07-07T03:47:11.985+0000] {taskinstance.py:2073} INFO - Dependencies all met for dep_context=requeueable deps ti=<TaskInstance: my_spark_inline.spark_write_data manual__2025-07-07T02:06:22.209511+00:00 [queued]>
[2025-07-07T03:47:11.986+0000] {taskinstance.py:2303} INFO - Starting attempt 23 of 23
[2025-07-07T03:47:12.000+0000] {taskinstance.py:2327} INFO - Executing <Task(SparkSubmitOperator): spark_write_data> on 2025-07-07 02:06:22.209511+00:00
[2025-07-07T03:47:12.004+0000] {standard_task_runner.py:63} INFO - Started process 9261 to run task
[2025-07-07T03:47:12.007+0000] {standard_task_runner.py:90} INFO - Running: ['***', 'tasks', 'run', 'my_spark_inline', 'spark_write_data', 'manual__2025-07-07T02:06:22.209511+00:00', '--job-id', '118', '--raw', '--subdir', 'DAGS_FOLDER/test_spark.py', '--cfg-path', '/tmp/tmprr0dconr']
[2025-07-07T03:47:12.008+0000] {standard_task_runner.py:91} INFO - Job 118: Subtask spark_write_data
[2025-07-07T03:47:12.024+0000] {logging_mixin.py:188} WARNING - /home/***/.local/lib/python3.11/site-packages/***/settings.py:195 DeprecationWarning: The sql_alchemy_conn option in [core] has been moved to the sql_alchemy_conn option in [database] - the old setting has been used, but please update your config.
[2025-07-07T03:47:12.046+0000] {task_command.py:426} INFO - Running <TaskInstance: my_spark_inline.spark_write_data manual__2025-07-07T02:06:22.209511+00:00 [running]> on host 40aa9e29f527
[2025-07-07T03:47:12.093+0000] {taskinstance.py:2644} INFO - Exporting env vars: AIRFLOW_CTX_DAG_OWNER='***' AIRFLOW_CTX_DAG_ID='my_spark_inline' AIRFLOW_CTX_TASK_ID='spark_write_data' AIRFLOW_CTX_EXECUTION_DATE='2025-07-07T02:06:22.209511+00:00' AIRFLOW_CTX_TRY_NUMBER='23' AIRFLOW_CTX_DAG_RUN_ID='manual__2025-07-07T02:06:22.209511+00:00'
[2025-07-07T03:47:12.094+0000] {taskinstance.py:430} INFO - ::endgroup::
[2025-07-07T03:47:12.107+0000] {base.py:84} INFO - Using connection ID 'spark-master' for task execution.
[2025-07-07T03:47:12.108+0000] {spark_submit.py:473} INFO - Spark-Submit cmd: spark-submit --master spark-master:7077 --packages com.clickhouse:clickhouse-jdbc:0.6.4,org.apache.httpcomponents.client5:httpclient5:5.3.1,org.apache.hadoop:hadoop-aws:3.3.5,com.amazonaws:aws-java-sdk-bundle:1.11.1026 --name arrow-spark --deploy-mode client /opt/***/spark_project/src/spark/spark_main_minio.py
[2025-07-07T03:47:12.339+0000] {spark_submit.py:634} INFO - WARNING: Using incubator modules: jdk.incubator.vector
[2025-07-07T03:47:14.299+0000] {spark_submit.py:634} INFO - :: loading settings :: url = jar:file:/home/***/.local/lib/python3.11/site-packages/pyspark/jars/ivy-2.5.3.jar!/org/apache/ivy/core/settings/ivysettings.xml
[2025-07-07T03:47:14.393+0000] {spark_submit.py:634} INFO - Ivy Default Cache set to: /home/***/.ivy2.5.2/cache
[2025-07-07T03:47:14.393+0000] {spark_submit.py:634} INFO - The jars for the packages stored in: /home/***/.ivy2.5.2/jars
[2025-07-07T03:47:14.395+0000] {spark_submit.py:634} INFO - com.clickhouse#clickhouse-jdbc added as a dependency
[2025-07-07T03:47:14.395+0000] {spark_submit.py:634} INFO - org.apache.httpcomponents.client5#httpclient5 added as a dependency
[2025-07-07T03:47:14.395+0000] {spark_submit.py:634} INFO - org.apache.hadoop#hadoop-aws added as a dependency
[2025-07-07T03:47:14.395+0000] {spark_submit.py:634} INFO - com.amazonaws#aws-java-sdk-bundle added as a dependency
[2025-07-07T03:47:14.395+0000] {spark_submit.py:634} INFO - :: resolving dependencies :: org.apache.spark#spark-submit-parent-319a7c19-ccc5-41b4-8e5f-acff42d56263;1.0
[2025-07-07T03:47:14.396+0000] {spark_submit.py:634} INFO - confs: [default]
[2025-07-07T03:47:14.599+0000] {spark_submit.py:634} INFO - found com.clickhouse#clickhouse-jdbc;0.6.4 in central
[2025-07-07T03:47:14.688+0000] {spark_submit.py:634} INFO - found org.apache.httpcomponents.client5#httpclient5;5.3.1 in central
[2025-07-07T03:47:14.704+0000] {spark_submit.py:634} INFO - found org.apache.httpcomponents.core5#httpcore5;5.2.4 in central
[2025-07-07T03:47:14.794+0000] {spark_submit.py:634} INFO - found org.apache.httpcomponents.core5#httpcore5-h2;5.2.4 in central
[2025-07-07T03:47:14.888+0000] {spark_submit.py:634} INFO - found org.slf4j#slf4j-api;1.7.36 in central
[2025-07-07T03:47:14.993+0000] {spark_submit.py:634} INFO - found org.apache.hadoop#hadoop-aws;3.3.5 in central
[2025-07-07T03:47:15.003+0000] {spark_submit.py:634} INFO - found com.amazonaws#aws-java-sdk-bundle;1.12.316 in central
[2025-07-07T03:47:15.088+0000] {spark_submit.py:634} INFO - found org.wildfly.openssl#wildfly-openssl;1.1.3.Final in central
[2025-07-07T03:47:15.181+0000] {spark_submit.py:634} INFO - :: resolution report :: resolve 699ms :: artifacts dl 86ms
[2025-07-07T03:47:15.181+0000] {spark_submit.py:634} INFO - :: modules in use:
[2025-07-07T03:47:15.182+0000] {spark_submit.py:634} INFO - com.amazonaws#aws-java-sdk-bundle;1.12.316 from central in [default]
[2025-07-07T03:47:15.182+0000] {spark_submit.py:634} INFO - com.clickhouse#clickhouse-jdbc;0.6.4 from central in [default]
[2025-07-07T03:47:15.182+0000] {spark_submit.py:634} INFO - org.apache.hadoop#hadoop-aws;3.3.5 from central in [default]
[2025-07-07T03:47:15.182+0000] {spark_submit.py:634} INFO - org.apache.httpcomponents.client5#httpclient5;5.3.1 from central in [default]
[2025-07-07T03:47:15.182+0000] {spark_submit.py:634} INFO - org.apache.httpcomponents.core5#httpcore5;5.2.4 from central in [default]
[2025-07-07T03:47:15.183+0000] {spark_submit.py:634} INFO - org.apache.httpcomponents.core5#httpcore5-h2;5.2.4 from central in [default]
[2025-07-07T03:47:15.183+0000] {spark_submit.py:634} INFO - org.slf4j#slf4j-api;1.7.36 from central in [default]
[2025-07-07T03:47:15.183+0000] {spark_submit.py:634} INFO - org.wildfly.openssl#wildfly-openssl;1.1.3.Final from central in [default]
[2025-07-07T03:47:15.183+0000] {spark_submit.py:634} INFO - :: evicted modules:
[2025-07-07T03:47:15.183+0000] {spark_submit.py:634} INFO - com.amazonaws#aws-java-sdk-bundle;1.11.1026 by [com.amazonaws#aws-java-sdk-bundle;1.12.316] in [default]
[2025-07-07T03:47:15.184+0000] {spark_submit.py:634} INFO - ---------------------------------------------------------------------
[2025-07-07T03:47:15.184+0000] {spark_submit.py:634} INFO - |                  |            modules            ||   artifacts   |
[2025-07-07T03:47:15.184+0000] {spark_submit.py:634} INFO - |       conf       | number| search|dwnlded|evicted|| number|dwnlded|
[2025-07-07T03:47:15.184+0000] {spark_submit.py:634} INFO - ---------------------------------------------------------------------
[2025-07-07T03:47:15.184+0000] {spark_submit.py:634} INFO - |      default     |   9   |   0   |   0   |   1   ||   8   |   0   |
[2025-07-07T03:47:15.185+0000] {spark_submit.py:634} INFO - ---------------------------------------------------------------------
[2025-07-07T03:47:15.186+0000] {spark_submit.py:634} INFO - :: retrieving :: org.apache.spark#spark-submit-parent-319a7c19-ccc5-41b4-8e5f-acff42d56263
[2025-07-07T03:47:15.186+0000] {spark_submit.py:634} INFO - confs: [default]
[2025-07-07T03:47:15.190+0000] {spark_submit.py:634} INFO - 0 artifacts copied, 8 already retrieved (0kB/4ms)
[2025-07-07T03:47:15.602+0000] {spark_submit.py:634} INFO - 25/07/07 03:47:15 WARN NativeCodeLoader: Unable to load native-hadoop library for your platform... using builtin-java classes where applicable
[2025-07-07T03:47:18.116+0000] {spark_submit.py:634} INFO - Using Spark's default log4j profile: org/apache/spark/log4j2-defaults.properties
[2025-07-07T03:47:18.179+0000] {spark_submit.py:634} INFO - 25/07/07 03:47:18 INFO SparkContext: Running Spark version 4.0.0
[2025-07-07T03:47:18.179+0000] {spark_submit.py:634} INFO - 25/07/07 03:47:18 INFO SparkContext: OS info Linux, 6.8.0-60-generic, amd64
[2025-07-07T03:47:18.180+0000] {spark_submit.py:634} INFO - 25/07/07 03:47:18 INFO SparkContext: Java version 17.0.15
[2025-07-07T03:47:18.195+0000] {spark_submit.py:634} INFO - 25/07/07 03:47:18 INFO ResourceUtils: ==============================================================
[2025-07-07T03:47:18.196+0000] {spark_submit.py:634} INFO - 25/07/07 03:47:18 INFO ResourceUtils: No custom resources configured for spark.driver.
[2025-07-07T03:47:18.196+0000] {spark_submit.py:634} INFO - 25/07/07 03:47:18 INFO ResourceUtils: ==============================================================
[2025-07-07T03:47:18.196+0000] {spark_submit.py:634} INFO - 25/07/07 03:47:18 INFO SparkContext: Submitted application: thanhdz
[2025-07-07T03:47:18.209+0000] {spark_submit.py:634} INFO - 25/07/07 03:47:18 INFO ResourceProfile: Default ResourceProfile created, executor resources: Map(cores -> name: cores, amount: 2, script: , vendor: , memory -> name: memory, amount: 4096, script: , vendor: , offHeap -> name: offHeap, amount: 0, script: , vendor: ), task resources: Map(cpus -> name: cpus, amount: 1.0)
[2025-07-07T03:47:18.212+0000] {spark_submit.py:634} INFO - 25/07/07 03:47:18 INFO ResourceProfile: Limiting resource is cpus at 2 tasks per executor
[2025-07-07T03:47:18.213+0000] {spark_submit.py:634} INFO - 25/07/07 03:47:18 INFO ResourceProfileManager: Added ResourceProfile id: 0
[2025-07-07T03:47:18.306+0000] {spark_submit.py:634} INFO - 25/07/07 03:47:18 INFO SecurityManager: Changing view acls to: ***
[2025-07-07T03:47:18.307+0000] {spark_submit.py:634} INFO - 25/07/07 03:47:18 INFO SecurityManager: Changing modify acls to: ***
[2025-07-07T03:47:18.307+0000] {spark_submit.py:634} INFO - 25/07/07 03:47:18 INFO SecurityManager: Changing view acls groups to: ***
[2025-07-07T03:47:18.307+0000] {spark_submit.py:634} INFO - 25/07/07 03:47:18 INFO SecurityManager: Changing modify acls groups to: ***
[2025-07-07T03:47:18.308+0000] {spark_submit.py:634} INFO - 25/07/07 03:47:18 INFO SecurityManager: SecurityManager: authentication disabled; ui acls disabled; users with view permissions: *** groups with view permissions: EMPTY; users with modify permissions: ***; groups with modify permissions: EMPTY; RPC SSL disabled
[2025-07-07T03:47:18.586+0000] {spark_submit.py:634} INFO - 25/07/07 03:47:18 INFO Utils: Successfully started service 'sparkDriver' on port 41569.
[2025-07-07T03:47:18.605+0000] {spark_submit.py:634} INFO - 25/07/07 03:47:18 INFO SparkEnv: Registering MapOutputTracker
[2025-07-07T03:47:18.611+0000] {spark_submit.py:634} INFO - 25/07/07 03:47:18 INFO SparkEnv: Registering BlockManagerMaster
[2025-07-07T03:47:18.618+0000] {spark_submit.py:634} INFO - 25/07/07 03:47:18 INFO BlockManagerMasterEndpoint: Using org.apache.spark.storage.DefaultTopologyMapper for getting topology information
[2025-07-07T03:47:18.618+0000] {spark_submit.py:634} INFO - 25/07/07 03:47:18 INFO BlockManagerMasterEndpoint: BlockManagerMasterEndpoint up
[2025-07-07T03:47:18.620+0000] {spark_submit.py:634} INFO - 25/07/07 03:47:18 INFO SparkEnv: Registering BlockManagerMasterHeartbeat
[2025-07-07T03:47:18.630+0000] {spark_submit.py:634} INFO - 25/07/07 03:47:18 INFO DiskBlockManager: Created local directory at /tmp/blockmgr-16c99ecf-21e0-4e15-9d07-1e97ed1c78c5
[2025-07-07T03:47:18.691+0000] {spark_submit.py:634} INFO - 25/07/07 03:47:18 INFO SparkEnv: Registering OutputCommitCoordinator
[2025-07-07T03:47:18.811+0000] {spark_submit.py:634} INFO - 25/07/07 03:47:18 INFO JettyUtils: Start Jetty 0.0.0.0:4040 for SparkUI
[2025-07-07T03:47:18.906+0000] {spark_submit.py:634} INFO - 25/07/07 03:47:18 INFO Utils: Successfully started service 'SparkUI' on port 4040.
[2025-07-07T03:47:18.927+0000] {spark_submit.py:634} INFO - 25/07/07 03:47:18 INFO SparkContext: Added JAR file:///home/***/.ivy2.5.2/jars/com.clickhouse_clickhouse-jdbc-0.6.4.jar at spark://40aa9e29f527:41569/jars/com.clickhouse_clickhouse-jdbc-0.6.4.jar with timestamp 1751860038111
[2025-07-07T03:47:18.927+0000] {spark_submit.py:634} INFO - 25/07/07 03:47:18 INFO SparkContext: Added JAR file:///home/***/.ivy2.5.2/jars/org.apache.httpcomponents.client5_httpclient5-5.3.1.jar at spark://40aa9e29f527:41569/jars/org.apache.httpcomponents.client5_httpclient5-5.3.1.jar with timestamp 1751860038111
[2025-07-07T03:47:18.927+0000] {spark_submit.py:634} INFO - 25/07/07 03:47:18 INFO SparkContext: Added JAR file:///home/***/.ivy2.5.2/jars/org.apache.hadoop_hadoop-aws-3.3.5.jar at spark://40aa9e29f527:41569/jars/org.apache.hadoop_hadoop-aws-3.3.5.jar with timestamp 1751860038111
[2025-07-07T03:47:18.927+0000] {spark_submit.py:634} INFO - 25/07/07 03:47:18 INFO SparkContext: Added JAR file:///home/***/.ivy2.5.2/jars/org.apache.httpcomponents.core5_httpcore5-5.2.4.jar at spark://40aa9e29f527:41569/jars/org.apache.httpcomponents.core5_httpcore5-5.2.4.jar with timestamp 1751860038111
[2025-07-07T03:47:18.927+0000] {spark_submit.py:634} INFO - 25/07/07 03:47:18 INFO SparkContext: Added JAR file:///home/***/.ivy2.5.2/jars/org.apache.httpcomponents.core5_httpcore5-h2-5.2.4.jar at spark://40aa9e29f527:41569/jars/org.apache.httpcomponents.core5_httpcore5-h2-5.2.4.jar with timestamp 1751860038111
[2025-07-07T03:47:18.928+0000] {spark_submit.py:634} INFO - 25/07/07 03:47:18 INFO SparkContext: Added JAR file:///home/***/.ivy2.5.2/jars/org.slf4j_slf4j-api-1.7.36.jar at spark://40aa9e29f527:41569/jars/org.slf4j_slf4j-api-1.7.36.jar with timestamp 1751860038111
[2025-07-07T03:47:18.928+0000] {spark_submit.py:634} INFO - 25/07/07 03:47:18 INFO SparkContext: Added JAR file:///home/***/.ivy2.5.2/jars/com.amazonaws_aws-java-sdk-bundle-1.12.316.jar at spark://40aa9e29f527:41569/jars/com.amazonaws_aws-java-sdk-bundle-1.12.316.jar with timestamp 1751860038111
[2025-07-07T03:47:18.928+0000] {spark_submit.py:634} INFO - 25/07/07 03:47:18 INFO SparkContext: Added JAR file:///home/***/.ivy2.5.2/jars/org.wildfly.openssl_wildfly-openssl-1.1.3.Final.jar at spark://40aa9e29f527:41569/jars/org.wildfly.openssl_wildfly-openssl-1.1.3.Final.jar with timestamp 1751860038111
[2025-07-07T03:47:18.982+0000] {spark_submit.py:634} INFO - 25/07/07 03:47:18 INFO SparkContext: Added file file:///home/***/.ivy2.5.2/jars/com.clickhouse_clickhouse-jdbc-0.6.4.jar at spark://40aa9e29f527:41569/files/com.clickhouse_clickhouse-jdbc-0.6.4.jar with timestamp 1751860038111
[2025-07-07T03:47:18.983+0000] {spark_submit.py:634} INFO - 25/07/07 03:47:18 INFO Utils: Copying /home/***/.ivy2.5.2/jars/com.clickhouse_clickhouse-jdbc-0.6.4.jar to /tmp/spark-d5d2d7b2-63af-480d-afef-50b52c92bffc/userFiles-79065c4d-0468-40e0-9535-8fee8d2ef824/com.clickhouse_clickhouse-jdbc-0.6.4.jar
[2025-07-07T03:47:18.994+0000] {spark_submit.py:634} INFO - 25/07/07 03:47:18 INFO SparkContext: Added file file:///home/***/.ivy2.5.2/jars/org.apache.httpcomponents.client5_httpclient5-5.3.1.jar at spark://40aa9e29f527:41569/files/org.apache.httpcomponents.client5_httpclient5-5.3.1.jar with timestamp 1751860038111
[2025-07-07T03:47:18.995+0000] {spark_submit.py:634} INFO - 25/07/07 03:47:18 INFO Utils: Copying /home/***/.ivy2.5.2/jars/org.apache.httpcomponents.client5_httpclient5-5.3.1.jar to /tmp/spark-d5d2d7b2-63af-480d-afef-50b52c92bffc/userFiles-79065c4d-0468-40e0-9535-8fee8d2ef824/org.apache.httpcomponents.client5_httpclient5-5.3.1.jar
[2025-07-07T03:47:19.002+0000] {spark_submit.py:634} INFO - 25/07/07 03:47:19 INFO SparkContext: Added file file:///home/***/.ivy2.5.2/jars/org.apache.hadoop_hadoop-aws-3.3.5.jar at spark://40aa9e29f527:41569/files/org.apache.hadoop_hadoop-aws-3.3.5.jar with timestamp 1751860038111
[2025-07-07T03:47:19.002+0000] {spark_submit.py:634} INFO - 25/07/07 03:47:19 INFO Utils: Copying /home/***/.ivy2.5.2/jars/org.apache.hadoop_hadoop-aws-3.3.5.jar to /tmp/spark-d5d2d7b2-63af-480d-afef-50b52c92bffc/userFiles-79065c4d-0468-40e0-9535-8fee8d2ef824/org.apache.hadoop_hadoop-aws-3.3.5.jar
[2025-07-07T03:47:19.007+0000] {spark_submit.py:634} INFO - 25/07/07 03:47:19 INFO SparkContext: Added file file:///home/***/.ivy2.5.2/jars/org.apache.httpcomponents.core5_httpcore5-5.2.4.jar at spark://40aa9e29f527:41569/files/org.apache.httpcomponents.core5_httpcore5-5.2.4.jar with timestamp 1751860038111
[2025-07-07T03:47:19.007+0000] {spark_submit.py:634} INFO - 25/07/07 03:47:19 INFO Utils: Copying /home/***/.ivy2.5.2/jars/org.apache.httpcomponents.core5_httpcore5-5.2.4.jar to /tmp/spark-d5d2d7b2-63af-480d-afef-50b52c92bffc/userFiles-79065c4d-0468-40e0-9535-8fee8d2ef824/org.apache.httpcomponents.core5_httpcore5-5.2.4.jar
[2025-07-07T03:47:19.014+0000] {spark_submit.py:634} INFO - 25/07/07 03:47:19 INFO SparkContext: Added file file:///home/***/.ivy2.5.2/jars/org.apache.httpcomponents.core5_httpcore5-h2-5.2.4.jar at spark://40aa9e29f527:41569/files/org.apache.httpcomponents.core5_httpcore5-h2-5.2.4.jar with timestamp 1751860038111
[2025-07-07T03:47:19.014+0000] {spark_submit.py:634} INFO - 25/07/07 03:47:19 INFO Utils: Copying /home/***/.ivy2.5.2/jars/org.apache.httpcomponents.core5_httpcore5-h2-5.2.4.jar to /tmp/spark-d5d2d7b2-63af-480d-afef-50b52c92bffc/userFiles-79065c4d-0468-40e0-9535-8fee8d2ef824/org.apache.httpcomponents.core5_httpcore5-h2-5.2.4.jar
[2025-07-07T03:47:19.017+0000] {spark_submit.py:634} INFO - 25/07/07 03:47:19 INFO SparkContext: Added file file:///home/***/.ivy2.5.2/jars/org.slf4j_slf4j-api-1.7.36.jar at spark://40aa9e29f527:41569/files/org.slf4j_slf4j-api-1.7.36.jar with timestamp 1751860038111
[2025-07-07T03:47:19.017+0000] {spark_submit.py:634} INFO - 25/07/07 03:47:19 INFO Utils: Copying /home/***/.ivy2.5.2/jars/org.slf4j_slf4j-api-1.7.36.jar to /tmp/spark-d5d2d7b2-63af-480d-afef-50b52c92bffc/userFiles-79065c4d-0468-40e0-9535-8fee8d2ef824/org.slf4j_slf4j-api-1.7.36.jar
[2025-07-07T03:47:19.082+0000] {spark_submit.py:634} INFO - 25/07/07 03:47:19 INFO SparkContext: Added file file:///home/***/.ivy2.5.2/jars/com.amazonaws_aws-java-sdk-bundle-1.12.316.jar at spark://40aa9e29f527:41569/files/com.amazonaws_aws-java-sdk-bundle-1.12.316.jar with timestamp 1751860038111
[2025-07-07T03:47:19.082+0000] {spark_submit.py:634} INFO - 25/07/07 03:47:19 INFO Utils: Copying /home/***/.ivy2.5.2/jars/com.amazonaws_aws-java-sdk-bundle-1.12.316.jar to /tmp/spark-d5d2d7b2-63af-480d-afef-50b52c92bffc/userFiles-79065c4d-0468-40e0-9535-8fee8d2ef824/com.amazonaws_aws-java-sdk-bundle-1.12.316.jar
[2025-07-07T03:47:19.207+0000] {spark_submit.py:634} INFO - 25/07/07 03:47:19 INFO SparkContext: Added file file:///home/***/.ivy2.5.2/jars/org.wildfly.openssl_wildfly-openssl-1.1.3.Final.jar at spark://40aa9e29f527:41569/files/org.wildfly.openssl_wildfly-openssl-1.1.3.Final.jar with timestamp 1751860038111
[2025-07-07T03:47:19.207+0000] {spark_submit.py:634} INFO - 25/07/07 03:47:19 INFO Utils: Copying /home/***/.ivy2.5.2/jars/org.wildfly.openssl_wildfly-openssl-1.1.3.Final.jar to /tmp/spark-d5d2d7b2-63af-480d-afef-50b52c92bffc/userFiles-79065c4d-0468-40e0-9535-8fee8d2ef824/org.wildfly.openssl_wildfly-openssl-1.1.3.Final.jar
[2025-07-07T03:47:19.226+0000] {spark_submit.py:634} INFO - 25/07/07 03:47:19 INFO SecurityManager: Changing view acls to: ***
[2025-07-07T03:47:19.227+0000] {spark_submit.py:634} INFO - 25/07/07 03:47:19 INFO SecurityManager: Changing modify acls to: ***
[2025-07-07T03:47:19.227+0000] {spark_submit.py:634} INFO - 25/07/07 03:47:19 INFO SecurityManager: Changing view acls groups to: ***
[2025-07-07T03:47:19.227+0000] {spark_submit.py:634} INFO - 25/07/07 03:47:19 INFO SecurityManager: Changing modify acls groups to: ***
[2025-07-07T03:47:19.227+0000] {spark_submit.py:634} INFO - 25/07/07 03:47:19 INFO SecurityManager: SecurityManager: authentication disabled; ui acls disabled; users with view permissions: *** groups with view permissions: EMPTY; users with modify permissions: ***; groups with modify permissions: EMPTY; RPC SSL disabled
[2025-07-07T03:47:19.408+0000] {spark_submit.py:634} INFO - 25/07/07 03:47:19 INFO StandaloneAppClient$ClientEndpoint: Connecting to master spark://spark-master:7077...
[2025-07-07T03:47:19.487+0000] {spark_submit.py:634} INFO - 25/07/07 03:47:19 INFO TransportClientFactory: Successfully created connection to spark-master/172.21.0.6:7077 after 64 ms (0 ms spent in bootstraps)
[2025-07-07T03:47:19.521+0000] {spark_submit.py:634} INFO - 25/07/07 03:47:19 INFO StandaloneSchedulerBackend: Connected to Spark cluster with app ID app-20250707034719-0031
[2025-07-07T03:47:19.526+0000] {spark_submit.py:634} INFO - 25/07/07 03:47:19 INFO Utils: Successfully started service 'org.apache.spark.network.netty.NettyBlockTransferService' on port 42933.
[2025-07-07T03:47:19.526+0000] {spark_submit.py:634} INFO - 25/07/07 03:47:19 INFO NettyBlockTransferService: Server created on 40aa9e29f527:42933
[2025-07-07T03:47:19.527+0000] {spark_submit.py:634} INFO - 25/07/07 03:47:19 INFO BlockManager: Using org.apache.spark.storage.RandomBlockReplicationPolicy for block replication policy
[2025-07-07T03:47:19.581+0000] {spark_submit.py:634} INFO - 25/07/07 03:47:19 INFO BlockManagerMaster: Registering BlockManager BlockManagerId(driver, 40aa9e29f527, 42933, None)
[2025-07-07T03:47:19.586+0000] {spark_submit.py:634} INFO - 25/07/07 03:47:19 INFO BlockManagerMasterEndpoint: Registering block manager 40aa9e29f527:42933 with 413.9 MiB RAM, BlockManagerId(driver, 40aa9e29f527, 42933, None)
[2025-07-07T03:47:19.587+0000] {spark_submit.py:634} INFO - 25/07/07 03:47:19 INFO BlockManagerMaster: Registered BlockManager BlockManagerId(driver, 40aa9e29f527, 42933, None)
[2025-07-07T03:47:19.587+0000] {spark_submit.py:634} INFO - 25/07/07 03:47:19 INFO BlockManager: Initialized BlockManager: BlockManagerId(driver, 40aa9e29f527, 42933, None)
[2025-07-07T03:47:19.798+0000] {spark_submit.py:634} INFO - 25/07/07 03:47:19 INFO StandaloneSchedulerBackend: SchedulerBackend is ready for scheduling beginning after reached minRegisteredResourcesRatio: 0.0
[2025-07-07T03:47:22.014+0000] {spark_submit.py:634} INFO - --- Checking Spark Hadoop Configurations ---
[2025-07-07T03:47:22.023+0000] {spark_submit.py:634} INFO - S3A Config: fs.s3a.select.output.csv.record.delimiter = \n
[2025-07-07T03:47:22.079+0000] {spark_submit.py:634} INFO - S3A Config: fs.s3a.select.input.csv.quote.character = "
[2025-07-07T03:47:22.084+0000] {spark_submit.py:634} INFO - S3A Config: fs.s3a.path.style.access = false
[2025-07-07T03:47:22.089+0000] {spark_submit.py:634} INFO - S3A Config: fs.s3a.select.input.compression = none
[2025-07-07T03:47:22.090+0000] {spark_submit.py:634} INFO - S3A Config: fs.s3a.max.total.tasks = 32
[2025-07-07T03:47:22.096+0000] {spark_submit.py:634} INFO - S3A Config: fs.s3a.select.output.csv.quote.fields = always
[2025-07-07T03:47:22.099+0000] {spark_submit.py:634} INFO - S3A Config: fs.s3a.select.input.csv.header = none
[2025-07-07T03:47:22.100+0000] {spark_submit.py:634} INFO - S3A Config: mapreduce.outputcommitter.factory.scheme.s3a = org.apache.hadoop.fs.s3a.commit.S3ACommitterFactory
[2025-07-07T03:47:22.101+0000] {spark_submit.py:634} INFO - S3A Config: fs.s3a.impl = org.apache.hadoop.fs.s3a.S3AFileSystem
[2025-07-07T03:47:22.112+0000] {spark_submit.py:634} INFO - S3A Config: fs.s3a.select.enabled = true
[2025-07-07T03:47:22.113+0000] {spark_submit.py:634} INFO - S3A Config: fs.s3a.committer.staging.tmp.path = tmp/staging
[2025-07-07T03:47:22.189+0000] {spark_submit.py:634} INFO - S3A Config: fs.s3a.executor.capacity = 16
[2025-07-07T03:47:22.191+0000] {spark_submit.py:634} INFO - S3A Config: fs.s3a.multiobjectdelete.enable = true
[2025-07-07T03:47:22.196+0000] {spark_submit.py:634} INFO - S3A Config: fs.s3a.multipart.purge = false
[2025-07-07T03:47:22.196+0000] {spark_submit.py:634} INFO - S3A Config: fs.s3a.connection.establish.timeout = 30s
[2025-07-07T03:47:22.196+0000] {spark_submit.py:634} INFO - S3A Config: fs.s3a.downgrade.syncable.exceptions = true
[2025-07-07T03:47:22.197+0000] {spark_submit.py:634} INFO - S3A Config: fs.s3a.multipart.purge.age = 24h
[2025-07-07T03:47:22.197+0000] {spark_submit.py:634} INFO - !!! FOUND '24h' !!! -> fs.s3a.multipart.purge.age = 24h
[2025-07-07T03:47:22.200+0000] {spark_submit.py:634} INFO - S3A Config: fs.s3a.audit.enabled = true
[2025-07-07T03:47:22.200+0000] {spark_submit.py:634} INFO - S3A Config: fs.s3a.select.input.csv.record.delimiter = \n
[2025-07-07T03:47:22.201+0000] {spark_submit.py:634} INFO - S3A Config: fs.s3a.accesspoint.required = false
[2025-07-07T03:47:22.201+0000] {spark_submit.py:634} INFO - S3A Config: fs.s3a.retry.limit = 7
[2025-07-07T03:47:22.202+0000] {spark_submit.py:634} INFO - S3A Config: fs.s3a.committer.name = file
[2025-07-07T03:47:22.202+0000] {spark_submit.py:634} INFO - S3A Config: fs.s3a.threads.max = 96
[2025-07-07T03:47:22.203+0000] {spark_submit.py:634} INFO - S3A Config: fs.s3a.threads.keepalivetime = 60s
[2025-07-07T03:47:22.205+0000] {spark_submit.py:634} INFO - S3A Config: fs.s3a.select.input.csv.quote.escape.character = \\
[2025-07-07T03:47:22.206+0000] {spark_submit.py:634} INFO - S3A Config: fs.s3a.multipart.threshold = 128M
[2025-07-07T03:47:22.206+0000] {spark_submit.py:634} INFO - S3A Config: fs.s3a.ssl.channel.mode = default_jsse
[2025-07-07T03:47:22.207+0000] {spark_submit.py:634} INFO - S3A Config: fs.s3a.change.detection.mode = server
[2025-07-07T03:47:22.207+0000] {spark_submit.py:634} INFO - S3A Config: fs.s3a.buffer.dir = ${env.LOCAL_DIRS:-${hadoop.tmp.dir}}/s3a
[2025-07-07T03:47:22.208+0000] {spark_submit.py:634} INFO - S3A Config: fs.s3a.fast.upload.active.blocks = 4
[2025-07-07T03:47:22.210+0000] {spark_submit.py:634} INFO - S3A Config: fs.s3a.block.size = 32M
[2025-07-07T03:47:22.213+0000] {spark_submit.py:634} INFO - S3A Config: fs.s3a.change.detection.version.required = true
[2025-07-07T03:47:22.231+0000] {spark_submit.py:634} INFO - S3A Config: fs.s3a.select.output.csv.field.delimiter = ,
[2025-07-07T03:47:22.232+0000] {spark_submit.py:634} INFO - S3A Config: fs.s3a.committer.staging.conflict-mode = append
[2025-07-07T03:47:22.235+0000] {spark_submit.py:634} INFO - S3A Config: fs.s3a.select.output.csv.quote.escape.character = \\
[2025-07-07T03:47:22.236+0000] {spark_submit.py:634} INFO - S3A Config: fs.viewfs.overload.scheme.target.s3a.impl = org.apache.hadoop.fs.s3a.S3AFileSystem
[2025-07-07T03:47:22.280+0000] {spark_submit.py:634} INFO - S3A Config: fs.s3a.list.version = 2
[2025-07-07T03:47:22.281+0000] {spark_submit.py:634} INFO - S3A Config: fs.s3a.connection.maximum = 500
[2025-07-07T03:47:22.281+0000] {spark_submit.py:634} INFO - S3A Config: fs.s3a.paging.maximum = 5000
[2025-07-07T03:47:22.283+0000] {spark_submit.py:634} INFO - S3A Config: fs.s3a.readahead.range = 64K
[2025-07-07T03:47:22.284+0000] {spark_submit.py:634} INFO - S3A Config: fs.s3a.attempts.maximum = 5
[2025-07-07T03:47:22.285+0000] {spark_submit.py:634} INFO - S3A Config: fs.s3a.select.input.csv.comment.marker = #
[2025-07-07T03:47:22.286+0000] {spark_submit.py:634} INFO - S3A Config: fs.s3a.etag.checksum.enabled = false
[2025-07-07T03:47:22.286+0000] {spark_submit.py:634} INFO - S3A Config: fs.s3a.retry.interval = 500ms
[2025-07-07T03:47:22.287+0000] {spark_submit.py:634} INFO - S3A Config: fs.s3a.select.errors.include.sql = false
[2025-07-07T03:47:22.289+0000] {spark_submit.py:634} INFO - S3A Config: fs.s3a.multipart.size = 64M
[2025-07-07T03:47:22.290+0000] {spark_submit.py:634} INFO - S3A Config: fs.s3a.select.input.csv.field.delimiter = ,
[2025-07-07T03:47:22.290+0000] {spark_submit.py:634} INFO - S3A Config: fs.s3a.socket.recv.buffer = 8192
[2025-07-07T03:47:22.290+0000] {spark_submit.py:634} INFO - S3A Config: fs.s3a.connection.ssl.enabled = true
[2025-07-07T03:47:22.291+0000] {spark_submit.py:634} INFO - S3A Config: fs.s3a.committer.threads = 8
[2025-07-07T03:47:22.295+0000] {spark_submit.py:634} INFO - S3A Config: fs.s3a.fast.upload.buffer = disk
[2025-07-07T03:47:22.297+0000] {spark_submit.py:634} INFO - S3A Config: fs.s3a.select.output.csv.quote.character = "
[2025-07-07T03:47:22.300+0000] {spark_submit.py:634} INFO - S3A Config: fs.s3a.committer.staging.unique-filenames = true
[2025-07-07T03:47:22.301+0000] {spark_submit.py:634} INFO - S3A Config: fs.s3a.retry.throttle.interval = 100ms
[2025-07-07T03:47:22.304+0000] {spark_submit.py:634} INFO - S3A Config: fs.s3a.connection.ttl = 5m
[2025-07-07T03:47:22.304+0000] {spark_submit.py:634} INFO - S3A Config: fs.s3a.aws.credentials.provider =
[2025-07-07T03:47:22.304+0000] {spark_submit.py:634} INFO - org.apache.hadoop.fs.s3a.TemporaryAWSCredentialsProvider,
[2025-07-07T03:47:22.304+0000] {spark_submit.py:634} INFO - org.apache.hadoop.fs.s3a.SimpleAWSCredentialsProvider,
[2025-07-07T03:47:22.304+0000] {spark_submit.py:634} INFO - software.amazon.awssdk.auth.credentials.EnvironmentVariableCredentialsProvider,
[2025-07-07T03:47:22.304+0000] {spark_submit.py:634} INFO - org.apache.hadoop.fs.s3a.auth.IAMInstanceCredentialsProvider
[2025-07-07T03:47:22.304+0000] {spark_submit.py:634} INFO - 
[2025-07-07T03:47:22.304+0000] {spark_submit.py:634} INFO - S3A Config: fs.s3a.assumed.role.session.duration = 30m
[2025-07-07T03:47:22.305+0000] {spark_submit.py:634} INFO - S3A Config: fs.s3a.assumed.role.credentials.provider = org.apache.hadoop.fs.s3a.SimpleAWSCredentialsProvider
[2025-07-07T03:47:22.305+0000] {spark_submit.py:634} INFO - S3A Config: fs.s3a.committer.abort.pending.uploads = true
[2025-07-07T03:47:22.307+0000] {spark_submit.py:634} INFO - S3A Config: fs.s3a.committer.magic.enabled = true
[2025-07-07T03:47:22.309+0000] {spark_submit.py:634} INFO - S3A Config: fs.s3a.connection.timeout = 200s
[2025-07-07T03:47:22.309+0000] {spark_submit.py:634} INFO - S3A Config: fs.s3a.change.detection.source = etag
[2025-07-07T03:47:22.311+0000] {spark_submit.py:634} INFO - S3A Config: fs.AbstractFileSystem.s3a.impl = org.apache.hadoop.fs.s3a.S3A
[2025-07-07T03:47:22.313+0000] {spark_submit.py:634} INFO - S3A Config: fs.s3a.socket.send.buffer = 8192
[2025-07-07T03:47:22.316+0000] {spark_submit.py:634} INFO - S3A Config: fs.s3a.retry.throttle.limit = 20
[2025-07-07T03:47:22.316+0000] {spark_submit.py:634} INFO - ------------------------------------------
[2025-07-07T03:47:23.197+0000] {spark_submit.py:634} INFO - 25/07/07 03:47:23 WARN MetricsConfig: Cannot locate configuration: tried hadoop-metrics2-s3a-file-system.properties,hadoop-metrics2.properties
[2025-07-07T03:47:39.891+0000] {spark_submit.py:634} INFO - 25/07/07 03:47:39 WARN TaskSchedulerImpl: Initial job has not accepted any resources; check your cluster UI to ensure that workers are registered and have sufficient resources
[2025-07-07T03:47:54.890+0000] {spark_submit.py:634} INFO - 25/07/07 03:47:54 WARN TaskSchedulerImpl: Initial job has not accepted any resources; check your cluster UI to ensure that workers are registered and have sufficient resources
[2025-07-07T03:48:09.890+0000] {spark_submit.py:634} INFO - 25/07/07 03:48:09 WARN TaskSchedulerImpl: Initial job has not accepted any resources; check your cluster UI to ensure that workers are registered and have sufficient resources
[2025-07-07T03:48:24.889+0000] {spark_submit.py:634} INFO - 25/07/07 03:48:24 WARN TaskSchedulerImpl: Initial job has not accepted any resources; check your cluster UI to ensure that workers are registered and have sufficient resources
[2025-07-07T03:48:39.890+0000] {spark_submit.py:634} INFO - 25/07/07 03:48:39 WARN TaskSchedulerImpl: Initial job has not accepted any resources; check your cluster UI to ensure that workers are registered and have sufficient resources
[2025-07-07T03:48:54.890+0000] {spark_submit.py:634} INFO - 25/07/07 03:48:54 WARN TaskSchedulerImpl: Initial job has not accepted any resources; check your cluster UI to ensure that workers are registered and have sufficient resources
[2025-07-07T03:49:09.890+0000] {spark_submit.py:634} INFO - 25/07/07 03:49:09 WARN TaskSchedulerImpl: Initial job has not accepted any resources; check your cluster UI to ensure that workers are registered and have sufficient resources
[2025-07-07T03:49:24.889+0000] {spark_submit.py:634} INFO - 25/07/07 03:49:24 WARN TaskSchedulerImpl: Initial job has not accepted any resources; check your cluster UI to ensure that workers are registered and have sufficient resources
[2025-07-07T03:49:39.889+0000] {spark_submit.py:634} INFO - 25/07/07 03:49:39 WARN TaskSchedulerImpl: Initial job has not accepted any resources; check your cluster UI to ensure that workers are registered and have sufficient resources
[2025-07-07T03:49:54.890+0000] {spark_submit.py:634} INFO - 25/07/07 03:49:54 WARN TaskSchedulerImpl: Initial job has not accepted any resources; check your cluster UI to ensure that workers are registered and have sufficient resources
[2025-07-07T03:50:08.668+0000] {local_task_job_runner.py:310} WARNING - State of this instance has been externally set to queued. Terminating instance.
[2025-07-07T03:50:08.668+0000] {local_task_job_runner.py:222} INFO - ::endgroup::
[2025-07-07T03:50:08.669+0000] {process_utils.py:132} INFO - Sending 15 to group 9261. PIDs of all processes in the group: [9262, 9314, 9261]
[2025-07-07T03:50:08.669+0000] {process_utils.py:87} INFO - Sending the signal 15 to group 9261
[2025-07-07T03:50:08.670+0000] {taskinstance.py:2607} ERROR - Received SIGTERM. Terminating subprocesses.
[2025-07-07T03:50:08.670+0000] {spark_submit.py:760} INFO - Sending kill signal to spark-submit
[2025-07-07T03:50:08.670+0000] {taskinstance.py:441} INFO - ::group::Post task execution logs
[2025-07-07T03:50:08.860+0000] {taskinstance.py:2890} ERROR - Task failed with exception
Traceback (most recent call last):
  File "/home/airflow/.local/lib/python3.11/site-packages/airflow/models/taskinstance.py", line 465, in _execute_task
    result = _execute_callable(context=context, **execute_callable_kwargs)
             ^^^^^^^^^^^^^^^^^^^^^^^^^^^^^^^^^^^^^^^^^^^^^^^^^^^^^^^^^^^^^
  File "/home/airflow/.local/lib/python3.11/site-packages/airflow/models/taskinstance.py", line 432, in _execute_callable
    return execute_callable(context=context, **execute_callable_kwargs)
           ^^^^^^^^^^^^^^^^^^^^^^^^^^^^^^^^^^^^^^^^^^^^^^^^^^^^^^^^^^^^
  File "/home/airflow/.local/lib/python3.11/site-packages/airflow/models/baseoperator.py", line 400, in wrapper
    return func(self, *args, **kwargs)
           ^^^^^^^^^^^^^^^^^^^^^^^^^^^
  File "/home/airflow/.local/lib/python3.11/site-packages/airflow/providers/apache/spark/operators/spark_submit.py", line 176, in execute
    self._hook.submit(self.application)
  File "/home/airflow/.local/lib/python3.11/site-packages/airflow/providers/apache/spark/hooks/spark_submit.py", line 548, in submit
    self._process_spark_submit_log(iter(self._submit_sp.stdout))  # type: ignore
    ^^^^^^^^^^^^^^^^^^^^^^^^^^^^^^^^^^^^^^^^^^^^^^^^^^^^^^^^^^^^
  File "/home/airflow/.local/lib/python3.11/site-packages/airflow/providers/apache/spark/hooks/spark_submit.py", line 597, in _process_spark_submit_log
    for line in itr:
  File "/home/airflow/.local/lib/python3.11/site-packages/airflow/models/taskinstance.py", line 2609, in signal_handler
    raise AirflowTaskTerminated("Task received SIGTERM signal")
airflow.exceptions.AirflowTaskTerminated: Task received SIGTERM signal
[2025-07-07T03:50:08.865+0000] {taskinstance.py:1205} INFO - Marking task as FAILED. dag_id=my_spark_inline, task_id=spark_write_data, execution_date=20250707T020622, start_date=20250707T035008, end_date=20250707T035008
[2025-07-07T03:50:08.882+0000] {process_utils.py:80} INFO - Process psutil.Process(pid=9261, status='terminated', exitcode=2, started='03:47:11') (9261) terminated with exit code 2
[2025-07-07T03:50:08.882+0000] {process_utils.py:80} INFO - Process psutil.Process(pid=9314, status='terminated', started='03:47:15') (9314) terminated with exit code None
[2025-07-07T03:50:08.882+0000] {process_utils.py:80} INFO - Process psutil.Process(pid=9262, status='terminated', started='03:47:11') (9262) terminated with exit code None
