[2025-07-07T03:11:31.769+0000] {local_task_job_runner.py:120} INFO - ::group::Pre task execution logs
[2025-07-07T03:11:31.878+0000] {taskinstance.py:2073} INFO - Dependencies all met for dep_context=non-requeueable deps ti=<TaskInstance: my_spark_inline.spark_write_data manual__2025-07-07T02:06:22.209511+00:00 [queued]>
[2025-07-07T03:11:31.882+0000] {taskinstance.py:2073} INFO - Dependencies all met for dep_context=requeueable deps ti=<TaskInstance: my_spark_inline.spark_write_data manual__2025-07-07T02:06:22.209511+00:00 [queued]>
[2025-07-07T03:11:31.882+0000] {taskinstance.py:2303} INFO - Starting attempt 9 of 9
[2025-07-07T03:11:31.897+0000] {taskinstance.py:2327} INFO - Executing <Task(SparkSubmitOperator): spark_write_data> on 2025-07-07 02:06:22.209511+00:00
[2025-07-07T03:11:31.900+0000] {standard_task_runner.py:63} INFO - Started process 6201 to run task
[2025-07-07T03:11:31.905+0000] {standard_task_runner.py:90} INFO - Running: ['***', 'tasks', 'run', 'my_spark_inline', 'spark_write_data', 'manual__2025-07-07T02:06:22.209511+00:00', '--job-id', '104', '--raw', '--subdir', 'DAGS_FOLDER/test_spark.py', '--cfg-path', '/tmp/tmp4skvq8ys']
[2025-07-07T03:11:31.906+0000] {standard_task_runner.py:91} INFO - Job 104: Subtask spark_write_data
[2025-07-07T03:11:31.918+0000] {logging_mixin.py:188} WARNING - /home/***/.local/lib/python3.11/site-packages/***/settings.py:195 DeprecationWarning: The sql_alchemy_conn option in [core] has been moved to the sql_alchemy_conn option in [database] - the old setting has been used, but please update your config.
[2025-07-07T03:11:31.943+0000] {task_command.py:426} INFO - Running <TaskInstance: my_spark_inline.spark_write_data manual__2025-07-07T02:06:22.209511+00:00 [running]> on host 40aa9e29f527
[2025-07-07T03:11:32.001+0000] {taskinstance.py:2644} INFO - Exporting env vars: AIRFLOW_CTX_DAG_OWNER='***' AIRFLOW_CTX_DAG_ID='my_spark_inline' AIRFLOW_CTX_TASK_ID='spark_write_data' AIRFLOW_CTX_EXECUTION_DATE='2025-07-07T02:06:22.209511+00:00' AIRFLOW_CTX_TRY_NUMBER='9' AIRFLOW_CTX_DAG_RUN_ID='manual__2025-07-07T02:06:22.209511+00:00'
[2025-07-07T03:11:32.001+0000] {taskinstance.py:430} INFO - ::endgroup::
[2025-07-07T03:11:32.017+0000] {base.py:84} INFO - Using connection ID 'spark-master' for task execution.
[2025-07-07T03:11:32.019+0000] {spark_submit.py:473} INFO - Spark-Submit cmd: spark-submit --master spark-master:7077 --packages com.clickhouse:clickhouse-jdbc:0.6.4,org.apache.httpcomponents.client5:httpclient5:5.3.1,org.apache.hadoop:hadoop-aws:3.3.5,com.amazonaws:aws-java-sdk-bundle:1.11.1026 --name arrow-spark --deploy-mode client /opt/***/spark_project/src/spark/spark_main_minio.py
[2025-07-07T03:11:32.234+0000] {spark_submit.py:634} INFO - WARNING: Using incubator modules: jdk.incubator.vector
[2025-07-07T03:11:33.625+0000] {spark_submit.py:634} INFO - :: loading settings :: url = jar:file:/home/***/.local/lib/python3.11/site-packages/pyspark/jars/ivy-2.5.3.jar!/org/apache/ivy/core/settings/ivysettings.xml
[2025-07-07T03:11:33.709+0000] {spark_submit.py:634} INFO - Ivy Default Cache set to: /home/***/.ivy2.5.2/cache
[2025-07-07T03:11:33.710+0000] {spark_submit.py:634} INFO - The jars for the packages stored in: /home/***/.ivy2.5.2/jars
[2025-07-07T03:11:33.711+0000] {spark_submit.py:634} INFO - com.clickhouse#clickhouse-jdbc added as a dependency
[2025-07-07T03:11:33.712+0000] {spark_submit.py:634} INFO - org.apache.httpcomponents.client5#httpclient5 added as a dependency
[2025-07-07T03:11:33.712+0000] {spark_submit.py:634} INFO - org.apache.hadoop#hadoop-aws added as a dependency
[2025-07-07T03:11:33.712+0000] {spark_submit.py:634} INFO - com.amazonaws#aws-java-sdk-bundle added as a dependency
[2025-07-07T03:11:33.712+0000] {spark_submit.py:634} INFO - :: resolving dependencies :: org.apache.spark#spark-submit-parent-a58fdf7a-5e7a-412a-bd9d-d080efddc1cb;1.0
[2025-07-07T03:11:33.712+0000] {spark_submit.py:634} INFO - confs: [default]
[2025-07-07T03:11:33.884+0000] {spark_submit.py:634} INFO - found com.clickhouse#clickhouse-jdbc;0.6.4 in central
[2025-07-07T03:11:33.900+0000] {spark_submit.py:634} INFO - found org.apache.httpcomponents.client5#httpclient5;5.3.1 in central
[2025-07-07T03:11:33.914+0000] {spark_submit.py:634} INFO - found org.apache.httpcomponents.core5#httpcore5;5.2.4 in central
[2025-07-07T03:11:33.996+0000] {spark_submit.py:634} INFO - found org.apache.httpcomponents.core5#httpcore5-h2;5.2.4 in central
[2025-07-07T03:11:34.007+0000] {spark_submit.py:634} INFO - found org.slf4j#slf4j-api;1.7.36 in central
[2025-07-07T03:11:34.093+0000] {spark_submit.py:634} INFO - found org.apache.hadoop#hadoop-aws;3.3.5 in central
[2025-07-07T03:11:34.101+0000] {spark_submit.py:634} INFO - found com.amazonaws#aws-java-sdk-bundle;1.12.316 in central
[2025-07-07T03:11:34.108+0000] {spark_submit.py:634} INFO - found org.wildfly.openssl#wildfly-openssl;1.1.3.Final in central
[2025-07-07T03:11:34.189+0000] {spark_submit.py:634} INFO - :: resolution report :: resolve 401ms :: artifacts dl 76ms
[2025-07-07T03:11:34.189+0000] {spark_submit.py:634} INFO - :: modules in use:
[2025-07-07T03:11:34.189+0000] {spark_submit.py:634} INFO - com.amazonaws#aws-java-sdk-bundle;1.12.316 from central in [default]
[2025-07-07T03:11:34.189+0000] {spark_submit.py:634} INFO - com.clickhouse#clickhouse-jdbc;0.6.4 from central in [default]
[2025-07-07T03:11:34.189+0000] {spark_submit.py:634} INFO - org.apache.hadoop#hadoop-aws;3.3.5 from central in [default]
[2025-07-07T03:11:34.190+0000] {spark_submit.py:634} INFO - org.apache.httpcomponents.client5#httpclient5;5.3.1 from central in [default]
[2025-07-07T03:11:34.190+0000] {spark_submit.py:634} INFO - org.apache.httpcomponents.core5#httpcore5;5.2.4 from central in [default]
[2025-07-07T03:11:34.190+0000] {spark_submit.py:634} INFO - org.apache.httpcomponents.core5#httpcore5-h2;5.2.4 from central in [default]
[2025-07-07T03:11:34.190+0000] {spark_submit.py:634} INFO - org.slf4j#slf4j-api;1.7.36 from central in [default]
[2025-07-07T03:11:34.190+0000] {spark_submit.py:634} INFO - org.wildfly.openssl#wildfly-openssl;1.1.3.Final from central in [default]
[2025-07-07T03:11:34.190+0000] {spark_submit.py:634} INFO - :: evicted modules:
[2025-07-07T03:11:34.190+0000] {spark_submit.py:634} INFO - com.amazonaws#aws-java-sdk-bundle;1.11.1026 by [com.amazonaws#aws-java-sdk-bundle;1.12.316] in [default]
[2025-07-07T03:11:34.191+0000] {spark_submit.py:634} INFO - ---------------------------------------------------------------------
[2025-07-07T03:11:34.191+0000] {spark_submit.py:634} INFO - |                  |            modules            ||   artifacts   |
[2025-07-07T03:11:34.191+0000] {spark_submit.py:634} INFO - |       conf       | number| search|dwnlded|evicted|| number|dwnlded|
[2025-07-07T03:11:34.191+0000] {spark_submit.py:634} INFO - ---------------------------------------------------------------------
[2025-07-07T03:11:34.191+0000] {spark_submit.py:634} INFO - |      default     |   9   |   0   |   0   |   1   ||   8   |   0   |
[2025-07-07T03:11:34.191+0000] {spark_submit.py:634} INFO - ---------------------------------------------------------------------
[2025-07-07T03:11:34.192+0000] {spark_submit.py:634} INFO - :: retrieving :: org.apache.spark#spark-submit-parent-a58fdf7a-5e7a-412a-bd9d-d080efddc1cb
[2025-07-07T03:11:34.192+0000] {spark_submit.py:634} INFO - confs: [default]
[2025-07-07T03:11:34.196+0000] {spark_submit.py:634} INFO - 0 artifacts copied, 8 already retrieved (0kB/4ms)
[2025-07-07T03:11:34.488+0000] {spark_submit.py:634} INFO - 25/07/07 03:11:34 WARN NativeCodeLoader: Unable to load native-hadoop library for your platform... using builtin-java classes where applicable
[2025-07-07T03:11:36.000+0000] {spark_submit.py:634} INFO - Using Spark's default log4j profile: org/apache/spark/log4j2-defaults.properties
[2025-07-07T03:11:36.005+0000] {spark_submit.py:634} INFO - 25/07/07 03:11:36 INFO SparkContext: Running Spark version 4.0.0
[2025-07-07T03:11:36.006+0000] {spark_submit.py:634} INFO - 25/07/07 03:11:36 INFO SparkContext: OS info Linux, 6.8.0-60-generic, amd64
[2025-07-07T03:11:36.007+0000] {spark_submit.py:634} INFO - 25/07/07 03:11:36 INFO SparkContext: Java version 17.0.15
[2025-07-07T03:11:36.086+0000] {spark_submit.py:634} INFO - 25/07/07 03:11:36 INFO ResourceUtils: ==============================================================
[2025-07-07T03:11:36.087+0000] {spark_submit.py:634} INFO - 25/07/07 03:11:36 INFO ResourceUtils: No custom resources configured for spark.driver.
[2025-07-07T03:11:36.087+0000] {spark_submit.py:634} INFO - 25/07/07 03:11:36 INFO ResourceUtils: ==============================================================
[2025-07-07T03:11:36.087+0000] {spark_submit.py:634} INFO - 25/07/07 03:11:36 INFO SparkContext: Submitted application: thanhdz
[2025-07-07T03:11:36.100+0000] {spark_submit.py:634} INFO - 25/07/07 03:11:36 INFO ResourceProfile: Default ResourceProfile created, executor resources: Map(cores -> name: cores, amount: 2, script: , vendor: , memory -> name: memory, amount: 4096, script: , vendor: , offHeap -> name: offHeap, amount: 0, script: , vendor: ), task resources: Map(cpus -> name: cpus, amount: 1.0)
[2025-07-07T03:11:36.102+0000] {spark_submit.py:634} INFO - 25/07/07 03:11:36 INFO ResourceProfile: Limiting resource is cpus at 2 tasks per executor
[2025-07-07T03:11:36.104+0000] {spark_submit.py:634} INFO - 25/07/07 03:11:36 INFO ResourceProfileManager: Added ResourceProfile id: 0
[2025-07-07T03:11:36.128+0000] {spark_submit.py:634} INFO - 25/07/07 03:11:36 INFO SecurityManager: Changing view acls to: ***
[2025-07-07T03:11:36.129+0000] {spark_submit.py:634} INFO - 25/07/07 03:11:36 INFO SecurityManager: Changing modify acls to: ***
[2025-07-07T03:11:36.129+0000] {spark_submit.py:634} INFO - 25/07/07 03:11:36 INFO SecurityManager: Changing view acls groups to: ***
[2025-07-07T03:11:36.129+0000] {spark_submit.py:634} INFO - 25/07/07 03:11:36 INFO SecurityManager: Changing modify acls groups to: ***
[2025-07-07T03:11:36.130+0000] {spark_submit.py:634} INFO - 25/07/07 03:11:36 INFO SecurityManager: SecurityManager: authentication disabled; ui acls disabled; users with view permissions: *** groups with view permissions: EMPTY; users with modify permissions: ***; groups with modify permissions: EMPTY; RPC SSL disabled
[2025-07-07T03:11:36.337+0000] {spark_submit.py:634} INFO - 25/07/07 03:11:36 INFO Utils: Successfully started service 'sparkDriver' on port 37199.
[2025-07-07T03:11:36.394+0000] {spark_submit.py:634} INFO - 25/07/07 03:11:36 INFO SparkEnv: Registering MapOutputTracker
[2025-07-07T03:11:36.400+0000] {spark_submit.py:634} INFO - 25/07/07 03:11:36 INFO SparkEnv: Registering BlockManagerMaster
[2025-07-07T03:11:36.407+0000] {spark_submit.py:634} INFO - 25/07/07 03:11:36 INFO BlockManagerMasterEndpoint: Using org.apache.spark.storage.DefaultTopologyMapper for getting topology information
[2025-07-07T03:11:36.409+0000] {spark_submit.py:634} INFO - 25/07/07 03:11:36 INFO BlockManagerMasterEndpoint: BlockManagerMasterEndpoint up
[2025-07-07T03:11:36.410+0000] {spark_submit.py:634} INFO - 25/07/07 03:11:36 INFO SparkEnv: Registering BlockManagerMasterHeartbeat
[2025-07-07T03:11:36.420+0000] {spark_submit.py:634} INFO - 25/07/07 03:11:36 INFO DiskBlockManager: Created local directory at /tmp/blockmgr-a340e1eb-aa18-476c-935a-b661f463cc3e
[2025-07-07T03:11:36.485+0000] {spark_submit.py:634} INFO - 25/07/07 03:11:36 INFO SparkEnv: Registering OutputCommitCoordinator
[2025-07-07T03:11:36.602+0000] {spark_submit.py:634} INFO - 25/07/07 03:11:36 INFO JettyUtils: Start Jetty 0.0.0.0:4040 for SparkUI
[2025-07-07T03:11:36.702+0000] {spark_submit.py:634} INFO - 25/07/07 03:11:36 INFO Utils: Successfully started service 'SparkUI' on port 4040.
[2025-07-07T03:11:36.722+0000] {spark_submit.py:634} INFO - 25/07/07 03:11:36 INFO SparkContext: Added JAR file:///home/***/.ivy2.5.2/jars/com.clickhouse_clickhouse-jdbc-0.6.4.jar at spark://40aa9e29f527:37199/jars/com.clickhouse_clickhouse-jdbc-0.6.4.jar with timestamp 1751857895996
[2025-07-07T03:11:36.722+0000] {spark_submit.py:634} INFO - 25/07/07 03:11:36 INFO SparkContext: Added JAR file:///home/***/.ivy2.5.2/jars/org.apache.httpcomponents.client5_httpclient5-5.3.1.jar at spark://40aa9e29f527:37199/jars/org.apache.httpcomponents.client5_httpclient5-5.3.1.jar with timestamp 1751857895996
[2025-07-07T03:11:36.722+0000] {spark_submit.py:634} INFO - 25/07/07 03:11:36 INFO SparkContext: Added JAR file:///home/***/.ivy2.5.2/jars/org.apache.hadoop_hadoop-aws-3.3.5.jar at spark://40aa9e29f527:37199/jars/org.apache.hadoop_hadoop-aws-3.3.5.jar with timestamp 1751857895996
[2025-07-07T03:11:36.722+0000] {spark_submit.py:634} INFO - 25/07/07 03:11:36 INFO SparkContext: Added JAR file:///home/***/.ivy2.5.2/jars/org.apache.httpcomponents.core5_httpcore5-5.2.4.jar at spark://40aa9e29f527:37199/jars/org.apache.httpcomponents.core5_httpcore5-5.2.4.jar with timestamp 1751857895996
[2025-07-07T03:11:36.779+0000] {spark_submit.py:634} INFO - 25/07/07 03:11:36 INFO SparkContext: Added JAR file:///home/***/.ivy2.5.2/jars/org.apache.httpcomponents.core5_httpcore5-h2-5.2.4.jar at spark://40aa9e29f527:37199/jars/org.apache.httpcomponents.core5_httpcore5-h2-5.2.4.jar with timestamp 1751857895996
[2025-07-07T03:11:36.779+0000] {spark_submit.py:634} INFO - 25/07/07 03:11:36 INFO SparkContext: Added JAR file:///home/***/.ivy2.5.2/jars/org.slf4j_slf4j-api-1.7.36.jar at spark://40aa9e29f527:37199/jars/org.slf4j_slf4j-api-1.7.36.jar with timestamp 1751857895996
[2025-07-07T03:11:36.780+0000] {spark_submit.py:634} INFO - 25/07/07 03:11:36 INFO SparkContext: Added JAR file:///home/***/.ivy2.5.2/jars/com.amazonaws_aws-java-sdk-bundle-1.12.316.jar at spark://40aa9e29f527:37199/jars/com.amazonaws_aws-java-sdk-bundle-1.12.316.jar with timestamp 1751857895996
[2025-07-07T03:11:36.780+0000] {spark_submit.py:634} INFO - 25/07/07 03:11:36 INFO SparkContext: Added JAR file:///home/***/.ivy2.5.2/jars/org.wildfly.openssl_wildfly-openssl-1.1.3.Final.jar at spark://40aa9e29f527:37199/jars/org.wildfly.openssl_wildfly-openssl-1.1.3.Final.jar with timestamp 1751857895996
[2025-07-07T03:11:36.783+0000] {spark_submit.py:634} INFO - 25/07/07 03:11:36 INFO SparkContext: Added file file:///home/***/.ivy2.5.2/jars/com.clickhouse_clickhouse-jdbc-0.6.4.jar at spark://40aa9e29f527:37199/files/com.clickhouse_clickhouse-jdbc-0.6.4.jar with timestamp 1751857895996
[2025-07-07T03:11:36.784+0000] {spark_submit.py:634} INFO - 25/07/07 03:11:36 INFO Utils: Copying /home/***/.ivy2.5.2/jars/com.clickhouse_clickhouse-jdbc-0.6.4.jar to /tmp/spark-88736cbd-14ef-4acc-97ec-fc4821f2eaa5/userFiles-80c2cfcc-7235-42a8-a261-f56b675657cc/com.clickhouse_clickhouse-jdbc-0.6.4.jar
[2025-07-07T03:11:36.793+0000] {spark_submit.py:634} INFO - 25/07/07 03:11:36 INFO SparkContext: Added file file:///home/***/.ivy2.5.2/jars/org.apache.httpcomponents.client5_httpclient5-5.3.1.jar at spark://40aa9e29f527:37199/files/org.apache.httpcomponents.client5_httpclient5-5.3.1.jar with timestamp 1751857895996
[2025-07-07T03:11:36.794+0000] {spark_submit.py:634} INFO - 25/07/07 03:11:36 INFO Utils: Copying /home/***/.ivy2.5.2/jars/org.apache.httpcomponents.client5_httpclient5-5.3.1.jar to /tmp/spark-88736cbd-14ef-4acc-97ec-fc4821f2eaa5/userFiles-80c2cfcc-7235-42a8-a261-f56b675657cc/org.apache.httpcomponents.client5_httpclient5-5.3.1.jar
[2025-07-07T03:11:36.801+0000] {spark_submit.py:634} INFO - 25/07/07 03:11:36 INFO SparkContext: Added file file:///home/***/.ivy2.5.2/jars/org.apache.hadoop_hadoop-aws-3.3.5.jar at spark://40aa9e29f527:37199/files/org.apache.hadoop_hadoop-aws-3.3.5.jar with timestamp 1751857895996
[2025-07-07T03:11:36.801+0000] {spark_submit.py:634} INFO - 25/07/07 03:11:36 INFO Utils: Copying /home/***/.ivy2.5.2/jars/org.apache.hadoop_hadoop-aws-3.3.5.jar to /tmp/spark-88736cbd-14ef-4acc-97ec-fc4821f2eaa5/userFiles-80c2cfcc-7235-42a8-a261-f56b675657cc/org.apache.hadoop_hadoop-aws-3.3.5.jar
[2025-07-07T03:11:36.806+0000] {spark_submit.py:634} INFO - 25/07/07 03:11:36 INFO SparkContext: Added file file:///home/***/.ivy2.5.2/jars/org.apache.httpcomponents.core5_httpcore5-5.2.4.jar at spark://40aa9e29f527:37199/files/org.apache.httpcomponents.core5_httpcore5-5.2.4.jar with timestamp 1751857895996
[2025-07-07T03:11:36.806+0000] {spark_submit.py:634} INFO - 25/07/07 03:11:36 INFO Utils: Copying /home/***/.ivy2.5.2/jars/org.apache.httpcomponents.core5_httpcore5-5.2.4.jar to /tmp/spark-88736cbd-14ef-4acc-97ec-fc4821f2eaa5/userFiles-80c2cfcc-7235-42a8-a261-f56b675657cc/org.apache.httpcomponents.core5_httpcore5-5.2.4.jar
[2025-07-07T03:11:36.810+0000] {spark_submit.py:634} INFO - 25/07/07 03:11:36 INFO SparkContext: Added file file:///home/***/.ivy2.5.2/jars/org.apache.httpcomponents.core5_httpcore5-h2-5.2.4.jar at spark://40aa9e29f527:37199/files/org.apache.httpcomponents.core5_httpcore5-h2-5.2.4.jar with timestamp 1751857895996
[2025-07-07T03:11:36.811+0000] {spark_submit.py:634} INFO - 25/07/07 03:11:36 INFO Utils: Copying /home/***/.ivy2.5.2/jars/org.apache.httpcomponents.core5_httpcore5-h2-5.2.4.jar to /tmp/spark-88736cbd-14ef-4acc-97ec-fc4821f2eaa5/userFiles-80c2cfcc-7235-42a8-a261-f56b675657cc/org.apache.httpcomponents.core5_httpcore5-h2-5.2.4.jar
[2025-07-07T03:11:36.815+0000] {spark_submit.py:634} INFO - 25/07/07 03:11:36 INFO SparkContext: Added file file:///home/***/.ivy2.5.2/jars/org.slf4j_slf4j-api-1.7.36.jar at spark://40aa9e29f527:37199/files/org.slf4j_slf4j-api-1.7.36.jar with timestamp 1751857895996
[2025-07-07T03:11:36.815+0000] {spark_submit.py:634} INFO - 25/07/07 03:11:36 INFO Utils: Copying /home/***/.ivy2.5.2/jars/org.slf4j_slf4j-api-1.7.36.jar to /tmp/spark-88736cbd-14ef-4acc-97ec-fc4821f2eaa5/userFiles-80c2cfcc-7235-42a8-a261-f56b675657cc/org.slf4j_slf4j-api-1.7.36.jar
[2025-07-07T03:11:36.819+0000] {spark_submit.py:634} INFO - 25/07/07 03:11:36 INFO SparkContext: Added file file:///home/***/.ivy2.5.2/jars/com.amazonaws_aws-java-sdk-bundle-1.12.316.jar at spark://40aa9e29f527:37199/files/com.amazonaws_aws-java-sdk-bundle-1.12.316.jar with timestamp 1751857895996
[2025-07-07T03:11:36.820+0000] {spark_submit.py:634} INFO - 25/07/07 03:11:36 INFO Utils: Copying /home/***/.ivy2.5.2/jars/com.amazonaws_aws-java-sdk-bundle-1.12.316.jar to /tmp/spark-88736cbd-14ef-4acc-97ec-fc4821f2eaa5/userFiles-80c2cfcc-7235-42a8-a261-f56b675657cc/com.amazonaws_aws-java-sdk-bundle-1.12.316.jar
[2025-07-07T03:11:36.975+0000] {spark_submit.py:634} INFO - 25/07/07 03:11:36 INFO SparkContext: Added file file:///home/***/.ivy2.5.2/jars/org.wildfly.openssl_wildfly-openssl-1.1.3.Final.jar at spark://40aa9e29f527:37199/files/org.wildfly.openssl_wildfly-openssl-1.1.3.Final.jar with timestamp 1751857895996
[2025-07-07T03:11:36.975+0000] {spark_submit.py:634} INFO - 25/07/07 03:11:36 INFO Utils: Copying /home/***/.ivy2.5.2/jars/org.wildfly.openssl_wildfly-openssl-1.1.3.Final.jar to /tmp/spark-88736cbd-14ef-4acc-97ec-fc4821f2eaa5/userFiles-80c2cfcc-7235-42a8-a261-f56b675657cc/org.wildfly.openssl_wildfly-openssl-1.1.3.Final.jar
[2025-07-07T03:11:36.989+0000] {spark_submit.py:634} INFO - 25/07/07 03:11:36 INFO SecurityManager: Changing view acls to: ***
[2025-07-07T03:11:36.989+0000] {spark_submit.py:634} INFO - 25/07/07 03:11:36 INFO SecurityManager: Changing modify acls to: ***
[2025-07-07T03:11:36.989+0000] {spark_submit.py:634} INFO - 25/07/07 03:11:36 INFO SecurityManager: Changing view acls groups to: ***
[2025-07-07T03:11:36.990+0000] {spark_submit.py:634} INFO - 25/07/07 03:11:36 INFO SecurityManager: Changing modify acls groups to: ***
[2025-07-07T03:11:36.990+0000] {spark_submit.py:634} INFO - 25/07/07 03:11:36 INFO SecurityManager: SecurityManager: authentication disabled; ui acls disabled; users with view permissions: *** groups with view permissions: EMPTY; users with modify permissions: ***; groups with modify permissions: EMPTY; RPC SSL disabled
[2025-07-07T03:11:37.123+0000] {spark_submit.py:634} INFO - 25/07/07 03:11:37 INFO StandaloneAppClient$ClientEndpoint: Connecting to master spark://spark-master:7077...
[2025-07-07T03:11:37.206+0000] {spark_submit.py:634} INFO - 25/07/07 03:11:37 INFO TransportClientFactory: Successfully created connection to spark-master/172.21.0.6:7077 after 12 ms (0 ms spent in bootstraps)
[2025-07-07T03:11:37.286+0000] {spark_submit.py:634} INFO - 25/07/07 03:11:37 INFO StandaloneSchedulerBackend: Connected to Spark cluster with app ID app-20250707031137-0018
[2025-07-07T03:11:37.291+0000] {spark_submit.py:634} INFO - 25/07/07 03:11:37 INFO Utils: Successfully started service 'org.apache.spark.network.netty.NettyBlockTransferService' on port 44393.
[2025-07-07T03:11:37.292+0000] {spark_submit.py:634} INFO - 25/07/07 03:11:37 INFO NettyBlockTransferService: Server created on 40aa9e29f527:44393
[2025-07-07T03:11:37.292+0000] {spark_submit.py:634} INFO - 25/07/07 03:11:37 INFO BlockManager: Using org.apache.spark.storage.RandomBlockReplicationPolicy for block replication policy
[2025-07-07T03:11:37.300+0000] {spark_submit.py:634} INFO - 25/07/07 03:11:37 INFO BlockManagerMaster: Registering BlockManager BlockManagerId(driver, 40aa9e29f527, 44393, None)
[2025-07-07T03:11:37.303+0000] {spark_submit.py:634} INFO - 25/07/07 03:11:37 INFO BlockManagerMasterEndpoint: Registering block manager 40aa9e29f527:44393 with 413.9 MiB RAM, BlockManagerId(driver, 40aa9e29f527, 44393, None)
[2025-07-07T03:11:37.305+0000] {spark_submit.py:634} INFO - 25/07/07 03:11:37 INFO BlockManagerMaster: Registered BlockManager BlockManagerId(driver, 40aa9e29f527, 44393, None)
[2025-07-07T03:11:37.305+0000] {spark_submit.py:634} INFO - 25/07/07 03:11:37 INFO BlockManager: Initialized BlockManager: BlockManagerId(driver, 40aa9e29f527, 44393, None)
[2025-07-07T03:11:37.495+0000] {spark_submit.py:634} INFO - 25/07/07 03:11:37 INFO StandaloneSchedulerBackend: SchedulerBackend is ready for scheduling beginning after reached minRegisteredResourcesRatio: 0.0
[2025-07-07T03:11:40.333+0000] {spark_submit.py:634} INFO - 25/07/07 03:11:40 WARN MetricsConfig: Cannot locate configuration: tried hadoop-metrics2-s3a-file-system.properties,hadoop-metrics2.properties
[2025-07-07T03:11:40.600+0000] {spark_submit.py:634} INFO - 25/07/07 03:11:40 WARN FileSystem: Failed to initialize filesystem s3a://hasaki-datalake/ga4-data/hasakiwork/analytics_253437596/events/2025/4/15/0.parquet: java.lang.NumberFormatException: For input string: "30s"
[2025-07-07T03:11:40.602+0000] {spark_submit.py:634} INFO - 25/07/07 03:11:40 WARN FileStreamSink: Assume no metadata directory. Error while looking for metadata directory in the path: s3a://hasaki-datalake/ga4-data/hasakiwork/analytics_253437596/events/2025/4/15/0.parquet.
[2025-07-07T03:11:40.602+0000] {spark_submit.py:634} INFO - java.lang.NumberFormatException: For input string: "30s"
[2025-07-07T03:11:40.602+0000] {spark_submit.py:634} INFO - at java.base/java.lang.NumberFormatException.forInputString(NumberFormatException.java:67)
[2025-07-07T03:11:40.602+0000] {spark_submit.py:634} INFO - at java.base/java.lang.Integer.parseInt(Integer.java:668)
[2025-07-07T03:11:40.602+0000] {spark_submit.py:634} INFO - at java.base/java.lang.Integer.parseInt(Integer.java:786)
[2025-07-07T03:11:40.602+0000] {spark_submit.py:634} INFO - at org.apache.hadoop.conf.Configuration.getInt(Configuration.java:1554)
[2025-07-07T03:11:40.602+0000] {spark_submit.py:634} INFO - at org.apache.hadoop.fs.s3a.S3AUtils.intOption(S3AUtils.java:957)
[2025-07-07T03:11:40.602+0000] {spark_submit.py:634} INFO - at org.apache.hadoop.fs.s3a.S3AUtils.initConnectionSettings(S3AUtils.java:1256)
[2025-07-07T03:11:40.602+0000] {spark_submit.py:634} INFO - at org.apache.hadoop.fs.s3a.S3AUtils.createAwsConf(S3AUtils.java:1213)
[2025-07-07T03:11:40.602+0000] {spark_submit.py:634} INFO - at org.apache.hadoop.fs.s3a.DefaultS3ClientFactory.createS3Client(DefaultS3ClientFactory.java:118)
[2025-07-07T03:11:40.602+0000] {spark_submit.py:634} INFO - at org.apache.hadoop.fs.s3a.S3AFileSystem.bindAWSClient(S3AFileSystem.java:930)
[2025-07-07T03:11:40.602+0000] {spark_submit.py:634} INFO - at org.apache.hadoop.fs.s3a.S3AFileSystem.initialize(S3AFileSystem.java:548)
[2025-07-07T03:11:40.603+0000] {spark_submit.py:634} INFO - at org.apache.hadoop.fs.FileSystem.createFileSystem(FileSystem.java:3615)
[2025-07-07T03:11:40.603+0000] {spark_submit.py:634} INFO - at org.apache.hadoop.fs.FileSystem.access$300(FileSystem.java:172)
[2025-07-07T03:11:40.603+0000] {spark_submit.py:634} INFO - at org.apache.hadoop.fs.FileSystem$Cache.getInternal(FileSystem.java:3716)
[2025-07-07T03:11:40.603+0000] {spark_submit.py:634} INFO - at org.apache.hadoop.fs.FileSystem$Cache.get(FileSystem.java:3667)
[2025-07-07T03:11:40.603+0000] {spark_submit.py:634} INFO - at org.apache.hadoop.fs.FileSystem.get(FileSystem.java:557)
[2025-07-07T03:11:40.603+0000] {spark_submit.py:634} INFO - at org.apache.hadoop.fs.Path.getFileSystem(Path.java:366)
[2025-07-07T03:11:40.603+0000] {spark_submit.py:634} INFO - at org.apache.spark.sql.execution.streaming.FileStreamSink$.hasMetadata(FileStreamSink.scala:55)
[2025-07-07T03:11:40.603+0000] {spark_submit.py:634} INFO - at org.apache.spark.sql.execution.datasources.DataSource.resolveRelation(DataSource.scala:381)
[2025-07-07T03:11:40.603+0000] {spark_submit.py:634} INFO - at org.apache.spark.sql.catalyst.analysis.ResolveDataSource.org$apache$spark$sql$catalyst$analysis$ResolveDataSource$$loadV1BatchSource(ResolveDataSource.scala:143)
[2025-07-07T03:11:40.603+0000] {spark_submit.py:634} INFO - at org.apache.spark.sql.catalyst.analysis.ResolveDataSource$$anonfun$apply$1.$anonfun$applyOrElse$2(ResolveDataSource.scala:61)
[2025-07-07T03:11:40.603+0000] {spark_submit.py:634} INFO - at scala.Option.getOrElse(Option.scala:201)
[2025-07-07T03:11:40.603+0000] {spark_submit.py:634} INFO - at org.apache.spark.sql.catalyst.analysis.ResolveDataSource$$anonfun$apply$1.applyOrElse(ResolveDataSource.scala:61)
[2025-07-07T03:11:40.603+0000] {spark_submit.py:634} INFO - at org.apache.spark.sql.catalyst.analysis.ResolveDataSource$$anonfun$apply$1.applyOrElse(ResolveDataSource.scala:45)
[2025-07-07T03:11:40.603+0000] {spark_submit.py:634} INFO - at org.apache.spark.sql.catalyst.plans.logical.AnalysisHelper.$anonfun$resolveOperatorsUpWithPruning$3(AnalysisHelper.scala:139)
[2025-07-07T03:11:40.603+0000] {spark_submit.py:634} INFO - at org.apache.spark.sql.catalyst.trees.CurrentOrigin$.withOrigin(origin.scala:86)
[2025-07-07T03:11:40.603+0000] {spark_submit.py:634} INFO - at org.apache.spark.sql.catalyst.plans.logical.AnalysisHelper.$anonfun$resolveOperatorsUpWithPruning$1(AnalysisHelper.scala:139)
[2025-07-07T03:11:40.603+0000] {spark_submit.py:634} INFO - at org.apache.spark.sql.catalyst.plans.logical.AnalysisHelper$.allowInvokingTransformsInAnalyzer(AnalysisHelper.scala:416)
[2025-07-07T03:11:40.603+0000] {spark_submit.py:634} INFO - at org.apache.spark.sql.catalyst.plans.logical.AnalysisHelper.resolveOperatorsUpWithPruning(AnalysisHelper.scala:135)
[2025-07-07T03:11:40.603+0000] {spark_submit.py:634} INFO - at org.apache.spark.sql.catalyst.plans.logical.AnalysisHelper.resolveOperatorsUpWithPruning$(AnalysisHelper.scala:131)
[2025-07-07T03:11:40.603+0000] {spark_submit.py:634} INFO - at org.apache.spark.sql.catalyst.plans.logical.LogicalPlan.resolveOperatorsUpWithPruning(LogicalPlan.scala:37)
[2025-07-07T03:11:40.603+0000] {spark_submit.py:634} INFO - at org.apache.spark.sql.catalyst.plans.logical.AnalysisHelper.resolveOperatorsUp(AnalysisHelper.scala:112)
[2025-07-07T03:11:40.603+0000] {spark_submit.py:634} INFO - at org.apache.spark.sql.catalyst.plans.logical.AnalysisHelper.resolveOperatorsUp$(AnalysisHelper.scala:111)
[2025-07-07T03:11:40.604+0000] {spark_submit.py:634} INFO - at org.apache.spark.sql.catalyst.plans.logical.LogicalPlan.resolveOperatorsUp(LogicalPlan.scala:37)
[2025-07-07T03:11:40.604+0000] {spark_submit.py:634} INFO - at org.apache.spark.sql.catalyst.analysis.ResolveDataSource.apply(ResolveDataSource.scala:45)
[2025-07-07T03:11:40.604+0000] {spark_submit.py:634} INFO - at org.apache.spark.sql.catalyst.analysis.ResolveDataSource.apply(ResolveDataSource.scala:43)
[2025-07-07T03:11:40.604+0000] {spark_submit.py:634} INFO - at org.apache.spark.sql.catalyst.rules.RuleExecutor.$anonfun$execute$2(RuleExecutor.scala:242)
[2025-07-07T03:11:40.604+0000] {spark_submit.py:634} INFO - at scala.collection.LinearSeqOps.foldLeft(LinearSeq.scala:183)
[2025-07-07T03:11:40.604+0000] {spark_submit.py:634} INFO - at scala.collection.LinearSeqOps.foldLeft$(LinearSeq.scala:179)
[2025-07-07T03:11:40.604+0000] {spark_submit.py:634} INFO - at scala.collection.immutable.List.foldLeft(List.scala:79)
[2025-07-07T03:11:40.604+0000] {spark_submit.py:634} INFO - at org.apache.spark.sql.catalyst.rules.RuleExecutor.$anonfun$execute$1(RuleExecutor.scala:239)
[2025-07-07T03:11:40.604+0000] {spark_submit.py:634} INFO - at org.apache.spark.sql.catalyst.rules.RuleExecutor.$anonfun$execute$1$adapted(RuleExecutor.scala:231)
[2025-07-07T03:11:40.604+0000] {spark_submit.py:634} INFO - at scala.collection.immutable.List.foreach(List.scala:334)
[2025-07-07T03:11:40.604+0000] {spark_submit.py:634} INFO - at org.apache.spark.sql.catalyst.rules.RuleExecutor.execute(RuleExecutor.scala:231)
[2025-07-07T03:11:40.604+0000] {spark_submit.py:634} INFO - at org.apache.spark.sql.catalyst.analysis.Analyzer.org$apache$spark$sql$catalyst$analysis$Analyzer$$executeSameContext(Analyzer.scala:290)
[2025-07-07T03:11:40.604+0000] {spark_submit.py:634} INFO - at org.apache.spark.sql.catalyst.analysis.Analyzer.$anonfun$execute$1(Analyzer.scala:286)
[2025-07-07T03:11:40.604+0000] {spark_submit.py:634} INFO - at org.apache.spark.sql.catalyst.analysis.AnalysisContext$.withNewAnalysisContext(Analyzer.scala:234)
[2025-07-07T03:11:40.604+0000] {spark_submit.py:634} INFO - at org.apache.spark.sql.catalyst.analysis.Analyzer.execute(Analyzer.scala:286)
[2025-07-07T03:11:40.604+0000] {spark_submit.py:634} INFO - at org.apache.spark.sql.catalyst.analysis.Analyzer.execute(Analyzer.scala:249)
[2025-07-07T03:11:40.604+0000] {spark_submit.py:634} INFO - at org.apache.spark.sql.catalyst.rules.RuleExecutor.$anonfun$executeAndTrack$1(RuleExecutor.scala:201)
[2025-07-07T03:11:40.604+0000] {spark_submit.py:634} INFO - at org.apache.spark.sql.catalyst.QueryPlanningTracker$.withTracker(QueryPlanningTracker.scala:89)
[2025-07-07T03:11:40.604+0000] {spark_submit.py:634} INFO - at org.apache.spark.sql.catalyst.rules.RuleExecutor.executeAndTrack(RuleExecutor.scala:201)
[2025-07-07T03:11:40.604+0000] {spark_submit.py:634} INFO - at org.apache.spark.sql.catalyst.analysis.resolver.HybridAnalyzer.resolveInFixedPoint(HybridAnalyzer.scala:190)
[2025-07-07T03:11:40.604+0000] {spark_submit.py:634} INFO - at org.apache.spark.sql.catalyst.analysis.resolver.HybridAnalyzer.$anonfun$apply$1(HybridAnalyzer.scala:76)
[2025-07-07T03:11:40.604+0000] {spark_submit.py:634} INFO - at org.apache.spark.sql.catalyst.analysis.resolver.HybridAnalyzer.withTrackedAnalyzerBridgeState(HybridAnalyzer.scala:111)
[2025-07-07T03:11:40.605+0000] {spark_submit.py:634} INFO - at org.apache.spark.sql.catalyst.analysis.resolver.HybridAnalyzer.apply(HybridAnalyzer.scala:71)
[2025-07-07T03:11:40.605+0000] {spark_submit.py:634} INFO - at org.apache.spark.sql.catalyst.analysis.Analyzer.$anonfun$executeAndCheck$1(Analyzer.scala:280)
[2025-07-07T03:11:40.605+0000] {spark_submit.py:634} INFO - at org.apache.spark.sql.catalyst.plans.logical.AnalysisHelper$.markInAnalyzer(AnalysisHelper.scala:423)
[2025-07-07T03:11:40.605+0000] {spark_submit.py:634} INFO - at org.apache.spark.sql.catalyst.analysis.Analyzer.executeAndCheck(Analyzer.scala:280)
[2025-07-07T03:11:40.605+0000] {spark_submit.py:634} INFO - at org.apache.spark.sql.execution.QueryExecution.$anonfun$lazyAnalyzed$2(QueryExecution.scala:110)
[2025-07-07T03:11:40.605+0000] {spark_submit.py:634} INFO - at org.apache.spark.sql.catalyst.QueryPlanningTracker.measurePhase(QueryPlanningTracker.scala:148)
[2025-07-07T03:11:40.605+0000] {spark_submit.py:634} INFO - at org.apache.spark.sql.execution.QueryExecution.$anonfun$executePhase$2(QueryExecution.scala:278)
[2025-07-07T03:11:40.605+0000] {spark_submit.py:634} INFO - at org.apache.spark.sql.execution.QueryExecution$.withInternalError(QueryExecution.scala:654)
[2025-07-07T03:11:40.605+0000] {spark_submit.py:634} INFO - at org.apache.spark.sql.execution.QueryExecution.$anonfun$executePhase$1(QueryExecution.scala:278)
[2025-07-07T03:11:40.605+0000] {spark_submit.py:634} INFO - at org.apache.spark.sql.SparkSession.withActive(SparkSession.scala:804)
[2025-07-07T03:11:40.605+0000] {spark_submit.py:634} INFO - at org.apache.spark.sql.execution.QueryExecution.executePhase(QueryExecution.scala:277)
[2025-07-07T03:11:40.605+0000] {spark_submit.py:634} INFO - at org.apache.spark.sql.execution.QueryExecution.$anonfun$lazyAnalyzed$1(QueryExecution.scala:110)
[2025-07-07T03:11:40.605+0000] {spark_submit.py:634} INFO - at scala.util.Try$.apply(Try.scala:217)
[2025-07-07T03:11:40.605+0000] {spark_submit.py:634} INFO - at org.apache.spark.util.Utils$.doTryWithCallerStacktrace(Utils.scala:1378)
[2025-07-07T03:11:40.605+0000] {spark_submit.py:634} INFO - at org.apache.spark.util.LazyTry.tryT$lzycompute(LazyTry.scala:46)
[2025-07-07T03:11:40.605+0000] {spark_submit.py:634} INFO - at org.apache.spark.util.LazyTry.tryT(LazyTry.scala:46)
[2025-07-07T03:11:40.605+0000] {spark_submit.py:634} INFO - at org.apache.spark.util.LazyTry.get(LazyTry.scala:58)
[2025-07-07T03:11:40.605+0000] {spark_submit.py:634} INFO - at org.apache.spark.sql.execution.QueryExecution.analyzed(QueryExecution.scala:121)
[2025-07-07T03:11:40.605+0000] {spark_submit.py:634} INFO - at org.apache.spark.sql.execution.QueryExecution.assertAnalyzed(QueryExecution.scala:80)
[2025-07-07T03:11:40.605+0000] {spark_submit.py:634} INFO - at org.apache.spark.sql.classic.Dataset$.$anonfun$ofRows$1(Dataset.scala:115)
[2025-07-07T03:11:40.605+0000] {spark_submit.py:634} INFO - at org.apache.spark.sql.SparkSession.withActive(SparkSession.scala:804)
[2025-07-07T03:11:40.605+0000] {spark_submit.py:634} INFO - at org.apache.spark.sql.classic.Dataset$.ofRows(Dataset.scala:113)
[2025-07-07T03:11:40.606+0000] {spark_submit.py:634} INFO - at org.apache.spark.sql.classic.DataFrameReader.load(DataFrameReader.scala:109)
[2025-07-07T03:11:40.606+0000] {spark_submit.py:634} INFO - at org.apache.spark.sql.classic.DataFrameReader.load(DataFrameReader.scala:58)
[2025-07-07T03:11:40.606+0000] {spark_submit.py:634} INFO - at org.apache.spark.sql.DataFrameReader.parquet(DataFrameReader.scala:457)
[2025-07-07T03:11:40.606+0000] {spark_submit.py:634} INFO - at org.apache.spark.sql.classic.DataFrameReader.parquet(DataFrameReader.scala:306)
[2025-07-07T03:11:40.606+0000] {spark_submit.py:634} INFO - at org.apache.spark.sql.classic.DataFrameReader.parquet(DataFrameReader.scala:58)
[2025-07-07T03:11:40.606+0000] {spark_submit.py:634} INFO - at java.base/jdk.internal.reflect.NativeMethodAccessorImpl.invoke0(Native Method)
[2025-07-07T03:11:40.606+0000] {spark_submit.py:634} INFO - at java.base/jdk.internal.reflect.NativeMethodAccessorImpl.invoke(NativeMethodAccessorImpl.java:77)
[2025-07-07T03:11:40.606+0000] {spark_submit.py:634} INFO - at java.base/jdk.internal.reflect.DelegatingMethodAccessorImpl.invoke(DelegatingMethodAccessorImpl.java:43)
[2025-07-07T03:11:40.606+0000] {spark_submit.py:634} INFO - at java.base/java.lang.reflect.Method.invoke(Method.java:569)
[2025-07-07T03:11:40.606+0000] {spark_submit.py:634} INFO - at py4j.reflection.MethodInvoker.invoke(MethodInvoker.java:244)
[2025-07-07T03:11:40.606+0000] {spark_submit.py:634} INFO - at py4j.reflection.ReflectionEngine.invoke(ReflectionEngine.java:374)
[2025-07-07T03:11:40.606+0000] {spark_submit.py:634} INFO - at py4j.Gateway.invoke(Gateway.java:282)
[2025-07-07T03:11:40.606+0000] {spark_submit.py:634} INFO - at py4j.commands.AbstractCommand.invokeMethod(AbstractCommand.java:132)
[2025-07-07T03:11:40.606+0000] {spark_submit.py:634} INFO - at py4j.commands.CallCommand.execute(CallCommand.java:79)
[2025-07-07T03:11:40.606+0000] {spark_submit.py:634} INFO - at py4j.ClientServerConnection.waitForCommands(ClientServerConnection.java:184)
[2025-07-07T03:11:40.606+0000] {spark_submit.py:634} INFO - at py4j.ClientServerConnection.run(ClientServerConnection.java:108)
[2025-07-07T03:11:40.606+0000] {spark_submit.py:634} INFO - at java.base/java.lang.Thread.run(Thread.java:840)
[2025-07-07T03:11:40.610+0000] {spark_submit.py:634} INFO - 25/07/07 03:11:40 WARN MetricsConfig: Cannot locate configuration: tried hadoop-metrics2-s3a-file-system.properties,hadoop-metrics2.properties
[2025-07-07T03:11:40.613+0000] {spark_submit.py:634} INFO - 25/07/07 03:11:40 WARN FileSystem: Failed to initialize filesystem s3a://hasaki-datalake/ga4-data/hasakiwork/analytics_253437596/events/2025/4/15/0.parquet: java.lang.NumberFormatException: For input string: "30s"
[2025-07-07T03:11:40.620+0000] {spark_submit.py:634} INFO - Traceback (most recent call last):
[2025-07-07T03:11:40.620+0000] {spark_submit.py:634} INFO - File "/opt/***/spark_project/src/spark/spark_main_minio.py", line 99, in <module>
[2025-07-07T03:11:40.620+0000] {spark_submit.py:634} INFO - main()
[2025-07-07T03:11:40.620+0000] {spark_submit.py:634} INFO - File "/opt/***/spark_project/src/spark/spark_main_minio.py", line 56, in main
[2025-07-07T03:11:40.620+0000] {spark_submit.py:634} INFO - parquet_file = spark.read.parquet(file_path)
[2025-07-07T03:11:40.620+0000] {spark_submit.py:634} INFO - ^^^^^^^^^^^^^^^^^^^^^^^^^^^^^
[2025-07-07T03:11:40.620+0000] {spark_submit.py:634} INFO - File "/home/***/.local/lib/python3.11/site-packages/pyspark/python/lib/pyspark.zip/pyspark/sql/readwriter.py", line 642, in parquet
[2025-07-07T03:11:40.620+0000] {spark_submit.py:634} INFO - File "/home/***/.local/lib/python3.11/site-packages/pyspark/python/lib/py4j-0.10.9.9-src.zip/py4j/java_gateway.py", line 1362, in __call__
[2025-07-07T03:11:40.620+0000] {spark_submit.py:634} INFO - File "/home/***/.local/lib/python3.11/site-packages/pyspark/python/lib/pyspark.zip/pyspark/errors/exceptions/captured.py", line 288, in deco
[2025-07-07T03:11:40.679+0000] {spark_submit.py:634} INFO - pyspark.errors.exceptions.captured.NumberFormatException: For input string: "30s"
[2025-07-07T03:11:40.890+0000] {taskinstance.py:441} INFO - ::group::Post task execution logs
[2025-07-07T03:11:40.900+0000] {taskinstance.py:2890} ERROR - Task failed with exception
Traceback (most recent call last):
  File "/home/airflow/.local/lib/python3.11/site-packages/airflow/models/taskinstance.py", line 465, in _execute_task
    result = _execute_callable(context=context, **execute_callable_kwargs)
             ^^^^^^^^^^^^^^^^^^^^^^^^^^^^^^^^^^^^^^^^^^^^^^^^^^^^^^^^^^^^^
  File "/home/airflow/.local/lib/python3.11/site-packages/airflow/models/taskinstance.py", line 432, in _execute_callable
    return execute_callable(context=context, **execute_callable_kwargs)
           ^^^^^^^^^^^^^^^^^^^^^^^^^^^^^^^^^^^^^^^^^^^^^^^^^^^^^^^^^^^^
  File "/home/airflow/.local/lib/python3.11/site-packages/airflow/models/baseoperator.py", line 400, in wrapper
    return func(self, *args, **kwargs)
           ^^^^^^^^^^^^^^^^^^^^^^^^^^^
  File "/home/airflow/.local/lib/python3.11/site-packages/airflow/providers/apache/spark/operators/spark_submit.py", line 176, in execute
    self._hook.submit(self.application)
  File "/home/airflow/.local/lib/python3.11/site-packages/airflow/providers/apache/spark/hooks/spark_submit.py", line 560, in submit
    raise AirflowException(
airflow.exceptions.AirflowException: Cannot execute: spark-submit --master spark-master:7077 --packages com.clickhouse:clickhouse-jdbc:0.6.4,org.apache.httpcomponents.client5:httpclient5:5.3.1,org.apache.hadoop:hadoop-aws:3.3.5,com.amazonaws:aws-java-sdk-bundle:1.11.1026 --name arrow-spark --deploy-mode client /opt/***/spark_project/src/spark/spark_main_minio.py. Error code is: 1.
[2025-07-07T03:11:40.904+0000] {taskinstance.py:1205} INFO - Marking task as FAILED. dag_id=my_spark_inline, task_id=spark_write_data, execution_date=20250707T020622, start_date=20250707T031131, end_date=20250707T031140
[2025-07-07T03:11:40.912+0000] {standard_task_runner.py:110} ERROR - Failed to execute job 104 for task spark_write_data (Cannot execute: spark-submit --master spark-master:7077 --packages com.clickhouse:clickhouse-jdbc:0.6.4,org.apache.httpcomponents.client5:httpclient5:5.3.1,org.apache.hadoop:hadoop-aws:3.3.5,com.amazonaws:aws-java-sdk-bundle:1.11.1026 --name arrow-spark --deploy-mode client /opt/***/spark_project/src/spark/spark_main_minio.py. Error code is: 1.; 6201)
[2025-07-07T03:11:40.919+0000] {local_task_job_runner.py:240} INFO - Task exited with return code 1
[2025-07-07T03:11:40.928+0000] {taskinstance.py:3482} INFO - 0 downstream tasks scheduled from follow-on schedule check
[2025-07-07T03:11:40.929+0000] {local_task_job_runner.py:222} INFO - ::endgroup::
