[2025-07-07T03:30:26.539+0000] {local_task_job_runner.py:120} INFO - ::group::Pre task execution logs
[2025-07-07T03:30:26.645+0000] {taskinstance.py:2073} INFO - Dependencies all met for dep_context=non-requeueable deps ti=<TaskInstance: my_spark_inline.spark_write_data manual__2025-07-07T02:06:22.209511+00:00 [queued]>
[2025-07-07T03:30:26.649+0000] {taskinstance.py:2073} INFO - Dependencies all met for dep_context=requeueable deps ti=<TaskInstance: my_spark_inline.spark_write_data manual__2025-07-07T02:06:22.209511+00:00 [queued]>
[2025-07-07T03:30:26.650+0000] {taskinstance.py:2303} INFO - Starting attempt 17 of 17
[2025-07-07T03:30:26.663+0000] {taskinstance.py:2327} INFO - Executing <Task(SparkSubmitOperator): spark_write_data> on 2025-07-07 02:06:22.209511+00:00
[2025-07-07T03:30:26.667+0000] {standard_task_runner.py:63} INFO - Started process 7956 to run task
[2025-07-07T03:30:26.671+0000] {standard_task_runner.py:90} INFO - Running: ['***', 'tasks', 'run', 'my_spark_inline', 'spark_write_data', 'manual__2025-07-07T02:06:22.209511+00:00', '--job-id', '112', '--raw', '--subdir', 'DAGS_FOLDER/test_spark.py', '--cfg-path', '/tmp/tmp972y60nh']
[2025-07-07T03:30:26.673+0000] {standard_task_runner.py:91} INFO - Job 112: Subtask spark_write_data
[2025-07-07T03:30:26.686+0000] {logging_mixin.py:188} WARNING - /home/***/.local/lib/python3.11/site-packages/***/settings.py:195 DeprecationWarning: The sql_alchemy_conn option in [core] has been moved to the sql_alchemy_conn option in [database] - the old setting has been used, but please update your config.
[2025-07-07T03:30:26.709+0000] {task_command.py:426} INFO - Running <TaskInstance: my_spark_inline.spark_write_data manual__2025-07-07T02:06:22.209511+00:00 [running]> on host 40aa9e29f527
[2025-07-07T03:30:26.760+0000] {taskinstance.py:2644} INFO - Exporting env vars: AIRFLOW_CTX_DAG_OWNER='***' AIRFLOW_CTX_DAG_ID='my_spark_inline' AIRFLOW_CTX_TASK_ID='spark_write_data' AIRFLOW_CTX_EXECUTION_DATE='2025-07-07T02:06:22.209511+00:00' AIRFLOW_CTX_TRY_NUMBER='17' AIRFLOW_CTX_DAG_RUN_ID='manual__2025-07-07T02:06:22.209511+00:00'
[2025-07-07T03:30:26.760+0000] {taskinstance.py:430} INFO - ::endgroup::
[2025-07-07T03:30:26.774+0000] {base.py:84} INFO - Using connection ID 'spark-master' for task execution.
[2025-07-07T03:30:26.776+0000] {spark_submit.py:473} INFO - Spark-Submit cmd: spark-submit --master spark-master:7077 --packages com.clickhouse:clickhouse-jdbc:0.6.4,org.apache.httpcomponents.client5:httpclient5:5.3.1,org.apache.hadoop:hadoop-aws:3.3.5,com.amazonaws:aws-java-sdk-bundle:1.11.1026 --name arrow-spark --deploy-mode client /opt/***/spark_project/src/spark/spark_main_minio.py
[2025-07-07T03:30:27.011+0000] {spark_submit.py:634} INFO - WARNING: Using incubator modules: jdk.incubator.vector
[2025-07-07T03:30:28.408+0000] {spark_submit.py:634} INFO - :: loading settings :: url = jar:file:/home/***/.local/lib/python3.11/site-packages/pyspark/jars/ivy-2.5.3.jar!/org/apache/ivy/core/settings/ivysettings.xml
[2025-07-07T03:30:28.503+0000] {spark_submit.py:634} INFO - Ivy Default Cache set to: /home/***/.ivy2.5.2/cache
[2025-07-07T03:30:28.504+0000] {spark_submit.py:634} INFO - The jars for the packages stored in: /home/***/.ivy2.5.2/jars
[2025-07-07T03:30:28.506+0000] {spark_submit.py:634} INFO - com.clickhouse#clickhouse-jdbc added as a dependency
[2025-07-07T03:30:28.506+0000] {spark_submit.py:634} INFO - org.apache.httpcomponents.client5#httpclient5 added as a dependency
[2025-07-07T03:30:28.506+0000] {spark_submit.py:634} INFO - org.apache.hadoop#hadoop-aws added as a dependency
[2025-07-07T03:30:28.506+0000] {spark_submit.py:634} INFO - com.amazonaws#aws-java-sdk-bundle added as a dependency
[2025-07-07T03:30:28.506+0000] {spark_submit.py:634} INFO - :: resolving dependencies :: org.apache.spark#spark-submit-parent-b93977b8-2e9f-4bba-829c-5ce1f96961ac;1.0
[2025-07-07T03:30:28.506+0000] {spark_submit.py:634} INFO - confs: [default]
[2025-07-07T03:30:28.632+0000] {spark_submit.py:634} INFO - found com.clickhouse#clickhouse-jdbc;0.6.4 in central
[2025-07-07T03:30:28.695+0000] {spark_submit.py:634} INFO - found org.apache.httpcomponents.client5#httpclient5;5.3.1 in central
[2025-07-07T03:30:28.708+0000] {spark_submit.py:634} INFO - found org.apache.httpcomponents.core5#httpcore5;5.2.4 in central
[2025-07-07T03:30:28.787+0000] {spark_submit.py:634} INFO - found org.apache.httpcomponents.core5#httpcore5-h2;5.2.4 in central
[2025-07-07T03:30:28.797+0000] {spark_submit.py:634} INFO - found org.slf4j#slf4j-api;1.7.36 in central
[2025-07-07T03:30:28.885+0000] {spark_submit.py:634} INFO - found org.apache.hadoop#hadoop-aws;3.3.5 in central
[2025-07-07T03:30:28.893+0000] {spark_submit.py:634} INFO - found com.amazonaws#aws-java-sdk-bundle;1.12.316 in central
[2025-07-07T03:30:28.901+0000] {spark_submit.py:634} INFO - found org.wildfly.openssl#wildfly-openssl;1.1.3.Final in central
[2025-07-07T03:30:28.981+0000] {spark_submit.py:634} INFO - :: resolution report :: resolve 401ms :: artifacts dl 74ms
[2025-07-07T03:30:28.981+0000] {spark_submit.py:634} INFO - :: modules in use:
[2025-07-07T03:30:28.981+0000] {spark_submit.py:634} INFO - com.amazonaws#aws-java-sdk-bundle;1.12.316 from central in [default]
[2025-07-07T03:30:28.982+0000] {spark_submit.py:634} INFO - com.clickhouse#clickhouse-jdbc;0.6.4 from central in [default]
[2025-07-07T03:30:28.982+0000] {spark_submit.py:634} INFO - org.apache.hadoop#hadoop-aws;3.3.5 from central in [default]
[2025-07-07T03:30:28.982+0000] {spark_submit.py:634} INFO - org.apache.httpcomponents.client5#httpclient5;5.3.1 from central in [default]
[2025-07-07T03:30:28.982+0000] {spark_submit.py:634} INFO - org.apache.httpcomponents.core5#httpcore5;5.2.4 from central in [default]
[2025-07-07T03:30:28.982+0000] {spark_submit.py:634} INFO - org.apache.httpcomponents.core5#httpcore5-h2;5.2.4 from central in [default]
[2025-07-07T03:30:28.982+0000] {spark_submit.py:634} INFO - org.slf4j#slf4j-api;1.7.36 from central in [default]
[2025-07-07T03:30:28.982+0000] {spark_submit.py:634} INFO - org.wildfly.openssl#wildfly-openssl;1.1.3.Final from central in [default]
[2025-07-07T03:30:28.982+0000] {spark_submit.py:634} INFO - :: evicted modules:
[2025-07-07T03:30:28.982+0000] {spark_submit.py:634} INFO - com.amazonaws#aws-java-sdk-bundle;1.11.1026 by [com.amazonaws#aws-java-sdk-bundle;1.12.316] in [default]
[2025-07-07T03:30:28.982+0000] {spark_submit.py:634} INFO - ---------------------------------------------------------------------
[2025-07-07T03:30:28.983+0000] {spark_submit.py:634} INFO - |                  |            modules            ||   artifacts   |
[2025-07-07T03:30:28.983+0000] {spark_submit.py:634} INFO - |       conf       | number| search|dwnlded|evicted|| number|dwnlded|
[2025-07-07T03:30:28.983+0000] {spark_submit.py:634} INFO - ---------------------------------------------------------------------
[2025-07-07T03:30:28.983+0000] {spark_submit.py:634} INFO - |      default     |   9   |   0   |   0   |   1   ||   8   |   0   |
[2025-07-07T03:30:28.983+0000] {spark_submit.py:634} INFO - ---------------------------------------------------------------------
[2025-07-07T03:30:28.984+0000] {spark_submit.py:634} INFO - :: retrieving :: org.apache.spark#spark-submit-parent-b93977b8-2e9f-4bba-829c-5ce1f96961ac
[2025-07-07T03:30:28.984+0000] {spark_submit.py:634} INFO - confs: [default]
[2025-07-07T03:30:28.988+0000] {spark_submit.py:634} INFO - 0 artifacts copied, 8 already retrieved (0kB/4ms)
[2025-07-07T03:30:29.293+0000] {spark_submit.py:634} INFO - 25/07/07 03:30:29 WARN NativeCodeLoader: Unable to load native-hadoop library for your platform... using builtin-java classes where applicable
[2025-07-07T03:30:30.780+0000] {spark_submit.py:634} INFO - Using Spark's default log4j profile: org/apache/spark/log4j2-defaults.properties
[2025-07-07T03:30:30.786+0000] {spark_submit.py:634} INFO - 25/07/07 03:30:30 INFO SparkContext: Running Spark version 4.0.0
[2025-07-07T03:30:30.788+0000] {spark_submit.py:634} INFO - 25/07/07 03:30:30 INFO SparkContext: OS info Linux, 6.8.0-60-generic, amd64
[2025-07-07T03:30:30.788+0000] {spark_submit.py:634} INFO - 25/07/07 03:30:30 INFO SparkContext: Java version 17.0.15
[2025-07-07T03:30:30.803+0000] {spark_submit.py:634} INFO - 25/07/07 03:30:30 INFO ResourceUtils: ==============================================================
[2025-07-07T03:30:30.803+0000] {spark_submit.py:634} INFO - 25/07/07 03:30:30 INFO ResourceUtils: No custom resources configured for spark.driver.
[2025-07-07T03:30:30.803+0000] {spark_submit.py:634} INFO - 25/07/07 03:30:30 INFO ResourceUtils: ==============================================================
[2025-07-07T03:30:30.804+0000] {spark_submit.py:634} INFO - 25/07/07 03:30:30 INFO SparkContext: Submitted application: thanhdz
[2025-07-07T03:30:30.820+0000] {spark_submit.py:634} INFO - 25/07/07 03:30:30 INFO ResourceProfile: Default ResourceProfile created, executor resources: Map(cores -> name: cores, amount: 2, script: , vendor: , memory -> name: memory, amount: 4096, script: , vendor: , offHeap -> name: offHeap, amount: 0, script: , vendor: ), task resources: Map(cpus -> name: cpus, amount: 1.0)
[2025-07-07T03:30:30.822+0000] {spark_submit.py:634} INFO - 25/07/07 03:30:30 INFO ResourceProfile: Limiting resource is cpus at 2 tasks per executor
[2025-07-07T03:30:30.823+0000] {spark_submit.py:634} INFO - 25/07/07 03:30:30 INFO ResourceProfileManager: Added ResourceProfile id: 0
[2025-07-07T03:30:30.903+0000] {spark_submit.py:634} INFO - 25/07/07 03:30:30 INFO SecurityManager: Changing view acls to: ***
[2025-07-07T03:30:30.904+0000] {spark_submit.py:634} INFO - 25/07/07 03:30:30 INFO SecurityManager: Changing modify acls to: ***
[2025-07-07T03:30:30.904+0000] {spark_submit.py:634} INFO - 25/07/07 03:30:30 INFO SecurityManager: Changing view acls groups to: ***
[2025-07-07T03:30:30.904+0000] {spark_submit.py:634} INFO - 25/07/07 03:30:30 INFO SecurityManager: Changing modify acls groups to: ***
[2025-07-07T03:30:30.905+0000] {spark_submit.py:634} INFO - 25/07/07 03:30:30 INFO SecurityManager: SecurityManager: authentication disabled; ui acls disabled; users with view permissions: *** groups with view permissions: EMPTY; users with modify permissions: ***; groups with modify permissions: EMPTY; RPC SSL disabled
[2025-07-07T03:30:31.189+0000] {spark_submit.py:634} INFO - 25/07/07 03:30:31 INFO Utils: Successfully started service 'sparkDriver' on port 40961.
[2025-07-07T03:30:31.209+0000] {spark_submit.py:634} INFO - 25/07/07 03:30:31 INFO SparkEnv: Registering MapOutputTracker
[2025-07-07T03:30:31.216+0000] {spark_submit.py:634} INFO - 25/07/07 03:30:31 INFO SparkEnv: Registering BlockManagerMaster
[2025-07-07T03:30:31.283+0000] {spark_submit.py:634} INFO - 25/07/07 03:30:31 INFO BlockManagerMasterEndpoint: Using org.apache.spark.storage.DefaultTopologyMapper for getting topology information
[2025-07-07T03:30:31.283+0000] {spark_submit.py:634} INFO - 25/07/07 03:30:31 INFO BlockManagerMasterEndpoint: BlockManagerMasterEndpoint up
[2025-07-07T03:30:31.285+0000] {spark_submit.py:634} INFO - 25/07/07 03:30:31 INFO SparkEnv: Registering BlockManagerMasterHeartbeat
[2025-07-07T03:30:31.296+0000] {spark_submit.py:634} INFO - 25/07/07 03:30:31 INFO DiskBlockManager: Created local directory at /tmp/blockmgr-b5658a7b-d518-44ce-834e-4b8995538f07
[2025-07-07T03:30:31.307+0000] {spark_submit.py:634} INFO - 25/07/07 03:30:31 INFO SparkEnv: Registering OutputCommitCoordinator
[2025-07-07T03:30:31.421+0000] {spark_submit.py:634} INFO - 25/07/07 03:30:31 INFO JettyUtils: Start Jetty 0.0.0.0:4040 for SparkUI
[2025-07-07T03:30:31.507+0000] {spark_submit.py:634} INFO - 25/07/07 03:30:31 INFO Utils: Successfully started service 'SparkUI' on port 4040.
[2025-07-07T03:30:31.529+0000] {spark_submit.py:634} INFO - 25/07/07 03:30:31 INFO SparkContext: Added JAR file:///home/***/.ivy2.5.2/jars/com.clickhouse_clickhouse-jdbc-0.6.4.jar at spark://40aa9e29f527:40961/jars/com.clickhouse_clickhouse-jdbc-0.6.4.jar with timestamp 1751859030714
[2025-07-07T03:30:31.529+0000] {spark_submit.py:634} INFO - 25/07/07 03:30:31 INFO SparkContext: Added JAR file:///home/***/.ivy2.5.2/jars/org.apache.httpcomponents.client5_httpclient5-5.3.1.jar at spark://40aa9e29f527:40961/jars/org.apache.httpcomponents.client5_httpclient5-5.3.1.jar with timestamp 1751859030714
[2025-07-07T03:30:31.529+0000] {spark_submit.py:634} INFO - 25/07/07 03:30:31 INFO SparkContext: Added JAR file:///home/***/.ivy2.5.2/jars/org.apache.hadoop_hadoop-aws-3.3.5.jar at spark://40aa9e29f527:40961/jars/org.apache.hadoop_hadoop-aws-3.3.5.jar with timestamp 1751859030714
[2025-07-07T03:30:31.529+0000] {spark_submit.py:634} INFO - 25/07/07 03:30:31 INFO SparkContext: Added JAR file:///home/***/.ivy2.5.2/jars/org.apache.httpcomponents.core5_httpcore5-5.2.4.jar at spark://40aa9e29f527:40961/jars/org.apache.httpcomponents.core5_httpcore5-5.2.4.jar with timestamp 1751859030714
[2025-07-07T03:30:31.529+0000] {spark_submit.py:634} INFO - 25/07/07 03:30:31 INFO SparkContext: Added JAR file:///home/***/.ivy2.5.2/jars/org.apache.httpcomponents.core5_httpcore5-h2-5.2.4.jar at spark://40aa9e29f527:40961/jars/org.apache.httpcomponents.core5_httpcore5-h2-5.2.4.jar with timestamp 1751859030714
[2025-07-07T03:30:31.530+0000] {spark_submit.py:634} INFO - 25/07/07 03:30:31 INFO SparkContext: Added JAR file:///home/***/.ivy2.5.2/jars/org.slf4j_slf4j-api-1.7.36.jar at spark://40aa9e29f527:40961/jars/org.slf4j_slf4j-api-1.7.36.jar with timestamp 1751859030714
[2025-07-07T03:30:31.530+0000] {spark_submit.py:634} INFO - 25/07/07 03:30:31 INFO SparkContext: Added JAR file:///home/***/.ivy2.5.2/jars/com.amazonaws_aws-java-sdk-bundle-1.12.316.jar at spark://40aa9e29f527:40961/jars/com.amazonaws_aws-java-sdk-bundle-1.12.316.jar with timestamp 1751859030714
[2025-07-07T03:30:31.530+0000] {spark_submit.py:634} INFO - 25/07/07 03:30:31 INFO SparkContext: Added JAR file:///home/***/.ivy2.5.2/jars/org.wildfly.openssl_wildfly-openssl-1.1.3.Final.jar at spark://40aa9e29f527:40961/jars/org.wildfly.openssl_wildfly-openssl-1.1.3.Final.jar with timestamp 1751859030714
[2025-07-07T03:30:31.581+0000] {spark_submit.py:634} INFO - 25/07/07 03:30:31 INFO SparkContext: Added file file:///home/***/.ivy2.5.2/jars/com.clickhouse_clickhouse-jdbc-0.6.4.jar at spark://40aa9e29f527:40961/files/com.clickhouse_clickhouse-jdbc-0.6.4.jar with timestamp 1751859030714
[2025-07-07T03:30:31.582+0000] {spark_submit.py:634} INFO - 25/07/07 03:30:31 INFO Utils: Copying /home/***/.ivy2.5.2/jars/com.clickhouse_clickhouse-jdbc-0.6.4.jar to /tmp/spark-57d2cd5b-3598-4196-98af-d0bfad6c852c/userFiles-4eb02506-2951-4afa-9403-23c9df888505/com.clickhouse_clickhouse-jdbc-0.6.4.jar
[2025-07-07T03:30:31.592+0000] {spark_submit.py:634} INFO - 25/07/07 03:30:31 INFO SparkContext: Added file file:///home/***/.ivy2.5.2/jars/org.apache.httpcomponents.client5_httpclient5-5.3.1.jar at spark://40aa9e29f527:40961/files/org.apache.httpcomponents.client5_httpclient5-5.3.1.jar with timestamp 1751859030714
[2025-07-07T03:30:31.592+0000] {spark_submit.py:634} INFO - 25/07/07 03:30:31 INFO Utils: Copying /home/***/.ivy2.5.2/jars/org.apache.httpcomponents.client5_httpclient5-5.3.1.jar to /tmp/spark-57d2cd5b-3598-4196-98af-d0bfad6c852c/userFiles-4eb02506-2951-4afa-9403-23c9df888505/org.apache.httpcomponents.client5_httpclient5-5.3.1.jar
[2025-07-07T03:30:31.598+0000] {spark_submit.py:634} INFO - 25/07/07 03:30:31 INFO SparkContext: Added file file:///home/***/.ivy2.5.2/jars/org.apache.hadoop_hadoop-aws-3.3.5.jar at spark://40aa9e29f527:40961/files/org.apache.hadoop_hadoop-aws-3.3.5.jar with timestamp 1751859030714
[2025-07-07T03:30:31.598+0000] {spark_submit.py:634} INFO - 25/07/07 03:30:31 INFO Utils: Copying /home/***/.ivy2.5.2/jars/org.apache.hadoop_hadoop-aws-3.3.5.jar to /tmp/spark-57d2cd5b-3598-4196-98af-d0bfad6c852c/userFiles-4eb02506-2951-4afa-9403-23c9df888505/org.apache.hadoop_hadoop-aws-3.3.5.jar
[2025-07-07T03:30:31.604+0000] {spark_submit.py:634} INFO - 25/07/07 03:30:31 INFO SparkContext: Added file file:///home/***/.ivy2.5.2/jars/org.apache.httpcomponents.core5_httpcore5-5.2.4.jar at spark://40aa9e29f527:40961/files/org.apache.httpcomponents.core5_httpcore5-5.2.4.jar with timestamp 1751859030714
[2025-07-07T03:30:31.604+0000] {spark_submit.py:634} INFO - 25/07/07 03:30:31 INFO Utils: Copying /home/***/.ivy2.5.2/jars/org.apache.httpcomponents.core5_httpcore5-5.2.4.jar to /tmp/spark-57d2cd5b-3598-4196-98af-d0bfad6c852c/userFiles-4eb02506-2951-4afa-9403-23c9df888505/org.apache.httpcomponents.core5_httpcore5-5.2.4.jar
[2025-07-07T03:30:31.609+0000] {spark_submit.py:634} INFO - 25/07/07 03:30:31 INFO SparkContext: Added file file:///home/***/.ivy2.5.2/jars/org.apache.httpcomponents.core5_httpcore5-h2-5.2.4.jar at spark://40aa9e29f527:40961/files/org.apache.httpcomponents.core5_httpcore5-h2-5.2.4.jar with timestamp 1751859030714
[2025-07-07T03:30:31.609+0000] {spark_submit.py:634} INFO - 25/07/07 03:30:31 INFO Utils: Copying /home/***/.ivy2.5.2/jars/org.apache.httpcomponents.core5_httpcore5-h2-5.2.4.jar to /tmp/spark-57d2cd5b-3598-4196-98af-d0bfad6c852c/userFiles-4eb02506-2951-4afa-9403-23c9df888505/org.apache.httpcomponents.core5_httpcore5-h2-5.2.4.jar
[2025-07-07T03:30:31.613+0000] {spark_submit.py:634} INFO - 25/07/07 03:30:31 INFO SparkContext: Added file file:///home/***/.ivy2.5.2/jars/org.slf4j_slf4j-api-1.7.36.jar at spark://40aa9e29f527:40961/files/org.slf4j_slf4j-api-1.7.36.jar with timestamp 1751859030714
[2025-07-07T03:30:31.613+0000] {spark_submit.py:634} INFO - 25/07/07 03:30:31 INFO Utils: Copying /home/***/.ivy2.5.2/jars/org.slf4j_slf4j-api-1.7.36.jar to /tmp/spark-57d2cd5b-3598-4196-98af-d0bfad6c852c/userFiles-4eb02506-2951-4afa-9403-23c9df888505/org.slf4j_slf4j-api-1.7.36.jar
[2025-07-07T03:30:31.617+0000] {spark_submit.py:634} INFO - 25/07/07 03:30:31 INFO SparkContext: Added file file:///home/***/.ivy2.5.2/jars/com.amazonaws_aws-java-sdk-bundle-1.12.316.jar at spark://40aa9e29f527:40961/files/com.amazonaws_aws-java-sdk-bundle-1.12.316.jar with timestamp 1751859030714
[2025-07-07T03:30:31.617+0000] {spark_submit.py:634} INFO - 25/07/07 03:30:31 INFO Utils: Copying /home/***/.ivy2.5.2/jars/com.amazonaws_aws-java-sdk-bundle-1.12.316.jar to /tmp/spark-57d2cd5b-3598-4196-98af-d0bfad6c852c/userFiles-4eb02506-2951-4afa-9403-23c9df888505/com.amazonaws_aws-java-sdk-bundle-1.12.316.jar
[2025-07-07T03:30:31.763+0000] {spark_submit.py:634} INFO - 25/07/07 03:30:31 INFO SparkContext: Added file file:///home/***/.ivy2.5.2/jars/org.wildfly.openssl_wildfly-openssl-1.1.3.Final.jar at spark://40aa9e29f527:40961/files/org.wildfly.openssl_wildfly-openssl-1.1.3.Final.jar with timestamp 1751859030714
[2025-07-07T03:30:31.763+0000] {spark_submit.py:634} INFO - 25/07/07 03:30:31 INFO Utils: Copying /home/***/.ivy2.5.2/jars/org.wildfly.openssl_wildfly-openssl-1.1.3.Final.jar to /tmp/spark-57d2cd5b-3598-4196-98af-d0bfad6c852c/userFiles-4eb02506-2951-4afa-9403-23c9df888505/org.wildfly.openssl_wildfly-openssl-1.1.3.Final.jar
[2025-07-07T03:30:31.792+0000] {spark_submit.py:634} INFO - 25/07/07 03:30:31 INFO SecurityManager: Changing view acls to: ***
[2025-07-07T03:30:31.792+0000] {spark_submit.py:634} INFO - 25/07/07 03:30:31 INFO SecurityManager: Changing modify acls to: ***
[2025-07-07T03:30:31.792+0000] {spark_submit.py:634} INFO - 25/07/07 03:30:31 INFO SecurityManager: Changing view acls groups to: ***
[2025-07-07T03:30:31.793+0000] {spark_submit.py:634} INFO - 25/07/07 03:30:31 INFO SecurityManager: Changing modify acls groups to: ***
[2025-07-07T03:30:31.793+0000] {spark_submit.py:634} INFO - 25/07/07 03:30:31 INFO SecurityManager: SecurityManager: authentication disabled; ui acls disabled; users with view permissions: *** groups with view permissions: EMPTY; users with modify permissions: ***; groups with modify permissions: EMPTY; RPC SSL disabled
[2025-07-07T03:30:31.987+0000] {spark_submit.py:634} INFO - 25/07/07 03:30:31 INFO StandaloneAppClient$ClientEndpoint: Connecting to master spark://spark-master:7077...
[2025-07-07T03:30:32.015+0000] {spark_submit.py:634} INFO - 25/07/07 03:30:32 INFO TransportClientFactory: Successfully created connection to spark-master/172.21.0.6:7077 after 14 ms (0 ms spent in bootstraps)
[2025-07-07T03:30:32.111+0000] {spark_submit.py:634} INFO - 25/07/07 03:30:32 INFO StandaloneSchedulerBackend: Connected to Spark cluster with app ID app-20250707033032-0026
[2025-07-07T03:30:32.116+0000] {spark_submit.py:634} INFO - 25/07/07 03:30:32 INFO Utils: Successfully started service 'org.apache.spark.network.netty.NettyBlockTransferService' on port 36415.
[2025-07-07T03:30:32.116+0000] {spark_submit.py:634} INFO - 25/07/07 03:30:32 INFO NettyBlockTransferService: Server created on 40aa9e29f527:36415
[2025-07-07T03:30:32.118+0000] {spark_submit.py:634} INFO - 25/07/07 03:30:32 INFO BlockManager: Using org.apache.spark.storage.RandomBlockReplicationPolicy for block replication policy
[2025-07-07T03:30:32.187+0000] {spark_submit.py:634} INFO - 25/07/07 03:30:32 INFO BlockManagerMaster: Registering BlockManager BlockManagerId(driver, 40aa9e29f527, 36415, None)
[2025-07-07T03:30:32.193+0000] {spark_submit.py:634} INFO - 25/07/07 03:30:32 INFO BlockManagerMasterEndpoint: Registering block manager 40aa9e29f527:36415 with 413.9 MiB RAM, BlockManagerId(driver, 40aa9e29f527, 36415, None)
[2025-07-07T03:30:32.194+0000] {spark_submit.py:634} INFO - 25/07/07 03:30:32 INFO BlockManagerMaster: Registered BlockManager BlockManagerId(driver, 40aa9e29f527, 36415, None)
[2025-07-07T03:30:32.195+0000] {spark_submit.py:634} INFO - 25/07/07 03:30:32 INFO BlockManager: Initialized BlockManager: BlockManagerId(driver, 40aa9e29f527, 36415, None)
[2025-07-07T03:30:32.397+0000] {spark_submit.py:634} INFO - 25/07/07 03:30:32 INFO StandaloneSchedulerBackend: SchedulerBackend is ready for scheduling beginning after reached minRegisteredResourcesRatio: 0.0
[2025-07-07T03:30:34.716+0000] {spark_submit.py:634} INFO - ----------Hadoop Config Check-----------
[2025-07-07T03:30:34.719+0000] {spark_submit.py:634} INFO - yarn.nodemanager.amrmproxy.wait.uam-register.done = false
[2025-07-07T03:30:34.720+0000] {spark_submit.py:634} INFO - yarn.federation.enabled = false
[2025-07-07T03:30:34.720+0000] {spark_submit.py:634} INFO - yarn.nodemanager.log.trigger.delete.by-size.enabled = false
[2025-07-07T03:30:34.720+0000] {spark_submit.py:634} INFO - mapreduce.job.emit-timeline-data = false
[2025-07-07T03:30:34.720+0000] {spark_submit.py:634} INFO - yarn.resourcemanager.leveldb-state-store.path = ${hadoop.tmp.dir}/yarn/system/rmstore
[2025-07-07T03:30:34.781+0000] {spark_submit.py:634} INFO - yarn.federation.cache.class = org.apache.hadoop.yarn.server.federation.cache.FederationJCache
[2025-07-07T03:30:34.781+0000] {spark_submit.py:634} INFO - yarn.nodemanager.health-checker.scripts = script
[2025-07-07T03:30:34.781+0000] {spark_submit.py:634} INFO - yarn.minicluster.use-rpc = false
[2025-07-07T03:30:34.782+0000] {spark_submit.py:634} INFO - yarn.webapp.api-service.enable = false
[2025-07-07T03:30:34.783+0000] {spark_submit.py:634} INFO - fs.AbstractFileSystem.file.impl = org.apache.hadoop.fs.local.LocalFs
[2025-07-07T03:30:34.783+0000] {spark_submit.py:634} INFO - mapreduce.map.output.compress.codec = org.apache.hadoop.io.compress.DefaultCodec
[2025-07-07T03:30:34.784+0000] {spark_submit.py:634} INFO - yarn.resourcemanager.zk-client-ssl.enabled = false
[2025-07-07T03:30:34.784+0000] {spark_submit.py:634} INFO - yarn.nodemanager.windows-container.memory-limit.enabled = false
[2025-07-07T03:30:34.784+0000] {spark_submit.py:634} INFO - hadoop.security.group.mapping = org.apache.hadoop.security.JniBasedUnixGroupsMappingWithFallback
[2025-07-07T03:30:34.785+0000] {spark_submit.py:634} INFO - yarn.nodemanager.runtime.linux.docker.image-update = false
[2025-07-07T03:30:34.785+0000] {spark_submit.py:634} INFO - hadoop.http.sni.host.check.enabled = false
[2025-07-07T03:30:34.785+0000] {spark_submit.py:634} INFO - fs.s3a.access.key = sOiuVZbAAGgmvx7Gm9c1
[2025-07-07T03:30:34.785+0000] {spark_submit.py:634} INFO - yarn.resourcemanager.admin.address = ${yarn.resourcemanager.hostname}:8033
[2025-07-07T03:30:34.786+0000] {spark_submit.py:634} INFO - mapreduce.job.ubertask.enable = false
[2025-07-07T03:30:34.786+0000] {spark_submit.py:634} INFO - yarn.app.mapreduce.am.webapp.https.enabled = false
[2025-07-07T03:30:34.786+0000] {spark_submit.py:634} INFO - fs.viewfs.overload.scheme.target.gs.impl = com.google.cloud.hadoop.fs.gcs.GoogleHadoopFS
[2025-07-07T03:30:34.786+0000] {spark_submit.py:634} INFO - fs.viewfs.overload.scheme.target.ofs.impl = org.apache.hadoop.fs.ozone.RootedOzoneFileSystem
[2025-07-07T03:30:34.787+0000] {spark_submit.py:634} INFO - adl.feature.ownerandgroup.enableupn = false
[2025-07-07T03:30:34.794+0000] {spark_submit.py:634} INFO - yarn.nodemanager.amrmproxy.ha.enable = false
[2025-07-07T03:30:34.795+0000] {spark_submit.py:634} INFO - yarn.resourcemanager.recovery.enabled = false
[2025-07-07T03:30:34.796+0000] {spark_submit.py:634} INFO - yarn.nodemanager.least-load-policy-selector.use-active-core = false
[2025-07-07T03:30:34.797+0000] {spark_submit.py:634} INFO - ipc.cost-provider.impl = org.apache.hadoop.ipc.DefaultCostProvider
[2025-07-07T03:30:34.797+0000] {spark_submit.py:634} INFO - yarn.timeline-service.reader.webapp.address = ${yarn.timeline-service.webapp.address}
[2025-07-07T03:30:34.798+0000] {spark_submit.py:634} INFO - yarn.resourcemanager.webapp.cross-origin.enabled = false
[2025-07-07T03:30:34.798+0000] {spark_submit.py:634} INFO - yarn.scheduler.configuration.mutation.acl-policy.class = org.apache.hadoop.yarn.server.resourcemanager.scheduler.DefaultConfigurationMutationACLPolicy
[2025-07-07T03:30:34.799+0000] {spark_submit.py:634} INFO - yarn.timeline-service.reader.webapp.https.address = ${yarn.timeline-service.webapp.https.address}
[2025-07-07T03:30:34.799+0000] {spark_submit.py:634} INFO - yarn.resourcemanager.proxy-user-privileges.enabled = false
[2025-07-07T03:30:34.801+0000] {spark_submit.py:634} INFO - mapreduce.job.dfs.storage.capacity.kill-limit-exceed = false
[2025-07-07T03:30:34.801+0000] {spark_submit.py:634} INFO - yarn.resourcemanager.nodemanagers.heartbeat-interval-scaling-enable = false
[2025-07-07T03:30:34.801+0000] {spark_submit.py:634} INFO - yarn.resourcemanager.placement-constraints.handler = disabled
[2025-07-07T03:30:34.802+0000] {spark_submit.py:634} INFO - yarn.nodemanager.container-log-monitor.enable = false
[2025-07-07T03:30:34.802+0000] {spark_submit.py:634} INFO - yarn.nodemanager.linux-container-executor.cgroups.mount = false
[2025-07-07T03:30:34.802+0000] {spark_submit.py:634} INFO - yarn.sharedcache.checksum.algo.impl = org.apache.hadoop.yarn.sharedcache.ChecksumSHA256Impl
[2025-07-07T03:30:34.802+0000] {spark_submit.py:634} INFO - yarn.federation.gpg.policy.generator.readonly = false
[2025-07-07T03:30:34.802+0000] {spark_submit.py:634} INFO - fs.s3a.select.output.csv.quote.fields = always
[2025-07-07T03:30:34.802+0000] {spark_submit.py:634} INFO - mapreduce.job.classloader = false
[2025-07-07T03:30:34.803+0000] {spark_submit.py:634} INFO - yarn.log-aggregation-enable = false
[2025-07-07T03:30:34.803+0000] {spark_submit.py:634} INFO - yarn.router.webapp.appsinfo-enabled = false
[2025-07-07T03:30:34.803+0000] {spark_submit.py:634} INFO - yarn.resourcemanager.resource-profiles.enabled = false
[2025-07-07T03:30:34.803+0000] {spark_submit.py:634} INFO - yarn.nodemanager.numa-awareness.read-topology = false
[2025-07-07T03:30:34.804+0000] {spark_submit.py:634} INFO - yarn.timeline-service.entity-group-fs-store.done-dir = /tmp/entity-file-history/done/
[2025-07-07T03:30:34.804+0000] {spark_submit.py:634} INFO - fs.viewfs.overload.scheme.target.https.impl = org.apache.hadoop.fs.http.HttpsFileSystem
[2025-07-07T03:30:34.804+0000] {spark_submit.py:634} INFO - io.erasurecode.codec.rs-legacy.rawcoders = rs-legacy_java
[2025-07-07T03:30:34.805+0000] {spark_submit.py:634} INFO - yarn.router.subcluster.cleaner.interval.time = 60s
[2025-07-07T03:30:34.805+0000] {spark_submit.py:634} INFO - mapreduce.fileoutputcommitter.task.cleanup.enabled = false
[2025-07-07T03:30:34.805+0000] {spark_submit.py:634} INFO - yarn.timeline-service.entity-group-fs-store.with-user-dir = false
[2025-07-07T03:30:34.806+0000] {spark_submit.py:634} INFO - mapreduce.outputcommitter.factory.scheme.s3a = org.apache.hadoop.fs.s3a.commit.S3ACommitterFactory
[2025-07-07T03:30:34.806+0000] {spark_submit.py:634} INFO - fs.AbstractFileSystem.viewfs.impl = org.apache.hadoop.fs.viewfs.ViewFs
[2025-07-07T03:30:34.807+0000] {spark_submit.py:634} INFO - yarn.timeline-service.entity-group-fs-store.active-dir = /tmp/entity-file-history/active
[2025-07-07T03:30:34.807+0000] {spark_submit.py:634} INFO - fs.s3a.impl = org.apache.hadoop.fs.s3a.S3AFileSystem
[2025-07-07T03:30:34.807+0000] {spark_submit.py:634} INFO - io.compression.codec.bzip2.library = system-native
[2025-07-07T03:30:34.808+0000] {spark_submit.py:634} INFO - hadoop.metrics.jvm.use-thread-mxbean = false
[2025-07-07T03:30:34.808+0000] {spark_submit.py:634} INFO - yarn.nodemanager.resource.count-logical-processors-as-cores = false
[2025-07-07T03:30:34.808+0000] {spark_submit.py:634} INFO - mapreduce.outputcommitter.factory.scheme.gs = org.apache.hadoop.mapreduce.lib.output.committer.manifest.ManifestCommitterFactory
[2025-07-07T03:30:34.808+0000] {spark_submit.py:634} INFO - yarn.timeline-service.client.best-effort = false
[2025-07-07T03:30:34.809+0000] {spark_submit.py:634} INFO - yarn.resourcemanager.zk-state-store.parent-path = /rmstore
[2025-07-07T03:30:34.809+0000] {spark_submit.py:634} INFO - fs.AbstractFileSystem.wasbs.impl = org.apache.hadoop.fs.azure.Wasbs
[2025-07-07T03:30:34.811+0000] {spark_submit.py:634} INFO - yarn.nodemanager.log-aggregation.policy.class = org.apache.hadoop.yarn.server.nodemanager.containermanager.logaggregation.AllContainerLogAggregationPolicy
[2025-07-07T03:30:34.811+0000] {spark_submit.py:634} INFO - hadoop.security.crypto.codec.classes.sm4.ctr.nopadding = org.apache.hadoop.crypto.OpensslSm4CtrCryptoCodec, org.apache.hadoop.crypto.JceSm4CtrCryptoCodec
[2025-07-07T03:30:34.811+0000] {spark_submit.py:634} INFO - mapreduce.task.profile.map.params = ${mapreduce.task.profile.params}
[2025-07-07T03:30:34.812+0000] {spark_submit.py:634} INFO - yarn.federation.failover.random.order = false
[2025-07-07T03:30:34.812+0000] {spark_submit.py:634} INFO - yarn.nodemanager.runtime.linux.sandbox-mode = disabled
[2025-07-07T03:30:34.812+0000] {spark_submit.py:634} INFO - yarn.nodemanager.aux-services.manifest.enabled = false
[2025-07-07T03:30:34.812+0000] {spark_submit.py:634} INFO - fs.viewfs.overload.scheme.target.file.impl = org.apache.hadoop.fs.LocalFileSystem
[2025-07-07T03:30:34.812+0000] {spark_submit.py:634} INFO - yarn.federation.state-store.class = org.apache.hadoop.yarn.server.federation.store.impl.MemoryFederationStateStore
[2025-07-07T03:30:34.812+0000] {spark_submit.py:634} INFO - yarn.sharedcache.app-checker.class = org.apache.hadoop.yarn.server.sharedcachemanager.RemoteAppChecker
[2025-07-07T03:30:34.813+0000] {spark_submit.py:634} INFO - yarn.app.mapreduce.am.staging-dir = /tmp/hadoop-yarn/staging
[2025-07-07T03:30:34.813+0000] {spark_submit.py:634} INFO - fs.s3a.committer.staging.tmp.path = tmp/staging
[2025-07-07T03:30:34.813+0000] {spark_submit.py:634} INFO - yarn.nodemanager.recovery.enabled = false
[2025-07-07T03:30:34.814+0000] {spark_submit.py:634} INFO - hadoop.security.group.mapping.ldap.ssl = false
[2025-07-07T03:30:34.814+0000] {spark_submit.py:634} INFO - yarn.nodemanager.container-monitor.procfs-tree.smaps-based-rss.enabled = false
[2025-07-07T03:30:34.814+0000] {spark_submit.py:634} INFO - fs.viewfs.overload.scheme.target.swebhdfs.impl = org.apache.hadoop.hdfs.web.SWebHdfsFileSystem
[2025-07-07T03:30:34.815+0000] {spark_submit.py:634} INFO - yarn.webapp.filter-entity-list-by-user = false
[2025-07-07T03:30:34.815+0000] {spark_submit.py:634} INFO - hadoop.security.crypto.codec.classes.aes.ctr.nopadding = org.apache.hadoop.crypto.OpensslAesCtrCryptoCodec, org.apache.hadoop.crypto.JceAesCtrCryptoCodec
[2025-07-07T03:30:34.815+0000] {spark_submit.py:634} INFO - hadoop.ssl.server.conf = ssl-server.xml
[2025-07-07T03:30:34.816+0000] {spark_submit.py:634} INFO - hadoop.http.authentication.signature.secret.file = ${user.home}/hadoop-http-auth-signature-secret
[2025-07-07T03:30:34.816+0000] {spark_submit.py:634} INFO - yarn.nodemanager.log-dirs = ${yarn.log.dir}/userlogs
[2025-07-07T03:30:34.816+0000] {spark_submit.py:634} INFO - yarn.node-attribute.fs-store.impl.class = org.apache.hadoop.yarn.server.resourcemanager.nodelabels.FileSystemNodeAttributeStore
[2025-07-07T03:30:34.816+0000] {spark_submit.py:634} INFO - mapreduce.jobhistory.recovery.store.class = org.apache.hadoop.mapreduce.v2.hs.HistoryServerFileSystemStateStoreService
[2025-07-07T03:30:34.816+0000] {spark_submit.py:634} INFO - yarn.nodemanager.recovery.supervised = false
[2025-07-07T03:30:34.817+0000] {spark_submit.py:634} INFO - yarn.nodemanager.amrmproxy.interceptor-class.pipeline = org.apache.hadoop.yarn.server.nodemanager.amrmproxy.DefaultRequestInterceptor
[2025-07-07T03:30:34.817+0000] {spark_submit.py:634} INFO - hadoop.http.jmx.nan-filter.enabled = false
[2025-07-07T03:30:34.817+0000] {spark_submit.py:634} INFO - ipc.[port_number].callqueue.overflow.trigger.failover = false
[2025-07-07T03:30:34.817+0000] {spark_submit.py:634} INFO - ipc.client.low-latency = false
[2025-07-07T03:30:34.817+0000] {spark_submit.py:634} INFO - yarn.nodemanager.address = ${yarn.nodemanager.hostname}:0
[2025-07-07T03:30:34.817+0000] {spark_submit.py:634} INFO - yarn.scheduler.queue-placement-rules = user-group
[2025-07-07T03:30:34.817+0000] {spark_submit.py:634} INFO - yarn.timeline-service.address = ${yarn.timeline-service.hostname}:10200
[2025-07-07T03:30:34.818+0000] {spark_submit.py:634} INFO - yarn.sharedcache.enabled = false
[2025-07-07T03:30:34.818+0000] {spark_submit.py:634} INFO - yarn.timeline-service.http-cross-origin.enabled = false
[2025-07-07T03:30:34.818+0000] {spark_submit.py:634} INFO - yarn.router.interceptor.user-thread-pool.allow-core-thread-time-out = false
[2025-07-07T03:30:34.819+0000] {spark_submit.py:634} INFO - yarn.resourcemanager.application-tag-based-placement.enable = false
[2025-07-07T03:30:34.819+0000] {spark_submit.py:634} INFO - yarn.resourcemanager.reservation-system.enable = false
[2025-07-07T03:30:34.819+0000] {spark_submit.py:634} INFO - yarn.router.interceptor.user-thread-pool.keep-alive-time = 30s
[2025-07-07T03:30:34.819+0000] {spark_submit.py:634} INFO - hadoop.registry.secure = false
[2025-07-07T03:30:34.819+0000] {spark_submit.py:634} INFO - fs.wasb.impl = org.apache.hadoop.fs.azure.NativeAzureFileSystem
[2025-07-07T03:30:34.820+0000] {spark_submit.py:634} INFO - fs.viewfs.overload.scheme.target.http.impl = org.apache.hadoop.fs.http.HttpFileSystem
[2025-07-07T03:30:34.820+0000] {spark_submit.py:634} INFO - yarn.timeline-service.http-authentication.type = simple
[2025-07-07T03:30:34.820+0000] {spark_submit.py:634} INFO - hadoop.prometheus.endpoint.enabled = false
[2025-07-07T03:30:34.820+0000] {spark_submit.py:634} INFO - ipc.client.bind.wildcard.addr = false
[2025-07-07T03:30:34.820+0000] {spark_submit.py:634} INFO - yarn.resourcemanager.fail-fast = ${yarn.fail-fast}
[2025-07-07T03:30:34.820+0000] {spark_submit.py:634} INFO - yarn.resourcemanager.resource-profiles.source-file = resource-profiles.json
[2025-07-07T03:30:34.821+0000] {spark_submit.py:634} INFO - yarn.nodemanager.runtime.linux.docker.privileged-containers.allowed = false
[2025-07-07T03:30:34.822+0000] {spark_submit.py:634} INFO - hadoop.security.secure.random.impl = org.apache.hadoop.crypto.random.OpensslSecureRandom
[2025-07-07T03:30:34.822+0000] {spark_submit.py:634} INFO - fs.viewfs.overload.scheme.target.hdfs.impl = org.apache.hadoop.hdfs.DistributedFileSystem
[2025-07-07T03:30:34.823+0000] {spark_submit.py:634} INFO - yarn.resourcemanager.fs.state-store.uri = ${hadoop.tmp.dir}/yarn/system/rmstore
[2025-07-07T03:30:34.823+0000] {spark_submit.py:634} INFO - fs.AbstractFileSystem.adl.impl = org.apache.hadoop.fs.adl.Adl
[2025-07-07T03:30:34.824+0000] {spark_submit.py:634} INFO - fs.AbstractFileSystem.wasb.impl = org.apache.hadoop.fs.azure.Wasb
[2025-07-07T03:30:34.879+0000] {spark_submit.py:634} INFO - ipc.backoff.enable = false
[2025-07-07T03:30:34.880+0000] {spark_submit.py:634} INFO - yarn.resourcemanager.address = ${yarn.resourcemanager.hostname}:8032
[2025-07-07T03:30:34.880+0000] {spark_submit.py:634} INFO - ipc.[port_number].identity-provider.impl = org.apache.hadoop.ipc.UserIdentityProvider
[2025-07-07T03:30:34.880+0000] {spark_submit.py:634} INFO - fs.azure.secure.mode = false
[2025-07-07T03:30:34.881+0000] {spark_submit.py:634} INFO - yarn.nodemanager.collector-service.address = ${yarn.nodemanager.hostname}:8048
[2025-07-07T03:30:34.881+0000] {spark_submit.py:634} INFO - fs.abfss.impl = org.apache.hadoop.fs.azurebfs.SecureAzureBlobFileSystem
[2025-07-07T03:30:34.882+0000] {spark_submit.py:634} INFO - yarn.nodemanager.linux-container-executor.resources-handler.class = org.apache.hadoop.yarn.server.nodemanager.util.DefaultLCEResourcesHandler
[2025-07-07T03:30:34.883+0000] {spark_submit.py:634} INFO - yarn.resourcemanager.enable-node-untracked-without-include-path = false
[2025-07-07T03:30:34.883+0000] {spark_submit.py:634} INFO - hadoop.security.authentication = simple
[2025-07-07T03:30:34.883+0000] {spark_submit.py:634} INFO - mapreduce.task.files.preserve.failedtasks = false
[2025-07-07T03:30:34.885+0000] {spark_submit.py:634} INFO - yarn.router.webapp.cross-origin.enabled = false
[2025-07-07T03:30:34.885+0000] {spark_submit.py:634} INFO - fs.s3a.multipart.purge = false
[2025-07-07T03:30:34.886+0000] {spark_submit.py:634} INFO - yarn.rm.system-metrics-publisher.emit-container-events = false
[2025-07-07T03:30:34.886+0000] {spark_submit.py:634} INFO - yarn.resourcemanager.auto-update.containers = false
[2025-07-07T03:30:34.886+0000] {spark_submit.py:634} INFO - yarn.scheduler.configuration.leveldb-store.path = ${hadoop.tmp.dir}/yarn/system/confstore
[2025-07-07T03:30:34.887+0000] {spark_submit.py:634} INFO - yarn.resourcemanager.webapp.rest-csrf.enabled = false
[2025-07-07T03:30:34.887+0000] {spark_submit.py:634} INFO - hadoop.http.authentication.type = simple
[2025-07-07T03:30:34.887+0000] {spark_submit.py:634} INFO - yarn.nodemanager.dispatcher.metric.enable = false
[2025-07-07T03:30:34.888+0000] {spark_submit.py:634} INFO - yarn.nodemanager.numa-awareness.enabled = false
[2025-07-07T03:30:34.888+0000] {spark_submit.py:634} INFO - fs.AbstractFileSystem.webhdfs.impl = org.apache.hadoop.fs.WebHdfs
[2025-07-07T03:30:34.888+0000] {spark_submit.py:634} INFO - yarn.timeline-service.webapp.https.address = ${yarn.timeline-service.hostname}:8190
[2025-07-07T03:30:34.889+0000] {spark_submit.py:634} INFO - fs.abfs.impl = org.apache.hadoop.fs.azurebfs.AzureBlobFileSystem
[2025-07-07T03:30:34.889+0000] {spark_submit.py:634} INFO - yarn.registry.class = org.apache.hadoop.registry.client.impl.FSRegistryOperationsService
[2025-07-07T03:30:34.889+0000] {spark_submit.py:634} INFO - yarn.nodemanager.resource.memory.enabled = false
[2025-07-07T03:30:34.889+0000] {spark_submit.py:634} INFO - dfs.client.ignore.namenode.default.kms.uri = false
[2025-07-07T03:30:34.890+0000] {spark_submit.py:634} INFO - hadoop.registry.zk.root = /registry
[2025-07-07T03:30:34.890+0000] {spark_submit.py:634} INFO - yarn.nodemanager.amrmproxy.enabled = false
[2025-07-07T03:30:34.890+0000] {spark_submit.py:634} INFO - yarn.nodemanager.remote-app-log-dir-suffix = logs
[2025-07-07T03:30:34.890+0000] {spark_submit.py:634} INFO - mapreduce.jobhistory.principal = jhs/_HOST@REALM.TLD
[2025-07-07T03:30:34.891+0000] {spark_submit.py:634} INFO - yarn.federation.state-store.heartbeat.initial-delay = 30s
[2025-07-07T03:30:34.891+0000] {spark_submit.py:634} INFO - yarn.federation.gpg.application.cleaner.class = org.apache.hadoop.yarn.server.globalpolicygenerator.applicationcleaner.DefaultApplicationCleaner
[2025-07-07T03:30:34.891+0000] {spark_submit.py:634} INFO - fs.s3n.awsSecretAccessKey = esMneNDLEzNoVz8mXrqgMl3GvOyfflD7nTBEm0Po
[2025-07-07T03:30:34.891+0000] {spark_submit.py:634} INFO - fs.s3a.accesspoint.required = false
[2025-07-07T03:30:34.891+0000] {spark_submit.py:634} INFO - fs.azure.authorization = false
[2025-07-07T03:30:34.891+0000] {spark_submit.py:634} INFO - mapreduce.task.ping-for-liveliness-check.enabled = false
[2025-07-07T03:30:34.892+0000] {spark_submit.py:634} INFO - ipc.callqueue.overflow.trigger.failover = false
[2025-07-07T03:30:34.892+0000] {spark_submit.py:634} INFO - mapreduce.task.profile.params = -agentlib:hprof=cpu=samples,heap=sites,force=n,thread=y,verbose=n,file=%s
[2025-07-07T03:30:34.892+0000] {spark_submit.py:634} INFO - yarn.acl.reservation-enable = false
[2025-07-07T03:30:34.892+0000] {spark_submit.py:634} INFO - fs.azure.local.sas.key.mode = false
[2025-07-07T03:30:34.892+0000] {spark_submit.py:634} INFO - yarn.nodemanager.runtime.linux.docker.host-pid-namespace.allowed = false
[2025-07-07T03:30:34.893+0000] {spark_submit.py:634} INFO - yarn.node-labels.enabled = false
[2025-07-07T03:30:34.893+0000] {spark_submit.py:634} INFO - yarn.nodemanager.resource.detect-hardware-capabilities = false
[2025-07-07T03:30:34.893+0000] {spark_submit.py:634} INFO - yarn.federation.state-store.sql.pool-name = YARN-Federation-DataBasePool
[2025-07-07T03:30:34.893+0000] {spark_submit.py:634} INFO - yarn.resourcemanager.scheduler.class = org.apache.hadoop.yarn.server.resourcemanager.scheduler.capacity.CapacityScheduler
[2025-07-07T03:30:34.893+0000] {spark_submit.py:634} INFO - yarn.is.minicluster = false
[2025-07-07T03:30:34.893+0000] {spark_submit.py:634} INFO - mapreduce.shuffle.connection-keep-alive.enable = false
[2025-07-07T03:30:34.894+0000] {spark_submit.py:634} INFO - hadoop.security.groups.shell.command.timeout = 0s
[2025-07-07T03:30:34.894+0000] {spark_submit.py:634} INFO - yarn.nodemanager.disk-validator = basic
[2025-07-07T03:30:34.895+0000] {spark_submit.py:634} INFO - yarn.resourcemanager.scheduler.address = ${yarn.resourcemanager.hostname}:8030
[2025-07-07T03:30:34.895+0000] {spark_submit.py:634} INFO - ipc.[port_number].decay-scheduler.backoff.responsetime.thresholds = 10s,20s,30s,40s
[2025-07-07T03:30:34.895+0000] {spark_submit.py:634} INFO - hadoop.service.shutdown.timeout = 30s
[2025-07-07T03:30:34.895+0000] {spark_submit.py:634} INFO - mapreduce.shuffle.ssl.enabled = false
[2025-07-07T03:30:34.896+0000] {spark_submit.py:634} INFO - yarn.resourcemanager.ha.enabled = false
[2025-07-07T03:30:34.896+0000] {spark_submit.py:634} INFO - yarn.federation.state-store.clean-up-retry-sleep-time = 1s
[2025-07-07T03:30:34.896+0000] {spark_submit.py:634} INFO - fs.viewfs.overload.scheme.target.abfs.impl = org.apache.hadoop.fs.azurebfs.AzureBlobFileSystem
[2025-07-07T03:30:34.897+0000] {spark_submit.py:634} INFO - hadoop.http.cross-origin.enabled = false
[2025-07-07T03:30:34.897+0000] {spark_submit.py:634} INFO - yarn.scheduler.include-port-in-node-name = false
[2025-07-07T03:30:34.897+0000] {spark_submit.py:634} INFO - yarn.resourcemanager.state-store.max-completed-applications = ${yarn.resourcemanager.max-completed-applications}
[2025-07-07T03:30:34.897+0000] {spark_submit.py:634} INFO - fs.s3a.ssl.channel.mode = default_jsse
[2025-07-07T03:30:34.898+0000] {spark_submit.py:634} INFO - fs.s3a.change.detection.mode = server
[2025-07-07T03:30:34.898+0000] {spark_submit.py:634} INFO - fs.s3a.buffer.dir = ${env.LOCAL_DIRS:-${hadoop.tmp.dir}}/s3a
[2025-07-07T03:30:34.898+0000] {spark_submit.py:634} INFO - fs.s3.awsAccessKeyId = sOiuVZbAAGgmvx7Gm9c1
[2025-07-07T03:30:34.899+0000] {spark_submit.py:634} INFO - yarn.timeline-service.state-store-class = org.apache.hadoop.yarn.server.timeline.recovery.LeveldbTimelineStateStore
[2025-07-07T03:30:34.899+0000] {spark_submit.py:634} INFO - yarn.resourcemanager.opportunistic-container-allocation.enabled = false
[2025-07-07T03:30:34.899+0000] {spark_submit.py:634} INFO - hadoop.security.group.mapping.ldap.search.filter.group = (objectClass=group)
[2025-07-07T03:30:34.900+0000] {spark_submit.py:634} INFO - hadoop.security.group.mapping.ldap.search.filter.user = (&(objectClass=user)(sAMAccountName={0}))
[2025-07-07T03:30:34.900+0000] {spark_submit.py:634} INFO - ipc.server.log.slow.rpc = false
[2025-07-07T03:30:34.900+0000] {spark_submit.py:634} INFO - mapreduce.jobhistory.recovery.store.leveldb.path = ${hadoop.tmp.dir}/mapred/history/recoverystore
[2025-07-07T03:30:34.900+0000] {spark_submit.py:634} INFO - yarn.sharedcache.store.class = org.apache.hadoop.yarn.server.sharedcachemanager.store.InMemorySCMStore
[2025-07-07T03:30:34.901+0000] {spark_submit.py:634} INFO - yarn.app.mapreduce.am.webapp.https.client.auth = false
[2025-07-07T03:30:34.901+0000] {spark_submit.py:634} INFO - yarn.nodemanager.windows-container.cpu-limit.enabled = false
[2025-07-07T03:30:34.901+0000] {spark_submit.py:634} INFO - fs.viewfs.overload.scheme.target.ftp.impl = org.apache.hadoop.fs.ftp.FTPFileSystem
[2025-07-07T03:30:34.901+0000] {spark_submit.py:634} INFO - ipc.[port_number].decay-scheduler.backoff.responsetime.enable = false
[2025-07-07T03:30:34.901+0000] {spark_submit.py:634} INFO - yarn.timeline-service.hbase.coprocessor.jar.hdfs.location = /hbase/coprocessor/hadoop-yarn-server-timelineservice.jar
[2025-07-07T03:30:34.901+0000] {spark_submit.py:634} INFO - yarn.resourcemanager.scheduler.monitor.policies = org.apache.hadoop.yarn.server.resourcemanager.monitor.capacity.ProportionalCapacityPreemptionPolicy
[2025-07-07T03:30:34.902+0000] {spark_submit.py:634} INFO - yarn.router.webapp.interceptor-class.pipeline = org.apache.hadoop.yarn.server.router.webapp.DefaultRequestInterceptorREST
[2025-07-07T03:30:34.902+0000] {spark_submit.py:634} INFO - io.erasurecode.codec.rs.rawcoders = rs_native,rs_java
[2025-07-07T03:30:34.902+0000] {spark_submit.py:634} INFO - yarn.resourcemanager.delegation-token-renewer.thread-retry-interval = 60s
[2025-07-07T03:30:34.903+0000] {spark_submit.py:634} INFO - mapreduce.cluster.acls.enabled = false
[2025-07-07T03:30:34.903+0000] {spark_submit.py:634} INFO - mapreduce.outputcommitter.factory.scheme.abfs = org.apache.hadoop.fs.azurebfs.commit.AzureManifestCommitterFactory
[2025-07-07T03:30:34.903+0000] {spark_submit.py:634} INFO - yarn.nodemanager.runtime.linux.docker.default-container-network = host
[2025-07-07T03:30:34.904+0000] {spark_submit.py:634} INFO - mapreduce.app-submission.cross-platform = false
[2025-07-07T03:30:34.904+0000] {spark_submit.py:634} INFO - yarn.timeline-service.entity-group-fs-store.cache-store-class = org.apache.hadoop.yarn.server.timeline.MemoryTimelineStore
[2025-07-07T03:30:34.927+0000] {spark_submit.py:634} INFO - yarn.scheduler.configuration.fs.path = file://${hadoop.tmp.dir}/yarn/system/schedconf
[2025-07-07T03:30:34.927+0000] {spark_submit.py:634} INFO - fs.viewfs.overload.scheme.target.o3fs.impl = org.apache.hadoop.fs.ozone.OzoneFileSystem
[2025-07-07T03:30:34.927+0000] {spark_submit.py:634} INFO - fs.AbstractFileSystem.abfss.impl = org.apache.hadoop.fs.azurebfs.Abfss
[2025-07-07T03:30:34.927+0000] {spark_submit.py:634} INFO - mapreduce.jobhistory.recovery.store.fs.uri = ${hadoop.tmp.dir}/mapred/history/recoverystore
[2025-07-07T03:30:34.929+0000] {spark_submit.py:634} INFO - io.compression.codec.lzo.class = org.apache.hadoop.io.compress.LzoCodec
[2025-07-07T03:30:34.929+0000] {spark_submit.py:634} INFO - yarn.router.submit.interval.time = 10ms
[2025-07-07T03:30:34.931+0000] {spark_submit.py:634} INFO - yarn.nodemanager.runtime.linux.runc.image-tag-to-manifest-plugin.hdfs-hash-file = /runc-root/image-tag-to-hash
[2025-07-07T03:30:34.932+0000] {spark_submit.py:634} INFO - yarn.federation.gpg.webapp.connect-timeout = 30s
[2025-07-07T03:30:34.939+0000] {spark_submit.py:634} INFO - yarn.federation.gpg.policy.generator.class = org.apache.hadoop.yarn.server.globalpolicygenerator.policygenerator.NoOpGlobalPolicy
[2025-07-07T03:30:34.940+0000] {spark_submit.py:634} INFO - hadoop.security.instrumentation.requires.admin = false
[2025-07-07T03:30:34.941+0000] {spark_submit.py:634} INFO - mapreduce.jobhistory.done-dir = ${yarn.app.mapreduce.am.staging-dir}/history/done
[2025-07-07T03:30:34.943+0000] {spark_submit.py:634} INFO - yarn.fail-fast = false
[2025-07-07T03:30:34.943+0000] {spark_submit.py:634} INFO - yarn.resourcemanager.placement-constraints.algorithm.class = org.apache.hadoop.yarn.server.resourcemanager.scheduler.constraint.algorithm.DefaultPlacementAlgorithm
[2025-07-07T03:30:34.943+0000] {spark_submit.py:634} INFO - io.skip.checksum.errors = false
[2025-07-07T03:30:34.944+0000] {spark_submit.py:634} INFO - yarn.acl.enable = false
[2025-07-07T03:30:34.945+0000] {spark_submit.py:634} INFO - fs.AbstractFileSystem.swebhdfs.impl = org.apache.hadoop.fs.SWebHdfs
[2025-07-07T03:30:34.946+0000] {spark_submit.py:634} INFO - fs.azure.buffer.dir = ${env.LOCAL_DIRS:-${hadoop.tmp.dir}}/abfs
[2025-07-07T03:30:34.980+0000] {spark_submit.py:634} INFO - yarn.nodemanager.runtime.linux.docker.delayed-removal.allowed = false
[2025-07-07T03:30:34.980+0000] {spark_submit.py:634} INFO - mapreduce.jobhistory.always-scan-user-dir = false
[2025-07-07T03:30:34.980+0000] {spark_submit.py:634} INFO - yarn.resourcemanager.delegation-token.always-cancel = false
[2025-07-07T03:30:34.981+0000] {spark_submit.py:634} INFO - fs.viewfs.overload.scheme.target.webhdfs.impl = org.apache.hadoop.hdfs.web.WebHdfsFileSystem
[2025-07-07T03:30:34.982+0000] {spark_submit.py:634} INFO - hadoop.security.resolver.impl = org.apache.hadoop.net.DNSDomainNameResolver
[2025-07-07T03:30:34.982+0000] {spark_submit.py:634} INFO - hadoop.ssl.client.conf = ssl-client.xml
[2025-07-07T03:30:34.982+0000] {spark_submit.py:634} INFO - yarn.sharedcache.root-dir = /sharedcache
[2025-07-07T03:30:34.982+0000] {spark_submit.py:634} INFO - hadoop.security.groups.cache.background.reload = false
[2025-07-07T03:30:34.983+0000] {spark_submit.py:634} INFO - fs.viewfs.overload.scheme.target.s3a.impl = org.apache.hadoop.fs.s3a.S3AFileSystem
[2025-07-07T03:30:34.983+0000] {spark_submit.py:634} INFO - yarn.timeline-service.webapp.address = ${yarn.timeline-service.hostname}:8188
[2025-07-07T03:30:34.984+0000] {spark_submit.py:634} INFO - fs.AbstractFileSystem.ftp.impl = org.apache.hadoop.fs.ftp.FtpFs
[2025-07-07T03:30:34.985+0000] {spark_submit.py:634} INFO - mapreduce.job.reduce.shuffle.consumer.plugin.class = org.apache.hadoop.mapreduce.task.reduce.Shuffle
[2025-07-07T03:30:34.986+0000] {spark_submit.py:634} INFO - fs.trash.clean.trashroot.enable = false
[2025-07-07T03:30:34.987+0000] {spark_submit.py:634} INFO - hadoop.shell.missing.defaultFs.warning = false
[2025-07-07T03:30:34.987+0000] {spark_submit.py:634} INFO - hadoop.http.authentication.kerberos.keytab = ${user.home}/hadoop.keytab
[2025-07-07T03:30:34.988+0000] {spark_submit.py:634} INFO - fs.AbstractFileSystem.ofs.impl = org.apache.hadoop.fs.ozone.RootedOzFs
[2025-07-07T03:30:34.988+0000] {spark_submit.py:634} INFO - net.topology.node.switch.mapping.impl = org.apache.hadoop.net.ScriptBasedMapping
[2025-07-07T03:30:34.990+0000] {spark_submit.py:634} INFO - hadoop.kerberos.keytab.login.autorenewal.enabled = false
[2025-07-07T03:30:34.992+0000] {spark_submit.py:634} INFO - yarn.nodemanager.runtime.linux.runc.allowed-container-networks = host,none,bridge
[2025-07-07T03:30:34.993+0000] {spark_submit.py:634} INFO - yarn.nodemanager.localizer.address = ${yarn.nodemanager.hostname}:8040
[2025-07-07T03:30:34.994+0000] {spark_submit.py:634} INFO - fs.viewfs.overload.scheme.target.oss.impl = org.apache.hadoop.fs.aliyun.oss.AliyunOSSFileSystem
[2025-07-07T03:30:34.998+0000] {spark_submit.py:634} INFO - fs.viewfs.overload.scheme.target.wasb.impl = org.apache.hadoop.fs.azure.NativeAzureFileSystem
[2025-07-07T03:30:34.999+0000] {spark_submit.py:634} INFO - fs.wasbs.impl = org.apache.hadoop.fs.azure.NativeAzureFileSystem$Secure
[2025-07-07T03:30:34.999+0000] {spark_submit.py:634} INFO - hadoop.ssl.keystores.factory.class = org.apache.hadoop.security.ssl.FileBasedKeyStoresFactory
[2025-07-07T03:30:35.001+0000] {spark_submit.py:634} INFO - yarn.nodemanager.linux-container-executor.cgroups.strict-resource-usage = false
[2025-07-07T03:30:35.002+0000] {spark_submit.py:634} INFO - fs.ftp.impl = org.apache.hadoop.fs.ftp.FTPFileSystem
[2025-07-07T03:30:35.002+0000] {spark_submit.py:634} INFO - yarn.timeline-service.store-class = org.apache.hadoop.yarn.server.timeline.LeveldbTimelineStore
[2025-07-07T03:30:35.003+0000] {spark_submit.py:634} INFO - hadoop.tmp.dir = /tmp/hadoop-${user.name}
[2025-07-07T03:30:35.003+0000] {spark_submit.py:634} INFO - fs.s3a.etag.checksum.enabled = false
[2025-07-07T03:30:35.004+0000] {spark_submit.py:634} INFO - yarn.timeline-service.recovery.enabled = false
[2025-07-07T03:30:35.004+0000] {spark_submit.py:634} INFO - yarn.nodemanager.runtime.linux.runc.host-pid-namespace.allowed = false
[2025-07-07T03:30:35.005+0000] {spark_submit.py:634} INFO - fs.s3a.select.errors.include.sql = false
[2025-07-07T03:30:35.005+0000] {spark_submit.py:634} INFO - yarn.webapp.ui2.enable = false
[2025-07-07T03:30:35.006+0000] {spark_submit.py:634} INFO - yarn.nodemanager.elastic-memory-control.oom-handler = org.apache.hadoop.yarn.server.nodemanager.containermanager.linux.resources.DefaultOOMHandler
[2025-07-07T03:30:35.007+0000] {spark_submit.py:634} INFO - fs.AbstractFileSystem.o3fs.impl = org.apache.hadoop.fs.ozone.OzFs
[2025-07-07T03:30:35.007+0000] {spark_submit.py:634} INFO - yarn.federation.gpg.application.cleaner.interval-ms = -1s
[2025-07-07T03:30:35.007+0000] {spark_submit.py:634} INFO - mapreduce.output.fileoutputformat.compress = false
[2025-07-07T03:30:35.007+0000] {spark_submit.py:634} INFO - yarn.federation.gpg.subcluster.cleaner.interval-ms = -1ms
[2025-07-07T03:30:35.008+0000] {spark_submit.py:634} INFO - fs.AbstractFileSystem.har.impl = org.apache.hadoop.fs.HarFs
[2025-07-07T03:30:35.008+0000] {spark_submit.py:634} INFO - yarn.nodemanager.webapp.address = ${yarn.nodemanager.hostname}:8042
[2025-07-07T03:30:35.008+0000] {spark_submit.py:634} INFO - fs.s3n.awsAccessKeyId = sOiuVZbAAGgmvx7Gm9c1
[2025-07-07T03:30:35.009+0000] {spark_submit.py:634} INFO - yarn.timeline-service.webapp.rest-csrf.enabled = false
[2025-07-07T03:30:35.009+0000] {spark_submit.py:634} INFO - yarn.timeline-service.reader.class = org.apache.hadoop.yarn.server.timelineservice.storage.HBaseTimelineReaderImpl
[2025-07-07T03:30:35.010+0000] {spark_submit.py:634} INFO - yarn.app.mapreduce.am.staging-dir.erasurecoding.enabled = false
[2025-07-07T03:30:35.010+0000] {spark_submit.py:634} INFO - yarn.timeline-service.writer.class = org.apache.hadoop.yarn.server.timelineservice.storage.HBaseTimelineWriterImpl
[2025-07-07T03:30:35.010+0000] {spark_submit.py:634} INFO - yarn.federation.state-store.sql.conn-time-out = 10s
[2025-07-07T03:30:35.010+0000] {spark_submit.py:634} INFO - yarn.nodemanager.runtime.linux.runc.image-tag-to-manifest-plugin = org.apache.hadoop.yarn.server.nodemanager.containermanager.linux.runtime.runc.ImageTagToManifestPlugin
[2025-07-07T03:30:35.011+0000] {spark_submit.py:634} INFO - yarn.timeline-service.entity-group-fs-store.summary-store = org.apache.hadoop.yarn.server.timeline.LeveldbTimelineStore
[2025-07-07T03:30:35.011+0000] {spark_submit.py:634} INFO - mapreduce.output.fileoutputformat.compress.codec = org.apache.hadoop.io.compress.DefaultCodec
[2025-07-07T03:30:35.012+0000] {spark_submit.py:634} INFO - fs.AbstractFileSystem.gs.impl = com.google.cloud.hadoop.fs.gcs.GoogleHadoopFS
[2025-07-07T03:30:35.012+0000] {spark_submit.py:634} INFO - fs.adl.impl = org.apache.hadoop.fs.adl.AdlFileSystem
[2025-07-07T03:30:35.013+0000] {spark_submit.py:634} INFO - fs.s3a.connection.ssl.enabled = false
[2025-07-07T03:30:35.013+0000] {spark_submit.py:634} INFO - yarn.router.rmadmin.interceptor-class.pipeline = org.apache.hadoop.yarn.server.router.rmadmin.DefaultRMAdminRequestInterceptor
[2025-07-07T03:30:35.016+0000] {spark_submit.py:634} INFO - yarn.apps.cache.enable = false
[2025-07-07T03:30:35.016+0000] {spark_submit.py:634} INFO - fs.AbstractFileSystem.abfs.impl = org.apache.hadoop.fs.azurebfs.Abfs
[2025-07-07T03:30:35.017+0000] {spark_submit.py:634} INFO - fs.s3a.secret.key = esMneNDLEzNoVz8mXrqgMl3GvOyfflD7nTBEm0Po
[2025-07-07T03:30:35.017+0000] {spark_submit.py:634} INFO - yarn.resourcemanager.delegation-token-renewer.thread-timeout = 60s
[2025-07-07T03:30:35.018+0000] {spark_submit.py:634} INFO - yarn.federation.non-ha.enabled = false
[2025-07-07T03:30:35.018+0000] {spark_submit.py:634} INFO - io.compression.codec.lz4.use.lz4hc = false
[2025-07-07T03:30:35.019+0000] {spark_submit.py:634} INFO - yarn.nodemanager.health-checker.run-before-startup = false
[2025-07-07T03:30:35.019+0000] {spark_submit.py:634} INFO - mapreduce.jobhistory.intermediate-done-dir = ${yarn.app.mapreduce.am.staging-dir}/history/done_intermediate
[2025-07-07T03:30:35.020+0000] {spark_submit.py:634} INFO - io.serializations = org.apache.hadoop.io.serializer.WritableSerialization, org.apache.hadoop.io.serializer.avro.AvroSpecificSerialization, org.apache.hadoop.io.serializer.avro.AvroReflectSerialization
[2025-07-07T03:30:35.022+0000] {spark_submit.py:634} INFO - yarn.dispatcher.print-thread-pool.keep-alive-time = 10s
[2025-07-07T03:30:35.022+0000] {spark_submit.py:634} INFO - yarn.node-labels.fs-store.impl.class = org.apache.hadoop.yarn.nodelabels.FileSystemNodeLabelsStore
[2025-07-07T03:30:35.023+0000] {spark_submit.py:634} INFO - mapreduce.jobhistory.webapp.rest-csrf.enabled = false
[2025-07-07T03:30:35.079+0000] {spark_submit.py:634} INFO - yarn.nodemanager.container.stderr.pattern = {*stderr*,*STDERR*}
[2025-07-07T03:30:35.079+0000] {spark_submit.py:634} INFO - ipc.[port_number].cost-provider.impl = org.apache.hadoop.ipc.DefaultCostProvider
[2025-07-07T03:30:35.079+0000] {spark_submit.py:634} INFO - yarn.federation.gpg.webapp.read-timeout = 30s
[2025-07-07T03:30:35.079+0000] {spark_submit.py:634} INFO - fs.viewfs.overload.scheme.target.abfss.impl = org.apache.hadoop.fs.azurebfs.SecureAzureBlobFileSystem
[2025-07-07T03:30:35.079+0000] {spark_submit.py:634} INFO - yarn.resourcemanager.system-metrics-publisher.timeline-server-v1.enable-batch = false
[2025-07-07T03:30:35.079+0000] {spark_submit.py:634} INFO - fs.client.resolve.topology.enabled = false
[2025-07-07T03:30:35.080+0000] {spark_submit.py:634} INFO - mapreduce.job.map.output.collector.class = org.apache.hadoop.mapred.MapTask$MapOutputBuffer
[2025-07-07T03:30:35.081+0000] {spark_submit.py:634} INFO - fs.s3a.fast.upload.buffer = disk
[2025-07-07T03:30:35.082+0000] {spark_submit.py:634} INFO - yarn.nodemanager.containers-launcher.class = org.apache.hadoop.yarn.server.nodemanager.containermanager.launcher.ContainersLauncher
[2025-07-07T03:30:35.084+0000] {spark_submit.py:634} INFO - yarn.resourcemanager.scheduler.monitor.enable = false
[2025-07-07T03:30:35.085+0000] {spark_submit.py:634} INFO - yarn.nodemanager.elastic-memory-control.enabled = false
[2025-07-07T03:30:35.087+0000] {spark_submit.py:634} INFO - hadoop.security.authorization = false
[2025-07-07T03:30:35.088+0000] {spark_submit.py:634} INFO - mapreduce.jobhistory.minicluster.fixed.ports = false
[2025-07-07T03:30:35.090+0000] {spark_submit.py:634} INFO - yarn.resourcemanager.store.class = org.apache.hadoop.yarn.server.resourcemanager.recovery.FileSystemRMStateStore
[2025-07-07T03:30:35.090+0000] {spark_submit.py:634} INFO - yarn.nodemanager.webapp.rest-csrf.enabled = false
[2025-07-07T03:30:35.091+0000] {spark_submit.py:634} INFO - yarn.scheduler.configuration.zk-store.parent-path = /confstore
[2025-07-07T03:30:35.091+0000] {spark_submit.py:634} INFO - ipc.[port_number].backoff.enable = false
[2025-07-07T03:30:35.091+0000] {spark_submit.py:634} INFO - yarn.nodemanager.container-executor.class = org.apache.hadoop.yarn.server.nodemanager.DefaultContainerExecutor
[2025-07-07T03:30:35.092+0000] {spark_submit.py:634} INFO - ipc.identity-provider.impl = org.apache.hadoop.ipc.UserIdentityProvider
[2025-07-07T03:30:35.092+0000] {spark_submit.py:634} INFO - yarn.resourcemanager.submission-preprocessor.enabled = false
[2025-07-07T03:30:35.093+0000] {spark_submit.py:634} INFO - yarn.nodemanager.least-load-policy-selector.enabled = false
[2025-07-07T03:30:35.093+0000] {spark_submit.py:634} INFO - yarn.nodemanager.numa-awareness.numactl.cmd = /usr/bin/numactl
[2025-07-07T03:30:35.093+0000] {spark_submit.py:634} INFO - yarn.nodemanager.distributed-scheduling.enabled = false
[2025-07-07T03:30:35.093+0000] {spark_submit.py:634} INFO - ipc.client.fallback-to-simple-auth-allowed = false
[2025-07-07T03:30:35.093+0000] {spark_submit.py:634} INFO - yarn.minicluster.fixed.ports = false
[2025-07-07T03:30:35.094+0000] {spark_submit.py:634} INFO - yarn.nodemanager.remote-app-log-dir = /tmp/logs
[2025-07-07T03:30:35.095+0000] {spark_submit.py:634} INFO - mapreduce.jobhistory.recovery.enable = false
[2025-07-07T03:30:35.095+0000] {spark_submit.py:634} INFO - yarn.resourcemanager.webapp.address = ${yarn.resourcemanager.hostname}:8088
[2025-07-07T03:30:35.095+0000] {spark_submit.py:634} INFO - fs.s3a.aws.credentials.provider = org.apache.hadoop.fs.s3a.SimpleAWSCredentialsProvider
[2025-07-07T03:30:35.095+0000] {spark_submit.py:634} INFO - yarn.nodemanager.resource-plugins.fpga.vendor-plugin.class = org.apache.hadoop.yarn.server.nodemanager.containermanager.resourceplugin.fpga.IntelFpgaOpenclPlugin
[2025-07-07T03:30:35.096+0000] {spark_submit.py:634} INFO - yarn.timeline-service.enabled = false
[2025-07-07T03:30:35.096+0000] {spark_submit.py:634} INFO - hadoop.http.cross-origin.allowed-headers = X-Requested-With,Content-Type,Accept,Origin
[2025-07-07T03:30:35.096+0000] {spark_submit.py:634} INFO - mapreduce.task.profile = false
[2025-07-07T03:30:35.097+0000] {spark_submit.py:634} INFO - mapreduce.job.token.tracking.ids.enabled = false
[2025-07-07T03:30:35.097+0000] {spark_submit.py:634} INFO - fs.s3a.assumed.role.credentials.provider = org.apache.hadoop.fs.s3a.SimpleAWSCredentialsProvider
[2025-07-07T03:30:35.097+0000] {spark_submit.py:634} INFO - yarn.nodemanager.log-container-debug-info-on-error.enabled = false
[2025-07-07T03:30:35.097+0000] {spark_submit.py:634} INFO - yarn.apps.cache.expire = 30s
[2025-07-07T03:30:35.098+0000] {spark_submit.py:634} INFO - fs.AbstractFileSystem.hdfs.impl = org.apache.hadoop.fs.Hdfs
[2025-07-07T03:30:35.098+0000] {spark_submit.py:634} INFO - hadoop.http.filter.initializers = org.apache.hadoop.http.lib.StaticUserWebFilter
[2025-07-07T03:30:35.098+0000] {spark_submit.py:634} INFO - yarn.webapp.filter-invalid-xml-chars = false
[2025-07-07T03:30:35.098+0000] {spark_submit.py:634} INFO - yarn.nodemanager.runtime.linux.docker.allowed-container-networks = host,none,bridge
[2025-07-07T03:30:35.098+0000] {spark_submit.py:634} INFO - yarn.nodemanager.runtime.linux.runc.manifest-to-resources-plugin = org.apache.hadoop.yarn.server.nodemanager.containermanager.linux.runtime.runc.HdfsManifestToResourcesPlugin
[2025-07-07T03:30:35.098+0000] {spark_submit.py:634} INFO - yarn.resourcemanager.resource-tracker.address = ${yarn.resourcemanager.hostname}:8031
[2025-07-07T03:30:35.099+0000] {spark_submit.py:634} INFO - rpc.metrics.quantile.enable = false
[2025-07-07T03:30:35.099+0000] {spark_submit.py:634} INFO - yarn.federation.amrmproxy.register.uam.interval = 100ms
[2025-07-07T03:30:35.099+0000] {spark_submit.py:634} INFO - yarn.federation.subcluster-resolver.class = org.apache.hadoop.yarn.server.federation.resolver.DefaultSubClusterResolverImpl
[2025-07-07T03:30:35.099+0000] {spark_submit.py:634} INFO - yarn.router.clientrm.interceptor-class.pipeline = org.apache.hadoop.yarn.server.router.clientrm.DefaultClientRequestInterceptor
[2025-07-07T03:30:35.099+0000] {spark_submit.py:634} INFO - yarn.resourcemanager.system-metrics-publisher.enabled = false
[2025-07-07T03:30:35.100+0000] {spark_submit.py:634} INFO - hadoop.security.dns.log-slow-lookups.enabled = false
[2025-07-07T03:30:35.100+0000] {spark_submit.py:634} INFO - yarn.nodemanager.pluggable-device-framework.enabled = false
[2025-07-07T03:30:35.100+0000] {spark_submit.py:634} INFO - fs.s3.awsSecretAccessKey = esMneNDLEzNoVz8mXrqgMl3GvOyfflD7nTBEm0Po
[2025-07-07T03:30:35.100+0000] {spark_submit.py:634} INFO - mapreduce.job.encrypted-intermediate-data = false
[2025-07-07T03:30:35.101+0000] {spark_submit.py:634} INFO - yarn.nodemanager.webapp.cross-origin.enabled = false
[2025-07-07T03:30:35.101+0000] {spark_submit.py:634} INFO - yarn.nodemanager.opportunistic-containers-use-pause-for-preemption = false
[2025-07-07T03:30:35.101+0000] {spark_submit.py:634} INFO - yarn.minicluster.control-resource-monitoring = false
[2025-07-07T03:30:35.101+0000] {spark_submit.py:634} INFO - yarn.resourcemanager.resource-tracker.nm.ip-hostname-check = false
[2025-07-07T03:30:35.101+0000] {spark_submit.py:634} INFO - hadoop.ssl.require.client.cert = false
[2025-07-07T03:30:35.101+0000] {spark_submit.py:634} INFO - mapreduce.jobhistory.keytab = /etc/security/keytab/jhs.service.keytab
[2025-07-07T03:30:35.101+0000] {spark_submit.py:634} INFO - yarn.intermediate-data-encryption.enable = false
[2025-07-07T03:30:35.101+0000] {spark_submit.py:634} INFO - yarn.resourcemanager.node-labels.am.allow-non-exclusive-allocation = false
[2025-07-07T03:30:35.102+0000] {spark_submit.py:634} INFO - yarn.system-metrics-publisher.enabled = false
[2025-07-07T03:30:35.102+0000] {spark_submit.py:634} INFO - fs.AbstractFileSystem.s3a.impl = org.apache.hadoop.fs.s3a.S3A
[2025-07-07T03:30:35.102+0000] {spark_submit.py:634} INFO - yarn.client.load.resource-types.from-server = false
[2025-07-07T03:30:35.102+0000] {spark_submit.py:634} INFO - mapreduce.job.sharedcache.mode = disabled
[2025-07-07T03:30:35.102+0000] {spark_submit.py:634} INFO - mapreduce.job.hdfs-servers = ${fs.defaultFS}
[2025-07-07T03:30:35.103+0000] {spark_submit.py:634} INFO - mapreduce.map.output.compress = false
[2025-07-07T03:30:35.103+0000] {spark_submit.py:634} INFO - hadoop.registry.zk.quorum = localhost:2181
[2025-07-07T03:30:35.104+0000] {spark_submit.py:634} INFO - mapreduce.jvm.system-properties-to-log = os.name,os.version,java.home,java.runtime.version,java.vendor,java.version,java.vm.name,java.class.path,java.io.tmpdir,user.dir,user.name
[2025-07-07T03:30:35.104+0000] {spark_submit.py:634} INFO - hadoop.registry.system.acls = sasl:yarn@, sasl:mapred@, sasl:hdfs@
[2025-07-07T03:30:35.104+0000] {spark_submit.py:634} INFO - yarn.nodemanager.resource-plugins.gpu.docker-plugin.nvidia-docker-v1.endpoint = http://localhost:3476/v1.0/docker/cli
[2025-07-07T03:30:35.104+0000] {spark_submit.py:634} INFO - yarn.federation.gpg.webapp.cross-origin.enabled = false
[2025-07-07T03:30:35.104+0000] {spark_submit.py:634} INFO - mapreduce.task.profile.reduce.params = ${mapreduce.task.profile.params}
[2025-07-07T03:30:35.104+0000] {spark_submit.py:634} INFO - hadoop.caller.context.enabled = false
[2025-07-07T03:30:35.105+0000] {spark_submit.py:634} INFO - hadoop.security.sensitive-config-keys =
[2025-07-07T03:30:35.105+0000] {spark_submit.py:634} INFO - secret$
[2025-07-07T03:30:35.105+0000] {spark_submit.py:634} INFO - password$
[2025-07-07T03:30:35.105+0000] {spark_submit.py:634} INFO - ssl.keystore.pass$
[2025-07-07T03:30:35.105+0000] {spark_submit.py:634} INFO - fs.s3a.server-side-encryption.key
[2025-07-07T03:30:35.105+0000] {spark_submit.py:634} INFO - fs.s3a.*.server-side-encryption.key
[2025-07-07T03:30:35.105+0000] {spark_submit.py:634} INFO - fs.s3a.encryption.algorithm
[2025-07-07T03:30:35.105+0000] {spark_submit.py:634} INFO - fs.s3a.encryption.key
[2025-07-07T03:30:35.105+0000] {spark_submit.py:634} INFO - fs.s3a.secret.key
[2025-07-07T03:30:35.105+0000] {spark_submit.py:634} INFO - fs.s3a.*.secret.key
[2025-07-07T03:30:35.105+0000] {spark_submit.py:634} INFO - fs.s3a.session.key
[2025-07-07T03:30:35.105+0000] {spark_submit.py:634} INFO - fs.s3a.*.session.key
[2025-07-07T03:30:35.105+0000] {spark_submit.py:634} INFO - fs.s3a.session.token
[2025-07-07T03:30:35.105+0000] {spark_submit.py:634} INFO - fs.s3a.*.session.token
[2025-07-07T03:30:35.105+0000] {spark_submit.py:634} INFO - fs.azure.account.key.*
[2025-07-07T03:30:35.105+0000] {spark_submit.py:634} INFO - fs.azure.oauth2.*
[2025-07-07T03:30:35.106+0000] {spark_submit.py:634} INFO - fs.adl.oauth2.*
[2025-07-07T03:30:35.106+0000] {spark_submit.py:634} INFO - fs.gs.encryption.*
[2025-07-07T03:30:35.106+0000] {spark_submit.py:634} INFO - fs.gs.proxy.*
[2025-07-07T03:30:35.106+0000] {spark_submit.py:634} INFO - fs.gs.auth.*
[2025-07-07T03:30:35.106+0000] {spark_submit.py:634} INFO - credential$
[2025-07-07T03:30:35.106+0000] {spark_submit.py:634} INFO - oauth.*secret
[2025-07-07T03:30:35.106+0000] {spark_submit.py:634} INFO - oauth.*password
[2025-07-07T03:30:35.106+0000] {spark_submit.py:634} INFO - oauth.*token
[2025-07-07T03:30:35.106+0000] {spark_submit.py:634} INFO - hadoop.security.sensitive-config-keys
[2025-07-07T03:30:35.106+0000] {spark_submit.py:634} INFO - 
[2025-07-07T03:30:35.106+0000] {spark_submit.py:634} INFO - yarn.router.interceptor.allow-partial-result.enable = false
[2025-07-07T03:30:35.106+0000] {spark_submit.py:634} INFO - yarn.resourcemanager.webapp.https.address = ${yarn.resourcemanager.hostname}:8090
[2025-07-07T03:30:35.106+0000] {spark_submit.py:634} INFO - yarn.nodemanager.runtime.linux.runc.privileged-containers.allowed = false
[2025-07-07T03:30:35.106+0000] {spark_submit.py:634} INFO - hadoop.domainname.resolver.impl = org.apache.hadoop.net.DNSDomainNameResolver
[2025-07-07T03:30:35.106+0000] {spark_submit.py:634} INFO - fs.s3a.endpoint = https://minio.vgpu.rdhasaki.com
[2025-07-07T03:30:36.003+0000] {spark_submit.py:634} INFO - 25/07/07 03:30:36 WARN MetricsConfig: Cannot locate configuration: tried hadoop-metrics2-s3a-file-system.properties,hadoop-metrics2.properties
[2025-07-07T03:30:36.687+0000] {spark_submit.py:634} INFO - 25/07/07 03:30:36 WARN FileSystem: Failed to initialize filesystem s3a://hasaki-datalake/ga4-data/hasakiwork/analytics_253437596/events/2025/4/15/0.parquet: java.lang.NumberFormatException: For input string: "24h"
[2025-07-07T03:30:36.688+0000] {spark_submit.py:634} INFO - 25/07/07 03:30:36 WARN FileStreamSink: Assume no metadata directory. Error while looking for metadata directory in the path: s3a://hasaki-datalake/ga4-data/hasakiwork/analytics_253437596/events/2025/4/15/0.parquet.
[2025-07-07T03:30:36.689+0000] {spark_submit.py:634} INFO - java.lang.NumberFormatException: For input string: "24h"
[2025-07-07T03:30:36.689+0000] {spark_submit.py:634} INFO - at java.base/java.lang.NumberFormatException.forInputString(NumberFormatException.java:67)
[2025-07-07T03:30:36.689+0000] {spark_submit.py:634} INFO - at java.base/java.lang.Long.parseLong(Long.java:711)
[2025-07-07T03:30:36.689+0000] {spark_submit.py:634} INFO - at java.base/java.lang.Long.parseLong(Long.java:836)
[2025-07-07T03:30:36.689+0000] {spark_submit.py:634} INFO - at org.apache.hadoop.conf.Configuration.getLong(Configuration.java:1607)
[2025-07-07T03:30:36.689+0000] {spark_submit.py:634} INFO - at org.apache.hadoop.fs.s3a.S3AUtils.longOption(S3AUtils.java:978)
[2025-07-07T03:30:36.689+0000] {spark_submit.py:634} INFO - at org.apache.hadoop.fs.s3a.S3AFileSystem.initMultipartUploads(S3AFileSystem.java:1127)
[2025-07-07T03:30:36.690+0000] {spark_submit.py:634} INFO - at org.apache.hadoop.fs.s3a.S3AFileSystem.initialize(S3AFileSystem.java:599)
[2025-07-07T03:30:36.690+0000] {spark_submit.py:634} INFO - at org.apache.hadoop.fs.FileSystem.createFileSystem(FileSystem.java:3615)
[2025-07-07T03:30:36.690+0000] {spark_submit.py:634} INFO - at org.apache.hadoop.fs.FileSystem.access$300(FileSystem.java:172)
[2025-07-07T03:30:36.690+0000] {spark_submit.py:634} INFO - at org.apache.hadoop.fs.FileSystem$Cache.getInternal(FileSystem.java:3716)
[2025-07-07T03:30:36.690+0000] {spark_submit.py:634} INFO - at org.apache.hadoop.fs.FileSystem$Cache.get(FileSystem.java:3667)
[2025-07-07T03:30:36.690+0000] {spark_submit.py:634} INFO - at org.apache.hadoop.fs.FileSystem.get(FileSystem.java:557)
[2025-07-07T03:30:36.690+0000] {spark_submit.py:634} INFO - at org.apache.hadoop.fs.Path.getFileSystem(Path.java:366)
[2025-07-07T03:30:36.690+0000] {spark_submit.py:634} INFO - at org.apache.spark.sql.execution.streaming.FileStreamSink$.hasMetadata(FileStreamSink.scala:55)
[2025-07-07T03:30:36.690+0000] {spark_submit.py:634} INFO - at org.apache.spark.sql.execution.datasources.DataSource.resolveRelation(DataSource.scala:381)
[2025-07-07T03:30:36.691+0000] {spark_submit.py:634} INFO - at org.apache.spark.sql.catalyst.analysis.ResolveDataSource.org$apache$spark$sql$catalyst$analysis$ResolveDataSource$$loadV1BatchSource(ResolveDataSource.scala:143)
[2025-07-07T03:30:36.691+0000] {spark_submit.py:634} INFO - at org.apache.spark.sql.catalyst.analysis.ResolveDataSource$$anonfun$apply$1.$anonfun$applyOrElse$2(ResolveDataSource.scala:61)
[2025-07-07T03:30:36.691+0000] {spark_submit.py:634} INFO - at scala.Option.getOrElse(Option.scala:201)
[2025-07-07T03:30:36.691+0000] {spark_submit.py:634} INFO - at org.apache.spark.sql.catalyst.analysis.ResolveDataSource$$anonfun$apply$1.applyOrElse(ResolveDataSource.scala:61)
[2025-07-07T03:30:36.691+0000] {spark_submit.py:634} INFO - at org.apache.spark.sql.catalyst.analysis.ResolveDataSource$$anonfun$apply$1.applyOrElse(ResolveDataSource.scala:45)
[2025-07-07T03:30:36.691+0000] {spark_submit.py:634} INFO - at org.apache.spark.sql.catalyst.plans.logical.AnalysisHelper.$anonfun$resolveOperatorsUpWithPruning$3(AnalysisHelper.scala:139)
[2025-07-07T03:30:36.691+0000] {spark_submit.py:634} INFO - at org.apache.spark.sql.catalyst.trees.CurrentOrigin$.withOrigin(origin.scala:86)
[2025-07-07T03:30:36.691+0000] {spark_submit.py:634} INFO - at org.apache.spark.sql.catalyst.plans.logical.AnalysisHelper.$anonfun$resolveOperatorsUpWithPruning$1(AnalysisHelper.scala:139)
[2025-07-07T03:30:36.691+0000] {spark_submit.py:634} INFO - at org.apache.spark.sql.catalyst.plans.logical.AnalysisHelper$.allowInvokingTransformsInAnalyzer(AnalysisHelper.scala:416)
[2025-07-07T03:30:36.691+0000] {spark_submit.py:634} INFO - at org.apache.spark.sql.catalyst.plans.logical.AnalysisHelper.resolveOperatorsUpWithPruning(AnalysisHelper.scala:135)
[2025-07-07T03:30:36.691+0000] {spark_submit.py:634} INFO - at org.apache.spark.sql.catalyst.plans.logical.AnalysisHelper.resolveOperatorsUpWithPruning$(AnalysisHelper.scala:131)
[2025-07-07T03:30:36.692+0000] {spark_submit.py:634} INFO - at org.apache.spark.sql.catalyst.plans.logical.LogicalPlan.resolveOperatorsUpWithPruning(LogicalPlan.scala:37)
[2025-07-07T03:30:36.692+0000] {spark_submit.py:634} INFO - at org.apache.spark.sql.catalyst.plans.logical.AnalysisHelper.resolveOperatorsUp(AnalysisHelper.scala:112)
[2025-07-07T03:30:36.692+0000] {spark_submit.py:634} INFO - at org.apache.spark.sql.catalyst.plans.logical.AnalysisHelper.resolveOperatorsUp$(AnalysisHelper.scala:111)
[2025-07-07T03:30:36.692+0000] {spark_submit.py:634} INFO - at org.apache.spark.sql.catalyst.plans.logical.LogicalPlan.resolveOperatorsUp(LogicalPlan.scala:37)
[2025-07-07T03:30:36.692+0000] {spark_submit.py:634} INFO - at org.apache.spark.sql.catalyst.analysis.ResolveDataSource.apply(ResolveDataSource.scala:45)
[2025-07-07T03:30:36.692+0000] {spark_submit.py:634} INFO - at org.apache.spark.sql.catalyst.analysis.ResolveDataSource.apply(ResolveDataSource.scala:43)
[2025-07-07T03:30:36.692+0000] {spark_submit.py:634} INFO - at org.apache.spark.sql.catalyst.rules.RuleExecutor.$anonfun$execute$2(RuleExecutor.scala:242)
[2025-07-07T03:30:36.692+0000] {spark_submit.py:634} INFO - at scala.collection.LinearSeqOps.foldLeft(LinearSeq.scala:183)
[2025-07-07T03:30:36.692+0000] {spark_submit.py:634} INFO - at scala.collection.LinearSeqOps.foldLeft$(LinearSeq.scala:179)
[2025-07-07T03:30:36.692+0000] {spark_submit.py:634} INFO - at scala.collection.immutable.List.foldLeft(List.scala:79)
[2025-07-07T03:30:36.692+0000] {spark_submit.py:634} INFO - at org.apache.spark.sql.catalyst.rules.RuleExecutor.$anonfun$execute$1(RuleExecutor.scala:239)
[2025-07-07T03:30:36.692+0000] {spark_submit.py:634} INFO - at org.apache.spark.sql.catalyst.rules.RuleExecutor.$anonfun$execute$1$adapted(RuleExecutor.scala:231)
[2025-07-07T03:30:36.692+0000] {spark_submit.py:634} INFO - at scala.collection.immutable.List.foreach(List.scala:334)
[2025-07-07T03:30:36.692+0000] {spark_submit.py:634} INFO - at org.apache.spark.sql.catalyst.rules.RuleExecutor.execute(RuleExecutor.scala:231)
[2025-07-07T03:30:36.692+0000] {spark_submit.py:634} INFO - at org.apache.spark.sql.catalyst.analysis.Analyzer.org$apache$spark$sql$catalyst$analysis$Analyzer$$executeSameContext(Analyzer.scala:290)
[2025-07-07T03:30:36.692+0000] {spark_submit.py:634} INFO - at org.apache.spark.sql.catalyst.analysis.Analyzer.$anonfun$execute$1(Analyzer.scala:286)
[2025-07-07T03:30:36.692+0000] {spark_submit.py:634} INFO - at org.apache.spark.sql.catalyst.analysis.AnalysisContext$.withNewAnalysisContext(Analyzer.scala:234)
[2025-07-07T03:30:36.692+0000] {spark_submit.py:634} INFO - at org.apache.spark.sql.catalyst.analysis.Analyzer.execute(Analyzer.scala:286)
[2025-07-07T03:30:36.692+0000] {spark_submit.py:634} INFO - at org.apache.spark.sql.catalyst.analysis.Analyzer.execute(Analyzer.scala:249)
[2025-07-07T03:30:36.693+0000] {spark_submit.py:634} INFO - at org.apache.spark.sql.catalyst.rules.RuleExecutor.$anonfun$executeAndTrack$1(RuleExecutor.scala:201)
[2025-07-07T03:30:36.693+0000] {spark_submit.py:634} INFO - at org.apache.spark.sql.catalyst.QueryPlanningTracker$.withTracker(QueryPlanningTracker.scala:89)
[2025-07-07T03:30:36.693+0000] {spark_submit.py:634} INFO - at org.apache.spark.sql.catalyst.rules.RuleExecutor.executeAndTrack(RuleExecutor.scala:201)
[2025-07-07T03:30:36.693+0000] {spark_submit.py:634} INFO - at org.apache.spark.sql.catalyst.analysis.resolver.HybridAnalyzer.resolveInFixedPoint(HybridAnalyzer.scala:190)
[2025-07-07T03:30:36.693+0000] {spark_submit.py:634} INFO - at org.apache.spark.sql.catalyst.analysis.resolver.HybridAnalyzer.$anonfun$apply$1(HybridAnalyzer.scala:76)
[2025-07-07T03:30:36.693+0000] {spark_submit.py:634} INFO - at org.apache.spark.sql.catalyst.analysis.resolver.HybridAnalyzer.withTrackedAnalyzerBridgeState(HybridAnalyzer.scala:111)
[2025-07-07T03:30:36.693+0000] {spark_submit.py:634} INFO - at org.apache.spark.sql.catalyst.analysis.resolver.HybridAnalyzer.apply(HybridAnalyzer.scala:71)
[2025-07-07T03:30:36.693+0000] {spark_submit.py:634} INFO - at org.apache.spark.sql.catalyst.analysis.Analyzer.$anonfun$executeAndCheck$1(Analyzer.scala:280)
[2025-07-07T03:30:36.693+0000] {spark_submit.py:634} INFO - at org.apache.spark.sql.catalyst.plans.logical.AnalysisHelper$.markInAnalyzer(AnalysisHelper.scala:423)
[2025-07-07T03:30:36.693+0000] {spark_submit.py:634} INFO - at org.apache.spark.sql.catalyst.analysis.Analyzer.executeAndCheck(Analyzer.scala:280)
[2025-07-07T03:30:36.693+0000] {spark_submit.py:634} INFO - at org.apache.spark.sql.execution.QueryExecution.$anonfun$lazyAnalyzed$2(QueryExecution.scala:110)
[2025-07-07T03:30:36.693+0000] {spark_submit.py:634} INFO - at org.apache.spark.sql.catalyst.QueryPlanningTracker.measurePhase(QueryPlanningTracker.scala:148)
[2025-07-07T03:30:36.693+0000] {spark_submit.py:634} INFO - at org.apache.spark.sql.execution.QueryExecution.$anonfun$executePhase$2(QueryExecution.scala:278)
[2025-07-07T03:30:36.693+0000] {spark_submit.py:634} INFO - at org.apache.spark.sql.execution.QueryExecution$.withInternalError(QueryExecution.scala:654)
[2025-07-07T03:30:36.693+0000] {spark_submit.py:634} INFO - at org.apache.spark.sql.execution.QueryExecution.$anonfun$executePhase$1(QueryExecution.scala:278)
[2025-07-07T03:30:36.693+0000] {spark_submit.py:634} INFO - at org.apache.spark.sql.SparkSession.withActive(SparkSession.scala:804)
[2025-07-07T03:30:36.693+0000] {spark_submit.py:634} INFO - at org.apache.spark.sql.execution.QueryExecution.executePhase(QueryExecution.scala:277)
[2025-07-07T03:30:36.693+0000] {spark_submit.py:634} INFO - at org.apache.spark.sql.execution.QueryExecution.$anonfun$lazyAnalyzed$1(QueryExecution.scala:110)
[2025-07-07T03:30:36.693+0000] {spark_submit.py:634} INFO - at scala.util.Try$.apply(Try.scala:217)
[2025-07-07T03:30:36.693+0000] {spark_submit.py:634} INFO - at org.apache.spark.util.Utils$.doTryWithCallerStacktrace(Utils.scala:1378)
[2025-07-07T03:30:36.693+0000] {spark_submit.py:634} INFO - at org.apache.spark.util.LazyTry.tryT$lzycompute(LazyTry.scala:46)
[2025-07-07T03:30:36.693+0000] {spark_submit.py:634} INFO - at org.apache.spark.util.LazyTry.tryT(LazyTry.scala:46)
[2025-07-07T03:30:36.693+0000] {spark_submit.py:634} INFO - at org.apache.spark.util.LazyTry.get(LazyTry.scala:58)
[2025-07-07T03:30:36.694+0000] {spark_submit.py:634} INFO - at org.apache.spark.sql.execution.QueryExecution.analyzed(QueryExecution.scala:121)
[2025-07-07T03:30:36.694+0000] {spark_submit.py:634} INFO - at org.apache.spark.sql.execution.QueryExecution.assertAnalyzed(QueryExecution.scala:80)
[2025-07-07T03:30:36.694+0000] {spark_submit.py:634} INFO - at org.apache.spark.sql.classic.Dataset$.$anonfun$ofRows$1(Dataset.scala:115)
[2025-07-07T03:30:36.694+0000] {spark_submit.py:634} INFO - at org.apache.spark.sql.SparkSession.withActive(SparkSession.scala:804)
[2025-07-07T03:30:36.694+0000] {spark_submit.py:634} INFO - at org.apache.spark.sql.classic.Dataset$.ofRows(Dataset.scala:113)
[2025-07-07T03:30:36.694+0000] {spark_submit.py:634} INFO - at org.apache.spark.sql.classic.DataFrameReader.load(DataFrameReader.scala:109)
[2025-07-07T03:30:36.694+0000] {spark_submit.py:634} INFO - at org.apache.spark.sql.classic.DataFrameReader.load(DataFrameReader.scala:58)
[2025-07-07T03:30:36.694+0000] {spark_submit.py:634} INFO - at org.apache.spark.sql.DataFrameReader.parquet(DataFrameReader.scala:457)
[2025-07-07T03:30:36.694+0000] {spark_submit.py:634} INFO - at org.apache.spark.sql.classic.DataFrameReader.parquet(DataFrameReader.scala:306)
[2025-07-07T03:30:36.694+0000] {spark_submit.py:634} INFO - at org.apache.spark.sql.classic.DataFrameReader.parquet(DataFrameReader.scala:58)
[2025-07-07T03:30:36.694+0000] {spark_submit.py:634} INFO - at java.base/jdk.internal.reflect.NativeMethodAccessorImpl.invoke0(Native Method)
[2025-07-07T03:30:36.694+0000] {spark_submit.py:634} INFO - at java.base/jdk.internal.reflect.NativeMethodAccessorImpl.invoke(NativeMethodAccessorImpl.java:77)
[2025-07-07T03:30:36.694+0000] {spark_submit.py:634} INFO - at java.base/jdk.internal.reflect.DelegatingMethodAccessorImpl.invoke(DelegatingMethodAccessorImpl.java:43)
[2025-07-07T03:30:36.694+0000] {spark_submit.py:634} INFO - at java.base/java.lang.reflect.Method.invoke(Method.java:569)
[2025-07-07T03:30:36.694+0000] {spark_submit.py:634} INFO - at py4j.reflection.MethodInvoker.invoke(MethodInvoker.java:244)
[2025-07-07T03:30:36.694+0000] {spark_submit.py:634} INFO - at py4j.reflection.ReflectionEngine.invoke(ReflectionEngine.java:374)
[2025-07-07T03:30:36.694+0000] {spark_submit.py:634} INFO - at py4j.Gateway.invoke(Gateway.java:282)
[2025-07-07T03:30:36.694+0000] {spark_submit.py:634} INFO - at py4j.commands.AbstractCommand.invokeMethod(AbstractCommand.java:132)
[2025-07-07T03:30:36.694+0000] {spark_submit.py:634} INFO - at py4j.commands.CallCommand.execute(CallCommand.java:79)
[2025-07-07T03:30:36.694+0000] {spark_submit.py:634} INFO - at py4j.ClientServerConnection.waitForCommands(ClientServerConnection.java:184)
[2025-07-07T03:30:36.694+0000] {spark_submit.py:634} INFO - at py4j.ClientServerConnection.run(ClientServerConnection.java:108)
[2025-07-07T03:30:36.694+0000] {spark_submit.py:634} INFO - at java.base/java.lang.Thread.run(Thread.java:840)
[2025-07-07T03:30:36.697+0000] {spark_submit.py:634} INFO - 25/07/07 03:30:36 WARN MetricsConfig: Cannot locate configuration: tried hadoop-metrics2-s3a-file-system.properties,hadoop-metrics2.properties
[2025-07-07T03:30:36.701+0000] {spark_submit.py:634} INFO - 25/07/07 03:30:36 WARN FileSystem: Failed to initialize filesystem s3a://hasaki-datalake/ga4-data/hasakiwork/analytics_253437596/events/2025/4/15/0.parquet: java.lang.NumberFormatException: For input string: "24h"
[2025-07-07T03:30:36.780+0000] {spark_submit.py:634} INFO - Traceback (most recent call last):
[2025-07-07T03:30:36.780+0000] {spark_submit.py:634} INFO - File "/opt/***/spark_project/src/spark/spark_main_minio.py", line 105, in <module>
[2025-07-07T03:30:36.780+0000] {spark_submit.py:634} INFO - main()
[2025-07-07T03:30:36.780+0000] {spark_submit.py:634} INFO - File "/opt/***/spark_project/src/spark/spark_main_minio.py", line 62, in main
[2025-07-07T03:30:36.780+0000] {spark_submit.py:634} INFO - parquet_file = spark.read.parquet(file_path)
[2025-07-07T03:30:36.780+0000] {spark_submit.py:634} INFO - ^^^^^^^^^^^^^^^^^^^^^^^^^^^^^
[2025-07-07T03:30:36.780+0000] {spark_submit.py:634} INFO - File "/home/***/.local/lib/python3.11/site-packages/pyspark/python/lib/pyspark.zip/pyspark/sql/readwriter.py", line 642, in parquet
[2025-07-07T03:30:36.780+0000] {spark_submit.py:634} INFO - File "/home/***/.local/lib/python3.11/site-packages/pyspark/python/lib/py4j-0.10.9.9-src.zip/py4j/java_gateway.py", line 1362, in __call__
[2025-07-07T03:30:36.781+0000] {spark_submit.py:634} INFO - File "/home/***/.local/lib/python3.11/site-packages/pyspark/python/lib/pyspark.zip/pyspark/errors/exceptions/captured.py", line 288, in deco
[2025-07-07T03:30:36.784+0000] {spark_submit.py:634} INFO - pyspark.errors.exceptions.captured.NumberFormatException: For input string: "24h"
[2025-07-07T03:30:37.060+0000] {taskinstance.py:441} INFO - ::group::Post task execution logs
[2025-07-07T03:30:37.067+0000] {taskinstance.py:2890} ERROR - Task failed with exception
Traceback (most recent call last):
  File "/home/airflow/.local/lib/python3.11/site-packages/airflow/models/taskinstance.py", line 465, in _execute_task
    result = _execute_callable(context=context, **execute_callable_kwargs)
             ^^^^^^^^^^^^^^^^^^^^^^^^^^^^^^^^^^^^^^^^^^^^^^^^^^^^^^^^^^^^^
  File "/home/airflow/.local/lib/python3.11/site-packages/airflow/models/taskinstance.py", line 432, in _execute_callable
    return execute_callable(context=context, **execute_callable_kwargs)
           ^^^^^^^^^^^^^^^^^^^^^^^^^^^^^^^^^^^^^^^^^^^^^^^^^^^^^^^^^^^^
  File "/home/airflow/.local/lib/python3.11/site-packages/airflow/models/baseoperator.py", line 400, in wrapper
    return func(self, *args, **kwargs)
           ^^^^^^^^^^^^^^^^^^^^^^^^^^^
  File "/home/airflow/.local/lib/python3.11/site-packages/airflow/providers/apache/spark/operators/spark_submit.py", line 176, in execute
    self._hook.submit(self.application)
  File "/home/airflow/.local/lib/python3.11/site-packages/airflow/providers/apache/spark/hooks/spark_submit.py", line 560, in submit
    raise AirflowException(
airflow.exceptions.AirflowException: Cannot execute: spark-submit --master spark-master:7077 --packages com.clickhouse:clickhouse-jdbc:0.6.4,org.apache.httpcomponents.client5:httpclient5:5.3.1,org.apache.hadoop:hadoop-aws:3.3.5,com.amazonaws:aws-java-sdk-bundle:1.11.1026 --name arrow-spark --deploy-mode client /opt/***/spark_project/src/spark/spark_main_minio.py. Error code is: 1.
[2025-07-07T03:30:37.069+0000] {taskinstance.py:1205} INFO - Marking task as FAILED. dag_id=my_spark_inline, task_id=spark_write_data, execution_date=20250707T020622, start_date=20250707T033026, end_date=20250707T033037
[2025-07-07T03:30:37.075+0000] {standard_task_runner.py:110} ERROR - Failed to execute job 112 for task spark_write_data (Cannot execute: spark-submit --master spark-master:7077 --packages com.clickhouse:clickhouse-jdbc:0.6.4,org.apache.httpcomponents.client5:httpclient5:5.3.1,org.apache.hadoop:hadoop-aws:3.3.5,com.amazonaws:aws-java-sdk-bundle:1.11.1026 --name arrow-spark --deploy-mode client /opt/***/spark_project/src/spark/spark_main_minio.py. Error code is: 1.; 7956)
[2025-07-07T03:30:37.091+0000] {local_task_job_runner.py:240} INFO - Task exited with return code 1
[2025-07-07T03:30:37.105+0000] {taskinstance.py:3482} INFO - 0 downstream tasks scheduled from follow-on schedule check
[2025-07-07T03:30:37.106+0000] {local_task_job_runner.py:222} INFO - ::endgroup::
