[2025-07-07T03:06:25.750+0000] {local_task_job_runner.py:120} INFO - ::group::Pre task execution logs
[2025-07-07T03:06:25.858+0000] {taskinstance.py:2073} INFO - Dependencies all met for dep_context=non-requeueable deps ti=<TaskInstance: my_spark_inline.spark_write_data manual__2025-07-07T02:06:22.209511+00:00 [queued]>
[2025-07-07T03:06:25.862+0000] {taskinstance.py:2073} INFO - Dependencies all met for dep_context=requeueable deps ti=<TaskInstance: my_spark_inline.spark_write_data manual__2025-07-07T02:06:22.209511+00:00 [queued]>
[2025-07-07T03:06:25.862+0000] {taskinstance.py:2303} INFO - Starting attempt 7 of 7
[2025-07-07T03:06:25.876+0000] {taskinstance.py:2327} INFO - Executing <Task(SparkSubmitOperator): spark_write_data> on 2025-07-07 02:06:22.209511+00:00
[2025-07-07T03:06:25.880+0000] {standard_task_runner.py:63} INFO - Started process 5868 to run task
[2025-07-07T03:06:25.884+0000] {standard_task_runner.py:90} INFO - Running: ['***', 'tasks', 'run', 'my_spark_inline', 'spark_write_data', 'manual__2025-07-07T02:06:22.209511+00:00', '--job-id', '102', '--raw', '--subdir', 'DAGS_FOLDER/test_spark.py', '--cfg-path', '/tmp/tmpk6qesjf_']
[2025-07-07T03:06:25.886+0000] {standard_task_runner.py:91} INFO - Job 102: Subtask spark_write_data
[2025-07-07T03:06:25.896+0000] {logging_mixin.py:188} WARNING - /home/***/.local/lib/python3.11/site-packages/***/settings.py:195 DeprecationWarning: The sql_alchemy_conn option in [core] has been moved to the sql_alchemy_conn option in [database] - the old setting has been used, but please update your config.
[2025-07-07T03:06:25.918+0000] {task_command.py:426} INFO - Running <TaskInstance: my_spark_inline.spark_write_data manual__2025-07-07T02:06:22.209511+00:00 [running]> on host 40aa9e29f527
[2025-07-07T03:06:25.964+0000] {taskinstance.py:2644} INFO - Exporting env vars: AIRFLOW_CTX_DAG_OWNER='***' AIRFLOW_CTX_DAG_ID='my_spark_inline' AIRFLOW_CTX_TASK_ID='spark_write_data' AIRFLOW_CTX_EXECUTION_DATE='2025-07-07T02:06:22.209511+00:00' AIRFLOW_CTX_TRY_NUMBER='7' AIRFLOW_CTX_DAG_RUN_ID='manual__2025-07-07T02:06:22.209511+00:00'
[2025-07-07T03:06:25.965+0000] {taskinstance.py:430} INFO - ::endgroup::
[2025-07-07T03:06:25.979+0000] {base.py:84} INFO - Using connection ID 'spark-master' for task execution.
[2025-07-07T03:06:25.980+0000] {spark_submit.py:473} INFO - Spark-Submit cmd: spark-submit --master spark-master:7077 --packages com.clickhouse:clickhouse-jdbc:0.6.4,org.apache.httpcomponents.client5:httpclient5:5.3.1,org.apache.hadoop:hadoop-aws:3.3.5,com.amazonaws:aws-java-sdk-bundle:1.11.1026 --name arrow-spark --deploy-mode client /opt/***/spark_project/src/spark/spark_main_minio.py
[2025-07-07T03:06:26.197+0000] {spark_submit.py:634} INFO - WARNING: Using incubator modules: jdk.incubator.vector
[2025-07-07T03:06:27.595+0000] {spark_submit.py:634} INFO - :: loading settings :: url = jar:file:/home/***/.local/lib/python3.11/site-packages/pyspark/jars/ivy-2.5.3.jar!/org/apache/ivy/core/settings/ivysettings.xml
[2025-07-07T03:06:27.690+0000] {spark_submit.py:634} INFO - Ivy Default Cache set to: /home/***/.ivy2.5.2/cache
[2025-07-07T03:06:27.691+0000] {spark_submit.py:634} INFO - The jars for the packages stored in: /home/***/.ivy2.5.2/jars
[2025-07-07T03:06:27.693+0000] {spark_submit.py:634} INFO - com.clickhouse#clickhouse-jdbc added as a dependency
[2025-07-07T03:06:27.693+0000] {spark_submit.py:634} INFO - org.apache.httpcomponents.client5#httpclient5 added as a dependency
[2025-07-07T03:06:27.693+0000] {spark_submit.py:634} INFO - org.apache.hadoop#hadoop-aws added as a dependency
[2025-07-07T03:06:27.694+0000] {spark_submit.py:634} INFO - com.amazonaws#aws-java-sdk-bundle added as a dependency
[2025-07-07T03:06:27.694+0000] {spark_submit.py:634} INFO - :: resolving dependencies :: org.apache.spark#spark-submit-parent-82ae2890-98ad-4ddd-bf93-59b29d825f3f;1.0
[2025-07-07T03:06:27.694+0000] {spark_submit.py:634} INFO - confs: [default]
[2025-07-07T03:06:27.806+0000] {spark_submit.py:634} INFO - found com.clickhouse#clickhouse-jdbc;0.6.4 in central
[2025-07-07T03:06:27.822+0000] {spark_submit.py:634} INFO - found org.apache.httpcomponents.client5#httpclient5;5.3.1 in central
[2025-07-07T03:06:27.892+0000] {spark_submit.py:634} INFO - found org.apache.httpcomponents.core5#httpcore5;5.2.4 in central
[2025-07-07T03:06:27.905+0000] {spark_submit.py:634} INFO - found org.apache.httpcomponents.core5#httpcore5-h2;5.2.4 in central
[2025-07-07T03:06:27.988+0000] {spark_submit.py:634} INFO - found org.slf4j#slf4j-api;1.7.36 in central
[2025-07-07T03:06:28.008+0000] {spark_submit.py:634} INFO - found org.apache.hadoop#hadoop-aws;3.3.5 in central
[2025-07-07T03:06:28.086+0000] {spark_submit.py:634} INFO - found com.amazonaws#aws-java-sdk-bundle;1.12.316 in central
[2025-07-07T03:06:28.094+0000] {spark_submit.py:634} INFO - found org.wildfly.openssl#wildfly-openssl;1.1.3.Final in central
[2025-07-07T03:06:28.108+0000] {spark_submit.py:634} INFO - :: resolution report :: resolve 406ms :: artifacts dl 9ms
[2025-07-07T03:06:28.109+0000] {spark_submit.py:634} INFO - :: modules in use:
[2025-07-07T03:06:28.109+0000] {spark_submit.py:634} INFO - com.amazonaws#aws-java-sdk-bundle;1.12.316 from central in [default]
[2025-07-07T03:06:28.109+0000] {spark_submit.py:634} INFO - com.clickhouse#clickhouse-jdbc;0.6.4 from central in [default]
[2025-07-07T03:06:28.109+0000] {spark_submit.py:634} INFO - org.apache.hadoop#hadoop-aws;3.3.5 from central in [default]
[2025-07-07T03:06:28.109+0000] {spark_submit.py:634} INFO - org.apache.httpcomponents.client5#httpclient5;5.3.1 from central in [default]
[2025-07-07T03:06:28.109+0000] {spark_submit.py:634} INFO - org.apache.httpcomponents.core5#httpcore5;5.2.4 from central in [default]
[2025-07-07T03:06:28.109+0000] {spark_submit.py:634} INFO - org.apache.httpcomponents.core5#httpcore5-h2;5.2.4 from central in [default]
[2025-07-07T03:06:28.110+0000] {spark_submit.py:634} INFO - org.slf4j#slf4j-api;1.7.36 from central in [default]
[2025-07-07T03:06:28.110+0000] {spark_submit.py:634} INFO - org.wildfly.openssl#wildfly-openssl;1.1.3.Final from central in [default]
[2025-07-07T03:06:28.110+0000] {spark_submit.py:634} INFO - :: evicted modules:
[2025-07-07T03:06:28.110+0000] {spark_submit.py:634} INFO - com.amazonaws#aws-java-sdk-bundle;1.11.1026 by [com.amazonaws#aws-java-sdk-bundle;1.12.316] in [default]
[2025-07-07T03:06:28.110+0000] {spark_submit.py:634} INFO - ---------------------------------------------------------------------
[2025-07-07T03:06:28.110+0000] {spark_submit.py:634} INFO - |                  |            modules            ||   artifacts   |
[2025-07-07T03:06:28.179+0000] {spark_submit.py:634} INFO - |       conf       | number| search|dwnlded|evicted|| number|dwnlded|
[2025-07-07T03:06:28.179+0000] {spark_submit.py:634} INFO - ---------------------------------------------------------------------
[2025-07-07T03:06:28.180+0000] {spark_submit.py:634} INFO - |      default     |   9   |   0   |   0   |   1   ||   8   |   0   |
[2025-07-07T03:06:28.180+0000] {spark_submit.py:634} INFO - ---------------------------------------------------------------------
[2025-07-07T03:06:28.180+0000] {spark_submit.py:634} INFO - :: retrieving :: org.apache.spark#spark-submit-parent-82ae2890-98ad-4ddd-bf93-59b29d825f3f
[2025-07-07T03:06:28.180+0000] {spark_submit.py:634} INFO - confs: [default]
[2025-07-07T03:06:28.183+0000] {spark_submit.py:634} INFO - 0 artifacts copied, 8 already retrieved (0kB/71ms)
[2025-07-07T03:06:28.486+0000] {spark_submit.py:634} INFO - 25/07/07 03:06:28 WARN NativeCodeLoader: Unable to load native-hadoop library for your platform... using builtin-java classes where applicable
[2025-07-07T03:06:29.799+0000] {spark_submit.py:634} INFO - Using Spark's default log4j profile: org/apache/spark/log4j2-defaults.properties
[2025-07-07T03:06:29.802+0000] {spark_submit.py:634} INFO - 25/07/07 03:06:29 INFO SparkContext: Running Spark version 4.0.0
[2025-07-07T03:06:29.803+0000] {spark_submit.py:634} INFO - 25/07/07 03:06:29 INFO SparkContext: OS info Linux, 6.8.0-60-generic, amd64
[2025-07-07T03:06:29.804+0000] {spark_submit.py:634} INFO - 25/07/07 03:06:29 INFO SparkContext: Java version 17.0.15
[2025-07-07T03:06:29.817+0000] {spark_submit.py:634} INFO - 25/07/07 03:06:29 INFO ResourceUtils: ==============================================================
[2025-07-07T03:06:29.817+0000] {spark_submit.py:634} INFO - 25/07/07 03:06:29 INFO ResourceUtils: No custom resources configured for spark.driver.
[2025-07-07T03:06:29.818+0000] {spark_submit.py:634} INFO - 25/07/07 03:06:29 INFO ResourceUtils: ==============================================================
[2025-07-07T03:06:29.818+0000] {spark_submit.py:634} INFO - 25/07/07 03:06:29 INFO SparkContext: Submitted application: thanhdz
[2025-07-07T03:06:29.893+0000] {spark_submit.py:634} INFO - 25/07/07 03:06:29 INFO ResourceProfile: Default ResourceProfile created, executor resources: Map(cores -> name: cores, amount: 2, script: , vendor: , memory -> name: memory, amount: 4096, script: , vendor: , offHeap -> name: offHeap, amount: 0, script: , vendor: ), task resources: Map(cpus -> name: cpus, amount: 1.0)
[2025-07-07T03:06:29.896+0000] {spark_submit.py:634} INFO - 25/07/07 03:06:29 INFO ResourceProfile: Limiting resource is cpus at 2 tasks per executor
[2025-07-07T03:06:29.897+0000] {spark_submit.py:634} INFO - 25/07/07 03:06:29 INFO ResourceProfileManager: Added ResourceProfile id: 0
[2025-07-07T03:06:29.922+0000] {spark_submit.py:634} INFO - 25/07/07 03:06:29 INFO SecurityManager: Changing view acls to: ***
[2025-07-07T03:06:29.923+0000] {spark_submit.py:634} INFO - 25/07/07 03:06:29 INFO SecurityManager: Changing modify acls to: ***
[2025-07-07T03:06:29.923+0000] {spark_submit.py:634} INFO - 25/07/07 03:06:29 INFO SecurityManager: Changing view acls groups to: ***
[2025-07-07T03:06:29.979+0000] {spark_submit.py:634} INFO - 25/07/07 03:06:29 INFO SecurityManager: Changing modify acls groups to: ***
[2025-07-07T03:06:29.981+0000] {spark_submit.py:634} INFO - 25/07/07 03:06:29 INFO SecurityManager: SecurityManager: authentication disabled; ui acls disabled; users with view permissions: *** groups with view permissions: EMPTY; users with modify permissions: ***; groups with modify permissions: EMPTY; RPC SSL disabled
[2025-07-07T03:06:30.187+0000] {spark_submit.py:634} INFO - 25/07/07 03:06:30 INFO Utils: Successfully started service 'sparkDriver' on port 46077.
[2025-07-07T03:06:30.207+0000] {spark_submit.py:634} INFO - 25/07/07 03:06:30 INFO SparkEnv: Registering MapOutputTracker
[2025-07-07T03:06:30.217+0000] {spark_submit.py:634} INFO - 25/07/07 03:06:30 INFO SparkEnv: Registering BlockManagerMaster
[2025-07-07T03:06:30.281+0000] {spark_submit.py:634} INFO - 25/07/07 03:06:30 INFO BlockManagerMasterEndpoint: Using org.apache.spark.storage.DefaultTopologyMapper for getting topology information
[2025-07-07T03:06:30.281+0000] {spark_submit.py:634} INFO - 25/07/07 03:06:30 INFO BlockManagerMasterEndpoint: BlockManagerMasterEndpoint up
[2025-07-07T03:06:30.284+0000] {spark_submit.py:634} INFO - 25/07/07 03:06:30 INFO SparkEnv: Registering BlockManagerMasterHeartbeat
[2025-07-07T03:06:30.296+0000] {spark_submit.py:634} INFO - 25/07/07 03:06:30 INFO DiskBlockManager: Created local directory at /tmp/blockmgr-9fd18c81-4e87-4be7-bcb8-34baf9d9705b
[2025-07-07T03:06:30.311+0000] {spark_submit.py:634} INFO - 25/07/07 03:06:30 INFO SparkEnv: Registering OutputCommitCoordinator
[2025-07-07T03:06:30.490+0000] {spark_submit.py:634} INFO - 25/07/07 03:06:30 INFO JettyUtils: Start Jetty 0.0.0.0:4040 for SparkUI
[2025-07-07T03:06:30.580+0000] {spark_submit.py:634} INFO - 25/07/07 03:06:30 INFO Utils: Successfully started service 'SparkUI' on port 4040.
[2025-07-07T03:06:30.603+0000] {spark_submit.py:634} INFO - 25/07/07 03:06:30 INFO SparkContext: Added JAR file:///home/***/.ivy2.5.2/jars/com.clickhouse_clickhouse-jdbc-0.6.4.jar at spark://40aa9e29f527:46077/jars/com.clickhouse_clickhouse-jdbc-0.6.4.jar with timestamp 1751857589795
[2025-07-07T03:06:30.603+0000] {spark_submit.py:634} INFO - 25/07/07 03:06:30 INFO SparkContext: Added JAR file:///home/***/.ivy2.5.2/jars/org.apache.httpcomponents.client5_httpclient5-5.3.1.jar at spark://40aa9e29f527:46077/jars/org.apache.httpcomponents.client5_httpclient5-5.3.1.jar with timestamp 1751857589795
[2025-07-07T03:06:30.603+0000] {spark_submit.py:634} INFO - 25/07/07 03:06:30 INFO SparkContext: Added JAR file:///home/***/.ivy2.5.2/jars/org.apache.hadoop_hadoop-aws-3.3.5.jar at spark://40aa9e29f527:46077/jars/org.apache.hadoop_hadoop-aws-3.3.5.jar with timestamp 1751857589795
[2025-07-07T03:06:30.603+0000] {spark_submit.py:634} INFO - 25/07/07 03:06:30 INFO SparkContext: Added JAR file:///home/***/.ivy2.5.2/jars/org.apache.httpcomponents.core5_httpcore5-5.2.4.jar at spark://40aa9e29f527:46077/jars/org.apache.httpcomponents.core5_httpcore5-5.2.4.jar with timestamp 1751857589795
[2025-07-07T03:06:30.604+0000] {spark_submit.py:634} INFO - 25/07/07 03:06:30 INFO SparkContext: Added JAR file:///home/***/.ivy2.5.2/jars/org.apache.httpcomponents.core5_httpcore5-h2-5.2.4.jar at spark://40aa9e29f527:46077/jars/org.apache.httpcomponents.core5_httpcore5-h2-5.2.4.jar with timestamp 1751857589795
[2025-07-07T03:06:30.604+0000] {spark_submit.py:634} INFO - 25/07/07 03:06:30 INFO SparkContext: Added JAR file:///home/***/.ivy2.5.2/jars/org.slf4j_slf4j-api-1.7.36.jar at spark://40aa9e29f527:46077/jars/org.slf4j_slf4j-api-1.7.36.jar with timestamp 1751857589795
[2025-07-07T03:06:30.604+0000] {spark_submit.py:634} INFO - 25/07/07 03:06:30 INFO SparkContext: Added JAR file:///home/***/.ivy2.5.2/jars/com.amazonaws_aws-java-sdk-bundle-1.12.316.jar at spark://40aa9e29f527:46077/jars/com.amazonaws_aws-java-sdk-bundle-1.12.316.jar with timestamp 1751857589795
[2025-07-07T03:06:30.604+0000] {spark_submit.py:634} INFO - 25/07/07 03:06:30 INFO SparkContext: Added JAR file:///home/***/.ivy2.5.2/jars/org.wildfly.openssl_wildfly-openssl-1.1.3.Final.jar at spark://40aa9e29f527:46077/jars/org.wildfly.openssl_wildfly-openssl-1.1.3.Final.jar with timestamp 1751857589795
[2025-07-07T03:06:30.605+0000] {spark_submit.py:634} INFO - 25/07/07 03:06:30 INFO SparkContext: Added file file:///home/***/.ivy2.5.2/jars/com.clickhouse_clickhouse-jdbc-0.6.4.jar at spark://40aa9e29f527:46077/files/com.clickhouse_clickhouse-jdbc-0.6.4.jar with timestamp 1751857589795
[2025-07-07T03:06:30.606+0000] {spark_submit.py:634} INFO - 25/07/07 03:06:30 INFO Utils: Copying /home/***/.ivy2.5.2/jars/com.clickhouse_clickhouse-jdbc-0.6.4.jar to /tmp/spark-3acd645f-9ead-4b0d-85b8-ec31c0668d69/userFiles-dcf402f7-a5b8-4afb-af29-1e0a2110e969/com.clickhouse_clickhouse-jdbc-0.6.4.jar
[2025-07-07T03:06:30.626+0000] {spark_submit.py:634} INFO - 25/07/07 03:06:30 INFO SparkContext: Added file file:///home/***/.ivy2.5.2/jars/org.apache.httpcomponents.client5_httpclient5-5.3.1.jar at spark://40aa9e29f527:46077/files/org.apache.httpcomponents.client5_httpclient5-5.3.1.jar with timestamp 1751857589795
[2025-07-07T03:06:30.679+0000] {spark_submit.py:634} INFO - 25/07/07 03:06:30 INFO Utils: Copying /home/***/.ivy2.5.2/jars/org.apache.httpcomponents.client5_httpclient5-5.3.1.jar to /tmp/spark-3acd645f-9ead-4b0d-85b8-ec31c0668d69/userFiles-dcf402f7-a5b8-4afb-af29-1e0a2110e969/org.apache.httpcomponents.client5_httpclient5-5.3.1.jar
[2025-07-07T03:06:30.688+0000] {spark_submit.py:634} INFO - 25/07/07 03:06:30 INFO SparkContext: Added file file:///home/***/.ivy2.5.2/jars/org.apache.hadoop_hadoop-aws-3.3.5.jar at spark://40aa9e29f527:46077/files/org.apache.hadoop_hadoop-aws-3.3.5.jar with timestamp 1751857589795
[2025-07-07T03:06:30.688+0000] {spark_submit.py:634} INFO - 25/07/07 03:06:30 INFO Utils: Copying /home/***/.ivy2.5.2/jars/org.apache.hadoop_hadoop-aws-3.3.5.jar to /tmp/spark-3acd645f-9ead-4b0d-85b8-ec31c0668d69/userFiles-dcf402f7-a5b8-4afb-af29-1e0a2110e969/org.apache.hadoop_hadoop-aws-3.3.5.jar
[2025-07-07T03:06:30.693+0000] {spark_submit.py:634} INFO - 25/07/07 03:06:30 INFO SparkContext: Added file file:///home/***/.ivy2.5.2/jars/org.apache.httpcomponents.core5_httpcore5-5.2.4.jar at spark://40aa9e29f527:46077/files/org.apache.httpcomponents.core5_httpcore5-5.2.4.jar with timestamp 1751857589795
[2025-07-07T03:06:30.694+0000] {spark_submit.py:634} INFO - 25/07/07 03:06:30 INFO Utils: Copying /home/***/.ivy2.5.2/jars/org.apache.httpcomponents.core5_httpcore5-5.2.4.jar to /tmp/spark-3acd645f-9ead-4b0d-85b8-ec31c0668d69/userFiles-dcf402f7-a5b8-4afb-af29-1e0a2110e969/org.apache.httpcomponents.core5_httpcore5-5.2.4.jar
[2025-07-07T03:06:30.700+0000] {spark_submit.py:634} INFO - 25/07/07 03:06:30 INFO SparkContext: Added file file:///home/***/.ivy2.5.2/jars/org.apache.httpcomponents.core5_httpcore5-h2-5.2.4.jar at spark://40aa9e29f527:46077/files/org.apache.httpcomponents.core5_httpcore5-h2-5.2.4.jar with timestamp 1751857589795
[2025-07-07T03:06:30.700+0000] {spark_submit.py:634} INFO - 25/07/07 03:06:30 INFO Utils: Copying /home/***/.ivy2.5.2/jars/org.apache.httpcomponents.core5_httpcore5-h2-5.2.4.jar to /tmp/spark-3acd645f-9ead-4b0d-85b8-ec31c0668d69/userFiles-dcf402f7-a5b8-4afb-af29-1e0a2110e969/org.apache.httpcomponents.core5_httpcore5-h2-5.2.4.jar
[2025-07-07T03:06:30.704+0000] {spark_submit.py:634} INFO - 25/07/07 03:06:30 INFO SparkContext: Added file file:///home/***/.ivy2.5.2/jars/org.slf4j_slf4j-api-1.7.36.jar at spark://40aa9e29f527:46077/files/org.slf4j_slf4j-api-1.7.36.jar with timestamp 1751857589795
[2025-07-07T03:06:30.704+0000] {spark_submit.py:634} INFO - 25/07/07 03:06:30 INFO Utils: Copying /home/***/.ivy2.5.2/jars/org.slf4j_slf4j-api-1.7.36.jar to /tmp/spark-3acd645f-9ead-4b0d-85b8-ec31c0668d69/userFiles-dcf402f7-a5b8-4afb-af29-1e0a2110e969/org.slf4j_slf4j-api-1.7.36.jar
[2025-07-07T03:06:30.708+0000] {spark_submit.py:634} INFO - 25/07/07 03:06:30 INFO SparkContext: Added file file:///home/***/.ivy2.5.2/jars/com.amazonaws_aws-java-sdk-bundle-1.12.316.jar at spark://40aa9e29f527:46077/files/com.amazonaws_aws-java-sdk-bundle-1.12.316.jar with timestamp 1751857589795
[2025-07-07T03:06:30.708+0000] {spark_submit.py:634} INFO - 25/07/07 03:06:30 INFO Utils: Copying /home/***/.ivy2.5.2/jars/com.amazonaws_aws-java-sdk-bundle-1.12.316.jar to /tmp/spark-3acd645f-9ead-4b0d-85b8-ec31c0668d69/userFiles-dcf402f7-a5b8-4afb-af29-1e0a2110e969/com.amazonaws_aws-java-sdk-bundle-1.12.316.jar
[2025-07-07T03:06:30.867+0000] {spark_submit.py:634} INFO - 25/07/07 03:06:30 INFO SparkContext: Added file file:///home/***/.ivy2.5.2/jars/org.wildfly.openssl_wildfly-openssl-1.1.3.Final.jar at spark://40aa9e29f527:46077/files/org.wildfly.openssl_wildfly-openssl-1.1.3.Final.jar with timestamp 1751857589795
[2025-07-07T03:06:30.868+0000] {spark_submit.py:634} INFO - 25/07/07 03:06:30 INFO Utils: Copying /home/***/.ivy2.5.2/jars/org.wildfly.openssl_wildfly-openssl-1.1.3.Final.jar to /tmp/spark-3acd645f-9ead-4b0d-85b8-ec31c0668d69/userFiles-dcf402f7-a5b8-4afb-af29-1e0a2110e969/org.wildfly.openssl_wildfly-openssl-1.1.3.Final.jar
[2025-07-07T03:06:30.887+0000] {spark_submit.py:634} INFO - 25/07/07 03:06:30 INFO SecurityManager: Changing view acls to: ***
[2025-07-07T03:06:30.887+0000] {spark_submit.py:634} INFO - 25/07/07 03:06:30 INFO SecurityManager: Changing modify acls to: ***
[2025-07-07T03:06:30.887+0000] {spark_submit.py:634} INFO - 25/07/07 03:06:30 INFO SecurityManager: Changing view acls groups to: ***
[2025-07-07T03:06:30.887+0000] {spark_submit.py:634} INFO - 25/07/07 03:06:30 INFO SecurityManager: Changing modify acls groups to: ***
[2025-07-07T03:06:30.887+0000] {spark_submit.py:634} INFO - 25/07/07 03:06:30 INFO SecurityManager: SecurityManager: authentication disabled; ui acls disabled; users with view permissions: *** groups with view permissions: EMPTY; users with modify permissions: ***; groups with modify permissions: EMPTY; RPC SSL disabled
[2025-07-07T03:06:31.088+0000] {spark_submit.py:634} INFO - 25/07/07 03:06:31 INFO StandaloneAppClient$ClientEndpoint: Connecting to master spark://spark-master:7077...
[2025-07-07T03:06:31.126+0000] {spark_submit.py:634} INFO - 25/07/07 03:06:31 INFO TransportClientFactory: Successfully created connection to spark-master/172.21.0.6:7077 after 19 ms (0 ms spent in bootstraps)
[2025-07-07T03:06:31.201+0000] {spark_submit.py:634} INFO - 25/07/07 03:06:31 INFO StandaloneSchedulerBackend: Connected to Spark cluster with app ID app-20250707030631-0017
[2025-07-07T03:06:31.205+0000] {spark_submit.py:634} INFO - 25/07/07 03:06:31 INFO Utils: Successfully started service 'org.apache.spark.network.netty.NettyBlockTransferService' on port 33689.
[2025-07-07T03:06:31.205+0000] {spark_submit.py:634} INFO - 25/07/07 03:06:31 INFO NettyBlockTransferService: Server created on 40aa9e29f527:33689
[2025-07-07T03:06:31.206+0000] {spark_submit.py:634} INFO - 25/07/07 03:06:31 INFO BlockManager: Using org.apache.spark.storage.RandomBlockReplicationPolicy for block replication policy
[2025-07-07T03:06:31.213+0000] {spark_submit.py:634} INFO - 25/07/07 03:06:31 INFO BlockManagerMaster: Registering BlockManager BlockManagerId(driver, 40aa9e29f527, 33689, None)
[2025-07-07T03:06:31.219+0000] {spark_submit.py:634} INFO - 25/07/07 03:06:31 INFO BlockManagerMasterEndpoint: Registering block manager 40aa9e29f527:33689 with 413.9 MiB RAM, BlockManagerId(driver, 40aa9e29f527, 33689, None)
[2025-07-07T03:06:31.221+0000] {spark_submit.py:634} INFO - 25/07/07 03:06:31 INFO BlockManagerMaster: Registered BlockManager BlockManagerId(driver, 40aa9e29f527, 33689, None)
[2025-07-07T03:06:31.222+0000] {spark_submit.py:634} INFO - 25/07/07 03:06:31 INFO BlockManager: Initialized BlockManager: BlockManagerId(driver, 40aa9e29f527, 33689, None)
[2025-07-07T03:06:31.492+0000] {spark_submit.py:634} INFO - 25/07/07 03:06:31 INFO StandaloneSchedulerBackend: SchedulerBackend is ready for scheduling beginning after reached minRegisteredResourcesRatio: 0.0
[2025-07-07T03:06:34.332+0000] {spark_submit.py:634} INFO - 25/07/07 03:06:34 WARN MetricsConfig: Cannot locate configuration: tried hadoop-metrics2-s3a-file-system.properties,hadoop-metrics2.properties
[2025-07-07T03:06:34.401+0000] {spark_submit.py:634} INFO - 25/07/07 03:06:34 WARN FileSystem: Failed to initialize filesystem s3a://hasaki-datalake/ga4-data/hasakiwork/analytics_253437596/events/2025/4/15/0.parquet: java.io.IOException: From option fs.s3a.aws.credentials.provider java.lang.ClassNotFoundException: Class software.amazon.awssdk.auth.credentials.EnvironmentVariableCredentialsProvider not found
[2025-07-07T03:06:34.403+0000] {spark_submit.py:634} INFO - 25/07/07 03:06:34 WARN FileStreamSink: Assume no metadata directory. Error while looking for metadata directory in the path: s3a://hasaki-datalake/ga4-data/hasakiwork/analytics_253437596/events/2025/4/15/0.parquet.
[2025-07-07T03:06:34.403+0000] {spark_submit.py:634} INFO - java.io.IOException: From option fs.s3a.aws.credentials.provider java.lang.ClassNotFoundException: Class software.amazon.awssdk.auth.credentials.EnvironmentVariableCredentialsProvider not found
[2025-07-07T03:06:34.403+0000] {spark_submit.py:634} INFO - at org.apache.hadoop.fs.s3a.S3AUtils.loadAWSProviderClasses(S3AUtils.java:604)
[2025-07-07T03:06:34.403+0000] {spark_submit.py:634} INFO - at org.apache.hadoop.fs.s3a.S3AUtils.buildAWSProviderList(S3AUtils.java:627)
[2025-07-07T03:06:34.403+0000] {spark_submit.py:634} INFO - at org.apache.hadoop.fs.s3a.S3AUtils.createAWSCredentialProviderSet(S3AUtils.java:578)
[2025-07-07T03:06:34.403+0000] {spark_submit.py:634} INFO - at org.apache.hadoop.fs.s3a.S3AFileSystem.bindAWSClient(S3AFileSystem.java:907)
[2025-07-07T03:06:34.404+0000] {spark_submit.py:634} INFO - at org.apache.hadoop.fs.s3a.S3AFileSystem.initialize(S3AFileSystem.java:548)
[2025-07-07T03:06:34.404+0000] {spark_submit.py:634} INFO - at org.apache.hadoop.fs.FileSystem.createFileSystem(FileSystem.java:3615)
[2025-07-07T03:06:34.404+0000] {spark_submit.py:634} INFO - at org.apache.hadoop.fs.FileSystem.access$300(FileSystem.java:172)
[2025-07-07T03:06:34.404+0000] {spark_submit.py:634} INFO - at org.apache.hadoop.fs.FileSystem$Cache.getInternal(FileSystem.java:3716)
[2025-07-07T03:06:34.404+0000] {spark_submit.py:634} INFO - at org.apache.hadoop.fs.FileSystem$Cache.get(FileSystem.java:3667)
[2025-07-07T03:06:34.404+0000] {spark_submit.py:634} INFO - at org.apache.hadoop.fs.FileSystem.get(FileSystem.java:557)
[2025-07-07T03:06:34.404+0000] {spark_submit.py:634} INFO - at org.apache.hadoop.fs.Path.getFileSystem(Path.java:366)
[2025-07-07T03:06:34.404+0000] {spark_submit.py:634} INFO - at org.apache.spark.sql.execution.streaming.FileStreamSink$.hasMetadata(FileStreamSink.scala:55)
[2025-07-07T03:06:34.404+0000] {spark_submit.py:634} INFO - at org.apache.spark.sql.execution.datasources.DataSource.resolveRelation(DataSource.scala:381)
[2025-07-07T03:06:34.404+0000] {spark_submit.py:634} INFO - at org.apache.spark.sql.catalyst.analysis.ResolveDataSource.org$apache$spark$sql$catalyst$analysis$ResolveDataSource$$loadV1BatchSource(ResolveDataSource.scala:143)
[2025-07-07T03:06:34.404+0000] {spark_submit.py:634} INFO - at org.apache.spark.sql.catalyst.analysis.ResolveDataSource$$anonfun$apply$1.$anonfun$applyOrElse$2(ResolveDataSource.scala:61)
[2025-07-07T03:06:34.405+0000] {spark_submit.py:634} INFO - at scala.Option.getOrElse(Option.scala:201)
[2025-07-07T03:06:34.405+0000] {spark_submit.py:634} INFO - at org.apache.spark.sql.catalyst.analysis.ResolveDataSource$$anonfun$apply$1.applyOrElse(ResolveDataSource.scala:61)
[2025-07-07T03:06:34.405+0000] {spark_submit.py:634} INFO - at org.apache.spark.sql.catalyst.analysis.ResolveDataSource$$anonfun$apply$1.applyOrElse(ResolveDataSource.scala:45)
[2025-07-07T03:06:34.405+0000] {spark_submit.py:634} INFO - at org.apache.spark.sql.catalyst.plans.logical.AnalysisHelper.$anonfun$resolveOperatorsUpWithPruning$3(AnalysisHelper.scala:139)
[2025-07-07T03:06:34.405+0000] {spark_submit.py:634} INFO - at org.apache.spark.sql.catalyst.trees.CurrentOrigin$.withOrigin(origin.scala:86)
[2025-07-07T03:06:34.405+0000] {spark_submit.py:634} INFO - at org.apache.spark.sql.catalyst.plans.logical.AnalysisHelper.$anonfun$resolveOperatorsUpWithPruning$1(AnalysisHelper.scala:139)
[2025-07-07T03:06:34.405+0000] {spark_submit.py:634} INFO - at org.apache.spark.sql.catalyst.plans.logical.AnalysisHelper$.allowInvokingTransformsInAnalyzer(AnalysisHelper.scala:416)
[2025-07-07T03:06:34.405+0000] {spark_submit.py:634} INFO - at org.apache.spark.sql.catalyst.plans.logical.AnalysisHelper.resolveOperatorsUpWithPruning(AnalysisHelper.scala:135)
[2025-07-07T03:06:34.405+0000] {spark_submit.py:634} INFO - at org.apache.spark.sql.catalyst.plans.logical.AnalysisHelper.resolveOperatorsUpWithPruning$(AnalysisHelper.scala:131)
[2025-07-07T03:06:34.405+0000] {spark_submit.py:634} INFO - at org.apache.spark.sql.catalyst.plans.logical.LogicalPlan.resolveOperatorsUpWithPruning(LogicalPlan.scala:37)
[2025-07-07T03:06:34.405+0000] {spark_submit.py:634} INFO - at org.apache.spark.sql.catalyst.plans.logical.AnalysisHelper.resolveOperatorsUp(AnalysisHelper.scala:112)
[2025-07-07T03:06:34.405+0000] {spark_submit.py:634} INFO - at org.apache.spark.sql.catalyst.plans.logical.AnalysisHelper.resolveOperatorsUp$(AnalysisHelper.scala:111)
[2025-07-07T03:06:34.405+0000] {spark_submit.py:634} INFO - at org.apache.spark.sql.catalyst.plans.logical.LogicalPlan.resolveOperatorsUp(LogicalPlan.scala:37)
[2025-07-07T03:06:34.405+0000] {spark_submit.py:634} INFO - at org.apache.spark.sql.catalyst.analysis.ResolveDataSource.apply(ResolveDataSource.scala:45)
[2025-07-07T03:06:34.405+0000] {spark_submit.py:634} INFO - at org.apache.spark.sql.catalyst.analysis.ResolveDataSource.apply(ResolveDataSource.scala:43)
[2025-07-07T03:06:34.405+0000] {spark_submit.py:634} INFO - at org.apache.spark.sql.catalyst.rules.RuleExecutor.$anonfun$execute$2(RuleExecutor.scala:242)
[2025-07-07T03:06:34.405+0000] {spark_submit.py:634} INFO - at scala.collection.LinearSeqOps.foldLeft(LinearSeq.scala:183)
[2025-07-07T03:06:34.405+0000] {spark_submit.py:634} INFO - at scala.collection.LinearSeqOps.foldLeft$(LinearSeq.scala:179)
[2025-07-07T03:06:34.406+0000] {spark_submit.py:634} INFO - at scala.collection.immutable.List.foldLeft(List.scala:79)
[2025-07-07T03:06:34.406+0000] {spark_submit.py:634} INFO - at org.apache.spark.sql.catalyst.rules.RuleExecutor.$anonfun$execute$1(RuleExecutor.scala:239)
[2025-07-07T03:06:34.406+0000] {spark_submit.py:634} INFO - at org.apache.spark.sql.catalyst.rules.RuleExecutor.$anonfun$execute$1$adapted(RuleExecutor.scala:231)
[2025-07-07T03:06:34.406+0000] {spark_submit.py:634} INFO - at scala.collection.immutable.List.foreach(List.scala:334)
[2025-07-07T03:06:34.406+0000] {spark_submit.py:634} INFO - at org.apache.spark.sql.catalyst.rules.RuleExecutor.execute(RuleExecutor.scala:231)
[2025-07-07T03:06:34.406+0000] {spark_submit.py:634} INFO - at org.apache.spark.sql.catalyst.analysis.Analyzer.org$apache$spark$sql$catalyst$analysis$Analyzer$$executeSameContext(Analyzer.scala:290)
[2025-07-07T03:06:34.406+0000] {spark_submit.py:634} INFO - at org.apache.spark.sql.catalyst.analysis.Analyzer.$anonfun$execute$1(Analyzer.scala:286)
[2025-07-07T03:06:34.406+0000] {spark_submit.py:634} INFO - at org.apache.spark.sql.catalyst.analysis.AnalysisContext$.withNewAnalysisContext(Analyzer.scala:234)
[2025-07-07T03:06:34.406+0000] {spark_submit.py:634} INFO - at org.apache.spark.sql.catalyst.analysis.Analyzer.execute(Analyzer.scala:286)
[2025-07-07T03:06:34.406+0000] {spark_submit.py:634} INFO - at org.apache.spark.sql.catalyst.analysis.Analyzer.execute(Analyzer.scala:249)
[2025-07-07T03:06:34.406+0000] {spark_submit.py:634} INFO - at org.apache.spark.sql.catalyst.rules.RuleExecutor.$anonfun$executeAndTrack$1(RuleExecutor.scala:201)
[2025-07-07T03:06:34.406+0000] {spark_submit.py:634} INFO - at org.apache.spark.sql.catalyst.QueryPlanningTracker$.withTracker(QueryPlanningTracker.scala:89)
[2025-07-07T03:06:34.406+0000] {spark_submit.py:634} INFO - at org.apache.spark.sql.catalyst.rules.RuleExecutor.executeAndTrack(RuleExecutor.scala:201)
[2025-07-07T03:06:34.406+0000] {spark_submit.py:634} INFO - at org.apache.spark.sql.catalyst.analysis.resolver.HybridAnalyzer.resolveInFixedPoint(HybridAnalyzer.scala:190)
[2025-07-07T03:06:34.406+0000] {spark_submit.py:634} INFO - at org.apache.spark.sql.catalyst.analysis.resolver.HybridAnalyzer.$anonfun$apply$1(HybridAnalyzer.scala:76)
[2025-07-07T03:06:34.406+0000] {spark_submit.py:634} INFO - at org.apache.spark.sql.catalyst.analysis.resolver.HybridAnalyzer.withTrackedAnalyzerBridgeState(HybridAnalyzer.scala:111)
[2025-07-07T03:06:34.406+0000] {spark_submit.py:634} INFO - at org.apache.spark.sql.catalyst.analysis.resolver.HybridAnalyzer.apply(HybridAnalyzer.scala:71)
[2025-07-07T03:06:34.406+0000] {spark_submit.py:634} INFO - at org.apache.spark.sql.catalyst.analysis.Analyzer.$anonfun$executeAndCheck$1(Analyzer.scala:280)
[2025-07-07T03:06:34.406+0000] {spark_submit.py:634} INFO - at org.apache.spark.sql.catalyst.plans.logical.AnalysisHelper$.markInAnalyzer(AnalysisHelper.scala:423)
[2025-07-07T03:06:34.406+0000] {spark_submit.py:634} INFO - at org.apache.spark.sql.catalyst.analysis.Analyzer.executeAndCheck(Analyzer.scala:280)
[2025-07-07T03:06:34.406+0000] {spark_submit.py:634} INFO - at org.apache.spark.sql.execution.QueryExecution.$anonfun$lazyAnalyzed$2(QueryExecution.scala:110)
[2025-07-07T03:06:34.407+0000] {spark_submit.py:634} INFO - at org.apache.spark.sql.catalyst.QueryPlanningTracker.measurePhase(QueryPlanningTracker.scala:148)
[2025-07-07T03:06:34.407+0000] {spark_submit.py:634} INFO - at org.apache.spark.sql.execution.QueryExecution.$anonfun$executePhase$2(QueryExecution.scala:278)
[2025-07-07T03:06:34.407+0000] {spark_submit.py:634} INFO - at org.apache.spark.sql.execution.QueryExecution$.withInternalError(QueryExecution.scala:654)
[2025-07-07T03:06:34.407+0000] {spark_submit.py:634} INFO - at org.apache.spark.sql.execution.QueryExecution.$anonfun$executePhase$1(QueryExecution.scala:278)
[2025-07-07T03:06:34.407+0000] {spark_submit.py:634} INFO - at org.apache.spark.sql.SparkSession.withActive(SparkSession.scala:804)
[2025-07-07T03:06:34.407+0000] {spark_submit.py:634} INFO - at org.apache.spark.sql.execution.QueryExecution.executePhase(QueryExecution.scala:277)
[2025-07-07T03:06:34.407+0000] {spark_submit.py:634} INFO - at org.apache.spark.sql.execution.QueryExecution.$anonfun$lazyAnalyzed$1(QueryExecution.scala:110)
[2025-07-07T03:06:34.407+0000] {spark_submit.py:634} INFO - at scala.util.Try$.apply(Try.scala:217)
[2025-07-07T03:06:34.407+0000] {spark_submit.py:634} INFO - at org.apache.spark.util.Utils$.doTryWithCallerStacktrace(Utils.scala:1378)
[2025-07-07T03:06:34.407+0000] {spark_submit.py:634} INFO - at org.apache.spark.util.LazyTry.tryT$lzycompute(LazyTry.scala:46)
[2025-07-07T03:06:34.407+0000] {spark_submit.py:634} INFO - at org.apache.spark.util.LazyTry.tryT(LazyTry.scala:46)
[2025-07-07T03:06:34.407+0000] {spark_submit.py:634} INFO - at org.apache.spark.util.LazyTry.get(LazyTry.scala:58)
[2025-07-07T03:06:34.407+0000] {spark_submit.py:634} INFO - at org.apache.spark.sql.execution.QueryExecution.analyzed(QueryExecution.scala:121)
[2025-07-07T03:06:34.407+0000] {spark_submit.py:634} INFO - at org.apache.spark.sql.execution.QueryExecution.assertAnalyzed(QueryExecution.scala:80)
[2025-07-07T03:06:34.407+0000] {spark_submit.py:634} INFO - at org.apache.spark.sql.classic.Dataset$.$anonfun$ofRows$1(Dataset.scala:115)
[2025-07-07T03:06:34.407+0000] {spark_submit.py:634} INFO - at org.apache.spark.sql.SparkSession.withActive(SparkSession.scala:804)
[2025-07-07T03:06:34.407+0000] {spark_submit.py:634} INFO - at org.apache.spark.sql.classic.Dataset$.ofRows(Dataset.scala:113)
[2025-07-07T03:06:34.407+0000] {spark_submit.py:634} INFO - at org.apache.spark.sql.classic.DataFrameReader.load(DataFrameReader.scala:109)
[2025-07-07T03:06:34.407+0000] {spark_submit.py:634} INFO - at org.apache.spark.sql.classic.DataFrameReader.load(DataFrameReader.scala:58)
[2025-07-07T03:06:34.407+0000] {spark_submit.py:634} INFO - at org.apache.spark.sql.DataFrameReader.parquet(DataFrameReader.scala:457)
[2025-07-07T03:06:34.407+0000] {spark_submit.py:634} INFO - at org.apache.spark.sql.classic.DataFrameReader.parquet(DataFrameReader.scala:306)
[2025-07-07T03:06:34.408+0000] {spark_submit.py:634} INFO - at org.apache.spark.sql.classic.DataFrameReader.parquet(DataFrameReader.scala:58)
[2025-07-07T03:06:34.408+0000] {spark_submit.py:634} INFO - at java.base/jdk.internal.reflect.NativeMethodAccessorImpl.invoke0(Native Method)
[2025-07-07T03:06:34.408+0000] {spark_submit.py:634} INFO - at java.base/jdk.internal.reflect.NativeMethodAccessorImpl.invoke(NativeMethodAccessorImpl.java:77)
[2025-07-07T03:06:34.408+0000] {spark_submit.py:634} INFO - at java.base/jdk.internal.reflect.DelegatingMethodAccessorImpl.invoke(DelegatingMethodAccessorImpl.java:43)
[2025-07-07T03:06:34.408+0000] {spark_submit.py:634} INFO - at java.base/java.lang.reflect.Method.invoke(Method.java:569)
[2025-07-07T03:06:34.408+0000] {spark_submit.py:634} INFO - at py4j.reflection.MethodInvoker.invoke(MethodInvoker.java:244)
[2025-07-07T03:06:34.408+0000] {spark_submit.py:634} INFO - at py4j.reflection.ReflectionEngine.invoke(ReflectionEngine.java:374)
[2025-07-07T03:06:34.408+0000] {spark_submit.py:634} INFO - at py4j.Gateway.invoke(Gateway.java:282)
[2025-07-07T03:06:34.408+0000] {spark_submit.py:634} INFO - at py4j.commands.AbstractCommand.invokeMethod(AbstractCommand.java:132)
[2025-07-07T03:06:34.408+0000] {spark_submit.py:634} INFO - at py4j.commands.CallCommand.execute(CallCommand.java:79)
[2025-07-07T03:06:34.408+0000] {spark_submit.py:634} INFO - at py4j.ClientServerConnection.waitForCommands(ClientServerConnection.java:184)
[2025-07-07T03:06:34.408+0000] {spark_submit.py:634} INFO - at py4j.ClientServerConnection.run(ClientServerConnection.java:108)
[2025-07-07T03:06:34.408+0000] {spark_submit.py:634} INFO - at java.base/java.lang.Thread.run(Thread.java:840)
[2025-07-07T03:06:34.408+0000] {spark_submit.py:634} INFO - Caused by: java.lang.ClassNotFoundException: Class software.amazon.awssdk.auth.credentials.EnvironmentVariableCredentialsProvider not found
[2025-07-07T03:06:34.408+0000] {spark_submit.py:634} INFO - at org.apache.hadoop.conf.Configuration.getClassByName(Configuration.java:2641)
[2025-07-07T03:06:34.408+0000] {spark_submit.py:634} INFO - at org.apache.hadoop.conf.Configuration.getClasses(Configuration.java:2712)
[2025-07-07T03:06:34.408+0000] {spark_submit.py:634} INFO - at org.apache.hadoop.fs.s3a.S3AUtils.loadAWSProviderClasses(S3AUtils.java:601)
[2025-07-07T03:06:34.408+0000] {spark_submit.py:634} INFO - ... 87 more
[2025-07-07T03:06:34.410+0000] {spark_submit.py:634} INFO - 25/07/07 03:06:34 WARN MetricsConfig: Cannot locate configuration: tried hadoop-metrics2-s3a-file-system.properties,hadoop-metrics2.properties
[2025-07-07T03:06:34.412+0000] {spark_submit.py:634} INFO - 25/07/07 03:06:34 WARN FileSystem: Failed to initialize filesystem s3a://hasaki-datalake/ga4-data/hasakiwork/analytics_253437596/events/2025/4/15/0.parquet: java.io.IOException: From option fs.s3a.aws.credentials.provider java.lang.ClassNotFoundException: Class software.amazon.awssdk.auth.credentials.EnvironmentVariableCredentialsProvider not found
[2025-07-07T03:06:34.527+0000] {spark_submit.py:634} INFO - Traceback (most recent call last):
[2025-07-07T03:06:34.527+0000] {spark_submit.py:634} INFO - File "/opt/***/spark_project/src/spark/spark_main_minio.py", line 97, in <module>
[2025-07-07T03:06:34.527+0000] {spark_submit.py:634} INFO - main()
[2025-07-07T03:06:34.528+0000] {spark_submit.py:634} INFO - File "/opt/***/spark_project/src/spark/spark_main_minio.py", line 54, in main
[2025-07-07T03:06:34.528+0000] {spark_submit.py:634} INFO - parquet_file = spark.read.parquet(file_path)
[2025-07-07T03:06:34.528+0000] {spark_submit.py:634} INFO - ^^^^^^^^^^^^^^^^^^^^^^^^^^^^^
[2025-07-07T03:06:34.528+0000] {spark_submit.py:634} INFO - File "/home/***/.local/lib/python3.11/site-packages/pyspark/python/lib/pyspark.zip/pyspark/sql/readwriter.py", line 642, in parquet
[2025-07-07T03:06:34.528+0000] {spark_submit.py:634} INFO - File "/home/***/.local/lib/python3.11/site-packages/pyspark/python/lib/py4j-0.10.9.9-src.zip/py4j/java_gateway.py", line 1362, in __call__
[2025-07-07T03:06:34.528+0000] {spark_submit.py:634} INFO - File "/home/***/.local/lib/python3.11/site-packages/pyspark/python/lib/pyspark.zip/pyspark/errors/exceptions/captured.py", line 282, in deco
[2025-07-07T03:06:34.529+0000] {spark_submit.py:634} INFO - File "/home/***/.local/lib/python3.11/site-packages/pyspark/python/lib/py4j-0.10.9.9-src.zip/py4j/protocol.py", line 327, in get_return_value
[2025-07-07T03:06:34.569+0000] {spark_submit.py:634} INFO - py4j.protocol.Py4JJavaError: An error occurred while calling o55.parquet.
[2025-07-07T03:06:34.570+0000] {spark_submit.py:634} INFO - : java.io.IOException: From option fs.s3a.aws.credentials.provider java.lang.ClassNotFoundException: Class software.amazon.awssdk.auth.credentials.EnvironmentVariableCredentialsProvider not found
[2025-07-07T03:06:34.570+0000] {spark_submit.py:634} INFO - at org.apache.hadoop.fs.s3a.S3AUtils.loadAWSProviderClasses(S3AUtils.java:604)
[2025-07-07T03:06:34.570+0000] {spark_submit.py:634} INFO - at org.apache.hadoop.fs.s3a.S3AUtils.buildAWSProviderList(S3AUtils.java:627)
[2025-07-07T03:06:34.570+0000] {spark_submit.py:634} INFO - at org.apache.hadoop.fs.s3a.S3AUtils.createAWSCredentialProviderSet(S3AUtils.java:578)
[2025-07-07T03:06:34.570+0000] {spark_submit.py:634} INFO - at org.apache.hadoop.fs.s3a.S3AFileSystem.bindAWSClient(S3AFileSystem.java:907)
[2025-07-07T03:06:34.570+0000] {spark_submit.py:634} INFO - at org.apache.hadoop.fs.s3a.S3AFileSystem.initialize(S3AFileSystem.java:548)
[2025-07-07T03:06:34.570+0000] {spark_submit.py:634} INFO - at org.apache.hadoop.fs.FileSystem.createFileSystem(FileSystem.java:3615)
[2025-07-07T03:06:34.570+0000] {spark_submit.py:634} INFO - at org.apache.hadoop.fs.FileSystem.access$300(FileSystem.java:172)
[2025-07-07T03:06:34.570+0000] {spark_submit.py:634} INFO - at org.apache.hadoop.fs.FileSystem$Cache.getInternal(FileSystem.java:3716)
[2025-07-07T03:06:34.571+0000] {spark_submit.py:634} INFO - at org.apache.hadoop.fs.FileSystem$Cache.get(FileSystem.java:3667)
[2025-07-07T03:06:34.571+0000] {spark_submit.py:634} INFO - at org.apache.hadoop.fs.FileSystem.get(FileSystem.java:557)
[2025-07-07T03:06:34.571+0000] {spark_submit.py:634} INFO - at org.apache.hadoop.fs.Path.getFileSystem(Path.java:366)
[2025-07-07T03:06:34.571+0000] {spark_submit.py:634} INFO - at org.apache.spark.sql.execution.datasources.DataSource$.$anonfun$checkAndGlobPathIfNecessary$1(DataSource.scala:777)
[2025-07-07T03:06:34.571+0000] {spark_submit.py:634} INFO - at scala.collection.immutable.List.map(List.scala:247)
[2025-07-07T03:06:34.572+0000] {spark_submit.py:634} INFO - at scala.collection.immutable.List.map(List.scala:79)
[2025-07-07T03:06:34.572+0000] {spark_submit.py:634} INFO - at org.apache.spark.sql.execution.datasources.DataSource$.checkAndGlobPathIfNecessary(DataSource.scala:775)
[2025-07-07T03:06:34.572+0000] {spark_submit.py:634} INFO - at org.apache.spark.sql.execution.datasources.DataSource.checkAndGlobPathIfNecessary(DataSource.scala:575)
[2025-07-07T03:06:34.572+0000] {spark_submit.py:634} INFO - at org.apache.spark.sql.execution.datasources.DataSource.resolveRelation(DataSource.scala:419)
[2025-07-07T03:06:34.572+0000] {spark_submit.py:634} INFO - at org.apache.spark.sql.catalyst.analysis.ResolveDataSource.org$apache$spark$sql$catalyst$analysis$ResolveDataSource$$loadV1BatchSource(ResolveDataSource.scala:143)
[2025-07-07T03:06:34.572+0000] {spark_submit.py:634} INFO - at org.apache.spark.sql.catalyst.analysis.ResolveDataSource$$anonfun$apply$1.$anonfun$applyOrElse$2(ResolveDataSource.scala:61)
[2025-07-07T03:06:34.572+0000] {spark_submit.py:634} INFO - at scala.Option.getOrElse(Option.scala:201)
[2025-07-07T03:06:34.573+0000] {spark_submit.py:634} INFO - at org.apache.spark.sql.catalyst.analysis.ResolveDataSource$$anonfun$apply$1.applyOrElse(ResolveDataSource.scala:61)
[2025-07-07T03:06:34.573+0000] {spark_submit.py:634} INFO - at org.apache.spark.sql.catalyst.analysis.ResolveDataSource$$anonfun$apply$1.applyOrElse(ResolveDataSource.scala:45)
[2025-07-07T03:06:34.573+0000] {spark_submit.py:634} INFO - at org.apache.spark.sql.catalyst.plans.logical.AnalysisHelper.$anonfun$resolveOperatorsUpWithPruning$3(AnalysisHelper.scala:139)
[2025-07-07T03:06:34.573+0000] {spark_submit.py:634} INFO - at org.apache.spark.sql.catalyst.trees.CurrentOrigin$.withOrigin(origin.scala:86)
[2025-07-07T03:06:34.573+0000] {spark_submit.py:634} INFO - at org.apache.spark.sql.catalyst.plans.logical.AnalysisHelper.$anonfun$resolveOperatorsUpWithPruning$1(AnalysisHelper.scala:139)
[2025-07-07T03:06:34.573+0000] {spark_submit.py:634} INFO - at org.apache.spark.sql.catalyst.plans.logical.AnalysisHelper$.allowInvokingTransformsInAnalyzer(AnalysisHelper.scala:416)
[2025-07-07T03:06:34.573+0000] {spark_submit.py:634} INFO - at org.apache.spark.sql.catalyst.plans.logical.AnalysisHelper.resolveOperatorsUpWithPruning(AnalysisHelper.scala:135)
[2025-07-07T03:06:34.573+0000] {spark_submit.py:634} INFO - at org.apache.spark.sql.catalyst.plans.logical.AnalysisHelper.resolveOperatorsUpWithPruning$(AnalysisHelper.scala:131)
[2025-07-07T03:06:34.573+0000] {spark_submit.py:634} INFO - at org.apache.spark.sql.catalyst.plans.logical.LogicalPlan.resolveOperatorsUpWithPruning(LogicalPlan.scala:37)
[2025-07-07T03:06:34.574+0000] {spark_submit.py:634} INFO - at org.apache.spark.sql.catalyst.plans.logical.AnalysisHelper.resolveOperatorsUp(AnalysisHelper.scala:112)
[2025-07-07T03:06:34.574+0000] {spark_submit.py:634} INFO - at org.apache.spark.sql.catalyst.plans.logical.AnalysisHelper.resolveOperatorsUp$(AnalysisHelper.scala:111)
[2025-07-07T03:06:34.574+0000] {spark_submit.py:634} INFO - at org.apache.spark.sql.catalyst.plans.logical.LogicalPlan.resolveOperatorsUp(LogicalPlan.scala:37)
[2025-07-07T03:06:34.574+0000] {spark_submit.py:634} INFO - at org.apache.spark.sql.catalyst.analysis.ResolveDataSource.apply(ResolveDataSource.scala:45)
[2025-07-07T03:06:34.574+0000] {spark_submit.py:634} INFO - at org.apache.spark.sql.catalyst.analysis.ResolveDataSource.apply(ResolveDataSource.scala:43)
[2025-07-07T03:06:34.574+0000] {spark_submit.py:634} INFO - at org.apache.spark.sql.catalyst.rules.RuleExecutor.$anonfun$execute$2(RuleExecutor.scala:242)
[2025-07-07T03:06:34.574+0000] {spark_submit.py:634} INFO - at scala.collection.LinearSeqOps.foldLeft(LinearSeq.scala:183)
[2025-07-07T03:06:34.574+0000] {spark_submit.py:634} INFO - at scala.collection.LinearSeqOps.foldLeft$(LinearSeq.scala:179)
[2025-07-07T03:06:34.574+0000] {spark_submit.py:634} INFO - at scala.collection.immutable.List.foldLeft(List.scala:79)
[2025-07-07T03:06:34.574+0000] {spark_submit.py:634} INFO - at org.apache.spark.sql.catalyst.rules.RuleExecutor.$anonfun$execute$1(RuleExecutor.scala:239)
[2025-07-07T03:06:34.574+0000] {spark_submit.py:634} INFO - at org.apache.spark.sql.catalyst.rules.RuleExecutor.$anonfun$execute$1$adapted(RuleExecutor.scala:231)
[2025-07-07T03:06:34.574+0000] {spark_submit.py:634} INFO - at scala.collection.immutable.List.foreach(List.scala:334)
[2025-07-07T03:06:34.574+0000] {spark_submit.py:634} INFO - at org.apache.spark.sql.catalyst.rules.RuleExecutor.execute(RuleExecutor.scala:231)
[2025-07-07T03:06:34.574+0000] {spark_submit.py:634} INFO - at org.apache.spark.sql.catalyst.analysis.Analyzer.org$apache$spark$sql$catalyst$analysis$Analyzer$$executeSameContext(Analyzer.scala:290)
[2025-07-07T03:06:34.574+0000] {spark_submit.py:634} INFO - at org.apache.spark.sql.catalyst.analysis.Analyzer.$anonfun$execute$1(Analyzer.scala:286)
[2025-07-07T03:06:34.574+0000] {spark_submit.py:634} INFO - at org.apache.spark.sql.catalyst.analysis.AnalysisContext$.withNewAnalysisContext(Analyzer.scala:234)
[2025-07-07T03:06:34.575+0000] {spark_submit.py:634} INFO - at org.apache.spark.sql.catalyst.analysis.Analyzer.execute(Analyzer.scala:286)
[2025-07-07T03:06:34.575+0000] {spark_submit.py:634} INFO - at org.apache.spark.sql.catalyst.analysis.Analyzer.execute(Analyzer.scala:249)
[2025-07-07T03:06:34.575+0000] {spark_submit.py:634} INFO - at org.apache.spark.sql.catalyst.rules.RuleExecutor.$anonfun$executeAndTrack$1(RuleExecutor.scala:201)
[2025-07-07T03:06:34.575+0000] {spark_submit.py:634} INFO - at org.apache.spark.sql.catalyst.QueryPlanningTracker$.withTracker(QueryPlanningTracker.scala:89)
[2025-07-07T03:06:34.575+0000] {spark_submit.py:634} INFO - at org.apache.spark.sql.catalyst.rules.RuleExecutor.executeAndTrack(RuleExecutor.scala:201)
[2025-07-07T03:06:34.575+0000] {spark_submit.py:634} INFO - at org.apache.spark.sql.catalyst.analysis.resolver.HybridAnalyzer.resolveInFixedPoint(HybridAnalyzer.scala:190)
[2025-07-07T03:06:34.575+0000] {spark_submit.py:634} INFO - at org.apache.spark.sql.catalyst.analysis.resolver.HybridAnalyzer.$anonfun$apply$1(HybridAnalyzer.scala:76)
[2025-07-07T03:06:34.575+0000] {spark_submit.py:634} INFO - at org.apache.spark.sql.catalyst.analysis.resolver.HybridAnalyzer.withTrackedAnalyzerBridgeState(HybridAnalyzer.scala:111)
[2025-07-07T03:06:34.575+0000] {spark_submit.py:634} INFO - at org.apache.spark.sql.catalyst.analysis.resolver.HybridAnalyzer.apply(HybridAnalyzer.scala:71)
[2025-07-07T03:06:34.575+0000] {spark_submit.py:634} INFO - at org.apache.spark.sql.catalyst.analysis.Analyzer.$anonfun$executeAndCheck$1(Analyzer.scala:280)
[2025-07-07T03:06:34.575+0000] {spark_submit.py:634} INFO - at org.apache.spark.sql.catalyst.plans.logical.AnalysisHelper$.markInAnalyzer(AnalysisHelper.scala:423)
[2025-07-07T03:06:34.575+0000] {spark_submit.py:634} INFO - at org.apache.spark.sql.catalyst.analysis.Analyzer.executeAndCheck(Analyzer.scala:280)
[2025-07-07T03:06:34.575+0000] {spark_submit.py:634} INFO - at org.apache.spark.sql.execution.QueryExecution.$anonfun$lazyAnalyzed$2(QueryExecution.scala:110)
[2025-07-07T03:06:34.575+0000] {spark_submit.py:634} INFO - at org.apache.spark.sql.catalyst.QueryPlanningTracker.measurePhase(QueryPlanningTracker.scala:148)
[2025-07-07T03:06:34.575+0000] {spark_submit.py:634} INFO - at org.apache.spark.sql.execution.QueryExecution.$anonfun$executePhase$2(QueryExecution.scala:278)
[2025-07-07T03:06:34.575+0000] {spark_submit.py:634} INFO - at org.apache.spark.sql.execution.QueryExecution$.withInternalError(QueryExecution.scala:654)
[2025-07-07T03:06:34.575+0000] {spark_submit.py:634} INFO - at org.apache.spark.sql.execution.QueryExecution.$anonfun$executePhase$1(QueryExecution.scala:278)
[2025-07-07T03:06:34.575+0000] {spark_submit.py:634} INFO - at org.apache.spark.sql.SparkSession.withActive(SparkSession.scala:804)
[2025-07-07T03:06:34.575+0000] {spark_submit.py:634} INFO - at org.apache.spark.sql.execution.QueryExecution.executePhase(QueryExecution.scala:277)
[2025-07-07T03:06:34.575+0000] {spark_submit.py:634} INFO - at org.apache.spark.sql.execution.QueryExecution.$anonfun$lazyAnalyzed$1(QueryExecution.scala:110)
[2025-07-07T03:06:34.575+0000] {spark_submit.py:634} INFO - at scala.util.Try$.apply(Try.scala:217)
[2025-07-07T03:06:34.575+0000] {spark_submit.py:634} INFO - at org.apache.spark.util.Utils$.doTryWithCallerStacktrace(Utils.scala:1378)
[2025-07-07T03:06:34.575+0000] {spark_submit.py:634} INFO - at org.apache.spark.util.Utils$.getTryWithCallerStacktrace(Utils.scala:1439)
[2025-07-07T03:06:34.576+0000] {spark_submit.py:634} INFO - at org.apache.spark.util.LazyTry.get(LazyTry.scala:58)
[2025-07-07T03:06:34.576+0000] {spark_submit.py:634} INFO - at org.apache.spark.sql.execution.QueryExecution.analyzed(QueryExecution.scala:121)
[2025-07-07T03:06:34.576+0000] {spark_submit.py:634} INFO - at org.apache.spark.sql.execution.QueryExecution.assertAnalyzed(QueryExecution.scala:80)
[2025-07-07T03:06:34.576+0000] {spark_submit.py:634} INFO - at org.apache.spark.sql.classic.Dataset$.$anonfun$ofRows$1(Dataset.scala:115)
[2025-07-07T03:06:34.576+0000] {spark_submit.py:634} INFO - at org.apache.spark.sql.SparkSession.withActive(SparkSession.scala:804)
[2025-07-07T03:06:34.576+0000] {spark_submit.py:634} INFO - at org.apache.spark.sql.classic.Dataset$.ofRows(Dataset.scala:113)
[2025-07-07T03:06:34.576+0000] {spark_submit.py:634} INFO - at org.apache.spark.sql.classic.DataFrameReader.load(DataFrameReader.scala:109)
[2025-07-07T03:06:34.576+0000] {spark_submit.py:634} INFO - at org.apache.spark.sql.classic.DataFrameReader.load(DataFrameReader.scala:58)
[2025-07-07T03:06:34.576+0000] {spark_submit.py:634} INFO - at org.apache.spark.sql.DataFrameReader.parquet(DataFrameReader.scala:457)
[2025-07-07T03:06:34.576+0000] {spark_submit.py:634} INFO - at org.apache.spark.sql.classic.DataFrameReader.parquet(DataFrameReader.scala:306)
[2025-07-07T03:06:34.576+0000] {spark_submit.py:634} INFO - at org.apache.spark.sql.classic.DataFrameReader.parquet(DataFrameReader.scala:58)
[2025-07-07T03:06:34.576+0000] {spark_submit.py:634} INFO - at java.base/jdk.internal.reflect.NativeMethodAccessorImpl.invoke0(Native Method)
[2025-07-07T03:06:34.576+0000] {spark_submit.py:634} INFO - at java.base/jdk.internal.reflect.NativeMethodAccessorImpl.invoke(NativeMethodAccessorImpl.java:77)
[2025-07-07T03:06:34.576+0000] {spark_submit.py:634} INFO - at java.base/jdk.internal.reflect.DelegatingMethodAccessorImpl.invoke(DelegatingMethodAccessorImpl.java:43)
[2025-07-07T03:06:34.576+0000] {spark_submit.py:634} INFO - at java.base/java.lang.reflect.Method.invoke(Method.java:569)
[2025-07-07T03:06:34.576+0000] {spark_submit.py:634} INFO - at py4j.reflection.MethodInvoker.invoke(MethodInvoker.java:244)
[2025-07-07T03:06:34.576+0000] {spark_submit.py:634} INFO - at py4j.reflection.ReflectionEngine.invoke(ReflectionEngine.java:374)
[2025-07-07T03:06:34.576+0000] {spark_submit.py:634} INFO - at py4j.Gateway.invoke(Gateway.java:282)
[2025-07-07T03:06:34.576+0000] {spark_submit.py:634} INFO - at py4j.commands.AbstractCommand.invokeMethod(AbstractCommand.java:132)
[2025-07-07T03:06:34.576+0000] {spark_submit.py:634} INFO - at py4j.commands.CallCommand.execute(CallCommand.java:79)
[2025-07-07T03:06:34.576+0000] {spark_submit.py:634} INFO - at py4j.ClientServerConnection.waitForCommands(ClientServerConnection.java:184)
[2025-07-07T03:06:34.576+0000] {spark_submit.py:634} INFO - at py4j.ClientServerConnection.run(ClientServerConnection.java:108)
[2025-07-07T03:06:34.576+0000] {spark_submit.py:634} INFO - at java.base/java.lang.Thread.run(Thread.java:840)
[2025-07-07T03:06:34.576+0000] {spark_submit.py:634} INFO - Suppressed: org.apache.spark.util.Utils$OriginalTryStackTraceException: Full stacktrace of original doTryWithCallerStacktrace caller
[2025-07-07T03:06:34.577+0000] {spark_submit.py:634} INFO - at org.apache.hadoop.fs.s3a.S3AUtils.loadAWSProviderClasses(S3AUtils.java:604)
[2025-07-07T03:06:34.577+0000] {spark_submit.py:634} INFO - at org.apache.hadoop.fs.s3a.S3AUtils.buildAWSProviderList(S3AUtils.java:627)
[2025-07-07T03:06:34.577+0000] {spark_submit.py:634} INFO - at org.apache.hadoop.fs.s3a.S3AUtils.createAWSCredentialProviderSet(S3AUtils.java:578)
[2025-07-07T03:06:34.577+0000] {spark_submit.py:634} INFO - at org.apache.hadoop.fs.s3a.S3AFileSystem.bindAWSClient(S3AFileSystem.java:907)
[2025-07-07T03:06:34.577+0000] {spark_submit.py:634} INFO - at org.apache.hadoop.fs.s3a.S3AFileSystem.initialize(S3AFileSystem.java:548)
[2025-07-07T03:06:34.577+0000] {spark_submit.py:634} INFO - at org.apache.hadoop.fs.FileSystem.createFileSystem(FileSystem.java:3615)
[2025-07-07T03:06:34.577+0000] {spark_submit.py:634} INFO - at org.apache.hadoop.fs.FileSystem.access$300(FileSystem.java:172)
[2025-07-07T03:06:34.577+0000] {spark_submit.py:634} INFO - at org.apache.hadoop.fs.FileSystem$Cache.getInternal(FileSystem.java:3716)
[2025-07-07T03:06:34.577+0000] {spark_submit.py:634} INFO - at org.apache.hadoop.fs.FileSystem$Cache.get(FileSystem.java:3667)
[2025-07-07T03:06:34.577+0000] {spark_submit.py:634} INFO - at org.apache.hadoop.fs.FileSystem.get(FileSystem.java:557)
[2025-07-07T03:06:34.577+0000] {spark_submit.py:634} INFO - at org.apache.hadoop.fs.Path.getFileSystem(Path.java:366)
[2025-07-07T03:06:34.577+0000] {spark_submit.py:634} INFO - at org.apache.spark.sql.execution.datasources.DataSource$.$anonfun$checkAndGlobPathIfNecessary$1(DataSource.scala:777)
[2025-07-07T03:06:34.577+0000] {spark_submit.py:634} INFO - at scala.collection.immutable.List.map(List.scala:247)
[2025-07-07T03:06:34.577+0000] {spark_submit.py:634} INFO - at scala.collection.immutable.List.map(List.scala:79)
[2025-07-07T03:06:34.577+0000] {spark_submit.py:634} INFO - at org.apache.spark.sql.execution.datasources.DataSource$.checkAndGlobPathIfNecessary(DataSource.scala:775)
[2025-07-07T03:06:34.577+0000] {spark_submit.py:634} INFO - at org.apache.spark.sql.execution.datasources.DataSource.checkAndGlobPathIfNecessary(DataSource.scala:575)
[2025-07-07T03:06:34.577+0000] {spark_submit.py:634} INFO - at org.apache.spark.sql.execution.datasources.DataSource.resolveRelation(DataSource.scala:419)
[2025-07-07T03:06:34.577+0000] {spark_submit.py:634} INFO - at org.apache.spark.sql.catalyst.analysis.ResolveDataSource.org$apache$spark$sql$catalyst$analysis$ResolveDataSource$$loadV1BatchSource(ResolveDataSource.scala:143)
[2025-07-07T03:06:34.577+0000] {spark_submit.py:634} INFO - at org.apache.spark.sql.catalyst.analysis.ResolveDataSource$$anonfun$apply$1.$anonfun$applyOrElse$2(ResolveDataSource.scala:61)
[2025-07-07T03:06:34.577+0000] {spark_submit.py:634} INFO - at scala.Option.getOrElse(Option.scala:201)
[2025-07-07T03:06:34.577+0000] {spark_submit.py:634} INFO - at org.apache.spark.sql.catalyst.analysis.ResolveDataSource$$anonfun$apply$1.applyOrElse(ResolveDataSource.scala:61)
[2025-07-07T03:06:34.577+0000] {spark_submit.py:634} INFO - at org.apache.spark.sql.catalyst.analysis.ResolveDataSource$$anonfun$apply$1.applyOrElse(ResolveDataSource.scala:45)
[2025-07-07T03:06:34.577+0000] {spark_submit.py:634} INFO - at org.apache.spark.sql.catalyst.plans.logical.AnalysisHelper.$anonfun$resolveOperatorsUpWithPruning$3(AnalysisHelper.scala:139)
[2025-07-07T03:06:34.578+0000] {spark_submit.py:634} INFO - at org.apache.spark.sql.catalyst.trees.CurrentOrigin$.withOrigin(origin.scala:86)
[2025-07-07T03:06:34.578+0000] {spark_submit.py:634} INFO - at org.apache.spark.sql.catalyst.plans.logical.AnalysisHelper.$anonfun$resolveOperatorsUpWithPruning$1(AnalysisHelper.scala:139)
[2025-07-07T03:06:34.578+0000] {spark_submit.py:634} INFO - at org.apache.spark.sql.catalyst.plans.logical.AnalysisHelper$.allowInvokingTransformsInAnalyzer(AnalysisHelper.scala:416)
[2025-07-07T03:06:34.578+0000] {spark_submit.py:634} INFO - at org.apache.spark.sql.catalyst.plans.logical.AnalysisHelper.resolveOperatorsUpWithPruning(AnalysisHelper.scala:135)
[2025-07-07T03:06:34.578+0000] {spark_submit.py:634} INFO - at org.apache.spark.sql.catalyst.plans.logical.AnalysisHelper.resolveOperatorsUpWithPruning$(AnalysisHelper.scala:131)
[2025-07-07T03:06:34.578+0000] {spark_submit.py:634} INFO - at org.apache.spark.sql.catalyst.plans.logical.LogicalPlan.resolveOperatorsUpWithPruning(LogicalPlan.scala:37)
[2025-07-07T03:06:34.578+0000] {spark_submit.py:634} INFO - at org.apache.spark.sql.catalyst.plans.logical.AnalysisHelper.resolveOperatorsUp(AnalysisHelper.scala:112)
[2025-07-07T03:06:34.578+0000] {spark_submit.py:634} INFO - at org.apache.spark.sql.catalyst.plans.logical.AnalysisHelper.resolveOperatorsUp$(AnalysisHelper.scala:111)
[2025-07-07T03:06:34.578+0000] {spark_submit.py:634} INFO - at org.apache.spark.sql.catalyst.plans.logical.LogicalPlan.resolveOperatorsUp(LogicalPlan.scala:37)
[2025-07-07T03:06:34.578+0000] {spark_submit.py:634} INFO - at org.apache.spark.sql.catalyst.analysis.ResolveDataSource.apply(ResolveDataSource.scala:45)
[2025-07-07T03:06:34.578+0000] {spark_submit.py:634} INFO - at org.apache.spark.sql.catalyst.analysis.ResolveDataSource.apply(ResolveDataSource.scala:43)
[2025-07-07T03:06:34.578+0000] {spark_submit.py:634} INFO - at org.apache.spark.sql.catalyst.rules.RuleExecutor.$anonfun$execute$2(RuleExecutor.scala:242)
[2025-07-07T03:06:34.578+0000] {spark_submit.py:634} INFO - at scala.collection.LinearSeqOps.foldLeft(LinearSeq.scala:183)
[2025-07-07T03:06:34.578+0000] {spark_submit.py:634} INFO - at scala.collection.LinearSeqOps.foldLeft$(LinearSeq.scala:179)
[2025-07-07T03:06:34.578+0000] {spark_submit.py:634} INFO - at scala.collection.immutable.List.foldLeft(List.scala:79)
[2025-07-07T03:06:34.578+0000] {spark_submit.py:634} INFO - at org.apache.spark.sql.catalyst.rules.RuleExecutor.$anonfun$execute$1(RuleExecutor.scala:239)
[2025-07-07T03:06:34.578+0000] {spark_submit.py:634} INFO - at org.apache.spark.sql.catalyst.rules.RuleExecutor.$anonfun$execute$1$adapted(RuleExecutor.scala:231)
[2025-07-07T03:06:34.578+0000] {spark_submit.py:634} INFO - at scala.collection.immutable.List.foreach(List.scala:334)
[2025-07-07T03:06:34.578+0000] {spark_submit.py:634} INFO - at org.apache.spark.sql.catalyst.rules.RuleExecutor.execute(RuleExecutor.scala:231)
[2025-07-07T03:06:34.578+0000] {spark_submit.py:634} INFO - at org.apache.spark.sql.catalyst.analysis.Analyzer.org$apache$spark$sql$catalyst$analysis$Analyzer$$executeSameContext(Analyzer.scala:290)
[2025-07-07T03:06:34.578+0000] {spark_submit.py:634} INFO - at org.apache.spark.sql.catalyst.analysis.Analyzer.$anonfun$execute$1(Analyzer.scala:286)
[2025-07-07T03:06:34.578+0000] {spark_submit.py:634} INFO - at org.apache.spark.sql.catalyst.analysis.AnalysisContext$.withNewAnalysisContext(Analyzer.scala:234)
[2025-07-07T03:06:34.578+0000] {spark_submit.py:634} INFO - at org.apache.spark.sql.catalyst.analysis.Analyzer.execute(Analyzer.scala:286)
[2025-07-07T03:06:34.579+0000] {spark_submit.py:634} INFO - at org.apache.spark.sql.catalyst.analysis.Analyzer.execute(Analyzer.scala:249)
[2025-07-07T03:06:34.579+0000] {spark_submit.py:634} INFO - at org.apache.spark.sql.catalyst.rules.RuleExecutor.$anonfun$executeAndTrack$1(RuleExecutor.scala:201)
[2025-07-07T03:06:34.579+0000] {spark_submit.py:634} INFO - at org.apache.spark.sql.catalyst.QueryPlanningTracker$.withTracker(QueryPlanningTracker.scala:89)
[2025-07-07T03:06:34.579+0000] {spark_submit.py:634} INFO - at org.apache.spark.sql.catalyst.rules.RuleExecutor.executeAndTrack(RuleExecutor.scala:201)
[2025-07-07T03:06:34.579+0000] {spark_submit.py:634} INFO - at org.apache.spark.sql.catalyst.analysis.resolver.HybridAnalyzer.resolveInFixedPoint(HybridAnalyzer.scala:190)
[2025-07-07T03:06:34.579+0000] {spark_submit.py:634} INFO - at org.apache.spark.sql.catalyst.analysis.resolver.HybridAnalyzer.$anonfun$apply$1(HybridAnalyzer.scala:76)
[2025-07-07T03:06:34.579+0000] {spark_submit.py:634} INFO - at org.apache.spark.sql.catalyst.analysis.resolver.HybridAnalyzer.withTrackedAnalyzerBridgeState(HybridAnalyzer.scala:111)
[2025-07-07T03:06:34.579+0000] {spark_submit.py:634} INFO - at org.apache.spark.sql.catalyst.analysis.resolver.HybridAnalyzer.apply(HybridAnalyzer.scala:71)
[2025-07-07T03:06:34.579+0000] {spark_submit.py:634} INFO - at org.apache.spark.sql.catalyst.analysis.Analyzer.$anonfun$executeAndCheck$1(Analyzer.scala:280)
[2025-07-07T03:06:34.579+0000] {spark_submit.py:634} INFO - at org.apache.spark.sql.catalyst.plans.logical.AnalysisHelper$.markInAnalyzer(AnalysisHelper.scala:423)
[2025-07-07T03:06:34.579+0000] {spark_submit.py:634} INFO - at org.apache.spark.sql.catalyst.analysis.Analyzer.executeAndCheck(Analyzer.scala:280)
[2025-07-07T03:06:34.579+0000] {spark_submit.py:634} INFO - at org.apache.spark.sql.execution.QueryExecution.$anonfun$lazyAnalyzed$2(QueryExecution.scala:110)
[2025-07-07T03:06:34.579+0000] {spark_submit.py:634} INFO - at org.apache.spark.sql.catalyst.QueryPlanningTracker.measurePhase(QueryPlanningTracker.scala:148)
[2025-07-07T03:06:34.579+0000] {spark_submit.py:634} INFO - at org.apache.spark.sql.execution.QueryExecution.$anonfun$executePhase$2(QueryExecution.scala:278)
[2025-07-07T03:06:34.579+0000] {spark_submit.py:634} INFO - at org.apache.spark.sql.execution.QueryExecution$.withInternalError(QueryExecution.scala:654)
[2025-07-07T03:06:34.579+0000] {spark_submit.py:634} INFO - at org.apache.spark.sql.execution.QueryExecution.$anonfun$executePhase$1(QueryExecution.scala:278)
[2025-07-07T03:06:34.579+0000] {spark_submit.py:634} INFO - at org.apache.spark.sql.SparkSession.withActive(SparkSession.scala:804)
[2025-07-07T03:06:34.579+0000] {spark_submit.py:634} INFO - at org.apache.spark.sql.execution.QueryExecution.executePhase(QueryExecution.scala:277)
[2025-07-07T03:06:34.579+0000] {spark_submit.py:634} INFO - at org.apache.spark.sql.execution.QueryExecution.$anonfun$lazyAnalyzed$1(QueryExecution.scala:110)
[2025-07-07T03:06:34.579+0000] {spark_submit.py:634} INFO - at scala.util.Try$.apply(Try.scala:217)
[2025-07-07T03:06:34.579+0000] {spark_submit.py:634} INFO - at org.apache.spark.util.Utils$.doTryWithCallerStacktrace(Utils.scala:1378)
[2025-07-07T03:06:34.579+0000] {spark_submit.py:634} INFO - at org.apache.spark.util.LazyTry.tryT$lzycompute(LazyTry.scala:46)
[2025-07-07T03:06:34.579+0000] {spark_submit.py:634} INFO - at org.apache.spark.util.LazyTry.tryT(LazyTry.scala:46)
[2025-07-07T03:06:34.580+0000] {spark_submit.py:634} INFO - ... 23 more
[2025-07-07T03:06:34.580+0000] {spark_submit.py:634} INFO - Caused by: java.lang.ClassNotFoundException: Class software.amazon.awssdk.auth.credentials.EnvironmentVariableCredentialsProvider not found
[2025-07-07T03:06:34.580+0000] {spark_submit.py:634} INFO - at org.apache.hadoop.conf.Configuration.getClassByName(Configuration.java:2641)
[2025-07-07T03:06:34.580+0000] {spark_submit.py:634} INFO - at org.apache.hadoop.conf.Configuration.getClasses(Configuration.java:2712)
[2025-07-07T03:06:34.580+0000] {spark_submit.py:634} INFO - at org.apache.hadoop.fs.s3a.S3AUtils.loadAWSProviderClasses(S3AUtils.java:601)
[2025-07-07T03:06:34.580+0000] {spark_submit.py:634} INFO - at org.apache.hadoop.fs.s3a.S3AUtils.buildAWSProviderList(S3AUtils.java:627)
[2025-07-07T03:06:34.580+0000] {spark_submit.py:634} INFO - at org.apache.hadoop.fs.s3a.S3AUtils.createAWSCredentialProviderSet(S3AUtils.java:578)
[2025-07-07T03:06:34.580+0000] {spark_submit.py:634} INFO - at org.apache.hadoop.fs.s3a.S3AFileSystem.bindAWSClient(S3AFileSystem.java:907)
[2025-07-07T03:06:34.580+0000] {spark_submit.py:634} INFO - at org.apache.hadoop.fs.s3a.S3AFileSystem.initialize(S3AFileSystem.java:548)
[2025-07-07T03:06:34.580+0000] {spark_submit.py:634} INFO - at org.apache.hadoop.fs.FileSystem.createFileSystem(FileSystem.java:3615)
[2025-07-07T03:06:34.580+0000] {spark_submit.py:634} INFO - at org.apache.hadoop.fs.FileSystem.access$300(FileSystem.java:172)
[2025-07-07T03:06:34.580+0000] {spark_submit.py:634} INFO - at org.apache.hadoop.fs.FileSystem$Cache.getInternal(FileSystem.java:3716)
[2025-07-07T03:06:34.580+0000] {spark_submit.py:634} INFO - at org.apache.hadoop.fs.FileSystem$Cache.get(FileSystem.java:3667)
[2025-07-07T03:06:34.580+0000] {spark_submit.py:634} INFO - at org.apache.hadoop.fs.FileSystem.get(FileSystem.java:557)
[2025-07-07T03:06:34.580+0000] {spark_submit.py:634} INFO - at org.apache.hadoop.fs.Path.getFileSystem(Path.java:366)
[2025-07-07T03:06:34.580+0000] {spark_submit.py:634} INFO - at org.apache.spark.sql.execution.datasources.DataSource$.$anonfun$checkAndGlobPathIfNecessary$1(DataSource.scala:777)
[2025-07-07T03:06:34.580+0000] {spark_submit.py:634} INFO - at scala.collection.immutable.List.map(List.scala:247)
[2025-07-07T03:06:34.580+0000] {spark_submit.py:634} INFO - at scala.collection.immutable.List.map(List.scala:79)
[2025-07-07T03:06:34.580+0000] {spark_submit.py:634} INFO - at org.apache.spark.sql.execution.datasources.DataSource$.checkAndGlobPathIfNecessary(DataSource.scala:775)
[2025-07-07T03:06:34.580+0000] {spark_submit.py:634} INFO - at org.apache.spark.sql.execution.datasources.DataSource.checkAndGlobPathIfNecessary(DataSource.scala:575)
[2025-07-07T03:06:34.580+0000] {spark_submit.py:634} INFO - at org.apache.spark.sql.execution.datasources.DataSource.resolveRelation(DataSource.scala:419)
[2025-07-07T03:06:34.580+0000] {spark_submit.py:634} INFO - at org.apache.spark.sql.catalyst.analysis.ResolveDataSource.org$apache$spark$sql$catalyst$analysis$ResolveDataSource$$loadV1BatchSource(ResolveDataSource.scala:143)
[2025-07-07T03:06:34.580+0000] {spark_submit.py:634} INFO - at org.apache.spark.sql.catalyst.analysis.ResolveDataSource$$anonfun$apply$1.$anonfun$applyOrElse$2(ResolveDataSource.scala:61)
[2025-07-07T03:06:34.580+0000] {spark_submit.py:634} INFO - at scala.Option.getOrElse(Option.scala:201)
[2025-07-07T03:06:34.581+0000] {spark_submit.py:634} INFO - at org.apache.spark.sql.catalyst.analysis.ResolveDataSource$$anonfun$apply$1.applyOrElse(ResolveDataSource.scala:61)
[2025-07-07T03:06:34.581+0000] {spark_submit.py:634} INFO - at org.apache.spark.sql.catalyst.analysis.ResolveDataSource$$anonfun$apply$1.applyOrElse(ResolveDataSource.scala:45)
[2025-07-07T03:06:34.581+0000] {spark_submit.py:634} INFO - at org.apache.spark.sql.catalyst.plans.logical.AnalysisHelper.$anonfun$resolveOperatorsUpWithPruning$3(AnalysisHelper.scala:139)
[2025-07-07T03:06:34.581+0000] {spark_submit.py:634} INFO - at org.apache.spark.sql.catalyst.trees.CurrentOrigin$.withOrigin(origin.scala:86)
[2025-07-07T03:06:34.581+0000] {spark_submit.py:634} INFO - at org.apache.spark.sql.catalyst.plans.logical.AnalysisHelper.$anonfun$resolveOperatorsUpWithPruning$1(AnalysisHelper.scala:139)
[2025-07-07T03:06:34.581+0000] {spark_submit.py:634} INFO - at org.apache.spark.sql.catalyst.plans.logical.AnalysisHelper$.allowInvokingTransformsInAnalyzer(AnalysisHelper.scala:416)
[2025-07-07T03:06:34.581+0000] {spark_submit.py:634} INFO - at org.apache.spark.sql.catalyst.plans.logical.AnalysisHelper.resolveOperatorsUpWithPruning(AnalysisHelper.scala:135)
[2025-07-07T03:06:34.581+0000] {spark_submit.py:634} INFO - at org.apache.spark.sql.catalyst.plans.logical.AnalysisHelper.resolveOperatorsUpWithPruning$(AnalysisHelper.scala:131)
[2025-07-07T03:06:34.581+0000] {spark_submit.py:634} INFO - at org.apache.spark.sql.catalyst.plans.logical.LogicalPlan.resolveOperatorsUpWithPruning(LogicalPlan.scala:37)
[2025-07-07T03:06:34.581+0000] {spark_submit.py:634} INFO - at org.apache.spark.sql.catalyst.plans.logical.AnalysisHelper.resolveOperatorsUp(AnalysisHelper.scala:112)
[2025-07-07T03:06:34.581+0000] {spark_submit.py:634} INFO - at org.apache.spark.sql.catalyst.plans.logical.AnalysisHelper.resolveOperatorsUp$(AnalysisHelper.scala:111)
[2025-07-07T03:06:34.581+0000] {spark_submit.py:634} INFO - at org.apache.spark.sql.catalyst.plans.logical.LogicalPlan.resolveOperatorsUp(LogicalPlan.scala:37)
[2025-07-07T03:06:34.581+0000] {spark_submit.py:634} INFO - at org.apache.spark.sql.catalyst.analysis.ResolveDataSource.apply(ResolveDataSource.scala:45)
[2025-07-07T03:06:34.581+0000] {spark_submit.py:634} INFO - at org.apache.spark.sql.catalyst.analysis.ResolveDataSource.apply(ResolveDataSource.scala:43)
[2025-07-07T03:06:34.581+0000] {spark_submit.py:634} INFO - at org.apache.spark.sql.catalyst.rules.RuleExecutor.$anonfun$execute$2(RuleExecutor.scala:242)
[2025-07-07T03:06:34.581+0000] {spark_submit.py:634} INFO - at scala.collection.LinearSeqOps.foldLeft(LinearSeq.scala:183)
[2025-07-07T03:06:34.581+0000] {spark_submit.py:634} INFO - at scala.collection.LinearSeqOps.foldLeft$(LinearSeq.scala:179)
[2025-07-07T03:06:34.581+0000] {spark_submit.py:634} INFO - at scala.collection.immutable.List.foldLeft(List.scala:79)
[2025-07-07T03:06:34.581+0000] {spark_submit.py:634} INFO - at org.apache.spark.sql.catalyst.rules.RuleExecutor.$anonfun$execute$1(RuleExecutor.scala:239)
[2025-07-07T03:06:34.581+0000] {spark_submit.py:634} INFO - at org.apache.spark.sql.catalyst.rules.RuleExecutor.$anonfun$execute$1$adapted(RuleExecutor.scala:231)
[2025-07-07T03:06:34.581+0000] {spark_submit.py:634} INFO - at scala.collection.immutable.List.foreach(List.scala:334)
[2025-07-07T03:06:34.581+0000] {spark_submit.py:634} INFO - at org.apache.spark.sql.catalyst.rules.RuleExecutor.execute(RuleExecutor.scala:231)
[2025-07-07T03:06:34.581+0000] {spark_submit.py:634} INFO - at org.apache.spark.sql.catalyst.analysis.Analyzer.org$apache$spark$sql$catalyst$analysis$Analyzer$$executeSameContext(Analyzer.scala:290)
[2025-07-07T03:06:34.582+0000] {spark_submit.py:634} INFO - at org.apache.spark.sql.catalyst.analysis.Analyzer.$anonfun$execute$1(Analyzer.scala:286)
[2025-07-07T03:06:34.582+0000] {spark_submit.py:634} INFO - at org.apache.spark.sql.catalyst.analysis.AnalysisContext$.withNewAnalysisContext(Analyzer.scala:234)
[2025-07-07T03:06:34.582+0000] {spark_submit.py:634} INFO - at org.apache.spark.sql.catalyst.analysis.Analyzer.execute(Analyzer.scala:286)
[2025-07-07T03:06:34.582+0000] {spark_submit.py:634} INFO - at org.apache.spark.sql.catalyst.analysis.Analyzer.execute(Analyzer.scala:249)
[2025-07-07T03:06:34.582+0000] {spark_submit.py:634} INFO - at org.apache.spark.sql.catalyst.rules.RuleExecutor.$anonfun$executeAndTrack$1(RuleExecutor.scala:201)
[2025-07-07T03:06:34.582+0000] {spark_submit.py:634} INFO - at org.apache.spark.sql.catalyst.QueryPlanningTracker$.withTracker(QueryPlanningTracker.scala:89)
[2025-07-07T03:06:34.582+0000] {spark_submit.py:634} INFO - at org.apache.spark.sql.catalyst.rules.RuleExecutor.executeAndTrack(RuleExecutor.scala:201)
[2025-07-07T03:06:34.582+0000] {spark_submit.py:634} INFO - at org.apache.spark.sql.catalyst.analysis.resolver.HybridAnalyzer.resolveInFixedPoint(HybridAnalyzer.scala:190)
[2025-07-07T03:06:34.582+0000] {spark_submit.py:634} INFO - at org.apache.spark.sql.catalyst.analysis.resolver.HybridAnalyzer.$anonfun$apply$1(HybridAnalyzer.scala:76)
[2025-07-07T03:06:34.582+0000] {spark_submit.py:634} INFO - at org.apache.spark.sql.catalyst.analysis.resolver.HybridAnalyzer.withTrackedAnalyzerBridgeState(HybridAnalyzer.scala:111)
[2025-07-07T03:06:34.582+0000] {spark_submit.py:634} INFO - at org.apache.spark.sql.catalyst.analysis.resolver.HybridAnalyzer.apply(HybridAnalyzer.scala:71)
[2025-07-07T03:06:34.582+0000] {spark_submit.py:634} INFO - at org.apache.spark.sql.catalyst.analysis.Analyzer.$anonfun$executeAndCheck$1(Analyzer.scala:280)
[2025-07-07T03:06:34.582+0000] {spark_submit.py:634} INFO - at org.apache.spark.sql.catalyst.plans.logical.AnalysisHelper$.markInAnalyzer(AnalysisHelper.scala:423)
[2025-07-07T03:06:34.582+0000] {spark_submit.py:634} INFO - at org.apache.spark.sql.catalyst.analysis.Analyzer.executeAndCheck(Analyzer.scala:280)
[2025-07-07T03:06:34.582+0000] {spark_submit.py:634} INFO - at org.apache.spark.sql.execution.QueryExecution.$anonfun$lazyAnalyzed$2(QueryExecution.scala:110)
[2025-07-07T03:06:34.582+0000] {spark_submit.py:634} INFO - at org.apache.spark.sql.catalyst.QueryPlanningTracker.measurePhase(QueryPlanningTracker.scala:148)
[2025-07-07T03:06:34.582+0000] {spark_submit.py:634} INFO - at org.apache.spark.sql.execution.QueryExecution.$anonfun$executePhase$2(QueryExecution.scala:278)
[2025-07-07T03:06:34.582+0000] {spark_submit.py:634} INFO - at org.apache.spark.sql.execution.QueryExecution$.withInternalError(QueryExecution.scala:654)
[2025-07-07T03:06:34.582+0000] {spark_submit.py:634} INFO - at org.apache.spark.sql.execution.QueryExecution.$anonfun$executePhase$1(QueryExecution.scala:278)
[2025-07-07T03:06:34.582+0000] {spark_submit.py:634} INFO - at org.apache.spark.sql.SparkSession.withActive(SparkSession.scala:804)
[2025-07-07T03:06:34.582+0000] {spark_submit.py:634} INFO - at org.apache.spark.sql.execution.QueryExecution.executePhase(QueryExecution.scala:277)
[2025-07-07T03:06:34.582+0000] {spark_submit.py:634} INFO - at org.apache.spark.sql.execution.QueryExecution.$anonfun$lazyAnalyzed$1(QueryExecution.scala:110)
[2025-07-07T03:06:34.582+0000] {spark_submit.py:634} INFO - at scala.util.Try$.apply(Try.scala:217)
[2025-07-07T03:06:34.582+0000] {spark_submit.py:634} INFO - at org.apache.spark.util.Utils$.doTryWithCallerStacktrace(Utils.scala:1378)
[2025-07-07T03:06:34.583+0000] {spark_submit.py:634} INFO - at org.apache.spark.util.LazyTry.tryT$lzycompute(LazyTry.scala:46)
[2025-07-07T03:06:34.583+0000] {spark_submit.py:634} INFO - at org.apache.spark.util.LazyTry.tryT(LazyTry.scala:46)
[2025-07-07T03:06:34.583+0000] {spark_submit.py:634} INFO - ... 23 more
[2025-07-07T03:06:34.583+0000] {spark_submit.py:634} INFO - 
[2025-07-07T03:06:34.813+0000] {taskinstance.py:441} INFO - ::group::Post task execution logs
[2025-07-07T03:06:34.823+0000] {taskinstance.py:2890} ERROR - Task failed with exception
Traceback (most recent call last):
  File "/home/airflow/.local/lib/python3.11/site-packages/airflow/models/taskinstance.py", line 465, in _execute_task
    result = _execute_callable(context=context, **execute_callable_kwargs)
             ^^^^^^^^^^^^^^^^^^^^^^^^^^^^^^^^^^^^^^^^^^^^^^^^^^^^^^^^^^^^^
  File "/home/airflow/.local/lib/python3.11/site-packages/airflow/models/taskinstance.py", line 432, in _execute_callable
    return execute_callable(context=context, **execute_callable_kwargs)
           ^^^^^^^^^^^^^^^^^^^^^^^^^^^^^^^^^^^^^^^^^^^^^^^^^^^^^^^^^^^^
  File "/home/airflow/.local/lib/python3.11/site-packages/airflow/models/baseoperator.py", line 400, in wrapper
    return func(self, *args, **kwargs)
           ^^^^^^^^^^^^^^^^^^^^^^^^^^^
  File "/home/airflow/.local/lib/python3.11/site-packages/airflow/providers/apache/spark/operators/spark_submit.py", line 176, in execute
    self._hook.submit(self.application)
  File "/home/airflow/.local/lib/python3.11/site-packages/airflow/providers/apache/spark/hooks/spark_submit.py", line 560, in submit
    raise AirflowException(
airflow.exceptions.AirflowException: Cannot execute: spark-submit --master spark-master:7077 --packages com.clickhouse:clickhouse-jdbc:0.6.4,org.apache.httpcomponents.client5:httpclient5:5.3.1,org.apache.hadoop:hadoop-aws:3.3.5,com.amazonaws:aws-java-sdk-bundle:1.11.1026 --name arrow-spark --deploy-mode client /opt/***/spark_project/src/spark/spark_main_minio.py. Error code is: 1.
[2025-07-07T03:06:34.825+0000] {taskinstance.py:1205} INFO - Marking task as FAILED. dag_id=my_spark_inline, task_id=spark_write_data, execution_date=20250707T020622, start_date=20250707T030625, end_date=20250707T030634
[2025-07-07T03:06:34.841+0000] {standard_task_runner.py:110} ERROR - Failed to execute job 102 for task spark_write_data (Cannot execute: spark-submit --master spark-master:7077 --packages com.clickhouse:clickhouse-jdbc:0.6.4,org.apache.httpcomponents.client5:httpclient5:5.3.1,org.apache.hadoop:hadoop-aws:3.3.5,com.amazonaws:aws-java-sdk-bundle:1.11.1026 --name arrow-spark --deploy-mode client /opt/***/spark_project/src/spark/spark_main_minio.py. Error code is: 1.; 5868)
[2025-07-07T03:06:34.884+0000] {local_task_job_runner.py:240} INFO - Task exited with return code 1
[2025-07-07T03:06:34.894+0000] {taskinstance.py:3482} INFO - 0 downstream tasks scheduled from follow-on schedule check
[2025-07-07T03:06:34.895+0000] {local_task_job_runner.py:222} INFO - ::endgroup::
