[2025-07-07T03:39:16.598+0000] {local_task_job_runner.py:120} INFO - ::group::Pre task execution logs
[2025-07-07T03:39:16.706+0000] {taskinstance.py:2073} INFO - Dependencies all met for dep_context=non-requeueable deps ti=<TaskInstance: my_spark_inline.spark_write_data manual__2025-07-07T02:06:22.209511+00:00 [queued]>
[2025-07-07T03:39:16.711+0000] {taskinstance.py:2073} INFO - Dependencies all met for dep_context=requeueable deps ti=<TaskInstance: my_spark_inline.spark_write_data manual__2025-07-07T02:06:22.209511+00:00 [queued]>
[2025-07-07T03:39:16.711+0000] {taskinstance.py:2303} INFO - Starting attempt 19 of 19
[2025-07-07T03:39:16.725+0000] {taskinstance.py:2327} INFO - Executing <Task(SparkSubmitOperator): spark_write_data> on 2025-07-07 02:06:22.209511+00:00
[2025-07-07T03:39:16.729+0000] {standard_task_runner.py:63} INFO - Started process 8532 to run task
[2025-07-07T03:39:16.731+0000] {standard_task_runner.py:90} INFO - Running: ['***', 'tasks', 'run', 'my_spark_inline', 'spark_write_data', 'manual__2025-07-07T02:06:22.209511+00:00', '--job-id', '114', '--raw', '--subdir', 'DAGS_FOLDER/test_spark.py', '--cfg-path', '/tmp/tmplvq1cjuo']
[2025-07-07T03:39:16.732+0000] {standard_task_runner.py:91} INFO - Job 114: Subtask spark_write_data
[2025-07-07T03:39:16.740+0000] {logging_mixin.py:188} WARNING - /home/***/.local/lib/python3.11/site-packages/***/settings.py:195 DeprecationWarning: The sql_alchemy_conn option in [core] has been moved to the sql_alchemy_conn option in [database] - the old setting has been used, but please update your config.
[2025-07-07T03:39:16.761+0000] {task_command.py:426} INFO - Running <TaskInstance: my_spark_inline.spark_write_data manual__2025-07-07T02:06:22.209511+00:00 [running]> on host 40aa9e29f527
[2025-07-07T03:39:16.821+0000] {taskinstance.py:2644} INFO - Exporting env vars: AIRFLOW_CTX_DAG_OWNER='***' AIRFLOW_CTX_DAG_ID='my_spark_inline' AIRFLOW_CTX_TASK_ID='spark_write_data' AIRFLOW_CTX_EXECUTION_DATE='2025-07-07T02:06:22.209511+00:00' AIRFLOW_CTX_TRY_NUMBER='19' AIRFLOW_CTX_DAG_RUN_ID='manual__2025-07-07T02:06:22.209511+00:00'
[2025-07-07T03:39:16.821+0000] {taskinstance.py:430} INFO - ::endgroup::
[2025-07-07T03:39:16.836+0000] {base.py:84} INFO - Using connection ID 'spark-master' for task execution.
[2025-07-07T03:39:16.837+0000] {spark_submit.py:473} INFO - Spark-Submit cmd: spark-submit --master spark-master:7077 --packages com.clickhouse:clickhouse-jdbc:0.6.4,org.apache.httpcomponents.client5:httpclient5:5.3.1,org.apache.hadoop:hadoop-aws:3.3.5,com.amazonaws:aws-java-sdk-bundle:1.11.1026 --name arrow-spark --deploy-mode client /opt/***/spark_project/src/spark/spark_main_minio.py
[2025-07-07T03:39:17.199+0000] {spark_submit.py:634} INFO - WARNING: Using incubator modules: jdk.incubator.vector
[2025-07-07T03:39:19.494+0000] {spark_submit.py:634} INFO - :: loading settings :: url = jar:file:/home/***/.local/lib/python3.11/site-packages/pyspark/jars/ivy-2.5.3.jar!/org/apache/ivy/core/settings/ivysettings.xml
[2025-07-07T03:39:19.601+0000] {spark_submit.py:634} INFO - Ivy Default Cache set to: /home/***/.ivy2.5.2/cache
[2025-07-07T03:39:19.601+0000] {spark_submit.py:634} INFO - The jars for the packages stored in: /home/***/.ivy2.5.2/jars
[2025-07-07T03:39:19.604+0000] {spark_submit.py:634} INFO - com.clickhouse#clickhouse-jdbc added as a dependency
[2025-07-07T03:39:19.604+0000] {spark_submit.py:634} INFO - org.apache.httpcomponents.client5#httpclient5 added as a dependency
[2025-07-07T03:39:19.604+0000] {spark_submit.py:634} INFO - org.apache.hadoop#hadoop-aws added as a dependency
[2025-07-07T03:39:19.604+0000] {spark_submit.py:634} INFO - com.amazonaws#aws-java-sdk-bundle added as a dependency
[2025-07-07T03:39:19.604+0000] {spark_submit.py:634} INFO - :: resolving dependencies :: org.apache.spark#spark-submit-parent-4e55a7a8-a840-48fe-be2a-7bcb0aaf0d24;1.0
[2025-07-07T03:39:19.604+0000] {spark_submit.py:634} INFO - confs: [default]
[2025-07-07T03:39:19.884+0000] {spark_submit.py:634} INFO - found com.clickhouse#clickhouse-jdbc;0.6.4 in central
[2025-07-07T03:39:19.901+0000] {spark_submit.py:634} INFO - found org.apache.httpcomponents.client5#httpclient5;5.3.1 in central
[2025-07-07T03:39:19.993+0000] {spark_submit.py:634} INFO - found org.apache.httpcomponents.core5#httpcore5;5.2.4 in central
[2025-07-07T03:39:20.081+0000] {spark_submit.py:634} INFO - found org.apache.httpcomponents.core5#httpcore5-h2;5.2.4 in central
[2025-07-07T03:39:20.094+0000] {spark_submit.py:634} INFO - found org.slf4j#slf4j-api;1.7.36 in central
[2025-07-07T03:39:20.190+0000] {spark_submit.py:634} INFO - found org.apache.hadoop#hadoop-aws;3.3.5 in central
[2025-07-07T03:39:20.200+0000] {spark_submit.py:634} INFO - found com.amazonaws#aws-java-sdk-bundle;1.12.316 in central
[2025-07-07T03:39:20.286+0000] {spark_submit.py:634} INFO - found org.wildfly.openssl#wildfly-openssl;1.1.3.Final in central
[2025-07-07T03:39:20.383+0000] {spark_submit.py:634} INFO - :: resolution report :: resolve 688ms :: artifacts dl 91ms
[2025-07-07T03:39:20.383+0000] {spark_submit.py:634} INFO - :: modules in use:
[2025-07-07T03:39:20.384+0000] {spark_submit.py:634} INFO - com.amazonaws#aws-java-sdk-bundle;1.12.316 from central in [default]
[2025-07-07T03:39:20.384+0000] {spark_submit.py:634} INFO - com.clickhouse#clickhouse-jdbc;0.6.4 from central in [default]
[2025-07-07T03:39:20.384+0000] {spark_submit.py:634} INFO - org.apache.hadoop#hadoop-aws;3.3.5 from central in [default]
[2025-07-07T03:39:20.385+0000] {spark_submit.py:634} INFO - org.apache.httpcomponents.client5#httpclient5;5.3.1 from central in [default]
[2025-07-07T03:39:20.385+0000] {spark_submit.py:634} INFO - org.apache.httpcomponents.core5#httpcore5;5.2.4 from central in [default]
[2025-07-07T03:39:20.385+0000] {spark_submit.py:634} INFO - org.apache.httpcomponents.core5#httpcore5-h2;5.2.4 from central in [default]
[2025-07-07T03:39:20.385+0000] {spark_submit.py:634} INFO - org.slf4j#slf4j-api;1.7.36 from central in [default]
[2025-07-07T03:39:20.385+0000] {spark_submit.py:634} INFO - org.wildfly.openssl#wildfly-openssl;1.1.3.Final from central in [default]
[2025-07-07T03:39:20.385+0000] {spark_submit.py:634} INFO - :: evicted modules:
[2025-07-07T03:39:20.385+0000] {spark_submit.py:634} INFO - com.amazonaws#aws-java-sdk-bundle;1.11.1026 by [com.amazonaws#aws-java-sdk-bundle;1.12.316] in [default]
[2025-07-07T03:39:20.386+0000] {spark_submit.py:634} INFO - ---------------------------------------------------------------------
[2025-07-07T03:39:20.386+0000] {spark_submit.py:634} INFO - |                  |            modules            ||   artifacts   |
[2025-07-07T03:39:20.386+0000] {spark_submit.py:634} INFO - |       conf       | number| search|dwnlded|evicted|| number|dwnlded|
[2025-07-07T03:39:20.386+0000] {spark_submit.py:634} INFO - ---------------------------------------------------------------------
[2025-07-07T03:39:20.386+0000] {spark_submit.py:634} INFO - |      default     |   9   |   0   |   0   |   1   ||   8   |   0   |
[2025-07-07T03:39:20.386+0000] {spark_submit.py:634} INFO - ---------------------------------------------------------------------
[2025-07-07T03:39:20.387+0000] {spark_submit.py:634} INFO - :: retrieving :: org.apache.spark#spark-submit-parent-4e55a7a8-a840-48fe-be2a-7bcb0aaf0d24
[2025-07-07T03:39:20.387+0000] {spark_submit.py:634} INFO - confs: [default]
[2025-07-07T03:39:20.391+0000] {spark_submit.py:634} INFO - 0 artifacts copied, 8 already retrieved (0kB/4ms)
[2025-07-07T03:39:20.881+0000] {spark_submit.py:634} INFO - 25/07/07 03:39:20 WARN NativeCodeLoader: Unable to load native-hadoop library for your platform... using builtin-java classes where applicable
[2025-07-07T03:39:22.810+0000] {spark_submit.py:634} INFO - Using Spark's default log4j profile: org/apache/spark/log4j2-defaults.properties
[2025-07-07T03:39:22.814+0000] {spark_submit.py:634} INFO - 25/07/07 03:39:22 INFO SparkContext: Running Spark version 4.0.0
[2025-07-07T03:39:22.815+0000] {spark_submit.py:634} INFO - 25/07/07 03:39:22 INFO SparkContext: OS info Linux, 6.8.0-60-generic, amd64
[2025-07-07T03:39:22.815+0000] {spark_submit.py:634} INFO - 25/07/07 03:39:22 INFO SparkContext: Java version 17.0.15
[2025-07-07T03:39:22.888+0000] {spark_submit.py:634} INFO - 25/07/07 03:39:22 INFO ResourceUtils: ==============================================================
[2025-07-07T03:39:22.888+0000] {spark_submit.py:634} INFO - 25/07/07 03:39:22 INFO ResourceUtils: No custom resources configured for spark.driver.
[2025-07-07T03:39:22.888+0000] {spark_submit.py:634} INFO - 25/07/07 03:39:22 INFO ResourceUtils: ==============================================================
[2025-07-07T03:39:22.889+0000] {spark_submit.py:634} INFO - 25/07/07 03:39:22 INFO SparkContext: Submitted application: thanhdz
[2025-07-07T03:39:22.902+0000] {spark_submit.py:634} INFO - 25/07/07 03:39:22 INFO ResourceProfile: Default ResourceProfile created, executor resources: Map(cores -> name: cores, amount: 2, script: , vendor: , memory -> name: memory, amount: 4096, script: , vendor: , offHeap -> name: offHeap, amount: 0, script: , vendor: ), task resources: Map(cpus -> name: cpus, amount: 1.0)
[2025-07-07T03:39:22.905+0000] {spark_submit.py:634} INFO - 25/07/07 03:39:22 INFO ResourceProfile: Limiting resource is cpus at 2 tasks per executor
[2025-07-07T03:39:22.906+0000] {spark_submit.py:634} INFO - 25/07/07 03:39:22 INFO ResourceProfileManager: Added ResourceProfile id: 0
[2025-07-07T03:39:22.996+0000] {spark_submit.py:634} INFO - 25/07/07 03:39:22 INFO SecurityManager: Changing view acls to: ***
[2025-07-07T03:39:22.996+0000] {spark_submit.py:634} INFO - 25/07/07 03:39:22 INFO SecurityManager: Changing modify acls to: ***
[2025-07-07T03:39:22.997+0000] {spark_submit.py:634} INFO - 25/07/07 03:39:22 INFO SecurityManager: Changing view acls groups to: ***
[2025-07-07T03:39:22.997+0000] {spark_submit.py:634} INFO - 25/07/07 03:39:22 INFO SecurityManager: Changing modify acls groups to: ***
[2025-07-07T03:39:22.998+0000] {spark_submit.py:634} INFO - 25/07/07 03:39:22 INFO SecurityManager: SecurityManager: authentication disabled; ui acls disabled; users with view permissions: *** groups with view permissions: EMPTY; users with modify permissions: ***; groups with modify permissions: EMPTY; RPC SSL disabled
[2025-07-07T03:39:23.209+0000] {spark_submit.py:634} INFO - 25/07/07 03:39:23 INFO Utils: Successfully started service 'sparkDriver' on port 42609.
[2025-07-07T03:39:23.229+0000] {spark_submit.py:634} INFO - 25/07/07 03:39:23 INFO SparkEnv: Registering MapOutputTracker
[2025-07-07T03:39:23.236+0000] {spark_submit.py:634} INFO - 25/07/07 03:39:23 INFO SparkEnv: Registering BlockManagerMaster
[2025-07-07T03:39:23.285+0000] {spark_submit.py:634} INFO - 25/07/07 03:39:23 INFO BlockManagerMasterEndpoint: Using org.apache.spark.storage.DefaultTopologyMapper for getting topology information
[2025-07-07T03:39:23.285+0000] {spark_submit.py:634} INFO - 25/07/07 03:39:23 INFO BlockManagerMasterEndpoint: BlockManagerMasterEndpoint up
[2025-07-07T03:39:23.287+0000] {spark_submit.py:634} INFO - 25/07/07 03:39:23 INFO SparkEnv: Registering BlockManagerMasterHeartbeat
[2025-07-07T03:39:23.299+0000] {spark_submit.py:634} INFO - 25/07/07 03:39:23 INFO DiskBlockManager: Created local directory at /tmp/blockmgr-02f09bb0-cd30-40c5-bbba-c5ce10e8c4f2
[2025-07-07T03:39:23.311+0000] {spark_submit.py:634} INFO - 25/07/07 03:39:23 INFO SparkEnv: Registering OutputCommitCoordinator
[2025-07-07T03:39:23.434+0000] {spark_submit.py:634} INFO - 25/07/07 03:39:23 INFO JettyUtils: Start Jetty 0.0.0.0:4040 for SparkUI
[2025-07-07T03:39:23.516+0000] {spark_submit.py:634} INFO - 25/07/07 03:39:23 INFO Utils: Successfully started service 'SparkUI' on port 4040.
[2025-07-07T03:39:23.584+0000] {spark_submit.py:634} INFO - 25/07/07 03:39:23 INFO SparkContext: Added JAR file:///home/***/.ivy2.5.2/jars/com.clickhouse_clickhouse-jdbc-0.6.4.jar at spark://40aa9e29f527:42609/jars/com.clickhouse_clickhouse-jdbc-0.6.4.jar with timestamp 1751859562805
[2025-07-07T03:39:23.584+0000] {spark_submit.py:634} INFO - 25/07/07 03:39:23 INFO SparkContext: Added JAR file:///home/***/.ivy2.5.2/jars/org.apache.httpcomponents.client5_httpclient5-5.3.1.jar at spark://40aa9e29f527:42609/jars/org.apache.httpcomponents.client5_httpclient5-5.3.1.jar with timestamp 1751859562805
[2025-07-07T03:39:23.585+0000] {spark_submit.py:634} INFO - 25/07/07 03:39:23 INFO SparkContext: Added JAR file:///home/***/.ivy2.5.2/jars/org.apache.hadoop_hadoop-aws-3.3.5.jar at spark://40aa9e29f527:42609/jars/org.apache.hadoop_hadoop-aws-3.3.5.jar with timestamp 1751859562805
[2025-07-07T03:39:23.585+0000] {spark_submit.py:634} INFO - 25/07/07 03:39:23 INFO SparkContext: Added JAR file:///home/***/.ivy2.5.2/jars/org.apache.httpcomponents.core5_httpcore5-5.2.4.jar at spark://40aa9e29f527:42609/jars/org.apache.httpcomponents.core5_httpcore5-5.2.4.jar with timestamp 1751859562805
[2025-07-07T03:39:23.585+0000] {spark_submit.py:634} INFO - 25/07/07 03:39:23 INFO SparkContext: Added JAR file:///home/***/.ivy2.5.2/jars/org.apache.httpcomponents.core5_httpcore5-h2-5.2.4.jar at spark://40aa9e29f527:42609/jars/org.apache.httpcomponents.core5_httpcore5-h2-5.2.4.jar with timestamp 1751859562805
[2025-07-07T03:39:23.585+0000] {spark_submit.py:634} INFO - 25/07/07 03:39:23 INFO SparkContext: Added JAR file:///home/***/.ivy2.5.2/jars/org.slf4j_slf4j-api-1.7.36.jar at spark://40aa9e29f527:42609/jars/org.slf4j_slf4j-api-1.7.36.jar with timestamp 1751859562805
[2025-07-07T03:39:23.585+0000] {spark_submit.py:634} INFO - 25/07/07 03:39:23 INFO SparkContext: Added JAR file:///home/***/.ivy2.5.2/jars/com.amazonaws_aws-java-sdk-bundle-1.12.316.jar at spark://40aa9e29f527:42609/jars/com.amazonaws_aws-java-sdk-bundle-1.12.316.jar with timestamp 1751859562805
[2025-07-07T03:39:23.585+0000] {spark_submit.py:634} INFO - 25/07/07 03:39:23 INFO SparkContext: Added JAR file:///home/***/.ivy2.5.2/jars/org.wildfly.openssl_wildfly-openssl-1.1.3.Final.jar at spark://40aa9e29f527:42609/jars/org.wildfly.openssl_wildfly-openssl-1.1.3.Final.jar with timestamp 1751859562805
[2025-07-07T03:39:23.586+0000] {spark_submit.py:634} INFO - 25/07/07 03:39:23 INFO SparkContext: Added file file:///home/***/.ivy2.5.2/jars/com.clickhouse_clickhouse-jdbc-0.6.4.jar at spark://40aa9e29f527:42609/files/com.clickhouse_clickhouse-jdbc-0.6.4.jar with timestamp 1751859562805
[2025-07-07T03:39:23.587+0000] {spark_submit.py:634} INFO - 25/07/07 03:39:23 INFO Utils: Copying /home/***/.ivy2.5.2/jars/com.clickhouse_clickhouse-jdbc-0.6.4.jar to /tmp/spark-493018b4-8a7b-42d6-9df9-ca46690c30a5/userFiles-143e5e78-b5c6-4b3c-b2d0-3041edf1480e/com.clickhouse_clickhouse-jdbc-0.6.4.jar
[2025-07-07T03:39:23.597+0000] {spark_submit.py:634} INFO - 25/07/07 03:39:23 INFO SparkContext: Added file file:///home/***/.ivy2.5.2/jars/org.apache.httpcomponents.client5_httpclient5-5.3.1.jar at spark://40aa9e29f527:42609/files/org.apache.httpcomponents.client5_httpclient5-5.3.1.jar with timestamp 1751859562805
[2025-07-07T03:39:23.597+0000] {spark_submit.py:634} INFO - 25/07/07 03:39:23 INFO Utils: Copying /home/***/.ivy2.5.2/jars/org.apache.httpcomponents.client5_httpclient5-5.3.1.jar to /tmp/spark-493018b4-8a7b-42d6-9df9-ca46690c30a5/userFiles-143e5e78-b5c6-4b3c-b2d0-3041edf1480e/org.apache.httpcomponents.client5_httpclient5-5.3.1.jar
[2025-07-07T03:39:23.601+0000] {spark_submit.py:634} INFO - 25/07/07 03:39:23 INFO SparkContext: Added file file:///home/***/.ivy2.5.2/jars/org.apache.hadoop_hadoop-aws-3.3.5.jar at spark://40aa9e29f527:42609/files/org.apache.hadoop_hadoop-aws-3.3.5.jar with timestamp 1751859562805
[2025-07-07T03:39:23.601+0000] {spark_submit.py:634} INFO - 25/07/07 03:39:23 INFO Utils: Copying /home/***/.ivy2.5.2/jars/org.apache.hadoop_hadoop-aws-3.3.5.jar to /tmp/spark-493018b4-8a7b-42d6-9df9-ca46690c30a5/userFiles-143e5e78-b5c6-4b3c-b2d0-3041edf1480e/org.apache.hadoop_hadoop-aws-3.3.5.jar
[2025-07-07T03:39:23.606+0000] {spark_submit.py:634} INFO - 25/07/07 03:39:23 INFO SparkContext: Added file file:///home/***/.ivy2.5.2/jars/org.apache.httpcomponents.core5_httpcore5-5.2.4.jar at spark://40aa9e29f527:42609/files/org.apache.httpcomponents.core5_httpcore5-5.2.4.jar with timestamp 1751859562805
[2025-07-07T03:39:23.607+0000] {spark_submit.py:634} INFO - 25/07/07 03:39:23 INFO Utils: Copying /home/***/.ivy2.5.2/jars/org.apache.httpcomponents.core5_httpcore5-5.2.4.jar to /tmp/spark-493018b4-8a7b-42d6-9df9-ca46690c30a5/userFiles-143e5e78-b5c6-4b3c-b2d0-3041edf1480e/org.apache.httpcomponents.core5_httpcore5-5.2.4.jar
[2025-07-07T03:39:23.613+0000] {spark_submit.py:634} INFO - 25/07/07 03:39:23 INFO SparkContext: Added file file:///home/***/.ivy2.5.2/jars/org.apache.httpcomponents.core5_httpcore5-h2-5.2.4.jar at spark://40aa9e29f527:42609/files/org.apache.httpcomponents.core5_httpcore5-h2-5.2.4.jar with timestamp 1751859562805
[2025-07-07T03:39:23.613+0000] {spark_submit.py:634} INFO - 25/07/07 03:39:23 INFO Utils: Copying /home/***/.ivy2.5.2/jars/org.apache.httpcomponents.core5_httpcore5-h2-5.2.4.jar to /tmp/spark-493018b4-8a7b-42d6-9df9-ca46690c30a5/userFiles-143e5e78-b5c6-4b3c-b2d0-3041edf1480e/org.apache.httpcomponents.core5_httpcore5-h2-5.2.4.jar
[2025-07-07T03:39:23.616+0000] {spark_submit.py:634} INFO - 25/07/07 03:39:23 INFO SparkContext: Added file file:///home/***/.ivy2.5.2/jars/org.slf4j_slf4j-api-1.7.36.jar at spark://40aa9e29f527:42609/files/org.slf4j_slf4j-api-1.7.36.jar with timestamp 1751859562805
[2025-07-07T03:39:23.616+0000] {spark_submit.py:634} INFO - 25/07/07 03:39:23 INFO Utils: Copying /home/***/.ivy2.5.2/jars/org.slf4j_slf4j-api-1.7.36.jar to /tmp/spark-493018b4-8a7b-42d6-9df9-ca46690c30a5/userFiles-143e5e78-b5c6-4b3c-b2d0-3041edf1480e/org.slf4j_slf4j-api-1.7.36.jar
[2025-07-07T03:39:23.620+0000] {spark_submit.py:634} INFO - 25/07/07 03:39:23 INFO SparkContext: Added file file:///home/***/.ivy2.5.2/jars/com.amazonaws_aws-java-sdk-bundle-1.12.316.jar at spark://40aa9e29f527:42609/files/com.amazonaws_aws-java-sdk-bundle-1.12.316.jar with timestamp 1751859562805
[2025-07-07T03:39:23.620+0000] {spark_submit.py:634} INFO - 25/07/07 03:39:23 INFO Utils: Copying /home/***/.ivy2.5.2/jars/com.amazonaws_aws-java-sdk-bundle-1.12.316.jar to /tmp/spark-493018b4-8a7b-42d6-9df9-ca46690c30a5/userFiles-143e5e78-b5c6-4b3c-b2d0-3041edf1480e/com.amazonaws_aws-java-sdk-bundle-1.12.316.jar
[2025-07-07T03:39:23.795+0000] {spark_submit.py:634} INFO - 25/07/07 03:39:23 INFO SparkContext: Added file file:///home/***/.ivy2.5.2/jars/org.wildfly.openssl_wildfly-openssl-1.1.3.Final.jar at spark://40aa9e29f527:42609/files/org.wildfly.openssl_wildfly-openssl-1.1.3.Final.jar with timestamp 1751859562805
[2025-07-07T03:39:23.795+0000] {spark_submit.py:634} INFO - 25/07/07 03:39:23 INFO Utils: Copying /home/***/.ivy2.5.2/jars/org.wildfly.openssl_wildfly-openssl-1.1.3.Final.jar to /tmp/spark-493018b4-8a7b-42d6-9df9-ca46690c30a5/userFiles-143e5e78-b5c6-4b3c-b2d0-3041edf1480e/org.wildfly.openssl_wildfly-openssl-1.1.3.Final.jar
[2025-07-07T03:39:23.812+0000] {spark_submit.py:634} INFO - 25/07/07 03:39:23 INFO SecurityManager: Changing view acls to: ***
[2025-07-07T03:39:23.812+0000] {spark_submit.py:634} INFO - 25/07/07 03:39:23 INFO SecurityManager: Changing modify acls to: ***
[2025-07-07T03:39:23.812+0000] {spark_submit.py:634} INFO - 25/07/07 03:39:23 INFO SecurityManager: Changing view acls groups to: ***
[2025-07-07T03:39:23.812+0000] {spark_submit.py:634} INFO - 25/07/07 03:39:23 INFO SecurityManager: Changing modify acls groups to: ***
[2025-07-07T03:39:23.812+0000] {spark_submit.py:634} INFO - 25/07/07 03:39:23 INFO SecurityManager: SecurityManager: authentication disabled; ui acls disabled; users with view permissions: *** groups with view permissions: EMPTY; users with modify permissions: ***; groups with modify permissions: EMPTY; RPC SSL disabled
[2025-07-07T03:39:24.013+0000] {spark_submit.py:634} INFO - 25/07/07 03:39:24 INFO StandaloneAppClient$ClientEndpoint: Connecting to master spark://spark-master:7077...
[2025-07-07T03:39:24.105+0000] {spark_submit.py:634} INFO - 25/07/07 03:39:24 INFO TransportClientFactory: Successfully created connection to spark-master/172.21.0.6:7077 after 14 ms (0 ms spent in bootstraps)
[2025-07-07T03:39:24.198+0000] {spark_submit.py:634} INFO - 25/07/07 03:39:24 INFO StandaloneSchedulerBackend: Connected to Spark cluster with app ID app-20250707033924-0028
[2025-07-07T03:39:24.203+0000] {spark_submit.py:634} INFO - 25/07/07 03:39:24 INFO Utils: Successfully started service 'org.apache.spark.network.netty.NettyBlockTransferService' on port 37469.
[2025-07-07T03:39:24.203+0000] {spark_submit.py:634} INFO - 25/07/07 03:39:24 INFO NettyBlockTransferService: Server created on 40aa9e29f527:37469
[2025-07-07T03:39:24.204+0000] {spark_submit.py:634} INFO - 25/07/07 03:39:24 INFO BlockManager: Using org.apache.spark.storage.RandomBlockReplicationPolicy for block replication policy
[2025-07-07T03:39:24.210+0000] {spark_submit.py:634} INFO - 25/07/07 03:39:24 INFO BlockManagerMaster: Registering BlockManager BlockManagerId(driver, 40aa9e29f527, 37469, None)
[2025-07-07T03:39:24.213+0000] {spark_submit.py:634} INFO - 25/07/07 03:39:24 INFO BlockManagerMasterEndpoint: Registering block manager 40aa9e29f527:37469 with 413.9 MiB RAM, BlockManagerId(driver, 40aa9e29f527, 37469, None)
[2025-07-07T03:39:24.215+0000] {spark_submit.py:634} INFO - 25/07/07 03:39:24 INFO BlockManagerMaster: Registered BlockManager BlockManagerId(driver, 40aa9e29f527, 37469, None)
[2025-07-07T03:39:24.216+0000] {spark_submit.py:634} INFO - 25/07/07 03:39:24 INFO BlockManager: Initialized BlockManager: BlockManagerId(driver, 40aa9e29f527, 37469, None)
[2025-07-07T03:39:24.394+0000] {spark_submit.py:634} INFO - 25/07/07 03:39:24 INFO StandaloneSchedulerBackend: SchedulerBackend is ready for scheduling beginning after reached minRegisteredResourcesRatio: 0.0
[2025-07-07T03:39:26.604+0000] {spark_submit.py:634} INFO - --- Spark Hadoop Configurations ---
[2025-07-07T03:39:26.616+0000] {spark_submit.py:634} INFO - fs.s3a.connection.establish.timeout: 30s
[2025-07-07T03:39:26.616+0000] {spark_submit.py:634} INFO - fs.s3a.read.timeout: None
[2025-07-07T03:39:26.616+0000] {spark_submit.py:634} INFO - fs.s3a.timeout: None
[2025-07-07T03:39:26.616+0000] {spark_submit.py:634} INFO - fs.s3a.block.size: 32M
[2025-07-07T03:39:26.617+0000] {spark_submit.py:634} INFO - Traceback (most recent call last):
[2025-07-07T03:39:26.617+0000] {spark_submit.py:634} INFO - File "/opt/***/spark_project/src/spark/spark_main_minio.py", line 121, in <module>
[2025-07-07T03:39:26.617+0000] {spark_submit.py:634} INFO - main()
[2025-07-07T03:39:26.617+0000] {spark_submit.py:634} INFO - File "/opt/***/spark_project/src/spark/spark_main_minio.py", line 67, in main
[2025-07-07T03:39:26.617+0000] {spark_submit.py:634} INFO - for entry in hadoop_conf:
[2025-07-07T03:39:26.617+0000] {spark_submit.py:634} INFO - TypeError: 'JavaObject' object is not iterable
[2025-07-07T03:39:26.952+0000] {taskinstance.py:441} INFO - ::group::Post task execution logs
[2025-07-07T03:39:26.987+0000] {taskinstance.py:2890} ERROR - Task failed with exception
Traceback (most recent call last):
  File "/home/airflow/.local/lib/python3.11/site-packages/airflow/models/taskinstance.py", line 465, in _execute_task
    result = _execute_callable(context=context, **execute_callable_kwargs)
             ^^^^^^^^^^^^^^^^^^^^^^^^^^^^^^^^^^^^^^^^^^^^^^^^^^^^^^^^^^^^^
  File "/home/airflow/.local/lib/python3.11/site-packages/airflow/models/taskinstance.py", line 432, in _execute_callable
    return execute_callable(context=context, **execute_callable_kwargs)
           ^^^^^^^^^^^^^^^^^^^^^^^^^^^^^^^^^^^^^^^^^^^^^^^^^^^^^^^^^^^^
  File "/home/airflow/.local/lib/python3.11/site-packages/airflow/models/baseoperator.py", line 400, in wrapper
    return func(self, *args, **kwargs)
           ^^^^^^^^^^^^^^^^^^^^^^^^^^^
  File "/home/airflow/.local/lib/python3.11/site-packages/airflow/providers/apache/spark/operators/spark_submit.py", line 176, in execute
    self._hook.submit(self.application)
  File "/home/airflow/.local/lib/python3.11/site-packages/airflow/providers/apache/spark/hooks/spark_submit.py", line 560, in submit
    raise AirflowException(
airflow.exceptions.AirflowException: Cannot execute: spark-submit --master spark-master:7077 --packages com.clickhouse:clickhouse-jdbc:0.6.4,org.apache.httpcomponents.client5:httpclient5:5.3.1,org.apache.hadoop:hadoop-aws:3.3.5,com.amazonaws:aws-java-sdk-bundle:1.11.1026 --name arrow-spark --deploy-mode client /opt/***/spark_project/src/spark/spark_main_minio.py. Error code is: 1.
[2025-07-07T03:39:26.989+0000] {taskinstance.py:1205} INFO - Marking task as FAILED. dag_id=my_spark_inline, task_id=spark_write_data, execution_date=20250707T020622, start_date=20250707T033916, end_date=20250707T033926
[2025-07-07T03:39:26.994+0000] {standard_task_runner.py:110} ERROR - Failed to execute job 114 for task spark_write_data (Cannot execute: spark-submit --master spark-master:7077 --packages com.clickhouse:clickhouse-jdbc:0.6.4,org.apache.httpcomponents.client5:httpclient5:5.3.1,org.apache.hadoop:hadoop-aws:3.3.5,com.amazonaws:aws-java-sdk-bundle:1.11.1026 --name arrow-spark --deploy-mode client /opt/***/spark_project/src/spark/spark_main_minio.py. Error code is: 1.; 8532)
[2025-07-07T03:39:27.036+0000] {local_task_job_runner.py:240} INFO - Task exited with return code 1
[2025-07-07T03:39:27.050+0000] {taskinstance.py:3482} INFO - 0 downstream tasks scheduled from follow-on schedule check
[2025-07-07T03:39:27.052+0000] {local_task_job_runner.py:222} INFO - ::endgroup::
