[2025-07-07T02:44:09.451+0000] {local_task_job_runner.py:120} INFO - ::group::Pre task execution logs
[2025-07-07T02:44:09.560+0000] {taskinstance.py:2073} INFO - Dependencies all met for dep_context=non-requeueable deps ti=<TaskInstance: my_spark_inline.spark_write_data manual__2025-07-07T02:06:22.209511+00:00 [queued]>
[2025-07-07T02:44:09.565+0000] {taskinstance.py:2073} INFO - Dependencies all met for dep_context=requeueable deps ti=<TaskInstance: my_spark_inline.spark_write_data manual__2025-07-07T02:06:22.209511+00:00 [queued]>
[2025-07-07T02:44:09.565+0000] {taskinstance.py:2303} INFO - Starting attempt 4 of 4
[2025-07-07T02:44:09.580+0000] {taskinstance.py:2327} INFO - Executing <Task(SparkSubmitOperator): spark_write_data> on 2025-07-07 02:06:22.209511+00:00
[2025-07-07T02:44:09.584+0000] {standard_task_runner.py:63} INFO - Started process 4672 to run task
[2025-07-07T02:44:09.586+0000] {standard_task_runner.py:90} INFO - Running: ['***', 'tasks', 'run', 'my_spark_inline', 'spark_write_data', 'manual__2025-07-07T02:06:22.209511+00:00', '--job-id', '99', '--raw', '--subdir', 'DAGS_FOLDER/test_spark.py', '--cfg-path', '/tmp/tmppqz_5823']
[2025-07-07T02:44:09.587+0000] {standard_task_runner.py:91} INFO - Job 99: Subtask spark_write_data
[2025-07-07T02:44:09.599+0000] {logging_mixin.py:188} WARNING - /home/***/.local/lib/python3.11/site-packages/***/settings.py:195 DeprecationWarning: The sql_alchemy_conn option in [core] has been moved to the sql_alchemy_conn option in [database] - the old setting has been used, but please update your config.
[2025-07-07T02:44:09.621+0000] {task_command.py:426} INFO - Running <TaskInstance: my_spark_inline.spark_write_data manual__2025-07-07T02:06:22.209511+00:00 [running]> on host 40aa9e29f527
[2025-07-07T02:44:09.674+0000] {taskinstance.py:2644} INFO - Exporting env vars: AIRFLOW_CTX_DAG_OWNER='***' AIRFLOW_CTX_DAG_ID='my_spark_inline' AIRFLOW_CTX_TASK_ID='spark_write_data' AIRFLOW_CTX_EXECUTION_DATE='2025-07-07T02:06:22.209511+00:00' AIRFLOW_CTX_TRY_NUMBER='4' AIRFLOW_CTX_DAG_RUN_ID='manual__2025-07-07T02:06:22.209511+00:00'
[2025-07-07T02:44:09.674+0000] {taskinstance.py:430} INFO - ::endgroup::
[2025-07-07T02:44:09.686+0000] {base.py:84} INFO - Using connection ID 'spark-master' for task execution.
[2025-07-07T02:44:09.687+0000] {spark_submit.py:473} INFO - Spark-Submit cmd: spark-submit --master spark-master:7077 --packages com.clickhouse:clickhouse-jdbc:0.6.4,org.apache.httpcomponents.client5:httpclient5:5.3.1,org.apache.hadoop:hadoop-aws:3.3.1,com.amazonaws:aws-java-sdk-bundle:1.11.1026 --name arrow-spark --deploy-mode client /opt/***/spark_project/src/spark/spark_main_minio.py
[2025-07-07T02:44:09.980+0000] {spark_submit.py:634} INFO - WARNING: Using incubator modules: jdk.incubator.vector
[2025-07-07T02:44:11.397+0000] {spark_submit.py:634} INFO - :: loading settings :: url = jar:file:/home/***/.local/lib/python3.11/site-packages/pyspark/jars/ivy-2.5.3.jar!/org/apache/ivy/core/settings/ivysettings.xml
[2025-07-07T02:44:11.433+0000] {spark_submit.py:634} INFO - Ivy Default Cache set to: /home/***/.ivy2.5.2/cache
[2025-07-07T02:44:11.433+0000] {spark_submit.py:634} INFO - The jars for the packages stored in: /home/***/.ivy2.5.2/jars
[2025-07-07T02:44:11.435+0000] {spark_submit.py:634} INFO - com.clickhouse#clickhouse-jdbc added as a dependency
[2025-07-07T02:44:11.435+0000] {spark_submit.py:634} INFO - org.apache.httpcomponents.client5#httpclient5 added as a dependency
[2025-07-07T02:44:11.435+0000] {spark_submit.py:634} INFO - org.apache.hadoop#hadoop-aws added as a dependency
[2025-07-07T02:44:11.435+0000] {spark_submit.py:634} INFO - com.amazonaws#aws-java-sdk-bundle added as a dependency
[2025-07-07T02:44:11.480+0000] {spark_submit.py:634} INFO - :: resolving dependencies :: org.apache.spark#spark-submit-parent-156684c5-e9c6-4f6e-b1b0-56f9637be198;1.0
[2025-07-07T02:44:11.480+0000] {spark_submit.py:634} INFO - confs: [default]
[2025-07-07T02:44:11.605+0000] {spark_submit.py:634} INFO - found com.clickhouse#clickhouse-jdbc;0.6.4 in central
[2025-07-07T02:44:11.681+0000] {spark_submit.py:634} INFO - found org.apache.httpcomponents.client5#httpclient5;5.3.1 in central
[2025-07-07T02:44:11.696+0000] {spark_submit.py:634} INFO - found org.apache.httpcomponents.core5#httpcore5;5.2.4 in central
[2025-07-07T02:44:11.708+0000] {spark_submit.py:634} INFO - found org.apache.httpcomponents.core5#httpcore5-h2;5.2.4 in central
[2025-07-07T02:44:11.782+0000] {spark_submit.py:634} INFO - found org.slf4j#slf4j-api;1.7.36 in central
[2025-07-07T02:44:11.800+0000] {spark_submit.py:634} INFO - found org.apache.hadoop#hadoop-aws;3.3.1 in central
[2025-07-07T02:44:11.810+0000] {spark_submit.py:634} INFO - found org.wildfly.openssl#wildfly-openssl;1.0.7.Final in central
[2025-07-07T02:44:11.885+0000] {spark_submit.py:634} INFO - found com.amazonaws#aws-java-sdk-bundle;1.11.1026 in central
[2025-07-07T02:44:19.697+0000] {local_task_job_runner.py:310} WARNING - State of this instance has been externally set to failed. Terminating instance.
[2025-07-07T02:44:19.697+0000] {local_task_job_runner.py:222} INFO - ::endgroup::
[2025-07-07T02:44:19.699+0000] {process_utils.py:132} INFO - Sending 15 to group 4672. PIDs of all processes in the group: [4673, 4672]
[2025-07-07T02:44:19.699+0000] {process_utils.py:87} INFO - Sending the signal 15 to group 4672
[2025-07-07T02:44:19.699+0000] {taskinstance.py:2607} ERROR - Received SIGTERM. Terminating subprocesses.
[2025-07-07T02:44:19.699+0000] {spark_submit.py:760} INFO - Sending kill signal to spark-submit
[2025-07-07T02:44:19.699+0000] {taskinstance.py:441} INFO - ::group::Post task execution logs
[2025-07-07T02:44:19.725+0000] {process_utils.py:80} INFO - Process psutil.Process(pid=4672, status='terminated', exitcode=0, started='02:44:08') (4672) terminated with exit code 0
[2025-07-07T02:44:19.726+0000] {process_utils.py:80} INFO - Process psutil.Process(pid=4673, status='terminated', started='02:44:08') (4673) terminated with exit code None
