[2025-07-03T14:52:07.234+0000] {local_task_job_runner.py:120} INFO - ::group::Pre task execution logs
[2025-07-03T14:52:07.252+0000] {taskinstance.py:2073} INFO - Dependencies all met for dep_context=non-requeueable deps ti=<TaskInstance: connect_to_minio.explore_bucket_structure manual__2025-07-03T12:48:33.639150+00:00 [queued]>
[2025-07-03T14:52:07.256+0000] {taskinstance.py:2073} INFO - Dependencies all met for dep_context=requeueable deps ti=<TaskInstance: connect_to_minio.explore_bucket_structure manual__2025-07-03T12:48:33.639150+00:00 [queued]>
[2025-07-03T14:52:07.256+0000] {taskinstance.py:2303} INFO - Starting attempt 13 of 13
[2025-07-03T14:52:07.262+0000] {taskinstance.py:2327} INFO - Executing <Task(PythonOperator): explore_bucket_structure> on 2025-07-03 12:48:33.639150+00:00
[2025-07-03T14:52:07.266+0000] {standard_task_runner.py:63} INFO - Started process 432 to run task
[2025-07-03T14:52:07.271+0000] {standard_task_runner.py:90} INFO - Running: ['***', 'tasks', 'run', 'connect_to_minio', 'explore_bucket_structure', 'manual__2025-07-03T12:48:33.639150+00:00', '--job-id', '46', '--raw', '--subdir', 'DAGS_FOLDER/test_connection_to_minio.py', '--cfg-path', '/tmp/tmp5en5spj4']
[2025-07-03T14:52:07.272+0000] {standard_task_runner.py:91} INFO - Job 46: Subtask explore_bucket_structure
[2025-07-03T14:52:07.283+0000] {logging_mixin.py:188} WARNING - /home/***/.local/lib/python3.11/site-packages/***/settings.py:195 DeprecationWarning: The sql_alchemy_conn option in [core] has been moved to the sql_alchemy_conn option in [database] - the old setting has been used, but please update your config.
[2025-07-03T14:52:07.308+0000] {task_command.py:426} INFO - Running <TaskInstance: connect_to_minio.explore_bucket_structure manual__2025-07-03T12:48:33.639150+00:00 [running]> on host 1b628c5cb8e4
[2025-07-03T14:52:07.359+0000] {taskinstance.py:2644} INFO - Exporting env vars: AIRFLOW_CTX_DAG_OWNER='***' AIRFLOW_CTX_DAG_ID='connect_to_minio' AIRFLOW_CTX_TASK_ID='explore_bucket_structure' AIRFLOW_CTX_EXECUTION_DATE='2025-07-03T12:48:33.639150+00:00' AIRFLOW_CTX_TRY_NUMBER='13' AIRFLOW_CTX_DAG_RUN_ID='manual__2025-07-03T12:48:33.639150+00:00'
[2025-07-03T14:52:07.360+0000] {taskinstance.py:430} INFO - ::endgroup::
[2025-07-03T14:52:07.414+0000] {logging_mixin.py:188} INFO - 
 TOP-LEVEL DIRECTORIES:
[2025-07-03T14:52:07.476+0000] {logging_mixin.py:188} INFO - facebook-ads
[2025-07-03T14:52:07.476+0000] {logging_mixin.py:188} INFO - ga4-data
[2025-07-03T14:52:07.476+0000] {logging_mixin.py:188} INFO - google-ads
[2025-07-03T14:52:07.476+0000] {logging_mixin.py:188} INFO - shopee
[2025-07-03T14:52:07.476+0000] {logging_mixin.py:188} INFO - shopee_ads
[2025-07-03T14:52:07.476+0000] {logging_mixin.py:188} INFO - shopee_orders
[2025-07-03T14:52:07.494+0000] {logging_mixin.py:188} INFO - 
 Found 6 directories
[2025-07-03T14:52:07.496+0000] {python.py:237} INFO - Done. Returned value was: ['facebook-ads', 'ga4-data', 'google-ads', 'shopee', 'shopee_ads', 'shopee_orders']
[2025-07-03T14:52:07.497+0000] {taskinstance.py:441} INFO - ::group::Post task execution logs
[2025-07-03T14:52:07.509+0000] {taskinstance.py:1205} INFO - Marking task as SUCCESS. dag_id=connect_to_minio, task_id=explore_bucket_structure, execution_date=20250703T124833, start_date=20250703T145207, end_date=20250703T145207
[2025-07-03T14:52:07.560+0000] {local_task_job_runner.py:240} INFO - Task exited with return code 0
[2025-07-03T14:52:07.574+0000] {taskinstance.py:3482} INFO - 1 downstream tasks scheduled from follow-on schedule check
[2025-07-03T14:52:07.575+0000] {local_task_job_runner.py:222} INFO - ::endgroup::
