[2025-07-03T14:48:44.863+0000] {local_task_job_runner.py:120} INFO - ::group::Pre task execution logs
[2025-07-03T14:48:44.880+0000] {taskinstance.py:2073} INFO - Dependencies all met for dep_context=non-requeueable deps ti=<TaskInstance: connect_to_minio.explore_bucket_structure manual__2025-07-03T12:48:33.639150+00:00 [queued]>
[2025-07-03T14:48:44.884+0000] {taskinstance.py:2073} INFO - Dependencies all met for dep_context=requeueable deps ti=<TaskInstance: connect_to_minio.explore_bucket_structure manual__2025-07-03T12:48:33.639150+00:00 [queued]>
[2025-07-03T14:48:44.884+0000] {taskinstance.py:2303} INFO - Starting attempt 8 of 8
[2025-07-03T14:48:44.891+0000] {taskinstance.py:2327} INFO - Executing <Task(PythonOperator): explore_bucket_structure> on 2025-07-03 12:48:33.639150+00:00
[2025-07-03T14:48:44.894+0000] {standard_task_runner.py:63} INFO - Started process 224 to run task
[2025-07-03T14:48:44.896+0000] {standard_task_runner.py:90} INFO - Running: ['***', 'tasks', 'run', 'connect_to_minio', 'explore_bucket_structure', 'manual__2025-07-03T12:48:33.639150+00:00', '--job-id', '40', '--raw', '--subdir', 'DAGS_FOLDER/test_connection_to_minio.py', '--cfg-path', '/tmp/tmppc5hqzjm']
[2025-07-03T14:48:44.898+0000] {standard_task_runner.py:91} INFO - Job 40: Subtask explore_bucket_structure
[2025-07-03T14:48:44.910+0000] {logging_mixin.py:188} WARNING - /home/***/.local/lib/python3.11/site-packages/***/settings.py:195 DeprecationWarning: The sql_alchemy_conn option in [core] has been moved to the sql_alchemy_conn option in [database] - the old setting has been used, but please update your config.
[2025-07-03T14:48:44.929+0000] {task_command.py:426} INFO - Running <TaskInstance: connect_to_minio.explore_bucket_structure manual__2025-07-03T12:48:33.639150+00:00 [running]> on host 1b628c5cb8e4
[2025-07-03T14:48:44.991+0000] {taskinstance.py:2644} INFO - Exporting env vars: AIRFLOW_CTX_DAG_OWNER='***' AIRFLOW_CTX_DAG_ID='connect_to_minio' AIRFLOW_CTX_TASK_ID='explore_bucket_structure' AIRFLOW_CTX_EXECUTION_DATE='2025-07-03T12:48:33.639150+00:00' AIRFLOW_CTX_TRY_NUMBER='8' AIRFLOW_CTX_DAG_RUN_ID='manual__2025-07-03T12:48:33.639150+00:00'
[2025-07-03T14:48:44.992+0000] {taskinstance.py:430} INFO - ::endgroup::
[2025-07-03T14:48:45.014+0000] {logging_mixin.py:188} INFO - Error exploring bucket: [Errno 2] No such file or directory: './credentials/credentials-minio'
[2025-07-03T14:48:45.014+0000] {taskinstance.py:441} INFO - ::group::Post task execution logs
[2025-07-03T14:48:45.014+0000] {taskinstance.py:2890} ERROR - Task failed with exception
Traceback (most recent call last):
  File "/home/airflow/.local/lib/python3.11/site-packages/airflow/models/taskinstance.py", line 465, in _execute_task
    result = _execute_callable(context=context, **execute_callable_kwargs)
             ^^^^^^^^^^^^^^^^^^^^^^^^^^^^^^^^^^^^^^^^^^^^^^^^^^^^^^^^^^^^^
  File "/home/airflow/.local/lib/python3.11/site-packages/airflow/models/taskinstance.py", line 432, in _execute_callable
    return execute_callable(context=context, **execute_callable_kwargs)
           ^^^^^^^^^^^^^^^^^^^^^^^^^^^^^^^^^^^^^^^^^^^^^^^^^^^^^^^^^^^^
  File "/home/airflow/.local/lib/python3.11/site-packages/airflow/models/baseoperator.py", line 400, in wrapper
    return func(self, *args, **kwargs)
           ^^^^^^^^^^^^^^^^^^^^^^^^^^^
  File "/home/airflow/.local/lib/python3.11/site-packages/airflow/operators/python.py", line 235, in execute
    return_value = self.execute_callable()
                   ^^^^^^^^^^^^^^^^^^^^^^^
  File "/home/airflow/.local/lib/python3.11/site-packages/airflow/operators/python.py", line 252, in execute_callable
    return self.python_callable(*self.op_args, **self.op_kwargs)
           ^^^^^^^^^^^^^^^^^^^^^^^^^^^^^^^^^^^^^^^^^^^^^^^^^^^^^
  File "/opt/airflow/dags/test_connection_to_minio.py", line 34, in explore_bucket_structure
    s3_client = create_minio_client()
                ^^^^^^^^^^^^^^^^^^^^^
  File "/opt/airflow/dags/test_connection_to_minio.py", line 12, in create_minio_client
    with open('./credentials/credentials-minio') as credentials_file:
         ^^^^^^^^^^^^^^^^^^^^^^^^^^^^^^^^^^^^^^^
FileNotFoundError: [Errno 2] No such file or directory: './credentials/credentials-minio'
[2025-07-03T14:48:45.021+0000] {taskinstance.py:1205} INFO - Marking task as FAILED. dag_id=connect_to_minio, task_id=explore_bucket_structure, execution_date=20250703T124833, start_date=20250703T144844, end_date=20250703T144845
[2025-07-03T14:48:45.028+0000] {standard_task_runner.py:110} ERROR - Failed to execute job 40 for task explore_bucket_structure ([Errno 2] No such file or directory: './credentials/credentials-minio'; 224)
[2025-07-03T14:48:45.068+0000] {local_task_job_runner.py:240} INFO - Task exited with return code 1
[2025-07-03T14:48:45.082+0000] {taskinstance.py:3482} INFO - 0 downstream tasks scheduled from follow-on schedule check
[2025-07-03T14:48:45.084+0000] {local_task_job_runner.py:222} INFO - ::endgroup::
