[2025-07-03T13:16:00.216+0000] {local_task_job_runner.py:120} INFO - ::group::Pre task execution logs
[2025-07-03T13:16:00.233+0000] {taskinstance.py:2073} INFO - Dependencies all met for dep_context=non-requeueable deps ti=<TaskInstance: connect_to_minio.explore_bucket_structure manual__2025-07-03T12:48:33.639150+00:00 [queued]>
[2025-07-03T13:16:00.237+0000] {taskinstance.py:2073} INFO - Dependencies all met for dep_context=requeueable deps ti=<TaskInstance: connect_to_minio.explore_bucket_structure manual__2025-07-03T12:48:33.639150+00:00 [queued]>
[2025-07-03T13:16:00.237+0000] {taskinstance.py:2303} INFO - Starting attempt 2 of 2
[2025-07-03T13:16:00.243+0000] {taskinstance.py:2327} INFO - Executing <Task(PythonOperator): explore_bucket_structure> on 2025-07-03 12:48:33.639150+00:00
[2025-07-03T13:16:00.247+0000] {standard_task_runner.py:63} INFO - Started process 1110 to run task
[2025-07-03T13:16:00.251+0000] {standard_task_runner.py:90} INFO - Running: ['***', 'tasks', 'run', 'connect_to_minio', 'explore_bucket_structure', 'manual__2025-07-03T12:48:33.639150+00:00', '--job-id', '21', '--raw', '--subdir', 'DAGS_FOLDER/test_connection_to_minio.py', '--cfg-path', '/tmp/tmpfnn004ma']
[2025-07-03T13:16:00.252+0000] {standard_task_runner.py:91} INFO - Job 21: Subtask explore_bucket_structure
[2025-07-03T13:16:00.265+0000] {logging_mixin.py:188} WARNING - /home/***/.local/lib/python3.11/site-packages/***/settings.py:195 DeprecationWarning: The sql_alchemy_conn option in [core] has been moved to the sql_alchemy_conn option in [database] - the old setting has been used, but please update your config.
[2025-07-03T13:16:00.289+0000] {task_command.py:426} INFO - Running <TaskInstance: connect_to_minio.explore_bucket_structure manual__2025-07-03T12:48:33.639150+00:00 [running]> on host 8cef375d7ad3
[2025-07-03T13:16:00.345+0000] {taskinstance.py:2644} INFO - Exporting env vars: AIRFLOW_CTX_DAG_OWNER='***' AIRFLOW_CTX_DAG_ID='connect_to_minio' AIRFLOW_CTX_TASK_ID='explore_bucket_structure' AIRFLOW_CTX_EXECUTION_DATE='2025-07-03T12:48:33.639150+00:00' AIRFLOW_CTX_TRY_NUMBER='2' AIRFLOW_CTX_DAG_RUN_ID='manual__2025-07-03T12:48:33.639150+00:00'
[2025-07-03T13:16:00.346+0000] {taskinstance.py:430} INFO - ::endgroup::
[2025-07-03T13:16:00.352+0000] {logging_mixin.py:188} INFO - 🔍 Exploring bucket structure...
[2025-07-03T13:16:00.399+0000] {logging_mixin.py:188} INFO - ✅ Success with endpoint: https://minio.vgpu.rdhasaki.com
[2025-07-03T13:16:00.399+0000] {logging_mixin.py:188} INFO - 
📁 TOP-LEVEL DIRECTORIES:
[2025-07-03T13:16:00.458+0000] {logging_mixin.py:188} INFO -   📂 facebook-ads
[2025-07-03T13:16:00.458+0000] {logging_mixin.py:188} INFO -   📂 ga4-data
[2025-07-03T13:16:00.459+0000] {logging_mixin.py:188} INFO -   📂 google-ads
[2025-07-03T13:16:00.459+0000] {logging_mixin.py:188} INFO -   📂 shopee
[2025-07-03T13:16:00.459+0000] {logging_mixin.py:188} INFO -   📂 shopee_ads
[2025-07-03T13:16:00.459+0000] {logging_mixin.py:188} INFO -   📂 shopee_orders
[2025-07-03T13:16:00.479+0000] {logging_mixin.py:188} INFO - 
✅ Found 6 directories
[2025-07-03T13:16:00.481+0000] {python.py:237} INFO - Done. Returned value was: ['facebook-ads', 'ga4-data', 'google-ads', 'shopee', 'shopee_ads', 'shopee_orders']
[2025-07-03T13:16:00.482+0000] {taskinstance.py:441} INFO - ::group::Post task execution logs
[2025-07-03T13:16:00.499+0000] {taskinstance.py:1205} INFO - Marking task as SUCCESS. dag_id=connect_to_minio, task_id=explore_bucket_structure, execution_date=20250703T124833, start_date=20250703T131600, end_date=20250703T131600
[2025-07-03T13:16:00.541+0000] {local_task_job_runner.py:240} INFO - Task exited with return code 0
[2025-07-03T13:16:00.556+0000] {taskinstance.py:3482} INFO - 1 downstream tasks scheduled from follow-on schedule check
[2025-07-03T13:16:00.557+0000] {local_task_job_runner.py:222} INFO - ::endgroup::
