[2025-07-03T13:12:46.006+0000] {local_task_job_runner.py:120} INFO - ::group::Pre task execution logs
[2025-07-03T13:12:46.022+0000] {taskinstance.py:2073} INFO - Dependencies all met for dep_context=non-requeueable deps ti=<TaskInstance: minio_data_viewer.sample_file_content manual__2025-07-03T13:07:20.235679+00:00 [queued]>
[2025-07-03T13:12:46.026+0000] {taskinstance.py:2073} INFO - Dependencies all met for dep_context=requeueable deps ti=<TaskInstance: minio_data_viewer.sample_file_content manual__2025-07-03T13:07:20.235679+00:00 [queued]>
[2025-07-03T13:12:46.026+0000] {taskinstance.py:2303} INFO - Starting attempt 2 of 2
[2025-07-03T13:12:46.034+0000] {taskinstance.py:2327} INFO - Executing <Task(PythonOperator): sample_file_content> on 2025-07-03 13:07:20.235679+00:00
[2025-07-03T13:12:46.039+0000] {standard_task_runner.py:63} INFO - Started process 991 to run task
[2025-07-03T13:12:46.042+0000] {standard_task_runner.py:90} INFO - Running: ['***', 'tasks', 'run', 'minio_data_viewer', 'sample_file_content', 'manual__2025-07-03T13:07:20.235679+00:00', '--job-id', '15', '--raw', '--subdir', 'DAGS_FOLDER/test_connection_to_minio.py', '--cfg-path', '/tmp/tmp7qehoj0k']
[2025-07-03T13:12:46.043+0000] {standard_task_runner.py:91} INFO - Job 15: Subtask sample_file_content
[2025-07-03T13:12:46.055+0000] {logging_mixin.py:188} WARNING - /home/***/.local/lib/python3.11/site-packages/***/settings.py:195 DeprecationWarning: The sql_alchemy_conn option in [core] has been moved to the sql_alchemy_conn option in [database] - the old setting has been used, but please update your config.
[2025-07-03T13:12:46.074+0000] {task_command.py:426} INFO - Running <TaskInstance: minio_data_viewer.sample_file_content manual__2025-07-03T13:07:20.235679+00:00 [running]> on host 8cef375d7ad3
[2025-07-03T13:12:46.122+0000] {taskinstance.py:2644} INFO - Exporting env vars: AIRFLOW_CTX_DAG_OWNER='***' AIRFLOW_CTX_DAG_ID='minio_data_viewer' AIRFLOW_CTX_TASK_ID='sample_file_content' AIRFLOW_CTX_EXECUTION_DATE='2025-07-03T13:07:20.235679+00:00' AIRFLOW_CTX_TRY_NUMBER='2' AIRFLOW_CTX_DAG_RUN_ID='manual__2025-07-03T13:07:20.235679+00:00'
[2025-07-03T13:12:46.122+0000] {taskinstance.py:430} INFO - ::endgroup::
[2025-07-03T13:12:46.129+0000] {logging_mixin.py:188} INFO - 🔍 Sampling file content...
[2025-07-03T13:12:46.130+0000] {logging_mixin.py:188} INFO - 🔄 Trying endpoint: https://minio.vgpu.rdhasaki.com
[2025-07-03T13:12:46.317+0000] {logging_mixin.py:188} INFO - ✅ Success with endpoint: https://minio.vgpu.rdhasaki.com
[2025-07-03T13:12:46.338+0000] {logging_mixin.py:188} INFO - 
🔬 SAMPLING 3 FILES:
[2025-07-03T13:12:46.338+0000] {logging_mixin.py:188} INFO - 
============================================================
[2025-07-03T13:12:46.338+0000] {logging_mixin.py:188} INFO - 📄 FILE 1: 0.parquet
[2025-07-03T13:12:46.339+0000] {logging_mixin.py:188} INFO - 📊 Size: 2.85 MB
[2025-07-03T13:12:46.339+0000] {logging_mixin.py:188} INFO - 📅 Modified: 2025-04-17 01:22:49
[2025-07-03T13:12:46.339+0000] {logging_mixin.py:188} INFO - 🔗 Path: ga4-data/hasakiwork/analytics_253437596/events/2025/4/15/0.parquet
[2025-07-03T13:12:46.339+0000] {logging_mixin.py:188} INFO - ============================================================
[2025-07-03T13:12:46.525+0000] {logging_mixin.py:188} INFO - 📝 Binary Content (2989720 bytes)
[2025-07-03T13:12:46.525+0000] {logging_mixin.py:188} INFO - First 100 bytes (hex): 5041523115041518151c4c150215001200000c2c0800000032303235303431351500151a151e2c15c896021510150615061c360028083230323530343135180832303235303431350000000d3004000000c896020101c8960200150415b0a31115889a0d
[2025-07-03T13:12:46.525+0000] {logging_mixin.py:188} INFO - 
============================================================
[2025-07-03T13:12:46.526+0000] {logging_mixin.py:188} INFO - 📄 FILE 2: 1.parquet
[2025-07-03T13:12:46.526+0000] {logging_mixin.py:188} INFO - 📊 Size: 6.75 MB
[2025-07-03T13:12:46.526+0000] {logging_mixin.py:188} INFO - 📅 Modified: 2025-04-17 01:22:49
[2025-07-03T13:12:46.526+0000] {logging_mixin.py:188} INFO - 🔗 Path: ga4-data/hasakiwork/analytics_253437596/events/2025/4/15/1.parquet
[2025-07-03T13:12:46.526+0000] {logging_mixin.py:188} INFO - ============================================================
[2025-07-03T13:12:46.802+0000] {logging_mixin.py:188} INFO - 📝 Binary Content (7080163 bytes)
[2025-07-03T13:12:46.802+0000] {logging_mixin.py:188} INFO - First 100 bytes (hex): 5041523115041518151c4c150215001200000c2c0800000032303235303431351500151a151e2c1588cb041510150615061c360028083230323530343135180832303235303431350000000d300400000088cb04010188cb040015041590b52415a69e1a
[2025-07-03T13:12:46.803+0000] {logging_mixin.py:188} INFO - 
============================================================
[2025-07-03T13:12:46.803+0000] {logging_mixin.py:188} INFO - 📄 FILE 3: 10.parquet
[2025-07-03T13:12:46.803+0000] {logging_mixin.py:188} INFO - 📊 Size: 5.54 MB
[2025-07-03T13:12:46.803+0000] {logging_mixin.py:188} INFO - 📅 Modified: 2025-04-17 01:22:50
[2025-07-03T13:12:46.803+0000] {logging_mixin.py:188} INFO - 🔗 Path: ga4-data/hasakiwork/analytics_253437596/events/2025/4/15/10.parquet
[2025-07-03T13:12:46.803+0000] {logging_mixin.py:188} INFO - ============================================================
[2025-07-03T13:12:47.015+0000] {logging_mixin.py:188} INFO - 📝 Binary Content (5808956 bytes)
[2025-07-03T13:12:47.015+0000] {logging_mixin.py:188} INFO - First 100 bytes (hex): 5041523115041518151c4c150215001200000c2c0800000032303235303431351500151a151e2c159487041510150615061c360028083230323530343135180832303235303431350000000d3004000000948704010194870400150415b0912015ea9318
[2025-07-03T13:12:47.015+0000] {logging_mixin.py:188} INFO - 
✅ Sampled 3 files successfully
[2025-07-03T13:12:47.017+0000] {python.py:237} INFO - Done. Returned value was: None
[2025-07-03T13:12:47.018+0000] {taskinstance.py:441} INFO - ::group::Post task execution logs
[2025-07-03T13:12:47.025+0000] {taskinstance.py:1205} INFO - Marking task as SUCCESS. dag_id=minio_data_viewer, task_id=sample_file_content, execution_date=20250703T130720, start_date=20250703T131246, end_date=20250703T131247
[2025-07-03T13:12:47.054+0000] {local_task_job_runner.py:240} INFO - Task exited with return code 0
[2025-07-03T13:12:47.073+0000] {taskinstance.py:3482} INFO - 1 downstream tasks scheduled from follow-on schedule check
[2025-07-03T13:12:47.074+0000] {local_task_job_runner.py:222} INFO - ::endgroup::
