[2025-07-06T12:31:36.394+0000] {local_task_job_runner.py:120} INFO - ::group::Pre task execution logs
[2025-07-06T12:31:36.413+0000] {taskinstance.py:2073} INFO - Dependencies all met for dep_context=non-requeueable deps ti=<TaskInstance: my_spark_inline.spark_write_data manual__2025-07-06T05:12:58.943989+00:00 [queued]>
[2025-07-06T12:31:36.507+0000] {taskinstance.py:2073} INFO - Dependencies all met for dep_context=requeueable deps ti=<TaskInstance: my_spark_inline.spark_write_data manual__2025-07-06T05:12:58.943989+00:00 [queued]>
[2025-07-06T12:31:36.507+0000] {taskinstance.py:2303} INFO - Starting attempt 32 of 32
[2025-07-06T12:31:36.522+0000] {taskinstance.py:2327} INFO - Executing <Task(SparkSubmitOperator): spark_write_data> on 2025-07-06 05:12:58.943989+00:00
[2025-07-06T12:31:36.526+0000] {standard_task_runner.py:63} INFO - Started process 3094 to run task
[2025-07-06T12:31:36.529+0000] {standard_task_runner.py:90} INFO - Running: ['***', 'tasks', 'run', 'my_spark_inline', 'spark_write_data', 'manual__2025-07-06T05:12:58.943989+00:00', '--job-id', '66', '--raw', '--subdir', 'DAGS_FOLDER/test_spark.py', '--cfg-path', '/tmp/tmpsd0ptkgm']
[2025-07-06T12:31:36.530+0000] {standard_task_runner.py:91} INFO - Job 66: Subtask spark_write_data
[2025-07-06T12:31:36.545+0000] {logging_mixin.py:188} WARNING - /home/***/.local/lib/python3.11/site-packages/***/settings.py:195 DeprecationWarning: The sql_alchemy_conn option in [core] has been moved to the sql_alchemy_conn option in [database] - the old setting has been used, but please update your config.
[2025-07-06T12:31:36.566+0000] {task_command.py:426} INFO - Running <TaskInstance: my_spark_inline.spark_write_data manual__2025-07-06T05:12:58.943989+00:00 [running]> on host 320a39989f12
[2025-07-06T12:31:36.616+0000] {taskinstance.py:2644} INFO - Exporting env vars: AIRFLOW_CTX_DAG_OWNER='***' AIRFLOW_CTX_DAG_ID='my_spark_inline' AIRFLOW_CTX_TASK_ID='spark_write_data' AIRFLOW_CTX_EXECUTION_DATE='2025-07-06T05:12:58.943989+00:00' AIRFLOW_CTX_TRY_NUMBER='32' AIRFLOW_CTX_DAG_RUN_ID='manual__2025-07-06T05:12:58.943989+00:00'
[2025-07-06T12:31:36.616+0000] {taskinstance.py:430} INFO - ::endgroup::
[2025-07-06T12:31:36.630+0000] {base.py:84} INFO - Using connection ID 'spark-master' for task execution.
[2025-07-06T12:31:36.631+0000] {spark_submit.py:473} INFO - Spark-Submit cmd: spark-submit --master spark-master:7077 --packages com.clickhouse:clickhouse-jdbc:0.6.4,org.apache.httpcomponents.client5:httpclient5:5.3.1,org.apache.hadoop:hadoop-aws:3.3.5,com.amazonaws:aws-java-sdk-bundle:1.12.674 --name arrow-spark --deploy-mode client /opt/***/spark_project/src/spark/spark_main.py
[2025-07-06T12:31:36.853+0000] {spark_submit.py:634} INFO - WARNING: Using incubator modules: jdk.incubator.vector
[2025-07-06T12:31:38.266+0000] {spark_submit.py:634} INFO - :: loading settings :: url = jar:file:/home/***/.local/lib/python3.11/site-packages/pyspark/jars/ivy-2.5.3.jar!/org/apache/ivy/core/settings/ivysettings.xml
[2025-07-06T12:31:38.351+0000] {spark_submit.py:634} INFO - Ivy Default Cache set to: /home/***/.ivy2.5.2/cache
[2025-07-06T12:31:38.352+0000] {spark_submit.py:634} INFO - The jars for the packages stored in: /home/***/.ivy2.5.2/jars
[2025-07-06T12:31:38.354+0000] {spark_submit.py:634} INFO - com.clickhouse#clickhouse-jdbc added as a dependency
[2025-07-06T12:31:38.354+0000] {spark_submit.py:634} INFO - org.apache.httpcomponents.client5#httpclient5 added as a dependency
[2025-07-06T12:31:38.354+0000] {spark_submit.py:634} INFO - org.apache.hadoop#hadoop-aws added as a dependency
[2025-07-06T12:31:38.354+0000] {spark_submit.py:634} INFO - com.amazonaws#aws-java-sdk-bundle added as a dependency
[2025-07-06T12:31:38.354+0000] {spark_submit.py:634} INFO - :: resolving dependencies :: org.apache.spark#spark-submit-parent-a28a0ed0-ac14-4230-9227-8baf24ede3b6;1.0
[2025-07-06T12:31:38.354+0000] {spark_submit.py:634} INFO - confs: [default]
[2025-07-06T12:31:38.473+0000] {spark_submit.py:634} INFO - found com.clickhouse#clickhouse-jdbc;0.6.4 in central
[2025-07-06T12:31:38.538+0000] {spark_submit.py:634} INFO - found org.apache.httpcomponents.client5#httpclient5;5.3.1 in central
[2025-07-06T12:31:38.552+0000] {spark_submit.py:634} INFO - found org.apache.httpcomponents.core5#httpcore5;5.2.4 in central
[2025-07-06T12:31:38.629+0000] {spark_submit.py:634} INFO - found org.apache.httpcomponents.core5#httpcore5-h2;5.2.4 in central
[2025-07-06T12:31:38.648+0000] {spark_submit.py:634} INFO - found org.slf4j#slf4j-api;1.7.36 in central
[2025-07-06T12:31:38.739+0000] {spark_submit.py:634} INFO - found org.apache.hadoop#hadoop-aws;3.3.5 in central
[2025-07-06T12:31:38.750+0000] {spark_submit.py:634} INFO - found org.wildfly.openssl#wildfly-openssl;1.1.3.Final in central
[2025-07-06T12:31:38.756+0000] {spark_submit.py:634} INFO - found com.amazonaws#aws-java-sdk-bundle;1.12.674 in central
[2025-07-06T12:31:38.843+0000] {spark_submit.py:634} INFO - :: resolution report :: resolve 478ms :: artifacts dl 11ms
[2025-07-06T12:31:38.843+0000] {spark_submit.py:634} INFO - :: modules in use:
[2025-07-06T12:31:38.844+0000] {spark_submit.py:634} INFO - com.amazonaws#aws-java-sdk-bundle;1.12.674 from central in [default]
[2025-07-06T12:31:38.844+0000] {spark_submit.py:634} INFO - com.clickhouse#clickhouse-jdbc;0.6.4 from central in [default]
[2025-07-06T12:31:38.844+0000] {spark_submit.py:634} INFO - org.apache.hadoop#hadoop-aws;3.3.5 from central in [default]
[2025-07-06T12:31:38.844+0000] {spark_submit.py:634} INFO - org.apache.httpcomponents.client5#httpclient5;5.3.1 from central in [default]
[2025-07-06T12:31:38.844+0000] {spark_submit.py:634} INFO - org.apache.httpcomponents.core5#httpcore5;5.2.4 from central in [default]
[2025-07-06T12:31:38.844+0000] {spark_submit.py:634} INFO - org.apache.httpcomponents.core5#httpcore5-h2;5.2.4 from central in [default]
[2025-07-06T12:31:38.844+0000] {spark_submit.py:634} INFO - org.slf4j#slf4j-api;1.7.36 from central in [default]
[2025-07-06T12:31:38.844+0000] {spark_submit.py:634} INFO - org.wildfly.openssl#wildfly-openssl;1.1.3.Final from central in [default]
[2025-07-06T12:31:38.845+0000] {spark_submit.py:634} INFO - :: evicted modules:
[2025-07-06T12:31:38.845+0000] {spark_submit.py:634} INFO - com.amazonaws#aws-java-sdk-bundle;1.12.316 by [com.amazonaws#aws-java-sdk-bundle;1.12.674] in [default]
[2025-07-06T12:31:38.845+0000] {spark_submit.py:634} INFO - ---------------------------------------------------------------------
[2025-07-06T12:31:38.845+0000] {spark_submit.py:634} INFO - |                  |            modules            ||   artifacts   |
[2025-07-06T12:31:38.845+0000] {spark_submit.py:634} INFO - |       conf       | number| search|dwnlded|evicted|| number|dwnlded|
[2025-07-06T12:31:38.845+0000] {spark_submit.py:634} INFO - ---------------------------------------------------------------------
[2025-07-06T12:31:38.846+0000] {spark_submit.py:634} INFO - |      default     |   9   |   0   |   0   |   1   ||   8   |   0   |
[2025-07-06T12:31:38.846+0000] {spark_submit.py:634} INFO - ---------------------------------------------------------------------
[2025-07-06T12:31:38.847+0000] {spark_submit.py:634} INFO - :: retrieving :: org.apache.spark#spark-submit-parent-a28a0ed0-ac14-4230-9227-8baf24ede3b6
[2025-07-06T12:31:38.847+0000] {spark_submit.py:634} INFO - confs: [default]
[2025-07-06T12:31:38.851+0000] {spark_submit.py:634} INFO - 0 artifacts copied, 8 already retrieved (0kB/4ms)
[2025-07-06T12:31:39.157+0000] {spark_submit.py:634} INFO - 25/07/06 12:31:39 WARN NativeCodeLoader: Unable to load native-hadoop library for your platform... using builtin-java classes where applicable
[2025-07-06T12:31:40.728+0000] {spark_submit.py:634} INFO - Using Spark's default log4j profile: org/apache/spark/log4j2-defaults.properties
[2025-07-06T12:31:40.732+0000] {spark_submit.py:634} INFO - 25/07/06 12:31:40 INFO SparkContext: Running Spark version 4.0.0
[2025-07-06T12:31:40.733+0000] {spark_submit.py:634} INFO - 25/07/06 12:31:40 INFO SparkContext: OS info Linux, 6.8.0-60-generic, amd64
[2025-07-06T12:31:40.734+0000] {spark_submit.py:634} INFO - 25/07/06 12:31:40 INFO SparkContext: Java version 17.0.15
[2025-07-06T12:31:40.747+0000] {spark_submit.py:634} INFO - 25/07/06 12:31:40 INFO ResourceUtils: ==============================================================
[2025-07-06T12:31:40.747+0000] {spark_submit.py:634} INFO - 25/07/06 12:31:40 INFO ResourceUtils: No custom resources configured for spark.driver.
[2025-07-06T12:31:40.747+0000] {spark_submit.py:634} INFO - 25/07/06 12:31:40 INFO ResourceUtils: ==============================================================
[2025-07-06T12:31:40.747+0000] {spark_submit.py:634} INFO - 25/07/06 12:31:40 INFO SparkContext: Submitted application: thanhdz
[2025-07-06T12:31:40.760+0000] {spark_submit.py:634} INFO - 25/07/06 12:31:40 INFO ResourceProfile: Default ResourceProfile created, executor resources: Map(cores -> name: cores, amount: 2, script: , vendor: , memory -> name: memory, amount: 4096, script: , vendor: , offHeap -> name: offHeap, amount: 0, script: , vendor: ), task resources: Map(cpus -> name: cpus, amount: 1.0)
[2025-07-06T12:31:40.763+0000] {spark_submit.py:634} INFO - 25/07/06 12:31:40 INFO ResourceProfile: Limiting resource is cpus at 2 tasks per executor
[2025-07-06T12:31:40.824+0000] {spark_submit.py:634} INFO - 25/07/06 12:31:40 INFO ResourceProfileManager: Added ResourceProfile id: 0
[2025-07-06T12:31:40.855+0000] {spark_submit.py:634} INFO - 25/07/06 12:31:40 INFO SecurityManager: Changing view acls to: ***
[2025-07-06T12:31:40.856+0000] {spark_submit.py:634} INFO - 25/07/06 12:31:40 INFO SecurityManager: Changing modify acls to: ***
[2025-07-06T12:31:40.856+0000] {spark_submit.py:634} INFO - 25/07/06 12:31:40 INFO SecurityManager: Changing view acls groups to: ***
[2025-07-06T12:31:40.856+0000] {spark_submit.py:634} INFO - 25/07/06 12:31:40 INFO SecurityManager: Changing modify acls groups to: ***
[2025-07-06T12:31:40.857+0000] {spark_submit.py:634} INFO - 25/07/06 12:31:40 INFO SecurityManager: SecurityManager: authentication disabled; ui acls disabled; users with view permissions: *** groups with view permissions: EMPTY; users with modify permissions: ***; groups with modify permissions: EMPTY; RPC SSL disabled
[2025-07-06T12:31:41.088+0000] {spark_submit.py:634} INFO - 25/07/06 12:31:41 INFO Utils: Successfully started service 'sparkDriver' on port 40173.
[2025-07-06T12:31:41.128+0000] {spark_submit.py:634} INFO - 25/07/06 12:31:41 INFO SparkEnv: Registering MapOutputTracker
[2025-07-06T12:31:41.134+0000] {spark_submit.py:634} INFO - 25/07/06 12:31:41 INFO SparkEnv: Registering BlockManagerMaster
[2025-07-06T12:31:41.141+0000] {spark_submit.py:634} INFO - 25/07/06 12:31:41 INFO BlockManagerMasterEndpoint: Using org.apache.spark.storage.DefaultTopologyMapper for getting topology information
[2025-07-06T12:31:41.142+0000] {spark_submit.py:634} INFO - 25/07/06 12:31:41 INFO BlockManagerMasterEndpoint: BlockManagerMasterEndpoint up
[2025-07-06T12:31:41.143+0000] {spark_submit.py:634} INFO - 25/07/06 12:31:41 INFO SparkEnv: Registering BlockManagerMasterHeartbeat
[2025-07-06T12:31:41.154+0000] {spark_submit.py:634} INFO - 25/07/06 12:31:41 INFO DiskBlockManager: Created local directory at /tmp/blockmgr-604aa188-31cc-45c8-9eeb-778b674acc45
[2025-07-06T12:31:41.165+0000] {spark_submit.py:634} INFO - 25/07/06 12:31:41 INFO SparkEnv: Registering OutputCommitCoordinator
[2025-07-06T12:31:41.342+0000] {spark_submit.py:634} INFO - 25/07/06 12:31:41 INFO JettyUtils: Start Jetty 0.0.0.0:4040 for SparkUI
[2025-07-06T12:31:41.428+0000] {spark_submit.py:634} INFO - 25/07/06 12:31:41 INFO Utils: Successfully started service 'SparkUI' on port 4040.
[2025-07-06T12:31:41.449+0000] {spark_submit.py:634} INFO - 25/07/06 12:31:41 INFO SparkContext: Added JAR file:///home/***/.ivy2.5.2/jars/com.clickhouse_clickhouse-jdbc-0.6.4.jar at spark://320a39989f12:40173/jars/com.clickhouse_clickhouse-jdbc-0.6.4.jar with timestamp 1751805100681
[2025-07-06T12:31:41.450+0000] {spark_submit.py:634} INFO - 25/07/06 12:31:41 INFO SparkContext: Added JAR file:///home/***/.ivy2.5.2/jars/org.apache.httpcomponents.client5_httpclient5-5.3.1.jar at spark://320a39989f12:40173/jars/org.apache.httpcomponents.client5_httpclient5-5.3.1.jar with timestamp 1751805100681
[2025-07-06T12:31:41.450+0000] {spark_submit.py:634} INFO - 25/07/06 12:31:41 INFO SparkContext: Added JAR file:///home/***/.ivy2.5.2/jars/org.apache.hadoop_hadoop-aws-3.3.5.jar at spark://320a39989f12:40173/jars/org.apache.hadoop_hadoop-aws-3.3.5.jar with timestamp 1751805100681
[2025-07-06T12:31:41.450+0000] {spark_submit.py:634} INFO - 25/07/06 12:31:41 INFO SparkContext: Added JAR file:///home/***/.ivy2.5.2/jars/com.amazonaws_aws-java-sdk-bundle-1.12.674.jar at spark://320a39989f12:40173/jars/com.amazonaws_aws-java-sdk-bundle-1.12.674.jar with timestamp 1751805100681
[2025-07-06T12:31:41.450+0000] {spark_submit.py:634} INFO - 25/07/06 12:31:41 INFO SparkContext: Added JAR file:///home/***/.ivy2.5.2/jars/org.apache.httpcomponents.core5_httpcore5-5.2.4.jar at spark://320a39989f12:40173/jars/org.apache.httpcomponents.core5_httpcore5-5.2.4.jar with timestamp 1751805100681
[2025-07-06T12:31:41.450+0000] {spark_submit.py:634} INFO - 25/07/06 12:31:41 INFO SparkContext: Added JAR file:///home/***/.ivy2.5.2/jars/org.apache.httpcomponents.core5_httpcore5-h2-5.2.4.jar at spark://320a39989f12:40173/jars/org.apache.httpcomponents.core5_httpcore5-h2-5.2.4.jar with timestamp 1751805100681
[2025-07-06T12:31:41.451+0000] {spark_submit.py:634} INFO - 25/07/06 12:31:41 INFO SparkContext: Added JAR file:///home/***/.ivy2.5.2/jars/org.slf4j_slf4j-api-1.7.36.jar at spark://320a39989f12:40173/jars/org.slf4j_slf4j-api-1.7.36.jar with timestamp 1751805100681
[2025-07-06T12:31:41.451+0000] {spark_submit.py:634} INFO - 25/07/06 12:31:41 INFO SparkContext: Added JAR file:///home/***/.ivy2.5.2/jars/org.wildfly.openssl_wildfly-openssl-1.1.3.Final.jar at spark://320a39989f12:40173/jars/org.wildfly.openssl_wildfly-openssl-1.1.3.Final.jar with timestamp 1751805100681
[2025-07-06T12:31:41.452+0000] {spark_submit.py:634} INFO - 25/07/06 12:31:41 INFO SparkContext: Added file file:///home/***/.ivy2.5.2/jars/com.clickhouse_clickhouse-jdbc-0.6.4.jar at file:///home/***/.ivy2.5.2/jars/com.clickhouse_clickhouse-jdbc-0.6.4.jar with timestamp 1751805100681
[2025-07-06T12:31:41.453+0000] {spark_submit.py:634} INFO - 25/07/06 12:31:41 INFO Utils: Copying /home/***/.ivy2.5.2/jars/com.clickhouse_clickhouse-jdbc-0.6.4.jar to /tmp/spark-ca5de9eb-fa65-4bfb-9a02-5f52a7369344/userFiles-4c34ff69-b1b5-440c-9361-8343eb65c9db/com.clickhouse_clickhouse-jdbc-0.6.4.jar
[2025-07-06T12:31:41.460+0000] {spark_submit.py:634} INFO - 25/07/06 12:31:41 INFO SparkContext: Added file file:///home/***/.ivy2.5.2/jars/org.apache.httpcomponents.client5_httpclient5-5.3.1.jar at file:///home/***/.ivy2.5.2/jars/org.apache.httpcomponents.client5_httpclient5-5.3.1.jar with timestamp 1751805100681
[2025-07-06T12:31:41.460+0000] {spark_submit.py:634} INFO - 25/07/06 12:31:41 INFO Utils: Copying /home/***/.ivy2.5.2/jars/org.apache.httpcomponents.client5_httpclient5-5.3.1.jar to /tmp/spark-ca5de9eb-fa65-4bfb-9a02-5f52a7369344/userFiles-4c34ff69-b1b5-440c-9361-8343eb65c9db/org.apache.httpcomponents.client5_httpclient5-5.3.1.jar
[2025-07-06T12:31:41.467+0000] {spark_submit.py:634} INFO - 25/07/06 12:31:41 INFO SparkContext: Added file file:///home/***/.ivy2.5.2/jars/org.apache.hadoop_hadoop-aws-3.3.5.jar at file:///home/***/.ivy2.5.2/jars/org.apache.hadoop_hadoop-aws-3.3.5.jar with timestamp 1751805100681
[2025-07-06T12:31:41.468+0000] {spark_submit.py:634} INFO - 25/07/06 12:31:41 INFO Utils: Copying /home/***/.ivy2.5.2/jars/org.apache.hadoop_hadoop-aws-3.3.5.jar to /tmp/spark-ca5de9eb-fa65-4bfb-9a02-5f52a7369344/userFiles-4c34ff69-b1b5-440c-9361-8343eb65c9db/org.apache.hadoop_hadoop-aws-3.3.5.jar
[2025-07-06T12:31:41.474+0000] {spark_submit.py:634} INFO - 25/07/06 12:31:41 INFO SparkContext: Added file file:///home/***/.ivy2.5.2/jars/com.amazonaws_aws-java-sdk-bundle-1.12.674.jar at file:///home/***/.ivy2.5.2/jars/com.amazonaws_aws-java-sdk-bundle-1.12.674.jar with timestamp 1751805100681
[2025-07-06T12:31:41.525+0000] {spark_submit.py:634} INFO - 25/07/06 12:31:41 INFO Utils: Copying /home/***/.ivy2.5.2/jars/com.amazonaws_aws-java-sdk-bundle-1.12.674.jar to /tmp/spark-ca5de9eb-fa65-4bfb-9a02-5f52a7369344/userFiles-4c34ff69-b1b5-440c-9361-8343eb65c9db/com.amazonaws_aws-java-sdk-bundle-1.12.674.jar
[2025-07-06T12:31:41.702+0000] {spark_submit.py:634} INFO - 25/07/06 12:31:41 INFO SparkContext: Added file file:///home/***/.ivy2.5.2/jars/org.apache.httpcomponents.core5_httpcore5-5.2.4.jar at file:///home/***/.ivy2.5.2/jars/org.apache.httpcomponents.core5_httpcore5-5.2.4.jar with timestamp 1751805100681
[2025-07-06T12:31:41.702+0000] {spark_submit.py:634} INFO - 25/07/06 12:31:41 INFO Utils: Copying /home/***/.ivy2.5.2/jars/org.apache.httpcomponents.core5_httpcore5-5.2.4.jar to /tmp/spark-ca5de9eb-fa65-4bfb-9a02-5f52a7369344/userFiles-4c34ff69-b1b5-440c-9361-8343eb65c9db/org.apache.httpcomponents.core5_httpcore5-5.2.4.jar
[2025-07-06T12:31:41.708+0000] {spark_submit.py:634} INFO - 25/07/06 12:31:41 INFO SparkContext: Added file file:///home/***/.ivy2.5.2/jars/org.apache.httpcomponents.core5_httpcore5-h2-5.2.4.jar at file:///home/***/.ivy2.5.2/jars/org.apache.httpcomponents.core5_httpcore5-h2-5.2.4.jar with timestamp 1751805100681
[2025-07-06T12:31:41.709+0000] {spark_submit.py:634} INFO - 25/07/06 12:31:41 INFO Utils: Copying /home/***/.ivy2.5.2/jars/org.apache.httpcomponents.core5_httpcore5-h2-5.2.4.jar to /tmp/spark-ca5de9eb-fa65-4bfb-9a02-5f52a7369344/userFiles-4c34ff69-b1b5-440c-9361-8343eb65c9db/org.apache.httpcomponents.core5_httpcore5-h2-5.2.4.jar
[2025-07-06T12:31:41.715+0000] {spark_submit.py:634} INFO - 25/07/06 12:31:41 INFO SparkContext: Added file file:///home/***/.ivy2.5.2/jars/org.slf4j_slf4j-api-1.7.36.jar at file:///home/***/.ivy2.5.2/jars/org.slf4j_slf4j-api-1.7.36.jar with timestamp 1751805100681
[2025-07-06T12:31:41.715+0000] {spark_submit.py:634} INFO - 25/07/06 12:31:41 INFO Utils: Copying /home/***/.ivy2.5.2/jars/org.slf4j_slf4j-api-1.7.36.jar to /tmp/spark-ca5de9eb-fa65-4bfb-9a02-5f52a7369344/userFiles-4c34ff69-b1b5-440c-9361-8343eb65c9db/org.slf4j_slf4j-api-1.7.36.jar
[2025-07-06T12:31:41.727+0000] {spark_submit.py:634} INFO - 25/07/06 12:31:41 INFO SparkContext: Added file file:///home/***/.ivy2.5.2/jars/org.wildfly.openssl_wildfly-openssl-1.1.3.Final.jar at file:///home/***/.ivy2.5.2/jars/org.wildfly.openssl_wildfly-openssl-1.1.3.Final.jar with timestamp 1751805100681
[2025-07-06T12:31:41.727+0000] {spark_submit.py:634} INFO - 25/07/06 12:31:41 INFO Utils: Copying /home/***/.ivy2.5.2/jars/org.wildfly.openssl_wildfly-openssl-1.1.3.Final.jar to /tmp/spark-ca5de9eb-fa65-4bfb-9a02-5f52a7369344/userFiles-4c34ff69-b1b5-440c-9361-8343eb65c9db/org.wildfly.openssl_wildfly-openssl-1.1.3.Final.jar
[2025-07-06T12:31:41.743+0000] {spark_submit.py:634} INFO - 25/07/06 12:31:41 INFO SecurityManager: Changing view acls to: ***
[2025-07-06T12:31:41.743+0000] {spark_submit.py:634} INFO - 25/07/06 12:31:41 INFO SecurityManager: Changing modify acls to: ***
[2025-07-06T12:31:41.743+0000] {spark_submit.py:634} INFO - 25/07/06 12:31:41 INFO SecurityManager: Changing view acls groups to: ***
[2025-07-06T12:31:41.743+0000] {spark_submit.py:634} INFO - 25/07/06 12:31:41 INFO SecurityManager: Changing modify acls groups to: ***
[2025-07-06T12:31:41.743+0000] {spark_submit.py:634} INFO - 25/07/06 12:31:41 INFO SecurityManager: SecurityManager: authentication disabled; ui acls disabled; users with view permissions: *** groups with view permissions: EMPTY; users with modify permissions: ***; groups with modify permissions: EMPTY; RPC SSL disabled
[2025-07-06T12:31:41.871+0000] {spark_submit.py:634} INFO - 25/07/06 12:31:41 INFO Executor: Starting executor ID driver on host 320a39989f12
[2025-07-06T12:31:41.872+0000] {spark_submit.py:634} INFO - 25/07/06 12:31:41 INFO Executor: OS info Linux, 6.8.0-60-generic, amd64
[2025-07-06T12:31:41.872+0000] {spark_submit.py:634} INFO - 25/07/06 12:31:41 INFO Executor: Java version 17.0.15
[2025-07-06T12:31:41.929+0000] {spark_submit.py:634} INFO - 25/07/06 12:31:41 INFO Executor: Starting executor with user classpath (userClassPathFirst = false): ''
[2025-07-06T12:31:41.930+0000] {spark_submit.py:634} INFO - 25/07/06 12:31:41 INFO Executor: Created or updated repl class loader org.apache.spark.util.MutableURLClassLoader@5154188f for default.
[2025-07-06T12:31:41.937+0000] {spark_submit.py:634} INFO - 25/07/06 12:31:41 INFO Executor: Fetching file:///home/***/.ivy2.5.2/jars/org.apache.hadoop_hadoop-aws-3.3.5.jar with timestamp 1751805100681
[2025-07-06T12:31:41.949+0000] {spark_submit.py:634} INFO - 25/07/06 12:31:41 INFO Utils: /home/***/.ivy2.5.2/jars/org.apache.hadoop_hadoop-aws-3.3.5.jar has been previously copied to /tmp/spark-ca5de9eb-fa65-4bfb-9a02-5f52a7369344/userFiles-4c34ff69-b1b5-440c-9361-8343eb65c9db/org.apache.hadoop_hadoop-aws-3.3.5.jar
[2025-07-06T12:31:41.954+0000] {spark_submit.py:634} INFO - 25/07/06 12:31:41 INFO Executor: Fetching file:///home/***/.ivy2.5.2/jars/com.clickhouse_clickhouse-jdbc-0.6.4.jar with timestamp 1751805100681
[2025-07-06T12:31:41.955+0000] {spark_submit.py:634} INFO - 25/07/06 12:31:41 INFO Utils: /home/***/.ivy2.5.2/jars/com.clickhouse_clickhouse-jdbc-0.6.4.jar has been previously copied to /tmp/spark-ca5de9eb-fa65-4bfb-9a02-5f52a7369344/userFiles-4c34ff69-b1b5-440c-9361-8343eb65c9db/com.clickhouse_clickhouse-jdbc-0.6.4.jar
[2025-07-06T12:31:41.958+0000] {spark_submit.py:634} INFO - 25/07/06 12:31:41 INFO Executor: Fetching file:///home/***/.ivy2.5.2/jars/org.apache.httpcomponents.client5_httpclient5-5.3.1.jar with timestamp 1751805100681
[2025-07-06T12:31:41.958+0000] {spark_submit.py:634} INFO - 25/07/06 12:31:41 INFO Utils: /home/***/.ivy2.5.2/jars/org.apache.httpcomponents.client5_httpclient5-5.3.1.jar has been previously copied to /tmp/spark-ca5de9eb-fa65-4bfb-9a02-5f52a7369344/userFiles-4c34ff69-b1b5-440c-9361-8343eb65c9db/org.apache.httpcomponents.client5_httpclient5-5.3.1.jar
[2025-07-06T12:31:41.962+0000] {spark_submit.py:634} INFO - 25/07/06 12:31:41 INFO Executor: Fetching file:///home/***/.ivy2.5.2/jars/org.apache.httpcomponents.core5_httpcore5-5.2.4.jar with timestamp 1751805100681
[2025-07-06T12:31:41.963+0000] {spark_submit.py:634} INFO - 25/07/06 12:31:41 INFO Utils: /home/***/.ivy2.5.2/jars/org.apache.httpcomponents.core5_httpcore5-5.2.4.jar has been previously copied to /tmp/spark-ca5de9eb-fa65-4bfb-9a02-5f52a7369344/userFiles-4c34ff69-b1b5-440c-9361-8343eb65c9db/org.apache.httpcomponents.core5_httpcore5-5.2.4.jar
[2025-07-06T12:31:41.966+0000] {spark_submit.py:634} INFO - 25/07/06 12:31:41 INFO Executor: Fetching file:///home/***/.ivy2.5.2/jars/org.wildfly.openssl_wildfly-openssl-1.1.3.Final.jar with timestamp 1751805100681
[2025-07-06T12:31:41.967+0000] {spark_submit.py:634} INFO - 25/07/06 12:31:41 INFO Utils: /home/***/.ivy2.5.2/jars/org.wildfly.openssl_wildfly-openssl-1.1.3.Final.jar has been previously copied to /tmp/spark-ca5de9eb-fa65-4bfb-9a02-5f52a7369344/userFiles-4c34ff69-b1b5-440c-9361-8343eb65c9db/org.wildfly.openssl_wildfly-openssl-1.1.3.Final.jar
[2025-07-06T12:31:41.971+0000] {spark_submit.py:634} INFO - 25/07/06 12:31:41 INFO Executor: Fetching file:///home/***/.ivy2.5.2/jars/org.apache.httpcomponents.core5_httpcore5-h2-5.2.4.jar with timestamp 1751805100681
[2025-07-06T12:31:41.971+0000] {spark_submit.py:634} INFO - 25/07/06 12:31:41 INFO Utils: /home/***/.ivy2.5.2/jars/org.apache.httpcomponents.core5_httpcore5-h2-5.2.4.jar has been previously copied to /tmp/spark-ca5de9eb-fa65-4bfb-9a02-5f52a7369344/userFiles-4c34ff69-b1b5-440c-9361-8343eb65c9db/org.apache.httpcomponents.core5_httpcore5-h2-5.2.4.jar
[2025-07-06T12:31:41.975+0000] {spark_submit.py:634} INFO - 25/07/06 12:31:41 INFO Executor: Fetching file:///home/***/.ivy2.5.2/jars/com.amazonaws_aws-java-sdk-bundle-1.12.674.jar with timestamp 1751805100681
[2025-07-06T12:31:42.118+0000] {spark_submit.py:634} INFO - 25/07/06 12:31:42 INFO Utils: /home/***/.ivy2.5.2/jars/com.amazonaws_aws-java-sdk-bundle-1.12.674.jar has been previously copied to /tmp/spark-ca5de9eb-fa65-4bfb-9a02-5f52a7369344/userFiles-4c34ff69-b1b5-440c-9361-8343eb65c9db/com.amazonaws_aws-java-sdk-bundle-1.12.674.jar
[2025-07-06T12:31:42.122+0000] {spark_submit.py:634} INFO - 25/07/06 12:31:42 INFO Executor: Fetching file:///home/***/.ivy2.5.2/jars/org.slf4j_slf4j-api-1.7.36.jar with timestamp 1751805100681
[2025-07-06T12:31:42.122+0000] {spark_submit.py:634} INFO - 25/07/06 12:31:42 INFO Utils: /home/***/.ivy2.5.2/jars/org.slf4j_slf4j-api-1.7.36.jar has been previously copied to /tmp/spark-ca5de9eb-fa65-4bfb-9a02-5f52a7369344/userFiles-4c34ff69-b1b5-440c-9361-8343eb65c9db/org.slf4j_slf4j-api-1.7.36.jar
[2025-07-06T12:31:42.128+0000] {spark_submit.py:634} INFO - 25/07/06 12:31:42 INFO Executor: Fetching spark://320a39989f12:40173/jars/org.apache.httpcomponents.core5_httpcore5-5.2.4.jar with timestamp 1751805100681
[2025-07-06T12:31:42.149+0000] {spark_submit.py:634} INFO - 25/07/06 12:31:42 INFO TransportClientFactory: Successfully created connection to 320a39989f12/172.21.0.10:40173 after 14 ms (0 ms spent in bootstraps)
[2025-07-06T12:31:42.152+0000] {spark_submit.py:634} INFO - 25/07/06 12:31:42 INFO Utils: Fetching spark://320a39989f12:40173/jars/org.apache.httpcomponents.core5_httpcore5-5.2.4.jar to /tmp/spark-ca5de9eb-fa65-4bfb-9a02-5f52a7369344/userFiles-4c34ff69-b1b5-440c-9361-8343eb65c9db/fetchFileTemp2108802452175822092.tmp
[2025-07-06T12:31:42.163+0000] {spark_submit.py:634} INFO - 25/07/06 12:31:42 INFO Utils: /tmp/spark-ca5de9eb-fa65-4bfb-9a02-5f52a7369344/userFiles-4c34ff69-b1b5-440c-9361-8343eb65c9db/fetchFileTemp2108802452175822092.tmp has been previously copied to /tmp/spark-ca5de9eb-fa65-4bfb-9a02-5f52a7369344/userFiles-4c34ff69-b1b5-440c-9361-8343eb65c9db/org.apache.httpcomponents.core5_httpcore5-5.2.4.jar
[2025-07-06T12:31:42.175+0000] {spark_submit.py:634} INFO - 25/07/06 12:31:42 INFO Executor: Adding file:/tmp/spark-ca5de9eb-fa65-4bfb-9a02-5f52a7369344/userFiles-4c34ff69-b1b5-440c-9361-8343eb65c9db/org.apache.httpcomponents.core5_httpcore5-5.2.4.jar to class loader default
[2025-07-06T12:31:42.176+0000] {spark_submit.py:634} INFO - 25/07/06 12:31:42 INFO Executor: Fetching spark://320a39989f12:40173/jars/com.clickhouse_clickhouse-jdbc-0.6.4.jar with timestamp 1751805100681
[2025-07-06T12:31:42.176+0000] {spark_submit.py:634} INFO - 25/07/06 12:31:42 INFO Utils: Fetching spark://320a39989f12:40173/jars/com.clickhouse_clickhouse-jdbc-0.6.4.jar to /tmp/spark-ca5de9eb-fa65-4bfb-9a02-5f52a7369344/userFiles-4c34ff69-b1b5-440c-9361-8343eb65c9db/fetchFileTemp11455336214607141195.tmp
[2025-07-06T12:31:42.179+0000] {spark_submit.py:634} INFO - 25/07/06 12:31:42 INFO Utils: /tmp/spark-ca5de9eb-fa65-4bfb-9a02-5f52a7369344/userFiles-4c34ff69-b1b5-440c-9361-8343eb65c9db/fetchFileTemp11455336214607141195.tmp has been previously copied to /tmp/spark-ca5de9eb-fa65-4bfb-9a02-5f52a7369344/userFiles-4c34ff69-b1b5-440c-9361-8343eb65c9db/com.clickhouse_clickhouse-jdbc-0.6.4.jar
[2025-07-06T12:31:42.183+0000] {spark_submit.py:634} INFO - 25/07/06 12:31:42 INFO Executor: Adding file:/tmp/spark-ca5de9eb-fa65-4bfb-9a02-5f52a7369344/userFiles-4c34ff69-b1b5-440c-9361-8343eb65c9db/com.clickhouse_clickhouse-jdbc-0.6.4.jar to class loader default
[2025-07-06T12:31:42.183+0000] {spark_submit.py:634} INFO - 25/07/06 12:31:42 INFO Executor: Fetching spark://320a39989f12:40173/jars/org.apache.httpcomponents.client5_httpclient5-5.3.1.jar with timestamp 1751805100681
[2025-07-06T12:31:42.183+0000] {spark_submit.py:634} INFO - 25/07/06 12:31:42 INFO Utils: Fetching spark://320a39989f12:40173/jars/org.apache.httpcomponents.client5_httpclient5-5.3.1.jar to /tmp/spark-ca5de9eb-fa65-4bfb-9a02-5f52a7369344/userFiles-4c34ff69-b1b5-440c-9361-8343eb65c9db/fetchFileTemp1763346016404723195.tmp
[2025-07-06T12:31:42.185+0000] {spark_submit.py:634} INFO - 25/07/06 12:31:42 INFO Utils: /tmp/spark-ca5de9eb-fa65-4bfb-9a02-5f52a7369344/userFiles-4c34ff69-b1b5-440c-9361-8343eb65c9db/fetchFileTemp1763346016404723195.tmp has been previously copied to /tmp/spark-ca5de9eb-fa65-4bfb-9a02-5f52a7369344/userFiles-4c34ff69-b1b5-440c-9361-8343eb65c9db/org.apache.httpcomponents.client5_httpclient5-5.3.1.jar
[2025-07-06T12:31:42.189+0000] {spark_submit.py:634} INFO - 25/07/06 12:31:42 INFO Executor: Adding file:/tmp/spark-ca5de9eb-fa65-4bfb-9a02-5f52a7369344/userFiles-4c34ff69-b1b5-440c-9361-8343eb65c9db/org.apache.httpcomponents.client5_httpclient5-5.3.1.jar to class loader default
[2025-07-06T12:31:42.189+0000] {spark_submit.py:634} INFO - 25/07/06 12:31:42 INFO Executor: Fetching spark://320a39989f12:40173/jars/org.apache.httpcomponents.core5_httpcore5-h2-5.2.4.jar with timestamp 1751805100681
[2025-07-06T12:31:42.224+0000] {spark_submit.py:634} INFO - 25/07/06 12:31:42 INFO Utils: Fetching spark://320a39989f12:40173/jars/org.apache.httpcomponents.core5_httpcore5-h2-5.2.4.jar to /tmp/spark-ca5de9eb-fa65-4bfb-9a02-5f52a7369344/userFiles-4c34ff69-b1b5-440c-9361-8343eb65c9db/fetchFileTemp7907022535879368070.tmp
[2025-07-06T12:31:42.226+0000] {spark_submit.py:634} INFO - 25/07/06 12:31:42 INFO Utils: /tmp/spark-ca5de9eb-fa65-4bfb-9a02-5f52a7369344/userFiles-4c34ff69-b1b5-440c-9361-8343eb65c9db/fetchFileTemp7907022535879368070.tmp has been previously copied to /tmp/spark-ca5de9eb-fa65-4bfb-9a02-5f52a7369344/userFiles-4c34ff69-b1b5-440c-9361-8343eb65c9db/org.apache.httpcomponents.core5_httpcore5-h2-5.2.4.jar
[2025-07-06T12:31:42.230+0000] {spark_submit.py:634} INFO - 25/07/06 12:31:42 INFO Executor: Adding file:/tmp/spark-ca5de9eb-fa65-4bfb-9a02-5f52a7369344/userFiles-4c34ff69-b1b5-440c-9361-8343eb65c9db/org.apache.httpcomponents.core5_httpcore5-h2-5.2.4.jar to class loader default
[2025-07-06T12:31:42.230+0000] {spark_submit.py:634} INFO - 25/07/06 12:31:42 INFO Executor: Fetching spark://320a39989f12:40173/jars/org.slf4j_slf4j-api-1.7.36.jar with timestamp 1751805100681
[2025-07-06T12:31:42.230+0000] {spark_submit.py:634} INFO - 25/07/06 12:31:42 INFO Utils: Fetching spark://320a39989f12:40173/jars/org.slf4j_slf4j-api-1.7.36.jar to /tmp/spark-ca5de9eb-fa65-4bfb-9a02-5f52a7369344/userFiles-4c34ff69-b1b5-440c-9361-8343eb65c9db/fetchFileTemp15651098167554468073.tmp
[2025-07-06T12:31:42.232+0000] {spark_submit.py:634} INFO - 25/07/06 12:31:42 INFO Utils: /tmp/spark-ca5de9eb-fa65-4bfb-9a02-5f52a7369344/userFiles-4c34ff69-b1b5-440c-9361-8343eb65c9db/fetchFileTemp15651098167554468073.tmp has been previously copied to /tmp/spark-ca5de9eb-fa65-4bfb-9a02-5f52a7369344/userFiles-4c34ff69-b1b5-440c-9361-8343eb65c9db/org.slf4j_slf4j-api-1.7.36.jar
[2025-07-06T12:31:42.236+0000] {spark_submit.py:634} INFO - 25/07/06 12:31:42 INFO Executor: Adding file:/tmp/spark-ca5de9eb-fa65-4bfb-9a02-5f52a7369344/userFiles-4c34ff69-b1b5-440c-9361-8343eb65c9db/org.slf4j_slf4j-api-1.7.36.jar to class loader default
[2025-07-06T12:31:42.236+0000] {spark_submit.py:634} INFO - 25/07/06 12:31:42 INFO Executor: Fetching spark://320a39989f12:40173/jars/com.amazonaws_aws-java-sdk-bundle-1.12.674.jar with timestamp 1751805100681
[2025-07-06T12:31:42.236+0000] {spark_submit.py:634} INFO - 25/07/06 12:31:42 INFO Utils: Fetching spark://320a39989f12:40173/jars/com.amazonaws_aws-java-sdk-bundle-1.12.674.jar to /tmp/spark-ca5de9eb-fa65-4bfb-9a02-5f52a7369344/userFiles-4c34ff69-b1b5-440c-9361-8343eb65c9db/fetchFileTemp9810709989912555335.tmp
[2025-07-06T12:31:43.458+0000] {spark_submit.py:634} INFO - 25/07/06 12:31:43 INFO Utils: /tmp/spark-ca5de9eb-fa65-4bfb-9a02-5f52a7369344/userFiles-4c34ff69-b1b5-440c-9361-8343eb65c9db/fetchFileTemp9810709989912555335.tmp has been previously copied to /tmp/spark-ca5de9eb-fa65-4bfb-9a02-5f52a7369344/userFiles-4c34ff69-b1b5-440c-9361-8343eb65c9db/com.amazonaws_aws-java-sdk-bundle-1.12.674.jar
[2025-07-06T12:31:43.483+0000] {spark_submit.py:634} INFO - 25/07/06 12:31:43 INFO Executor: Adding file:/tmp/spark-ca5de9eb-fa65-4bfb-9a02-5f52a7369344/userFiles-4c34ff69-b1b5-440c-9361-8343eb65c9db/com.amazonaws_aws-java-sdk-bundle-1.12.674.jar to class loader default
[2025-07-06T12:31:43.484+0000] {spark_submit.py:634} INFO - 25/07/06 12:31:43 INFO Executor: Fetching spark://320a39989f12:40173/jars/org.wildfly.openssl_wildfly-openssl-1.1.3.Final.jar with timestamp 1751805100681
[2025-07-06T12:31:43.484+0000] {spark_submit.py:634} INFO - 25/07/06 12:31:43 INFO Utils: Fetching spark://320a39989f12:40173/jars/org.wildfly.openssl_wildfly-openssl-1.1.3.Final.jar to /tmp/spark-ca5de9eb-fa65-4bfb-9a02-5f52a7369344/userFiles-4c34ff69-b1b5-440c-9361-8343eb65c9db/fetchFileTemp2881838174449258065.tmp
[2025-07-06T12:31:43.486+0000] {spark_submit.py:634} INFO - 25/07/06 12:31:43 INFO Utils: /tmp/spark-ca5de9eb-fa65-4bfb-9a02-5f52a7369344/userFiles-4c34ff69-b1b5-440c-9361-8343eb65c9db/fetchFileTemp2881838174449258065.tmp has been previously copied to /tmp/spark-ca5de9eb-fa65-4bfb-9a02-5f52a7369344/userFiles-4c34ff69-b1b5-440c-9361-8343eb65c9db/org.wildfly.openssl_wildfly-openssl-1.1.3.Final.jar
[2025-07-06T12:31:43.490+0000] {spark_submit.py:634} INFO - 25/07/06 12:31:43 INFO Executor: Adding file:/tmp/spark-ca5de9eb-fa65-4bfb-9a02-5f52a7369344/userFiles-4c34ff69-b1b5-440c-9361-8343eb65c9db/org.wildfly.openssl_wildfly-openssl-1.1.3.Final.jar to class loader default
[2025-07-06T12:31:43.490+0000] {spark_submit.py:634} INFO - 25/07/06 12:31:43 INFO Executor: Fetching spark://320a39989f12:40173/jars/org.apache.hadoop_hadoop-aws-3.3.5.jar with timestamp 1751805100681
[2025-07-06T12:31:43.491+0000] {spark_submit.py:634} INFO - 25/07/06 12:31:43 INFO Utils: Fetching spark://320a39989f12:40173/jars/org.apache.hadoop_hadoop-aws-3.3.5.jar to /tmp/spark-ca5de9eb-fa65-4bfb-9a02-5f52a7369344/userFiles-4c34ff69-b1b5-440c-9361-8343eb65c9db/fetchFileTemp11485733702379903585.tmp
[2025-07-06T12:31:43.494+0000] {spark_submit.py:634} INFO - 25/07/06 12:31:43 INFO Utils: /tmp/spark-ca5de9eb-fa65-4bfb-9a02-5f52a7369344/userFiles-4c34ff69-b1b5-440c-9361-8343eb65c9db/fetchFileTemp11485733702379903585.tmp has been previously copied to /tmp/spark-ca5de9eb-fa65-4bfb-9a02-5f52a7369344/userFiles-4c34ff69-b1b5-440c-9361-8343eb65c9db/org.apache.hadoop_hadoop-aws-3.3.5.jar
[2025-07-06T12:31:43.497+0000] {spark_submit.py:634} INFO - 25/07/06 12:31:43 INFO Executor: Adding file:/tmp/spark-ca5de9eb-fa65-4bfb-9a02-5f52a7369344/userFiles-4c34ff69-b1b5-440c-9361-8343eb65c9db/org.apache.hadoop_hadoop-aws-3.3.5.jar to class loader default
[2025-07-06T12:31:43.504+0000] {spark_submit.py:634} INFO - 25/07/06 12:31:43 INFO Utils: Successfully started service 'org.apache.spark.network.netty.NettyBlockTransferService' on port 41119.
[2025-07-06T12:31:43.504+0000] {spark_submit.py:634} INFO - 25/07/06 12:31:43 INFO NettyBlockTransferService: Server created on 320a39989f12:41119
[2025-07-06T12:31:43.533+0000] {spark_submit.py:634} INFO - 25/07/06 12:31:43 INFO BlockManager: Using org.apache.spark.storage.RandomBlockReplicationPolicy for block replication policy
[2025-07-06T12:31:43.541+0000] {spark_submit.py:634} INFO - 25/07/06 12:31:43 INFO BlockManagerMaster: Registering BlockManager BlockManagerId(driver, 320a39989f12, 41119, None)
[2025-07-06T12:31:43.547+0000] {spark_submit.py:634} INFO - 25/07/06 12:31:43 INFO BlockManagerMasterEndpoint: Registering block manager 320a39989f12:41119 with 413.9 MiB RAM, BlockManagerId(driver, 320a39989f12, 41119, None)
[2025-07-06T12:31:43.549+0000] {spark_submit.py:634} INFO - 25/07/06 12:31:43 INFO BlockManagerMaster: Registered BlockManager BlockManagerId(driver, 320a39989f12, 41119, None)
[2025-07-06T12:31:43.550+0000] {spark_submit.py:634} INFO - 25/07/06 12:31:43 INFO BlockManager: Initialized BlockManager: BlockManagerId(driver, 320a39989f12, 41119, None)
[2025-07-06T12:31:48.464+0000] {spark_submit.py:634} INFO - Python-dotenv could not parse statement starting at line 1
[2025-07-06T12:31:48.464+0000] {spark_submit.py:634} INFO - Python-dotenv could not parse statement starting at line 3
[2025-07-06T12:31:48.746+0000] {spark_submit.py:634} INFO - 25/07/06 12:31:48 WARN SparkStringUtils: Truncated the string representation of a plan since it was too large. This behavior can be adjusted by setting 'spark.sql.debug.maxToStringFields'.
[2025-07-06T12:31:51.164+0000] {spark_submit.py:634} INFO - 25/07/06 12:31:51 WARN JdbcUtils: Requested isolation level 1, but transactions are unsupported
[2025-07-06T12:31:53.361+0000] {spark_submit.py:634} INFO - ------------------------Dữ liệu đã được ghi thành công vào ClickHouse------------------------
[2025-07-06T12:31:53.862+0000] {spark_submit.py:634} INFO - -------------Stop SparkSession-------------
[2025-07-06T12:31:54.001+0000] {taskinstance.py:441} INFO - ::group::Post task execution logs
[2025-07-06T12:31:54.009+0000] {taskinstance.py:1205} INFO - Marking task as SUCCESS. dag_id=my_spark_inline, task_id=spark_write_data, execution_date=20250706T051258, start_date=20250706T123136, end_date=20250706T123154
[2025-07-06T12:31:54.049+0000] {local_task_job_runner.py:240} INFO - Task exited with return code 0
[2025-07-06T12:31:54.063+0000] {taskinstance.py:3482} INFO - 0 downstream tasks scheduled from follow-on schedule check
[2025-07-06T12:31:54.065+0000] {local_task_job_runner.py:222} INFO - ::endgroup::
