[2025-07-06T11:47:33.550+0000] {local_task_job_runner.py:120} INFO - ::group::Pre task execution logs
[2025-07-06T11:47:33.667+0000] {taskinstance.py:2073} INFO - Dependencies all met for dep_context=non-requeueable deps ti=<TaskInstance: my_spark_inline.spark_write_data manual__2025-07-06T05:12:58.943989+00:00 [queued]>
[2025-07-06T11:47:33.671+0000] {taskinstance.py:2073} INFO - Dependencies all met for dep_context=requeueable deps ti=<TaskInstance: my_spark_inline.spark_write_data manual__2025-07-06T05:12:58.943989+00:00 [queued]>
[2025-07-06T11:47:33.671+0000] {taskinstance.py:2303} INFO - Starting attempt 18 of 18
[2025-07-06T11:47:33.686+0000] {taskinstance.py:2327} INFO - Executing <Task(SparkSubmitOperator): spark_write_data> on 2025-07-06 05:12:58.943989+00:00
[2025-07-06T11:47:33.690+0000] {standard_task_runner.py:63} INFO - Started process 975 to run task
[2025-07-06T11:47:33.692+0000] {standard_task_runner.py:90} INFO - Running: ['***', 'tasks', 'run', 'my_spark_inline', 'spark_write_data', 'manual__2025-07-06T05:12:58.943989+00:00', '--job-id', '51', '--raw', '--subdir', 'DAGS_FOLDER/test_spark.py', '--cfg-path', '/tmp/tmpphho7_iz']
[2025-07-06T11:47:33.693+0000] {standard_task_runner.py:91} INFO - Job 51: Subtask spark_write_data
[2025-07-06T11:47:33.703+0000] {logging_mixin.py:188} WARNING - /home/***/.local/lib/python3.11/site-packages/***/settings.py:195 DeprecationWarning: The sql_alchemy_conn option in [core] has been moved to the sql_alchemy_conn option in [database] - the old setting has been used, but please update your config.
[2025-07-06T11:47:33.728+0000] {task_command.py:426} INFO - Running <TaskInstance: my_spark_inline.spark_write_data manual__2025-07-06T05:12:58.943989+00:00 [running]> on host fe6c21a509a7
[2025-07-06T11:47:33.779+0000] {taskinstance.py:2644} INFO - Exporting env vars: AIRFLOW_CTX_DAG_OWNER='***' AIRFLOW_CTX_DAG_ID='my_spark_inline' AIRFLOW_CTX_TASK_ID='spark_write_data' AIRFLOW_CTX_EXECUTION_DATE='2025-07-06T05:12:58.943989+00:00' AIRFLOW_CTX_TRY_NUMBER='18' AIRFLOW_CTX_DAG_RUN_ID='manual__2025-07-06T05:12:58.943989+00:00'
[2025-07-06T11:47:33.780+0000] {taskinstance.py:430} INFO - ::endgroup::
[2025-07-06T11:47:33.793+0000] {base.py:84} INFO - Using connection ID 'spark_default' for task execution.
[2025-07-06T11:47:33.794+0000] {spark_submit.py:473} INFO - Spark-Submit cmd: spark-submit --master local[*] --conf spark.master=spark://spark-master:7077 --packages com.clickhouse:clickhouse-jdbc:0.6.4,org.apache.httpcomponents.client5:httpclient5:5.3.1 --name arrow-spark --queue root.default --deploy-mode client /opt/***/spark_project/src/spark/spark_main.py
[2025-07-06T11:47:34.002+0000] {spark_submit.py:634} INFO - WARNING: Using incubator modules: jdk.incubator.vector
[2025-07-06T11:47:35.392+0000] {spark_submit.py:634} INFO - :: loading settings :: url = jar:file:/home/***/.local/lib/python3.11/site-packages/pyspark/jars/ivy-2.5.3.jar!/org/apache/ivy/core/settings/ivysettings.xml
[2025-07-06T11:47:35.475+0000] {spark_submit.py:634} INFO - Ivy Default Cache set to: /home/***/.ivy2.5.2/cache
[2025-07-06T11:47:35.476+0000] {spark_submit.py:634} INFO - The jars for the packages stored in: /home/***/.ivy2.5.2/jars
[2025-07-06T11:47:35.478+0000] {spark_submit.py:634} INFO - com.clickhouse#clickhouse-jdbc added as a dependency
[2025-07-06T11:47:35.478+0000] {spark_submit.py:634} INFO - org.apache.httpcomponents.client5#httpclient5 added as a dependency
[2025-07-06T11:47:35.478+0000] {spark_submit.py:634} INFO - :: resolving dependencies :: org.apache.spark#spark-submit-parent-38e3e6c6-8300-48f5-8e7d-07be20fd14d4;1.0
[2025-07-06T11:47:35.478+0000] {spark_submit.py:634} INFO - confs: [default]
[2025-07-06T11:47:35.591+0000] {spark_submit.py:634} INFO - found com.clickhouse#clickhouse-jdbc;0.6.4 in central
[2025-07-06T11:47:35.607+0000] {spark_submit.py:634} INFO - found org.apache.httpcomponents.client5#httpclient5;5.3.1 in central
[2025-07-06T11:47:35.681+0000] {spark_submit.py:634} INFO - found org.apache.httpcomponents.core5#httpcore5;5.2.4 in central
[2025-07-06T11:47:35.693+0000] {spark_submit.py:634} INFO - found org.apache.httpcomponents.core5#httpcore5-h2;5.2.4 in central
[2025-07-06T11:47:35.777+0000] {spark_submit.py:634} INFO - found org.slf4j#slf4j-api;1.7.36 in central
[2025-07-06T11:47:35.787+0000] {spark_submit.py:634} INFO - :: resolution report :: resolve 305ms :: artifacts dl 4ms
[2025-07-06T11:47:35.787+0000] {spark_submit.py:634} INFO - :: modules in use:
[2025-07-06T11:47:35.788+0000] {spark_submit.py:634} INFO - com.clickhouse#clickhouse-jdbc;0.6.4 from central in [default]
[2025-07-06T11:47:35.788+0000] {spark_submit.py:634} INFO - org.apache.httpcomponents.client5#httpclient5;5.3.1 from central in [default]
[2025-07-06T11:47:35.788+0000] {spark_submit.py:634} INFO - org.apache.httpcomponents.core5#httpcore5;5.2.4 from central in [default]
[2025-07-06T11:47:35.788+0000] {spark_submit.py:634} INFO - org.apache.httpcomponents.core5#httpcore5-h2;5.2.4 from central in [default]
[2025-07-06T11:47:35.788+0000] {spark_submit.py:634} INFO - org.slf4j#slf4j-api;1.7.36 from central in [default]
[2025-07-06T11:47:35.788+0000] {spark_submit.py:634} INFO - ---------------------------------------------------------------------
[2025-07-06T11:47:35.788+0000] {spark_submit.py:634} INFO - |                  |            modules            ||   artifacts   |
[2025-07-06T11:47:35.788+0000] {spark_submit.py:634} INFO - |       conf       | number| search|dwnlded|evicted|| number|dwnlded|
[2025-07-06T11:47:35.788+0000] {spark_submit.py:634} INFO - ---------------------------------------------------------------------
[2025-07-06T11:47:35.788+0000] {spark_submit.py:634} INFO - |      default     |   5   |   0   |   0   |   0   ||   5   |   0   |
[2025-07-06T11:47:35.789+0000] {spark_submit.py:634} INFO - ---------------------------------------------------------------------
[2025-07-06T11:47:35.790+0000] {spark_submit.py:634} INFO - :: retrieving :: org.apache.spark#spark-submit-parent-38e3e6c6-8300-48f5-8e7d-07be20fd14d4
[2025-07-06T11:47:35.790+0000] {spark_submit.py:634} INFO - confs: [default]
[2025-07-06T11:47:35.793+0000] {spark_submit.py:634} INFO - 0 artifacts copied, 5 already retrieved (0kB/3ms)
[2025-07-06T11:47:36.170+0000] {spark_submit.py:634} INFO - 25/07/06 11:47:36 WARN NativeCodeLoader: Unable to load native-hadoop library for your platform... using builtin-java classes where applicable
[2025-07-06T11:47:37.436+0000] {spark_submit.py:634} INFO - Using Spark's default log4j profile: org/apache/spark/log4j2-defaults.properties
[2025-07-06T11:47:37.470+0000] {spark_submit.py:634} INFO - 25/07/06 11:47:37 INFO SparkContext: Running Spark version 4.0.0
[2025-07-06T11:47:37.471+0000] {spark_submit.py:634} INFO - 25/07/06 11:47:37 INFO SparkContext: OS info Linux, 6.8.0-60-generic, amd64
[2025-07-06T11:47:37.472+0000] {spark_submit.py:634} INFO - 25/07/06 11:47:37 INFO SparkContext: Java version 17.0.15
[2025-07-06T11:47:37.485+0000] {spark_submit.py:634} INFO - 25/07/06 11:47:37 INFO ResourceUtils: ==============================================================
[2025-07-06T11:47:37.485+0000] {spark_submit.py:634} INFO - 25/07/06 11:47:37 INFO ResourceUtils: No custom resources configured for spark.driver.
[2025-07-06T11:47:37.486+0000] {spark_submit.py:634} INFO - 25/07/06 11:47:37 INFO ResourceUtils: ==============================================================
[2025-07-06T11:47:37.486+0000] {spark_submit.py:634} INFO - 25/07/06 11:47:37 INFO SparkContext: Submitted application: thanhdz
[2025-07-06T11:47:37.499+0000] {spark_submit.py:634} INFO - 25/07/06 11:47:37 INFO ResourceProfile: Default ResourceProfile created, executor resources: Map(cores -> name: cores, amount: 2, script: , vendor: , memory -> name: memory, amount: 4096, script: , vendor: , offHeap -> name: offHeap, amount: 0, script: , vendor: ), task resources: Map(cpus -> name: cpus, amount: 1.0)
[2025-07-06T11:47:37.502+0000] {spark_submit.py:634} INFO - 25/07/06 11:47:37 INFO ResourceProfile: Limiting resource is cpus at 2 tasks per executor
[2025-07-06T11:47:37.503+0000] {spark_submit.py:634} INFO - 25/07/06 11:47:37 INFO ResourceProfileManager: Added ResourceProfile id: 0
[2025-07-06T11:47:37.591+0000] {spark_submit.py:634} INFO - 25/07/06 11:47:37 INFO SecurityManager: Changing view acls to: ***
[2025-07-06T11:47:37.591+0000] {spark_submit.py:634} INFO - 25/07/06 11:47:37 INFO SecurityManager: Changing modify acls to: ***
[2025-07-06T11:47:37.591+0000] {spark_submit.py:634} INFO - 25/07/06 11:47:37 INFO SecurityManager: Changing view acls groups to: ***
[2025-07-06T11:47:37.592+0000] {spark_submit.py:634} INFO - 25/07/06 11:47:37 INFO SecurityManager: Changing modify acls groups to: ***
[2025-07-06T11:47:37.593+0000] {spark_submit.py:634} INFO - 25/07/06 11:47:37 INFO SecurityManager: SecurityManager: authentication disabled; ui acls disabled; users with view permissions: *** groups with view permissions: EMPTY; users with modify permissions: ***; groups with modify permissions: EMPTY; RPC SSL disabled
[2025-07-06T11:47:37.817+0000] {spark_submit.py:634} INFO - 25/07/06 11:47:37 INFO Utils: Successfully started service 'sparkDriver' on port 32803.
[2025-07-06T11:47:37.874+0000] {spark_submit.py:634} INFO - 25/07/06 11:47:37 INFO SparkEnv: Registering MapOutputTracker
[2025-07-06T11:47:37.881+0000] {spark_submit.py:634} INFO - 25/07/06 11:47:37 INFO SparkEnv: Registering BlockManagerMaster
[2025-07-06T11:47:37.889+0000] {spark_submit.py:634} INFO - 25/07/06 11:47:37 INFO BlockManagerMasterEndpoint: Using org.apache.spark.storage.DefaultTopologyMapper for getting topology information
[2025-07-06T11:47:37.889+0000] {spark_submit.py:634} INFO - 25/07/06 11:47:37 INFO BlockManagerMasterEndpoint: BlockManagerMasterEndpoint up
[2025-07-06T11:47:37.891+0000] {spark_submit.py:634} INFO - 25/07/06 11:47:37 INFO SparkEnv: Registering BlockManagerMasterHeartbeat
[2025-07-06T11:47:37.903+0000] {spark_submit.py:634} INFO - 25/07/06 11:47:37 INFO DiskBlockManager: Created local directory at /tmp/blockmgr-97a7fef3-69e0-4882-ac43-ace3f8315c75
[2025-07-06T11:47:37.914+0000] {spark_submit.py:634} INFO - 25/07/06 11:47:37 INFO SparkEnv: Registering OutputCommitCoordinator
[2025-07-06T11:47:38.093+0000] {spark_submit.py:634} INFO - 25/07/06 11:47:38 INFO JettyUtils: Start Jetty 0.0.0.0:4040 for SparkUI
[2025-07-06T11:47:38.202+0000] {spark_submit.py:634} INFO - 25/07/06 11:47:38 INFO Utils: Successfully started service 'SparkUI' on port 4040.
[2025-07-06T11:47:38.268+0000] {spark_submit.py:634} INFO - 25/07/06 11:47:38 INFO SparkContext: Added JAR file:///home/***/.ivy2.5.2/jars/com.clickhouse_clickhouse-jdbc-0.6.4.jar at spark://fe6c21a509a7:32803/jars/com.clickhouse_clickhouse-jdbc-0.6.4.jar with timestamp 1751802457431
[2025-07-06T11:47:38.269+0000] {spark_submit.py:634} INFO - 25/07/06 11:47:38 INFO SparkContext: Added JAR file:///home/***/.ivy2.5.2/jars/org.apache.httpcomponents.client5_httpclient5-5.3.1.jar at spark://fe6c21a509a7:32803/jars/org.apache.httpcomponents.client5_httpclient5-5.3.1.jar with timestamp 1751802457431
[2025-07-06T11:47:38.269+0000] {spark_submit.py:634} INFO - 25/07/06 11:47:38 INFO SparkContext: Added JAR file:///home/***/.ivy2.5.2/jars/org.apache.httpcomponents.core5_httpcore5-5.2.4.jar at spark://fe6c21a509a7:32803/jars/org.apache.httpcomponents.core5_httpcore5-5.2.4.jar with timestamp 1751802457431
[2025-07-06T11:47:38.269+0000] {spark_submit.py:634} INFO - 25/07/06 11:47:38 INFO SparkContext: Added JAR file:///home/***/.ivy2.5.2/jars/org.apache.httpcomponents.core5_httpcore5-h2-5.2.4.jar at spark://fe6c21a509a7:32803/jars/org.apache.httpcomponents.core5_httpcore5-h2-5.2.4.jar with timestamp 1751802457431
[2025-07-06T11:47:38.269+0000] {spark_submit.py:634} INFO - 25/07/06 11:47:38 INFO SparkContext: Added JAR file:///home/***/.ivy2.5.2/jars/org.slf4j_slf4j-api-1.7.36.jar at spark://fe6c21a509a7:32803/jars/org.slf4j_slf4j-api-1.7.36.jar with timestamp 1751802457431
[2025-07-06T11:47:38.271+0000] {spark_submit.py:634} INFO - 25/07/06 11:47:38 INFO SparkContext: Added file file:///home/***/.ivy2.5.2/jars/com.clickhouse_clickhouse-jdbc-0.6.4.jar at file:///home/***/.ivy2.5.2/jars/com.clickhouse_clickhouse-jdbc-0.6.4.jar with timestamp 1751802457431
[2025-07-06T11:47:38.272+0000] {spark_submit.py:634} INFO - 25/07/06 11:47:38 INFO Utils: Copying /home/***/.ivy2.5.2/jars/com.clickhouse_clickhouse-jdbc-0.6.4.jar to /tmp/spark-c28efdd5-3c07-4f06-856d-e4c23bafb625/userFiles-9905e78a-2e0b-4a0f-9611-c6ab3daa84a1/com.clickhouse_clickhouse-jdbc-0.6.4.jar
[2025-07-06T11:47:38.280+0000] {spark_submit.py:634} INFO - 25/07/06 11:47:38 INFO SparkContext: Added file file:///home/***/.ivy2.5.2/jars/org.apache.httpcomponents.client5_httpclient5-5.3.1.jar at file:///home/***/.ivy2.5.2/jars/org.apache.httpcomponents.client5_httpclient5-5.3.1.jar with timestamp 1751802457431
[2025-07-06T11:47:38.280+0000] {spark_submit.py:634} INFO - 25/07/06 11:47:38 INFO Utils: Copying /home/***/.ivy2.5.2/jars/org.apache.httpcomponents.client5_httpclient5-5.3.1.jar to /tmp/spark-c28efdd5-3c07-4f06-856d-e4c23bafb625/userFiles-9905e78a-2e0b-4a0f-9611-c6ab3daa84a1/org.apache.httpcomponents.client5_httpclient5-5.3.1.jar
[2025-07-06T11:47:38.284+0000] {spark_submit.py:634} INFO - 25/07/06 11:47:38 INFO SparkContext: Added file file:///home/***/.ivy2.5.2/jars/org.apache.httpcomponents.core5_httpcore5-5.2.4.jar at file:///home/***/.ivy2.5.2/jars/org.apache.httpcomponents.core5_httpcore5-5.2.4.jar with timestamp 1751802457431
[2025-07-06T11:47:38.285+0000] {spark_submit.py:634} INFO - 25/07/06 11:47:38 INFO Utils: Copying /home/***/.ivy2.5.2/jars/org.apache.httpcomponents.core5_httpcore5-5.2.4.jar to /tmp/spark-c28efdd5-3c07-4f06-856d-e4c23bafb625/userFiles-9905e78a-2e0b-4a0f-9611-c6ab3daa84a1/org.apache.httpcomponents.core5_httpcore5-5.2.4.jar
[2025-07-06T11:47:38.289+0000] {spark_submit.py:634} INFO - 25/07/06 11:47:38 INFO SparkContext: Added file file:///home/***/.ivy2.5.2/jars/org.apache.httpcomponents.core5_httpcore5-h2-5.2.4.jar at file:///home/***/.ivy2.5.2/jars/org.apache.httpcomponents.core5_httpcore5-h2-5.2.4.jar with timestamp 1751802457431
[2025-07-06T11:47:38.290+0000] {spark_submit.py:634} INFO - 25/07/06 11:47:38 INFO Utils: Copying /home/***/.ivy2.5.2/jars/org.apache.httpcomponents.core5_httpcore5-h2-5.2.4.jar to /tmp/spark-c28efdd5-3c07-4f06-856d-e4c23bafb625/userFiles-9905e78a-2e0b-4a0f-9611-c6ab3daa84a1/org.apache.httpcomponents.core5_httpcore5-h2-5.2.4.jar
[2025-07-06T11:47:38.293+0000] {spark_submit.py:634} INFO - 25/07/06 11:47:38 INFO SparkContext: Added file file:///home/***/.ivy2.5.2/jars/org.slf4j_slf4j-api-1.7.36.jar at file:///home/***/.ivy2.5.2/jars/org.slf4j_slf4j-api-1.7.36.jar with timestamp 1751802457431
[2025-07-06T11:47:38.293+0000] {spark_submit.py:634} INFO - 25/07/06 11:47:38 INFO Utils: Copying /home/***/.ivy2.5.2/jars/org.slf4j_slf4j-api-1.7.36.jar to /tmp/spark-c28efdd5-3c07-4f06-856d-e4c23bafb625/userFiles-9905e78a-2e0b-4a0f-9611-c6ab3daa84a1/org.slf4j_slf4j-api-1.7.36.jar
[2025-07-06T11:47:38.309+0000] {spark_submit.py:634} INFO - 25/07/06 11:47:38 INFO SecurityManager: Changing view acls to: ***
[2025-07-06T11:47:38.310+0000] {spark_submit.py:634} INFO - 25/07/06 11:47:38 INFO SecurityManager: Changing modify acls to: ***
[2025-07-06T11:47:38.310+0000] {spark_submit.py:634} INFO - 25/07/06 11:47:38 INFO SecurityManager: Changing view acls groups to: ***
[2025-07-06T11:47:38.310+0000] {spark_submit.py:634} INFO - 25/07/06 11:47:38 INFO SecurityManager: Changing modify acls groups to: ***
[2025-07-06T11:47:38.310+0000] {spark_submit.py:634} INFO - 25/07/06 11:47:38 INFO SecurityManager: SecurityManager: authentication disabled; ui acls disabled; users with view permissions: *** groups with view permissions: EMPTY; users with modify permissions: ***; groups with modify permissions: EMPTY; RPC SSL disabled
[2025-07-06T11:47:38.471+0000] {spark_submit.py:634} INFO - 25/07/06 11:47:38 INFO Executor: Starting executor ID driver on host fe6c21a509a7
[2025-07-06T11:47:38.472+0000] {spark_submit.py:634} INFO - 25/07/06 11:47:38 INFO Executor: OS info Linux, 6.8.0-60-generic, amd64
[2025-07-06T11:47:38.472+0000] {spark_submit.py:634} INFO - 25/07/06 11:47:38 INFO Executor: Java version 17.0.15
[2025-07-06T11:47:38.479+0000] {spark_submit.py:634} INFO - 25/07/06 11:47:38 INFO Executor: Starting executor with user classpath (userClassPathFirst = false): ''
[2025-07-06T11:47:38.480+0000] {spark_submit.py:634} INFO - 25/07/06 11:47:38 INFO Executor: Created or updated repl class loader org.apache.spark.util.MutableURLClassLoader@239ab3e7 for default.
[2025-07-06T11:47:38.486+0000] {spark_submit.py:634} INFO - 25/07/06 11:47:38 INFO Executor: Fetching file:///home/***/.ivy2.5.2/jars/com.clickhouse_clickhouse-jdbc-0.6.4.jar with timestamp 1751802457431
[2025-07-06T11:47:38.505+0000] {spark_submit.py:634} INFO - 25/07/06 11:47:38 INFO Utils: /home/***/.ivy2.5.2/jars/com.clickhouse_clickhouse-jdbc-0.6.4.jar has been previously copied to /tmp/spark-c28efdd5-3c07-4f06-856d-e4c23bafb625/userFiles-9905e78a-2e0b-4a0f-9611-c6ab3daa84a1/com.clickhouse_clickhouse-jdbc-0.6.4.jar
[2025-07-06T11:47:38.508+0000] {spark_submit.py:634} INFO - 25/07/06 11:47:38 INFO Executor: Fetching file:///home/***/.ivy2.5.2/jars/org.apache.httpcomponents.client5_httpclient5-5.3.1.jar with timestamp 1751802457431
[2025-07-06T11:47:38.508+0000] {spark_submit.py:634} INFO - 25/07/06 11:47:38 INFO Utils: /home/***/.ivy2.5.2/jars/org.apache.httpcomponents.client5_httpclient5-5.3.1.jar has been previously copied to /tmp/spark-c28efdd5-3c07-4f06-856d-e4c23bafb625/userFiles-9905e78a-2e0b-4a0f-9611-c6ab3daa84a1/org.apache.httpcomponents.client5_httpclient5-5.3.1.jar
[2025-07-06T11:47:38.569+0000] {spark_submit.py:634} INFO - 25/07/06 11:47:38 INFO Executor: Fetching file:///home/***/.ivy2.5.2/jars/org.apache.httpcomponents.core5_httpcore5-5.2.4.jar with timestamp 1751802457431
[2025-07-06T11:47:38.570+0000] {spark_submit.py:634} INFO - 25/07/06 11:47:38 INFO Utils: /home/***/.ivy2.5.2/jars/org.apache.httpcomponents.core5_httpcore5-5.2.4.jar has been previously copied to /tmp/spark-c28efdd5-3c07-4f06-856d-e4c23bafb625/userFiles-9905e78a-2e0b-4a0f-9611-c6ab3daa84a1/org.apache.httpcomponents.core5_httpcore5-5.2.4.jar
[2025-07-06T11:47:38.575+0000] {spark_submit.py:634} INFO - 25/07/06 11:47:38 INFO Executor: Fetching file:///home/***/.ivy2.5.2/jars/org.apache.httpcomponents.core5_httpcore5-h2-5.2.4.jar with timestamp 1751802457431
[2025-07-06T11:47:38.575+0000] {spark_submit.py:634} INFO - 25/07/06 11:47:38 INFO Utils: /home/***/.ivy2.5.2/jars/org.apache.httpcomponents.core5_httpcore5-h2-5.2.4.jar has been previously copied to /tmp/spark-c28efdd5-3c07-4f06-856d-e4c23bafb625/userFiles-9905e78a-2e0b-4a0f-9611-c6ab3daa84a1/org.apache.httpcomponents.core5_httpcore5-h2-5.2.4.jar
[2025-07-06T11:47:38.579+0000] {spark_submit.py:634} INFO - 25/07/06 11:47:38 INFO Executor: Fetching file:///home/***/.ivy2.5.2/jars/org.slf4j_slf4j-api-1.7.36.jar with timestamp 1751802457431
[2025-07-06T11:47:38.579+0000] {spark_submit.py:634} INFO - 25/07/06 11:47:38 INFO Utils: /home/***/.ivy2.5.2/jars/org.slf4j_slf4j-api-1.7.36.jar has been previously copied to /tmp/spark-c28efdd5-3c07-4f06-856d-e4c23bafb625/userFiles-9905e78a-2e0b-4a0f-9611-c6ab3daa84a1/org.slf4j_slf4j-api-1.7.36.jar
[2025-07-06T11:47:38.586+0000] {spark_submit.py:634} INFO - 25/07/06 11:47:38 INFO Executor: Fetching spark://fe6c21a509a7:32803/jars/org.apache.httpcomponents.client5_httpclient5-5.3.1.jar with timestamp 1751802457431
[2025-07-06T11:47:38.606+0000] {spark_submit.py:634} INFO - 25/07/06 11:47:38 INFO TransportClientFactory: Successfully created connection to fe6c21a509a7/172.21.0.9:32803 after 12 ms (0 ms spent in bootstraps)
[2025-07-06T11:47:38.609+0000] {spark_submit.py:634} INFO - 25/07/06 11:47:38 INFO Utils: Fetching spark://fe6c21a509a7:32803/jars/org.apache.httpcomponents.client5_httpclient5-5.3.1.jar to /tmp/spark-c28efdd5-3c07-4f06-856d-e4c23bafb625/userFiles-9905e78a-2e0b-4a0f-9611-c6ab3daa84a1/fetchFileTemp14910917930970823546.tmp
[2025-07-06T11:47:38.619+0000] {spark_submit.py:634} INFO - 25/07/06 11:47:38 INFO Utils: /tmp/spark-c28efdd5-3c07-4f06-856d-e4c23bafb625/userFiles-9905e78a-2e0b-4a0f-9611-c6ab3daa84a1/fetchFileTemp14910917930970823546.tmp has been previously copied to /tmp/spark-c28efdd5-3c07-4f06-856d-e4c23bafb625/userFiles-9905e78a-2e0b-4a0f-9611-c6ab3daa84a1/org.apache.httpcomponents.client5_httpclient5-5.3.1.jar
[2025-07-06T11:47:38.669+0000] {spark_submit.py:634} INFO - 25/07/06 11:47:38 INFO Executor: Adding file:/tmp/spark-c28efdd5-3c07-4f06-856d-e4c23bafb625/userFiles-9905e78a-2e0b-4a0f-9611-c6ab3daa84a1/org.apache.httpcomponents.client5_httpclient5-5.3.1.jar to class loader default
[2025-07-06T11:47:38.670+0000] {spark_submit.py:634} INFO - 25/07/06 11:47:38 INFO Executor: Fetching spark://fe6c21a509a7:32803/jars/org.slf4j_slf4j-api-1.7.36.jar with timestamp 1751802457431
[2025-07-06T11:47:38.671+0000] {spark_submit.py:634} INFO - 25/07/06 11:47:38 INFO Utils: Fetching spark://fe6c21a509a7:32803/jars/org.slf4j_slf4j-api-1.7.36.jar to /tmp/spark-c28efdd5-3c07-4f06-856d-e4c23bafb625/userFiles-9905e78a-2e0b-4a0f-9611-c6ab3daa84a1/fetchFileTemp16526369292724372628.tmp
[2025-07-06T11:47:38.672+0000] {spark_submit.py:634} INFO - 25/07/06 11:47:38 INFO Utils: /tmp/spark-c28efdd5-3c07-4f06-856d-e4c23bafb625/userFiles-9905e78a-2e0b-4a0f-9611-c6ab3daa84a1/fetchFileTemp16526369292724372628.tmp has been previously copied to /tmp/spark-c28efdd5-3c07-4f06-856d-e4c23bafb625/userFiles-9905e78a-2e0b-4a0f-9611-c6ab3daa84a1/org.slf4j_slf4j-api-1.7.36.jar
[2025-07-06T11:47:38.676+0000] {spark_submit.py:634} INFO - 25/07/06 11:47:38 INFO Executor: Adding file:/tmp/spark-c28efdd5-3c07-4f06-856d-e4c23bafb625/userFiles-9905e78a-2e0b-4a0f-9611-c6ab3daa84a1/org.slf4j_slf4j-api-1.7.36.jar to class loader default
[2025-07-06T11:47:38.676+0000] {spark_submit.py:634} INFO - 25/07/06 11:47:38 INFO Executor: Fetching spark://fe6c21a509a7:32803/jars/com.clickhouse_clickhouse-jdbc-0.6.4.jar with timestamp 1751802457431
[2025-07-06T11:47:38.676+0000] {spark_submit.py:634} INFO - 25/07/06 11:47:38 INFO Utils: Fetching spark://fe6c21a509a7:32803/jars/com.clickhouse_clickhouse-jdbc-0.6.4.jar to /tmp/spark-c28efdd5-3c07-4f06-856d-e4c23bafb625/userFiles-9905e78a-2e0b-4a0f-9611-c6ab3daa84a1/fetchFileTemp15830013764997253506.tmp
[2025-07-06T11:47:38.679+0000] {spark_submit.py:634} INFO - 25/07/06 11:47:38 INFO Utils: /tmp/spark-c28efdd5-3c07-4f06-856d-e4c23bafb625/userFiles-9905e78a-2e0b-4a0f-9611-c6ab3daa84a1/fetchFileTemp15830013764997253506.tmp has been previously copied to /tmp/spark-c28efdd5-3c07-4f06-856d-e4c23bafb625/userFiles-9905e78a-2e0b-4a0f-9611-c6ab3daa84a1/com.clickhouse_clickhouse-jdbc-0.6.4.jar
[2025-07-06T11:47:38.683+0000] {spark_submit.py:634} INFO - 25/07/06 11:47:38 INFO Executor: Adding file:/tmp/spark-c28efdd5-3c07-4f06-856d-e4c23bafb625/userFiles-9905e78a-2e0b-4a0f-9611-c6ab3daa84a1/com.clickhouse_clickhouse-jdbc-0.6.4.jar to class loader default
[2025-07-06T11:47:38.683+0000] {spark_submit.py:634} INFO - 25/07/06 11:47:38 INFO Executor: Fetching spark://fe6c21a509a7:32803/jars/org.apache.httpcomponents.core5_httpcore5-h2-5.2.4.jar with timestamp 1751802457431
[2025-07-06T11:47:38.683+0000] {spark_submit.py:634} INFO - 25/07/06 11:47:38 INFO Utils: Fetching spark://fe6c21a509a7:32803/jars/org.apache.httpcomponents.core5_httpcore5-h2-5.2.4.jar to /tmp/spark-c28efdd5-3c07-4f06-856d-e4c23bafb625/userFiles-9905e78a-2e0b-4a0f-9611-c6ab3daa84a1/fetchFileTemp14243306961786105216.tmp
[2025-07-06T11:47:38.684+0000] {spark_submit.py:634} INFO - 25/07/06 11:47:38 INFO Utils: /tmp/spark-c28efdd5-3c07-4f06-856d-e4c23bafb625/userFiles-9905e78a-2e0b-4a0f-9611-c6ab3daa84a1/fetchFileTemp14243306961786105216.tmp has been previously copied to /tmp/spark-c28efdd5-3c07-4f06-856d-e4c23bafb625/userFiles-9905e78a-2e0b-4a0f-9611-c6ab3daa84a1/org.apache.httpcomponents.core5_httpcore5-h2-5.2.4.jar
[2025-07-06T11:47:38.688+0000] {spark_submit.py:634} INFO - 25/07/06 11:47:38 INFO Executor: Adding file:/tmp/spark-c28efdd5-3c07-4f06-856d-e4c23bafb625/userFiles-9905e78a-2e0b-4a0f-9611-c6ab3daa84a1/org.apache.httpcomponents.core5_httpcore5-h2-5.2.4.jar to class loader default
[2025-07-06T11:47:38.688+0000] {spark_submit.py:634} INFO - 25/07/06 11:47:38 INFO Executor: Fetching spark://fe6c21a509a7:32803/jars/org.apache.httpcomponents.core5_httpcore5-5.2.4.jar with timestamp 1751802457431
[2025-07-06T11:47:38.688+0000] {spark_submit.py:634} INFO - 25/07/06 11:47:38 INFO Utils: Fetching spark://fe6c21a509a7:32803/jars/org.apache.httpcomponents.core5_httpcore5-5.2.4.jar to /tmp/spark-c28efdd5-3c07-4f06-856d-e4c23bafb625/userFiles-9905e78a-2e0b-4a0f-9611-c6ab3daa84a1/fetchFileTemp16574353282035094221.tmp
[2025-07-06T11:47:38.690+0000] {spark_submit.py:634} INFO - 25/07/06 11:47:38 INFO Utils: /tmp/spark-c28efdd5-3c07-4f06-856d-e4c23bafb625/userFiles-9905e78a-2e0b-4a0f-9611-c6ab3daa84a1/fetchFileTemp16574353282035094221.tmp has been previously copied to /tmp/spark-c28efdd5-3c07-4f06-856d-e4c23bafb625/userFiles-9905e78a-2e0b-4a0f-9611-c6ab3daa84a1/org.apache.httpcomponents.core5_httpcore5-5.2.4.jar
[2025-07-06T11:47:38.694+0000] {spark_submit.py:634} INFO - 25/07/06 11:47:38 INFO Executor: Adding file:/tmp/spark-c28efdd5-3c07-4f06-856d-e4c23bafb625/userFiles-9905e78a-2e0b-4a0f-9611-c6ab3daa84a1/org.apache.httpcomponents.core5_httpcore5-5.2.4.jar to class loader default
[2025-07-06T11:47:38.701+0000] {spark_submit.py:634} INFO - 25/07/06 11:47:38 INFO Utils: Successfully started service 'org.apache.spark.network.netty.NettyBlockTransferService' on port 39329.
[2025-07-06T11:47:38.702+0000] {spark_submit.py:634} INFO - 25/07/06 11:47:38 INFO NettyBlockTransferService: Server created on fe6c21a509a7:39329
[2025-07-06T11:47:38.702+0000] {spark_submit.py:634} INFO - 25/07/06 11:47:38 INFO BlockManager: Using org.apache.spark.storage.RandomBlockReplicationPolicy for block replication policy
[2025-07-06T11:47:38.709+0000] {spark_submit.py:634} INFO - 25/07/06 11:47:38 INFO BlockManagerMaster: Registering BlockManager BlockManagerId(driver, fe6c21a509a7, 39329, None)
[2025-07-06T11:47:38.770+0000] {spark_submit.py:634} INFO - 25/07/06 11:47:38 INFO BlockManagerMasterEndpoint: Registering block manager fe6c21a509a7:39329 with 413.9 MiB RAM, BlockManagerId(driver, fe6c21a509a7, 39329, None)
[2025-07-06T11:47:38.772+0000] {spark_submit.py:634} INFO - 25/07/06 11:47:38 INFO BlockManagerMaster: Registered BlockManager BlockManagerId(driver, fe6c21a509a7, 39329, None)
[2025-07-06T11:47:38.773+0000] {spark_submit.py:634} INFO - 25/07/06 11:47:38 INFO BlockManager: Initialized BlockManager: BlockManagerId(driver, fe6c21a509a7, 39329, None)
[2025-07-06T11:47:43.320+0000] {spark_submit.py:634} INFO - Python-dotenv could not parse statement starting at line 1
[2025-07-06T11:47:43.320+0000] {spark_submit.py:634} INFO - Python-dotenv could not parse statement starting at line 3
[2025-07-06T11:47:43.630+0000] {spark_submit.py:634} INFO - 25/07/06 11:47:43 WARN SparkStringUtils: Truncated the string representation of a plan since it was too large. This behavior can be adjusted by setting 'spark.sql.debug.maxToStringFields'.
[2025-07-06T11:47:45.908+0000] {spark_submit.py:634} INFO - 25/07/06 11:47:45 WARN JdbcUtils: Requested isolation level 1, but transactions are unsupported
[2025-07-06T11:47:48.000+0000] {spark_submit.py:634} INFO - ------------------------Dữ liệu đã được ghi thành công vào ClickHouse------------------------
[2025-07-06T11:47:48.503+0000] {spark_submit.py:634} INFO - -------------Stop SparkSession-------------
[2025-07-06T11:47:48.649+0000] {taskinstance.py:441} INFO - ::group::Post task execution logs
[2025-07-06T11:47:48.657+0000] {taskinstance.py:1205} INFO - Marking task as SUCCESS. dag_id=my_spark_inline, task_id=spark_write_data, execution_date=20250706T051258, start_date=20250706T114733, end_date=20250706T114748
[2025-07-06T11:47:48.678+0000] {local_task_job_runner.py:240} INFO - Task exited with return code 0
[2025-07-06T11:47:48.689+0000] {taskinstance.py:3482} INFO - 0 downstream tasks scheduled from follow-on schedule check
[2025-07-06T11:47:48.690+0000] {local_task_job_runner.py:222} INFO - ::endgroup::
