[2025-07-06T12:08:20.700+0000] {local_task_job_runner.py:120} INFO - ::group::Pre task execution logs
[2025-07-06T12:08:20.718+0000] {taskinstance.py:2073} INFO - Dependencies all met for dep_context=non-requeueable deps ti=<TaskInstance: my_spark_inline.spark_write_data manual__2025-07-06T05:12:58.943989+00:00 [queued]>
[2025-07-06T12:08:20.812+0000] {taskinstance.py:2073} INFO - Dependencies all met for dep_context=requeueable deps ti=<TaskInstance: my_spark_inline.spark_write_data manual__2025-07-06T05:12:58.943989+00:00 [queued]>
[2025-07-06T12:08:20.813+0000] {taskinstance.py:2303} INFO - Starting attempt 23 of 23
[2025-07-06T12:08:20.827+0000] {taskinstance.py:2327} INFO - Executing <Task(SparkSubmitOperator): spark_write_data> on 2025-07-06 05:12:58.943989+00:00
[2025-07-06T12:08:20.831+0000] {standard_task_runner.py:63} INFO - Started process 1214 to run task
[2025-07-06T12:08:20.835+0000] {standard_task_runner.py:90} INFO - Running: ['***', 'tasks', 'run', 'my_spark_inline', 'spark_write_data', 'manual__2025-07-06T05:12:58.943989+00:00', '--job-id', '57', '--raw', '--subdir', 'DAGS_FOLDER/test_spark.py', '--cfg-path', '/tmp/tmpkkyfllj1']
[2025-07-06T12:08:20.837+0000] {standard_task_runner.py:91} INFO - Job 57: Subtask spark_write_data
[2025-07-06T12:08:20.849+0000] {logging_mixin.py:188} WARNING - /home/***/.local/lib/python3.11/site-packages/***/settings.py:195 DeprecationWarning: The sql_alchemy_conn option in [core] has been moved to the sql_alchemy_conn option in [database] - the old setting has been used, but please update your config.
[2025-07-06T12:08:20.874+0000] {task_command.py:426} INFO - Running <TaskInstance: my_spark_inline.spark_write_data manual__2025-07-06T05:12:58.943989+00:00 [running]> on host 320a39989f12
[2025-07-06T12:08:20.926+0000] {taskinstance.py:2644} INFO - Exporting env vars: AIRFLOW_CTX_DAG_OWNER='***' AIRFLOW_CTX_DAG_ID='my_spark_inline' AIRFLOW_CTX_TASK_ID='spark_write_data' AIRFLOW_CTX_EXECUTION_DATE='2025-07-06T05:12:58.943989+00:00' AIRFLOW_CTX_TRY_NUMBER='23' AIRFLOW_CTX_DAG_RUN_ID='manual__2025-07-06T05:12:58.943989+00:00'
[2025-07-06T12:08:20.926+0000] {taskinstance.py:430} INFO - ::endgroup::
[2025-07-06T12:08:20.939+0000] {base.py:84} INFO - Using connection ID 'spark-master' for task execution.
[2025-07-06T12:08:20.940+0000] {spark_submit.py:473} INFO - Spark-Submit cmd: spark-submit --master spark-master:7077 --packages com.clickhouse:clickhouse-jdbc:0.6.4,org.apache.httpcomponents.client5:httpclient5:5.3.1 --name arrow-spark --deploy-mode client /opt/***/spark_project/src/spark/spark_main.py
[2025-07-06T12:08:21.144+0000] {spark_submit.py:634} INFO - WARNING: Using incubator modules: jdk.incubator.vector
[2025-07-06T12:08:22.645+0000] {spark_submit.py:634} INFO - :: loading settings :: url = jar:file:/home/***/.local/lib/python3.11/site-packages/pyspark/jars/ivy-2.5.3.jar!/org/apache/ivy/core/settings/ivysettings.xml
[2025-07-06T12:08:22.739+0000] {spark_submit.py:634} INFO - Ivy Default Cache set to: /home/***/.ivy2.5.2/cache
[2025-07-06T12:08:22.740+0000] {spark_submit.py:634} INFO - The jars for the packages stored in: /home/***/.ivy2.5.2/jars
[2025-07-06T12:08:22.742+0000] {spark_submit.py:634} INFO - com.clickhouse#clickhouse-jdbc added as a dependency
[2025-07-06T12:08:22.742+0000] {spark_submit.py:634} INFO - org.apache.httpcomponents.client5#httpclient5 added as a dependency
[2025-07-06T12:08:22.742+0000] {spark_submit.py:634} INFO - :: resolving dependencies :: org.apache.spark#spark-submit-parent-e22fe110-8a1c-4a90-9863-a624db6a508e;1.0
[2025-07-06T12:08:22.742+0000] {spark_submit.py:634} INFO - confs: [default]
[2025-07-06T12:08:22.871+0000] {spark_submit.py:634} INFO - found com.clickhouse#clickhouse-jdbc;0.6.4 in central
[2025-07-06T12:08:22.929+0000] {spark_submit.py:634} INFO - found org.apache.httpcomponents.client5#httpclient5;5.3.1 in central
[2025-07-06T12:08:22.946+0000] {spark_submit.py:634} INFO - found org.apache.httpcomponents.core5#httpcore5;5.2.4 in central
[2025-07-06T12:08:23.031+0000] {spark_submit.py:634} INFO - found org.apache.httpcomponents.core5#httpcore5-h2;5.2.4 in central
[2025-07-06T12:08:23.048+0000] {spark_submit.py:634} INFO - found org.slf4j#slf4j-api;1.7.36 in central
[2025-07-06T12:08:23.058+0000] {spark_submit.py:634} INFO - :: resolution report :: resolve 312ms :: artifacts dl 4ms
[2025-07-06T12:08:23.059+0000] {spark_submit.py:634} INFO - :: modules in use:
[2025-07-06T12:08:23.059+0000] {spark_submit.py:634} INFO - com.clickhouse#clickhouse-jdbc;0.6.4 from central in [default]
[2025-07-06T12:08:23.059+0000] {spark_submit.py:634} INFO - org.apache.httpcomponents.client5#httpclient5;5.3.1 from central in [default]
[2025-07-06T12:08:23.059+0000] {spark_submit.py:634} INFO - org.apache.httpcomponents.core5#httpcore5;5.2.4 from central in [default]
[2025-07-06T12:08:23.059+0000] {spark_submit.py:634} INFO - org.apache.httpcomponents.core5#httpcore5-h2;5.2.4 from central in [default]
[2025-07-06T12:08:23.059+0000] {spark_submit.py:634} INFO - org.slf4j#slf4j-api;1.7.36 from central in [default]
[2025-07-06T12:08:23.059+0000] {spark_submit.py:634} INFO - ---------------------------------------------------------------------
[2025-07-06T12:08:23.059+0000] {spark_submit.py:634} INFO - |                  |            modules            ||   artifacts   |
[2025-07-06T12:08:23.060+0000] {spark_submit.py:634} INFO - |       conf       | number| search|dwnlded|evicted|| number|dwnlded|
[2025-07-06T12:08:23.060+0000] {spark_submit.py:634} INFO - ---------------------------------------------------------------------
[2025-07-06T12:08:23.060+0000] {spark_submit.py:634} INFO - |      default     |   5   |   0   |   0   |   0   ||   5   |   0   |
[2025-07-06T12:08:23.060+0000] {spark_submit.py:634} INFO - ---------------------------------------------------------------------
[2025-07-06T12:08:23.127+0000] {spark_submit.py:634} INFO - :: retrieving :: org.apache.spark#spark-submit-parent-e22fe110-8a1c-4a90-9863-a624db6a508e
[2025-07-06T12:08:23.127+0000] {spark_submit.py:634} INFO - confs: [default]
[2025-07-06T12:08:23.131+0000] {spark_submit.py:634} INFO - 0 artifacts copied, 5 already retrieved (0kB/3ms)
[2025-07-06T12:08:23.359+0000] {spark_submit.py:634} INFO - 25/07/06 12:08:23 WARN NativeCodeLoader: Unable to load native-hadoop library for your platform... using builtin-java classes where applicable
[2025-07-06T12:08:24.725+0000] {spark_submit.py:634} INFO - Using Spark's default log4j profile: org/apache/spark/log4j2-defaults.properties
[2025-07-06T12:08:24.729+0000] {spark_submit.py:634} INFO - 25/07/06 12:08:24 INFO SparkContext: Running Spark version 4.0.0
[2025-07-06T12:08:24.735+0000] {spark_submit.py:634} INFO - 25/07/06 12:08:24 INFO SparkContext: OS info Linux, 6.8.0-60-generic, amd64
[2025-07-06T12:08:24.735+0000] {spark_submit.py:634} INFO - 25/07/06 12:08:24 INFO SparkContext: Java version 17.0.15
[2025-07-06T12:08:24.746+0000] {spark_submit.py:634} INFO - 25/07/06 12:08:24 INFO ResourceUtils: ==============================================================
[2025-07-06T12:08:24.746+0000] {spark_submit.py:634} INFO - 25/07/06 12:08:24 INFO ResourceUtils: No custom resources configured for spark.driver.
[2025-07-06T12:08:24.746+0000] {spark_submit.py:634} INFO - 25/07/06 12:08:24 INFO ResourceUtils: ==============================================================
[2025-07-06T12:08:24.746+0000] {spark_submit.py:634} INFO - 25/07/06 12:08:24 INFO SparkContext: Submitted application: thanhdz
[2025-07-06T12:08:24.761+0000] {spark_submit.py:634} INFO - 25/07/06 12:08:24 INFO ResourceProfile: Default ResourceProfile created, executor resources: Map(cores -> name: cores, amount: 2, script: , vendor: , memory -> name: memory, amount: 4096, script: , vendor: , offHeap -> name: offHeap, amount: 0, script: , vendor: ), task resources: Map(cpus -> name: cpus, amount: 1.0)
[2025-07-06T12:08:24.825+0000] {spark_submit.py:634} INFO - 25/07/06 12:08:24 INFO ResourceProfile: Limiting resource is cpus at 2 tasks per executor
[2025-07-06T12:08:24.827+0000] {spark_submit.py:634} INFO - 25/07/06 12:08:24 INFO ResourceProfileManager: Added ResourceProfile id: 0
[2025-07-06T12:08:24.856+0000] {spark_submit.py:634} INFO - 25/07/06 12:08:24 INFO SecurityManager: Changing view acls to: ***
[2025-07-06T12:08:24.856+0000] {spark_submit.py:634} INFO - 25/07/06 12:08:24 INFO SecurityManager: Changing modify acls to: ***
[2025-07-06T12:08:24.857+0000] {spark_submit.py:634} INFO - 25/07/06 12:08:24 INFO SecurityManager: Changing view acls groups to: ***
[2025-07-06T12:08:24.857+0000] {spark_submit.py:634} INFO - 25/07/06 12:08:24 INFO SecurityManager: Changing modify acls groups to: ***
[2025-07-06T12:08:24.858+0000] {spark_submit.py:634} INFO - 25/07/06 12:08:24 INFO SecurityManager: SecurityManager: authentication disabled; ui acls disabled; users with view permissions: *** groups with view permissions: EMPTY; users with modify permissions: ***; groups with modify permissions: EMPTY; RPC SSL disabled
[2025-07-06T12:08:25.141+0000] {spark_submit.py:634} INFO - 25/07/06 12:08:25 INFO Utils: Successfully started service 'sparkDriver' on port 46529.
[2025-07-06T12:08:25.157+0000] {spark_submit.py:634} INFO - 25/07/06 12:08:25 INFO SparkEnv: Registering MapOutputTracker
[2025-07-06T12:08:25.163+0000] {spark_submit.py:634} INFO - 25/07/06 12:08:25 INFO SparkEnv: Registering BlockManagerMaster
[2025-07-06T12:08:25.170+0000] {spark_submit.py:634} INFO - 25/07/06 12:08:25 INFO BlockManagerMasterEndpoint: Using org.apache.spark.storage.DefaultTopologyMapper for getting topology information
[2025-07-06T12:08:25.224+0000] {spark_submit.py:634} INFO - 25/07/06 12:08:25 INFO BlockManagerMasterEndpoint: BlockManagerMasterEndpoint up
[2025-07-06T12:08:25.228+0000] {spark_submit.py:634} INFO - 25/07/06 12:08:25 INFO SparkEnv: Registering BlockManagerMasterHeartbeat
[2025-07-06T12:08:25.239+0000] {spark_submit.py:634} INFO - 25/07/06 12:08:25 INFO DiskBlockManager: Created local directory at /tmp/blockmgr-5afa81e8-160e-4f76-ac70-9d596810a18a
[2025-07-06T12:08:25.250+0000] {spark_submit.py:634} INFO - 25/07/06 12:08:25 INFO SparkEnv: Registering OutputCommitCoordinator
[2025-07-06T12:08:25.429+0000] {spark_submit.py:634} INFO - 25/07/06 12:08:25 INFO JettyUtils: Start Jetty 0.0.0.0:4040 for SparkUI
[2025-07-06T12:08:25.533+0000] {spark_submit.py:634} INFO - 25/07/06 12:08:25 INFO Utils: Successfully started service 'SparkUI' on port 4040.
[2025-07-06T12:08:25.556+0000] {spark_submit.py:634} INFO - 25/07/06 12:08:25 INFO SparkContext: Added JAR file:///home/***/.ivy2.5.2/jars/com.clickhouse_clickhouse-jdbc-0.6.4.jar at spark://320a39989f12:46529/jars/com.clickhouse_clickhouse-jdbc-0.6.4.jar with timestamp 1751803704681
[2025-07-06T12:08:25.556+0000] {spark_submit.py:634} INFO - 25/07/06 12:08:25 INFO SparkContext: Added JAR file:///home/***/.ivy2.5.2/jars/org.apache.httpcomponents.client5_httpclient5-5.3.1.jar at spark://320a39989f12:46529/jars/org.apache.httpcomponents.client5_httpclient5-5.3.1.jar with timestamp 1751803704681
[2025-07-06T12:08:25.556+0000] {spark_submit.py:634} INFO - 25/07/06 12:08:25 INFO SparkContext: Added JAR file:///home/***/.ivy2.5.2/jars/org.apache.httpcomponents.core5_httpcore5-5.2.4.jar at spark://320a39989f12:46529/jars/org.apache.httpcomponents.core5_httpcore5-5.2.4.jar with timestamp 1751803704681
[2025-07-06T12:08:25.557+0000] {spark_submit.py:634} INFO - 25/07/06 12:08:25 INFO SparkContext: Added JAR file:///home/***/.ivy2.5.2/jars/org.apache.httpcomponents.core5_httpcore5-h2-5.2.4.jar at spark://320a39989f12:46529/jars/org.apache.httpcomponents.core5_httpcore5-h2-5.2.4.jar with timestamp 1751803704681
[2025-07-06T12:08:25.557+0000] {spark_submit.py:634} INFO - 25/07/06 12:08:25 INFO SparkContext: Added JAR file:///home/***/.ivy2.5.2/jars/org.slf4j_slf4j-api-1.7.36.jar at spark://320a39989f12:46529/jars/org.slf4j_slf4j-api-1.7.36.jar with timestamp 1751803704681
[2025-07-06T12:08:25.558+0000] {spark_submit.py:634} INFO - 25/07/06 12:08:25 INFO SparkContext: Added file file:///home/***/.ivy2.5.2/jars/com.clickhouse_clickhouse-jdbc-0.6.4.jar at file:///home/***/.ivy2.5.2/jars/com.clickhouse_clickhouse-jdbc-0.6.4.jar with timestamp 1751803704681
[2025-07-06T12:08:25.559+0000] {spark_submit.py:634} INFO - 25/07/06 12:08:25 INFO Utils: Copying /home/***/.ivy2.5.2/jars/com.clickhouse_clickhouse-jdbc-0.6.4.jar to /tmp/spark-b016bae5-e5a7-42be-8df4-f590edfe9ee8/userFiles-36f628b3-e4d7-41e9-b620-d25acea3f735/com.clickhouse_clickhouse-jdbc-0.6.4.jar
[2025-07-06T12:08:25.567+0000] {spark_submit.py:634} INFO - 25/07/06 12:08:25 INFO SparkContext: Added file file:///home/***/.ivy2.5.2/jars/org.apache.httpcomponents.client5_httpclient5-5.3.1.jar at file:///home/***/.ivy2.5.2/jars/org.apache.httpcomponents.client5_httpclient5-5.3.1.jar with timestamp 1751803704681
[2025-07-06T12:08:25.567+0000] {spark_submit.py:634} INFO - 25/07/06 12:08:25 INFO Utils: Copying /home/***/.ivy2.5.2/jars/org.apache.httpcomponents.client5_httpclient5-5.3.1.jar to /tmp/spark-b016bae5-e5a7-42be-8df4-f590edfe9ee8/userFiles-36f628b3-e4d7-41e9-b620-d25acea3f735/org.apache.httpcomponents.client5_httpclient5-5.3.1.jar
[2025-07-06T12:08:25.630+0000] {spark_submit.py:634} INFO - 25/07/06 12:08:25 INFO SparkContext: Added file file:///home/***/.ivy2.5.2/jars/org.apache.httpcomponents.core5_httpcore5-5.2.4.jar at file:///home/***/.ivy2.5.2/jars/org.apache.httpcomponents.core5_httpcore5-5.2.4.jar with timestamp 1751803704681
[2025-07-06T12:08:25.630+0000] {spark_submit.py:634} INFO - 25/07/06 12:08:25 INFO Utils: Copying /home/***/.ivy2.5.2/jars/org.apache.httpcomponents.core5_httpcore5-5.2.4.jar to /tmp/spark-b016bae5-e5a7-42be-8df4-f590edfe9ee8/userFiles-36f628b3-e4d7-41e9-b620-d25acea3f735/org.apache.httpcomponents.core5_httpcore5-5.2.4.jar
[2025-07-06T12:08:25.634+0000] {spark_submit.py:634} INFO - 25/07/06 12:08:25 INFO SparkContext: Added file file:///home/***/.ivy2.5.2/jars/org.apache.httpcomponents.core5_httpcore5-h2-5.2.4.jar at file:///home/***/.ivy2.5.2/jars/org.apache.httpcomponents.core5_httpcore5-h2-5.2.4.jar with timestamp 1751803704681
[2025-07-06T12:08:25.634+0000] {spark_submit.py:634} INFO - 25/07/06 12:08:25 INFO Utils: Copying /home/***/.ivy2.5.2/jars/org.apache.httpcomponents.core5_httpcore5-h2-5.2.4.jar to /tmp/spark-b016bae5-e5a7-42be-8df4-f590edfe9ee8/userFiles-36f628b3-e4d7-41e9-b620-d25acea3f735/org.apache.httpcomponents.core5_httpcore5-h2-5.2.4.jar
[2025-07-06T12:08:25.639+0000] {spark_submit.py:634} INFO - 25/07/06 12:08:25 INFO SparkContext: Added file file:///home/***/.ivy2.5.2/jars/org.slf4j_slf4j-api-1.7.36.jar at file:///home/***/.ivy2.5.2/jars/org.slf4j_slf4j-api-1.7.36.jar with timestamp 1751803704681
[2025-07-06T12:08:25.640+0000] {spark_submit.py:634} INFO - 25/07/06 12:08:25 INFO Utils: Copying /home/***/.ivy2.5.2/jars/org.slf4j_slf4j-api-1.7.36.jar to /tmp/spark-b016bae5-e5a7-42be-8df4-f590edfe9ee8/userFiles-36f628b3-e4d7-41e9-b620-d25acea3f735/org.slf4j_slf4j-api-1.7.36.jar
[2025-07-06T12:08:25.657+0000] {spark_submit.py:634} INFO - 25/07/06 12:08:25 INFO SecurityManager: Changing view acls to: ***
[2025-07-06T12:08:25.657+0000] {spark_submit.py:634} INFO - 25/07/06 12:08:25 INFO SecurityManager: Changing modify acls to: ***
[2025-07-06T12:08:25.658+0000] {spark_submit.py:634} INFO - 25/07/06 12:08:25 INFO SecurityManager: Changing view acls groups to: ***
[2025-07-06T12:08:25.658+0000] {spark_submit.py:634} INFO - 25/07/06 12:08:25 INFO SecurityManager: Changing modify acls groups to: ***
[2025-07-06T12:08:25.658+0000] {spark_submit.py:634} INFO - 25/07/06 12:08:25 INFO SecurityManager: SecurityManager: authentication disabled; ui acls disabled; users with view permissions: *** groups with view permissions: EMPTY; users with modify permissions: ***; groups with modify permissions: EMPTY; RPC SSL disabled
[2025-07-06T12:08:25.774+0000] {spark_submit.py:634} INFO - 25/07/06 12:08:25 INFO Executor: Starting executor ID driver on host 320a39989f12
[2025-07-06T12:08:25.775+0000] {spark_submit.py:634} INFO - 25/07/06 12:08:25 INFO Executor: OS info Linux, 6.8.0-60-generic, amd64
[2025-07-06T12:08:25.775+0000] {spark_submit.py:634} INFO - 25/07/06 12:08:25 INFO Executor: Java version 17.0.15
[2025-07-06T12:08:25.830+0000] {spark_submit.py:634} INFO - 25/07/06 12:08:25 INFO Executor: Starting executor with user classpath (userClassPathFirst = false): ''
[2025-07-06T12:08:25.831+0000] {spark_submit.py:634} INFO - 25/07/06 12:08:25 INFO Executor: Created or updated repl class loader org.apache.spark.util.MutableURLClassLoader@2ed2b23d for default.
[2025-07-06T12:08:25.838+0000] {spark_submit.py:634} INFO - 25/07/06 12:08:25 INFO Executor: Fetching file:///home/***/.ivy2.5.2/jars/com.clickhouse_clickhouse-jdbc-0.6.4.jar with timestamp 1751803704681
[2025-07-06T12:08:25.857+0000] {spark_submit.py:634} INFO - 25/07/06 12:08:25 INFO Utils: /home/***/.ivy2.5.2/jars/com.clickhouse_clickhouse-jdbc-0.6.4.jar has been previously copied to /tmp/spark-b016bae5-e5a7-42be-8df4-f590edfe9ee8/userFiles-36f628b3-e4d7-41e9-b620-d25acea3f735/com.clickhouse_clickhouse-jdbc-0.6.4.jar
[2025-07-06T12:08:25.863+0000] {spark_submit.py:634} INFO - 25/07/06 12:08:25 INFO Executor: Fetching file:///home/***/.ivy2.5.2/jars/org.apache.httpcomponents.client5_httpclient5-5.3.1.jar with timestamp 1751803704681
[2025-07-06T12:08:25.864+0000] {spark_submit.py:634} INFO - 25/07/06 12:08:25 INFO Utils: /home/***/.ivy2.5.2/jars/org.apache.httpcomponents.client5_httpclient5-5.3.1.jar has been previously copied to /tmp/spark-b016bae5-e5a7-42be-8df4-f590edfe9ee8/userFiles-36f628b3-e4d7-41e9-b620-d25acea3f735/org.apache.httpcomponents.client5_httpclient5-5.3.1.jar
[2025-07-06T12:08:25.868+0000] {spark_submit.py:634} INFO - 25/07/06 12:08:25 INFO Executor: Fetching file:///home/***/.ivy2.5.2/jars/org.apache.httpcomponents.core5_httpcore5-5.2.4.jar with timestamp 1751803704681
[2025-07-06T12:08:25.868+0000] {spark_submit.py:634} INFO - 25/07/06 12:08:25 INFO Utils: /home/***/.ivy2.5.2/jars/org.apache.httpcomponents.core5_httpcore5-5.2.4.jar has been previously copied to /tmp/spark-b016bae5-e5a7-42be-8df4-f590edfe9ee8/userFiles-36f628b3-e4d7-41e9-b620-d25acea3f735/org.apache.httpcomponents.core5_httpcore5-5.2.4.jar
[2025-07-06T12:08:25.929+0000] {spark_submit.py:634} INFO - 25/07/06 12:08:25 INFO Executor: Fetching file:///home/***/.ivy2.5.2/jars/org.apache.httpcomponents.core5_httpcore5-h2-5.2.4.jar with timestamp 1751803704681
[2025-07-06T12:08:25.930+0000] {spark_submit.py:634} INFO - 25/07/06 12:08:25 INFO Utils: /home/***/.ivy2.5.2/jars/org.apache.httpcomponents.core5_httpcore5-h2-5.2.4.jar has been previously copied to /tmp/spark-b016bae5-e5a7-42be-8df4-f590edfe9ee8/userFiles-36f628b3-e4d7-41e9-b620-d25acea3f735/org.apache.httpcomponents.core5_httpcore5-h2-5.2.4.jar
[2025-07-06T12:08:25.935+0000] {spark_submit.py:634} INFO - 25/07/06 12:08:25 INFO Executor: Fetching file:///home/***/.ivy2.5.2/jars/org.slf4j_slf4j-api-1.7.36.jar with timestamp 1751803704681
[2025-07-06T12:08:25.935+0000] {spark_submit.py:634} INFO - 25/07/06 12:08:25 INFO Utils: /home/***/.ivy2.5.2/jars/org.slf4j_slf4j-api-1.7.36.jar has been previously copied to /tmp/spark-b016bae5-e5a7-42be-8df4-f590edfe9ee8/userFiles-36f628b3-e4d7-41e9-b620-d25acea3f735/org.slf4j_slf4j-api-1.7.36.jar
[2025-07-06T12:08:25.942+0000] {spark_submit.py:634} INFO - 25/07/06 12:08:25 INFO Executor: Fetching spark://320a39989f12:46529/jars/org.apache.httpcomponents.core5_httpcore5-h2-5.2.4.jar with timestamp 1751803704681
[2025-07-06T12:08:25.963+0000] {spark_submit.py:634} INFO - 25/07/06 12:08:25 INFO TransportClientFactory: Successfully created connection to 320a39989f12/172.21.0.10:46529 after 12 ms (0 ms spent in bootstraps)
[2025-07-06T12:08:25.966+0000] {spark_submit.py:634} INFO - 25/07/06 12:08:25 INFO Utils: Fetching spark://320a39989f12:46529/jars/org.apache.httpcomponents.core5_httpcore5-h2-5.2.4.jar to /tmp/spark-b016bae5-e5a7-42be-8df4-f590edfe9ee8/userFiles-36f628b3-e4d7-41e9-b620-d25acea3f735/fetchFileTemp4081900444606566940.tmp
[2025-07-06T12:08:25.974+0000] {spark_submit.py:634} INFO - 25/07/06 12:08:25 INFO Utils: /tmp/spark-b016bae5-e5a7-42be-8df4-f590edfe9ee8/userFiles-36f628b3-e4d7-41e9-b620-d25acea3f735/fetchFileTemp4081900444606566940.tmp has been previously copied to /tmp/spark-b016bae5-e5a7-42be-8df4-f590edfe9ee8/userFiles-36f628b3-e4d7-41e9-b620-d25acea3f735/org.apache.httpcomponents.core5_httpcore5-h2-5.2.4.jar
[2025-07-06T12:08:25.977+0000] {spark_submit.py:634} INFO - 25/07/06 12:08:25 INFO Executor: Adding file:/tmp/spark-b016bae5-e5a7-42be-8df4-f590edfe9ee8/userFiles-36f628b3-e4d7-41e9-b620-d25acea3f735/org.apache.httpcomponents.core5_httpcore5-h2-5.2.4.jar to class loader default
[2025-07-06T12:08:25.977+0000] {spark_submit.py:634} INFO - 25/07/06 12:08:25 INFO Executor: Fetching spark://320a39989f12:46529/jars/org.apache.httpcomponents.core5_httpcore5-5.2.4.jar with timestamp 1751803704681
[2025-07-06T12:08:26.025+0000] {spark_submit.py:634} INFO - 25/07/06 12:08:26 INFO Utils: Fetching spark://320a39989f12:46529/jars/org.apache.httpcomponents.core5_httpcore5-5.2.4.jar to /tmp/spark-b016bae5-e5a7-42be-8df4-f590edfe9ee8/userFiles-36f628b3-e4d7-41e9-b620-d25acea3f735/fetchFileTemp8576912528402347699.tmp
[2025-07-06T12:08:26.033+0000] {spark_submit.py:634} INFO - 25/07/06 12:08:26 INFO Utils: /tmp/spark-b016bae5-e5a7-42be-8df4-f590edfe9ee8/userFiles-36f628b3-e4d7-41e9-b620-d25acea3f735/fetchFileTemp8576912528402347699.tmp has been previously copied to /tmp/spark-b016bae5-e5a7-42be-8df4-f590edfe9ee8/userFiles-36f628b3-e4d7-41e9-b620-d25acea3f735/org.apache.httpcomponents.core5_httpcore5-5.2.4.jar
[2025-07-06T12:08:26.039+0000] {spark_submit.py:634} INFO - 25/07/06 12:08:26 INFO Executor: Adding file:/tmp/spark-b016bae5-e5a7-42be-8df4-f590edfe9ee8/userFiles-36f628b3-e4d7-41e9-b620-d25acea3f735/org.apache.httpcomponents.core5_httpcore5-5.2.4.jar to class loader default
[2025-07-06T12:08:26.039+0000] {spark_submit.py:634} INFO - 25/07/06 12:08:26 INFO Executor: Fetching spark://320a39989f12:46529/jars/com.clickhouse_clickhouse-jdbc-0.6.4.jar with timestamp 1751803704681
[2025-07-06T12:08:26.040+0000] {spark_submit.py:634} INFO - 25/07/06 12:08:26 INFO Utils: Fetching spark://320a39989f12:46529/jars/com.clickhouse_clickhouse-jdbc-0.6.4.jar to /tmp/spark-b016bae5-e5a7-42be-8df4-f590edfe9ee8/userFiles-36f628b3-e4d7-41e9-b620-d25acea3f735/fetchFileTemp14290910488385243627.tmp
[2025-07-06T12:08:26.045+0000] {spark_submit.py:634} INFO - 25/07/06 12:08:26 INFO Utils: /tmp/spark-b016bae5-e5a7-42be-8df4-f590edfe9ee8/userFiles-36f628b3-e4d7-41e9-b620-d25acea3f735/fetchFileTemp14290910488385243627.tmp has been previously copied to /tmp/spark-b016bae5-e5a7-42be-8df4-f590edfe9ee8/userFiles-36f628b3-e4d7-41e9-b620-d25acea3f735/com.clickhouse_clickhouse-jdbc-0.6.4.jar
[2025-07-06T12:08:26.049+0000] {spark_submit.py:634} INFO - 25/07/06 12:08:26 INFO Executor: Adding file:/tmp/spark-b016bae5-e5a7-42be-8df4-f590edfe9ee8/userFiles-36f628b3-e4d7-41e9-b620-d25acea3f735/com.clickhouse_clickhouse-jdbc-0.6.4.jar to class loader default
[2025-07-06T12:08:26.049+0000] {spark_submit.py:634} INFO - 25/07/06 12:08:26 INFO Executor: Fetching spark://320a39989f12:46529/jars/org.apache.httpcomponents.client5_httpclient5-5.3.1.jar with timestamp 1751803704681
[2025-07-06T12:08:26.050+0000] {spark_submit.py:634} INFO - 25/07/06 12:08:26 INFO Utils: Fetching spark://320a39989f12:46529/jars/org.apache.httpcomponents.client5_httpclient5-5.3.1.jar to /tmp/spark-b016bae5-e5a7-42be-8df4-f590edfe9ee8/userFiles-36f628b3-e4d7-41e9-b620-d25acea3f735/fetchFileTemp8726867397156954353.tmp
[2025-07-06T12:08:26.052+0000] {spark_submit.py:634} INFO - 25/07/06 12:08:26 INFO Utils: /tmp/spark-b016bae5-e5a7-42be-8df4-f590edfe9ee8/userFiles-36f628b3-e4d7-41e9-b620-d25acea3f735/fetchFileTemp8726867397156954353.tmp has been previously copied to /tmp/spark-b016bae5-e5a7-42be-8df4-f590edfe9ee8/userFiles-36f628b3-e4d7-41e9-b620-d25acea3f735/org.apache.httpcomponents.client5_httpclient5-5.3.1.jar
[2025-07-06T12:08:26.054+0000] {spark_submit.py:634} INFO - 25/07/06 12:08:26 INFO Executor: Adding file:/tmp/spark-b016bae5-e5a7-42be-8df4-f590edfe9ee8/userFiles-36f628b3-e4d7-41e9-b620-d25acea3f735/org.apache.httpcomponents.client5_httpclient5-5.3.1.jar to class loader default
[2025-07-06T12:08:26.055+0000] {spark_submit.py:634} INFO - 25/07/06 12:08:26 INFO Executor: Fetching spark://320a39989f12:46529/jars/org.slf4j_slf4j-api-1.7.36.jar with timestamp 1751803704681
[2025-07-06T12:08:26.055+0000] {spark_submit.py:634} INFO - 25/07/06 12:08:26 INFO Utils: Fetching spark://320a39989f12:46529/jars/org.slf4j_slf4j-api-1.7.36.jar to /tmp/spark-b016bae5-e5a7-42be-8df4-f590edfe9ee8/userFiles-36f628b3-e4d7-41e9-b620-d25acea3f735/fetchFileTemp4195828306491004718.tmp
[2025-07-06T12:08:26.056+0000] {spark_submit.py:634} INFO - 25/07/06 12:08:26 INFO Utils: /tmp/spark-b016bae5-e5a7-42be-8df4-f590edfe9ee8/userFiles-36f628b3-e4d7-41e9-b620-d25acea3f735/fetchFileTemp4195828306491004718.tmp has been previously copied to /tmp/spark-b016bae5-e5a7-42be-8df4-f590edfe9ee8/userFiles-36f628b3-e4d7-41e9-b620-d25acea3f735/org.slf4j_slf4j-api-1.7.36.jar
[2025-07-06T12:08:26.058+0000] {spark_submit.py:634} INFO - 25/07/06 12:08:26 INFO Executor: Adding file:/tmp/spark-b016bae5-e5a7-42be-8df4-f590edfe9ee8/userFiles-36f628b3-e4d7-41e9-b620-d25acea3f735/org.slf4j_slf4j-api-1.7.36.jar to class loader default
[2025-07-06T12:08:26.064+0000] {spark_submit.py:634} INFO - 25/07/06 12:08:26 INFO Utils: Successfully started service 'org.apache.spark.network.netty.NettyBlockTransferService' on port 42471.
[2025-07-06T12:08:26.064+0000] {spark_submit.py:634} INFO - 25/07/06 12:08:26 INFO NettyBlockTransferService: Server created on 320a39989f12:42471
[2025-07-06T12:08:26.066+0000] {spark_submit.py:634} INFO - 25/07/06 12:08:26 INFO BlockManager: Using org.apache.spark.storage.RandomBlockReplicationPolicy for block replication policy
[2025-07-06T12:08:26.129+0000] {spark_submit.py:634} INFO - 25/07/06 12:08:26 INFO BlockManagerMaster: Registering BlockManager BlockManagerId(driver, 320a39989f12, 42471, None)
[2025-07-06T12:08:26.135+0000] {spark_submit.py:634} INFO - 25/07/06 12:08:26 INFO BlockManagerMasterEndpoint: Registering block manager 320a39989f12:42471 with 413.9 MiB RAM, BlockManagerId(driver, 320a39989f12, 42471, None)
[2025-07-06T12:08:26.137+0000] {spark_submit.py:634} INFO - 25/07/06 12:08:26 INFO BlockManagerMaster: Registered BlockManager BlockManagerId(driver, 320a39989f12, 42471, None)
[2025-07-06T12:08:26.138+0000] {spark_submit.py:634} INFO - 25/07/06 12:08:26 INFO BlockManager: Initialized BlockManager: BlockManagerId(driver, 320a39989f12, 42471, None)
[2025-07-06T12:08:30.948+0000] {spark_submit.py:634} INFO - Python-dotenv could not parse statement starting at line 1
[2025-07-06T12:08:30.949+0000] {spark_submit.py:634} INFO - Python-dotenv could not parse statement starting at line 3
[2025-07-06T12:08:31.227+0000] {spark_submit.py:634} INFO - 25/07/06 12:08:31 WARN SparkStringUtils: Truncated the string representation of a plan since it was too large. This behavior can be adjusted by setting 'spark.sql.debug.maxToStringFields'.
[2025-07-06T12:08:33.446+0000] {spark_submit.py:634} INFO - 25/07/06 12:08:33 WARN JdbcUtils: Requested isolation level 1, but transactions are unsupported
[2025-07-06T12:08:35.861+0000] {spark_submit.py:634} INFO - ------------------------Dữ liệu đã được ghi thành công vào ClickHouse------------------------
[2025-07-06T12:08:36.345+0000] {spark_submit.py:634} INFO - -------------Stop SparkSession-------------
[2025-07-06T12:08:36.487+0000] {taskinstance.py:441} INFO - ::group::Post task execution logs
[2025-07-06T12:08:36.495+0000] {taskinstance.py:1205} INFO - Marking task as SUCCESS. dag_id=my_spark_inline, task_id=spark_write_data, execution_date=20250706T051258, start_date=20250706T120820, end_date=20250706T120836
[2025-07-06T12:08:36.524+0000] {local_task_job_runner.py:240} INFO - Task exited with return code 0
[2025-07-06T12:08:36.538+0000] {taskinstance.py:3482} INFO - 0 downstream tasks scheduled from follow-on schedule check
[2025-07-06T12:08:36.539+0000] {local_task_job_runner.py:222} INFO - ::endgroup::
