[2025-07-06T05:37:55.402+0000] {local_task_job_runner.py:120} INFO - ::group::Pre task execution logs
[2025-07-06T05:37:55.423+0000] {taskinstance.py:2073} INFO - Dependencies all met for dep_context=non-requeueable deps ti=<TaskInstance: my_spark_inline.spark_write_data manual__2025-07-06T05:12:58.943989+00:00 [queued]>
[2025-07-06T05:37:55.516+0000] {taskinstance.py:2073} INFO - Dependencies all met for dep_context=requeueable deps ti=<TaskInstance: my_spark_inline.spark_write_data manual__2025-07-06T05:12:58.943989+00:00 [queued]>
[2025-07-06T05:37:55.517+0000] {taskinstance.py:2303} INFO - Starting attempt 10 of 10
[2025-07-06T05:37:55.532+0000] {taskinstance.py:2327} INFO - Executing <Task(SparkSubmitOperator): spark_write_data> on 2025-07-06 05:12:58.943989+00:00
[2025-07-06T05:37:55.536+0000] {standard_task_runner.py:63} INFO - Started process 2069 to run task
[2025-07-06T05:37:55.540+0000] {standard_task_runner.py:90} INFO - Running: ['***', 'tasks', 'run', 'my_spark_inline', 'spark_write_data', 'manual__2025-07-06T05:12:58.943989+00:00', '--job-id', '39', '--raw', '--subdir', 'DAGS_FOLDER/test_spark.py', '--cfg-path', '/tmp/tmpda96zskg']
[2025-07-06T05:37:55.541+0000] {standard_task_runner.py:91} INFO - Job 39: Subtask spark_write_data
[2025-07-06T05:37:55.552+0000] {logging_mixin.py:188} WARNING - /home/***/.local/lib/python3.11/site-packages/***/settings.py:195 DeprecationWarning: The sql_alchemy_conn option in [core] has been moved to the sql_alchemy_conn option in [database] - the old setting has been used, but please update your config.
[2025-07-06T05:37:55.572+0000] {task_command.py:426} INFO - Running <TaskInstance: my_spark_inline.spark_write_data manual__2025-07-06T05:12:58.943989+00:00 [running]> on host 1d0c55f2b911
[2025-07-06T05:37:55.630+0000] {taskinstance.py:2644} INFO - Exporting env vars: AIRFLOW_CTX_DAG_OWNER='***' AIRFLOW_CTX_DAG_ID='my_spark_inline' AIRFLOW_CTX_TASK_ID='spark_write_data' AIRFLOW_CTX_EXECUTION_DATE='2025-07-06T05:12:58.943989+00:00' AIRFLOW_CTX_TRY_NUMBER='10' AIRFLOW_CTX_DAG_RUN_ID='manual__2025-07-06T05:12:58.943989+00:00'
[2025-07-06T05:37:55.631+0000] {taskinstance.py:430} INFO - ::endgroup::
[2025-07-06T05:37:55.644+0000] {base.py:84} INFO - Using connection ID 'spark_default' for task execution.
[2025-07-06T05:37:55.645+0000] {spark_submit.py:473} INFO - Spark-Submit cmd: spark-submit --master local[*] --conf spark.master=local[*] --name arrow-spark --queue root.default --deploy-mode client /opt/***/spark_project/src/spark/spark_main.py
[2025-07-06T05:37:55.854+0000] {spark_submit.py:634} INFO - WARNING: Using incubator modules: jdk.incubator.vector
[2025-07-06T05:37:58.558+0000] {spark_submit.py:634} INFO - Using Spark's default log4j profile: org/apache/spark/log4j2-defaults.properties
[2025-07-06T05:37:58.565+0000] {spark_submit.py:634} INFO - 25/07/06 05:37:58 INFO SparkContext: Running Spark version 4.0.0
[2025-07-06T05:37:58.567+0000] {spark_submit.py:634} INFO - 25/07/06 05:37:58 INFO SparkContext: OS info Linux, 6.8.0-60-generic, amd64
[2025-07-06T05:37:58.567+0000] {spark_submit.py:634} INFO - 25/07/06 05:37:58 INFO SparkContext: Java version 17.0.15
[2025-07-06T05:37:58.667+0000] {spark_submit.py:634} INFO - 25/07/06 05:37:58 WARN NativeCodeLoader: Unable to load native-hadoop library for your platform... using builtin-java classes where applicable
[2025-07-06T05:37:58.755+0000] {spark_submit.py:634} INFO - 25/07/06 05:37:58 INFO ResourceUtils: ==============================================================
[2025-07-06T05:37:58.755+0000] {spark_submit.py:634} INFO - 25/07/06 05:37:58 INFO ResourceUtils: No custom resources configured for spark.driver.
[2025-07-06T05:37:58.755+0000] {spark_submit.py:634} INFO - 25/07/06 05:37:58 INFO ResourceUtils: ==============================================================
[2025-07-06T05:37:58.755+0000] {spark_submit.py:634} INFO - 25/07/06 05:37:58 INFO SparkContext: Submitted application: thanhdz
[2025-07-06T05:37:58.771+0000] {spark_submit.py:634} INFO - 25/07/06 05:37:58 INFO ResourceProfile: Default ResourceProfile created, executor resources: Map(cores -> name: cores, amount: 2, script: , vendor: , memory -> name: memory, amount: 4096, script: , vendor: , offHeap -> name: offHeap, amount: 0, script: , vendor: ), task resources: Map(cpus -> name: cpus, amount: 1.0)
[2025-07-06T05:37:58.774+0000] {spark_submit.py:634} INFO - 25/07/06 05:37:58 INFO ResourceProfile: Limiting resource is cpus at 2 tasks per executor
[2025-07-06T05:37:58.775+0000] {spark_submit.py:634} INFO - 25/07/06 05:37:58 INFO ResourceProfileManager: Added ResourceProfile id: 0
[2025-07-06T05:37:58.857+0000] {spark_submit.py:634} INFO - 25/07/06 05:37:58 INFO SecurityManager: Changing view acls to: ***
[2025-07-06T05:37:58.857+0000] {spark_submit.py:634} INFO - 25/07/06 05:37:58 INFO SecurityManager: Changing modify acls to: ***
[2025-07-06T05:37:58.857+0000] {spark_submit.py:634} INFO - 25/07/06 05:37:58 INFO SecurityManager: Changing view acls groups to: ***
[2025-07-06T05:37:58.857+0000] {spark_submit.py:634} INFO - 25/07/06 05:37:58 INFO SecurityManager: Changing modify acls groups to: ***
[2025-07-06T05:37:58.858+0000] {spark_submit.py:634} INFO - 25/07/06 05:37:58 INFO SecurityManager: SecurityManager: authentication disabled; ui acls disabled; users with view permissions: *** groups with view permissions: EMPTY; users with modify permissions: ***; groups with modify permissions: EMPTY; RPC SSL disabled
[2025-07-06T05:37:59.070+0000] {spark_submit.py:634} INFO - 25/07/06 05:37:59 INFO Utils: Successfully started service 'sparkDriver' on port 34919.
[2025-07-06T05:37:59.085+0000] {spark_submit.py:634} INFO - 25/07/06 05:37:59 INFO SparkEnv: Registering MapOutputTracker
[2025-07-06T05:37:59.141+0000] {spark_submit.py:634} INFO - 25/07/06 05:37:59 INFO SparkEnv: Registering BlockManagerMaster
[2025-07-06T05:37:59.148+0000] {spark_submit.py:634} INFO - 25/07/06 05:37:59 INFO BlockManagerMasterEndpoint: Using org.apache.spark.storage.DefaultTopologyMapper for getting topology information
[2025-07-06T05:37:59.149+0000] {spark_submit.py:634} INFO - 25/07/06 05:37:59 INFO BlockManagerMasterEndpoint: BlockManagerMasterEndpoint up
[2025-07-06T05:37:59.150+0000] {spark_submit.py:634} INFO - 25/07/06 05:37:59 INFO SparkEnv: Registering BlockManagerMasterHeartbeat
[2025-07-06T05:37:59.161+0000] {spark_submit.py:634} INFO - 25/07/06 05:37:59 INFO DiskBlockManager: Created local directory at /tmp/blockmgr-6460ae75-1858-4db5-adfe-67064eeb2c00
[2025-07-06T05:37:59.171+0000] {spark_submit.py:634} INFO - 25/07/06 05:37:59 INFO SparkEnv: Registering OutputCommitCoordinator
[2025-07-06T05:37:59.255+0000] {spark_submit.py:634} INFO - 25/07/06 05:37:59 INFO JettyUtils: Start Jetty 0.0.0.0:4040 for SparkUI
[2025-07-06T05:37:59.360+0000] {spark_submit.py:634} INFO - 25/07/06 05:37:59 INFO Utils: Successfully started service 'SparkUI' on port 4040.
[2025-07-06T05:37:59.443+0000] {spark_submit.py:634} INFO - 25/07/06 05:37:59 INFO SecurityManager: Changing view acls to: ***
[2025-07-06T05:37:59.444+0000] {spark_submit.py:634} INFO - 25/07/06 05:37:59 INFO SecurityManager: Changing modify acls to: ***
[2025-07-06T05:37:59.444+0000] {spark_submit.py:634} INFO - 25/07/06 05:37:59 INFO SecurityManager: Changing view acls groups to: ***
[2025-07-06T05:37:59.444+0000] {spark_submit.py:634} INFO - 25/07/06 05:37:59 INFO SecurityManager: Changing modify acls groups to: ***
[2025-07-06T05:37:59.444+0000] {spark_submit.py:634} INFO - 25/07/06 05:37:59 INFO SecurityManager: SecurityManager: authentication disabled; ui acls disabled; users with view permissions: *** groups with view permissions: EMPTY; users with modify permissions: ***; groups with modify permissions: EMPTY; RPC SSL disabled
[2025-07-06T05:37:59.575+0000] {spark_submit.py:634} INFO - 25/07/06 05:37:59 INFO Executor: Starting executor ID driver on host 1d0c55f2b911
[2025-07-06T05:37:59.576+0000] {spark_submit.py:634} INFO - 25/07/06 05:37:59 INFO Executor: OS info Linux, 6.8.0-60-generic, amd64
[2025-07-06T05:37:59.638+0000] {spark_submit.py:634} INFO - 25/07/06 05:37:59 INFO Executor: Java version 17.0.15
[2025-07-06T05:37:59.648+0000] {spark_submit.py:634} INFO - 25/07/06 05:37:59 INFO Executor: Starting executor with user classpath (userClassPathFirst = false): ''
[2025-07-06T05:37:59.649+0000] {spark_submit.py:634} INFO - 25/07/06 05:37:59 INFO Executor: Created or updated repl class loader org.apache.spark.util.MutableURLClassLoader@6f50ac65 for default.
[2025-07-06T05:37:59.664+0000] {spark_submit.py:634} INFO - 25/07/06 05:37:59 INFO Utils: Successfully started service 'org.apache.spark.network.netty.NettyBlockTransferService' on port 37159.
[2025-07-06T05:37:59.667+0000] {spark_submit.py:634} INFO - 25/07/06 05:37:59 INFO NettyBlockTransferService: Server created on 1d0c55f2b911:37159
[2025-07-06T05:37:59.668+0000] {spark_submit.py:634} INFO - 25/07/06 05:37:59 INFO BlockManager: Using org.apache.spark.storage.RandomBlockReplicationPolicy for block replication policy
[2025-07-06T05:37:59.737+0000] {spark_submit.py:634} INFO - 25/07/06 05:37:59 INFO BlockManagerMaster: Registering BlockManager BlockManagerId(driver, 1d0c55f2b911, 37159, None)
[2025-07-06T05:37:59.747+0000] {spark_submit.py:634} INFO - 25/07/06 05:37:59 INFO BlockManagerMasterEndpoint: Registering block manager 1d0c55f2b911:37159 with 413.9 MiB RAM, BlockManagerId(driver, 1d0c55f2b911, 37159, None)
[2025-07-06T05:37:59.749+0000] {spark_submit.py:634} INFO - 25/07/06 05:37:59 INFO BlockManagerMaster: Registered BlockManager BlockManagerId(driver, 1d0c55f2b911, 37159, None)
[2025-07-06T05:37:59.750+0000] {spark_submit.py:634} INFO - 25/07/06 05:37:59 INFO BlockManager: Initialized BlockManager: BlockManagerId(driver, 1d0c55f2b911, 37159, None)
[2025-07-06T05:38:06.658+0000] {spark_submit.py:634} INFO - 25/07/06 05:38:06 WARN SparkStringUtils: Truncated the string representation of a plan since it was too large. This behavior can be adjusted by setting 'spark.sql.debug.maxToStringFields'.
[2025-07-06T05:38:06.778+0000] {spark_submit.py:634} INFO - Lỗi khi ghi vào ClickHouse: An error occurred while calling o177.save.
[2025-07-06T05:38:06.779+0000] {spark_submit.py:634} INFO - : java.lang.ClassNotFoundException: com.clickhouse.jdbc.ClickHouseDriver
[2025-07-06T05:38:06.779+0000] {spark_submit.py:634} INFO - at java.base/java.net.URLClassLoader.findClass(URLClassLoader.java:445)
[2025-07-06T05:38:06.779+0000] {spark_submit.py:634} INFO - at java.base/java.lang.ClassLoader.loadClass(ClassLoader.java:592)
[2025-07-06T05:38:06.779+0000] {spark_submit.py:634} INFO - at java.base/java.lang.ClassLoader.loadClass(ClassLoader.java:525)
[2025-07-06T05:38:06.779+0000] {spark_submit.py:634} INFO - at org.apache.spark.sql.execution.datasources.jdbc.DriverRegistry$.register(DriverRegistry.scala:47)
[2025-07-06T05:38:06.779+0000] {spark_submit.py:634} INFO - at org.apache.spark.sql.execution.datasources.jdbc.JDBCOptions.$anonfun$driverClass$1(JDBCOptions.scala:112)
[2025-07-06T05:38:06.779+0000] {spark_submit.py:634} INFO - at org.apache.spark.sql.execution.datasources.jdbc.JDBCOptions.$anonfun$driverClass$1$adapted(JDBCOptions.scala:112)
[2025-07-06T05:38:06.779+0000] {spark_submit.py:634} INFO - at scala.Option.foreach(Option.scala:437)
[2025-07-06T05:38:06.779+0000] {spark_submit.py:634} INFO - at org.apache.spark.sql.execution.datasources.jdbc.JDBCOptions.<init>(JDBCOptions.scala:112)
[2025-07-06T05:38:06.779+0000] {spark_submit.py:634} INFO - at org.apache.spark.sql.execution.datasources.jdbc.JdbcOptionsInWrite.<init>(JDBCOptions.scala:272)
[2025-07-06T05:38:06.780+0000] {spark_submit.py:634} INFO - at org.apache.spark.sql.execution.datasources.jdbc.JdbcOptionsInWrite.<init>(JDBCOptions.scala:276)
[2025-07-06T05:38:06.780+0000] {spark_submit.py:634} INFO - at org.apache.spark.sql.execution.datasources.jdbc.JdbcRelationProvider.createRelation(JdbcRelationProvider.scala:48)
[2025-07-06T05:38:06.780+0000] {spark_submit.py:634} INFO - at org.apache.spark.sql.execution.datasources.SaveIntoDataSourceCommand.run(SaveIntoDataSourceCommand.scala:55)
[2025-07-06T05:38:06.780+0000] {spark_submit.py:634} INFO - at org.apache.spark.sql.execution.command.ExecutedCommandExec.sideEffectResult$lzycompute(commands.scala:79)
[2025-07-06T05:38:06.780+0000] {spark_submit.py:634} INFO - at org.apache.spark.sql.execution.command.ExecutedCommandExec.sideEffectResult(commands.scala:77)
[2025-07-06T05:38:06.780+0000] {spark_submit.py:634} INFO - at org.apache.spark.sql.execution.command.ExecutedCommandExec.executeCollect(commands.scala:88)
[2025-07-06T05:38:06.780+0000] {spark_submit.py:634} INFO - at org.apache.spark.sql.execution.QueryExecution.$anonfun$eagerlyExecuteCommands$2(QueryExecution.scala:155)
[2025-07-06T05:38:06.780+0000] {spark_submit.py:634} INFO - at org.apache.spark.sql.execution.SQLExecution$.$anonfun$withNewExecutionId0$8(SQLExecution.scala:162)
[2025-07-06T05:38:06.780+0000] {spark_submit.py:634} INFO - at org.apache.spark.sql.execution.SQLExecution$.withSessionTagsApplied(SQLExecution.scala:268)
[2025-07-06T05:38:06.780+0000] {spark_submit.py:634} INFO - at org.apache.spark.sql.execution.SQLExecution$.$anonfun$withNewExecutionId0$7(SQLExecution.scala:124)
[2025-07-06T05:38:06.780+0000] {spark_submit.py:634} INFO - at org.apache.spark.JobArtifactSet$.withActiveJobArtifactState(JobArtifactSet.scala:94)
[2025-07-06T05:38:06.781+0000] {spark_submit.py:634} INFO - at org.apache.spark.sql.artifact.ArtifactManager.$anonfun$withResources$1(ArtifactManager.scala:112)
[2025-07-06T05:38:06.781+0000] {spark_submit.py:634} INFO - at org.apache.spark.sql.artifact.ArtifactManager.withClassLoaderIfNeeded(ArtifactManager.scala:106)
[2025-07-06T05:38:06.781+0000] {spark_submit.py:634} INFO - at org.apache.spark.sql.artifact.ArtifactManager.withResources(ArtifactManager.scala:111)
[2025-07-06T05:38:06.781+0000] {spark_submit.py:634} INFO - at org.apache.spark.sql.execution.SQLExecution$.$anonfun$withNewExecutionId0$6(SQLExecution.scala:124)
[2025-07-06T05:38:06.781+0000] {spark_submit.py:634} INFO - at org.apache.spark.sql.execution.SQLExecution$.withSQLConfPropagated(SQLExecution.scala:291)
[2025-07-06T05:38:06.781+0000] {spark_submit.py:634} INFO - at org.apache.spark.sql.execution.SQLExecution$.$anonfun$withNewExecutionId0$1(SQLExecution.scala:123)
[2025-07-06T05:38:06.781+0000] {spark_submit.py:634} INFO - at org.apache.spark.sql.SparkSession.withActive(SparkSession.scala:804)
[2025-07-06T05:38:06.781+0000] {spark_submit.py:634} INFO - at org.apache.spark.sql.execution.SQLExecution$.withNewExecutionId0(SQLExecution.scala:77)
[2025-07-06T05:38:06.781+0000] {spark_submit.py:634} INFO - at org.apache.spark.sql.execution.SQLExecution$.withNewExecutionId(SQLExecution.scala:233)
[2025-07-06T05:38:06.781+0000] {spark_submit.py:634} INFO - at org.apache.spark.sql.execution.QueryExecution.$anonfun$eagerlyExecuteCommands$1(QueryExecution.scala:155)
[2025-07-06T05:38:06.781+0000] {spark_submit.py:634} INFO - at org.apache.spark.sql.execution.QueryExecution$.withInternalError(QueryExecution.scala:654)
[2025-07-06T05:38:06.781+0000] {spark_submit.py:634} INFO - at org.apache.spark.sql.execution.QueryExecution.org$apache$spark$sql$execution$QueryExecution$$eagerlyExecute$1(QueryExecution.scala:154)
[2025-07-06T05:38:06.781+0000] {spark_submit.py:634} INFO - at org.apache.spark.sql.execution.QueryExecution$$anonfun$eagerlyExecuteCommands$3.applyOrElse(QueryExecution.scala:169)
[2025-07-06T05:38:06.782+0000] {spark_submit.py:634} INFO - at org.apache.spark.sql.execution.QueryExecution$$anonfun$eagerlyExecuteCommands$3.applyOrElse(QueryExecution.scala:164)
[2025-07-06T05:38:06.782+0000] {spark_submit.py:634} INFO - at org.apache.spark.sql.catalyst.trees.TreeNode.$anonfun$transformDownWithPruning$1(TreeNode.scala:470)
[2025-07-06T05:38:06.782+0000] {spark_submit.py:634} INFO - at org.apache.spark.sql.catalyst.trees.CurrentOrigin$.withOrigin(origin.scala:86)
[2025-07-06T05:38:06.782+0000] {spark_submit.py:634} INFO - at org.apache.spark.sql.catalyst.trees.TreeNode.transformDownWithPruning(TreeNode.scala:470)
[2025-07-06T05:38:06.782+0000] {spark_submit.py:634} INFO - at org.apache.spark.sql.catalyst.plans.logical.LogicalPlan.org$apache$spark$sql$catalyst$plans$logical$AnalysisHelper$$super$transformDownWithPruning(LogicalPlan.scala:37)
[2025-07-06T05:38:06.782+0000] {spark_submit.py:634} INFO - at org.apache.spark.sql.catalyst.plans.logical.AnalysisHelper.transformDownWithPruning(AnalysisHelper.scala:360)
[2025-07-06T05:38:06.782+0000] {spark_submit.py:634} INFO - at org.apache.spark.sql.catalyst.plans.logical.AnalysisHelper.transformDownWithPruning$(AnalysisHelper.scala:356)
[2025-07-06T05:38:06.782+0000] {spark_submit.py:634} INFO - at org.apache.spark.sql.catalyst.plans.logical.LogicalPlan.transformDownWithPruning(LogicalPlan.scala:37)
[2025-07-06T05:38:06.782+0000] {spark_submit.py:634} INFO - at org.apache.spark.sql.catalyst.plans.logical.LogicalPlan.transformDownWithPruning(LogicalPlan.scala:37)
[2025-07-06T05:38:06.782+0000] {spark_submit.py:634} INFO - at org.apache.spark.sql.catalyst.trees.TreeNode.transformDown(TreeNode.scala:446)
[2025-07-06T05:38:06.782+0000] {spark_submit.py:634} INFO - at org.apache.spark.sql.execution.QueryExecution.eagerlyExecuteCommands(QueryExecution.scala:164)
[2025-07-06T05:38:06.782+0000] {spark_submit.py:634} INFO - at org.apache.spark.sql.execution.QueryExecution.$anonfun$lazyCommandExecuted$1(QueryExecution.scala:126)
[2025-07-06T05:38:06.783+0000] {spark_submit.py:634} INFO - at scala.util.Try$.apply(Try.scala:217)
[2025-07-06T05:38:06.783+0000] {spark_submit.py:634} INFO - at org.apache.spark.util.Utils$.doTryWithCallerStacktrace(Utils.scala:1378)
[2025-07-06T05:38:06.783+0000] {spark_submit.py:634} INFO - at org.apache.spark.util.Utils$.getTryWithCallerStacktrace(Utils.scala:1439)
[2025-07-06T05:38:06.783+0000] {spark_submit.py:634} INFO - at org.apache.spark.util.LazyTry.get(LazyTry.scala:58)
[2025-07-06T05:38:06.783+0000] {spark_submit.py:634} INFO - at org.apache.spark.sql.execution.QueryExecution.commandExecuted(QueryExecution.scala:131)
[2025-07-06T05:38:06.783+0000] {spark_submit.py:634} INFO - at org.apache.spark.sql.execution.QueryExecution.assertCommandExecuted(QueryExecution.scala:192)
[2025-07-06T05:38:06.783+0000] {spark_submit.py:634} INFO - at org.apache.spark.sql.classic.DataFrameWriter.runCommand(DataFrameWriter.scala:622)
[2025-07-06T05:38:06.783+0000] {spark_submit.py:634} INFO - at org.apache.spark.sql.classic.DataFrameWriter.saveToV1Source(DataFrameWriter.scala:273)
[2025-07-06T05:38:06.783+0000] {spark_submit.py:634} INFO - at org.apache.spark.sql.classic.DataFrameWriter.saveInternal(DataFrameWriter.scala:241)
[2025-07-06T05:38:06.783+0000] {spark_submit.py:634} INFO - at org.apache.spark.sql.classic.DataFrameWriter.save(DataFrameWriter.scala:126)
[2025-07-06T05:38:06.783+0000] {spark_submit.py:634} INFO - at java.base/jdk.internal.reflect.NativeMethodAccessorImpl.invoke0(Native Method)
[2025-07-06T05:38:06.783+0000] {spark_submit.py:634} INFO - at java.base/jdk.internal.reflect.NativeMethodAccessorImpl.invoke(NativeMethodAccessorImpl.java:77)
[2025-07-06T05:38:06.783+0000] {spark_submit.py:634} INFO - at java.base/jdk.internal.reflect.DelegatingMethodAccessorImpl.invoke(DelegatingMethodAccessorImpl.java:43)
[2025-07-06T05:38:06.784+0000] {spark_submit.py:634} INFO - at java.base/java.lang.reflect.Method.invoke(Method.java:569)
[2025-07-06T05:38:06.784+0000] {spark_submit.py:634} INFO - at py4j.reflection.MethodInvoker.invoke(MethodInvoker.java:244)
[2025-07-06T05:38:06.784+0000] {spark_submit.py:634} INFO - at py4j.reflection.ReflectionEngine.invoke(ReflectionEngine.java:374)
[2025-07-06T05:38:06.784+0000] {spark_submit.py:634} INFO - at py4j.Gateway.invoke(Gateway.java:282)
[2025-07-06T05:38:06.784+0000] {spark_submit.py:634} INFO - at py4j.commands.AbstractCommand.invokeMethod(AbstractCommand.java:132)
[2025-07-06T05:38:06.784+0000] {spark_submit.py:634} INFO - at py4j.commands.CallCommand.execute(CallCommand.java:79)
[2025-07-06T05:38:06.784+0000] {spark_submit.py:634} INFO - at py4j.ClientServerConnection.waitForCommands(ClientServerConnection.java:184)
[2025-07-06T05:38:06.784+0000] {spark_submit.py:634} INFO - at py4j.ClientServerConnection.run(ClientServerConnection.java:108)
[2025-07-06T05:38:06.784+0000] {spark_submit.py:634} INFO - at java.base/java.lang.Thread.run(Thread.java:840)
[2025-07-06T05:38:06.784+0000] {spark_submit.py:634} INFO - Suppressed: org.apache.spark.util.Utils$OriginalTryStackTraceException: Full stacktrace of original doTryWithCallerStacktrace caller
[2025-07-06T05:38:06.784+0000] {spark_submit.py:634} INFO - at java.base/java.net.URLClassLoader.findClass(URLClassLoader.java:445)
[2025-07-06T05:38:06.784+0000] {spark_submit.py:634} INFO - at java.base/java.lang.ClassLoader.loadClass(ClassLoader.java:592)
[2025-07-06T05:38:06.784+0000] {spark_submit.py:634} INFO - at java.base/java.lang.ClassLoader.loadClass(ClassLoader.java:525)
[2025-07-06T05:38:06.785+0000] {spark_submit.py:634} INFO - at org.apache.spark.sql.execution.datasources.jdbc.DriverRegistry$.register(DriverRegistry.scala:47)
[2025-07-06T05:38:06.785+0000] {spark_submit.py:634} INFO - at org.apache.spark.sql.execution.datasources.jdbc.JDBCOptions.$anonfun$driverClass$1(JDBCOptions.scala:112)
[2025-07-06T05:38:06.785+0000] {spark_submit.py:634} INFO - at org.apache.spark.sql.execution.datasources.jdbc.JDBCOptions.$anonfun$driverClass$1$adapted(JDBCOptions.scala:112)
[2025-07-06T05:38:06.785+0000] {spark_submit.py:634} INFO - at scala.Option.foreach(Option.scala:437)
[2025-07-06T05:38:06.785+0000] {spark_submit.py:634} INFO - at org.apache.spark.sql.execution.datasources.jdbc.JDBCOptions.<init>(JDBCOptions.scala:112)
[2025-07-06T05:38:06.785+0000] {spark_submit.py:634} INFO - at org.apache.spark.sql.execution.datasources.jdbc.JdbcOptionsInWrite.<init>(JDBCOptions.scala:272)
[2025-07-06T05:38:06.785+0000] {spark_submit.py:634} INFO - at org.apache.spark.sql.execution.datasources.jdbc.JdbcOptionsInWrite.<init>(JDBCOptions.scala:276)
[2025-07-06T05:38:06.785+0000] {spark_submit.py:634} INFO - at org.apache.spark.sql.execution.datasources.jdbc.JdbcRelationProvider.createRelation(JdbcRelationProvider.scala:48)
[2025-07-06T05:38:06.785+0000] {spark_submit.py:634} INFO - at org.apache.spark.sql.execution.datasources.SaveIntoDataSourceCommand.run(SaveIntoDataSourceCommand.scala:55)
[2025-07-06T05:38:06.785+0000] {spark_submit.py:634} INFO - at org.apache.spark.sql.execution.command.ExecutedCommandExec.sideEffectResult$lzycompute(commands.scala:79)
[2025-07-06T05:38:06.785+0000] {spark_submit.py:634} INFO - at org.apache.spark.sql.execution.command.ExecutedCommandExec.sideEffectResult(commands.scala:77)
[2025-07-06T05:38:06.785+0000] {spark_submit.py:634} INFO - at org.apache.spark.sql.execution.command.ExecutedCommandExec.executeCollect(commands.scala:88)
[2025-07-06T05:38:06.785+0000] {spark_submit.py:634} INFO - at org.apache.spark.sql.execution.QueryExecution.$anonfun$eagerlyExecuteCommands$2(QueryExecution.scala:155)
[2025-07-06T05:38:06.786+0000] {spark_submit.py:634} INFO - at org.apache.spark.sql.execution.SQLExecution$.$anonfun$withNewExecutionId0$8(SQLExecution.scala:162)
[2025-07-06T05:38:06.786+0000] {spark_submit.py:634} INFO - at org.apache.spark.sql.execution.SQLExecution$.withSessionTagsApplied(SQLExecution.scala:268)
[2025-07-06T05:38:06.786+0000] {spark_submit.py:634} INFO - at org.apache.spark.sql.execution.SQLExecution$.$anonfun$withNewExecutionId0$7(SQLExecution.scala:124)
[2025-07-06T05:38:06.786+0000] {spark_submit.py:634} INFO - at org.apache.spark.JobArtifactSet$.withActiveJobArtifactState(JobArtifactSet.scala:94)
[2025-07-06T05:38:06.786+0000] {spark_submit.py:634} INFO - at org.apache.spark.sql.artifact.ArtifactManager.$anonfun$withResources$1(ArtifactManager.scala:112)
[2025-07-06T05:38:06.786+0000] {spark_submit.py:634} INFO - at org.apache.spark.sql.artifact.ArtifactManager.withClassLoaderIfNeeded(ArtifactManager.scala:106)
[2025-07-06T05:38:06.786+0000] {spark_submit.py:634} INFO - at org.apache.spark.sql.artifact.ArtifactManager.withResources(ArtifactManager.scala:111)
[2025-07-06T05:38:06.786+0000] {spark_submit.py:634} INFO - at org.apache.spark.sql.execution.SQLExecution$.$anonfun$withNewExecutionId0$6(SQLExecution.scala:124)
[2025-07-06T05:38:06.786+0000] {spark_submit.py:634} INFO - at org.apache.spark.sql.execution.SQLExecution$.withSQLConfPropagated(SQLExecution.scala:291)
[2025-07-06T05:38:06.786+0000] {spark_submit.py:634} INFO - at org.apache.spark.sql.execution.SQLExecution$.$anonfun$withNewExecutionId0$1(SQLExecution.scala:123)
[2025-07-06T05:38:06.786+0000] {spark_submit.py:634} INFO - at org.apache.spark.sql.SparkSession.withActive(SparkSession.scala:804)
[2025-07-06T05:38:06.787+0000] {spark_submit.py:634} INFO - at org.apache.spark.sql.execution.SQLExecution$.withNewExecutionId0(SQLExecution.scala:77)
[2025-07-06T05:38:06.787+0000] {spark_submit.py:634} INFO - at org.apache.spark.sql.execution.SQLExecution$.withNewExecutionId(SQLExecution.scala:233)
[2025-07-06T05:38:06.787+0000] {spark_submit.py:634} INFO - at org.apache.spark.sql.execution.QueryExecution.$anonfun$eagerlyExecuteCommands$1(QueryExecution.scala:155)
[2025-07-06T05:38:06.787+0000] {spark_submit.py:634} INFO - at org.apache.spark.sql.execution.QueryExecution$.withInternalError(QueryExecution.scala:654)
[2025-07-06T05:38:06.787+0000] {spark_submit.py:634} INFO - at org.apache.spark.sql.execution.QueryExecution.org$apache$spark$sql$execution$QueryExecution$$eagerlyExecute$1(QueryExecution.scala:154)
[2025-07-06T05:38:06.787+0000] {spark_submit.py:634} INFO - at org.apache.spark.sql.execution.QueryExecution$$anonfun$eagerlyExecuteCommands$3.applyOrElse(QueryExecution.scala:169)
[2025-07-06T05:38:06.787+0000] {spark_submit.py:634} INFO - at org.apache.spark.sql.execution.QueryExecution$$anonfun$eagerlyExecuteCommands$3.applyOrElse(QueryExecution.scala:164)
[2025-07-06T05:38:06.787+0000] {spark_submit.py:634} INFO - at org.apache.spark.sql.catalyst.trees.TreeNode.$anonfun$transformDownWithPruning$1(TreeNode.scala:470)
[2025-07-06T05:38:06.787+0000] {spark_submit.py:634} INFO - at org.apache.spark.sql.catalyst.trees.CurrentOrigin$.withOrigin(origin.scala:86)
[2025-07-06T05:38:06.787+0000] {spark_submit.py:634} INFO - at org.apache.spark.sql.catalyst.trees.TreeNode.transformDownWithPruning(TreeNode.scala:470)
[2025-07-06T05:38:06.787+0000] {spark_submit.py:634} INFO - at org.apache.spark.sql.catalyst.plans.logical.LogicalPlan.org$apache$spark$sql$catalyst$plans$logical$AnalysisHelper$$super$transformDownWithPruning(LogicalPlan.scala:37)
[2025-07-06T05:38:06.788+0000] {spark_submit.py:634} INFO - at org.apache.spark.sql.catalyst.plans.logical.AnalysisHelper.transformDownWithPruning(AnalysisHelper.scala:360)
[2025-07-06T05:38:06.788+0000] {spark_submit.py:634} INFO - at org.apache.spark.sql.catalyst.plans.logical.AnalysisHelper.transformDownWithPruning$(AnalysisHelper.scala:356)
[2025-07-06T05:38:06.788+0000] {spark_submit.py:634} INFO - at org.apache.spark.sql.catalyst.plans.logical.LogicalPlan.transformDownWithPruning(LogicalPlan.scala:37)
[2025-07-06T05:38:06.788+0000] {spark_submit.py:634} INFO - at org.apache.spark.sql.catalyst.plans.logical.LogicalPlan.transformDownWithPruning(LogicalPlan.scala:37)
[2025-07-06T05:38:06.788+0000] {spark_submit.py:634} INFO - at org.apache.spark.sql.catalyst.trees.TreeNode.transformDown(TreeNode.scala:446)
[2025-07-06T05:38:06.788+0000] {spark_submit.py:634} INFO - at org.apache.spark.sql.execution.QueryExecution.eagerlyExecuteCommands(QueryExecution.scala:164)
[2025-07-06T05:38:06.788+0000] {spark_submit.py:634} INFO - at org.apache.spark.sql.execution.QueryExecution.$anonfun$lazyCommandExecuted$1(QueryExecution.scala:126)
[2025-07-06T05:38:06.788+0000] {spark_submit.py:634} INFO - at scala.util.Try$.apply(Try.scala:217)
[2025-07-06T05:38:06.788+0000] {spark_submit.py:634} INFO - at org.apache.spark.util.Utils$.doTryWithCallerStacktrace(Utils.scala:1378)
[2025-07-06T05:38:06.788+0000] {spark_submit.py:634} INFO - at org.apache.spark.util.LazyTry.tryT$lzycompute(LazyTry.scala:46)
[2025-07-06T05:38:06.789+0000] {spark_submit.py:634} INFO - at org.apache.spark.util.LazyTry.tryT(LazyTry.scala:46)
[2025-07-06T05:38:06.789+0000] {spark_submit.py:634} INFO - ... 19 more
[2025-07-06T05:38:06.789+0000] {spark_submit.py:634} INFO - 
[2025-07-06T05:38:06.948+0000] {spark_submit.py:634} INFO - -------------Stop SparkSession-------------
[2025-07-06T05:38:07.060+0000] {taskinstance.py:441} INFO - ::group::Post task execution logs
[2025-07-06T05:38:07.068+0000] {taskinstance.py:1205} INFO - Marking task as SUCCESS. dag_id=my_spark_inline, task_id=spark_write_data, execution_date=20250706T051258, start_date=20250706T053755, end_date=20250706T053807
[2025-07-06T05:38:07.112+0000] {local_task_job_runner.py:240} INFO - Task exited with return code 0
[2025-07-06T05:38:07.127+0000] {taskinstance.py:3482} INFO - 0 downstream tasks scheduled from follow-on schedule check
[2025-07-06T05:38:07.128+0000] {local_task_job_runner.py:222} INFO - ::endgroup::
