[2025-07-07T01:51:48.353+0000] {local_task_job_runner.py:120} INFO - ::group::Pre task execution logs
[2025-07-07T01:51:48.468+0000] {taskinstance.py:2073} INFO - Dependencies all met for dep_context=non-requeueable deps ti=<TaskInstance: my_spark_inline.spark_write_data manual__2025-07-06T05:12:58.943989+00:00 [queued]>
[2025-07-07T01:51:48.472+0000] {taskinstance.py:2073} INFO - Dependencies all met for dep_context=requeueable deps ti=<TaskInstance: my_spark_inline.spark_write_data manual__2025-07-06T05:12:58.943989+00:00 [queued]>
[2025-07-07T01:51:48.472+0000] {taskinstance.py:2303} INFO - Starting attempt 48 of 48
[2025-07-07T01:51:48.487+0000] {taskinstance.py:2327} INFO - Executing <Task(SparkSubmitOperator): spark_write_data> on 2025-07-06 05:12:58.943989+00:00
[2025-07-07T01:51:48.490+0000] {standard_task_runner.py:63} INFO - Started process 1045 to run task
[2025-07-07T01:51:48.493+0000] {standard_task_runner.py:90} INFO - Running: ['***', 'tasks', 'run', 'my_spark_inline', 'spark_write_data', 'manual__2025-07-06T05:12:58.943989+00:00', '--job-id', '85', '--raw', '--subdir', 'DAGS_FOLDER/test_spark.py', '--cfg-path', '/tmp/tmpxq70gn3x']
[2025-07-07T01:51:48.494+0000] {standard_task_runner.py:91} INFO - Job 85: Subtask spark_write_data
[2025-07-07T01:51:48.504+0000] {logging_mixin.py:188} WARNING - /home/***/.local/lib/python3.11/site-packages/***/settings.py:195 DeprecationWarning: The sql_alchemy_conn option in [core] has been moved to the sql_alchemy_conn option in [database] - the old setting has been used, but please update your config.
[2025-07-07T01:51:48.524+0000] {task_command.py:426} INFO - Running <TaskInstance: my_spark_inline.spark_write_data manual__2025-07-06T05:12:58.943989+00:00 [running]> on host 40aa9e29f527
[2025-07-07T01:51:48.562+0000] {taskinstance.py:2644} INFO - Exporting env vars: AIRFLOW_CTX_DAG_OWNER='***' AIRFLOW_CTX_DAG_ID='my_spark_inline' AIRFLOW_CTX_TASK_ID='spark_write_data' AIRFLOW_CTX_EXECUTION_DATE='2025-07-06T05:12:58.943989+00:00' AIRFLOW_CTX_TRY_NUMBER='48' AIRFLOW_CTX_DAG_RUN_ID='manual__2025-07-06T05:12:58.943989+00:00'
[2025-07-07T01:51:48.563+0000] {taskinstance.py:430} INFO - ::endgroup::
[2025-07-07T01:51:48.576+0000] {base.py:84} INFO - Using connection ID 'spark-master' for task execution.
[2025-07-07T01:51:48.577+0000] {spark_submit.py:473} INFO - Spark-Submit cmd: spark-submit --master spark-master:7077 --packages com.clickhouse:clickhouse-jdbc:0.6.4,org.apache.httpcomponents.client5:httpclient5:5.3.1,org.apache.hadoop:hadoop-aws:3.3.5,com.amazonaws:aws-java-sdk-bundle:1.12.674 --name arrow-spark --deploy-mode client /opt/***/spark_project/src/spark/spark_main_minio.py
[2025-07-07T01:51:48.804+0000] {spark_submit.py:634} INFO - WARNING: Using incubator modules: jdk.incubator.vector
[2025-07-07T01:51:50.116+0000] {spark_submit.py:634} INFO - :: loading settings :: url = jar:file:/home/***/.local/lib/python3.11/site-packages/pyspark/jars/ivy-2.5.3.jar!/org/apache/ivy/core/settings/ivysettings.xml
[2025-07-07T01:51:50.191+0000] {spark_submit.py:634} INFO - Ivy Default Cache set to: /home/***/.ivy2.5.2/cache
[2025-07-07T01:51:50.192+0000] {spark_submit.py:634} INFO - The jars for the packages stored in: /home/***/.ivy2.5.2/jars
[2025-07-07T01:51:50.194+0000] {spark_submit.py:634} INFO - com.clickhouse#clickhouse-jdbc added as a dependency
[2025-07-07T01:51:50.194+0000] {spark_submit.py:634} INFO - org.apache.httpcomponents.client5#httpclient5 added as a dependency
[2025-07-07T01:51:50.194+0000] {spark_submit.py:634} INFO - org.apache.hadoop#hadoop-aws added as a dependency
[2025-07-07T01:51:50.194+0000] {spark_submit.py:634} INFO - com.amazonaws#aws-java-sdk-bundle added as a dependency
[2025-07-07T01:51:50.194+0000] {spark_submit.py:634} INFO - :: resolving dependencies :: org.apache.spark#spark-submit-parent-f7305957-745a-4942-afaa-ae2701c6ae6c;1.0
[2025-07-07T01:51:50.194+0000] {spark_submit.py:634} INFO - confs: [default]
[2025-07-07T01:51:50.310+0000] {spark_submit.py:634} INFO - found com.clickhouse#clickhouse-jdbc;0.6.4 in central
[2025-07-07T01:51:50.383+0000] {spark_submit.py:634} INFO - found org.apache.httpcomponents.client5#httpclient5;5.3.1 in central
[2025-07-07T01:51:50.397+0000] {spark_submit.py:634} INFO - found org.apache.httpcomponents.core5#httpcore5;5.2.4 in central
[2025-07-07T01:51:50.481+0000] {spark_submit.py:634} INFO - found org.apache.httpcomponents.core5#httpcore5-h2;5.2.4 in central
[2025-07-07T01:51:50.496+0000] {spark_submit.py:634} INFO - found org.slf4j#slf4j-api;1.7.36 in central
[2025-07-07T01:51:50.584+0000] {spark_submit.py:634} INFO - found org.apache.hadoop#hadoop-aws;3.3.5 in central
[2025-07-07T01:51:50.595+0000] {spark_submit.py:634} INFO - found org.wildfly.openssl#wildfly-openssl;1.1.3.Final in central
[2025-07-07T01:51:50.602+0000] {spark_submit.py:634} INFO - found com.amazonaws#aws-java-sdk-bundle;1.12.674 in central
[2025-07-07T01:51:50.686+0000] {spark_submit.py:634} INFO - :: resolution report :: resolve 413ms :: artifacts dl 78ms
[2025-07-07T01:51:50.686+0000] {spark_submit.py:634} INFO - :: modules in use:
[2025-07-07T01:51:50.686+0000] {spark_submit.py:634} INFO - com.amazonaws#aws-java-sdk-bundle;1.12.674 from central in [default]
[2025-07-07T01:51:50.687+0000] {spark_submit.py:634} INFO - com.clickhouse#clickhouse-jdbc;0.6.4 from central in [default]
[2025-07-07T01:51:50.687+0000] {spark_submit.py:634} INFO - org.apache.hadoop#hadoop-aws;3.3.5 from central in [default]
[2025-07-07T01:51:50.687+0000] {spark_submit.py:634} INFO - org.apache.httpcomponents.client5#httpclient5;5.3.1 from central in [default]
[2025-07-07T01:51:50.687+0000] {spark_submit.py:634} INFO - org.apache.httpcomponents.core5#httpcore5;5.2.4 from central in [default]
[2025-07-07T01:51:50.687+0000] {spark_submit.py:634} INFO - org.apache.httpcomponents.core5#httpcore5-h2;5.2.4 from central in [default]
[2025-07-07T01:51:50.687+0000] {spark_submit.py:634} INFO - org.slf4j#slf4j-api;1.7.36 from central in [default]
[2025-07-07T01:51:50.687+0000] {spark_submit.py:634} INFO - org.wildfly.openssl#wildfly-openssl;1.1.3.Final from central in [default]
[2025-07-07T01:51:50.687+0000] {spark_submit.py:634} INFO - :: evicted modules:
[2025-07-07T01:51:50.688+0000] {spark_submit.py:634} INFO - com.amazonaws#aws-java-sdk-bundle;1.12.316 by [com.amazonaws#aws-java-sdk-bundle;1.12.674] in [default]
[2025-07-07T01:51:50.688+0000] {spark_submit.py:634} INFO - ---------------------------------------------------------------------
[2025-07-07T01:51:50.688+0000] {spark_submit.py:634} INFO - |                  |            modules            ||   artifacts   |
[2025-07-07T01:51:50.688+0000] {spark_submit.py:634} INFO - |       conf       | number| search|dwnlded|evicted|| number|dwnlded|
[2025-07-07T01:51:50.688+0000] {spark_submit.py:634} INFO - ---------------------------------------------------------------------
[2025-07-07T01:51:50.688+0000] {spark_submit.py:634} INFO - |      default     |   9   |   0   |   0   |   1   ||   8   |   0   |
[2025-07-07T01:51:50.688+0000] {spark_submit.py:634} INFO - ---------------------------------------------------------------------
[2025-07-07T01:51:50.690+0000] {spark_submit.py:634} INFO - :: retrieving :: org.apache.spark#spark-submit-parent-f7305957-745a-4942-afaa-ae2701c6ae6c
[2025-07-07T01:51:50.690+0000] {spark_submit.py:634} INFO - confs: [default]
[2025-07-07T01:51:50.693+0000] {spark_submit.py:634} INFO - 0 artifacts copied, 8 already retrieved (0kB/3ms)
[2025-07-07T01:51:50.993+0000] {spark_submit.py:634} INFO - 25/07/07 01:51:50 WARN NativeCodeLoader: Unable to load native-hadoop library for your platform... using builtin-java classes where applicable
[2025-07-07T01:51:52.484+0000] {spark_submit.py:634} INFO - Using Spark's default log4j profile: org/apache/spark/log4j2-defaults.properties
[2025-07-07T01:51:52.488+0000] {spark_submit.py:634} INFO - 25/07/07 01:51:52 INFO SparkContext: Running Spark version 4.0.0
[2025-07-07T01:51:52.489+0000] {spark_submit.py:634} INFO - 25/07/07 01:51:52 INFO SparkContext: OS info Linux, 6.8.0-60-generic, amd64
[2025-07-07T01:51:52.490+0000] {spark_submit.py:634} INFO - 25/07/07 01:51:52 INFO SparkContext: Java version 17.0.15
[2025-07-07T01:51:52.503+0000] {spark_submit.py:634} INFO - 25/07/07 01:51:52 INFO ResourceUtils: ==============================================================
[2025-07-07T01:51:52.503+0000] {spark_submit.py:634} INFO - 25/07/07 01:51:52 INFO ResourceUtils: No custom resources configured for spark.driver.
[2025-07-07T01:51:52.504+0000] {spark_submit.py:634} INFO - 25/07/07 01:51:52 INFO ResourceUtils: ==============================================================
[2025-07-07T01:51:52.504+0000] {spark_submit.py:634} INFO - 25/07/07 01:51:52 INFO SparkContext: Submitted application: thanhdz
[2025-07-07T01:51:52.583+0000] {spark_submit.py:634} INFO - 25/07/07 01:51:52 INFO ResourceProfile: Default ResourceProfile created, executor resources: Map(cores -> name: cores, amount: 2, script: , vendor: , memory -> name: memory, amount: 4096, script: , vendor: , offHeap -> name: offHeap, amount: 0, script: , vendor: ), task resources: Map(cpus -> name: cpus, amount: 1.0)
[2025-07-07T01:51:52.586+0000] {spark_submit.py:634} INFO - 25/07/07 01:51:52 INFO ResourceProfile: Limiting resource is cpus at 2 tasks per executor
[2025-07-07T01:51:52.587+0000] {spark_submit.py:634} INFO - 25/07/07 01:51:52 INFO ResourceProfileManager: Added ResourceProfile id: 0
[2025-07-07T01:51:52.613+0000] {spark_submit.py:634} INFO - 25/07/07 01:51:52 INFO SecurityManager: Changing view acls to: ***
[2025-07-07T01:51:52.614+0000] {spark_submit.py:634} INFO - 25/07/07 01:51:52 INFO SecurityManager: Changing modify acls to: ***
[2025-07-07T01:51:52.614+0000] {spark_submit.py:634} INFO - 25/07/07 01:51:52 INFO SecurityManager: Changing view acls groups to: ***
[2025-07-07T01:51:52.614+0000] {spark_submit.py:634} INFO - 25/07/07 01:51:52 INFO SecurityManager: Changing modify acls groups to: ***
[2025-07-07T01:51:52.615+0000] {spark_submit.py:634} INFO - 25/07/07 01:51:52 INFO SecurityManager: SecurityManager: authentication disabled; ui acls disabled; users with view permissions: *** groups with view permissions: EMPTY; users with modify permissions: ***; groups with modify permissions: EMPTY; RPC SSL disabled
[2025-07-07T01:51:52.841+0000] {spark_submit.py:634} INFO - 25/07/07 01:51:52 INFO Utils: Successfully started service 'sparkDriver' on port 38245.
[2025-07-07T01:51:52.892+0000] {spark_submit.py:634} INFO - 25/07/07 01:51:52 INFO SparkEnv: Registering MapOutputTracker
[2025-07-07T01:51:52.899+0000] {spark_submit.py:634} INFO - 25/07/07 01:51:52 INFO SparkEnv: Registering BlockManagerMaster
[2025-07-07T01:51:52.906+0000] {spark_submit.py:634} INFO - 25/07/07 01:51:52 INFO BlockManagerMasterEndpoint: Using org.apache.spark.storage.DefaultTopologyMapper for getting topology information
[2025-07-07T01:51:52.906+0000] {spark_submit.py:634} INFO - 25/07/07 01:51:52 INFO BlockManagerMasterEndpoint: BlockManagerMasterEndpoint up
[2025-07-07T01:51:52.908+0000] {spark_submit.py:634} INFO - 25/07/07 01:51:52 INFO SparkEnv: Registering BlockManagerMasterHeartbeat
[2025-07-07T01:51:52.919+0000] {spark_submit.py:634} INFO - 25/07/07 01:51:52 INFO DiskBlockManager: Created local directory at /tmp/blockmgr-747467c0-e4f9-449b-afcc-99c39ab1cc1b
[2025-07-07T01:51:52.931+0000] {spark_submit.py:634} INFO - 25/07/07 01:51:52 INFO SparkEnv: Registering OutputCommitCoordinator
[2025-07-07T01:51:53.106+0000] {spark_submit.py:634} INFO - 25/07/07 01:51:53 INFO JettyUtils: Start Jetty 0.0.0.0:4040 for SparkUI
[2025-07-07T01:51:53.206+0000] {spark_submit.py:634} INFO - 25/07/07 01:51:53 INFO Utils: Successfully started service 'SparkUI' on port 4040.
[2025-07-07T01:51:53.282+0000] {spark_submit.py:634} INFO - 25/07/07 01:51:53 ERROR SparkContext: Failed to add /home/ngocthanh/spark-3.5.3/jars/hadoop-aws-3.3.4.jar to Spark environment
[2025-07-07T01:51:53.283+0000] {spark_submit.py:634} INFO - java.io.FileNotFoundException: Jar /home/ngocthanh/spark-3.5.3/jars/hadoop-aws-3.3.4.jar not found
[2025-07-07T01:51:53.283+0000] {spark_submit.py:634} INFO - at org.apache.spark.SparkContext.addLocalJarFile$1(SparkContext.scala:2174)
[2025-07-07T01:51:53.283+0000] {spark_submit.py:634} INFO - at org.apache.spark.SparkContext.addJar(SparkContext.scala:2230)
[2025-07-07T01:51:53.283+0000] {spark_submit.py:634} INFO - at org.apache.spark.SparkContext.$anonfun$new$15(SparkContext.scala:538)
[2025-07-07T01:51:53.283+0000] {spark_submit.py:634} INFO - at org.apache.spark.SparkContext.$anonfun$new$15$adapted(SparkContext.scala:538)
[2025-07-07T01:51:53.283+0000] {spark_submit.py:634} INFO - at scala.collection.IterableOnceOps.foreach(IterableOnce.scala:619)
[2025-07-07T01:51:53.283+0000] {spark_submit.py:634} INFO - at scala.collection.IterableOnceOps.foreach$(IterableOnce.scala:617)
[2025-07-07T01:51:53.283+0000] {spark_submit.py:634} INFO - at scala.collection.AbstractIterable.foreach(Iterable.scala:935)
[2025-07-07T01:51:53.284+0000] {spark_submit.py:634} INFO - at org.apache.spark.SparkContext.<init>(SparkContext.scala:538)
[2025-07-07T01:51:53.284+0000] {spark_submit.py:634} INFO - at org.apache.spark.api.java.JavaSparkContext.<init>(JavaSparkContext.scala:59)
[2025-07-07T01:51:53.284+0000] {spark_submit.py:634} INFO - at java.base/jdk.internal.reflect.NativeConstructorAccessorImpl.newInstance0(Native Method)
[2025-07-07T01:51:53.284+0000] {spark_submit.py:634} INFO - at java.base/jdk.internal.reflect.NativeConstructorAccessorImpl.newInstance(NativeConstructorAccessorImpl.java:77)
[2025-07-07T01:51:53.284+0000] {spark_submit.py:634} INFO - at java.base/jdk.internal.reflect.DelegatingConstructorAccessorImpl.newInstance(DelegatingConstructorAccessorImpl.java:45)
[2025-07-07T01:51:53.284+0000] {spark_submit.py:634} INFO - at java.base/java.lang.reflect.Constructor.newInstanceWithCaller(Constructor.java:500)
[2025-07-07T01:51:53.284+0000] {spark_submit.py:634} INFO - at java.base/java.lang.reflect.Constructor.newInstance(Constructor.java:481)
[2025-07-07T01:51:53.284+0000] {spark_submit.py:634} INFO - at py4j.reflection.MethodInvoker.invoke(MethodInvoker.java:247)
[2025-07-07T01:51:53.284+0000] {spark_submit.py:634} INFO - at py4j.reflection.ReflectionEngine.invoke(ReflectionEngine.java:374)
[2025-07-07T01:51:53.285+0000] {spark_submit.py:634} INFO - at py4j.Gateway.invoke(Gateway.java:238)
[2025-07-07T01:51:53.285+0000] {spark_submit.py:634} INFO - at py4j.commands.ConstructorCommand.invokeConstructor(ConstructorCommand.java:80)
[2025-07-07T01:51:53.285+0000] {spark_submit.py:634} INFO - at py4j.commands.ConstructorCommand.execute(ConstructorCommand.java:69)
[2025-07-07T01:51:53.285+0000] {spark_submit.py:634} INFO - at py4j.ClientServerConnection.waitForCommands(ClientServerConnection.java:184)
[2025-07-07T01:51:53.285+0000] {spark_submit.py:634} INFO - at py4j.ClientServerConnection.run(ClientServerConnection.java:108)
[2025-07-07T01:51:53.285+0000] {spark_submit.py:634} INFO - at java.base/java.lang.Thread.run(Thread.java:840)
[2025-07-07T01:51:53.285+0000] {spark_submit.py:634} INFO - 25/07/07 01:51:53 ERROR SparkContext: Failed to add /home/ngocthanh/spark-3.5.3/jars/aws-java-sdk-bundle-1.12.761.jar to Spark environment
[2025-07-07T01:51:53.285+0000] {spark_submit.py:634} INFO - java.io.FileNotFoundException: Jar /home/ngocthanh/spark-3.5.3/jars/aws-java-sdk-bundle-1.12.761.jar not found
[2025-07-07T01:51:53.285+0000] {spark_submit.py:634} INFO - at org.apache.spark.SparkContext.addLocalJarFile$1(SparkContext.scala:2174)
[2025-07-07T01:51:53.285+0000] {spark_submit.py:634} INFO - at org.apache.spark.SparkContext.addJar(SparkContext.scala:2230)
[2025-07-07T01:51:53.285+0000] {spark_submit.py:634} INFO - at org.apache.spark.SparkContext.$anonfun$new$15(SparkContext.scala:538)
[2025-07-07T01:51:53.286+0000] {spark_submit.py:634} INFO - at org.apache.spark.SparkContext.$anonfun$new$15$adapted(SparkContext.scala:538)
[2025-07-07T01:51:53.286+0000] {spark_submit.py:634} INFO - at scala.collection.IterableOnceOps.foreach(IterableOnce.scala:619)
[2025-07-07T01:51:53.286+0000] {spark_submit.py:634} INFO - at scala.collection.IterableOnceOps.foreach$(IterableOnce.scala:617)
[2025-07-07T01:51:53.286+0000] {spark_submit.py:634} INFO - at scala.collection.AbstractIterable.foreach(Iterable.scala:935)
[2025-07-07T01:51:53.286+0000] {spark_submit.py:634} INFO - at org.apache.spark.SparkContext.<init>(SparkContext.scala:538)
[2025-07-07T01:51:53.286+0000] {spark_submit.py:634} INFO - at org.apache.spark.api.java.JavaSparkContext.<init>(JavaSparkContext.scala:59)
[2025-07-07T01:51:53.286+0000] {spark_submit.py:634} INFO - at java.base/jdk.internal.reflect.NativeConstructorAccessorImpl.newInstance0(Native Method)
[2025-07-07T01:51:53.286+0000] {spark_submit.py:634} INFO - at java.base/jdk.internal.reflect.NativeConstructorAccessorImpl.newInstance(NativeConstructorAccessorImpl.java:77)
[2025-07-07T01:51:53.286+0000] {spark_submit.py:634} INFO - at java.base/jdk.internal.reflect.DelegatingConstructorAccessorImpl.newInstance(DelegatingConstructorAccessorImpl.java:45)
[2025-07-07T01:51:53.286+0000] {spark_submit.py:634} INFO - at java.base/java.lang.reflect.Constructor.newInstanceWithCaller(Constructor.java:500)
[2025-07-07T01:51:53.286+0000] {spark_submit.py:634} INFO - at java.base/java.lang.reflect.Constructor.newInstance(Constructor.java:481)
[2025-07-07T01:51:53.286+0000] {spark_submit.py:634} INFO - at py4j.reflection.MethodInvoker.invoke(MethodInvoker.java:247)
[2025-07-07T01:51:53.286+0000] {spark_submit.py:634} INFO - at py4j.reflection.ReflectionEngine.invoke(ReflectionEngine.java:374)
[2025-07-07T01:51:53.286+0000] {spark_submit.py:634} INFO - at py4j.Gateway.invoke(Gateway.java:238)
[2025-07-07T01:51:53.286+0000] {spark_submit.py:634} INFO - at py4j.commands.ConstructorCommand.invokeConstructor(ConstructorCommand.java:80)
[2025-07-07T01:51:53.286+0000] {spark_submit.py:634} INFO - at py4j.commands.ConstructorCommand.execute(ConstructorCommand.java:69)
[2025-07-07T01:51:53.286+0000] {spark_submit.py:634} INFO - at py4j.ClientServerConnection.waitForCommands(ClientServerConnection.java:184)
[2025-07-07T01:51:53.286+0000] {spark_submit.py:634} INFO - at py4j.ClientServerConnection.run(ClientServerConnection.java:108)
[2025-07-07T01:51:53.286+0000] {spark_submit.py:634} INFO - at java.base/java.lang.Thread.run(Thread.java:840)
[2025-07-07T01:51:53.287+0000] {spark_submit.py:634} INFO - 25/07/07 01:51:53 INFO SparkContext: Added file file:///home/***/.ivy2.5.2/jars/com.clickhouse_clickhouse-jdbc-0.6.4.jar at spark://40aa9e29f527:38245/files/com.clickhouse_clickhouse-jdbc-0.6.4.jar with timestamp 1751853112480
[2025-07-07T01:51:53.287+0000] {spark_submit.py:634} INFO - 25/07/07 01:51:53 INFO Utils: Copying /home/***/.ivy2.5.2/jars/com.clickhouse_clickhouse-jdbc-0.6.4.jar to /tmp/spark-d1ce1dfd-3e57-42b6-ae8e-a81efbccf008/userFiles-c5a0df17-6be1-4e8f-a29f-a528922609ec/com.clickhouse_clickhouse-jdbc-0.6.4.jar
[2025-07-07T01:51:53.293+0000] {spark_submit.py:634} INFO - 25/07/07 01:51:53 INFO SparkContext: Added file file:///home/***/.ivy2.5.2/jars/org.apache.httpcomponents.client5_httpclient5-5.3.1.jar at spark://40aa9e29f527:38245/files/org.apache.httpcomponents.client5_httpclient5-5.3.1.jar with timestamp 1751853112480
[2025-07-07T01:51:53.293+0000] {spark_submit.py:634} INFO - 25/07/07 01:51:53 INFO Utils: Copying /home/***/.ivy2.5.2/jars/org.apache.httpcomponents.client5_httpclient5-5.3.1.jar to /tmp/spark-d1ce1dfd-3e57-42b6-ae8e-a81efbccf008/userFiles-c5a0df17-6be1-4e8f-a29f-a528922609ec/org.apache.httpcomponents.client5_httpclient5-5.3.1.jar
[2025-07-07T01:51:53.298+0000] {spark_submit.py:634} INFO - 25/07/07 01:51:53 INFO SparkContext: Added file file:///home/***/.ivy2.5.2/jars/org.apache.hadoop_hadoop-aws-3.3.5.jar at spark://40aa9e29f527:38245/files/org.apache.hadoop_hadoop-aws-3.3.5.jar with timestamp 1751853112480
[2025-07-07T01:51:53.298+0000] {spark_submit.py:634} INFO - 25/07/07 01:51:53 INFO Utils: Copying /home/***/.ivy2.5.2/jars/org.apache.hadoop_hadoop-aws-3.3.5.jar to /tmp/spark-d1ce1dfd-3e57-42b6-ae8e-a81efbccf008/userFiles-c5a0df17-6be1-4e8f-a29f-a528922609ec/org.apache.hadoop_hadoop-aws-3.3.5.jar
[2025-07-07T01:51:53.303+0000] {spark_submit.py:634} INFO - 25/07/07 01:51:53 INFO SparkContext: Added file file:///home/***/.ivy2.5.2/jars/com.amazonaws_aws-java-sdk-bundle-1.12.674.jar at spark://40aa9e29f527:38245/files/com.amazonaws_aws-java-sdk-bundle-1.12.674.jar with timestamp 1751853112480
[2025-07-07T01:51:53.303+0000] {spark_submit.py:634} INFO - 25/07/07 01:51:53 INFO Utils: Copying /home/***/.ivy2.5.2/jars/com.amazonaws_aws-java-sdk-bundle-1.12.674.jar to /tmp/spark-d1ce1dfd-3e57-42b6-ae8e-a81efbccf008/userFiles-c5a0df17-6be1-4e8f-a29f-a528922609ec/com.amazonaws_aws-java-sdk-bundle-1.12.674.jar
[2025-07-07T01:51:53.523+0000] {spark_submit.py:634} INFO - 25/07/07 01:51:53 INFO SparkContext: Added file file:///home/***/.ivy2.5.2/jars/org.apache.httpcomponents.core5_httpcore5-5.2.4.jar at spark://40aa9e29f527:38245/files/org.apache.httpcomponents.core5_httpcore5-5.2.4.jar with timestamp 1751853112480
[2025-07-07T01:51:53.523+0000] {spark_submit.py:634} INFO - 25/07/07 01:51:53 INFO Utils: Copying /home/***/.ivy2.5.2/jars/org.apache.httpcomponents.core5_httpcore5-5.2.4.jar to /tmp/spark-d1ce1dfd-3e57-42b6-ae8e-a81efbccf008/userFiles-c5a0df17-6be1-4e8f-a29f-a528922609ec/org.apache.httpcomponents.core5_httpcore5-5.2.4.jar
[2025-07-07T01:51:53.530+0000] {spark_submit.py:634} INFO - 25/07/07 01:51:53 INFO SparkContext: Added file file:///home/***/.ivy2.5.2/jars/org.apache.httpcomponents.core5_httpcore5-h2-5.2.4.jar at spark://40aa9e29f527:38245/files/org.apache.httpcomponents.core5_httpcore5-h2-5.2.4.jar with timestamp 1751853112480
[2025-07-07T01:51:53.530+0000] {spark_submit.py:634} INFO - 25/07/07 01:51:53 INFO Utils: Copying /home/***/.ivy2.5.2/jars/org.apache.httpcomponents.core5_httpcore5-h2-5.2.4.jar to /tmp/spark-d1ce1dfd-3e57-42b6-ae8e-a81efbccf008/userFiles-c5a0df17-6be1-4e8f-a29f-a528922609ec/org.apache.httpcomponents.core5_httpcore5-h2-5.2.4.jar
[2025-07-07T01:51:53.535+0000] {spark_submit.py:634} INFO - 25/07/07 01:51:53 INFO SparkContext: Added file file:///home/***/.ivy2.5.2/jars/org.slf4j_slf4j-api-1.7.36.jar at spark://40aa9e29f527:38245/files/org.slf4j_slf4j-api-1.7.36.jar with timestamp 1751853112480
[2025-07-07T01:51:53.535+0000] {spark_submit.py:634} INFO - 25/07/07 01:51:53 INFO Utils: Copying /home/***/.ivy2.5.2/jars/org.slf4j_slf4j-api-1.7.36.jar to /tmp/spark-d1ce1dfd-3e57-42b6-ae8e-a81efbccf008/userFiles-c5a0df17-6be1-4e8f-a29f-a528922609ec/org.slf4j_slf4j-api-1.7.36.jar
[2025-07-07T01:51:53.539+0000] {spark_submit.py:634} INFO - 25/07/07 01:51:53 INFO SparkContext: Added file file:///home/***/.ivy2.5.2/jars/org.wildfly.openssl_wildfly-openssl-1.1.3.Final.jar at spark://40aa9e29f527:38245/files/org.wildfly.openssl_wildfly-openssl-1.1.3.Final.jar with timestamp 1751853112480
[2025-07-07T01:51:53.539+0000] {spark_submit.py:634} INFO - 25/07/07 01:51:53 INFO Utils: Copying /home/***/.ivy2.5.2/jars/org.wildfly.openssl_wildfly-openssl-1.1.3.Final.jar to /tmp/spark-d1ce1dfd-3e57-42b6-ae8e-a81efbccf008/userFiles-c5a0df17-6be1-4e8f-a29f-a528922609ec/org.wildfly.openssl_wildfly-openssl-1.1.3.Final.jar
[2025-07-07T01:51:53.586+0000] {spark_submit.py:634} INFO - 25/07/07 01:51:53 INFO SecurityManager: Changing view acls to: ***
[2025-07-07T01:51:53.586+0000] {spark_submit.py:634} INFO - 25/07/07 01:51:53 INFO SecurityManager: Changing modify acls to: ***
[2025-07-07T01:51:53.586+0000] {spark_submit.py:634} INFO - 25/07/07 01:51:53 INFO SecurityManager: Changing view acls groups to: ***
[2025-07-07T01:51:53.586+0000] {spark_submit.py:634} INFO - 25/07/07 01:51:53 INFO SecurityManager: Changing modify acls groups to: ***
[2025-07-07T01:51:53.586+0000] {spark_submit.py:634} INFO - 25/07/07 01:51:53 INFO SecurityManager: SecurityManager: authentication disabled; ui acls disabled; users with view permissions: *** groups with view permissions: EMPTY; users with modify permissions: ***; groups with modify permissions: EMPTY; RPC SSL disabled
[2025-07-07T01:51:53.791+0000] {spark_submit.py:634} INFO - 25/07/07 01:51:53 INFO StandaloneAppClient$ClientEndpoint: Connecting to master spark://spark-master:7077...
[2025-07-07T01:51:53.816+0000] {spark_submit.py:634} INFO - 25/07/07 01:51:53 INFO TransportClientFactory: Successfully created connection to spark-master/172.21.0.6:7077 after 13 ms (0 ms spent in bootstraps)
[2025-07-07T01:51:53.900+0000] {spark_submit.py:634} INFO - 25/07/07 01:51:53 INFO StandaloneSchedulerBackend: Connected to Spark cluster with app ID app-20250707015153-0002
[2025-07-07T01:51:53.905+0000] {spark_submit.py:634} INFO - 25/07/07 01:51:53 INFO Utils: Successfully started service 'org.apache.spark.network.netty.NettyBlockTransferService' on port 36191.
[2025-07-07T01:51:53.905+0000] {spark_submit.py:634} INFO - 25/07/07 01:51:53 INFO NettyBlockTransferService: Server created on 40aa9e29f527:36191
[2025-07-07T01:51:53.906+0000] {spark_submit.py:634} INFO - 25/07/07 01:51:53 INFO BlockManager: Using org.apache.spark.storage.RandomBlockReplicationPolicy for block replication policy
[2025-07-07T01:51:53.912+0000] {spark_submit.py:634} INFO - 25/07/07 01:51:53 INFO BlockManagerMaster: Registering BlockManager BlockManagerId(driver, 40aa9e29f527, 36191, None)
[2025-07-07T01:51:53.919+0000] {spark_submit.py:634} INFO - 25/07/07 01:51:53 INFO BlockManagerMasterEndpoint: Registering block manager 40aa9e29f527:36191 with 413.9 MiB RAM, BlockManagerId(driver, 40aa9e29f527, 36191, None)
[2025-07-07T01:51:53.921+0000] {spark_submit.py:634} INFO - 25/07/07 01:51:53 INFO BlockManagerMaster: Registered BlockManager BlockManagerId(driver, 40aa9e29f527, 36191, None)
[2025-07-07T01:51:53.922+0000] {spark_submit.py:634} INFO - 25/07/07 01:51:53 INFO BlockManager: Initialized BlockManager: BlockManagerId(driver, 40aa9e29f527, 36191, None)
[2025-07-07T01:51:54.100+0000] {spark_submit.py:634} INFO - 25/07/07 01:51:54 INFO StandaloneSchedulerBackend: SchedulerBackend is ready for scheduling beginning after reached minRegisteredResourcesRatio: 0.0
[2025-07-07T01:51:57.099+0000] {spark_submit.py:634} INFO - 25/07/07 01:51:57 WARN MetricsConfig: Cannot locate configuration: tried hadoop-metrics2-s3a-file-system.properties,hadoop-metrics2.properties
[2025-07-07T01:51:57.110+0000] {spark_submit.py:634} INFO - 25/07/07 01:51:57 WARN FileSystem: Failed to initialize filesystem s3a://hasaki-datalake/ga4-data/hasakiwork/analytics_253437596/events/2025/4/15/0.parquet: java.lang.NumberFormatException: For input string: "60s"
[2025-07-07T01:51:57.112+0000] {spark_submit.py:634} INFO - 25/07/07 01:51:57 WARN FileStreamSink: Assume no metadata directory. Error while looking for metadata directory in the path: s3a://hasaki-datalake/ga4-data/hasakiwork/analytics_253437596/events/2025/4/15/0.parquet.
[2025-07-07T01:51:57.112+0000] {spark_submit.py:634} INFO - java.lang.NumberFormatException: For input string: "60s"
[2025-07-07T01:51:57.112+0000] {spark_submit.py:634} INFO - at java.base/java.lang.NumberFormatException.forInputString(NumberFormatException.java:67)
[2025-07-07T01:51:57.112+0000] {spark_submit.py:634} INFO - at java.base/java.lang.Long.parseLong(Long.java:711)
[2025-07-07T01:51:57.112+0000] {spark_submit.py:634} INFO - at java.base/java.lang.Long.parseLong(Long.java:836)
[2025-07-07T01:51:57.112+0000] {spark_submit.py:634} INFO - at org.apache.hadoop.conf.Configuration.getLong(Configuration.java:1607)
[2025-07-07T01:51:57.112+0000] {spark_submit.py:634} INFO - at org.apache.hadoop.fs.s3a.S3AUtils.longOption(S3AUtils.java:978)
[2025-07-07T01:51:57.112+0000] {spark_submit.py:634} INFO - at org.apache.hadoop.fs.s3a.S3AFileSystem.initThreadPools(S3AFileSystem.java:747)
[2025-07-07T01:51:57.112+0000] {spark_submit.py:634} INFO - at org.apache.hadoop.fs.s3a.S3AFileSystem.initialize(S3AFileSystem.java:517)
[2025-07-07T01:51:57.112+0000] {spark_submit.py:634} INFO - at org.apache.hadoop.fs.FileSystem.createFileSystem(FileSystem.java:3615)
[2025-07-07T01:51:57.112+0000] {spark_submit.py:634} INFO - at org.apache.hadoop.fs.FileSystem.access$300(FileSystem.java:172)
[2025-07-07T01:51:57.112+0000] {spark_submit.py:634} INFO - at org.apache.hadoop.fs.FileSystem$Cache.getInternal(FileSystem.java:3716)
[2025-07-07T01:51:57.112+0000] {spark_submit.py:634} INFO - at org.apache.hadoop.fs.FileSystem$Cache.get(FileSystem.java:3667)
[2025-07-07T01:51:57.112+0000] {spark_submit.py:634} INFO - at org.apache.hadoop.fs.FileSystem.get(FileSystem.java:557)
[2025-07-07T01:51:57.113+0000] {spark_submit.py:634} INFO - at org.apache.hadoop.fs.Path.getFileSystem(Path.java:366)
[2025-07-07T01:51:57.113+0000] {spark_submit.py:634} INFO - at org.apache.spark.sql.execution.streaming.FileStreamSink$.hasMetadata(FileStreamSink.scala:55)
[2025-07-07T01:51:57.113+0000] {spark_submit.py:634} INFO - at org.apache.spark.sql.execution.datasources.DataSource.resolveRelation(DataSource.scala:381)
[2025-07-07T01:51:57.113+0000] {spark_submit.py:634} INFO - at org.apache.spark.sql.catalyst.analysis.ResolveDataSource.org$apache$spark$sql$catalyst$analysis$ResolveDataSource$$loadV1BatchSource(ResolveDataSource.scala:143)
[2025-07-07T01:51:57.113+0000] {spark_submit.py:634} INFO - at org.apache.spark.sql.catalyst.analysis.ResolveDataSource$$anonfun$apply$1.$anonfun$applyOrElse$2(ResolveDataSource.scala:61)
[2025-07-07T01:51:57.113+0000] {spark_submit.py:634} INFO - at scala.Option.getOrElse(Option.scala:201)
[2025-07-07T01:51:57.113+0000] {spark_submit.py:634} INFO - at org.apache.spark.sql.catalyst.analysis.ResolveDataSource$$anonfun$apply$1.applyOrElse(ResolveDataSource.scala:61)
[2025-07-07T01:51:57.113+0000] {spark_submit.py:634} INFO - at org.apache.spark.sql.catalyst.analysis.ResolveDataSource$$anonfun$apply$1.applyOrElse(ResolveDataSource.scala:45)
[2025-07-07T01:51:57.113+0000] {spark_submit.py:634} INFO - at org.apache.spark.sql.catalyst.plans.logical.AnalysisHelper.$anonfun$resolveOperatorsUpWithPruning$3(AnalysisHelper.scala:139)
[2025-07-07T01:51:57.113+0000] {spark_submit.py:634} INFO - at org.apache.spark.sql.catalyst.trees.CurrentOrigin$.withOrigin(origin.scala:86)
[2025-07-07T01:51:57.113+0000] {spark_submit.py:634} INFO - at org.apache.spark.sql.catalyst.plans.logical.AnalysisHelper.$anonfun$resolveOperatorsUpWithPruning$1(AnalysisHelper.scala:139)
[2025-07-07T01:51:57.113+0000] {spark_submit.py:634} INFO - at org.apache.spark.sql.catalyst.plans.logical.AnalysisHelper$.allowInvokingTransformsInAnalyzer(AnalysisHelper.scala:416)
[2025-07-07T01:51:57.113+0000] {spark_submit.py:634} INFO - at org.apache.spark.sql.catalyst.plans.logical.AnalysisHelper.resolveOperatorsUpWithPruning(AnalysisHelper.scala:135)
[2025-07-07T01:51:57.113+0000] {spark_submit.py:634} INFO - at org.apache.spark.sql.catalyst.plans.logical.AnalysisHelper.resolveOperatorsUpWithPruning$(AnalysisHelper.scala:131)
[2025-07-07T01:51:57.113+0000] {spark_submit.py:634} INFO - at org.apache.spark.sql.catalyst.plans.logical.LogicalPlan.resolveOperatorsUpWithPruning(LogicalPlan.scala:37)
[2025-07-07T01:51:57.113+0000] {spark_submit.py:634} INFO - at org.apache.spark.sql.catalyst.plans.logical.AnalysisHelper.resolveOperatorsUp(AnalysisHelper.scala:112)
[2025-07-07T01:51:57.113+0000] {spark_submit.py:634} INFO - at org.apache.spark.sql.catalyst.plans.logical.AnalysisHelper.resolveOperatorsUp$(AnalysisHelper.scala:111)
[2025-07-07T01:51:57.113+0000] {spark_submit.py:634} INFO - at org.apache.spark.sql.catalyst.plans.logical.LogicalPlan.resolveOperatorsUp(LogicalPlan.scala:37)
[2025-07-07T01:51:57.113+0000] {spark_submit.py:634} INFO - at org.apache.spark.sql.catalyst.analysis.ResolveDataSource.apply(ResolveDataSource.scala:45)
[2025-07-07T01:51:57.114+0000] {spark_submit.py:634} INFO - at org.apache.spark.sql.catalyst.analysis.ResolveDataSource.apply(ResolveDataSource.scala:43)
[2025-07-07T01:51:57.114+0000] {spark_submit.py:634} INFO - at org.apache.spark.sql.catalyst.rules.RuleExecutor.$anonfun$execute$2(RuleExecutor.scala:242)
[2025-07-07T01:51:57.114+0000] {spark_submit.py:634} INFO - at scala.collection.LinearSeqOps.foldLeft(LinearSeq.scala:183)
[2025-07-07T01:51:57.114+0000] {spark_submit.py:634} INFO - at scala.collection.LinearSeqOps.foldLeft$(LinearSeq.scala:179)
[2025-07-07T01:51:57.114+0000] {spark_submit.py:634} INFO - at scala.collection.immutable.List.foldLeft(List.scala:79)
[2025-07-07T01:51:57.114+0000] {spark_submit.py:634} INFO - at org.apache.spark.sql.catalyst.rules.RuleExecutor.$anonfun$execute$1(RuleExecutor.scala:239)
[2025-07-07T01:51:57.114+0000] {spark_submit.py:634} INFO - at org.apache.spark.sql.catalyst.rules.RuleExecutor.$anonfun$execute$1$adapted(RuleExecutor.scala:231)
[2025-07-07T01:51:57.114+0000] {spark_submit.py:634} INFO - at scala.collection.immutable.List.foreach(List.scala:334)
[2025-07-07T01:51:57.114+0000] {spark_submit.py:634} INFO - at org.apache.spark.sql.catalyst.rules.RuleExecutor.execute(RuleExecutor.scala:231)
[2025-07-07T01:51:57.114+0000] {spark_submit.py:634} INFO - at org.apache.spark.sql.catalyst.analysis.Analyzer.org$apache$spark$sql$catalyst$analysis$Analyzer$$executeSameContext(Analyzer.scala:290)
[2025-07-07T01:51:57.114+0000] {spark_submit.py:634} INFO - at org.apache.spark.sql.catalyst.analysis.Analyzer.$anonfun$execute$1(Analyzer.scala:286)
[2025-07-07T01:51:57.114+0000] {spark_submit.py:634} INFO - at org.apache.spark.sql.catalyst.analysis.AnalysisContext$.withNewAnalysisContext(Analyzer.scala:234)
[2025-07-07T01:51:57.114+0000] {spark_submit.py:634} INFO - at org.apache.spark.sql.catalyst.analysis.Analyzer.execute(Analyzer.scala:286)
[2025-07-07T01:51:57.114+0000] {spark_submit.py:634} INFO - at org.apache.spark.sql.catalyst.analysis.Analyzer.execute(Analyzer.scala:249)
[2025-07-07T01:51:57.114+0000] {spark_submit.py:634} INFO - at org.apache.spark.sql.catalyst.rules.RuleExecutor.$anonfun$executeAndTrack$1(RuleExecutor.scala:201)
[2025-07-07T01:51:57.115+0000] {spark_submit.py:634} INFO - at org.apache.spark.sql.catalyst.QueryPlanningTracker$.withTracker(QueryPlanningTracker.scala:89)
[2025-07-07T01:51:57.115+0000] {spark_submit.py:634} INFO - at org.apache.spark.sql.catalyst.rules.RuleExecutor.executeAndTrack(RuleExecutor.scala:201)
[2025-07-07T01:51:57.115+0000] {spark_submit.py:634} INFO - at org.apache.spark.sql.catalyst.analysis.resolver.HybridAnalyzer.resolveInFixedPoint(HybridAnalyzer.scala:190)
[2025-07-07T01:51:57.115+0000] {spark_submit.py:634} INFO - at org.apache.spark.sql.catalyst.analysis.resolver.HybridAnalyzer.$anonfun$apply$1(HybridAnalyzer.scala:76)
[2025-07-07T01:51:57.115+0000] {spark_submit.py:634} INFO - at org.apache.spark.sql.catalyst.analysis.resolver.HybridAnalyzer.withTrackedAnalyzerBridgeState(HybridAnalyzer.scala:111)
[2025-07-07T01:51:57.115+0000] {spark_submit.py:634} INFO - at org.apache.spark.sql.catalyst.analysis.resolver.HybridAnalyzer.apply(HybridAnalyzer.scala:71)
[2025-07-07T01:51:57.115+0000] {spark_submit.py:634} INFO - at org.apache.spark.sql.catalyst.analysis.Analyzer.$anonfun$executeAndCheck$1(Analyzer.scala:280)
[2025-07-07T01:51:57.115+0000] {spark_submit.py:634} INFO - at org.apache.spark.sql.catalyst.plans.logical.AnalysisHelper$.markInAnalyzer(AnalysisHelper.scala:423)
[2025-07-07T01:51:57.115+0000] {spark_submit.py:634} INFO - at org.apache.spark.sql.catalyst.analysis.Analyzer.executeAndCheck(Analyzer.scala:280)
[2025-07-07T01:51:57.115+0000] {spark_submit.py:634} INFO - at org.apache.spark.sql.execution.QueryExecution.$anonfun$lazyAnalyzed$2(QueryExecution.scala:110)
[2025-07-07T01:51:57.115+0000] {spark_submit.py:634} INFO - at org.apache.spark.sql.catalyst.QueryPlanningTracker.measurePhase(QueryPlanningTracker.scala:148)
[2025-07-07T01:51:57.115+0000] {spark_submit.py:634} INFO - at org.apache.spark.sql.execution.QueryExecution.$anonfun$executePhase$2(QueryExecution.scala:278)
[2025-07-07T01:51:57.115+0000] {spark_submit.py:634} INFO - at org.apache.spark.sql.execution.QueryExecution$.withInternalError(QueryExecution.scala:654)
[2025-07-07T01:51:57.115+0000] {spark_submit.py:634} INFO - at org.apache.spark.sql.execution.QueryExecution.$anonfun$executePhase$1(QueryExecution.scala:278)
[2025-07-07T01:51:57.115+0000] {spark_submit.py:634} INFO - at org.apache.spark.sql.SparkSession.withActive(SparkSession.scala:804)
[2025-07-07T01:51:57.115+0000] {spark_submit.py:634} INFO - at org.apache.spark.sql.execution.QueryExecution.executePhase(QueryExecution.scala:277)
[2025-07-07T01:51:57.115+0000] {spark_submit.py:634} INFO - at org.apache.spark.sql.execution.QueryExecution.$anonfun$lazyAnalyzed$1(QueryExecution.scala:110)
[2025-07-07T01:51:57.115+0000] {spark_submit.py:634} INFO - at scala.util.Try$.apply(Try.scala:217)
[2025-07-07T01:51:57.115+0000] {spark_submit.py:634} INFO - at org.apache.spark.util.Utils$.doTryWithCallerStacktrace(Utils.scala:1378)
[2025-07-07T01:51:57.115+0000] {spark_submit.py:634} INFO - at org.apache.spark.util.LazyTry.tryT$lzycompute(LazyTry.scala:46)
[2025-07-07T01:51:57.115+0000] {spark_submit.py:634} INFO - at org.apache.spark.util.LazyTry.tryT(LazyTry.scala:46)
[2025-07-07T01:51:57.116+0000] {spark_submit.py:634} INFO - at org.apache.spark.util.LazyTry.get(LazyTry.scala:58)
[2025-07-07T01:51:57.116+0000] {spark_submit.py:634} INFO - at org.apache.spark.sql.execution.QueryExecution.analyzed(QueryExecution.scala:121)
[2025-07-07T01:51:57.116+0000] {spark_submit.py:634} INFO - at org.apache.spark.sql.execution.QueryExecution.assertAnalyzed(QueryExecution.scala:80)
[2025-07-07T01:51:57.116+0000] {spark_submit.py:634} INFO - at org.apache.spark.sql.classic.Dataset$.$anonfun$ofRows$1(Dataset.scala:115)
[2025-07-07T01:51:57.116+0000] {spark_submit.py:634} INFO - at org.apache.spark.sql.SparkSession.withActive(SparkSession.scala:804)
[2025-07-07T01:51:57.116+0000] {spark_submit.py:634} INFO - at org.apache.spark.sql.classic.Dataset$.ofRows(Dataset.scala:113)
[2025-07-07T01:51:57.116+0000] {spark_submit.py:634} INFO - at org.apache.spark.sql.classic.DataFrameReader.load(DataFrameReader.scala:109)
[2025-07-07T01:51:57.116+0000] {spark_submit.py:634} INFO - at org.apache.spark.sql.classic.DataFrameReader.load(DataFrameReader.scala:58)
[2025-07-07T01:51:57.116+0000] {spark_submit.py:634} INFO - at org.apache.spark.sql.DataFrameReader.parquet(DataFrameReader.scala:457)
[2025-07-07T01:51:57.116+0000] {spark_submit.py:634} INFO - at org.apache.spark.sql.classic.DataFrameReader.parquet(DataFrameReader.scala:306)
[2025-07-07T01:51:57.116+0000] {spark_submit.py:634} INFO - at org.apache.spark.sql.classic.DataFrameReader.parquet(DataFrameReader.scala:58)
[2025-07-07T01:51:57.116+0000] {spark_submit.py:634} INFO - at java.base/jdk.internal.reflect.NativeMethodAccessorImpl.invoke0(Native Method)
[2025-07-07T01:51:57.116+0000] {spark_submit.py:634} INFO - at java.base/jdk.internal.reflect.NativeMethodAccessorImpl.invoke(NativeMethodAccessorImpl.java:77)
[2025-07-07T01:51:57.116+0000] {spark_submit.py:634} INFO - at java.base/jdk.internal.reflect.DelegatingMethodAccessorImpl.invoke(DelegatingMethodAccessorImpl.java:43)
[2025-07-07T01:51:57.116+0000] {spark_submit.py:634} INFO - at java.base/java.lang.reflect.Method.invoke(Method.java:569)
[2025-07-07T01:51:57.116+0000] {spark_submit.py:634} INFO - at py4j.reflection.MethodInvoker.invoke(MethodInvoker.java:244)
[2025-07-07T01:51:57.116+0000] {spark_submit.py:634} INFO - at py4j.reflection.ReflectionEngine.invoke(ReflectionEngine.java:374)
[2025-07-07T01:51:57.116+0000] {spark_submit.py:634} INFO - at py4j.Gateway.invoke(Gateway.java:282)
[2025-07-07T01:51:57.116+0000] {spark_submit.py:634} INFO - at py4j.commands.AbstractCommand.invokeMethod(AbstractCommand.java:132)
[2025-07-07T01:51:57.116+0000] {spark_submit.py:634} INFO - at py4j.commands.CallCommand.execute(CallCommand.java:79)
[2025-07-07T01:51:57.116+0000] {spark_submit.py:634} INFO - at py4j.ClientServerConnection.waitForCommands(ClientServerConnection.java:184)
[2025-07-07T01:51:57.116+0000] {spark_submit.py:634} INFO - at py4j.ClientServerConnection.run(ClientServerConnection.java:108)
[2025-07-07T01:51:57.117+0000] {spark_submit.py:634} INFO - at java.base/java.lang.Thread.run(Thread.java:840)
[2025-07-07T01:51:57.119+0000] {spark_submit.py:634} INFO - 25/07/07 01:51:57 WARN MetricsConfig: Cannot locate configuration: tried hadoop-metrics2-s3a-file-system.properties,hadoop-metrics2.properties
[2025-07-07T01:51:57.121+0000] {spark_submit.py:634} INFO - 25/07/07 01:51:57 WARN FileSystem: Failed to initialize filesystem s3a://hasaki-datalake/ga4-data/hasakiwork/analytics_253437596/events/2025/4/15/0.parquet: java.lang.NumberFormatException: For input string: "60s"
[2025-07-07T01:51:57.170+0000] {spark_submit.py:634} INFO - Traceback (most recent call last):
[2025-07-07T01:51:57.170+0000] {spark_submit.py:634} INFO - File "/opt/***/spark_project/src/spark/spark_main_minio.py", line 87, in <module>
[2025-07-07T01:51:57.170+0000] {spark_submit.py:634} INFO - main()
[2025-07-07T01:51:57.170+0000] {spark_submit.py:634} INFO - File "/opt/***/spark_project/src/spark/spark_main_minio.py", line 44, in main
[2025-07-07T01:51:57.170+0000] {spark_submit.py:634} INFO - parquet_file = spark.read.parquet(file_path)
[2025-07-07T01:51:57.170+0000] {spark_submit.py:634} INFO - ^^^^^^^^^^^^^^^^^^^^^^^^^^^^^
[2025-07-07T01:51:57.170+0000] {spark_submit.py:634} INFO - File "/home/***/.local/lib/python3.11/site-packages/pyspark/python/lib/pyspark.zip/pyspark/sql/readwriter.py", line 642, in parquet
[2025-07-07T01:51:57.171+0000] {spark_submit.py:634} INFO - File "/home/***/.local/lib/python3.11/site-packages/pyspark/python/lib/py4j-0.10.9.9-src.zip/py4j/java_gateway.py", line 1362, in __call__
[2025-07-07T01:51:57.171+0000] {spark_submit.py:634} INFO - File "/home/***/.local/lib/python3.11/site-packages/pyspark/python/lib/pyspark.zip/pyspark/errors/exceptions/captured.py", line 288, in deco
[2025-07-07T01:51:57.181+0000] {spark_submit.py:634} INFO - pyspark.errors.exceptions.captured.NumberFormatException: For input string: "60s"
[2025-07-07T01:51:57.437+0000] {taskinstance.py:441} INFO - ::group::Post task execution logs
[2025-07-07T01:51:57.445+0000] {taskinstance.py:2890} ERROR - Task failed with exception
Traceback (most recent call last):
  File "/home/airflow/.local/lib/python3.11/site-packages/airflow/models/taskinstance.py", line 465, in _execute_task
    result = _execute_callable(context=context, **execute_callable_kwargs)
             ^^^^^^^^^^^^^^^^^^^^^^^^^^^^^^^^^^^^^^^^^^^^^^^^^^^^^^^^^^^^^
  File "/home/airflow/.local/lib/python3.11/site-packages/airflow/models/taskinstance.py", line 432, in _execute_callable
    return execute_callable(context=context, **execute_callable_kwargs)
           ^^^^^^^^^^^^^^^^^^^^^^^^^^^^^^^^^^^^^^^^^^^^^^^^^^^^^^^^^^^^
  File "/home/airflow/.local/lib/python3.11/site-packages/airflow/models/baseoperator.py", line 400, in wrapper
    return func(self, *args, **kwargs)
           ^^^^^^^^^^^^^^^^^^^^^^^^^^^
  File "/home/airflow/.local/lib/python3.11/site-packages/airflow/providers/apache/spark/operators/spark_submit.py", line 176, in execute
    self._hook.submit(self.application)
  File "/home/airflow/.local/lib/python3.11/site-packages/airflow/providers/apache/spark/hooks/spark_submit.py", line 560, in submit
    raise AirflowException(
airflow.exceptions.AirflowException: Cannot execute: spark-submit --master spark-master:7077 --packages com.clickhouse:clickhouse-jdbc:0.6.4,org.apache.httpcomponents.client5:httpclient5:5.3.1,org.apache.hadoop:hadoop-aws:3.3.5,com.amazonaws:aws-java-sdk-bundle:1.12.674 --name arrow-spark --deploy-mode client /opt/***/spark_project/src/spark/spark_main_minio.py. Error code is: 1.
[2025-07-07T01:51:57.448+0000] {taskinstance.py:1205} INFO - Marking task as FAILED. dag_id=my_spark_inline, task_id=spark_write_data, execution_date=20250706T051258, start_date=20250707T015148, end_date=20250707T015157
[2025-07-07T01:51:57.454+0000] {standard_task_runner.py:110} ERROR - Failed to execute job 85 for task spark_write_data (Cannot execute: spark-submit --master spark-master:7077 --packages com.clickhouse:clickhouse-jdbc:0.6.4,org.apache.httpcomponents.client5:httpclient5:5.3.1,org.apache.hadoop:hadoop-aws:3.3.5,com.amazonaws:aws-java-sdk-bundle:1.12.674 --name arrow-spark --deploy-mode client /opt/***/spark_project/src/spark/spark_main_minio.py. Error code is: 1.; 1045)
[2025-07-07T01:51:57.466+0000] {local_task_job_runner.py:240} INFO - Task exited with return code 1
[2025-07-07T01:51:57.477+0000] {taskinstance.py:3482} INFO - 0 downstream tasks scheduled from follow-on schedule check
[2025-07-07T01:51:57.478+0000] {local_task_job_runner.py:222} INFO - ::endgroup::
