[2025-07-06T11:34:01.060+0000] {local_task_job_runner.py:120} INFO - ::group::Pre task execution logs
[2025-07-06T11:34:01.164+0000] {taskinstance.py:2073} INFO - Dependencies all met for dep_context=non-requeueable deps ti=<TaskInstance: my_spark_inline.spark_write_data manual__2025-07-06T05:12:58.943989+00:00 [queued]>
[2025-07-06T11:34:01.169+0000] {taskinstance.py:2073} INFO - Dependencies all met for dep_context=requeueable deps ti=<TaskInstance: my_spark_inline.spark_write_data manual__2025-07-06T05:12:58.943989+00:00 [queued]>
[2025-07-06T11:34:01.170+0000] {taskinstance.py:2303} INFO - Starting attempt 15 of 15
[2025-07-06T11:34:01.185+0000] {taskinstance.py:2327} INFO - Executing <Task(SparkSubmitOperator): spark_write_data> on 2025-07-06 05:12:58.943989+00:00
[2025-07-06T11:34:01.189+0000] {standard_task_runner.py:63} INFO - Started process 310 to run task
[2025-07-06T11:34:01.190+0000] {standard_task_runner.py:90} INFO - Running: ['***', 'tasks', 'run', 'my_spark_inline', 'spark_write_data', 'manual__2025-07-06T05:12:58.943989+00:00', '--job-id', '47', '--raw', '--subdir', 'DAGS_FOLDER/test_spark.py', '--cfg-path', '/tmp/tmpld1ag605']
[2025-07-06T11:34:01.192+0000] {standard_task_runner.py:91} INFO - Job 47: Subtask spark_write_data
[2025-07-06T11:34:01.202+0000] {logging_mixin.py:188} WARNING - /home/***/.local/lib/python3.11/site-packages/***/settings.py:195 DeprecationWarning: The sql_alchemy_conn option in [core] has been moved to the sql_alchemy_conn option in [database] - the old setting has been used, but please update your config.
[2025-07-06T11:34:01.221+0000] {task_command.py:426} INFO - Running <TaskInstance: my_spark_inline.spark_write_data manual__2025-07-06T05:12:58.943989+00:00 [running]> on host 6d94ac236c64
[2025-07-06T11:34:01.268+0000] {taskinstance.py:2644} INFO - Exporting env vars: AIRFLOW_CTX_DAG_OWNER='***' AIRFLOW_CTX_DAG_ID='my_spark_inline' AIRFLOW_CTX_TASK_ID='spark_write_data' AIRFLOW_CTX_EXECUTION_DATE='2025-07-06T05:12:58.943989+00:00' AIRFLOW_CTX_TRY_NUMBER='15' AIRFLOW_CTX_DAG_RUN_ID='manual__2025-07-06T05:12:58.943989+00:00'
[2025-07-06T11:34:01.269+0000] {taskinstance.py:430} INFO - ::endgroup::
[2025-07-06T11:34:01.294+0000] {base.py:84} INFO - Using connection ID 'spark_default' for task execution.
[2025-07-06T11:34:01.294+0000] {spark_submit.py:473} INFO - Spark-Submit cmd: spark-submit --master local[*] --conf spark.master=local[*] --packages com.clickhouse:clickhouse-jdbc:0.6.4,org.apache.httpcomponents.client5:httpclient5:5.3.1 --name arrow-spark --queue root.default --deploy-mode client /opt/***/spark_project/src/spark/spark_main.py
[2025-07-06T11:34:01.528+0000] {spark_submit.py:634} INFO - WARNING: Using incubator modules: jdk.incubator.vector
[2025-07-06T11:34:02.848+0000] {spark_submit.py:634} INFO - :: loading settings :: url = jar:file:/home/***/.local/lib/python3.11/site-packages/pyspark/jars/ivy-2.5.3.jar!/org/apache/ivy/core/settings/ivysettings.xml
[2025-07-06T11:34:02.923+0000] {spark_submit.py:634} INFO - Ivy Default Cache set to: /home/***/.ivy2.5.2/cache
[2025-07-06T11:34:02.923+0000] {spark_submit.py:634} INFO - The jars for the packages stored in: /home/***/.ivy2.5.2/jars
[2025-07-06T11:34:02.925+0000] {spark_submit.py:634} INFO - com.clickhouse#clickhouse-jdbc added as a dependency
[2025-07-06T11:34:02.926+0000] {spark_submit.py:634} INFO - org.apache.httpcomponents.client5#httpclient5 added as a dependency
[2025-07-06T11:34:02.926+0000] {spark_submit.py:634} INFO - :: resolving dependencies :: org.apache.spark#spark-submit-parent-be0537a2-1bdf-4454-8eac-6ae04baf7969;1.0
[2025-07-06T11:34:02.926+0000] {spark_submit.py:634} INFO - confs: [default]
[2025-07-06T11:34:04.822+0000] {spark_submit.py:634} INFO - found com.clickhouse#clickhouse-jdbc;0.6.4 in central
[2025-07-06T11:34:11.317+0000] {spark_submit.py:634} INFO - found org.apache.httpcomponents.client5#httpclient5;5.3.1 in central
[2025-07-06T11:34:14.593+0000] {spark_submit.py:634} INFO - found org.apache.httpcomponents.core5#httpcore5;5.2.4 in central
[2025-07-06T11:34:15.221+0000] {spark_submit.py:634} INFO - found org.apache.httpcomponents.core5#httpcore5-h2;5.2.4 in central
[2025-07-06T11:34:16.772+0000] {spark_submit.py:634} INFO - found org.slf4j#slf4j-api;1.7.36 in central
[2025-07-06T11:34:17.039+0000] {spark_submit.py:634} INFO - downloading https://repo1.maven.org/maven2/com/clickhouse/clickhouse-jdbc/0.6.4/clickhouse-jdbc-0.6.4.jar ...
[2025-07-06T11:34:19.726+0000] {spark_submit.py:634} INFO - [SUCCESSFUL ] com.clickhouse#clickhouse-jdbc;0.6.4!clickhouse-jdbc.jar (2949ms)
[2025-07-06T11:34:20.014+0000] {spark_submit.py:634} INFO - downloading https://repo1.maven.org/maven2/org/apache/httpcomponents/client5/httpclient5/5.3.1/httpclient5-5.3.1.jar ...
[2025-07-06T11:34:21.721+0000] {spark_submit.py:634} INFO - [SUCCESSFUL ] org.apache.httpcomponents.client5#httpclient5;5.3.1!httpclient5.jar (1994ms)
[2025-07-06T11:34:21.953+0000] {spark_submit.py:634} INFO - downloading https://repo1.maven.org/maven2/org/apache/httpcomponents/core5/httpcore5/5.2.4/httpcore5-5.2.4.jar ...
[2025-07-06T11:34:23.151+0000] {spark_submit.py:634} INFO - [SUCCESSFUL ] org.apache.httpcomponents.core5#httpcore5;5.2.4!httpcore5.jar (1429ms)
[2025-07-06T11:34:23.386+0000] {spark_submit.py:634} INFO - downloading https://repo1.maven.org/maven2/org/apache/httpcomponents/core5/httpcore5-h2/5.2.4/httpcore5-h2-5.2.4.jar ...
[2025-07-06T11:34:24.243+0000] {spark_submit.py:634} INFO - [SUCCESSFUL ] org.apache.httpcomponents.core5#httpcore5-h2;5.2.4!httpcore5-h2.jar (1089ms)
[2025-07-06T11:34:24.444+0000] {spark_submit.py:634} INFO - downloading https://repo1.maven.org/maven2/org/slf4j/slf4j-api/1.7.36/slf4j-api-1.7.36.jar ...
[2025-07-06T11:34:24.699+0000] {spark_submit.py:634} INFO - [SUCCESSFUL ] org.slf4j#slf4j-api;1.7.36!slf4j-api.jar (456ms)
[2025-07-06T11:34:24.699+0000] {spark_submit.py:634} INFO - :: resolution report :: resolve 13850ms :: artifacts dl 7923ms
[2025-07-06T11:34:24.700+0000] {spark_submit.py:634} INFO - :: modules in use:
[2025-07-06T11:34:24.700+0000] {spark_submit.py:634} INFO - com.clickhouse#clickhouse-jdbc;0.6.4 from central in [default]
[2025-07-06T11:34:24.700+0000] {spark_submit.py:634} INFO - org.apache.httpcomponents.client5#httpclient5;5.3.1 from central in [default]
[2025-07-06T11:34:24.700+0000] {spark_submit.py:634} INFO - org.apache.httpcomponents.core5#httpcore5;5.2.4 from central in [default]
[2025-07-06T11:34:24.700+0000] {spark_submit.py:634} INFO - org.apache.httpcomponents.core5#httpcore5-h2;5.2.4 from central in [default]
[2025-07-06T11:34:24.700+0000] {spark_submit.py:634} INFO - org.slf4j#slf4j-api;1.7.36 from central in [default]
[2025-07-06T11:34:24.701+0000] {spark_submit.py:634} INFO - ---------------------------------------------------------------------
[2025-07-06T11:34:24.711+0000] {spark_submit.py:634} INFO - |                  |            modules            ||   artifacts   |
[2025-07-06T11:34:24.711+0000] {spark_submit.py:634} INFO - |       conf       | number| search|dwnlded|evicted|| number|dwnlded|
[2025-07-06T11:34:24.712+0000] {spark_submit.py:634} INFO - ---------------------------------------------------------------------
[2025-07-06T11:34:24.712+0000] {spark_submit.py:634} INFO - |      default     |   5   |   5   |   5   |   0   ||   5   |   5   |
[2025-07-06T11:34:24.712+0000] {spark_submit.py:634} INFO - ---------------------------------------------------------------------
[2025-07-06T11:34:24.712+0000] {spark_submit.py:634} INFO - :: retrieving :: org.apache.spark#spark-submit-parent-be0537a2-1bdf-4454-8eac-6ae04baf7969
[2025-07-06T11:34:24.712+0000] {spark_submit.py:634} INFO - confs: [default]
[2025-07-06T11:34:24.715+0000] {spark_submit.py:634} INFO - 5 artifacts copied, 0 already retrieved (3220kB/13ms)
[2025-07-06T11:34:25.128+0000] {spark_submit.py:634} INFO - 25/07/06 11:34:25 WARN NativeCodeLoader: Unable to load native-hadoop library for your platform... using builtin-java classes where applicable
[2025-07-06T11:34:27.184+0000] {spark_submit.py:634} INFO - Using Spark's default log4j profile: org/apache/spark/log4j2-defaults.properties
[2025-07-06T11:34:27.215+0000] {spark_submit.py:634} INFO - 25/07/06 11:34:27 INFO SparkContext: Running Spark version 4.0.0
[2025-07-06T11:34:27.216+0000] {spark_submit.py:634} INFO - 25/07/06 11:34:27 INFO SparkContext: OS info Linux, 6.8.0-60-generic, amd64
[2025-07-06T11:34:27.216+0000] {spark_submit.py:634} INFO - 25/07/06 11:34:27 INFO SparkContext: Java version 17.0.15
[2025-07-06T11:34:27.229+0000] {spark_submit.py:634} INFO - 25/07/06 11:34:27 INFO ResourceUtils: ==============================================================
[2025-07-06T11:34:27.229+0000] {spark_submit.py:634} INFO - 25/07/06 11:34:27 INFO ResourceUtils: No custom resources configured for spark.driver.
[2025-07-06T11:34:27.230+0000] {spark_submit.py:634} INFO - 25/07/06 11:34:27 INFO ResourceUtils: ==============================================================
[2025-07-06T11:34:27.230+0000] {spark_submit.py:634} INFO - 25/07/06 11:34:27 INFO SparkContext: Submitted application: thanhdz
[2025-07-06T11:34:27.242+0000] {spark_submit.py:634} INFO - 25/07/06 11:34:27 INFO ResourceProfile: Default ResourceProfile created, executor resources: Map(cores -> name: cores, amount: 2, script: , vendor: , memory -> name: memory, amount: 4096, script: , vendor: , offHeap -> name: offHeap, amount: 0, script: , vendor: ), task resources: Map(cpus -> name: cpus, amount: 1.0)
[2025-07-06T11:34:27.245+0000] {spark_submit.py:634} INFO - 25/07/06 11:34:27 INFO ResourceProfile: Limiting resource is cpus at 2 tasks per executor
[2025-07-06T11:34:27.246+0000] {spark_submit.py:634} INFO - 25/07/06 11:34:27 INFO ResourceProfileManager: Added ResourceProfile id: 0
[2025-07-06T11:34:27.337+0000] {spark_submit.py:634} INFO - 25/07/06 11:34:27 INFO SecurityManager: Changing view acls to: ***
[2025-07-06T11:34:27.338+0000] {spark_submit.py:634} INFO - 25/07/06 11:34:27 INFO SecurityManager: Changing modify acls to: ***
[2025-07-06T11:34:27.338+0000] {spark_submit.py:634} INFO - 25/07/06 11:34:27 INFO SecurityManager: Changing view acls groups to: ***
[2025-07-06T11:34:27.338+0000] {spark_submit.py:634} INFO - 25/07/06 11:34:27 INFO SecurityManager: Changing modify acls groups to: ***
[2025-07-06T11:34:27.339+0000] {spark_submit.py:634} INFO - 25/07/06 11:34:27 INFO SecurityManager: SecurityManager: authentication disabled; ui acls disabled; users with view permissions: *** groups with view permissions: EMPTY; users with modify permissions: ***; groups with modify permissions: EMPTY; RPC SSL disabled
[2025-07-06T11:34:27.577+0000] {spark_submit.py:634} INFO - 25/07/06 11:34:27 INFO Utils: Successfully started service 'sparkDriver' on port 42019.
[2025-07-06T11:34:27.623+0000] {spark_submit.py:634} INFO - 25/07/06 11:34:27 INFO SparkEnv: Registering MapOutputTracker
[2025-07-06T11:34:27.630+0000] {spark_submit.py:634} INFO - 25/07/06 11:34:27 INFO SparkEnv: Registering BlockManagerMaster
[2025-07-06T11:34:27.637+0000] {spark_submit.py:634} INFO - 25/07/06 11:34:27 INFO BlockManagerMasterEndpoint: Using org.apache.spark.storage.DefaultTopologyMapper for getting topology information
[2025-07-06T11:34:27.637+0000] {spark_submit.py:634} INFO - 25/07/06 11:34:27 INFO BlockManagerMasterEndpoint: BlockManagerMasterEndpoint up
[2025-07-06T11:34:27.639+0000] {spark_submit.py:634} INFO - 25/07/06 11:34:27 INFO SparkEnv: Registering BlockManagerMasterHeartbeat
[2025-07-06T11:34:27.650+0000] {spark_submit.py:634} INFO - 25/07/06 11:34:27 INFO DiskBlockManager: Created local directory at /tmp/blockmgr-89b46a7d-4f93-4a84-afd1-abcf6c15d149
[2025-07-06T11:34:27.661+0000] {spark_submit.py:634} INFO - 25/07/06 11:34:27 INFO SparkEnv: Registering OutputCommitCoordinator
[2025-07-06T11:34:27.840+0000] {spark_submit.py:634} INFO - 25/07/06 11:34:27 INFO JettyUtils: Start Jetty 0.0.0.0:4040 for SparkUI
[2025-07-06T11:34:27.939+0000] {spark_submit.py:634} INFO - 25/07/06 11:34:27 INFO Utils: Successfully started service 'SparkUI' on port 4040.
[2025-07-06T11:34:28.024+0000] {spark_submit.py:634} INFO - 25/07/06 11:34:28 INFO SparkContext: Added JAR file:///home/***/.ivy2.5.2/jars/com.clickhouse_clickhouse-jdbc-0.6.4.jar at spark://6d94ac236c64:42019/jars/com.clickhouse_clickhouse-jdbc-0.6.4.jar with timestamp 1751801667179
[2025-07-06T11:34:28.024+0000] {spark_submit.py:634} INFO - 25/07/06 11:34:28 INFO SparkContext: Added JAR file:///home/***/.ivy2.5.2/jars/org.apache.httpcomponents.client5_httpclient5-5.3.1.jar at spark://6d94ac236c64:42019/jars/org.apache.httpcomponents.client5_httpclient5-5.3.1.jar with timestamp 1751801667179
[2025-07-06T11:34:28.024+0000] {spark_submit.py:634} INFO - 25/07/06 11:34:28 INFO SparkContext: Added JAR file:///home/***/.ivy2.5.2/jars/org.apache.httpcomponents.core5_httpcore5-5.2.4.jar at spark://6d94ac236c64:42019/jars/org.apache.httpcomponents.core5_httpcore5-5.2.4.jar with timestamp 1751801667179
[2025-07-06T11:34:28.025+0000] {spark_submit.py:634} INFO - 25/07/06 11:34:28 INFO SparkContext: Added JAR file:///home/***/.ivy2.5.2/jars/org.apache.httpcomponents.core5_httpcore5-h2-5.2.4.jar at spark://6d94ac236c64:42019/jars/org.apache.httpcomponents.core5_httpcore5-h2-5.2.4.jar with timestamp 1751801667179
[2025-07-06T11:34:28.025+0000] {spark_submit.py:634} INFO - 25/07/06 11:34:28 INFO SparkContext: Added JAR file:///home/***/.ivy2.5.2/jars/org.slf4j_slf4j-api-1.7.36.jar at spark://6d94ac236c64:42019/jars/org.slf4j_slf4j-api-1.7.36.jar with timestamp 1751801667179
[2025-07-06T11:34:28.026+0000] {spark_submit.py:634} INFO - 25/07/06 11:34:28 INFO SparkContext: Added file file:///home/***/.ivy2.5.2/jars/com.clickhouse_clickhouse-jdbc-0.6.4.jar at file:///home/***/.ivy2.5.2/jars/com.clickhouse_clickhouse-jdbc-0.6.4.jar with timestamp 1751801667179
[2025-07-06T11:34:28.027+0000] {spark_submit.py:634} INFO - 25/07/06 11:34:28 INFO Utils: Copying /home/***/.ivy2.5.2/jars/com.clickhouse_clickhouse-jdbc-0.6.4.jar to /tmp/spark-ea0ae155-27d9-4fbf-8487-c0e20f29dc21/userFiles-39593a26-c311-4dcc-9895-04a87ae3ebdd/com.clickhouse_clickhouse-jdbc-0.6.4.jar
[2025-07-06T11:34:28.034+0000] {spark_submit.py:634} INFO - 25/07/06 11:34:28 INFO SparkContext: Added file file:///home/***/.ivy2.5.2/jars/org.apache.httpcomponents.client5_httpclient5-5.3.1.jar at file:///home/***/.ivy2.5.2/jars/org.apache.httpcomponents.client5_httpclient5-5.3.1.jar with timestamp 1751801667179
[2025-07-06T11:34:28.034+0000] {spark_submit.py:634} INFO - 25/07/06 11:34:28 INFO Utils: Copying /home/***/.ivy2.5.2/jars/org.apache.httpcomponents.client5_httpclient5-5.3.1.jar to /tmp/spark-ea0ae155-27d9-4fbf-8487-c0e20f29dc21/userFiles-39593a26-c311-4dcc-9895-04a87ae3ebdd/org.apache.httpcomponents.client5_httpclient5-5.3.1.jar
[2025-07-06T11:34:28.038+0000] {spark_submit.py:634} INFO - 25/07/06 11:34:28 INFO SparkContext: Added file file:///home/***/.ivy2.5.2/jars/org.apache.httpcomponents.core5_httpcore5-5.2.4.jar at file:///home/***/.ivy2.5.2/jars/org.apache.httpcomponents.core5_httpcore5-5.2.4.jar with timestamp 1751801667179
[2025-07-06T11:34:28.039+0000] {spark_submit.py:634} INFO - 25/07/06 11:34:28 INFO Utils: Copying /home/***/.ivy2.5.2/jars/org.apache.httpcomponents.core5_httpcore5-5.2.4.jar to /tmp/spark-ea0ae155-27d9-4fbf-8487-c0e20f29dc21/userFiles-39593a26-c311-4dcc-9895-04a87ae3ebdd/org.apache.httpcomponents.core5_httpcore5-5.2.4.jar
[2025-07-06T11:34:28.043+0000] {spark_submit.py:634} INFO - 25/07/06 11:34:28 INFO SparkContext: Added file file:///home/***/.ivy2.5.2/jars/org.apache.httpcomponents.core5_httpcore5-h2-5.2.4.jar at file:///home/***/.ivy2.5.2/jars/org.apache.httpcomponents.core5_httpcore5-h2-5.2.4.jar with timestamp 1751801667179
[2025-07-06T11:34:28.043+0000] {spark_submit.py:634} INFO - 25/07/06 11:34:28 INFO Utils: Copying /home/***/.ivy2.5.2/jars/org.apache.httpcomponents.core5_httpcore5-h2-5.2.4.jar to /tmp/spark-ea0ae155-27d9-4fbf-8487-c0e20f29dc21/userFiles-39593a26-c311-4dcc-9895-04a87ae3ebdd/org.apache.httpcomponents.core5_httpcore5-h2-5.2.4.jar
[2025-07-06T11:34:28.047+0000] {spark_submit.py:634} INFO - 25/07/06 11:34:28 INFO SparkContext: Added file file:///home/***/.ivy2.5.2/jars/org.slf4j_slf4j-api-1.7.36.jar at file:///home/***/.ivy2.5.2/jars/org.slf4j_slf4j-api-1.7.36.jar with timestamp 1751801667179
[2025-07-06T11:34:28.047+0000] {spark_submit.py:634} INFO - 25/07/06 11:34:28 INFO Utils: Copying /home/***/.ivy2.5.2/jars/org.slf4j_slf4j-api-1.7.36.jar to /tmp/spark-ea0ae155-27d9-4fbf-8487-c0e20f29dc21/userFiles-39593a26-c311-4dcc-9895-04a87ae3ebdd/org.slf4j_slf4j-api-1.7.36.jar
[2025-07-06T11:34:28.118+0000] {spark_submit.py:634} INFO - 25/07/06 11:34:28 INFO SecurityManager: Changing view acls to: ***
[2025-07-06T11:34:28.119+0000] {spark_submit.py:634} INFO - 25/07/06 11:34:28 INFO SecurityManager: Changing modify acls to: ***
[2025-07-06T11:34:28.119+0000] {spark_submit.py:634} INFO - 25/07/06 11:34:28 INFO SecurityManager: Changing view acls groups to: ***
[2025-07-06T11:34:28.119+0000] {spark_submit.py:634} INFO - 25/07/06 11:34:28 INFO SecurityManager: Changing modify acls groups to: ***
[2025-07-06T11:34:28.119+0000] {spark_submit.py:634} INFO - 25/07/06 11:34:28 INFO SecurityManager: SecurityManager: authentication disabled; ui acls disabled; users with view permissions: *** groups with view permissions: EMPTY; users with modify permissions: ***; groups with modify permissions: EMPTY; RPC SSL disabled
[2025-07-06T11:34:28.245+0000] {spark_submit.py:634} INFO - 25/07/06 11:34:28 INFO Executor: Starting executor ID driver on host 6d94ac236c64
[2025-07-06T11:34:28.245+0000] {spark_submit.py:634} INFO - 25/07/06 11:34:28 INFO Executor: OS info Linux, 6.8.0-60-generic, amd64
[2025-07-06T11:34:28.246+0000] {spark_submit.py:634} INFO - 25/07/06 11:34:28 INFO Executor: Java version 17.0.15
[2025-07-06T11:34:28.252+0000] {spark_submit.py:634} INFO - 25/07/06 11:34:28 INFO Executor: Starting executor with user classpath (userClassPathFirst = false): ''
[2025-07-06T11:34:28.253+0000] {spark_submit.py:634} INFO - 25/07/06 11:34:28 INFO Executor: Created or updated repl class loader org.apache.spark.util.MutableURLClassLoader@2bc3556 for default.
[2025-07-06T11:34:28.313+0000] {spark_submit.py:634} INFO - 25/07/06 11:34:28 INFO Executor: Fetching file:///home/***/.ivy2.5.2/jars/com.clickhouse_clickhouse-jdbc-0.6.4.jar with timestamp 1751801667179
[2025-07-06T11:34:28.325+0000] {spark_submit.py:634} INFO - 25/07/06 11:34:28 INFO Utils: /home/***/.ivy2.5.2/jars/com.clickhouse_clickhouse-jdbc-0.6.4.jar has been previously copied to /tmp/spark-ea0ae155-27d9-4fbf-8487-c0e20f29dc21/userFiles-39593a26-c311-4dcc-9895-04a87ae3ebdd/com.clickhouse_clickhouse-jdbc-0.6.4.jar
[2025-07-06T11:34:28.328+0000] {spark_submit.py:634} INFO - 25/07/06 11:34:28 INFO Executor: Fetching file:///home/***/.ivy2.5.2/jars/org.apache.httpcomponents.client5_httpclient5-5.3.1.jar with timestamp 1751801667179
[2025-07-06T11:34:28.329+0000] {spark_submit.py:634} INFO - 25/07/06 11:34:28 INFO Utils: /home/***/.ivy2.5.2/jars/org.apache.httpcomponents.client5_httpclient5-5.3.1.jar has been previously copied to /tmp/spark-ea0ae155-27d9-4fbf-8487-c0e20f29dc21/userFiles-39593a26-c311-4dcc-9895-04a87ae3ebdd/org.apache.httpcomponents.client5_httpclient5-5.3.1.jar
[2025-07-06T11:34:28.333+0000] {spark_submit.py:634} INFO - 25/07/06 11:34:28 INFO Executor: Fetching file:///home/***/.ivy2.5.2/jars/org.apache.httpcomponents.core5_httpcore5-5.2.4.jar with timestamp 1751801667179
[2025-07-06T11:34:28.334+0000] {spark_submit.py:634} INFO - 25/07/06 11:34:28 INFO Utils: /home/***/.ivy2.5.2/jars/org.apache.httpcomponents.core5_httpcore5-5.2.4.jar has been previously copied to /tmp/spark-ea0ae155-27d9-4fbf-8487-c0e20f29dc21/userFiles-39593a26-c311-4dcc-9895-04a87ae3ebdd/org.apache.httpcomponents.core5_httpcore5-5.2.4.jar
[2025-07-06T11:34:28.338+0000] {spark_submit.py:634} INFO - 25/07/06 11:34:28 INFO Executor: Fetching file:///home/***/.ivy2.5.2/jars/org.apache.httpcomponents.core5_httpcore5-h2-5.2.4.jar with timestamp 1751801667179
[2025-07-06T11:34:28.338+0000] {spark_submit.py:634} INFO - 25/07/06 11:34:28 INFO Utils: /home/***/.ivy2.5.2/jars/org.apache.httpcomponents.core5_httpcore5-h2-5.2.4.jar has been previously copied to /tmp/spark-ea0ae155-27d9-4fbf-8487-c0e20f29dc21/userFiles-39593a26-c311-4dcc-9895-04a87ae3ebdd/org.apache.httpcomponents.core5_httpcore5-h2-5.2.4.jar
[2025-07-06T11:34:28.342+0000] {spark_submit.py:634} INFO - 25/07/06 11:34:28 INFO Executor: Fetching file:///home/***/.ivy2.5.2/jars/org.slf4j_slf4j-api-1.7.36.jar with timestamp 1751801667179
[2025-07-06T11:34:28.342+0000] {spark_submit.py:634} INFO - 25/07/06 11:34:28 INFO Utils: /home/***/.ivy2.5.2/jars/org.slf4j_slf4j-api-1.7.36.jar has been previously copied to /tmp/spark-ea0ae155-27d9-4fbf-8487-c0e20f29dc21/userFiles-39593a26-c311-4dcc-9895-04a87ae3ebdd/org.slf4j_slf4j-api-1.7.36.jar
[2025-07-06T11:34:28.348+0000] {spark_submit.py:634} INFO - 25/07/06 11:34:28 INFO Executor: Fetching spark://6d94ac236c64:42019/jars/org.apache.httpcomponents.core5_httpcore5-5.2.4.jar with timestamp 1751801667179
[2025-07-06T11:34:28.423+0000] {spark_submit.py:634} INFO - 25/07/06 11:34:28 INFO TransportClientFactory: Successfully created connection to 6d94ac236c64/172.21.0.9:42019 after 65 ms (0 ms spent in bootstraps)
[2025-07-06T11:34:28.427+0000] {spark_submit.py:634} INFO - 25/07/06 11:34:28 INFO Utils: Fetching spark://6d94ac236c64:42019/jars/org.apache.httpcomponents.core5_httpcore5-5.2.4.jar to /tmp/spark-ea0ae155-27d9-4fbf-8487-c0e20f29dc21/userFiles-39593a26-c311-4dcc-9895-04a87ae3ebdd/fetchFileTemp3888918197513791101.tmp
[2025-07-06T11:34:28.439+0000] {spark_submit.py:634} INFO - 25/07/06 11:34:28 INFO Utils: /tmp/spark-ea0ae155-27d9-4fbf-8487-c0e20f29dc21/userFiles-39593a26-c311-4dcc-9895-04a87ae3ebdd/fetchFileTemp3888918197513791101.tmp has been previously copied to /tmp/spark-ea0ae155-27d9-4fbf-8487-c0e20f29dc21/userFiles-39593a26-c311-4dcc-9895-04a87ae3ebdd/org.apache.httpcomponents.core5_httpcore5-5.2.4.jar
[2025-07-06T11:34:28.444+0000] {spark_submit.py:634} INFO - 25/07/06 11:34:28 INFO Executor: Adding file:/tmp/spark-ea0ae155-27d9-4fbf-8487-c0e20f29dc21/userFiles-39593a26-c311-4dcc-9895-04a87ae3ebdd/org.apache.httpcomponents.core5_httpcore5-5.2.4.jar to class loader default
[2025-07-06T11:34:28.445+0000] {spark_submit.py:634} INFO - 25/07/06 11:34:28 INFO Executor: Fetching spark://6d94ac236c64:42019/jars/org.apache.httpcomponents.client5_httpclient5-5.3.1.jar with timestamp 1751801667179
[2025-07-06T11:34:28.445+0000] {spark_submit.py:634} INFO - 25/07/06 11:34:28 INFO Utils: Fetching spark://6d94ac236c64:42019/jars/org.apache.httpcomponents.client5_httpclient5-5.3.1.jar to /tmp/spark-ea0ae155-27d9-4fbf-8487-c0e20f29dc21/userFiles-39593a26-c311-4dcc-9895-04a87ae3ebdd/fetchFileTemp13877770536272910531.tmp
[2025-07-06T11:34:28.447+0000] {spark_submit.py:634} INFO - 25/07/06 11:34:28 INFO Utils: /tmp/spark-ea0ae155-27d9-4fbf-8487-c0e20f29dc21/userFiles-39593a26-c311-4dcc-9895-04a87ae3ebdd/fetchFileTemp13877770536272910531.tmp has been previously copied to /tmp/spark-ea0ae155-27d9-4fbf-8487-c0e20f29dc21/userFiles-39593a26-c311-4dcc-9895-04a87ae3ebdd/org.apache.httpcomponents.client5_httpclient5-5.3.1.jar
[2025-07-06T11:34:28.451+0000] {spark_submit.py:634} INFO - 25/07/06 11:34:28 INFO Executor: Adding file:/tmp/spark-ea0ae155-27d9-4fbf-8487-c0e20f29dc21/userFiles-39593a26-c311-4dcc-9895-04a87ae3ebdd/org.apache.httpcomponents.client5_httpclient5-5.3.1.jar to class loader default
[2025-07-06T11:34:28.451+0000] {spark_submit.py:634} INFO - 25/07/06 11:34:28 INFO Executor: Fetching spark://6d94ac236c64:42019/jars/org.apache.httpcomponents.core5_httpcore5-h2-5.2.4.jar with timestamp 1751801667179
[2025-07-06T11:34:28.452+0000] {spark_submit.py:634} INFO - 25/07/06 11:34:28 INFO Utils: Fetching spark://6d94ac236c64:42019/jars/org.apache.httpcomponents.core5_httpcore5-h2-5.2.4.jar to /tmp/spark-ea0ae155-27d9-4fbf-8487-c0e20f29dc21/userFiles-39593a26-c311-4dcc-9895-04a87ae3ebdd/fetchFileTemp5039382810440919526.tmp
[2025-07-06T11:34:28.453+0000] {spark_submit.py:634} INFO - 25/07/06 11:34:28 INFO Utils: /tmp/spark-ea0ae155-27d9-4fbf-8487-c0e20f29dc21/userFiles-39593a26-c311-4dcc-9895-04a87ae3ebdd/fetchFileTemp5039382810440919526.tmp has been previously copied to /tmp/spark-ea0ae155-27d9-4fbf-8487-c0e20f29dc21/userFiles-39593a26-c311-4dcc-9895-04a87ae3ebdd/org.apache.httpcomponents.core5_httpcore5-h2-5.2.4.jar
[2025-07-06T11:34:28.456+0000] {spark_submit.py:634} INFO - 25/07/06 11:34:28 INFO Executor: Adding file:/tmp/spark-ea0ae155-27d9-4fbf-8487-c0e20f29dc21/userFiles-39593a26-c311-4dcc-9895-04a87ae3ebdd/org.apache.httpcomponents.core5_httpcore5-h2-5.2.4.jar to class loader default
[2025-07-06T11:34:28.456+0000] {spark_submit.py:634} INFO - 25/07/06 11:34:28 INFO Executor: Fetching spark://6d94ac236c64:42019/jars/org.slf4j_slf4j-api-1.7.36.jar with timestamp 1751801667179
[2025-07-06T11:34:28.456+0000] {spark_submit.py:634} INFO - 25/07/06 11:34:28 INFO Utils: Fetching spark://6d94ac236c64:42019/jars/org.slf4j_slf4j-api-1.7.36.jar to /tmp/spark-ea0ae155-27d9-4fbf-8487-c0e20f29dc21/userFiles-39593a26-c311-4dcc-9895-04a87ae3ebdd/fetchFileTemp7132141850278337833.tmp
[2025-07-06T11:34:28.457+0000] {spark_submit.py:634} INFO - 25/07/06 11:34:28 INFO Utils: /tmp/spark-ea0ae155-27d9-4fbf-8487-c0e20f29dc21/userFiles-39593a26-c311-4dcc-9895-04a87ae3ebdd/fetchFileTemp7132141850278337833.tmp has been previously copied to /tmp/spark-ea0ae155-27d9-4fbf-8487-c0e20f29dc21/userFiles-39593a26-c311-4dcc-9895-04a87ae3ebdd/org.slf4j_slf4j-api-1.7.36.jar
[2025-07-06T11:34:28.459+0000] {spark_submit.py:634} INFO - 25/07/06 11:34:28 INFO Executor: Adding file:/tmp/spark-ea0ae155-27d9-4fbf-8487-c0e20f29dc21/userFiles-39593a26-c311-4dcc-9895-04a87ae3ebdd/org.slf4j_slf4j-api-1.7.36.jar to class loader default
[2025-07-06T11:34:28.460+0000] {spark_submit.py:634} INFO - 25/07/06 11:34:28 INFO Executor: Fetching spark://6d94ac236c64:42019/jars/com.clickhouse_clickhouse-jdbc-0.6.4.jar with timestamp 1751801667179
[2025-07-06T11:34:28.512+0000] {spark_submit.py:634} INFO - 25/07/06 11:34:28 INFO Utils: Fetching spark://6d94ac236c64:42019/jars/com.clickhouse_clickhouse-jdbc-0.6.4.jar to /tmp/spark-ea0ae155-27d9-4fbf-8487-c0e20f29dc21/userFiles-39593a26-c311-4dcc-9895-04a87ae3ebdd/fetchFileTemp2473022504817525839.tmp
[2025-07-06T11:34:28.514+0000] {spark_submit.py:634} INFO - 25/07/06 11:34:28 INFO Utils: /tmp/spark-ea0ae155-27d9-4fbf-8487-c0e20f29dc21/userFiles-39593a26-c311-4dcc-9895-04a87ae3ebdd/fetchFileTemp2473022504817525839.tmp has been previously copied to /tmp/spark-ea0ae155-27d9-4fbf-8487-c0e20f29dc21/userFiles-39593a26-c311-4dcc-9895-04a87ae3ebdd/com.clickhouse_clickhouse-jdbc-0.6.4.jar
[2025-07-06T11:34:28.519+0000] {spark_submit.py:634} INFO - 25/07/06 11:34:28 INFO Executor: Adding file:/tmp/spark-ea0ae155-27d9-4fbf-8487-c0e20f29dc21/userFiles-39593a26-c311-4dcc-9895-04a87ae3ebdd/com.clickhouse_clickhouse-jdbc-0.6.4.jar to class loader default
[2025-07-06T11:34:28.525+0000] {spark_submit.py:634} INFO - 25/07/06 11:34:28 INFO Utils: Successfully started service 'org.apache.spark.network.netty.NettyBlockTransferService' on port 39651.
[2025-07-06T11:34:28.525+0000] {spark_submit.py:634} INFO - 25/07/06 11:34:28 INFO NettyBlockTransferService: Server created on 6d94ac236c64:39651
[2025-07-06T11:34:28.526+0000] {spark_submit.py:634} INFO - 25/07/06 11:34:28 INFO BlockManager: Using org.apache.spark.storage.RandomBlockReplicationPolicy for block replication policy
[2025-07-06T11:34:28.533+0000] {spark_submit.py:634} INFO - 25/07/06 11:34:28 INFO BlockManagerMaster: Registering BlockManager BlockManagerId(driver, 6d94ac236c64, 39651, None)
[2025-07-06T11:34:28.537+0000] {spark_submit.py:634} INFO - 25/07/06 11:34:28 INFO BlockManagerMasterEndpoint: Registering block manager 6d94ac236c64:39651 with 413.9 MiB RAM, BlockManagerId(driver, 6d94ac236c64, 39651, None)
[2025-07-06T11:34:28.539+0000] {spark_submit.py:634} INFO - 25/07/06 11:34:28 INFO BlockManagerMaster: Registered BlockManager BlockManagerId(driver, 6d94ac236c64, 39651, None)
[2025-07-06T11:34:28.539+0000] {spark_submit.py:634} INFO - 25/07/06 11:34:28 INFO BlockManager: Initialized BlockManager: BlockManagerId(driver, 6d94ac236c64, 39651, None)
[2025-07-06T11:34:35.135+0000] {spark_submit.py:634} INFO - Python-dotenv could not parse statement starting at line 1
[2025-07-06T11:34:35.136+0000] {spark_submit.py:634} INFO - Python-dotenv could not parse statement starting at line 3
[2025-07-06T11:34:35.552+0000] {spark_submit.py:634} INFO - 25/07/06 11:34:35 WARN SparkStringUtils: Truncated the string representation of a plan since it was too large. This behavior can be adjusted by setting 'spark.sql.debug.maxToStringFields'.
[2025-07-06T11:34:38.113+0000] {spark_submit.py:634} INFO - 25/07/06 11:34:38 WARN JdbcUtils: Requested isolation level 1, but transactions are unsupported
[2025-07-06T11:34:40.146+0000] {spark_submit.py:634} INFO - ------------------------Dữ liệu đã được ghi thành công vào ClickHouse------------------------
[2025-07-06T11:34:40.329+0000] {spark_submit.py:634} INFO - -------------Stop SparkSession-------------
[2025-07-06T11:34:40.448+0000] {taskinstance.py:441} INFO - ::group::Post task execution logs
[2025-07-06T11:34:40.456+0000] {taskinstance.py:1205} INFO - Marking task as SUCCESS. dag_id=my_spark_inline, task_id=spark_write_data, execution_date=20250706T051258, start_date=20250706T113401, end_date=20250706T113440
[2025-07-06T11:34:40.500+0000] {local_task_job_runner.py:240} INFO - Task exited with return code 0
[2025-07-06T11:34:40.510+0000] {taskinstance.py:3482} INFO - 0 downstream tasks scheduled from follow-on schedule check
[2025-07-06T11:34:40.510+0000] {local_task_job_runner.py:222} INFO - ::endgroup::
