[2025-07-06T05:47:45.547+0000] {local_task_job_runner.py:120} INFO - ::group::Pre task execution logs
[2025-07-06T05:47:45.569+0000] {taskinstance.py:2073} INFO - Dependencies all met for dep_context=non-requeueable deps ti=<TaskInstance: my_spark_inline.spark_write_data manual__2025-07-06T05:12:58.943989+00:00 [queued]>
[2025-07-06T05:47:45.672+0000] {taskinstance.py:2073} INFO - Dependencies all met for dep_context=requeueable deps ti=<TaskInstance: my_spark_inline.spark_write_data manual__2025-07-06T05:12:58.943989+00:00 [queued]>
[2025-07-06T05:47:45.672+0000] {taskinstance.py:2303} INFO - Starting attempt 12 of 12
[2025-07-06T05:47:45.687+0000] {taskinstance.py:2327} INFO - Executing <Task(SparkSubmitOperator): spark_write_data> on 2025-07-06 05:12:58.943989+00:00
[2025-07-06T05:47:45.690+0000] {standard_task_runner.py:63} INFO - Started process 2695 to run task
[2025-07-06T05:47:45.695+0000] {standard_task_runner.py:90} INFO - Running: ['***', 'tasks', 'run', 'my_spark_inline', 'spark_write_data', 'manual__2025-07-06T05:12:58.943989+00:00', '--job-id', '41', '--raw', '--subdir', 'DAGS_FOLDER/test_spark.py', '--cfg-path', '/tmp/tmpi91zhcoh']
[2025-07-06T05:47:45.697+0000] {standard_task_runner.py:91} INFO - Job 41: Subtask spark_write_data
[2025-07-06T05:47:45.707+0000] {logging_mixin.py:188} WARNING - /home/***/.local/lib/python3.11/site-packages/***/settings.py:195 DeprecationWarning: The sql_alchemy_conn option in [core] has been moved to the sql_alchemy_conn option in [database] - the old setting has been used, but please update your config.
[2025-07-06T05:47:45.728+0000] {task_command.py:426} INFO - Running <TaskInstance: my_spark_inline.spark_write_data manual__2025-07-06T05:12:58.943989+00:00 [running]> on host 1d0c55f2b911
[2025-07-06T05:47:45.788+0000] {taskinstance.py:2644} INFO - Exporting env vars: AIRFLOW_CTX_DAG_OWNER='***' AIRFLOW_CTX_DAG_ID='my_spark_inline' AIRFLOW_CTX_TASK_ID='spark_write_data' AIRFLOW_CTX_EXECUTION_DATE='2025-07-06T05:12:58.943989+00:00' AIRFLOW_CTX_TRY_NUMBER='12' AIRFLOW_CTX_DAG_RUN_ID='manual__2025-07-06T05:12:58.943989+00:00'
[2025-07-06T05:47:45.789+0000] {taskinstance.py:430} INFO - ::endgroup::
[2025-07-06T05:47:45.805+0000] {base.py:84} INFO - Using connection ID 'spark_default' for task execution.
[2025-07-06T05:47:45.805+0000] {spark_submit.py:473} INFO - Spark-Submit cmd: spark-submit --master local[*] --conf spark.master=local[*] --packages com.clickhouse:clickhouse-jdbc:0.6.4,org.apache.httpcomponents.client5:httpclient5:5.3.1 --name arrow-spark --queue root.default --deploy-mode client /opt/***/spark_project/src/spark/spark_main.py
[2025-07-06T05:47:46.042+0000] {spark_submit.py:634} INFO - WARNING: Using incubator modules: jdk.incubator.vector
[2025-07-06T05:47:47.455+0000] {spark_submit.py:634} INFO - :: loading settings :: url = jar:file:/home/***/.local/lib/python3.11/site-packages/pyspark/jars/ivy-2.5.3.jar!/org/apache/ivy/core/settings/ivysettings.xml
[2025-07-06T05:47:47.555+0000] {spark_submit.py:634} INFO - Ivy Default Cache set to: /home/***/.ivy2.5.2/cache
[2025-07-06T05:47:47.556+0000] {spark_submit.py:634} INFO - The jars for the packages stored in: /home/***/.ivy2.5.2/jars
[2025-07-06T05:47:47.558+0000] {spark_submit.py:634} INFO - com.clickhouse#clickhouse-jdbc added as a dependency
[2025-07-06T05:47:47.558+0000] {spark_submit.py:634} INFO - org.apache.httpcomponents.client5#httpclient5 added as a dependency
[2025-07-06T05:47:47.558+0000] {spark_submit.py:634} INFO - :: resolving dependencies :: org.apache.spark#spark-submit-parent-856db22d-a7ee-4440-9a4f-c16bc6e2a1c1;1.0
[2025-07-06T05:47:47.559+0000] {spark_submit.py:634} INFO - confs: [default]
[2025-07-06T05:47:47.681+0000] {spark_submit.py:634} INFO - found com.clickhouse#clickhouse-jdbc;0.6.4 in central
[2025-07-06T05:47:47.743+0000] {spark_submit.py:634} INFO - found org.apache.httpcomponents.client5#httpclient5;5.3.1 in central
[2025-07-06T05:47:47.759+0000] {spark_submit.py:634} INFO - found org.apache.httpcomponents.core5#httpcore5;5.2.4 in central
[2025-07-06T05:47:47.838+0000] {spark_submit.py:634} INFO - found org.apache.httpcomponents.core5#httpcore5-h2;5.2.4 in central
[2025-07-06T05:47:47.852+0000] {spark_submit.py:634} INFO - found org.slf4j#slf4j-api;1.7.36 in central
[2025-07-06T05:47:47.864+0000] {spark_submit.py:634} INFO - :: resolution report :: resolve 301ms :: artifacts dl 5ms
[2025-07-06T05:47:47.864+0000] {spark_submit.py:634} INFO - :: modules in use:
[2025-07-06T05:47:47.864+0000] {spark_submit.py:634} INFO - com.clickhouse#clickhouse-jdbc;0.6.4 from central in [default]
[2025-07-06T05:47:47.864+0000] {spark_submit.py:634} INFO - org.apache.httpcomponents.client5#httpclient5;5.3.1 from central in [default]
[2025-07-06T05:47:47.865+0000] {spark_submit.py:634} INFO - org.apache.httpcomponents.core5#httpcore5;5.2.4 from central in [default]
[2025-07-06T05:47:47.865+0000] {spark_submit.py:634} INFO - org.apache.httpcomponents.core5#httpcore5-h2;5.2.4 from central in [default]
[2025-07-06T05:47:47.865+0000] {spark_submit.py:634} INFO - org.slf4j#slf4j-api;1.7.36 from central in [default]
[2025-07-06T05:47:47.865+0000] {spark_submit.py:634} INFO - ---------------------------------------------------------------------
[2025-07-06T05:47:47.865+0000] {spark_submit.py:634} INFO - |                  |            modules            ||   artifacts   |
[2025-07-06T05:47:47.865+0000] {spark_submit.py:634} INFO - |       conf       | number| search|dwnlded|evicted|| number|dwnlded|
[2025-07-06T05:47:47.865+0000] {spark_submit.py:634} INFO - ---------------------------------------------------------------------
[2025-07-06T05:47:47.865+0000] {spark_submit.py:634} INFO - |      default     |   5   |   0   |   0   |   0   ||   5   |   0   |
[2025-07-06T05:47:47.865+0000] {spark_submit.py:634} INFO - ---------------------------------------------------------------------
[2025-07-06T05:47:47.867+0000] {spark_submit.py:634} INFO - :: retrieving :: org.apache.spark#spark-submit-parent-856db22d-a7ee-4440-9a4f-c16bc6e2a1c1
[2025-07-06T05:47:47.867+0000] {spark_submit.py:634} INFO - confs: [default]
[2025-07-06T05:47:47.871+0000] {spark_submit.py:634} INFO - 0 artifacts copied, 5 already retrieved (0kB/4ms)
[2025-07-06T05:47:48.178+0000] {spark_submit.py:634} INFO - 25/07/06 05:47:48 WARN NativeCodeLoader: Unable to load native-hadoop library for your platform... using builtin-java classes where applicable
[2025-07-06T05:47:49.643+0000] {spark_submit.py:634} INFO - Using Spark's default log4j profile: org/apache/spark/log4j2-defaults.properties
[2025-07-06T05:47:49.646+0000] {spark_submit.py:634} INFO - 25/07/06 05:47:49 INFO SparkContext: Running Spark version 4.0.0
[2025-07-06T05:47:49.647+0000] {spark_submit.py:634} INFO - 25/07/06 05:47:49 INFO SparkContext: OS info Linux, 6.8.0-60-generic, amd64
[2025-07-06T05:47:49.648+0000] {spark_submit.py:634} INFO - 25/07/06 05:47:49 INFO SparkContext: Java version 17.0.15
[2025-07-06T05:47:49.661+0000] {spark_submit.py:634} INFO - 25/07/06 05:47:49 INFO ResourceUtils: ==============================================================
[2025-07-06T05:47:49.661+0000] {spark_submit.py:634} INFO - 25/07/06 05:47:49 INFO ResourceUtils: No custom resources configured for spark.driver.
[2025-07-06T05:47:49.662+0000] {spark_submit.py:634} INFO - 25/07/06 05:47:49 INFO ResourceUtils: ==============================================================
[2025-07-06T05:47:49.662+0000] {spark_submit.py:634} INFO - 25/07/06 05:47:49 INFO SparkContext: Submitted application: thanhdz
[2025-07-06T05:47:49.675+0000] {spark_submit.py:634} INFO - 25/07/06 05:47:49 INFO ResourceProfile: Default ResourceProfile created, executor resources: Map(cores -> name: cores, amount: 2, script: , vendor: , memory -> name: memory, amount: 4096, script: , vendor: , offHeap -> name: offHeap, amount: 0, script: , vendor: ), task resources: Map(cpus -> name: cpus, amount: 1.0)
[2025-07-06T05:47:49.741+0000] {spark_submit.py:634} INFO - 25/07/06 05:47:49 INFO ResourceProfile: Limiting resource is cpus at 2 tasks per executor
[2025-07-06T05:47:49.742+0000] {spark_submit.py:634} INFO - 25/07/06 05:47:49 INFO ResourceProfileManager: Added ResourceProfile id: 0
[2025-07-06T05:47:49.767+0000] {spark_submit.py:634} INFO - 25/07/06 05:47:49 INFO SecurityManager: Changing view acls to: ***
[2025-07-06T05:47:49.768+0000] {spark_submit.py:634} INFO - 25/07/06 05:47:49 INFO SecurityManager: Changing modify acls to: ***
[2025-07-06T05:47:49.768+0000] {spark_submit.py:634} INFO - 25/07/06 05:47:49 INFO SecurityManager: Changing view acls groups to: ***
[2025-07-06T05:47:49.769+0000] {spark_submit.py:634} INFO - 25/07/06 05:47:49 INFO SecurityManager: Changing modify acls groups to: ***
[2025-07-06T05:47:49.769+0000] {spark_submit.py:634} INFO - 25/07/06 05:47:49 INFO SecurityManager: SecurityManager: authentication disabled; ui acls disabled; users with view permissions: *** groups with view permissions: EMPTY; users with modify permissions: ***; groups with modify permissions: EMPTY; RPC SSL disabled
[2025-07-06T05:47:49.996+0000] {spark_submit.py:634} INFO - 25/07/06 05:47:49 INFO Utils: Successfully started service 'sparkDriver' on port 33427.
[2025-07-06T05:47:50.052+0000] {spark_submit.py:634} INFO - 25/07/06 05:47:50 INFO SparkEnv: Registering MapOutputTracker
[2025-07-06T05:47:50.059+0000] {spark_submit.py:634} INFO - 25/07/06 05:47:50 INFO SparkEnv: Registering BlockManagerMaster
[2025-07-06T05:47:50.066+0000] {spark_submit.py:634} INFO - 25/07/06 05:47:50 INFO BlockManagerMasterEndpoint: Using org.apache.spark.storage.DefaultTopologyMapper for getting topology information
[2025-07-06T05:47:50.067+0000] {spark_submit.py:634} INFO - 25/07/06 05:47:50 INFO BlockManagerMasterEndpoint: BlockManagerMasterEndpoint up
[2025-07-06T05:47:50.069+0000] {spark_submit.py:634} INFO - 25/07/06 05:47:50 INFO SparkEnv: Registering BlockManagerMasterHeartbeat
[2025-07-06T05:47:50.080+0000] {spark_submit.py:634} INFO - 25/07/06 05:47:50 INFO DiskBlockManager: Created local directory at /tmp/blockmgr-e1176ccd-eb40-4ebd-9c7e-84d05a8cdf45
[2025-07-06T05:47:50.146+0000] {spark_submit.py:634} INFO - 25/07/06 05:47:50 INFO SparkEnv: Registering OutputCommitCoordinator
[2025-07-06T05:47:50.267+0000] {spark_submit.py:634} INFO - 25/07/06 05:47:50 INFO JettyUtils: Start Jetty 0.0.0.0:4040 for SparkUI
[2025-07-06T05:47:50.372+0000] {spark_submit.py:634} INFO - 25/07/06 05:47:50 INFO Utils: Successfully started service 'SparkUI' on port 4040.
[2025-07-06T05:47:50.455+0000] {spark_submit.py:634} INFO - 25/07/06 05:47:50 INFO SparkContext: Added JAR file:///home/***/.ivy2.5.2/jars/com.clickhouse_clickhouse-jdbc-0.6.4.jar at spark://1d0c55f2b911:33427/jars/com.clickhouse_clickhouse-jdbc-0.6.4.jar with timestamp 1751780869638
[2025-07-06T05:47:50.456+0000] {spark_submit.py:634} INFO - 25/07/06 05:47:50 INFO SparkContext: Added JAR file:///home/***/.ivy2.5.2/jars/org.apache.httpcomponents.client5_httpclient5-5.3.1.jar at spark://1d0c55f2b911:33427/jars/org.apache.httpcomponents.client5_httpclient5-5.3.1.jar with timestamp 1751780869638
[2025-07-06T05:47:50.456+0000] {spark_submit.py:634} INFO - 25/07/06 05:47:50 INFO SparkContext: Added JAR file:///home/***/.ivy2.5.2/jars/org.apache.httpcomponents.core5_httpcore5-5.2.4.jar at spark://1d0c55f2b911:33427/jars/org.apache.httpcomponents.core5_httpcore5-5.2.4.jar with timestamp 1751780869638
[2025-07-06T05:47:50.456+0000] {spark_submit.py:634} INFO - 25/07/06 05:47:50 INFO SparkContext: Added JAR file:///home/***/.ivy2.5.2/jars/org.apache.httpcomponents.core5_httpcore5-h2-5.2.4.jar at spark://1d0c55f2b911:33427/jars/org.apache.httpcomponents.core5_httpcore5-h2-5.2.4.jar with timestamp 1751780869638
[2025-07-06T05:47:50.456+0000] {spark_submit.py:634} INFO - 25/07/06 05:47:50 INFO SparkContext: Added JAR file:///home/***/.ivy2.5.2/jars/org.slf4j_slf4j-api-1.7.36.jar at spark://1d0c55f2b911:33427/jars/org.slf4j_slf4j-api-1.7.36.jar with timestamp 1751780869638
[2025-07-06T05:47:50.458+0000] {spark_submit.py:634} INFO - 25/07/06 05:47:50 INFO SparkContext: Added file file:///home/***/.ivy2.5.2/jars/com.clickhouse_clickhouse-jdbc-0.6.4.jar at file:///home/***/.ivy2.5.2/jars/com.clickhouse_clickhouse-jdbc-0.6.4.jar with timestamp 1751780869638
[2025-07-06T05:47:50.459+0000] {spark_submit.py:634} INFO - 25/07/06 05:47:50 INFO Utils: Copying /home/***/.ivy2.5.2/jars/com.clickhouse_clickhouse-jdbc-0.6.4.jar to /tmp/spark-8093aa12-363e-4e41-bee1-9fca2d4c0926/userFiles-fe0153f6-629e-4382-ba36-ecd1c8627f56/com.clickhouse_clickhouse-jdbc-0.6.4.jar
[2025-07-06T05:47:50.470+0000] {spark_submit.py:634} INFO - 25/07/06 05:47:50 INFO SparkContext: Added file file:///home/***/.ivy2.5.2/jars/org.apache.httpcomponents.client5_httpclient5-5.3.1.jar at file:///home/***/.ivy2.5.2/jars/org.apache.httpcomponents.client5_httpclient5-5.3.1.jar with timestamp 1751780869638
[2025-07-06T05:47:50.470+0000] {spark_submit.py:634} INFO - 25/07/06 05:47:50 INFO Utils: Copying /home/***/.ivy2.5.2/jars/org.apache.httpcomponents.client5_httpclient5-5.3.1.jar to /tmp/spark-8093aa12-363e-4e41-bee1-9fca2d4c0926/userFiles-fe0153f6-629e-4382-ba36-ecd1c8627f56/org.apache.httpcomponents.client5_httpclient5-5.3.1.jar
[2025-07-06T05:47:50.476+0000] {spark_submit.py:634} INFO - 25/07/06 05:47:50 INFO SparkContext: Added file file:///home/***/.ivy2.5.2/jars/org.apache.httpcomponents.core5_httpcore5-5.2.4.jar at file:///home/***/.ivy2.5.2/jars/org.apache.httpcomponents.core5_httpcore5-5.2.4.jar with timestamp 1751780869638
[2025-07-06T05:47:50.476+0000] {spark_submit.py:634} INFO - 25/07/06 05:47:50 INFO Utils: Copying /home/***/.ivy2.5.2/jars/org.apache.httpcomponents.core5_httpcore5-5.2.4.jar to /tmp/spark-8093aa12-363e-4e41-bee1-9fca2d4c0926/userFiles-fe0153f6-629e-4382-ba36-ecd1c8627f56/org.apache.httpcomponents.core5_httpcore5-5.2.4.jar
[2025-07-06T05:47:50.481+0000] {spark_submit.py:634} INFO - 25/07/06 05:47:50 INFO SparkContext: Added file file:///home/***/.ivy2.5.2/jars/org.apache.httpcomponents.core5_httpcore5-h2-5.2.4.jar at file:///home/***/.ivy2.5.2/jars/org.apache.httpcomponents.core5_httpcore5-h2-5.2.4.jar with timestamp 1751780869638
[2025-07-06T05:47:50.482+0000] {spark_submit.py:634} INFO - 25/07/06 05:47:50 INFO Utils: Copying /home/***/.ivy2.5.2/jars/org.apache.httpcomponents.core5_httpcore5-h2-5.2.4.jar to /tmp/spark-8093aa12-363e-4e41-bee1-9fca2d4c0926/userFiles-fe0153f6-629e-4382-ba36-ecd1c8627f56/org.apache.httpcomponents.core5_httpcore5-h2-5.2.4.jar
[2025-07-06T05:47:50.485+0000] {spark_submit.py:634} INFO - 25/07/06 05:47:50 INFO SparkContext: Added file file:///home/***/.ivy2.5.2/jars/org.slf4j_slf4j-api-1.7.36.jar at file:///home/***/.ivy2.5.2/jars/org.slf4j_slf4j-api-1.7.36.jar with timestamp 1751780869638
[2025-07-06T05:47:50.485+0000] {spark_submit.py:634} INFO - 25/07/06 05:47:50 INFO Utils: Copying /home/***/.ivy2.5.2/jars/org.slf4j_slf4j-api-1.7.36.jar to /tmp/spark-8093aa12-363e-4e41-bee1-9fca2d4c0926/userFiles-fe0153f6-629e-4382-ba36-ecd1c8627f56/org.slf4j_slf4j-api-1.7.36.jar
[2025-07-06T05:47:50.554+0000] {spark_submit.py:634} INFO - 25/07/06 05:47:50 INFO SecurityManager: Changing view acls to: ***
[2025-07-06T05:47:50.555+0000] {spark_submit.py:634} INFO - 25/07/06 05:47:50 INFO SecurityManager: Changing modify acls to: ***
[2025-07-06T05:47:50.555+0000] {spark_submit.py:634} INFO - 25/07/06 05:47:50 INFO SecurityManager: Changing view acls groups to: ***
[2025-07-06T05:47:50.555+0000] {spark_submit.py:634} INFO - 25/07/06 05:47:50 INFO SecurityManager: Changing modify acls groups to: ***
[2025-07-06T05:47:50.555+0000] {spark_submit.py:634} INFO - 25/07/06 05:47:50 INFO SecurityManager: SecurityManager: authentication disabled; ui acls disabled; users with view permissions: *** groups with view permissions: EMPTY; users with modify permissions: ***; groups with modify permissions: EMPTY; RPC SSL disabled
[2025-07-06T05:47:50.745+0000] {spark_submit.py:634} INFO - 25/07/06 05:47:50 INFO Executor: Starting executor ID driver on host 1d0c55f2b911
[2025-07-06T05:47:50.746+0000] {spark_submit.py:634} INFO - 25/07/06 05:47:50 INFO Executor: OS info Linux, 6.8.0-60-generic, amd64
[2025-07-06T05:47:50.746+0000] {spark_submit.py:634} INFO - 25/07/06 05:47:50 INFO Executor: Java version 17.0.15
[2025-07-06T05:47:50.754+0000] {spark_submit.py:634} INFO - 25/07/06 05:47:50 INFO Executor: Starting executor with user classpath (userClassPathFirst = false): ''
[2025-07-06T05:47:50.755+0000] {spark_submit.py:634} INFO - 25/07/06 05:47:50 INFO Executor: Created or updated repl class loader org.apache.spark.util.MutableURLClassLoader@4d37a115 for default.
[2025-07-06T05:47:50.764+0000] {spark_submit.py:634} INFO - 25/07/06 05:47:50 INFO Executor: Fetching file:///home/***/.ivy2.5.2/jars/com.clickhouse_clickhouse-jdbc-0.6.4.jar with timestamp 1751780869638
[2025-07-06T05:47:50.785+0000] {spark_submit.py:634} INFO - 25/07/06 05:47:50 INFO Utils: /home/***/.ivy2.5.2/jars/com.clickhouse_clickhouse-jdbc-0.6.4.jar has been previously copied to /tmp/spark-8093aa12-363e-4e41-bee1-9fca2d4c0926/userFiles-fe0153f6-629e-4382-ba36-ecd1c8627f56/com.clickhouse_clickhouse-jdbc-0.6.4.jar
[2025-07-06T05:47:50.789+0000] {spark_submit.py:634} INFO - 25/07/06 05:47:50 INFO Executor: Fetching file:///home/***/.ivy2.5.2/jars/org.apache.httpcomponents.client5_httpclient5-5.3.1.jar with timestamp 1751780869638
[2025-07-06T05:47:50.789+0000] {spark_submit.py:634} INFO - 25/07/06 05:47:50 INFO Utils: /home/***/.ivy2.5.2/jars/org.apache.httpcomponents.client5_httpclient5-5.3.1.jar has been previously copied to /tmp/spark-8093aa12-363e-4e41-bee1-9fca2d4c0926/userFiles-fe0153f6-629e-4382-ba36-ecd1c8627f56/org.apache.httpcomponents.client5_httpclient5-5.3.1.jar
[2025-07-06T05:47:50.839+0000] {spark_submit.py:634} INFO - 25/07/06 05:47:50 INFO Executor: Fetching file:///home/***/.ivy2.5.2/jars/org.apache.httpcomponents.core5_httpcore5-5.2.4.jar with timestamp 1751780869638
[2025-07-06T05:47:50.840+0000] {spark_submit.py:634} INFO - 25/07/06 05:47:50 INFO Utils: /home/***/.ivy2.5.2/jars/org.apache.httpcomponents.core5_httpcore5-5.2.4.jar has been previously copied to /tmp/spark-8093aa12-363e-4e41-bee1-9fca2d4c0926/userFiles-fe0153f6-629e-4382-ba36-ecd1c8627f56/org.apache.httpcomponents.core5_httpcore5-5.2.4.jar
[2025-07-06T05:47:50.843+0000] {spark_submit.py:634} INFO - 25/07/06 05:47:50 INFO Executor: Fetching file:///home/***/.ivy2.5.2/jars/org.apache.httpcomponents.core5_httpcore5-h2-5.2.4.jar with timestamp 1751780869638
[2025-07-06T05:47:50.843+0000] {spark_submit.py:634} INFO - 25/07/06 05:47:50 INFO Utils: /home/***/.ivy2.5.2/jars/org.apache.httpcomponents.core5_httpcore5-h2-5.2.4.jar has been previously copied to /tmp/spark-8093aa12-363e-4e41-bee1-9fca2d4c0926/userFiles-fe0153f6-629e-4382-ba36-ecd1c8627f56/org.apache.httpcomponents.core5_httpcore5-h2-5.2.4.jar
[2025-07-06T05:47:50.848+0000] {spark_submit.py:634} INFO - 25/07/06 05:47:50 INFO Executor: Fetching file:///home/***/.ivy2.5.2/jars/org.slf4j_slf4j-api-1.7.36.jar with timestamp 1751780869638
[2025-07-06T05:47:50.848+0000] {spark_submit.py:634} INFO - 25/07/06 05:47:50 INFO Utils: /home/***/.ivy2.5.2/jars/org.slf4j_slf4j-api-1.7.36.jar has been previously copied to /tmp/spark-8093aa12-363e-4e41-bee1-9fca2d4c0926/userFiles-fe0153f6-629e-4382-ba36-ecd1c8627f56/org.slf4j_slf4j-api-1.7.36.jar
[2025-07-06T05:47:50.855+0000] {spark_submit.py:634} INFO - 25/07/06 05:47:50 INFO Executor: Fetching spark://1d0c55f2b911:33427/jars/org.apache.httpcomponents.client5_httpclient5-5.3.1.jar with timestamp 1751780869638
[2025-07-06T05:47:50.887+0000] {spark_submit.py:634} INFO - 25/07/06 05:47:50 INFO TransportClientFactory: Successfully created connection to 1d0c55f2b911/172.21.0.8:33427 after 20 ms (0 ms spent in bootstraps)
[2025-07-06T05:47:50.890+0000] {spark_submit.py:634} INFO - 25/07/06 05:47:50 INFO Utils: Fetching spark://1d0c55f2b911:33427/jars/org.apache.httpcomponents.client5_httpclient5-5.3.1.jar to /tmp/spark-8093aa12-363e-4e41-bee1-9fca2d4c0926/userFiles-fe0153f6-629e-4382-ba36-ecd1c8627f56/fetchFileTemp16475361199539856732.tmp
[2025-07-06T05:47:50.941+0000] {spark_submit.py:634} INFO - 25/07/06 05:47:50 INFO Utils: /tmp/spark-8093aa12-363e-4e41-bee1-9fca2d4c0926/userFiles-fe0153f6-629e-4382-ba36-ecd1c8627f56/fetchFileTemp16475361199539856732.tmp has been previously copied to /tmp/spark-8093aa12-363e-4e41-bee1-9fca2d4c0926/userFiles-fe0153f6-629e-4382-ba36-ecd1c8627f56/org.apache.httpcomponents.client5_httpclient5-5.3.1.jar
[2025-07-06T05:47:50.955+0000] {spark_submit.py:634} INFO - 25/07/06 05:47:50 INFO Executor: Adding file:/tmp/spark-8093aa12-363e-4e41-bee1-9fca2d4c0926/userFiles-fe0153f6-629e-4382-ba36-ecd1c8627f56/org.apache.httpcomponents.client5_httpclient5-5.3.1.jar to class loader default
[2025-07-06T05:47:50.955+0000] {spark_submit.py:634} INFO - 25/07/06 05:47:50 INFO Executor: Fetching spark://1d0c55f2b911:33427/jars/com.clickhouse_clickhouse-jdbc-0.6.4.jar with timestamp 1751780869638
[2025-07-06T05:47:50.956+0000] {spark_submit.py:634} INFO - 25/07/06 05:47:50 INFO Utils: Fetching spark://1d0c55f2b911:33427/jars/com.clickhouse_clickhouse-jdbc-0.6.4.jar to /tmp/spark-8093aa12-363e-4e41-bee1-9fca2d4c0926/userFiles-fe0153f6-629e-4382-ba36-ecd1c8627f56/fetchFileTemp2979383304382075927.tmp
[2025-07-06T05:47:50.959+0000] {spark_submit.py:634} INFO - 25/07/06 05:47:50 INFO Utils: /tmp/spark-8093aa12-363e-4e41-bee1-9fca2d4c0926/userFiles-fe0153f6-629e-4382-ba36-ecd1c8627f56/fetchFileTemp2979383304382075927.tmp has been previously copied to /tmp/spark-8093aa12-363e-4e41-bee1-9fca2d4c0926/userFiles-fe0153f6-629e-4382-ba36-ecd1c8627f56/com.clickhouse_clickhouse-jdbc-0.6.4.jar
[2025-07-06T05:47:50.963+0000] {spark_submit.py:634} INFO - 25/07/06 05:47:50 INFO Executor: Adding file:/tmp/spark-8093aa12-363e-4e41-bee1-9fca2d4c0926/userFiles-fe0153f6-629e-4382-ba36-ecd1c8627f56/com.clickhouse_clickhouse-jdbc-0.6.4.jar to class loader default
[2025-07-06T05:47:50.963+0000] {spark_submit.py:634} INFO - 25/07/06 05:47:50 INFO Executor: Fetching spark://1d0c55f2b911:33427/jars/org.slf4j_slf4j-api-1.7.36.jar with timestamp 1751780869638
[2025-07-06T05:47:50.963+0000] {spark_submit.py:634} INFO - 25/07/06 05:47:50 INFO Utils: Fetching spark://1d0c55f2b911:33427/jars/org.slf4j_slf4j-api-1.7.36.jar to /tmp/spark-8093aa12-363e-4e41-bee1-9fca2d4c0926/userFiles-fe0153f6-629e-4382-ba36-ecd1c8627f56/fetchFileTemp9893388660851655806.tmp
[2025-07-06T05:47:50.965+0000] {spark_submit.py:634} INFO - 25/07/06 05:47:50 INFO Utils: /tmp/spark-8093aa12-363e-4e41-bee1-9fca2d4c0926/userFiles-fe0153f6-629e-4382-ba36-ecd1c8627f56/fetchFileTemp9893388660851655806.tmp has been previously copied to /tmp/spark-8093aa12-363e-4e41-bee1-9fca2d4c0926/userFiles-fe0153f6-629e-4382-ba36-ecd1c8627f56/org.slf4j_slf4j-api-1.7.36.jar
[2025-07-06T05:47:50.969+0000] {spark_submit.py:634} INFO - 25/07/06 05:47:50 INFO Executor: Adding file:/tmp/spark-8093aa12-363e-4e41-bee1-9fca2d4c0926/userFiles-fe0153f6-629e-4382-ba36-ecd1c8627f56/org.slf4j_slf4j-api-1.7.36.jar to class loader default
[2025-07-06T05:47:50.970+0000] {spark_submit.py:634} INFO - 25/07/06 05:47:50 INFO Executor: Fetching spark://1d0c55f2b911:33427/jars/org.apache.httpcomponents.core5_httpcore5-5.2.4.jar with timestamp 1751780869638
[2025-07-06T05:47:50.970+0000] {spark_submit.py:634} INFO - 25/07/06 05:47:50 INFO Utils: Fetching spark://1d0c55f2b911:33427/jars/org.apache.httpcomponents.core5_httpcore5-5.2.4.jar to /tmp/spark-8093aa12-363e-4e41-bee1-9fca2d4c0926/userFiles-fe0153f6-629e-4382-ba36-ecd1c8627f56/fetchFileTemp16231622666606725188.tmp
[2025-07-06T05:47:50.974+0000] {spark_submit.py:634} INFO - 25/07/06 05:47:50 INFO Utils: /tmp/spark-8093aa12-363e-4e41-bee1-9fca2d4c0926/userFiles-fe0153f6-629e-4382-ba36-ecd1c8627f56/fetchFileTemp16231622666606725188.tmp has been previously copied to /tmp/spark-8093aa12-363e-4e41-bee1-9fca2d4c0926/userFiles-fe0153f6-629e-4382-ba36-ecd1c8627f56/org.apache.httpcomponents.core5_httpcore5-5.2.4.jar
[2025-07-06T05:47:50.979+0000] {spark_submit.py:634} INFO - 25/07/06 05:47:50 INFO Executor: Adding file:/tmp/spark-8093aa12-363e-4e41-bee1-9fca2d4c0926/userFiles-fe0153f6-629e-4382-ba36-ecd1c8627f56/org.apache.httpcomponents.core5_httpcore5-5.2.4.jar to class loader default
[2025-07-06T05:47:50.979+0000] {spark_submit.py:634} INFO - 25/07/06 05:47:50 INFO Executor: Fetching spark://1d0c55f2b911:33427/jars/org.apache.httpcomponents.core5_httpcore5-h2-5.2.4.jar with timestamp 1751780869638
[2025-07-06T05:47:50.979+0000] {spark_submit.py:634} INFO - 25/07/06 05:47:50 INFO Utils: Fetching spark://1d0c55f2b911:33427/jars/org.apache.httpcomponents.core5_httpcore5-h2-5.2.4.jar to /tmp/spark-8093aa12-363e-4e41-bee1-9fca2d4c0926/userFiles-fe0153f6-629e-4382-ba36-ecd1c8627f56/fetchFileTemp11990845045680116305.tmp
[2025-07-06T05:47:51.039+0000] {spark_submit.py:634} INFO - 25/07/06 05:47:51 INFO Utils: /tmp/spark-8093aa12-363e-4e41-bee1-9fca2d4c0926/userFiles-fe0153f6-629e-4382-ba36-ecd1c8627f56/fetchFileTemp11990845045680116305.tmp has been previously copied to /tmp/spark-8093aa12-363e-4e41-bee1-9fca2d4c0926/userFiles-fe0153f6-629e-4382-ba36-ecd1c8627f56/org.apache.httpcomponents.core5_httpcore5-h2-5.2.4.jar
[2025-07-06T05:47:51.046+0000] {spark_submit.py:634} INFO - 25/07/06 05:47:51 INFO Executor: Adding file:/tmp/spark-8093aa12-363e-4e41-bee1-9fca2d4c0926/userFiles-fe0153f6-629e-4382-ba36-ecd1c8627f56/org.apache.httpcomponents.core5_httpcore5-h2-5.2.4.jar to class loader default
[2025-07-06T05:47:51.055+0000] {spark_submit.py:634} INFO - 25/07/06 05:47:51 INFO Utils: Successfully started service 'org.apache.spark.network.netty.NettyBlockTransferService' on port 44743.
[2025-07-06T05:47:51.055+0000] {spark_submit.py:634} INFO - 25/07/06 05:47:51 INFO NettyBlockTransferService: Server created on 1d0c55f2b911:44743
[2025-07-06T05:47:51.056+0000] {spark_submit.py:634} INFO - 25/07/06 05:47:51 INFO BlockManager: Using org.apache.spark.storage.RandomBlockReplicationPolicy for block replication policy
[2025-07-06T05:47:51.068+0000] {spark_submit.py:634} INFO - 25/07/06 05:47:51 INFO BlockManagerMaster: Registering BlockManager BlockManagerId(driver, 1d0c55f2b911, 44743, None)
[2025-07-06T05:47:51.142+0000] {spark_submit.py:634} INFO - 25/07/06 05:47:51 INFO BlockManagerMasterEndpoint: Registering block manager 1d0c55f2b911:44743 with 413.9 MiB RAM, BlockManagerId(driver, 1d0c55f2b911, 44743, None)
[2025-07-06T05:47:51.145+0000] {spark_submit.py:634} INFO - 25/07/06 05:47:51 INFO BlockManagerMaster: Registered BlockManager BlockManagerId(driver, 1d0c55f2b911, 44743, None)
[2025-07-06T05:47:51.146+0000] {spark_submit.py:634} INFO - 25/07/06 05:47:51 INFO BlockManager: Initialized BlockManager: BlockManagerId(driver, 1d0c55f2b911, 44743, None)
[2025-07-06T05:47:56.245+0000] {spark_submit.py:634} INFO - 25/07/06 05:47:56 WARN SparkStringUtils: Truncated the string representation of a plan since it was too large. This behavior can be adjusted by setting 'spark.sql.debug.maxToStringFields'.
[2025-07-06T05:47:58.639+0000] {spark_submit.py:634} INFO - 25/07/06 05:47:58 WARN JdbcUtils: Requested isolation level 1, but transactions are unsupported
[2025-07-06T05:48:00.770+0000] {spark_submit.py:634} INFO - ------------------------Dữ liệu đã được ghi thành công vào ClickHouse------------------------
[2025-07-06T05:48:00.865+0000] {spark_submit.py:634} INFO - -------------Stop SparkSession-------------
[2025-07-06T05:48:00.983+0000] {taskinstance.py:441} INFO - ::group::Post task execution logs
[2025-07-06T05:48:00.991+0000] {taskinstance.py:1205} INFO - Marking task as SUCCESS. dag_id=my_spark_inline, task_id=spark_write_data, execution_date=20250706T051258, start_date=20250706T054745, end_date=20250706T054800
[2025-07-06T05:48:01.034+0000] {local_task_job_runner.py:240} INFO - Task exited with return code 0
[2025-07-06T05:48:01.049+0000] {taskinstance.py:3482} INFO - 0 downstream tasks scheduled from follow-on schedule check
[2025-07-06T05:48:01.050+0000] {local_task_job_runner.py:222} INFO - ::endgroup::
