[2025-07-06T11:57:44.057+0000] {local_task_job_runner.py:120} INFO - ::group::Pre task execution logs
[2025-07-06T11:57:44.080+0000] {taskinstance.py:2073} INFO - Dependencies all met for dep_context=non-requeueable deps ti=<TaskInstance: my_spark_inline.spark_write_data manual__2025-07-06T05:12:58.943989+00:00 [queued]>
[2025-07-06T11:57:44.178+0000] {taskinstance.py:2073} INFO - Dependencies all met for dep_context=requeueable deps ti=<TaskInstance: my_spark_inline.spark_write_data manual__2025-07-06T05:12:58.943989+00:00 [queued]>
[2025-07-06T11:57:44.178+0000] {taskinstance.py:2303} INFO - Starting attempt 19 of 19
[2025-07-06T11:57:44.193+0000] {taskinstance.py:2327} INFO - Executing <Task(SparkSubmitOperator): spark_write_data> on 2025-07-06 05:12:58.943989+00:00
[2025-07-06T11:57:44.196+0000] {standard_task_runner.py:63} INFO - Started process 213 to run task
[2025-07-06T11:57:44.199+0000] {standard_task_runner.py:90} INFO - Running: ['***', 'tasks', 'run', 'my_spark_inline', 'spark_write_data', 'manual__2025-07-06T05:12:58.943989+00:00', '--job-id', '53', '--raw', '--subdir', 'DAGS_FOLDER/test_spark.py', '--cfg-path', '/tmp/tmptdjyp5ew']
[2025-07-06T11:57:44.200+0000] {standard_task_runner.py:91} INFO - Job 53: Subtask spark_write_data
[2025-07-06T11:57:44.215+0000] {logging_mixin.py:188} WARNING - /home/***/.local/lib/python3.11/site-packages/***/settings.py:195 DeprecationWarning: The sql_alchemy_conn option in [core] has been moved to the sql_alchemy_conn option in [database] - the old setting has been used, but please update your config.
[2025-07-06T11:57:44.238+0000] {task_command.py:426} INFO - Running <TaskInstance: my_spark_inline.spark_write_data manual__2025-07-06T05:12:58.943989+00:00 [running]> on host 320a39989f12
[2025-07-06T11:57:44.297+0000] {taskinstance.py:2644} INFO - Exporting env vars: AIRFLOW_CTX_DAG_OWNER='***' AIRFLOW_CTX_DAG_ID='my_spark_inline' AIRFLOW_CTX_TASK_ID='spark_write_data' AIRFLOW_CTX_EXECUTION_DATE='2025-07-06T05:12:58.943989+00:00' AIRFLOW_CTX_TRY_NUMBER='19' AIRFLOW_CTX_DAG_RUN_ID='manual__2025-07-06T05:12:58.943989+00:00'
[2025-07-06T11:57:44.298+0000] {taskinstance.py:430} INFO - ::endgroup::
[2025-07-06T11:57:44.320+0000] {base.py:84} INFO - Using connection ID 'spark_default' for task execution.
[2025-07-06T11:57:44.321+0000] {spark_submit.py:473} INFO - Spark-Submit cmd: spark-submit --master local[*] --conf spark.master=spark://spark-master:7077 --packages com.clickhouse:clickhouse-jdbc:0.6.4,org.apache.httpcomponents.client5:httpclient5:5.3.1 --name arrow-spark --queue root.default --deploy-mode client /opt/***/spark_project/src/spark/spark_main.py
[2025-07-06T11:57:44.540+0000] {spark_submit.py:634} INFO - WARNING: Using incubator modules: jdk.incubator.vector
[2025-07-06T11:57:46.838+0000] {spark_submit.py:634} INFO - :: loading settings :: url = jar:file:/home/***/.local/lib/python3.11/site-packages/pyspark/jars/ivy-2.5.3.jar!/org/apache/ivy/core/settings/ivysettings.xml
[2025-07-06T11:57:46.944+0000] {spark_submit.py:634} INFO - Ivy Default Cache set to: /home/***/.ivy2.5.2/cache
[2025-07-06T11:57:46.944+0000] {spark_submit.py:634} INFO - The jars for the packages stored in: /home/***/.ivy2.5.2/jars
[2025-07-06T11:57:46.946+0000] {spark_submit.py:634} INFO - com.clickhouse#clickhouse-jdbc added as a dependency
[2025-07-06T11:57:46.946+0000] {spark_submit.py:634} INFO - org.apache.httpcomponents.client5#httpclient5 added as a dependency
[2025-07-06T11:57:46.946+0000] {spark_submit.py:634} INFO - :: resolving dependencies :: org.apache.spark#spark-submit-parent-c218bc95-96c9-49dc-82d2-b5a33ad8e04a;1.0
[2025-07-06T11:57:46.947+0000] {spark_submit.py:634} INFO - confs: [default]
[2025-07-06T11:57:52.904+0000] {spark_submit.py:634} INFO - found com.clickhouse#clickhouse-jdbc;0.6.4 in central
[2025-07-06T11:57:59.636+0000] {spark_submit.py:634} INFO - found org.apache.httpcomponents.client5#httpclient5;5.3.1 in central
[2025-07-06T11:58:03.328+0000] {spark_submit.py:634} INFO - found org.apache.httpcomponents.core5#httpcore5;5.2.4 in central
[2025-07-06T11:58:03.956+0000] {spark_submit.py:634} INFO - found org.apache.httpcomponents.core5#httpcore5-h2;5.2.4 in central
[2025-07-06T11:58:05.976+0000] {spark_submit.py:634} INFO - found org.slf4j#slf4j-api;1.7.36 in central
[2025-07-06T11:58:06.284+0000] {spark_submit.py:634} INFO - downloading https://repo1.maven.org/maven2/com/clickhouse/clickhouse-jdbc/0.6.4/clickhouse-jdbc-0.6.4.jar ...
[2025-07-06T11:58:10.760+0000] {spark_submit.py:634} INFO - [SUCCESSFUL ] com.clickhouse#clickhouse-jdbc;0.6.4!clickhouse-jdbc.jar (4779ms)
[2025-07-06T11:58:10.995+0000] {spark_submit.py:634} INFO - downloading https://repo1.maven.org/maven2/org/apache/httpcomponents/client5/httpclient5/5.3.1/httpclient5-5.3.1.jar ...
[2025-07-06T11:58:13.103+0000] {spark_submit.py:634} INFO - [SUCCESSFUL ] org.apache.httpcomponents.client5#httpclient5;5.3.1!httpclient5.jar (2342ms)
[2025-07-06T11:58:13.350+0000] {spark_submit.py:634} INFO - downloading https://repo1.maven.org/maven2/org/apache/httpcomponents/core5/httpcore5/5.2.4/httpcore5-5.2.4.jar ...
[2025-07-06T11:58:15.330+0000] {spark_submit.py:634} INFO - [SUCCESSFUL ] org.apache.httpcomponents.core5#httpcore5;5.2.4!httpcore5.jar (2225ms)
[2025-07-06T11:58:15.602+0000] {spark_submit.py:634} INFO - downloading https://repo1.maven.org/maven2/org/apache/httpcomponents/core5/httpcore5-h2/5.2.4/httpcore5-h2-5.2.4.jar ...
[2025-07-06T11:58:16.525+0000] {spark_submit.py:634} INFO - [SUCCESSFUL ] org.apache.httpcomponents.core5#httpcore5-h2;5.2.4!httpcore5-h2.jar (1194ms)
[2025-07-06T11:58:16.832+0000] {spark_submit.py:634} INFO - downloading https://repo1.maven.org/maven2/org/slf4j/slf4j-api/1.7.36/slf4j-api-1.7.36.jar ...
[2025-07-06T11:58:17.141+0000] {spark_submit.py:634} INFO - [SUCCESSFUL ] org.slf4j#slf4j-api;1.7.36!slf4j-api.jar (615ms)
[2025-07-06T11:58:17.141+0000] {spark_submit.py:634} INFO - :: resolution report :: resolve 19035ms :: artifacts dl 11160ms
[2025-07-06T11:58:17.142+0000] {spark_submit.py:634} INFO - :: modules in use:
[2025-07-06T11:58:17.142+0000] {spark_submit.py:634} INFO - com.clickhouse#clickhouse-jdbc;0.6.4 from central in [default]
[2025-07-06T11:58:17.142+0000] {spark_submit.py:634} INFO - org.apache.httpcomponents.client5#httpclient5;5.3.1 from central in [default]
[2025-07-06T11:58:17.142+0000] {spark_submit.py:634} INFO - org.apache.httpcomponents.core5#httpcore5;5.2.4 from central in [default]
[2025-07-06T11:58:17.142+0000] {spark_submit.py:634} INFO - org.apache.httpcomponents.core5#httpcore5-h2;5.2.4 from central in [default]
[2025-07-06T11:58:17.143+0000] {spark_submit.py:634} INFO - org.slf4j#slf4j-api;1.7.36 from central in [default]
[2025-07-06T11:58:17.143+0000] {spark_submit.py:634} INFO - ---------------------------------------------------------------------
[2025-07-06T11:58:17.143+0000] {spark_submit.py:634} INFO - |                  |            modules            ||   artifacts   |
[2025-07-06T11:58:17.143+0000] {spark_submit.py:634} INFO - |       conf       | number| search|dwnlded|evicted|| number|dwnlded|
[2025-07-06T11:58:17.143+0000] {spark_submit.py:634} INFO - ---------------------------------------------------------------------
[2025-07-06T11:58:17.143+0000] {spark_submit.py:634} INFO - |      default     |   5   |   5   |   5   |   0   ||   5   |   5   |
[2025-07-06T11:58:17.144+0000] {spark_submit.py:634} INFO - ---------------------------------------------------------------------
[2025-07-06T11:58:17.145+0000] {spark_submit.py:634} INFO - :: retrieving :: org.apache.spark#spark-submit-parent-c218bc95-96c9-49dc-82d2-b5a33ad8e04a
[2025-07-06T11:58:17.145+0000] {spark_submit.py:634} INFO - confs: [default]
[2025-07-06T11:58:17.150+0000] {spark_submit.py:634} INFO - 5 artifacts copied, 0 already retrieved (3220kB/5ms)
[2025-07-06T11:58:17.434+0000] {spark_submit.py:634} INFO - 25/07/06 11:58:17 WARN NativeCodeLoader: Unable to load native-hadoop library for your platform... using builtin-java classes where applicable
[2025-07-06T11:58:19.269+0000] {spark_submit.py:634} INFO - Using Spark's default log4j profile: org/apache/spark/log4j2-defaults.properties
[2025-07-06T11:58:19.272+0000] {spark_submit.py:634} INFO - 25/07/06 11:58:19 INFO SparkContext: Running Spark version 4.0.0
[2025-07-06T11:58:19.273+0000] {spark_submit.py:634} INFO - 25/07/06 11:58:19 INFO SparkContext: OS info Linux, 6.8.0-60-generic, amd64
[2025-07-06T11:58:19.325+0000] {spark_submit.py:634} INFO - 25/07/06 11:58:19 INFO SparkContext: Java version 17.0.15
[2025-07-06T11:58:19.343+0000] {spark_submit.py:634} INFO - 25/07/06 11:58:19 INFO ResourceUtils: ==============================================================
[2025-07-06T11:58:19.344+0000] {spark_submit.py:634} INFO - 25/07/06 11:58:19 INFO ResourceUtils: No custom resources configured for spark.driver.
[2025-07-06T11:58:19.344+0000] {spark_submit.py:634} INFO - 25/07/06 11:58:19 INFO ResourceUtils: ==============================================================
[2025-07-06T11:58:19.344+0000] {spark_submit.py:634} INFO - 25/07/06 11:58:19 INFO SparkContext: Submitted application: thanhdz
[2025-07-06T11:58:19.361+0000] {spark_submit.py:634} INFO - 25/07/06 11:58:19 INFO ResourceProfile: Default ResourceProfile created, executor resources: Map(cores -> name: cores, amount: 2, script: , vendor: , memory -> name: memory, amount: 4096, script: , vendor: , offHeap -> name: offHeap, amount: 0, script: , vendor: ), task resources: Map(cpus -> name: cpus, amount: 1.0)
[2025-07-06T11:58:19.367+0000] {spark_submit.py:634} INFO - 25/07/06 11:58:19 INFO ResourceProfile: Limiting resource is cpus at 2 tasks per executor
[2025-07-06T11:58:19.370+0000] {spark_submit.py:634} INFO - 25/07/06 11:58:19 INFO ResourceProfileManager: Added ResourceProfile id: 0
[2025-07-06T11:58:19.524+0000] {spark_submit.py:634} INFO - 25/07/06 11:58:19 INFO SecurityManager: Changing view acls to: ***
[2025-07-06T11:58:19.525+0000] {spark_submit.py:634} INFO - 25/07/06 11:58:19 INFO SecurityManager: Changing modify acls to: ***
[2025-07-06T11:58:19.526+0000] {spark_submit.py:634} INFO - 25/07/06 11:58:19 INFO SecurityManager: Changing view acls groups to: ***
[2025-07-06T11:58:19.526+0000] {spark_submit.py:634} INFO - 25/07/06 11:58:19 INFO SecurityManager: Changing modify acls groups to: ***
[2025-07-06T11:58:19.527+0000] {spark_submit.py:634} INFO - 25/07/06 11:58:19 INFO SecurityManager: SecurityManager: authentication disabled; ui acls disabled; users with view permissions: *** groups with view permissions: EMPTY; users with modify permissions: ***; groups with modify permissions: EMPTY; RPC SSL disabled
[2025-07-06T11:58:19.837+0000] {spark_submit.py:634} INFO - 25/07/06 11:58:19 INFO Utils: Successfully started service 'sparkDriver' on port 45313.
[2025-07-06T11:58:19.852+0000] {spark_submit.py:634} INFO - 25/07/06 11:58:19 INFO SparkEnv: Registering MapOutputTracker
[2025-07-06T11:58:19.931+0000] {spark_submit.py:634} INFO - 25/07/06 11:58:19 INFO SparkEnv: Registering BlockManagerMaster
[2025-07-06T11:58:19.939+0000] {spark_submit.py:634} INFO - 25/07/06 11:58:19 INFO BlockManagerMasterEndpoint: Using org.apache.spark.storage.DefaultTopologyMapper for getting topology information
[2025-07-06T11:58:19.940+0000] {spark_submit.py:634} INFO - 25/07/06 11:58:19 INFO BlockManagerMasterEndpoint: BlockManagerMasterEndpoint up
[2025-07-06T11:58:19.942+0000] {spark_submit.py:634} INFO - 25/07/06 11:58:19 INFO SparkEnv: Registering BlockManagerMasterHeartbeat
[2025-07-06T11:58:19.955+0000] {spark_submit.py:634} INFO - 25/07/06 11:58:19 INFO DiskBlockManager: Created local directory at /tmp/blockmgr-67c63ac9-6ed2-422a-9068-dfd8214ae369
[2025-07-06T11:58:20.039+0000] {spark_submit.py:634} INFO - 25/07/06 11:58:20 INFO SparkEnv: Registering OutputCommitCoordinator
[2025-07-06T11:58:20.332+0000] {spark_submit.py:634} INFO - 25/07/06 11:58:20 INFO JettyUtils: Start Jetty 0.0.0.0:4040 for SparkUI
[2025-07-06T11:58:20.442+0000] {spark_submit.py:634} INFO - 25/07/06 11:58:20 INFO Utils: Successfully started service 'SparkUI' on port 4040.
[2025-07-06T11:58:20.535+0000] {spark_submit.py:634} INFO - 25/07/06 11:58:20 INFO SparkContext: Added JAR file:///home/***/.ivy2.5.2/jars/com.clickhouse_clickhouse-jdbc-0.6.4.jar at spark://320a39989f12:45313/jars/com.clickhouse_clickhouse-jdbc-0.6.4.jar with timestamp 1751803099264
[2025-07-06T11:58:20.536+0000] {spark_submit.py:634} INFO - 25/07/06 11:58:20 INFO SparkContext: Added JAR file:///home/***/.ivy2.5.2/jars/org.apache.httpcomponents.client5_httpclient5-5.3.1.jar at spark://320a39989f12:45313/jars/org.apache.httpcomponents.client5_httpclient5-5.3.1.jar with timestamp 1751803099264
[2025-07-06T11:58:20.536+0000] {spark_submit.py:634} INFO - 25/07/06 11:58:20 INFO SparkContext: Added JAR file:///home/***/.ivy2.5.2/jars/org.apache.httpcomponents.core5_httpcore5-5.2.4.jar at spark://320a39989f12:45313/jars/org.apache.httpcomponents.core5_httpcore5-5.2.4.jar with timestamp 1751803099264
[2025-07-06T11:58:20.536+0000] {spark_submit.py:634} INFO - 25/07/06 11:58:20 INFO SparkContext: Added JAR file:///home/***/.ivy2.5.2/jars/org.apache.httpcomponents.core5_httpcore5-h2-5.2.4.jar at spark://320a39989f12:45313/jars/org.apache.httpcomponents.core5_httpcore5-h2-5.2.4.jar with timestamp 1751803099264
[2025-07-06T11:58:20.536+0000] {spark_submit.py:634} INFO - 25/07/06 11:58:20 INFO SparkContext: Added JAR file:///home/***/.ivy2.5.2/jars/org.slf4j_slf4j-api-1.7.36.jar at spark://320a39989f12:45313/jars/org.slf4j_slf4j-api-1.7.36.jar with timestamp 1751803099264
[2025-07-06T11:58:20.537+0000] {spark_submit.py:634} INFO - 25/07/06 11:58:20 INFO SparkContext: Added file file:///home/***/.ivy2.5.2/jars/com.clickhouse_clickhouse-jdbc-0.6.4.jar at file:///home/***/.ivy2.5.2/jars/com.clickhouse_clickhouse-jdbc-0.6.4.jar with timestamp 1751803099264
[2025-07-06T11:58:20.538+0000] {spark_submit.py:634} INFO - 25/07/06 11:58:20 INFO Utils: Copying /home/***/.ivy2.5.2/jars/com.clickhouse_clickhouse-jdbc-0.6.4.jar to /tmp/spark-277a6a6c-c7c3-4882-92ae-89e4ca24b2c9/userFiles-da919224-f388-4a09-8005-58a5bb1ce560/com.clickhouse_clickhouse-jdbc-0.6.4.jar
[2025-07-06T11:58:20.549+0000] {spark_submit.py:634} INFO - 25/07/06 11:58:20 INFO SparkContext: Added file file:///home/***/.ivy2.5.2/jars/org.apache.httpcomponents.client5_httpclient5-5.3.1.jar at file:///home/***/.ivy2.5.2/jars/org.apache.httpcomponents.client5_httpclient5-5.3.1.jar with timestamp 1751803099264
[2025-07-06T11:58:20.549+0000] {spark_submit.py:634} INFO - 25/07/06 11:58:20 INFO Utils: Copying /home/***/.ivy2.5.2/jars/org.apache.httpcomponents.client5_httpclient5-5.3.1.jar to /tmp/spark-277a6a6c-c7c3-4882-92ae-89e4ca24b2c9/userFiles-da919224-f388-4a09-8005-58a5bb1ce560/org.apache.httpcomponents.client5_httpclient5-5.3.1.jar
[2025-07-06T11:58:20.555+0000] {spark_submit.py:634} INFO - 25/07/06 11:58:20 INFO SparkContext: Added file file:///home/***/.ivy2.5.2/jars/org.apache.httpcomponents.core5_httpcore5-5.2.4.jar at file:///home/***/.ivy2.5.2/jars/org.apache.httpcomponents.core5_httpcore5-5.2.4.jar with timestamp 1751803099264
[2025-07-06T11:58:20.555+0000] {spark_submit.py:634} INFO - 25/07/06 11:58:20 INFO Utils: Copying /home/***/.ivy2.5.2/jars/org.apache.httpcomponents.core5_httpcore5-5.2.4.jar to /tmp/spark-277a6a6c-c7c3-4882-92ae-89e4ca24b2c9/userFiles-da919224-f388-4a09-8005-58a5bb1ce560/org.apache.httpcomponents.core5_httpcore5-5.2.4.jar
[2025-07-06T11:58:20.631+0000] {spark_submit.py:634} INFO - 25/07/06 11:58:20 INFO SparkContext: Added file file:///home/***/.ivy2.5.2/jars/org.apache.httpcomponents.core5_httpcore5-h2-5.2.4.jar at file:///home/***/.ivy2.5.2/jars/org.apache.httpcomponents.core5_httpcore5-h2-5.2.4.jar with timestamp 1751803099264
[2025-07-06T11:58:20.631+0000] {spark_submit.py:634} INFO - 25/07/06 11:58:20 INFO Utils: Copying /home/***/.ivy2.5.2/jars/org.apache.httpcomponents.core5_httpcore5-h2-5.2.4.jar to /tmp/spark-277a6a6c-c7c3-4882-92ae-89e4ca24b2c9/userFiles-da919224-f388-4a09-8005-58a5bb1ce560/org.apache.httpcomponents.core5_httpcore5-h2-5.2.4.jar
[2025-07-06T11:58:20.636+0000] {spark_submit.py:634} INFO - 25/07/06 11:58:20 INFO SparkContext: Added file file:///home/***/.ivy2.5.2/jars/org.slf4j_slf4j-api-1.7.36.jar at file:///home/***/.ivy2.5.2/jars/org.slf4j_slf4j-api-1.7.36.jar with timestamp 1751803099264
[2025-07-06T11:58:20.636+0000] {spark_submit.py:634} INFO - 25/07/06 11:58:20 INFO Utils: Copying /home/***/.ivy2.5.2/jars/org.slf4j_slf4j-api-1.7.36.jar to /tmp/spark-277a6a6c-c7c3-4882-92ae-89e4ca24b2c9/userFiles-da919224-f388-4a09-8005-58a5bb1ce560/org.slf4j_slf4j-api-1.7.36.jar
[2025-07-06T11:58:20.657+0000] {spark_submit.py:634} INFO - 25/07/06 11:58:20 INFO SecurityManager: Changing view acls to: ***
[2025-07-06T11:58:20.657+0000] {spark_submit.py:634} INFO - 25/07/06 11:58:20 INFO SecurityManager: Changing modify acls to: ***
[2025-07-06T11:58:20.657+0000] {spark_submit.py:634} INFO - 25/07/06 11:58:20 INFO SecurityManager: Changing view acls groups to: ***
[2025-07-06T11:58:20.657+0000] {spark_submit.py:634} INFO - 25/07/06 11:58:20 INFO SecurityManager: Changing modify acls groups to: ***
[2025-07-06T11:58:20.658+0000] {spark_submit.py:634} INFO - 25/07/06 11:58:20 INFO SecurityManager: SecurityManager: authentication disabled; ui acls disabled; users with view permissions: *** groups with view permissions: EMPTY; users with modify permissions: ***; groups with modify permissions: EMPTY; RPC SSL disabled
[2025-07-06T11:58:20.935+0000] {spark_submit.py:634} INFO - 25/07/06 11:58:20 INFO Executor: Starting executor ID driver on host 320a39989f12
[2025-07-06T11:58:20.935+0000] {spark_submit.py:634} INFO - 25/07/06 11:58:20 INFO Executor: OS info Linux, 6.8.0-60-generic, amd64
[2025-07-06T11:58:20.935+0000] {spark_submit.py:634} INFO - 25/07/06 11:58:20 INFO Executor: Java version 17.0.15
[2025-07-06T11:58:20.944+0000] {spark_submit.py:634} INFO - 25/07/06 11:58:20 INFO Executor: Starting executor with user classpath (userClassPathFirst = false): ''
[2025-07-06T11:58:20.945+0000] {spark_submit.py:634} INFO - 25/07/06 11:58:20 INFO Executor: Created or updated repl class loader org.apache.spark.util.MutableURLClassLoader@2bc3556 for default.
[2025-07-06T11:58:20.952+0000] {spark_submit.py:634} INFO - 25/07/06 11:58:20 INFO Executor: Fetching file:///home/***/.ivy2.5.2/jars/com.clickhouse_clickhouse-jdbc-0.6.4.jar with timestamp 1751803099264
[2025-07-06T11:58:20.960+0000] {spark_submit.py:634} INFO - 25/07/06 11:58:20 INFO Utils: /home/***/.ivy2.5.2/jars/com.clickhouse_clickhouse-jdbc-0.6.4.jar has been previously copied to /tmp/spark-277a6a6c-c7c3-4882-92ae-89e4ca24b2c9/userFiles-da919224-f388-4a09-8005-58a5bb1ce560/com.clickhouse_clickhouse-jdbc-0.6.4.jar
[2025-07-06T11:58:21.025+0000] {spark_submit.py:634} INFO - 25/07/06 11:58:21 INFO Executor: Fetching file:///home/***/.ivy2.5.2/jars/org.apache.httpcomponents.client5_httpclient5-5.3.1.jar with timestamp 1751803099264
[2025-07-06T11:58:21.026+0000] {spark_submit.py:634} INFO - 25/07/06 11:58:21 INFO Utils: /home/***/.ivy2.5.2/jars/org.apache.httpcomponents.client5_httpclient5-5.3.1.jar has been previously copied to /tmp/spark-277a6a6c-c7c3-4882-92ae-89e4ca24b2c9/userFiles-da919224-f388-4a09-8005-58a5bb1ce560/org.apache.httpcomponents.client5_httpclient5-5.3.1.jar
[2025-07-06T11:58:21.033+0000] {spark_submit.py:634} INFO - 25/07/06 11:58:21 INFO Executor: Fetching file:///home/***/.ivy2.5.2/jars/org.apache.httpcomponents.core5_httpcore5-5.2.4.jar with timestamp 1751803099264
[2025-07-06T11:58:21.034+0000] {spark_submit.py:634} INFO - 25/07/06 11:58:21 INFO Utils: /home/***/.ivy2.5.2/jars/org.apache.httpcomponents.core5_httpcore5-5.2.4.jar has been previously copied to /tmp/spark-277a6a6c-c7c3-4882-92ae-89e4ca24b2c9/userFiles-da919224-f388-4a09-8005-58a5bb1ce560/org.apache.httpcomponents.core5_httpcore5-5.2.4.jar
[2025-07-06T11:58:21.038+0000] {spark_submit.py:634} INFO - 25/07/06 11:58:21 INFO Executor: Fetching file:///home/***/.ivy2.5.2/jars/org.apache.httpcomponents.core5_httpcore5-h2-5.2.4.jar with timestamp 1751803099264
[2025-07-06T11:58:21.038+0000] {spark_submit.py:634} INFO - 25/07/06 11:58:21 INFO Utils: /home/***/.ivy2.5.2/jars/org.apache.httpcomponents.core5_httpcore5-h2-5.2.4.jar has been previously copied to /tmp/spark-277a6a6c-c7c3-4882-92ae-89e4ca24b2c9/userFiles-da919224-f388-4a09-8005-58a5bb1ce560/org.apache.httpcomponents.core5_httpcore5-h2-5.2.4.jar
[2025-07-06T11:58:21.042+0000] {spark_submit.py:634} INFO - 25/07/06 11:58:21 INFO Executor: Fetching file:///home/***/.ivy2.5.2/jars/org.slf4j_slf4j-api-1.7.36.jar with timestamp 1751803099264
[2025-07-06T11:58:21.043+0000] {spark_submit.py:634} INFO - 25/07/06 11:58:21 INFO Utils: /home/***/.ivy2.5.2/jars/org.slf4j_slf4j-api-1.7.36.jar has been previously copied to /tmp/spark-277a6a6c-c7c3-4882-92ae-89e4ca24b2c9/userFiles-da919224-f388-4a09-8005-58a5bb1ce560/org.slf4j_slf4j-api-1.7.36.jar
[2025-07-06T11:58:21.048+0000] {spark_submit.py:634} INFO - 25/07/06 11:58:21 INFO Executor: Fetching spark://320a39989f12:45313/jars/org.apache.httpcomponents.client5_httpclient5-5.3.1.jar with timestamp 1751803099264
[2025-07-06T11:58:21.140+0000] {spark_submit.py:634} INFO - 25/07/06 11:58:21 INFO TransportClientFactory: Successfully created connection to 320a39989f12/172.21.0.10:45313 after 79 ms (0 ms spent in bootstraps)
[2025-07-06T11:58:21.144+0000] {spark_submit.py:634} INFO - 25/07/06 11:58:21 INFO Utils: Fetching spark://320a39989f12:45313/jars/org.apache.httpcomponents.client5_httpclient5-5.3.1.jar to /tmp/spark-277a6a6c-c7c3-4882-92ae-89e4ca24b2c9/userFiles-da919224-f388-4a09-8005-58a5bb1ce560/fetchFileTemp3954117883023882763.tmp
[2025-07-06T11:58:21.153+0000] {spark_submit.py:634} INFO - 25/07/06 11:58:21 INFO Utils: /tmp/spark-277a6a6c-c7c3-4882-92ae-89e4ca24b2c9/userFiles-da919224-f388-4a09-8005-58a5bb1ce560/fetchFileTemp3954117883023882763.tmp has been previously copied to /tmp/spark-277a6a6c-c7c3-4882-92ae-89e4ca24b2c9/userFiles-da919224-f388-4a09-8005-58a5bb1ce560/org.apache.httpcomponents.client5_httpclient5-5.3.1.jar
[2025-07-06T11:58:21.226+0000] {spark_submit.py:634} INFO - 25/07/06 11:58:21 INFO Executor: Adding file:/tmp/spark-277a6a6c-c7c3-4882-92ae-89e4ca24b2c9/userFiles-da919224-f388-4a09-8005-58a5bb1ce560/org.apache.httpcomponents.client5_httpclient5-5.3.1.jar to class loader default
[2025-07-06T11:58:21.227+0000] {spark_submit.py:634} INFO - 25/07/06 11:58:21 INFO Executor: Fetching spark://320a39989f12:45313/jars/org.apache.httpcomponents.core5_httpcore5-5.2.4.jar with timestamp 1751803099264
[2025-07-06T11:58:21.227+0000] {spark_submit.py:634} INFO - 25/07/06 11:58:21 INFO Utils: Fetching spark://320a39989f12:45313/jars/org.apache.httpcomponents.core5_httpcore5-5.2.4.jar to /tmp/spark-277a6a6c-c7c3-4882-92ae-89e4ca24b2c9/userFiles-da919224-f388-4a09-8005-58a5bb1ce560/fetchFileTemp1321765131007091611.tmp
[2025-07-06T11:58:21.231+0000] {spark_submit.py:634} INFO - 25/07/06 11:58:21 INFO Utils: /tmp/spark-277a6a6c-c7c3-4882-92ae-89e4ca24b2c9/userFiles-da919224-f388-4a09-8005-58a5bb1ce560/fetchFileTemp1321765131007091611.tmp has been previously copied to /tmp/spark-277a6a6c-c7c3-4882-92ae-89e4ca24b2c9/userFiles-da919224-f388-4a09-8005-58a5bb1ce560/org.apache.httpcomponents.core5_httpcore5-5.2.4.jar
[2025-07-06T11:58:21.238+0000] {spark_submit.py:634} INFO - 25/07/06 11:58:21 INFO Executor: Adding file:/tmp/spark-277a6a6c-c7c3-4882-92ae-89e4ca24b2c9/userFiles-da919224-f388-4a09-8005-58a5bb1ce560/org.apache.httpcomponents.core5_httpcore5-5.2.4.jar to class loader default
[2025-07-06T11:58:21.239+0000] {spark_submit.py:634} INFO - 25/07/06 11:58:21 INFO Executor: Fetching spark://320a39989f12:45313/jars/com.clickhouse_clickhouse-jdbc-0.6.4.jar with timestamp 1751803099264
[2025-07-06T11:58:21.239+0000] {spark_submit.py:634} INFO - 25/07/06 11:58:21 INFO Utils: Fetching spark://320a39989f12:45313/jars/com.clickhouse_clickhouse-jdbc-0.6.4.jar to /tmp/spark-277a6a6c-c7c3-4882-92ae-89e4ca24b2c9/userFiles-da919224-f388-4a09-8005-58a5bb1ce560/fetchFileTemp6271901599418828408.tmp
[2025-07-06T11:58:21.242+0000] {spark_submit.py:634} INFO - 25/07/06 11:58:21 INFO Utils: /tmp/spark-277a6a6c-c7c3-4882-92ae-89e4ca24b2c9/userFiles-da919224-f388-4a09-8005-58a5bb1ce560/fetchFileTemp6271901599418828408.tmp has been previously copied to /tmp/spark-277a6a6c-c7c3-4882-92ae-89e4ca24b2c9/userFiles-da919224-f388-4a09-8005-58a5bb1ce560/com.clickhouse_clickhouse-jdbc-0.6.4.jar
[2025-07-06T11:58:21.247+0000] {spark_submit.py:634} INFO - 25/07/06 11:58:21 INFO Executor: Adding file:/tmp/spark-277a6a6c-c7c3-4882-92ae-89e4ca24b2c9/userFiles-da919224-f388-4a09-8005-58a5bb1ce560/com.clickhouse_clickhouse-jdbc-0.6.4.jar to class loader default
[2025-07-06T11:58:21.247+0000] {spark_submit.py:634} INFO - 25/07/06 11:58:21 INFO Executor: Fetching spark://320a39989f12:45313/jars/org.apache.httpcomponents.core5_httpcore5-h2-5.2.4.jar with timestamp 1751803099264
[2025-07-06T11:58:21.247+0000] {spark_submit.py:634} INFO - 25/07/06 11:58:21 INFO Utils: Fetching spark://320a39989f12:45313/jars/org.apache.httpcomponents.core5_httpcore5-h2-5.2.4.jar to /tmp/spark-277a6a6c-c7c3-4882-92ae-89e4ca24b2c9/userFiles-da919224-f388-4a09-8005-58a5bb1ce560/fetchFileTemp1274547504394208086.tmp
[2025-07-06T11:58:21.249+0000] {spark_submit.py:634} INFO - 25/07/06 11:58:21 INFO Utils: /tmp/spark-277a6a6c-c7c3-4882-92ae-89e4ca24b2c9/userFiles-da919224-f388-4a09-8005-58a5bb1ce560/fetchFileTemp1274547504394208086.tmp has been previously copied to /tmp/spark-277a6a6c-c7c3-4882-92ae-89e4ca24b2c9/userFiles-da919224-f388-4a09-8005-58a5bb1ce560/org.apache.httpcomponents.core5_httpcore5-h2-5.2.4.jar
[2025-07-06T11:58:21.254+0000] {spark_submit.py:634} INFO - 25/07/06 11:58:21 INFO Executor: Adding file:/tmp/spark-277a6a6c-c7c3-4882-92ae-89e4ca24b2c9/userFiles-da919224-f388-4a09-8005-58a5bb1ce560/org.apache.httpcomponents.core5_httpcore5-h2-5.2.4.jar to class loader default
[2025-07-06T11:58:21.254+0000] {spark_submit.py:634} INFO - 25/07/06 11:58:21 INFO Executor: Fetching spark://320a39989f12:45313/jars/org.slf4j_slf4j-api-1.7.36.jar with timestamp 1751803099264
[2025-07-06T11:58:21.255+0000] {spark_submit.py:634} INFO - 25/07/06 11:58:21 INFO Utils: Fetching spark://320a39989f12:45313/jars/org.slf4j_slf4j-api-1.7.36.jar to /tmp/spark-277a6a6c-c7c3-4882-92ae-89e4ca24b2c9/userFiles-da919224-f388-4a09-8005-58a5bb1ce560/fetchFileTemp6722951296202871299.tmp
[2025-07-06T11:58:21.256+0000] {spark_submit.py:634} INFO - 25/07/06 11:58:21 INFO Utils: /tmp/spark-277a6a6c-c7c3-4882-92ae-89e4ca24b2c9/userFiles-da919224-f388-4a09-8005-58a5bb1ce560/fetchFileTemp6722951296202871299.tmp has been previously copied to /tmp/spark-277a6a6c-c7c3-4882-92ae-89e4ca24b2c9/userFiles-da919224-f388-4a09-8005-58a5bb1ce560/org.slf4j_slf4j-api-1.7.36.jar
[2025-07-06T11:58:21.325+0000] {spark_submit.py:634} INFO - 25/07/06 11:58:21 INFO Executor: Adding file:/tmp/spark-277a6a6c-c7c3-4882-92ae-89e4ca24b2c9/userFiles-da919224-f388-4a09-8005-58a5bb1ce560/org.slf4j_slf4j-api-1.7.36.jar to class loader default
[2025-07-06T11:58:21.333+0000] {spark_submit.py:634} INFO - 25/07/06 11:58:21 INFO Utils: Successfully started service 'org.apache.spark.network.netty.NettyBlockTransferService' on port 37169.
[2025-07-06T11:58:21.334+0000] {spark_submit.py:634} INFO - 25/07/06 11:58:21 INFO NettyBlockTransferService: Server created on 320a39989f12:37169
[2025-07-06T11:58:21.335+0000] {spark_submit.py:634} INFO - 25/07/06 11:58:21 INFO BlockManager: Using org.apache.spark.storage.RandomBlockReplicationPolicy for block replication policy
[2025-07-06T11:58:21.341+0000] {spark_submit.py:634} INFO - 25/07/06 11:58:21 INFO BlockManagerMaster: Registering BlockManager BlockManagerId(driver, 320a39989f12, 37169, None)
[2025-07-06T11:58:21.347+0000] {spark_submit.py:634} INFO - 25/07/06 11:58:21 INFO BlockManagerMasterEndpoint: Registering block manager 320a39989f12:37169 with 413.9 MiB RAM, BlockManagerId(driver, 320a39989f12, 37169, None)
[2025-07-06T11:58:21.430+0000] {spark_submit.py:634} INFO - 25/07/06 11:58:21 INFO BlockManagerMaster: Registered BlockManager BlockManagerId(driver, 320a39989f12, 37169, None)
[2025-07-06T11:58:21.431+0000] {spark_submit.py:634} INFO - 25/07/06 11:58:21 INFO BlockManager: Initialized BlockManager: BlockManagerId(driver, 320a39989f12, 37169, None)
[2025-07-06T11:58:26.967+0000] {spark_submit.py:634} INFO - Python-dotenv could not parse statement starting at line 1
[2025-07-06T11:58:26.968+0000] {spark_submit.py:634} INFO - Python-dotenv could not parse statement starting at line 3
[2025-07-06T11:58:27.252+0000] {spark_submit.py:634} INFO - 25/07/06 11:58:27 WARN SparkStringUtils: Truncated the string representation of a plan since it was too large. This behavior can be adjusted by setting 'spark.sql.debug.maxToStringFields'.
[2025-07-06T11:58:30.029+0000] {spark_submit.py:634} INFO - 25/07/06 11:58:30 WARN JdbcUtils: Requested isolation level 1, but transactions are unsupported
[2025-07-06T11:58:33.335+0000] {spark_submit.py:634} INFO - ------------------------Dữ liệu đã được ghi thành công vào ClickHouse------------------------
[2025-07-06T11:58:33.756+0000] {spark_submit.py:634} INFO - -------------Stop SparkSession-------------
[2025-07-06T11:58:34.052+0000] {taskinstance.py:441} INFO - ::group::Post task execution logs
[2025-07-06T11:58:34.058+0000] {taskinstance.py:1205} INFO - Marking task as SUCCESS. dag_id=my_spark_inline, task_id=spark_write_data, execution_date=20250706T051258, start_date=20250706T115744, end_date=20250706T115834
[2025-07-06T11:58:34.086+0000] {local_task_job_runner.py:240} INFO - Task exited with return code 0
[2025-07-06T11:58:34.102+0000] {taskinstance.py:3482} INFO - 0 downstream tasks scheduled from follow-on schedule check
[2025-07-06T11:58:34.102+0000] {local_task_job_runner.py:222} INFO - ::endgroup::
