[2025-07-07T01:57:57.705+0000] {local_task_job_runner.py:120} INFO - ::group::Pre task execution logs
[2025-07-07T01:57:57.807+0000] {taskinstance.py:2073} INFO - Dependencies all met for dep_context=non-requeueable deps ti=<TaskInstance: my_spark_inline.spark_write_data manual__2025-07-06T05:12:58.943989+00:00 [queued]>
[2025-07-07T01:57:57.812+0000] {taskinstance.py:2073} INFO - Dependencies all met for dep_context=requeueable deps ti=<TaskInstance: my_spark_inline.spark_write_data manual__2025-07-06T05:12:58.943989+00:00 [queued]>
[2025-07-07T01:57:57.812+0000] {taskinstance.py:2303} INFO - Starting attempt 52 of 52
[2025-07-07T01:57:57.826+0000] {taskinstance.py:2327} INFO - Executing <Task(SparkSubmitOperator): spark_write_data> on 2025-07-06 05:12:58.943989+00:00
[2025-07-07T01:57:57.830+0000] {standard_task_runner.py:63} INFO - Started process 1811 to run task
[2025-07-07T01:57:57.834+0000] {standard_task_runner.py:90} INFO - Running: ['***', 'tasks', 'run', 'my_spark_inline', 'spark_write_data', 'manual__2025-07-06T05:12:58.943989+00:00', '--job-id', '89', '--raw', '--subdir', 'DAGS_FOLDER/test_spark.py', '--cfg-path', '/tmp/tmp9fyyjez4']
[2025-07-07T01:57:57.836+0000] {standard_task_runner.py:91} INFO - Job 89: Subtask spark_write_data
[2025-07-07T01:57:57.844+0000] {logging_mixin.py:188} WARNING - /home/***/.local/lib/python3.11/site-packages/***/settings.py:195 DeprecationWarning: The sql_alchemy_conn option in [core] has been moved to the sql_alchemy_conn option in [database] - the old setting has been used, but please update your config.
[2025-07-07T01:57:57.864+0000] {task_command.py:426} INFO - Running <TaskInstance: my_spark_inline.spark_write_data manual__2025-07-06T05:12:58.943989+00:00 [running]> on host 40aa9e29f527
[2025-07-07T01:57:57.914+0000] {taskinstance.py:2644} INFO - Exporting env vars: AIRFLOW_CTX_DAG_OWNER='***' AIRFLOW_CTX_DAG_ID='my_spark_inline' AIRFLOW_CTX_TASK_ID='spark_write_data' AIRFLOW_CTX_EXECUTION_DATE='2025-07-06T05:12:58.943989+00:00' AIRFLOW_CTX_TRY_NUMBER='52' AIRFLOW_CTX_DAG_RUN_ID='manual__2025-07-06T05:12:58.943989+00:00'
[2025-07-07T01:57:57.914+0000] {taskinstance.py:430} INFO - ::endgroup::
[2025-07-07T01:57:57.930+0000] {base.py:84} INFO - Using connection ID 'spark-master' for task execution.
[2025-07-07T01:57:57.931+0000] {spark_submit.py:473} INFO - Spark-Submit cmd: spark-submit --master spark-master:7077 --packages com.clickhouse:clickhouse-jdbc:0.6.4,org.apache.httpcomponents.client5:httpclient5:5.3.1,org.apache.hadoop:hadoop-aws:3.3.5,com.amazonaws:aws-java-sdk-bundle:1.12.674 --name arrow-spark --deploy-mode client /opt/***/spark_project/src/spark/spark_main_minio.py
[2025-07-07T01:57:58.151+0000] {spark_submit.py:634} INFO - WARNING: Using incubator modules: jdk.incubator.vector
[2025-07-07T01:57:59.508+0000] {spark_submit.py:634} INFO - :: loading settings :: url = jar:file:/home/***/.local/lib/python3.11/site-packages/pyspark/jars/ivy-2.5.3.jar!/org/apache/ivy/core/settings/ivysettings.xml
[2025-07-07T01:57:59.587+0000] {spark_submit.py:634} INFO - Ivy Default Cache set to: /home/***/.ivy2.5.2/cache
[2025-07-07T01:57:59.588+0000] {spark_submit.py:634} INFO - The jars for the packages stored in: /home/***/.ivy2.5.2/jars
[2025-07-07T01:57:59.590+0000] {spark_submit.py:634} INFO - com.clickhouse#clickhouse-jdbc added as a dependency
[2025-07-07T01:57:59.590+0000] {spark_submit.py:634} INFO - org.apache.httpcomponents.client5#httpclient5 added as a dependency
[2025-07-07T01:57:59.590+0000] {spark_submit.py:634} INFO - org.apache.hadoop#hadoop-aws added as a dependency
[2025-07-07T01:57:59.590+0000] {spark_submit.py:634} INFO - com.amazonaws#aws-java-sdk-bundle added as a dependency
[2025-07-07T01:57:59.591+0000] {spark_submit.py:634} INFO - :: resolving dependencies :: org.apache.spark#spark-submit-parent-146b2896-f3a5-4252-90ad-2d02c7334f2b;1.0
[2025-07-07T01:57:59.591+0000] {spark_submit.py:634} INFO - confs: [default]
[2025-07-07T01:57:59.701+0000] {spark_submit.py:634} INFO - found com.clickhouse#clickhouse-jdbc;0.6.4 in central
[2025-07-07T01:57:59.723+0000] {spark_submit.py:634} INFO - found org.apache.httpcomponents.client5#httpclient5;5.3.1 in central
[2025-07-07T01:57:59.793+0000] {spark_submit.py:634} INFO - found org.apache.httpcomponents.core5#httpcore5;5.2.4 in central
[2025-07-07T01:57:59.805+0000] {spark_submit.py:634} INFO - found org.apache.httpcomponents.core5#httpcore5-h2;5.2.4 in central
[2025-07-07T01:57:59.889+0000] {spark_submit.py:634} INFO - found org.slf4j#slf4j-api;1.7.36 in central
[2025-07-07T01:57:59.907+0000] {spark_submit.py:634} INFO - found org.apache.hadoop#hadoop-aws;3.3.5 in central
[2025-07-07T01:57:59.984+0000] {spark_submit.py:634} INFO - found org.wildfly.openssl#wildfly-openssl;1.1.3.Final in central
[2025-07-07T01:57:59.990+0000] {spark_submit.py:634} INFO - found com.amazonaws#aws-java-sdk-bundle;1.12.674 in central
[2025-07-07T01:58:00.082+0000] {spark_submit.py:634} INFO - :: resolution report :: resolve 406ms :: artifacts dl 86ms
[2025-07-07T01:58:00.083+0000] {spark_submit.py:634} INFO - :: modules in use:
[2025-07-07T01:58:00.083+0000] {spark_submit.py:634} INFO - com.amazonaws#aws-java-sdk-bundle;1.12.674 from central in [default]
[2025-07-07T01:58:00.083+0000] {spark_submit.py:634} INFO - com.clickhouse#clickhouse-jdbc;0.6.4 from central in [default]
[2025-07-07T01:58:00.083+0000] {spark_submit.py:634} INFO - org.apache.hadoop#hadoop-aws;3.3.5 from central in [default]
[2025-07-07T01:58:00.083+0000] {spark_submit.py:634} INFO - org.apache.httpcomponents.client5#httpclient5;5.3.1 from central in [default]
[2025-07-07T01:58:00.083+0000] {spark_submit.py:634} INFO - org.apache.httpcomponents.core5#httpcore5;5.2.4 from central in [default]
[2025-07-07T01:58:00.083+0000] {spark_submit.py:634} INFO - org.apache.httpcomponents.core5#httpcore5-h2;5.2.4 from central in [default]
[2025-07-07T01:58:00.084+0000] {spark_submit.py:634} INFO - org.slf4j#slf4j-api;1.7.36 from central in [default]
[2025-07-07T01:58:00.084+0000] {spark_submit.py:634} INFO - org.wildfly.openssl#wildfly-openssl;1.1.3.Final from central in [default]
[2025-07-07T01:58:00.084+0000] {spark_submit.py:634} INFO - :: evicted modules:
[2025-07-07T01:58:00.084+0000] {spark_submit.py:634} INFO - com.amazonaws#aws-java-sdk-bundle;1.12.316 by [com.amazonaws#aws-java-sdk-bundle;1.12.674] in [default]
[2025-07-07T01:58:00.084+0000] {spark_submit.py:634} INFO - ---------------------------------------------------------------------
[2025-07-07T01:58:00.084+0000] {spark_submit.py:634} INFO - |                  |            modules            ||   artifacts   |
[2025-07-07T01:58:00.084+0000] {spark_submit.py:634} INFO - |       conf       | number| search|dwnlded|evicted|| number|dwnlded|
[2025-07-07T01:58:00.084+0000] {spark_submit.py:634} INFO - ---------------------------------------------------------------------
[2025-07-07T01:58:00.084+0000] {spark_submit.py:634} INFO - |      default     |   9   |   0   |   0   |   1   ||   8   |   0   |
[2025-07-07T01:58:00.085+0000] {spark_submit.py:634} INFO - ---------------------------------------------------------------------
[2025-07-07T01:58:00.086+0000] {spark_submit.py:634} INFO - :: retrieving :: org.apache.spark#spark-submit-parent-146b2896-f3a5-4252-90ad-2d02c7334f2b
[2025-07-07T01:58:00.087+0000] {spark_submit.py:634} INFO - confs: [default]
[2025-07-07T01:58:00.091+0000] {spark_submit.py:634} INFO - 0 artifacts copied, 8 already retrieved (0kB/4ms)
[2025-07-07T01:58:00.390+0000] {spark_submit.py:634} INFO - 25/07/07 01:58:00 WARN NativeCodeLoader: Unable to load native-hadoop library for your platform... using builtin-java classes where applicable
[2025-07-07T01:58:01.799+0000] {spark_submit.py:634} INFO - Using Spark's default log4j profile: org/apache/spark/log4j2-defaults.properties
[2025-07-07T01:58:01.803+0000] {spark_submit.py:634} INFO - 25/07/07 01:58:01 INFO SparkContext: Running Spark version 4.0.0
[2025-07-07T01:58:01.804+0000] {spark_submit.py:634} INFO - 25/07/07 01:58:01 INFO SparkContext: OS info Linux, 6.8.0-60-generic, amd64
[2025-07-07T01:58:01.804+0000] {spark_submit.py:634} INFO - 25/07/07 01:58:01 INFO SparkContext: Java version 17.0.15
[2025-07-07T01:58:01.819+0000] {spark_submit.py:634} INFO - 25/07/07 01:58:01 INFO ResourceUtils: ==============================================================
[2025-07-07T01:58:01.819+0000] {spark_submit.py:634} INFO - 25/07/07 01:58:01 INFO ResourceUtils: No custom resources configured for spark.driver.
[2025-07-07T01:58:01.819+0000] {spark_submit.py:634} INFO - 25/07/07 01:58:01 INFO ResourceUtils: ==============================================================
[2025-07-07T01:58:01.820+0000] {spark_submit.py:634} INFO - 25/07/07 01:58:01 INFO SparkContext: Submitted application: thanhdz
[2025-07-07T01:58:01.893+0000] {spark_submit.py:634} INFO - 25/07/07 01:58:01 INFO ResourceProfile: Default ResourceProfile created, executor resources: Map(cores -> name: cores, amount: 2, script: , vendor: , memory -> name: memory, amount: 4096, script: , vendor: , offHeap -> name: offHeap, amount: 0, script: , vendor: ), task resources: Map(cpus -> name: cpus, amount: 1.0)
[2025-07-07T01:58:01.895+0000] {spark_submit.py:634} INFO - 25/07/07 01:58:01 INFO ResourceProfile: Limiting resource is cpus at 2 tasks per executor
[2025-07-07T01:58:01.897+0000] {spark_submit.py:634} INFO - 25/07/07 01:58:01 INFO ResourceProfileManager: Added ResourceProfile id: 0
[2025-07-07T01:58:01.987+0000] {spark_submit.py:634} INFO - 25/07/07 01:58:01 INFO SecurityManager: Changing view acls to: ***
[2025-07-07T01:58:01.988+0000] {spark_submit.py:634} INFO - 25/07/07 01:58:01 INFO SecurityManager: Changing modify acls to: ***
[2025-07-07T01:58:01.988+0000] {spark_submit.py:634} INFO - 25/07/07 01:58:01 INFO SecurityManager: Changing view acls groups to: ***
[2025-07-07T01:58:01.988+0000] {spark_submit.py:634} INFO - 25/07/07 01:58:01 INFO SecurityManager: Changing modify acls groups to: ***
[2025-07-07T01:58:01.989+0000] {spark_submit.py:634} INFO - 25/07/07 01:58:01 INFO SecurityManager: SecurityManager: authentication disabled; ui acls disabled; users with view permissions: *** groups with view permissions: EMPTY; users with modify permissions: ***; groups with modify permissions: EMPTY; RPC SSL disabled
[2025-07-07T01:58:02.217+0000] {spark_submit.py:634} INFO - 25/07/07 01:58:02 INFO Utils: Successfully started service 'sparkDriver' on port 41575.
[2025-07-07T01:58:02.234+0000] {spark_submit.py:634} INFO - 25/07/07 01:58:02 INFO SparkEnv: Registering MapOutputTracker
[2025-07-07T01:58:02.242+0000] {spark_submit.py:634} INFO - 25/07/07 01:58:02 INFO SparkEnv: Registering BlockManagerMaster
[2025-07-07T01:58:02.282+0000] {spark_submit.py:634} INFO - 25/07/07 01:58:02 INFO BlockManagerMasterEndpoint: Using org.apache.spark.storage.DefaultTopologyMapper for getting topology information
[2025-07-07T01:58:02.282+0000] {spark_submit.py:634} INFO - 25/07/07 01:58:02 INFO BlockManagerMasterEndpoint: BlockManagerMasterEndpoint up
[2025-07-07T01:58:02.284+0000] {spark_submit.py:634} INFO - 25/07/07 01:58:02 INFO SparkEnv: Registering BlockManagerMasterHeartbeat
[2025-07-07T01:58:02.297+0000] {spark_submit.py:634} INFO - 25/07/07 01:58:02 INFO DiskBlockManager: Created local directory at /tmp/blockmgr-94f13bf7-2662-439e-88c7-1c0c4d432c15
[2025-07-07T01:58:02.309+0000] {spark_submit.py:634} INFO - 25/07/07 01:58:02 INFO SparkEnv: Registering OutputCommitCoordinator
[2025-07-07T01:58:02.504+0000] {spark_submit.py:634} INFO - 25/07/07 01:58:02 INFO JettyUtils: Start Jetty 0.0.0.0:4040 for SparkUI
[2025-07-07T01:58:02.600+0000] {spark_submit.py:634} INFO - 25/07/07 01:58:02 INFO Utils: Successfully started service 'SparkUI' on port 4040.
[2025-07-07T01:58:02.626+0000] {spark_submit.py:634} INFO - 25/07/07 01:58:02 ERROR SparkContext: Failed to add /home/ngocthanh/spark-3.5.3/jars/hadoop-aws-3.3.4.jar to Spark environment
[2025-07-07T01:58:02.626+0000] {spark_submit.py:634} INFO - java.io.FileNotFoundException: Jar /home/ngocthanh/spark-3.5.3/jars/hadoop-aws-3.3.4.jar not found
[2025-07-07T01:58:02.626+0000] {spark_submit.py:634} INFO - at org.apache.spark.SparkContext.addLocalJarFile$1(SparkContext.scala:2174)
[2025-07-07T01:58:02.626+0000] {spark_submit.py:634} INFO - at org.apache.spark.SparkContext.addJar(SparkContext.scala:2230)
[2025-07-07T01:58:02.626+0000] {spark_submit.py:634} INFO - at org.apache.spark.SparkContext.$anonfun$new$15(SparkContext.scala:538)
[2025-07-07T01:58:02.626+0000] {spark_submit.py:634} INFO - at org.apache.spark.SparkContext.$anonfun$new$15$adapted(SparkContext.scala:538)
[2025-07-07T01:58:02.626+0000] {spark_submit.py:634} INFO - at scala.collection.IterableOnceOps.foreach(IterableOnce.scala:619)
[2025-07-07T01:58:02.626+0000] {spark_submit.py:634} INFO - at scala.collection.IterableOnceOps.foreach$(IterableOnce.scala:617)
[2025-07-07T01:58:02.626+0000] {spark_submit.py:634} INFO - at scala.collection.AbstractIterable.foreach(Iterable.scala:935)
[2025-07-07T01:58:02.626+0000] {spark_submit.py:634} INFO - at org.apache.spark.SparkContext.<init>(SparkContext.scala:538)
[2025-07-07T01:58:02.627+0000] {spark_submit.py:634} INFO - at org.apache.spark.api.java.JavaSparkContext.<init>(JavaSparkContext.scala:59)
[2025-07-07T01:58:02.627+0000] {spark_submit.py:634} INFO - at java.base/jdk.internal.reflect.NativeConstructorAccessorImpl.newInstance0(Native Method)
[2025-07-07T01:58:02.627+0000] {spark_submit.py:634} INFO - at java.base/jdk.internal.reflect.NativeConstructorAccessorImpl.newInstance(NativeConstructorAccessorImpl.java:77)
[2025-07-07T01:58:02.627+0000] {spark_submit.py:634} INFO - at java.base/jdk.internal.reflect.DelegatingConstructorAccessorImpl.newInstance(DelegatingConstructorAccessorImpl.java:45)
[2025-07-07T01:58:02.627+0000] {spark_submit.py:634} INFO - at java.base/java.lang.reflect.Constructor.newInstanceWithCaller(Constructor.java:500)
[2025-07-07T01:58:02.627+0000] {spark_submit.py:634} INFO - at java.base/java.lang.reflect.Constructor.newInstance(Constructor.java:481)
[2025-07-07T01:58:02.627+0000] {spark_submit.py:634} INFO - at py4j.reflection.MethodInvoker.invoke(MethodInvoker.java:247)
[2025-07-07T01:58:02.627+0000] {spark_submit.py:634} INFO - at py4j.reflection.ReflectionEngine.invoke(ReflectionEngine.java:374)
[2025-07-07T01:58:02.627+0000] {spark_submit.py:634} INFO - at py4j.Gateway.invoke(Gateway.java:238)
[2025-07-07T01:58:02.627+0000] {spark_submit.py:634} INFO - at py4j.commands.ConstructorCommand.invokeConstructor(ConstructorCommand.java:80)
[2025-07-07T01:58:02.627+0000] {spark_submit.py:634} INFO - at py4j.commands.ConstructorCommand.execute(ConstructorCommand.java:69)
[2025-07-07T01:58:02.627+0000] {spark_submit.py:634} INFO - at py4j.ClientServerConnection.waitForCommands(ClientServerConnection.java:184)
[2025-07-07T01:58:02.627+0000] {spark_submit.py:634} INFO - at py4j.ClientServerConnection.run(ClientServerConnection.java:108)
[2025-07-07T01:58:02.627+0000] {spark_submit.py:634} INFO - at java.base/java.lang.Thread.run(Thread.java:840)
[2025-07-07T01:58:02.627+0000] {spark_submit.py:634} INFO - 25/07/07 01:58:02 ERROR SparkContext: Failed to add /home/ngocthanh/spark-3.5.3/jars/aws-java-sdk-bundle-1.12.761.jar to Spark environment
[2025-07-07T01:58:02.627+0000] {spark_submit.py:634} INFO - java.io.FileNotFoundException: Jar /home/ngocthanh/spark-3.5.3/jars/aws-java-sdk-bundle-1.12.761.jar not found
[2025-07-07T01:58:02.627+0000] {spark_submit.py:634} INFO - at org.apache.spark.SparkContext.addLocalJarFile$1(SparkContext.scala:2174)
[2025-07-07T01:58:02.627+0000] {spark_submit.py:634} INFO - at org.apache.spark.SparkContext.addJar(SparkContext.scala:2230)
[2025-07-07T01:58:02.627+0000] {spark_submit.py:634} INFO - at org.apache.spark.SparkContext.$anonfun$new$15(SparkContext.scala:538)
[2025-07-07T01:58:02.627+0000] {spark_submit.py:634} INFO - at org.apache.spark.SparkContext.$anonfun$new$15$adapted(SparkContext.scala:538)
[2025-07-07T01:58:02.628+0000] {spark_submit.py:634} INFO - at scala.collection.IterableOnceOps.foreach(IterableOnce.scala:619)
[2025-07-07T01:58:02.628+0000] {spark_submit.py:634} INFO - at scala.collection.IterableOnceOps.foreach$(IterableOnce.scala:617)
[2025-07-07T01:58:02.628+0000] {spark_submit.py:634} INFO - at scala.collection.AbstractIterable.foreach(Iterable.scala:935)
[2025-07-07T01:58:02.628+0000] {spark_submit.py:634} INFO - at org.apache.spark.SparkContext.<init>(SparkContext.scala:538)
[2025-07-07T01:58:02.628+0000] {spark_submit.py:634} INFO - at org.apache.spark.api.java.JavaSparkContext.<init>(JavaSparkContext.scala:59)
[2025-07-07T01:58:02.628+0000] {spark_submit.py:634} INFO - at java.base/jdk.internal.reflect.NativeConstructorAccessorImpl.newInstance0(Native Method)
[2025-07-07T01:58:02.628+0000] {spark_submit.py:634} INFO - at java.base/jdk.internal.reflect.NativeConstructorAccessorImpl.newInstance(NativeConstructorAccessorImpl.java:77)
[2025-07-07T01:58:02.628+0000] {spark_submit.py:634} INFO - at java.base/jdk.internal.reflect.DelegatingConstructorAccessorImpl.newInstance(DelegatingConstructorAccessorImpl.java:45)
[2025-07-07T01:58:02.628+0000] {spark_submit.py:634} INFO - at java.base/java.lang.reflect.Constructor.newInstanceWithCaller(Constructor.java:500)
[2025-07-07T01:58:02.628+0000] {spark_submit.py:634} INFO - at java.base/java.lang.reflect.Constructor.newInstance(Constructor.java:481)
[2025-07-07T01:58:02.628+0000] {spark_submit.py:634} INFO - at py4j.reflection.MethodInvoker.invoke(MethodInvoker.java:247)
[2025-07-07T01:58:02.628+0000] {spark_submit.py:634} INFO - at py4j.reflection.ReflectionEngine.invoke(ReflectionEngine.java:374)
[2025-07-07T01:58:02.628+0000] {spark_submit.py:634} INFO - at py4j.Gateway.invoke(Gateway.java:238)
[2025-07-07T01:58:02.628+0000] {spark_submit.py:634} INFO - at py4j.commands.ConstructorCommand.invokeConstructor(ConstructorCommand.java:80)
[2025-07-07T01:58:02.628+0000] {spark_submit.py:634} INFO - at py4j.commands.ConstructorCommand.execute(ConstructorCommand.java:69)
[2025-07-07T01:58:02.628+0000] {spark_submit.py:634} INFO - at py4j.ClientServerConnection.waitForCommands(ClientServerConnection.java:184)
[2025-07-07T01:58:02.628+0000] {spark_submit.py:634} INFO - at py4j.ClientServerConnection.run(ClientServerConnection.java:108)
[2025-07-07T01:58:02.628+0000] {spark_submit.py:634} INFO - at java.base/java.lang.Thread.run(Thread.java:840)
[2025-07-07T01:58:02.628+0000] {spark_submit.py:634} INFO - 25/07/07 01:58:02 INFO SparkContext: Added file file:///home/***/.ivy2.5.2/jars/com.clickhouse_clickhouse-jdbc-0.6.4.jar at spark://40aa9e29f527:41575/files/com.clickhouse_clickhouse-jdbc-0.6.4.jar with timestamp 1751853481794
[2025-07-07T01:58:02.629+0000] {spark_submit.py:634} INFO - 25/07/07 01:58:02 INFO Utils: Copying /home/***/.ivy2.5.2/jars/com.clickhouse_clickhouse-jdbc-0.6.4.jar to /tmp/spark-e76086d3-c7fe-4797-bb3a-dfd6056afe36/userFiles-6201b0f7-1112-4bd5-8768-e6141cd30b97/com.clickhouse_clickhouse-jdbc-0.6.4.jar
[2025-07-07T01:58:02.690+0000] {spark_submit.py:634} INFO - 25/07/07 01:58:02 INFO SparkContext: Added file file:///home/***/.ivy2.5.2/jars/org.apache.httpcomponents.client5_httpclient5-5.3.1.jar at spark://40aa9e29f527:41575/files/org.apache.httpcomponents.client5_httpclient5-5.3.1.jar with timestamp 1751853481794
[2025-07-07T01:58:02.691+0000] {spark_submit.py:634} INFO - 25/07/07 01:58:02 INFO Utils: Copying /home/***/.ivy2.5.2/jars/org.apache.httpcomponents.client5_httpclient5-5.3.1.jar to /tmp/spark-e76086d3-c7fe-4797-bb3a-dfd6056afe36/userFiles-6201b0f7-1112-4bd5-8768-e6141cd30b97/org.apache.httpcomponents.client5_httpclient5-5.3.1.jar
[2025-07-07T01:58:02.696+0000] {spark_submit.py:634} INFO - 25/07/07 01:58:02 INFO SparkContext: Added file file:///home/***/.ivy2.5.2/jars/org.apache.hadoop_hadoop-aws-3.3.5.jar at spark://40aa9e29f527:41575/files/org.apache.hadoop_hadoop-aws-3.3.5.jar with timestamp 1751853481794
[2025-07-07T01:58:02.696+0000] {spark_submit.py:634} INFO - 25/07/07 01:58:02 INFO Utils: Copying /home/***/.ivy2.5.2/jars/org.apache.hadoop_hadoop-aws-3.3.5.jar to /tmp/spark-e76086d3-c7fe-4797-bb3a-dfd6056afe36/userFiles-6201b0f7-1112-4bd5-8768-e6141cd30b97/org.apache.hadoop_hadoop-aws-3.3.5.jar
[2025-07-07T01:58:02.700+0000] {spark_submit.py:634} INFO - 25/07/07 01:58:02 INFO SparkContext: Added file file:///home/***/.ivy2.5.2/jars/com.amazonaws_aws-java-sdk-bundle-1.12.674.jar at spark://40aa9e29f527:41575/files/com.amazonaws_aws-java-sdk-bundle-1.12.674.jar with timestamp 1751853481794
[2025-07-07T01:58:02.701+0000] {spark_submit.py:634} INFO - 25/07/07 01:58:02 INFO Utils: Copying /home/***/.ivy2.5.2/jars/com.amazonaws_aws-java-sdk-bundle-1.12.674.jar to /tmp/spark-e76086d3-c7fe-4797-bb3a-dfd6056afe36/userFiles-6201b0f7-1112-4bd5-8768-e6141cd30b97/com.amazonaws_aws-java-sdk-bundle-1.12.674.jar
[2025-07-07T01:58:02.912+0000] {spark_submit.py:634} INFO - 25/07/07 01:58:02 INFO SparkContext: Added file file:///home/***/.ivy2.5.2/jars/org.apache.httpcomponents.core5_httpcore5-5.2.4.jar at spark://40aa9e29f527:41575/files/org.apache.httpcomponents.core5_httpcore5-5.2.4.jar with timestamp 1751853481794
[2025-07-07T01:58:02.913+0000] {spark_submit.py:634} INFO - 25/07/07 01:58:02 INFO Utils: Copying /home/***/.ivy2.5.2/jars/org.apache.httpcomponents.core5_httpcore5-5.2.4.jar to /tmp/spark-e76086d3-c7fe-4797-bb3a-dfd6056afe36/userFiles-6201b0f7-1112-4bd5-8768-e6141cd30b97/org.apache.httpcomponents.core5_httpcore5-5.2.4.jar
[2025-07-07T01:58:02.919+0000] {spark_submit.py:634} INFO - 25/07/07 01:58:02 INFO SparkContext: Added file file:///home/***/.ivy2.5.2/jars/org.apache.httpcomponents.core5_httpcore5-h2-5.2.4.jar at spark://40aa9e29f527:41575/files/org.apache.httpcomponents.core5_httpcore5-h2-5.2.4.jar with timestamp 1751853481794
[2025-07-07T01:58:02.919+0000] {spark_submit.py:634} INFO - 25/07/07 01:58:02 INFO Utils: Copying /home/***/.ivy2.5.2/jars/org.apache.httpcomponents.core5_httpcore5-h2-5.2.4.jar to /tmp/spark-e76086d3-c7fe-4797-bb3a-dfd6056afe36/userFiles-6201b0f7-1112-4bd5-8768-e6141cd30b97/org.apache.httpcomponents.core5_httpcore5-h2-5.2.4.jar
[2025-07-07T01:58:02.924+0000] {spark_submit.py:634} INFO - 25/07/07 01:58:02 INFO SparkContext: Added file file:///home/***/.ivy2.5.2/jars/org.slf4j_slf4j-api-1.7.36.jar at spark://40aa9e29f527:41575/files/org.slf4j_slf4j-api-1.7.36.jar with timestamp 1751853481794
[2025-07-07T01:58:02.925+0000] {spark_submit.py:634} INFO - 25/07/07 01:58:02 INFO Utils: Copying /home/***/.ivy2.5.2/jars/org.slf4j_slf4j-api-1.7.36.jar to /tmp/spark-e76086d3-c7fe-4797-bb3a-dfd6056afe36/userFiles-6201b0f7-1112-4bd5-8768-e6141cd30b97/org.slf4j_slf4j-api-1.7.36.jar
[2025-07-07T01:58:02.929+0000] {spark_submit.py:634} INFO - 25/07/07 01:58:02 INFO SparkContext: Added file file:///home/***/.ivy2.5.2/jars/org.wildfly.openssl_wildfly-openssl-1.1.3.Final.jar at spark://40aa9e29f527:41575/files/org.wildfly.openssl_wildfly-openssl-1.1.3.Final.jar with timestamp 1751853481794
[2025-07-07T01:58:02.929+0000] {spark_submit.py:634} INFO - 25/07/07 01:58:02 INFO Utils: Copying /home/***/.ivy2.5.2/jars/org.wildfly.openssl_wildfly-openssl-1.1.3.Final.jar to /tmp/spark-e76086d3-c7fe-4797-bb3a-dfd6056afe36/userFiles-6201b0f7-1112-4bd5-8768-e6141cd30b97/org.wildfly.openssl_wildfly-openssl-1.1.3.Final.jar
[2025-07-07T01:58:02.945+0000] {spark_submit.py:634} INFO - 25/07/07 01:58:02 INFO SecurityManager: Changing view acls to: ***
[2025-07-07T01:58:02.945+0000] {spark_submit.py:634} INFO - 25/07/07 01:58:02 INFO SecurityManager: Changing modify acls to: ***
[2025-07-07T01:58:02.945+0000] {spark_submit.py:634} INFO - 25/07/07 01:58:02 INFO SecurityManager: Changing view acls groups to: ***
[2025-07-07T01:58:02.946+0000] {spark_submit.py:634} INFO - 25/07/07 01:58:02 INFO SecurityManager: Changing modify acls groups to: ***
[2025-07-07T01:58:02.946+0000] {spark_submit.py:634} INFO - 25/07/07 01:58:02 INFO SecurityManager: SecurityManager: authentication disabled; ui acls disabled; users with view permissions: *** groups with view permissions: EMPTY; users with modify permissions: ***; groups with modify permissions: EMPTY; RPC SSL disabled
[2025-07-07T01:58:03.115+0000] {spark_submit.py:634} INFO - 25/07/07 01:58:03 INFO StandaloneAppClient$ClientEndpoint: Connecting to master spark://spark-master:7077...
[2025-07-07T01:58:03.213+0000] {spark_submit.py:634} INFO - 25/07/07 01:58:03 INFO TransportClientFactory: Successfully created connection to spark-master/172.21.0.6:7077 after 22 ms (0 ms spent in bootstraps)
[2025-07-07T01:58:03.299+0000] {spark_submit.py:634} INFO - 25/07/07 01:58:03 INFO StandaloneSchedulerBackend: Connected to Spark cluster with app ID app-20250707015803-0006
[2025-07-07T01:58:03.305+0000] {spark_submit.py:634} INFO - 25/07/07 01:58:03 INFO Utils: Successfully started service 'org.apache.spark.network.netty.NettyBlockTransferService' on port 41097.
[2025-07-07T01:58:03.306+0000] {spark_submit.py:634} INFO - 25/07/07 01:58:03 INFO NettyBlockTransferService: Server created on 40aa9e29f527:41097
[2025-07-07T01:58:03.306+0000] {spark_submit.py:634} INFO - 25/07/07 01:58:03 INFO BlockManager: Using org.apache.spark.storage.RandomBlockReplicationPolicy for block replication policy
[2025-07-07T01:58:03.313+0000] {spark_submit.py:634} INFO - 25/07/07 01:58:03 INFO BlockManagerMaster: Registering BlockManager BlockManagerId(driver, 40aa9e29f527, 41097, None)
[2025-07-07T01:58:03.316+0000] {spark_submit.py:634} INFO - 25/07/07 01:58:03 INFO BlockManagerMasterEndpoint: Registering block manager 40aa9e29f527:41097 with 413.9 MiB RAM, BlockManagerId(driver, 40aa9e29f527, 41097, None)
[2025-07-07T01:58:03.318+0000] {spark_submit.py:634} INFO - 25/07/07 01:58:03 INFO BlockManagerMaster: Registered BlockManager BlockManagerId(driver, 40aa9e29f527, 41097, None)
[2025-07-07T01:58:03.319+0000] {spark_submit.py:634} INFO - 25/07/07 01:58:03 INFO BlockManager: Initialized BlockManager: BlockManagerId(driver, 40aa9e29f527, 41097, None)
[2025-07-07T01:58:03.512+0000] {spark_submit.py:634} INFO - 25/07/07 01:58:03 INFO StandaloneSchedulerBackend: SchedulerBackend is ready for scheduling beginning after reached minRegisteredResourcesRatio: 0.0
[2025-07-07T01:58:05.804+0000] {spark_submit.py:634} INFO - ----------Hadoop Config Check-----------
[2025-07-07T01:58:05.805+0000] {spark_submit.py:634} INFO - Traceback (most recent call last):
[2025-07-07T01:58:05.805+0000] {spark_submit.py:634} INFO - File "/opt/***/spark_project/src/spark/spark_main_minio.py", line 96, in <module>
[2025-07-07T01:58:05.805+0000] {spark_submit.py:634} INFO - main()
[2025-07-07T01:58:05.805+0000] {spark_submit.py:634} INFO - File "/opt/***/spark_project/src/spark/spark_main_minio.py", line 42, in main
[2025-07-07T01:58:05.805+0000] {spark_submit.py:634} INFO - for item in conf:
[2025-07-07T01:58:05.805+0000] {spark_submit.py:634} INFO - TypeError: 'JavaObject' object is not iterable
[2025-07-07T01:58:06.083+0000] {taskinstance.py:441} INFO - ::group::Post task execution logs
[2025-07-07T01:58:06.090+0000] {taskinstance.py:2890} ERROR - Task failed with exception
Traceback (most recent call last):
  File "/home/airflow/.local/lib/python3.11/site-packages/airflow/models/taskinstance.py", line 465, in _execute_task
    result = _execute_callable(context=context, **execute_callable_kwargs)
             ^^^^^^^^^^^^^^^^^^^^^^^^^^^^^^^^^^^^^^^^^^^^^^^^^^^^^^^^^^^^^
  File "/home/airflow/.local/lib/python3.11/site-packages/airflow/models/taskinstance.py", line 432, in _execute_callable
    return execute_callable(context=context, **execute_callable_kwargs)
           ^^^^^^^^^^^^^^^^^^^^^^^^^^^^^^^^^^^^^^^^^^^^^^^^^^^^^^^^^^^^
  File "/home/airflow/.local/lib/python3.11/site-packages/airflow/models/baseoperator.py", line 400, in wrapper
    return func(self, *args, **kwargs)
           ^^^^^^^^^^^^^^^^^^^^^^^^^^^
  File "/home/airflow/.local/lib/python3.11/site-packages/airflow/providers/apache/spark/operators/spark_submit.py", line 176, in execute
    self._hook.submit(self.application)
  File "/home/airflow/.local/lib/python3.11/site-packages/airflow/providers/apache/spark/hooks/spark_submit.py", line 560, in submit
    raise AirflowException(
airflow.exceptions.AirflowException: Cannot execute: spark-submit --master spark-master:7077 --packages com.clickhouse:clickhouse-jdbc:0.6.4,org.apache.httpcomponents.client5:httpclient5:5.3.1,org.apache.hadoop:hadoop-aws:3.3.5,com.amazonaws:aws-java-sdk-bundle:1.12.674 --name arrow-spark --deploy-mode client /opt/***/spark_project/src/spark/spark_main_minio.py. Error code is: 1.
[2025-07-07T01:58:06.094+0000] {taskinstance.py:1205} INFO - Marking task as FAILED. dag_id=my_spark_inline, task_id=spark_write_data, execution_date=20250706T051258, start_date=20250707T015757, end_date=20250707T015806
[2025-07-07T01:58:06.113+0000] {standard_task_runner.py:110} ERROR - Failed to execute job 89 for task spark_write_data (Cannot execute: spark-submit --master spark-master:7077 --packages com.clickhouse:clickhouse-jdbc:0.6.4,org.apache.httpcomponents.client5:httpclient5:5.3.1,org.apache.hadoop:hadoop-aws:3.3.5,com.amazonaws:aws-java-sdk-bundle:1.12.674 --name arrow-spark --deploy-mode client /opt/***/spark_project/src/spark/spark_main_minio.py. Error code is: 1.; 1811)
[2025-07-07T01:58:06.122+0000] {local_task_job_runner.py:240} INFO - Task exited with return code 1
[2025-07-07T01:58:06.134+0000] {taskinstance.py:3482} INFO - 0 downstream tasks scheduled from follow-on schedule check
[2025-07-07T01:58:06.135+0000] {local_task_job_runner.py:222} INFO - ::endgroup::
