[2025-07-06T12:07:16.125+0000] {local_task_job_runner.py:120} INFO - ::group::Pre task execution logs
[2025-07-06T12:07:16.143+0000] {taskinstance.py:2073} INFO - Dependencies all met for dep_context=non-requeueable deps ti=<TaskInstance: my_spark_inline.spark_write_data manual__2025-07-06T05:12:58.943989+00:00 [queued]>
[2025-07-06T12:07:16.240+0000] {taskinstance.py:2073} INFO - Dependencies all met for dep_context=requeueable deps ti=<TaskInstance: my_spark_inline.spark_write_data manual__2025-07-06T05:12:58.943989+00:00 [queued]>
[2025-07-06T12:07:16.241+0000] {taskinstance.py:2303} INFO - Starting attempt 22 of 22
[2025-07-06T12:07:16.255+0000] {taskinstance.py:2327} INFO - Executing <Task(SparkSubmitOperator): spark_write_data> on 2025-07-06 05:12:58.943989+00:00
[2025-07-06T12:07:16.260+0000] {standard_task_runner.py:63} INFO - Started process 996 to run task
[2025-07-06T12:07:16.262+0000] {standard_task_runner.py:90} INFO - Running: ['***', 'tasks', 'run', 'my_spark_inline', 'spark_write_data', 'manual__2025-07-06T05:12:58.943989+00:00', '--job-id', '56', '--raw', '--subdir', 'DAGS_FOLDER/test_spark.py', '--cfg-path', '/tmp/tmp88sc2c0t']
[2025-07-06T12:07:16.264+0000] {standard_task_runner.py:91} INFO - Job 56: Subtask spark_write_data
[2025-07-06T12:07:16.277+0000] {logging_mixin.py:188} WARNING - /home/***/.local/lib/python3.11/site-packages/***/settings.py:195 DeprecationWarning: The sql_alchemy_conn option in [core] has been moved to the sql_alchemy_conn option in [database] - the old setting has been used, but please update your config.
[2025-07-06T12:07:16.303+0000] {task_command.py:426} INFO - Running <TaskInstance: my_spark_inline.spark_write_data manual__2025-07-06T05:12:58.943989+00:00 [running]> on host 320a39989f12
[2025-07-06T12:07:16.357+0000] {taskinstance.py:2644} INFO - Exporting env vars: AIRFLOW_CTX_DAG_OWNER='***' AIRFLOW_CTX_DAG_ID='my_spark_inline' AIRFLOW_CTX_TASK_ID='spark_write_data' AIRFLOW_CTX_EXECUTION_DATE='2025-07-06T05:12:58.943989+00:00' AIRFLOW_CTX_TRY_NUMBER='22' AIRFLOW_CTX_DAG_RUN_ID='manual__2025-07-06T05:12:58.943989+00:00'
[2025-07-06T12:07:16.357+0000] {taskinstance.py:430} INFO - ::endgroup::
[2025-07-06T12:07:16.371+0000] {base.py:84} INFO - Using connection ID 'spark-master' for task execution.
[2025-07-06T12:07:16.372+0000] {spark_submit.py:473} INFO - Spark-Submit cmd: spark-submit --master spark-master:7077 --conf spark.master=spark://spark-master:7077 --packages com.clickhouse:clickhouse-jdbc:0.6.4,org.apache.httpcomponents.client5:httpclient5:5.3.1 --name arrow-spark --deploy-mode client /opt/***/spark_project/src/spark/spark_main.py
[2025-07-06T12:07:16.629+0000] {spark_submit.py:634} INFO - WARNING: Using incubator modules: jdk.incubator.vector
[2025-07-06T12:07:18.056+0000] {spark_submit.py:634} INFO - :: loading settings :: url = jar:file:/home/***/.local/lib/python3.11/site-packages/pyspark/jars/ivy-2.5.3.jar!/org/apache/ivy/core/settings/ivysettings.xml
[2025-07-06T12:07:18.148+0000] {spark_submit.py:634} INFO - Ivy Default Cache set to: /home/***/.ivy2.5.2/cache
[2025-07-06T12:07:18.148+0000] {spark_submit.py:634} INFO - The jars for the packages stored in: /home/***/.ivy2.5.2/jars
[2025-07-06T12:07:18.150+0000] {spark_submit.py:634} INFO - com.clickhouse#clickhouse-jdbc added as a dependency
[2025-07-06T12:07:18.151+0000] {spark_submit.py:634} INFO - org.apache.httpcomponents.client5#httpclient5 added as a dependency
[2025-07-06T12:07:18.151+0000] {spark_submit.py:634} INFO - :: resolving dependencies :: org.apache.spark#spark-submit-parent-145235e4-1f09-459b-97fc-45b2e67021b7;1.0
[2025-07-06T12:07:18.151+0000] {spark_submit.py:634} INFO - confs: [default]
[2025-07-06T12:07:18.274+0000] {spark_submit.py:634} INFO - found com.clickhouse#clickhouse-jdbc;0.6.4 in central
[2025-07-06T12:07:18.341+0000] {spark_submit.py:634} INFO - found org.apache.httpcomponents.client5#httpclient5;5.3.1 in central
[2025-07-06T12:07:18.355+0000] {spark_submit.py:634} INFO - found org.apache.httpcomponents.core5#httpcore5;5.2.4 in central
[2025-07-06T12:07:18.431+0000] {spark_submit.py:634} INFO - found org.apache.httpcomponents.core5#httpcore5-h2;5.2.4 in central
[2025-07-06T12:07:18.442+0000] {spark_submit.py:634} INFO - found org.slf4j#slf4j-api;1.7.36 in central
[2025-07-06T12:07:18.453+0000] {spark_submit.py:634} INFO - :: resolution report :: resolve 297ms :: artifacts dl 4ms
[2025-07-06T12:07:18.453+0000] {spark_submit.py:634} INFO - :: modules in use:
[2025-07-06T12:07:18.453+0000] {spark_submit.py:634} INFO - com.clickhouse#clickhouse-jdbc;0.6.4 from central in [default]
[2025-07-06T12:07:18.453+0000] {spark_submit.py:634} INFO - org.apache.httpcomponents.client5#httpclient5;5.3.1 from central in [default]
[2025-07-06T12:07:18.453+0000] {spark_submit.py:634} INFO - org.apache.httpcomponents.core5#httpcore5;5.2.4 from central in [default]
[2025-07-06T12:07:18.453+0000] {spark_submit.py:634} INFO - org.apache.httpcomponents.core5#httpcore5-h2;5.2.4 from central in [default]
[2025-07-06T12:07:18.454+0000] {spark_submit.py:634} INFO - org.slf4j#slf4j-api;1.7.36 from central in [default]
[2025-07-06T12:07:18.454+0000] {spark_submit.py:634} INFO - ---------------------------------------------------------------------
[2025-07-06T12:07:18.454+0000] {spark_submit.py:634} INFO - |                  |            modules            ||   artifacts   |
[2025-07-06T12:07:18.454+0000] {spark_submit.py:634} INFO - |       conf       | number| search|dwnlded|evicted|| number|dwnlded|
[2025-07-06T12:07:18.454+0000] {spark_submit.py:634} INFO - ---------------------------------------------------------------------
[2025-07-06T12:07:18.454+0000] {spark_submit.py:634} INFO - |      default     |   5   |   0   |   0   |   0   ||   5   |   0   |
[2025-07-06T12:07:18.454+0000] {spark_submit.py:634} INFO - ---------------------------------------------------------------------
[2025-07-06T12:07:18.455+0000] {spark_submit.py:634} INFO - :: retrieving :: org.apache.spark#spark-submit-parent-145235e4-1f09-459b-97fc-45b2e67021b7
[2025-07-06T12:07:18.455+0000] {spark_submit.py:634} INFO - confs: [default]
[2025-07-06T12:07:18.526+0000] {spark_submit.py:634} INFO - 0 artifacts copied, 5 already retrieved (0kB/71ms)
[2025-07-06T12:07:18.827+0000] {spark_submit.py:634} INFO - 25/07/06 12:07:18 WARN NativeCodeLoader: Unable to load native-hadoop library for your platform... using builtin-java classes where applicable
[2025-07-06T12:07:20.149+0000] {spark_submit.py:634} INFO - Using Spark's default log4j profile: org/apache/spark/log4j2-defaults.properties
[2025-07-06T12:07:20.153+0000] {spark_submit.py:634} INFO - 25/07/06 12:07:20 INFO SparkContext: Running Spark version 4.0.0
[2025-07-06T12:07:20.154+0000] {spark_submit.py:634} INFO - 25/07/06 12:07:20 INFO SparkContext: OS info Linux, 6.8.0-60-generic, amd64
[2025-07-06T12:07:20.154+0000] {spark_submit.py:634} INFO - 25/07/06 12:07:20 INFO SparkContext: Java version 17.0.15
[2025-07-06T12:07:20.232+0000] {spark_submit.py:634} INFO - 25/07/06 12:07:20 INFO ResourceUtils: ==============================================================
[2025-07-06T12:07:20.232+0000] {spark_submit.py:634} INFO - 25/07/06 12:07:20 INFO ResourceUtils: No custom resources configured for spark.driver.
[2025-07-06T12:07:20.232+0000] {spark_submit.py:634} INFO - 25/07/06 12:07:20 INFO ResourceUtils: ==============================================================
[2025-07-06T12:07:20.232+0000] {spark_submit.py:634} INFO - 25/07/06 12:07:20 INFO SparkContext: Submitted application: thanhdz
[2025-07-06T12:07:20.247+0000] {spark_submit.py:634} INFO - 25/07/06 12:07:20 INFO ResourceProfile: Default ResourceProfile created, executor resources: Map(cores -> name: cores, amount: 2, script: , vendor: , memory -> name: memory, amount: 4096, script: , vendor: , offHeap -> name: offHeap, amount: 0, script: , vendor: ), task resources: Map(cpus -> name: cpus, amount: 1.0)
[2025-07-06T12:07:20.250+0000] {spark_submit.py:634} INFO - 25/07/06 12:07:20 INFO ResourceProfile: Limiting resource is cpus at 2 tasks per executor
[2025-07-06T12:07:20.251+0000] {spark_submit.py:634} INFO - 25/07/06 12:07:20 INFO ResourceProfileManager: Added ResourceProfile id: 0
[2025-07-06T12:07:20.335+0000] {spark_submit.py:634} INFO - 25/07/06 12:07:20 INFO SecurityManager: Changing view acls to: ***
[2025-07-06T12:07:20.335+0000] {spark_submit.py:634} INFO - 25/07/06 12:07:20 INFO SecurityManager: Changing modify acls to: ***
[2025-07-06T12:07:20.336+0000] {spark_submit.py:634} INFO - 25/07/06 12:07:20 INFO SecurityManager: Changing view acls groups to: ***
[2025-07-06T12:07:20.336+0000] {spark_submit.py:634} INFO - 25/07/06 12:07:20 INFO SecurityManager: Changing modify acls groups to: ***
[2025-07-06T12:07:20.337+0000] {spark_submit.py:634} INFO - 25/07/06 12:07:20 INFO SecurityManager: SecurityManager: authentication disabled; ui acls disabled; users with view permissions: *** groups with view permissions: EMPTY; users with modify permissions: ***; groups with modify permissions: EMPTY; RPC SSL disabled
[2025-07-06T12:07:20.563+0000] {spark_submit.py:634} INFO - 25/07/06 12:07:20 INFO Utils: Successfully started service 'sparkDriver' on port 43549.
[2025-07-06T12:07:20.576+0000] {spark_submit.py:634} INFO - 25/07/06 12:07:20 INFO SparkEnv: Registering MapOutputTracker
[2025-07-06T12:07:20.586+0000] {spark_submit.py:634} INFO - 25/07/06 12:07:20 INFO SparkEnv: Registering BlockManagerMaster
[2025-07-06T12:07:20.593+0000] {spark_submit.py:634} INFO - 25/07/06 12:07:20 INFO BlockManagerMasterEndpoint: Using org.apache.spark.storage.DefaultTopologyMapper for getting topology information
[2025-07-06T12:07:20.624+0000] {spark_submit.py:634} INFO - 25/07/06 12:07:20 INFO BlockManagerMasterEndpoint: BlockManagerMasterEndpoint up
[2025-07-06T12:07:20.624+0000] {spark_submit.py:634} INFO - 25/07/06 12:07:20 INFO SparkEnv: Registering BlockManagerMasterHeartbeat
[2025-07-06T12:07:20.636+0000] {spark_submit.py:634} INFO - 25/07/06 12:07:20 INFO DiskBlockManager: Created local directory at /tmp/blockmgr-c66e899a-592d-4953-b026-d9552bf7a0e1
[2025-07-06T12:07:20.647+0000] {spark_submit.py:634} INFO - 25/07/06 12:07:20 INFO SparkEnv: Registering OutputCommitCoordinator
[2025-07-06T12:07:20.828+0000] {spark_submit.py:634} INFO - 25/07/06 12:07:20 INFO JettyUtils: Start Jetty 0.0.0.0:4040 for SparkUI
[2025-07-06T12:07:20.870+0000] {spark_submit.py:634} INFO - 25/07/06 12:07:20 INFO Utils: Successfully started service 'SparkUI' on port 4040.
[2025-07-06T12:07:20.935+0000] {spark_submit.py:634} INFO - 25/07/06 12:07:20 INFO SparkContext: Added JAR file:///home/***/.ivy2.5.2/jars/com.clickhouse_clickhouse-jdbc-0.6.4.jar at spark://320a39989f12:43549/jars/com.clickhouse_clickhouse-jdbc-0.6.4.jar with timestamp 1751803640145
[2025-07-06T12:07:20.936+0000] {spark_submit.py:634} INFO - 25/07/06 12:07:20 INFO SparkContext: Added JAR file:///home/***/.ivy2.5.2/jars/org.apache.httpcomponents.client5_httpclient5-5.3.1.jar at spark://320a39989f12:43549/jars/org.apache.httpcomponents.client5_httpclient5-5.3.1.jar with timestamp 1751803640145
[2025-07-06T12:07:20.936+0000] {spark_submit.py:634} INFO - 25/07/06 12:07:20 INFO SparkContext: Added JAR file:///home/***/.ivy2.5.2/jars/org.apache.httpcomponents.core5_httpcore5-5.2.4.jar at spark://320a39989f12:43549/jars/org.apache.httpcomponents.core5_httpcore5-5.2.4.jar with timestamp 1751803640145
[2025-07-06T12:07:20.936+0000] {spark_submit.py:634} INFO - 25/07/06 12:07:20 INFO SparkContext: Added JAR file:///home/***/.ivy2.5.2/jars/org.apache.httpcomponents.core5_httpcore5-h2-5.2.4.jar at spark://320a39989f12:43549/jars/org.apache.httpcomponents.core5_httpcore5-h2-5.2.4.jar with timestamp 1751803640145
[2025-07-06T12:07:20.936+0000] {spark_submit.py:634} INFO - 25/07/06 12:07:20 INFO SparkContext: Added JAR file:///home/***/.ivy2.5.2/jars/org.slf4j_slf4j-api-1.7.36.jar at spark://320a39989f12:43549/jars/org.slf4j_slf4j-api-1.7.36.jar with timestamp 1751803640145
[2025-07-06T12:07:20.937+0000] {spark_submit.py:634} INFO - 25/07/06 12:07:20 INFO SparkContext: Added file file:///home/***/.ivy2.5.2/jars/com.clickhouse_clickhouse-jdbc-0.6.4.jar at file:///home/***/.ivy2.5.2/jars/com.clickhouse_clickhouse-jdbc-0.6.4.jar with timestamp 1751803640145
[2025-07-06T12:07:20.938+0000] {spark_submit.py:634} INFO - 25/07/06 12:07:20 INFO Utils: Copying /home/***/.ivy2.5.2/jars/com.clickhouse_clickhouse-jdbc-0.6.4.jar to /tmp/spark-af1b1aeb-7f2f-44c8-855c-b91587d82009/userFiles-397bfefe-9e63-4910-af3d-9936fdc83628/com.clickhouse_clickhouse-jdbc-0.6.4.jar
[2025-07-06T12:07:20.947+0000] {spark_submit.py:634} INFO - 25/07/06 12:07:20 INFO SparkContext: Added file file:///home/***/.ivy2.5.2/jars/org.apache.httpcomponents.client5_httpclient5-5.3.1.jar at file:///home/***/.ivy2.5.2/jars/org.apache.httpcomponents.client5_httpclient5-5.3.1.jar with timestamp 1751803640145
[2025-07-06T12:07:20.947+0000] {spark_submit.py:634} INFO - 25/07/06 12:07:20 INFO Utils: Copying /home/***/.ivy2.5.2/jars/org.apache.httpcomponents.client5_httpclient5-5.3.1.jar to /tmp/spark-af1b1aeb-7f2f-44c8-855c-b91587d82009/userFiles-397bfefe-9e63-4910-af3d-9936fdc83628/org.apache.httpcomponents.client5_httpclient5-5.3.1.jar
[2025-07-06T12:07:20.951+0000] {spark_submit.py:634} INFO - 25/07/06 12:07:20 INFO SparkContext: Added file file:///home/***/.ivy2.5.2/jars/org.apache.httpcomponents.core5_httpcore5-5.2.4.jar at file:///home/***/.ivy2.5.2/jars/org.apache.httpcomponents.core5_httpcore5-5.2.4.jar with timestamp 1751803640145
[2025-07-06T12:07:20.951+0000] {spark_submit.py:634} INFO - 25/07/06 12:07:20 INFO Utils: Copying /home/***/.ivy2.5.2/jars/org.apache.httpcomponents.core5_httpcore5-5.2.4.jar to /tmp/spark-af1b1aeb-7f2f-44c8-855c-b91587d82009/userFiles-397bfefe-9e63-4910-af3d-9936fdc83628/org.apache.httpcomponents.core5_httpcore5-5.2.4.jar
[2025-07-06T12:07:20.956+0000] {spark_submit.py:634} INFO - 25/07/06 12:07:20 INFO SparkContext: Added file file:///home/***/.ivy2.5.2/jars/org.apache.httpcomponents.core5_httpcore5-h2-5.2.4.jar at file:///home/***/.ivy2.5.2/jars/org.apache.httpcomponents.core5_httpcore5-h2-5.2.4.jar with timestamp 1751803640145
[2025-07-06T12:07:20.956+0000] {spark_submit.py:634} INFO - 25/07/06 12:07:20 INFO Utils: Copying /home/***/.ivy2.5.2/jars/org.apache.httpcomponents.core5_httpcore5-h2-5.2.4.jar to /tmp/spark-af1b1aeb-7f2f-44c8-855c-b91587d82009/userFiles-397bfefe-9e63-4910-af3d-9936fdc83628/org.apache.httpcomponents.core5_httpcore5-h2-5.2.4.jar
[2025-07-06T12:07:20.959+0000] {spark_submit.py:634} INFO - 25/07/06 12:07:20 INFO SparkContext: Added file file:///home/***/.ivy2.5.2/jars/org.slf4j_slf4j-api-1.7.36.jar at file:///home/***/.ivy2.5.2/jars/org.slf4j_slf4j-api-1.7.36.jar with timestamp 1751803640145
[2025-07-06T12:07:20.960+0000] {spark_submit.py:634} INFO - 25/07/06 12:07:20 INFO Utils: Copying /home/***/.ivy2.5.2/jars/org.slf4j_slf4j-api-1.7.36.jar to /tmp/spark-af1b1aeb-7f2f-44c8-855c-b91587d82009/userFiles-397bfefe-9e63-4910-af3d-9936fdc83628/org.slf4j_slf4j-api-1.7.36.jar
[2025-07-06T12:07:20.974+0000] {spark_submit.py:634} INFO - 25/07/06 12:07:20 INFO SecurityManager: Changing view acls to: ***
[2025-07-06T12:07:20.975+0000] {spark_submit.py:634} INFO - 25/07/06 12:07:20 INFO SecurityManager: Changing modify acls to: ***
[2025-07-06T12:07:20.975+0000] {spark_submit.py:634} INFO - 25/07/06 12:07:20 INFO SecurityManager: Changing view acls groups to: ***
[2025-07-06T12:07:20.975+0000] {spark_submit.py:634} INFO - 25/07/06 12:07:20 INFO SecurityManager: Changing modify acls groups to: ***
[2025-07-06T12:07:20.975+0000] {spark_submit.py:634} INFO - 25/07/06 12:07:20 INFO SecurityManager: SecurityManager: authentication disabled; ui acls disabled; users with view permissions: *** groups with view permissions: EMPTY; users with modify permissions: ***; groups with modify permissions: EMPTY; RPC SSL disabled
[2025-07-06T12:07:21.145+0000] {spark_submit.py:634} INFO - 25/07/06 12:07:21 INFO Executor: Starting executor ID driver on host 320a39989f12
[2025-07-06T12:07:21.145+0000] {spark_submit.py:634} INFO - 25/07/06 12:07:21 INFO Executor: OS info Linux, 6.8.0-60-generic, amd64
[2025-07-06T12:07:21.145+0000] {spark_submit.py:634} INFO - 25/07/06 12:07:21 INFO Executor: Java version 17.0.15
[2025-07-06T12:07:21.152+0000] {spark_submit.py:634} INFO - 25/07/06 12:07:21 INFO Executor: Starting executor with user classpath (userClassPathFirst = false): ''
[2025-07-06T12:07:21.153+0000] {spark_submit.py:634} INFO - 25/07/06 12:07:21 INFO Executor: Created or updated repl class loader org.apache.spark.util.MutableURLClassLoader@4d37a115 for default.
[2025-07-06T12:07:21.158+0000] {spark_submit.py:634} INFO - 25/07/06 12:07:21 INFO Executor: Fetching file:///home/***/.ivy2.5.2/jars/com.clickhouse_clickhouse-jdbc-0.6.4.jar with timestamp 1751803640145
[2025-07-06T12:07:21.228+0000] {spark_submit.py:634} INFO - 25/07/06 12:07:21 INFO Utils: /home/***/.ivy2.5.2/jars/com.clickhouse_clickhouse-jdbc-0.6.4.jar has been previously copied to /tmp/spark-af1b1aeb-7f2f-44c8-855c-b91587d82009/userFiles-397bfefe-9e63-4910-af3d-9936fdc83628/com.clickhouse_clickhouse-jdbc-0.6.4.jar
[2025-07-06T12:07:21.233+0000] {spark_submit.py:634} INFO - 25/07/06 12:07:21 INFO Executor: Fetching file:///home/***/.ivy2.5.2/jars/org.apache.httpcomponents.client5_httpclient5-5.3.1.jar with timestamp 1751803640145
[2025-07-06T12:07:21.234+0000] {spark_submit.py:634} INFO - 25/07/06 12:07:21 INFO Utils: /home/***/.ivy2.5.2/jars/org.apache.httpcomponents.client5_httpclient5-5.3.1.jar has been previously copied to /tmp/spark-af1b1aeb-7f2f-44c8-855c-b91587d82009/userFiles-397bfefe-9e63-4910-af3d-9936fdc83628/org.apache.httpcomponents.client5_httpclient5-5.3.1.jar
[2025-07-06T12:07:21.238+0000] {spark_submit.py:634} INFO - 25/07/06 12:07:21 INFO Executor: Fetching file:///home/***/.ivy2.5.2/jars/org.apache.httpcomponents.core5_httpcore5-5.2.4.jar with timestamp 1751803640145
[2025-07-06T12:07:21.239+0000] {spark_submit.py:634} INFO - 25/07/06 12:07:21 INFO Utils: /home/***/.ivy2.5.2/jars/org.apache.httpcomponents.core5_httpcore5-5.2.4.jar has been previously copied to /tmp/spark-af1b1aeb-7f2f-44c8-855c-b91587d82009/userFiles-397bfefe-9e63-4910-af3d-9936fdc83628/org.apache.httpcomponents.core5_httpcore5-5.2.4.jar
[2025-07-06T12:07:21.243+0000] {spark_submit.py:634} INFO - 25/07/06 12:07:21 INFO Executor: Fetching file:///home/***/.ivy2.5.2/jars/org.apache.httpcomponents.core5_httpcore5-h2-5.2.4.jar with timestamp 1751803640145
[2025-07-06T12:07:21.244+0000] {spark_submit.py:634} INFO - 25/07/06 12:07:21 INFO Utils: /home/***/.ivy2.5.2/jars/org.apache.httpcomponents.core5_httpcore5-h2-5.2.4.jar has been previously copied to /tmp/spark-af1b1aeb-7f2f-44c8-855c-b91587d82009/userFiles-397bfefe-9e63-4910-af3d-9936fdc83628/org.apache.httpcomponents.core5_httpcore5-h2-5.2.4.jar
[2025-07-06T12:07:21.250+0000] {spark_submit.py:634} INFO - 25/07/06 12:07:21 INFO Executor: Fetching file:///home/***/.ivy2.5.2/jars/org.slf4j_slf4j-api-1.7.36.jar with timestamp 1751803640145
[2025-07-06T12:07:21.250+0000] {spark_submit.py:634} INFO - 25/07/06 12:07:21 INFO Utils: /home/***/.ivy2.5.2/jars/org.slf4j_slf4j-api-1.7.36.jar has been previously copied to /tmp/spark-af1b1aeb-7f2f-44c8-855c-b91587d82009/userFiles-397bfefe-9e63-4910-af3d-9936fdc83628/org.slf4j_slf4j-api-1.7.36.jar
[2025-07-06T12:07:21.256+0000] {spark_submit.py:634} INFO - 25/07/06 12:07:21 INFO Executor: Fetching spark://320a39989f12:43549/jars/org.apache.httpcomponents.client5_httpclient5-5.3.1.jar with timestamp 1751803640145
[2025-07-06T12:07:21.276+0000] {spark_submit.py:634} INFO - 25/07/06 12:07:21 INFO TransportClientFactory: Successfully created connection to 320a39989f12/172.21.0.10:43549 after 12 ms (0 ms spent in bootstraps)
[2025-07-06T12:07:21.325+0000] {spark_submit.py:634} INFO - 25/07/06 12:07:21 INFO Utils: Fetching spark://320a39989f12:43549/jars/org.apache.httpcomponents.client5_httpclient5-5.3.1.jar to /tmp/spark-af1b1aeb-7f2f-44c8-855c-b91587d82009/userFiles-397bfefe-9e63-4910-af3d-9936fdc83628/fetchFileTemp7758588548861922178.tmp
[2025-07-06T12:07:21.335+0000] {spark_submit.py:634} INFO - 25/07/06 12:07:21 INFO Utils: /tmp/spark-af1b1aeb-7f2f-44c8-855c-b91587d82009/userFiles-397bfefe-9e63-4910-af3d-9936fdc83628/fetchFileTemp7758588548861922178.tmp has been previously copied to /tmp/spark-af1b1aeb-7f2f-44c8-855c-b91587d82009/userFiles-397bfefe-9e63-4910-af3d-9936fdc83628/org.apache.httpcomponents.client5_httpclient5-5.3.1.jar
[2025-07-06T12:07:21.342+0000] {spark_submit.py:634} INFO - 25/07/06 12:07:21 INFO Executor: Adding file:/tmp/spark-af1b1aeb-7f2f-44c8-855c-b91587d82009/userFiles-397bfefe-9e63-4910-af3d-9936fdc83628/org.apache.httpcomponents.client5_httpclient5-5.3.1.jar to class loader default
[2025-07-06T12:07:21.342+0000] {spark_submit.py:634} INFO - 25/07/06 12:07:21 INFO Executor: Fetching spark://320a39989f12:43549/jars/org.apache.httpcomponents.core5_httpcore5-h2-5.2.4.jar with timestamp 1751803640145
[2025-07-06T12:07:21.343+0000] {spark_submit.py:634} INFO - 25/07/06 12:07:21 INFO Utils: Fetching spark://320a39989f12:43549/jars/org.apache.httpcomponents.core5_httpcore5-h2-5.2.4.jar to /tmp/spark-af1b1aeb-7f2f-44c8-855c-b91587d82009/userFiles-397bfefe-9e63-4910-af3d-9936fdc83628/fetchFileTemp733282459636006667.tmp
[2025-07-06T12:07:21.344+0000] {spark_submit.py:634} INFO - 25/07/06 12:07:21 INFO Utils: /tmp/spark-af1b1aeb-7f2f-44c8-855c-b91587d82009/userFiles-397bfefe-9e63-4910-af3d-9936fdc83628/fetchFileTemp733282459636006667.tmp has been previously copied to /tmp/spark-af1b1aeb-7f2f-44c8-855c-b91587d82009/userFiles-397bfefe-9e63-4910-af3d-9936fdc83628/org.apache.httpcomponents.core5_httpcore5-h2-5.2.4.jar
[2025-07-06T12:07:21.347+0000] {spark_submit.py:634} INFO - 25/07/06 12:07:21 INFO Executor: Adding file:/tmp/spark-af1b1aeb-7f2f-44c8-855c-b91587d82009/userFiles-397bfefe-9e63-4910-af3d-9936fdc83628/org.apache.httpcomponents.core5_httpcore5-h2-5.2.4.jar to class loader default
[2025-07-06T12:07:21.348+0000] {spark_submit.py:634} INFO - 25/07/06 12:07:21 INFO Executor: Fetching spark://320a39989f12:43549/jars/org.apache.httpcomponents.core5_httpcore5-5.2.4.jar with timestamp 1751803640145
[2025-07-06T12:07:21.348+0000] {spark_submit.py:634} INFO - 25/07/06 12:07:21 INFO Utils: Fetching spark://320a39989f12:43549/jars/org.apache.httpcomponents.core5_httpcore5-5.2.4.jar to /tmp/spark-af1b1aeb-7f2f-44c8-855c-b91587d82009/userFiles-397bfefe-9e63-4910-af3d-9936fdc83628/fetchFileTemp5681972506916602296.tmp
[2025-07-06T12:07:21.350+0000] {spark_submit.py:634} INFO - 25/07/06 12:07:21 INFO Utils: /tmp/spark-af1b1aeb-7f2f-44c8-855c-b91587d82009/userFiles-397bfefe-9e63-4910-af3d-9936fdc83628/fetchFileTemp5681972506916602296.tmp has been previously copied to /tmp/spark-af1b1aeb-7f2f-44c8-855c-b91587d82009/userFiles-397bfefe-9e63-4910-af3d-9936fdc83628/org.apache.httpcomponents.core5_httpcore5-5.2.4.jar
[2025-07-06T12:07:21.353+0000] {spark_submit.py:634} INFO - 25/07/06 12:07:21 INFO Executor: Adding file:/tmp/spark-af1b1aeb-7f2f-44c8-855c-b91587d82009/userFiles-397bfefe-9e63-4910-af3d-9936fdc83628/org.apache.httpcomponents.core5_httpcore5-5.2.4.jar to class loader default
[2025-07-06T12:07:21.353+0000] {spark_submit.py:634} INFO - 25/07/06 12:07:21 INFO Executor: Fetching spark://320a39989f12:43549/jars/com.clickhouse_clickhouse-jdbc-0.6.4.jar with timestamp 1751803640145
[2025-07-06T12:07:21.354+0000] {spark_submit.py:634} INFO - 25/07/06 12:07:21 INFO Utils: Fetching spark://320a39989f12:43549/jars/com.clickhouse_clickhouse-jdbc-0.6.4.jar to /tmp/spark-af1b1aeb-7f2f-44c8-855c-b91587d82009/userFiles-397bfefe-9e63-4910-af3d-9936fdc83628/fetchFileTemp653192426844784395.tmp
[2025-07-06T12:07:21.356+0000] {spark_submit.py:634} INFO - 25/07/06 12:07:21 INFO Utils: /tmp/spark-af1b1aeb-7f2f-44c8-855c-b91587d82009/userFiles-397bfefe-9e63-4910-af3d-9936fdc83628/fetchFileTemp653192426844784395.tmp has been previously copied to /tmp/spark-af1b1aeb-7f2f-44c8-855c-b91587d82009/userFiles-397bfefe-9e63-4910-af3d-9936fdc83628/com.clickhouse_clickhouse-jdbc-0.6.4.jar
[2025-07-06T12:07:21.360+0000] {spark_submit.py:634} INFO - 25/07/06 12:07:21 INFO Executor: Adding file:/tmp/spark-af1b1aeb-7f2f-44c8-855c-b91587d82009/userFiles-397bfefe-9e63-4910-af3d-9936fdc83628/com.clickhouse_clickhouse-jdbc-0.6.4.jar to class loader default
[2025-07-06T12:07:21.360+0000] {spark_submit.py:634} INFO - 25/07/06 12:07:21 INFO Executor: Fetching spark://320a39989f12:43549/jars/org.slf4j_slf4j-api-1.7.36.jar with timestamp 1751803640145
[2025-07-06T12:07:21.361+0000] {spark_submit.py:634} INFO - 25/07/06 12:07:21 INFO Utils: Fetching spark://320a39989f12:43549/jars/org.slf4j_slf4j-api-1.7.36.jar to /tmp/spark-af1b1aeb-7f2f-44c8-855c-b91587d82009/userFiles-397bfefe-9e63-4910-af3d-9936fdc83628/fetchFileTemp148416567486980234.tmp
[2025-07-06T12:07:21.361+0000] {spark_submit.py:634} INFO - 25/07/06 12:07:21 INFO Utils: /tmp/spark-af1b1aeb-7f2f-44c8-855c-b91587d82009/userFiles-397bfefe-9e63-4910-af3d-9936fdc83628/fetchFileTemp148416567486980234.tmp has been previously copied to /tmp/spark-af1b1aeb-7f2f-44c8-855c-b91587d82009/userFiles-397bfefe-9e63-4910-af3d-9936fdc83628/org.slf4j_slf4j-api-1.7.36.jar
[2025-07-06T12:07:21.364+0000] {spark_submit.py:634} INFO - 25/07/06 12:07:21 INFO Executor: Adding file:/tmp/spark-af1b1aeb-7f2f-44c8-855c-b91587d82009/userFiles-397bfefe-9e63-4910-af3d-9936fdc83628/org.slf4j_slf4j-api-1.7.36.jar to class loader default
[2025-07-06T12:07:21.429+0000] {spark_submit.py:634} INFO - 25/07/06 12:07:21 INFO Utils: Successfully started service 'org.apache.spark.network.netty.NettyBlockTransferService' on port 33335.
[2025-07-06T12:07:21.429+0000] {spark_submit.py:634} INFO - 25/07/06 12:07:21 INFO NettyBlockTransferService: Server created on 320a39989f12:33335
[2025-07-06T12:07:21.430+0000] {spark_submit.py:634} INFO - 25/07/06 12:07:21 INFO BlockManager: Using org.apache.spark.storage.RandomBlockReplicationPolicy for block replication policy
[2025-07-06T12:07:21.437+0000] {spark_submit.py:634} INFO - 25/07/06 12:07:21 INFO BlockManagerMaster: Registering BlockManager BlockManagerId(driver, 320a39989f12, 33335, None)
[2025-07-06T12:07:21.440+0000] {spark_submit.py:634} INFO - 25/07/06 12:07:21 INFO BlockManagerMasterEndpoint: Registering block manager 320a39989f12:33335 with 413.9 MiB RAM, BlockManagerId(driver, 320a39989f12, 33335, None)
[2025-07-06T12:07:21.441+0000] {spark_submit.py:634} INFO - 25/07/06 12:07:21 INFO BlockManagerMaster: Registered BlockManager BlockManagerId(driver, 320a39989f12, 33335, None)
[2025-07-06T12:07:21.442+0000] {spark_submit.py:634} INFO - 25/07/06 12:07:21 INFO BlockManager: Initialized BlockManager: BlockManagerId(driver, 320a39989f12, 33335, None)
[2025-07-06T12:07:25.940+0000] {spark_submit.py:634} INFO - Python-dotenv could not parse statement starting at line 1
[2025-07-06T12:07:25.940+0000] {spark_submit.py:634} INFO - Python-dotenv could not parse statement starting at line 3
[2025-07-06T12:07:26.243+0000] {spark_submit.py:634} INFO - 25/07/06 12:07:26 WARN SparkStringUtils: Truncated the string representation of a plan since it was too large. This behavior can be adjusted by setting 'spark.sql.debug.maxToStringFields'.
[2025-07-06T12:07:28.453+0000] {spark_submit.py:634} INFO - 25/07/06 12:07:28 WARN JdbcUtils: Requested isolation level 1, but transactions are unsupported
[2025-07-06T12:07:30.768+0000] {spark_submit.py:634} INFO - ------------------------Dữ liệu đã được ghi thành công vào ClickHouse------------------------
[2025-07-06T12:07:31.230+0000] {spark_submit.py:634} INFO - -------------Stop SparkSession-------------
[2025-07-06T12:07:31.352+0000] {taskinstance.py:441} INFO - ::group::Post task execution logs
[2025-07-06T12:07:31.360+0000] {taskinstance.py:1205} INFO - Marking task as SUCCESS. dag_id=my_spark_inline, task_id=spark_write_data, execution_date=20250706T051258, start_date=20250706T120716, end_date=20250706T120731
[2025-07-06T12:07:31.411+0000] {local_task_job_runner.py:240} INFO - Task exited with return code 0
[2025-07-06T12:07:31.423+0000] {taskinstance.py:3482} INFO - 0 downstream tasks scheduled from follow-on schedule check
[2025-07-06T12:07:31.424+0000] {local_task_job_runner.py:222} INFO - ::endgroup::
