[2025-07-06T12:13:49.989+0000] {local_task_job_runner.py:120} INFO - ::group::Pre task execution logs
[2025-07-06T12:13:50.011+0000] {taskinstance.py:2073} INFO - Dependencies all met for dep_context=non-requeueable deps ti=<TaskInstance: my_spark_inline.spark_write_data manual__2025-07-06T05:12:58.943989+00:00 [queued]>
[2025-07-06T12:13:50.110+0000] {taskinstance.py:2073} INFO - Dependencies all met for dep_context=requeueable deps ti=<TaskInstance: my_spark_inline.spark_write_data manual__2025-07-06T05:12:58.943989+00:00 [queued]>
[2025-07-06T12:13:50.110+0000] {taskinstance.py:2303} INFO - Starting attempt 26 of 26
[2025-07-06T12:13:50.125+0000] {taskinstance.py:2327} INFO - Executing <Task(SparkSubmitOperator): spark_write_data> on 2025-07-06 05:12:58.943989+00:00
[2025-07-06T12:13:50.130+0000] {standard_task_runner.py:63} INFO - Started process 1656 to run task
[2025-07-06T12:13:50.133+0000] {standard_task_runner.py:90} INFO - Running: ['***', 'tasks', 'run', 'my_spark_inline', 'spark_write_data', 'manual__2025-07-06T05:12:58.943989+00:00', '--job-id', '60', '--raw', '--subdir', 'DAGS_FOLDER/test_spark.py', '--cfg-path', '/tmp/tmpv4nq3f3n']
[2025-07-06T12:13:50.134+0000] {standard_task_runner.py:91} INFO - Job 60: Subtask spark_write_data
[2025-07-06T12:13:50.142+0000] {logging_mixin.py:188} WARNING - /home/***/.local/lib/python3.11/site-packages/***/settings.py:195 DeprecationWarning: The sql_alchemy_conn option in [core] has been moved to the sql_alchemy_conn option in [database] - the old setting has been used, but please update your config.
[2025-07-06T12:13:50.169+0000] {task_command.py:426} INFO - Running <TaskInstance: my_spark_inline.spark_write_data manual__2025-07-06T05:12:58.943989+00:00 [running]> on host 320a39989f12
[2025-07-06T12:13:50.232+0000] {taskinstance.py:2644} INFO - Exporting env vars: AIRFLOW_CTX_DAG_OWNER='***' AIRFLOW_CTX_DAG_ID='my_spark_inline' AIRFLOW_CTX_TASK_ID='spark_write_data' AIRFLOW_CTX_EXECUTION_DATE='2025-07-06T05:12:58.943989+00:00' AIRFLOW_CTX_TRY_NUMBER='26' AIRFLOW_CTX_DAG_RUN_ID='manual__2025-07-06T05:12:58.943989+00:00'
[2025-07-06T12:13:50.233+0000] {taskinstance.py:430} INFO - ::endgroup::
[2025-07-06T12:13:50.248+0000] {base.py:84} INFO - Using connection ID 'spark-master' for task execution.
[2025-07-06T12:13:50.249+0000] {spark_submit.py:473} INFO - Spark-Submit cmd: spark-submit --master spark-master:7077 --packages com.clickhouse:clickhouse-jdbc:0.6.4,org.apache.httpcomponents.client5:httpclient5:5.3.1 --name arrow-spark --deploy-mode client /opt/***/spark_project/src/spark/spark_main.py
[2025-07-06T12:13:50.479+0000] {spark_submit.py:634} INFO - WARNING: Using incubator modules: jdk.incubator.vector
[2025-07-06T12:13:52.133+0000] {spark_submit.py:634} INFO - :: loading settings :: url = jar:file:/home/***/.local/lib/python3.11/site-packages/pyspark/jars/ivy-2.5.3.jar!/org/apache/ivy/core/settings/ivysettings.xml
[2025-07-06T12:13:52.232+0000] {spark_submit.py:634} INFO - Ivy Default Cache set to: /home/***/.ivy2.5.2/cache
[2025-07-06T12:13:52.232+0000] {spark_submit.py:634} INFO - The jars for the packages stored in: /home/***/.ivy2.5.2/jars
[2025-07-06T12:13:52.235+0000] {spark_submit.py:634} INFO - com.clickhouse#clickhouse-jdbc added as a dependency
[2025-07-06T12:13:52.235+0000] {spark_submit.py:634} INFO - org.apache.httpcomponents.client5#httpclient5 added as a dependency
[2025-07-06T12:13:52.235+0000] {spark_submit.py:634} INFO - :: resolving dependencies :: org.apache.spark#spark-submit-parent-ca11f16b-c4d5-4ec6-a429-fc61ad07696c;1.0
[2025-07-06T12:13:52.235+0000] {spark_submit.py:634} INFO - confs: [default]
[2025-07-06T12:13:52.345+0000] {spark_submit.py:634} INFO - found com.clickhouse#clickhouse-jdbc;0.6.4 in central
[2025-07-06T12:13:52.360+0000] {spark_submit.py:634} INFO - found org.apache.httpcomponents.client5#httpclient5;5.3.1 in central
[2025-07-06T12:13:52.439+0000] {spark_submit.py:634} INFO - found org.apache.httpcomponents.core5#httpcore5;5.2.4 in central
[2025-07-06T12:13:52.453+0000] {spark_submit.py:634} INFO - found org.apache.httpcomponents.core5#httpcore5-h2;5.2.4 in central
[2025-07-06T12:13:52.535+0000] {spark_submit.py:634} INFO - found org.slf4j#slf4j-api;1.7.36 in central
[2025-07-06T12:13:52.544+0000] {spark_submit.py:634} INFO - :: resolution report :: resolve 305ms :: artifacts dl 4ms
[2025-07-06T12:13:52.544+0000] {spark_submit.py:634} INFO - :: modules in use:
[2025-07-06T12:13:52.544+0000] {spark_submit.py:634} INFO - com.clickhouse#clickhouse-jdbc;0.6.4 from central in [default]
[2025-07-06T12:13:52.545+0000] {spark_submit.py:634} INFO - org.apache.httpcomponents.client5#httpclient5;5.3.1 from central in [default]
[2025-07-06T12:13:52.545+0000] {spark_submit.py:634} INFO - org.apache.httpcomponents.core5#httpcore5;5.2.4 from central in [default]
[2025-07-06T12:13:52.545+0000] {spark_submit.py:634} INFO - org.apache.httpcomponents.core5#httpcore5-h2;5.2.4 from central in [default]
[2025-07-06T12:13:52.545+0000] {spark_submit.py:634} INFO - org.slf4j#slf4j-api;1.7.36 from central in [default]
[2025-07-06T12:13:52.545+0000] {spark_submit.py:634} INFO - ---------------------------------------------------------------------
[2025-07-06T12:13:52.545+0000] {spark_submit.py:634} INFO - |                  |            modules            ||   artifacts   |
[2025-07-06T12:13:52.545+0000] {spark_submit.py:634} INFO - |       conf       | number| search|dwnlded|evicted|| number|dwnlded|
[2025-07-06T12:13:52.545+0000] {spark_submit.py:634} INFO - ---------------------------------------------------------------------
[2025-07-06T12:13:52.545+0000] {spark_submit.py:634} INFO - |      default     |   5   |   0   |   0   |   0   ||   5   |   0   |
[2025-07-06T12:13:52.546+0000] {spark_submit.py:634} INFO - ---------------------------------------------------------------------
[2025-07-06T12:13:52.546+0000] {spark_submit.py:634} INFO - :: retrieving :: org.apache.spark#spark-submit-parent-ca11f16b-c4d5-4ec6-a429-fc61ad07696c
[2025-07-06T12:13:52.546+0000] {spark_submit.py:634} INFO - confs: [default]
[2025-07-06T12:13:52.550+0000] {spark_submit.py:634} INFO - 0 artifacts copied, 5 already retrieved (0kB/4ms)
[2025-07-06T12:13:52.858+0000] {spark_submit.py:634} INFO - 25/07/06 12:13:52 WARN NativeCodeLoader: Unable to load native-hadoop library for your platform... using builtin-java classes where applicable
[2025-07-06T12:13:54.228+0000] {spark_submit.py:634} INFO - Using Spark's default log4j profile: org/apache/spark/log4j2-defaults.properties
[2025-07-06T12:13:54.232+0000] {spark_submit.py:634} INFO - 25/07/06 12:13:54 INFO SparkContext: Running Spark version 4.0.0
[2025-07-06T12:13:54.233+0000] {spark_submit.py:634} INFO - 25/07/06 12:13:54 INFO SparkContext: OS info Linux, 6.8.0-60-generic, amd64
[2025-07-06T12:13:54.234+0000] {spark_submit.py:634} INFO - 25/07/06 12:13:54 INFO SparkContext: Java version 17.0.15
[2025-07-06T12:13:54.248+0000] {spark_submit.py:634} INFO - 25/07/06 12:13:54 INFO ResourceUtils: ==============================================================
[2025-07-06T12:13:54.248+0000] {spark_submit.py:634} INFO - 25/07/06 12:13:54 INFO ResourceUtils: No custom resources configured for spark.driver.
[2025-07-06T12:13:54.248+0000] {spark_submit.py:634} INFO - 25/07/06 12:13:54 INFO ResourceUtils: ==============================================================
[2025-07-06T12:13:54.249+0000] {spark_submit.py:634} INFO - 25/07/06 12:13:54 INFO SparkContext: Submitted application: thanhdz
[2025-07-06T12:13:54.262+0000] {spark_submit.py:634} INFO - 25/07/06 12:13:54 INFO ResourceProfile: Default ResourceProfile created, executor resources: Map(cores -> name: cores, amount: 2, script: , vendor: , memory -> name: memory, amount: 4096, script: , vendor: , offHeap -> name: offHeap, amount: 0, script: , vendor: ), task resources: Map(cpus -> name: cpus, amount: 1.0)
[2025-07-06T12:13:54.329+0000] {spark_submit.py:634} INFO - 25/07/06 12:13:54 INFO ResourceProfile: Limiting resource is cpus at 2 tasks per executor
[2025-07-06T12:13:54.331+0000] {spark_submit.py:634} INFO - 25/07/06 12:13:54 INFO ResourceProfileManager: Added ResourceProfile id: 0
[2025-07-06T12:13:54.358+0000] {spark_submit.py:634} INFO - 25/07/06 12:13:54 INFO SecurityManager: Changing view acls to: ***
[2025-07-06T12:13:54.358+0000] {spark_submit.py:634} INFO - 25/07/06 12:13:54 INFO SecurityManager: Changing modify acls to: ***
[2025-07-06T12:13:54.358+0000] {spark_submit.py:634} INFO - 25/07/06 12:13:54 INFO SecurityManager: Changing view acls groups to: ***
[2025-07-06T12:13:54.358+0000] {spark_submit.py:634} INFO - 25/07/06 12:13:54 INFO SecurityManager: Changing modify acls groups to: ***
[2025-07-06T12:13:54.359+0000] {spark_submit.py:634} INFO - 25/07/06 12:13:54 INFO SecurityManager: SecurityManager: authentication disabled; ui acls disabled; users with view permissions: *** groups with view permissions: EMPTY; users with modify permissions: ***; groups with modify permissions: EMPTY; RPC SSL disabled
[2025-07-06T12:13:54.635+0000] {spark_submit.py:634} INFO - 25/07/06 12:13:54 INFO Utils: Successfully started service 'sparkDriver' on port 41347.
[2025-07-06T12:13:54.650+0000] {spark_submit.py:634} INFO - 25/07/06 12:13:54 INFO SparkEnv: Registering MapOutputTracker
[2025-07-06T12:13:54.656+0000] {spark_submit.py:634} INFO - 25/07/06 12:13:54 INFO SparkEnv: Registering BlockManagerMaster
[2025-07-06T12:13:54.664+0000] {spark_submit.py:634} INFO - 25/07/06 12:13:54 INFO BlockManagerMasterEndpoint: Using org.apache.spark.storage.DefaultTopologyMapper for getting topology information
[2025-07-06T12:13:54.664+0000] {spark_submit.py:634} INFO - 25/07/06 12:13:54 INFO BlockManagerMasterEndpoint: BlockManagerMasterEndpoint up
[2025-07-06T12:13:54.665+0000] {spark_submit.py:634} INFO - 25/07/06 12:13:54 INFO SparkEnv: Registering BlockManagerMasterHeartbeat
[2025-07-06T12:13:54.677+0000] {spark_submit.py:634} INFO - 25/07/06 12:13:54 INFO DiskBlockManager: Created local directory at /tmp/blockmgr-e0c4ce90-162c-4e2c-85a5-5373aa42fe57
[2025-07-06T12:13:54.736+0000] {spark_submit.py:634} INFO - 25/07/06 12:13:54 INFO SparkEnv: Registering OutputCommitCoordinator
[2025-07-06T12:13:54.856+0000] {spark_submit.py:634} INFO - 25/07/06 12:13:54 INFO JettyUtils: Start Jetty 0.0.0.0:4040 for SparkUI
[2025-07-06T12:13:55.026+0000] {spark_submit.py:634} INFO - 25/07/06 12:13:55 INFO Utils: Successfully started service 'SparkUI' on port 4040.
[2025-07-06T12:13:55.050+0000] {spark_submit.py:634} INFO - 25/07/06 12:13:55 INFO SparkContext: Added JAR file:///home/***/.ivy2.5.2/jars/com.clickhouse_clickhouse-jdbc-0.6.4.jar at spark://320a39989f12:41347/jars/com.clickhouse_clickhouse-jdbc-0.6.4.jar with timestamp 1751804034188
[2025-07-06T12:13:55.051+0000] {spark_submit.py:634} INFO - 25/07/06 12:13:55 INFO SparkContext: Added JAR file:///home/***/.ivy2.5.2/jars/org.apache.httpcomponents.client5_httpclient5-5.3.1.jar at spark://320a39989f12:41347/jars/org.apache.httpcomponents.client5_httpclient5-5.3.1.jar with timestamp 1751804034188
[2025-07-06T12:13:55.051+0000] {spark_submit.py:634} INFO - 25/07/06 12:13:55 INFO SparkContext: Added JAR file:///home/***/.ivy2.5.2/jars/org.apache.httpcomponents.core5_httpcore5-5.2.4.jar at spark://320a39989f12:41347/jars/org.apache.httpcomponents.core5_httpcore5-5.2.4.jar with timestamp 1751804034188
[2025-07-06T12:13:55.051+0000] {spark_submit.py:634} INFO - 25/07/06 12:13:55 INFO SparkContext: Added JAR file:///home/***/.ivy2.5.2/jars/org.apache.httpcomponents.core5_httpcore5-h2-5.2.4.jar at spark://320a39989f12:41347/jars/org.apache.httpcomponents.core5_httpcore5-h2-5.2.4.jar with timestamp 1751804034188
[2025-07-06T12:13:55.051+0000] {spark_submit.py:634} INFO - 25/07/06 12:13:55 INFO SparkContext: Added JAR file:///home/***/.ivy2.5.2/jars/org.slf4j_slf4j-api-1.7.36.jar at spark://320a39989f12:41347/jars/org.slf4j_slf4j-api-1.7.36.jar with timestamp 1751804034188
[2025-07-06T12:13:55.053+0000] {spark_submit.py:634} INFO - 25/07/06 12:13:55 INFO SparkContext: Added file file:///home/***/.ivy2.5.2/jars/com.clickhouse_clickhouse-jdbc-0.6.4.jar at file:///home/***/.ivy2.5.2/jars/com.clickhouse_clickhouse-jdbc-0.6.4.jar with timestamp 1751804034188
[2025-07-06T12:13:55.054+0000] {spark_submit.py:634} INFO - 25/07/06 12:13:55 INFO Utils: Copying /home/***/.ivy2.5.2/jars/com.clickhouse_clickhouse-jdbc-0.6.4.jar to /tmp/spark-e988056d-bc29-4810-97cc-53dafb2c4891/userFiles-0babaecc-afb3-4598-a217-83a405f988c6/com.clickhouse_clickhouse-jdbc-0.6.4.jar
[2025-07-06T12:13:55.064+0000] {spark_submit.py:634} INFO - 25/07/06 12:13:55 INFO SparkContext: Added file file:///home/***/.ivy2.5.2/jars/org.apache.httpcomponents.client5_httpclient5-5.3.1.jar at file:///home/***/.ivy2.5.2/jars/org.apache.httpcomponents.client5_httpclient5-5.3.1.jar with timestamp 1751804034188
[2025-07-06T12:13:55.064+0000] {spark_submit.py:634} INFO - 25/07/06 12:13:55 INFO Utils: Copying /home/***/.ivy2.5.2/jars/org.apache.httpcomponents.client5_httpclient5-5.3.1.jar to /tmp/spark-e988056d-bc29-4810-97cc-53dafb2c4891/userFiles-0babaecc-afb3-4598-a217-83a405f988c6/org.apache.httpcomponents.client5_httpclient5-5.3.1.jar
[2025-07-06T12:13:55.129+0000] {spark_submit.py:634} INFO - 25/07/06 12:13:55 INFO SparkContext: Added file file:///home/***/.ivy2.5.2/jars/org.apache.httpcomponents.core5_httpcore5-5.2.4.jar at file:///home/***/.ivy2.5.2/jars/org.apache.httpcomponents.core5_httpcore5-5.2.4.jar with timestamp 1751804034188
[2025-07-06T12:13:55.129+0000] {spark_submit.py:634} INFO - 25/07/06 12:13:55 INFO Utils: Copying /home/***/.ivy2.5.2/jars/org.apache.httpcomponents.core5_httpcore5-5.2.4.jar to /tmp/spark-e988056d-bc29-4810-97cc-53dafb2c4891/userFiles-0babaecc-afb3-4598-a217-83a405f988c6/org.apache.httpcomponents.core5_httpcore5-5.2.4.jar
[2025-07-06T12:13:55.134+0000] {spark_submit.py:634} INFO - 25/07/06 12:13:55 INFO SparkContext: Added file file:///home/***/.ivy2.5.2/jars/org.apache.httpcomponents.core5_httpcore5-h2-5.2.4.jar at file:///home/***/.ivy2.5.2/jars/org.apache.httpcomponents.core5_httpcore5-h2-5.2.4.jar with timestamp 1751804034188
[2025-07-06T12:13:55.134+0000] {spark_submit.py:634} INFO - 25/07/06 12:13:55 INFO Utils: Copying /home/***/.ivy2.5.2/jars/org.apache.httpcomponents.core5_httpcore5-h2-5.2.4.jar to /tmp/spark-e988056d-bc29-4810-97cc-53dafb2c4891/userFiles-0babaecc-afb3-4598-a217-83a405f988c6/org.apache.httpcomponents.core5_httpcore5-h2-5.2.4.jar
[2025-07-06T12:13:55.138+0000] {spark_submit.py:634} INFO - 25/07/06 12:13:55 INFO SparkContext: Added file file:///home/***/.ivy2.5.2/jars/org.slf4j_slf4j-api-1.7.36.jar at file:///home/***/.ivy2.5.2/jars/org.slf4j_slf4j-api-1.7.36.jar with timestamp 1751804034188
[2025-07-06T12:13:55.138+0000] {spark_submit.py:634} INFO - 25/07/06 12:13:55 INFO Utils: Copying /home/***/.ivy2.5.2/jars/org.slf4j_slf4j-api-1.7.36.jar to /tmp/spark-e988056d-bc29-4810-97cc-53dafb2c4891/userFiles-0babaecc-afb3-4598-a217-83a405f988c6/org.slf4j_slf4j-api-1.7.36.jar
[2025-07-06T12:13:55.155+0000] {spark_submit.py:634} INFO - 25/07/06 12:13:55 INFO SecurityManager: Changing view acls to: ***
[2025-07-06T12:13:55.155+0000] {spark_submit.py:634} INFO - 25/07/06 12:13:55 INFO SecurityManager: Changing modify acls to: ***
[2025-07-06T12:13:55.155+0000] {spark_submit.py:634} INFO - 25/07/06 12:13:55 INFO SecurityManager: Changing view acls groups to: ***
[2025-07-06T12:13:55.155+0000] {spark_submit.py:634} INFO - 25/07/06 12:13:55 INFO SecurityManager: Changing modify acls groups to: ***
[2025-07-06T12:13:55.156+0000] {spark_submit.py:634} INFO - 25/07/06 12:13:55 INFO SecurityManager: SecurityManager: authentication disabled; ui acls disabled; users with view permissions: *** groups with view permissions: EMPTY; users with modify permissions: ***; groups with modify permissions: EMPTY; RPC SSL disabled
[2025-07-06T12:13:55.337+0000] {spark_submit.py:634} INFO - 25/07/06 12:13:55 INFO Executor: Starting executor ID driver on host 320a39989f12
[2025-07-06T12:13:55.337+0000] {spark_submit.py:634} INFO - 25/07/06 12:13:55 INFO Executor: OS info Linux, 6.8.0-60-generic, amd64
[2025-07-06T12:13:55.337+0000] {spark_submit.py:634} INFO - 25/07/06 12:13:55 INFO Executor: Java version 17.0.15
[2025-07-06T12:13:55.344+0000] {spark_submit.py:634} INFO - 25/07/06 12:13:55 INFO Executor: Starting executor with user classpath (userClassPathFirst = false): ''
[2025-07-06T12:13:55.345+0000] {spark_submit.py:634} INFO - 25/07/06 12:13:55 INFO Executor: Created or updated repl class loader org.apache.spark.util.MutableURLClassLoader@1e3280b2 for default.
[2025-07-06T12:13:55.350+0000] {spark_submit.py:634} INFO - 25/07/06 12:13:55 INFO Executor: Fetching file:///home/***/.ivy2.5.2/jars/com.clickhouse_clickhouse-jdbc-0.6.4.jar with timestamp 1751804034188
[2025-07-06T12:13:55.426+0000] {spark_submit.py:634} INFO - 25/07/06 12:13:55 INFO Utils: /home/***/.ivy2.5.2/jars/com.clickhouse_clickhouse-jdbc-0.6.4.jar has been previously copied to /tmp/spark-e988056d-bc29-4810-97cc-53dafb2c4891/userFiles-0babaecc-afb3-4598-a217-83a405f988c6/com.clickhouse_clickhouse-jdbc-0.6.4.jar
[2025-07-06T12:13:55.430+0000] {spark_submit.py:634} INFO - 25/07/06 12:13:55 INFO Executor: Fetching file:///home/***/.ivy2.5.2/jars/org.apache.httpcomponents.client5_httpclient5-5.3.1.jar with timestamp 1751804034188
[2025-07-06T12:13:55.431+0000] {spark_submit.py:634} INFO - 25/07/06 12:13:55 INFO Utils: /home/***/.ivy2.5.2/jars/org.apache.httpcomponents.client5_httpclient5-5.3.1.jar has been previously copied to /tmp/spark-e988056d-bc29-4810-97cc-53dafb2c4891/userFiles-0babaecc-afb3-4598-a217-83a405f988c6/org.apache.httpcomponents.client5_httpclient5-5.3.1.jar
[2025-07-06T12:13:55.436+0000] {spark_submit.py:634} INFO - 25/07/06 12:13:55 INFO Executor: Fetching file:///home/***/.ivy2.5.2/jars/org.apache.httpcomponents.core5_httpcore5-5.2.4.jar with timestamp 1751804034188
[2025-07-06T12:13:55.437+0000] {spark_submit.py:634} INFO - 25/07/06 12:13:55 INFO Utils: /home/***/.ivy2.5.2/jars/org.apache.httpcomponents.core5_httpcore5-5.2.4.jar has been previously copied to /tmp/spark-e988056d-bc29-4810-97cc-53dafb2c4891/userFiles-0babaecc-afb3-4598-a217-83a405f988c6/org.apache.httpcomponents.core5_httpcore5-5.2.4.jar
[2025-07-06T12:13:55.441+0000] {spark_submit.py:634} INFO - 25/07/06 12:13:55 INFO Executor: Fetching file:///home/***/.ivy2.5.2/jars/org.apache.httpcomponents.core5_httpcore5-h2-5.2.4.jar with timestamp 1751804034188
[2025-07-06T12:13:55.441+0000] {spark_submit.py:634} INFO - 25/07/06 12:13:55 INFO Utils: /home/***/.ivy2.5.2/jars/org.apache.httpcomponents.core5_httpcore5-h2-5.2.4.jar has been previously copied to /tmp/spark-e988056d-bc29-4810-97cc-53dafb2c4891/userFiles-0babaecc-afb3-4598-a217-83a405f988c6/org.apache.httpcomponents.core5_httpcore5-h2-5.2.4.jar
[2025-07-06T12:13:55.444+0000] {spark_submit.py:634} INFO - 25/07/06 12:13:55 INFO Executor: Fetching file:///home/***/.ivy2.5.2/jars/org.slf4j_slf4j-api-1.7.36.jar with timestamp 1751804034188
[2025-07-06T12:13:55.445+0000] {spark_submit.py:634} INFO - 25/07/06 12:13:55 INFO Utils: /home/***/.ivy2.5.2/jars/org.slf4j_slf4j-api-1.7.36.jar has been previously copied to /tmp/spark-e988056d-bc29-4810-97cc-53dafb2c4891/userFiles-0babaecc-afb3-4598-a217-83a405f988c6/org.slf4j_slf4j-api-1.7.36.jar
[2025-07-06T12:13:55.451+0000] {spark_submit.py:634} INFO - 25/07/06 12:13:55 INFO Executor: Fetching spark://320a39989f12:41347/jars/org.apache.httpcomponents.core5_httpcore5-5.2.4.jar with timestamp 1751804034188
[2025-07-06T12:13:55.472+0000] {spark_submit.py:634} INFO - 25/07/06 12:13:55 INFO TransportClientFactory: Successfully created connection to 320a39989f12/172.21.0.10:41347 after 13 ms (0 ms spent in bootstraps)
[2025-07-06T12:13:55.475+0000] {spark_submit.py:634} INFO - 25/07/06 12:13:55 INFO Utils: Fetching spark://320a39989f12:41347/jars/org.apache.httpcomponents.core5_httpcore5-5.2.4.jar to /tmp/spark-e988056d-bc29-4810-97cc-53dafb2c4891/userFiles-0babaecc-afb3-4598-a217-83a405f988c6/fetchFileTemp8819121294762806766.tmp
[2025-07-06T12:13:55.529+0000] {spark_submit.py:634} INFO - 25/07/06 12:13:55 INFO Utils: /tmp/spark-e988056d-bc29-4810-97cc-53dafb2c4891/userFiles-0babaecc-afb3-4598-a217-83a405f988c6/fetchFileTemp8819121294762806766.tmp has been previously copied to /tmp/spark-e988056d-bc29-4810-97cc-53dafb2c4891/userFiles-0babaecc-afb3-4598-a217-83a405f988c6/org.apache.httpcomponents.core5_httpcore5-5.2.4.jar
[2025-07-06T12:13:55.537+0000] {spark_submit.py:634} INFO - 25/07/06 12:13:55 INFO Executor: Adding file:/tmp/spark-e988056d-bc29-4810-97cc-53dafb2c4891/userFiles-0babaecc-afb3-4598-a217-83a405f988c6/org.apache.httpcomponents.core5_httpcore5-5.2.4.jar to class loader default
[2025-07-06T12:13:55.538+0000] {spark_submit.py:634} INFO - 25/07/06 12:13:55 INFO Executor: Fetching spark://320a39989f12:41347/jars/org.apache.httpcomponents.client5_httpclient5-5.3.1.jar with timestamp 1751804034188
[2025-07-06T12:13:55.538+0000] {spark_submit.py:634} INFO - 25/07/06 12:13:55 INFO Utils: Fetching spark://320a39989f12:41347/jars/org.apache.httpcomponents.client5_httpclient5-5.3.1.jar to /tmp/spark-e988056d-bc29-4810-97cc-53dafb2c4891/userFiles-0babaecc-afb3-4598-a217-83a405f988c6/fetchFileTemp17283309758570771598.tmp
[2025-07-06T12:13:55.540+0000] {spark_submit.py:634} INFO - 25/07/06 12:13:55 INFO Utils: /tmp/spark-e988056d-bc29-4810-97cc-53dafb2c4891/userFiles-0babaecc-afb3-4598-a217-83a405f988c6/fetchFileTemp17283309758570771598.tmp has been previously copied to /tmp/spark-e988056d-bc29-4810-97cc-53dafb2c4891/userFiles-0babaecc-afb3-4598-a217-83a405f988c6/org.apache.httpcomponents.client5_httpclient5-5.3.1.jar
[2025-07-06T12:13:55.545+0000] {spark_submit.py:634} INFO - 25/07/06 12:13:55 INFO Executor: Adding file:/tmp/spark-e988056d-bc29-4810-97cc-53dafb2c4891/userFiles-0babaecc-afb3-4598-a217-83a405f988c6/org.apache.httpcomponents.client5_httpclient5-5.3.1.jar to class loader default
[2025-07-06T12:13:55.545+0000] {spark_submit.py:634} INFO - 25/07/06 12:13:55 INFO Executor: Fetching spark://320a39989f12:41347/jars/org.apache.httpcomponents.core5_httpcore5-h2-5.2.4.jar with timestamp 1751804034188
[2025-07-06T12:13:55.545+0000] {spark_submit.py:634} INFO - 25/07/06 12:13:55 INFO Utils: Fetching spark://320a39989f12:41347/jars/org.apache.httpcomponents.core5_httpcore5-h2-5.2.4.jar to /tmp/spark-e988056d-bc29-4810-97cc-53dafb2c4891/userFiles-0babaecc-afb3-4598-a217-83a405f988c6/fetchFileTemp358476614752154866.tmp
[2025-07-06T12:13:55.546+0000] {spark_submit.py:634} INFO - 25/07/06 12:13:55 INFO Utils: /tmp/spark-e988056d-bc29-4810-97cc-53dafb2c4891/userFiles-0babaecc-afb3-4598-a217-83a405f988c6/fetchFileTemp358476614752154866.tmp has been previously copied to /tmp/spark-e988056d-bc29-4810-97cc-53dafb2c4891/userFiles-0babaecc-afb3-4598-a217-83a405f988c6/org.apache.httpcomponents.core5_httpcore5-h2-5.2.4.jar
[2025-07-06T12:13:55.550+0000] {spark_submit.py:634} INFO - 25/07/06 12:13:55 INFO Executor: Adding file:/tmp/spark-e988056d-bc29-4810-97cc-53dafb2c4891/userFiles-0babaecc-afb3-4598-a217-83a405f988c6/org.apache.httpcomponents.core5_httpcore5-h2-5.2.4.jar to class loader default
[2025-07-06T12:13:55.550+0000] {spark_submit.py:634} INFO - 25/07/06 12:13:55 INFO Executor: Fetching spark://320a39989f12:41347/jars/org.slf4j_slf4j-api-1.7.36.jar with timestamp 1751804034188
[2025-07-06T12:13:55.551+0000] {spark_submit.py:634} INFO - 25/07/06 12:13:55 INFO Utils: Fetching spark://320a39989f12:41347/jars/org.slf4j_slf4j-api-1.7.36.jar to /tmp/spark-e988056d-bc29-4810-97cc-53dafb2c4891/userFiles-0babaecc-afb3-4598-a217-83a405f988c6/fetchFileTemp12663785910679620265.tmp
[2025-07-06T12:13:55.551+0000] {spark_submit.py:634} INFO - 25/07/06 12:13:55 INFO Utils: /tmp/spark-e988056d-bc29-4810-97cc-53dafb2c4891/userFiles-0babaecc-afb3-4598-a217-83a405f988c6/fetchFileTemp12663785910679620265.tmp has been previously copied to /tmp/spark-e988056d-bc29-4810-97cc-53dafb2c4891/userFiles-0babaecc-afb3-4598-a217-83a405f988c6/org.slf4j_slf4j-api-1.7.36.jar
[2025-07-06T12:13:55.556+0000] {spark_submit.py:634} INFO - 25/07/06 12:13:55 INFO Executor: Adding file:/tmp/spark-e988056d-bc29-4810-97cc-53dafb2c4891/userFiles-0babaecc-afb3-4598-a217-83a405f988c6/org.slf4j_slf4j-api-1.7.36.jar to class loader default
[2025-07-06T12:13:55.556+0000] {spark_submit.py:634} INFO - 25/07/06 12:13:55 INFO Executor: Fetching spark://320a39989f12:41347/jars/com.clickhouse_clickhouse-jdbc-0.6.4.jar with timestamp 1751804034188
[2025-07-06T12:13:55.556+0000] {spark_submit.py:634} INFO - 25/07/06 12:13:55 INFO Utils: Fetching spark://320a39989f12:41347/jars/com.clickhouse_clickhouse-jdbc-0.6.4.jar to /tmp/spark-e988056d-bc29-4810-97cc-53dafb2c4891/userFiles-0babaecc-afb3-4598-a217-83a405f988c6/fetchFileTemp17133907926443304754.tmp
[2025-07-06T12:13:55.561+0000] {spark_submit.py:634} INFO - 25/07/06 12:13:55 INFO Utils: /tmp/spark-e988056d-bc29-4810-97cc-53dafb2c4891/userFiles-0babaecc-afb3-4598-a217-83a405f988c6/fetchFileTemp17133907926443304754.tmp has been previously copied to /tmp/spark-e988056d-bc29-4810-97cc-53dafb2c4891/userFiles-0babaecc-afb3-4598-a217-83a405f988c6/com.clickhouse_clickhouse-jdbc-0.6.4.jar
[2025-07-06T12:13:55.565+0000] {spark_submit.py:634} INFO - 25/07/06 12:13:55 INFO Executor: Adding file:/tmp/spark-e988056d-bc29-4810-97cc-53dafb2c4891/userFiles-0babaecc-afb3-4598-a217-83a405f988c6/com.clickhouse_clickhouse-jdbc-0.6.4.jar to class loader default
[2025-07-06T12:13:55.572+0000] {spark_submit.py:634} INFO - 25/07/06 12:13:55 INFO Utils: Successfully started service 'org.apache.spark.network.netty.NettyBlockTransferService' on port 36155.
[2025-07-06T12:13:55.572+0000] {spark_submit.py:634} INFO - 25/07/06 12:13:55 INFO NettyBlockTransferService: Server created on 320a39989f12:36155
[2025-07-06T12:13:55.573+0000] {spark_submit.py:634} INFO - 25/07/06 12:13:55 INFO BlockManager: Using org.apache.spark.storage.RandomBlockReplicationPolicy for block replication policy
[2025-07-06T12:13:55.625+0000] {spark_submit.py:634} INFO - 25/07/06 12:13:55 INFO BlockManagerMaster: Registering BlockManager BlockManagerId(driver, 320a39989f12, 36155, None)
[2025-07-06T12:13:55.631+0000] {spark_submit.py:634} INFO - 25/07/06 12:13:55 INFO BlockManagerMasterEndpoint: Registering block manager 320a39989f12:36155 with 413.9 MiB RAM, BlockManagerId(driver, 320a39989f12, 36155, None)
[2025-07-06T12:13:55.633+0000] {spark_submit.py:634} INFO - 25/07/06 12:13:55 INFO BlockManagerMaster: Registered BlockManager BlockManagerId(driver, 320a39989f12, 36155, None)
[2025-07-06T12:13:55.634+0000] {spark_submit.py:634} INFO - 25/07/06 12:13:55 INFO BlockManager: Initialized BlockManager: BlockManagerId(driver, 320a39989f12, 36155, None)
[2025-07-06T12:14:00.259+0000] {spark_submit.py:634} INFO - Python-dotenv could not parse statement starting at line 1
[2025-07-06T12:14:00.260+0000] {spark_submit.py:634} INFO - Python-dotenv could not parse statement starting at line 3
[2025-07-06T12:14:00.578+0000] {spark_submit.py:634} INFO - 25/07/06 12:14:00 WARN SparkStringUtils: Truncated the string representation of a plan since it was too large. This behavior can be adjusted by setting 'spark.sql.debug.maxToStringFields'.
[2025-07-06T12:14:02.868+0000] {spark_submit.py:634} INFO - 25/07/06 12:14:02 WARN JdbcUtils: Requested isolation level 1, but transactions are unsupported
[2025-07-06T12:14:05.828+0000] {spark_submit.py:634} INFO - ------------------------Dữ liệu đã được ghi thành công vào ClickHouse------------------------
[2025-07-06T12:14:35.892+0000] {spark_submit.py:634} INFO - -------------Stop SparkSession-------------
[2025-07-06T12:14:36.027+0000] {taskinstance.py:441} INFO - ::group::Post task execution logs
[2025-07-06T12:14:36.035+0000] {taskinstance.py:1205} INFO - Marking task as SUCCESS. dag_id=my_spark_inline, task_id=spark_write_data, execution_date=20250706T051258, start_date=20250706T121350, end_date=20250706T121436
[2025-07-06T12:14:36.051+0000] {local_task_job_runner.py:240} INFO - Task exited with return code 0
[2025-07-06T12:14:36.060+0000] {taskinstance.py:3482} INFO - 0 downstream tasks scheduled from follow-on schedule check
[2025-07-06T12:14:36.061+0000] {local_task_job_runner.py:222} INFO - ::endgroup::
