[2025-07-06T05:34:10.875+0000] {local_task_job_runner.py:120} INFO - ::group::Pre task execution logs
[2025-07-06T05:34:10.891+0000] {taskinstance.py:2073} INFO - Dependencies all met for dep_context=non-requeueable deps ti=<TaskInstance: my_spark_inline.spark_write_data manual__2025-07-06T05:12:58.943989+00:00 [queued]>
[2025-07-06T05:34:10.984+0000] {taskinstance.py:2073} INFO - Dependencies all met for dep_context=requeueable deps ti=<TaskInstance: my_spark_inline.spark_write_data manual__2025-07-06T05:12:58.943989+00:00 [queued]>
[2025-07-06T05:34:10.984+0000] {taskinstance.py:2303} INFO - Starting attempt 8 of 8
[2025-07-06T05:34:10.990+0000] {taskinstance.py:2327} INFO - Executing <Task(SparkSubmitOperator): spark_write_data> on 2025-07-06 05:12:58.943989+00:00
[2025-07-06T05:34:10.995+0000] {standard_task_runner.py:63} INFO - Started process 1699 to run task
[2025-07-06T05:34:10.998+0000] {standard_task_runner.py:90} INFO - Running: ['***', 'tasks', 'run', 'my_spark_inline', 'spark_write_data', 'manual__2025-07-06T05:12:58.943989+00:00', '--job-id', '37', '--raw', '--subdir', 'DAGS_FOLDER/test_spark.py', '--cfg-path', '/tmp/tmprmqfv58s']
[2025-07-06T05:34:11.000+0000] {standard_task_runner.py:91} INFO - Job 37: Subtask spark_write_data
[2025-07-06T05:34:11.011+0000] {logging_mixin.py:188} WARNING - /home/***/.local/lib/python3.11/site-packages/***/settings.py:195 DeprecationWarning: The sql_alchemy_conn option in [core] has been moved to the sql_alchemy_conn option in [database] - the old setting has been used, but please update your config.
[2025-07-06T05:34:11.031+0000] {task_command.py:426} INFO - Running <TaskInstance: my_spark_inline.spark_write_data manual__2025-07-06T05:12:58.943989+00:00 [running]> on host 1d0c55f2b911
[2025-07-06T05:34:11.083+0000] {taskinstance.py:2644} INFO - Exporting env vars: AIRFLOW_CTX_DAG_OWNER='***' AIRFLOW_CTX_DAG_ID='my_spark_inline' AIRFLOW_CTX_TASK_ID='spark_write_data' AIRFLOW_CTX_EXECUTION_DATE='2025-07-06T05:12:58.943989+00:00' AIRFLOW_CTX_TRY_NUMBER='8' AIRFLOW_CTX_DAG_RUN_ID='manual__2025-07-06T05:12:58.943989+00:00'
[2025-07-06T05:34:11.084+0000] {taskinstance.py:430} INFO - ::endgroup::
[2025-07-06T05:34:11.096+0000] {base.py:84} INFO - Using connection ID 'spark_default' for task execution.
[2025-07-06T05:34:11.097+0000] {spark_submit.py:473} INFO - Spark-Submit cmd: spark-submit --master local[*] --conf spark.master=local[*] --name arrow-spark --queue root.default --deploy-mode client /opt/***/spark_project/src/spark/spark_main.py
[2025-07-06T05:34:11.342+0000] {spark_submit.py:634} INFO - WARNING: Using incubator modules: jdk.incubator.vector
[2025-07-06T05:34:13.981+0000] {spark_submit.py:634} INFO - Using Spark's default log4j profile: org/apache/spark/log4j2-defaults.properties
[2025-07-06T05:34:14.040+0000] {spark_submit.py:634} INFO - 25/07/06 05:34:14 INFO SparkContext: Running Spark version 4.0.0
[2025-07-06T05:34:14.043+0000] {spark_submit.py:634} INFO - 25/07/06 05:34:14 INFO SparkContext: OS info Linux, 6.8.0-60-generic, amd64
[2025-07-06T05:34:14.044+0000] {spark_submit.py:634} INFO - 25/07/06 05:34:14 INFO SparkContext: Java version 17.0.15
[2025-07-06T05:34:14.142+0000] {spark_submit.py:634} INFO - 25/07/06 05:34:14 WARN NativeCodeLoader: Unable to load native-hadoop library for your platform... using builtin-java classes where applicable
[2025-07-06T05:34:14.173+0000] {spark_submit.py:634} INFO - 25/07/06 05:34:14 INFO ResourceUtils: ==============================================================
[2025-07-06T05:34:14.173+0000] {spark_submit.py:634} INFO - 25/07/06 05:34:14 INFO ResourceUtils: No custom resources configured for spark.driver.
[2025-07-06T05:34:14.173+0000] {spark_submit.py:634} INFO - 25/07/06 05:34:14 INFO ResourceUtils: ==============================================================
[2025-07-06T05:34:14.174+0000] {spark_submit.py:634} INFO - 25/07/06 05:34:14 INFO SparkContext: Submitted application: thanhdz
[2025-07-06T05:34:14.246+0000] {spark_submit.py:634} INFO - 25/07/06 05:34:14 INFO ResourceProfile: Default ResourceProfile created, executor resources: Map(cores -> name: cores, amount: 2, script: , vendor: , memory -> name: memory, amount: 4096, script: , vendor: , offHeap -> name: offHeap, amount: 0, script: , vendor: ), task resources: Map(cpus -> name: cpus, amount: 1.0)
[2025-07-06T05:34:14.249+0000] {spark_submit.py:634} INFO - 25/07/06 05:34:14 INFO ResourceProfile: Limiting resource is cpus at 2 tasks per executor
[2025-07-06T05:34:14.250+0000] {spark_submit.py:634} INFO - 25/07/06 05:34:14 INFO ResourceProfileManager: Added ResourceProfile id: 0
[2025-07-06T05:34:14.280+0000] {spark_submit.py:634} INFO - 25/07/06 05:34:14 INFO SecurityManager: Changing view acls to: ***
[2025-07-06T05:34:14.280+0000] {spark_submit.py:634} INFO - 25/07/06 05:34:14 INFO SecurityManager: Changing modify acls to: ***
[2025-07-06T05:34:14.281+0000] {spark_submit.py:634} INFO - 25/07/06 05:34:14 INFO SecurityManager: Changing view acls groups to: ***
[2025-07-06T05:34:14.281+0000] {spark_submit.py:634} INFO - 25/07/06 05:34:14 INFO SecurityManager: Changing modify acls groups to: ***
[2025-07-06T05:34:14.282+0000] {spark_submit.py:634} INFO - 25/07/06 05:34:14 INFO SecurityManager: SecurityManager: authentication disabled; ui acls disabled; users with view permissions: *** groups with view permissions: EMPTY; users with modify permissions: ***; groups with modify permissions: EMPTY; RPC SSL disabled
[2025-07-06T05:34:14.551+0000] {spark_submit.py:634} INFO - 25/07/06 05:34:14 INFO Utils: Successfully started service 'sparkDriver' on port 34217.
[2025-07-06T05:34:14.567+0000] {spark_submit.py:634} INFO - 25/07/06 05:34:14 INFO SparkEnv: Registering MapOutputTracker
[2025-07-06T05:34:14.574+0000] {spark_submit.py:634} INFO - 25/07/06 05:34:14 INFO SparkEnv: Registering BlockManagerMaster
[2025-07-06T05:34:14.582+0000] {spark_submit.py:634} INFO - 25/07/06 05:34:14 INFO BlockManagerMasterEndpoint: Using org.apache.spark.storage.DefaultTopologyMapper for getting topology information
[2025-07-06T05:34:14.582+0000] {spark_submit.py:634} INFO - 25/07/06 05:34:14 INFO BlockManagerMasterEndpoint: BlockManagerMasterEndpoint up
[2025-07-06T05:34:14.584+0000] {spark_submit.py:634} INFO - 25/07/06 05:34:14 INFO SparkEnv: Registering BlockManagerMasterHeartbeat
[2025-07-06T05:34:14.653+0000] {spark_submit.py:634} INFO - 25/07/06 05:34:14 INFO DiskBlockManager: Created local directory at /tmp/blockmgr-a426d933-030c-4b5a-b2e7-b53a13b4a766
[2025-07-06T05:34:14.666+0000] {spark_submit.py:634} INFO - 25/07/06 05:34:14 INFO SparkEnv: Registering OutputCommitCoordinator
[2025-07-06T05:34:14.775+0000] {spark_submit.py:634} INFO - 25/07/06 05:34:14 INFO JettyUtils: Start Jetty 0.0.0.0:4040 for SparkUI
[2025-07-06T05:34:14.873+0000] {spark_submit.py:634} INFO - 25/07/06 05:34:14 INFO Utils: Successfully started service 'SparkUI' on port 4040.
[2025-07-06T05:34:14.946+0000] {spark_submit.py:634} INFO - 25/07/06 05:34:14 INFO SecurityManager: Changing view acls to: ***
[2025-07-06T05:34:14.947+0000] {spark_submit.py:634} INFO - 25/07/06 05:34:14 INFO SecurityManager: Changing modify acls to: ***
[2025-07-06T05:34:14.947+0000] {spark_submit.py:634} INFO - 25/07/06 05:34:14 INFO SecurityManager: Changing view acls groups to: ***
[2025-07-06T05:34:14.947+0000] {spark_submit.py:634} INFO - 25/07/06 05:34:14 INFO SecurityManager: Changing modify acls groups to: ***
[2025-07-06T05:34:14.947+0000] {spark_submit.py:634} INFO - 25/07/06 05:34:14 INFO SecurityManager: SecurityManager: authentication disabled; ui acls disabled; users with view permissions: *** groups with view permissions: EMPTY; users with modify permissions: ***; groups with modify permissions: EMPTY; RPC SSL disabled
[2025-07-06T05:34:15.076+0000] {spark_submit.py:634} INFO - 25/07/06 05:34:15 INFO Executor: Starting executor ID driver on host 1d0c55f2b911
[2025-07-06T05:34:15.076+0000] {spark_submit.py:634} INFO - 25/07/06 05:34:15 INFO Executor: OS info Linux, 6.8.0-60-generic, amd64
[2025-07-06T05:34:15.076+0000] {spark_submit.py:634} INFO - 25/07/06 05:34:15 INFO Executor: Java version 17.0.15
[2025-07-06T05:34:15.146+0000] {spark_submit.py:634} INFO - 25/07/06 05:34:15 INFO Executor: Starting executor with user classpath (userClassPathFirst = false): ''
[2025-07-06T05:34:15.147+0000] {spark_submit.py:634} INFO - 25/07/06 05:34:15 INFO Executor: Created or updated repl class loader org.apache.spark.util.MutableURLClassLoader@3b139933 for default.
[2025-07-06T05:34:15.160+0000] {spark_submit.py:634} INFO - 25/07/06 05:34:15 INFO Utils: Successfully started service 'org.apache.spark.network.netty.NettyBlockTransferService' on port 33189.
[2025-07-06T05:34:15.163+0000] {spark_submit.py:634} INFO - 25/07/06 05:34:15 INFO NettyBlockTransferService: Server created on 1d0c55f2b911:33189
[2025-07-06T05:34:15.164+0000] {spark_submit.py:634} INFO - 25/07/06 05:34:15 INFO BlockManager: Using org.apache.spark.storage.RandomBlockReplicationPolicy for block replication policy
[2025-07-06T05:34:15.171+0000] {spark_submit.py:634} INFO - 25/07/06 05:34:15 INFO BlockManagerMaster: Registering BlockManager BlockManagerId(driver, 1d0c55f2b911, 33189, None)
[2025-07-06T05:34:15.246+0000] {spark_submit.py:634} INFO - 25/07/06 05:34:15 INFO BlockManagerMasterEndpoint: Registering block manager 1d0c55f2b911:33189 with 413.9 MiB RAM, BlockManagerId(driver, 1d0c55f2b911, 33189, None)
[2025-07-06T05:34:15.248+0000] {spark_submit.py:634} INFO - 25/07/06 05:34:15 INFO BlockManagerMaster: Registered BlockManager BlockManagerId(driver, 1d0c55f2b911, 33189, None)
[2025-07-06T05:34:15.249+0000] {spark_submit.py:634} INFO - 25/07/06 05:34:15 INFO BlockManager: Initialized BlockManager: BlockManagerId(driver, 1d0c55f2b911, 33189, None)
[2025-07-06T05:34:18.381+0000] {spark_submit.py:634} INFO - 25/07/06 05:34:18 WARN FileStreamSink: Assume no metadata directory. Error while looking for metadata directory in the path: ../../data/1.parquet.
[2025-07-06T05:34:18.382+0000] {spark_submit.py:634} INFO - java.io.FileNotFoundException: File ../../data/1.parquet does not exist
[2025-07-06T05:34:18.382+0000] {spark_submit.py:634} INFO - at org.apache.hadoop.fs.RawLocalFileSystem.deprecatedGetFileStatus(RawLocalFileSystem.java:917)
[2025-07-06T05:34:18.382+0000] {spark_submit.py:634} INFO - at org.apache.hadoop.fs.RawLocalFileSystem.getFileLinkStatusInternal(RawLocalFileSystem.java:1238)
[2025-07-06T05:34:18.382+0000] {spark_submit.py:634} INFO - at org.apache.hadoop.fs.RawLocalFileSystem.getFileStatus(RawLocalFileSystem.java:907)
[2025-07-06T05:34:18.382+0000] {spark_submit.py:634} INFO - at org.apache.hadoop.fs.FilterFileSystem.getFileStatus(FilterFileSystem.java:462)
[2025-07-06T05:34:18.382+0000] {spark_submit.py:634} INFO - at org.apache.spark.sql.execution.streaming.FileStreamSink$.hasMetadata(FileStreamSink.scala:56)
[2025-07-06T05:34:18.382+0000] {spark_submit.py:634} INFO - at org.apache.spark.sql.execution.datasources.DataSource.resolveRelation(DataSource.scala:381)
[2025-07-06T05:34:18.383+0000] {spark_submit.py:634} INFO - at org.apache.spark.sql.catalyst.analysis.ResolveDataSource.org$apache$spark$sql$catalyst$analysis$ResolveDataSource$$loadV1BatchSource(ResolveDataSource.scala:143)
[2025-07-06T05:34:18.383+0000] {spark_submit.py:634} INFO - at org.apache.spark.sql.catalyst.analysis.ResolveDataSource$$anonfun$apply$1.$anonfun$applyOrElse$2(ResolveDataSource.scala:61)
[2025-07-06T05:34:18.383+0000] {spark_submit.py:634} INFO - at scala.Option.getOrElse(Option.scala:201)
[2025-07-06T05:34:18.383+0000] {spark_submit.py:634} INFO - at org.apache.spark.sql.catalyst.analysis.ResolveDataSource$$anonfun$apply$1.applyOrElse(ResolveDataSource.scala:61)
[2025-07-06T05:34:18.383+0000] {spark_submit.py:634} INFO - at org.apache.spark.sql.catalyst.analysis.ResolveDataSource$$anonfun$apply$1.applyOrElse(ResolveDataSource.scala:45)
[2025-07-06T05:34:18.383+0000] {spark_submit.py:634} INFO - at org.apache.spark.sql.catalyst.plans.logical.AnalysisHelper.$anonfun$resolveOperatorsUpWithPruning$3(AnalysisHelper.scala:139)
[2025-07-06T05:34:18.383+0000] {spark_submit.py:634} INFO - at org.apache.spark.sql.catalyst.trees.CurrentOrigin$.withOrigin(origin.scala:86)
[2025-07-06T05:34:18.383+0000] {spark_submit.py:634} INFO - at org.apache.spark.sql.catalyst.plans.logical.AnalysisHelper.$anonfun$resolveOperatorsUpWithPruning$1(AnalysisHelper.scala:139)
[2025-07-06T05:34:18.383+0000] {spark_submit.py:634} INFO - at org.apache.spark.sql.catalyst.plans.logical.AnalysisHelper$.allowInvokingTransformsInAnalyzer(AnalysisHelper.scala:416)
[2025-07-06T05:34:18.383+0000] {spark_submit.py:634} INFO - at org.apache.spark.sql.catalyst.plans.logical.AnalysisHelper.resolveOperatorsUpWithPruning(AnalysisHelper.scala:135)
[2025-07-06T05:34:18.384+0000] {spark_submit.py:634} INFO - at org.apache.spark.sql.catalyst.plans.logical.AnalysisHelper.resolveOperatorsUpWithPruning$(AnalysisHelper.scala:131)
[2025-07-06T05:34:18.384+0000] {spark_submit.py:634} INFO - at org.apache.spark.sql.catalyst.plans.logical.LogicalPlan.resolveOperatorsUpWithPruning(LogicalPlan.scala:37)
[2025-07-06T05:34:18.384+0000] {spark_submit.py:634} INFO - at org.apache.spark.sql.catalyst.plans.logical.AnalysisHelper.resolveOperatorsUp(AnalysisHelper.scala:112)
[2025-07-06T05:34:18.384+0000] {spark_submit.py:634} INFO - at org.apache.spark.sql.catalyst.plans.logical.AnalysisHelper.resolveOperatorsUp$(AnalysisHelper.scala:111)
[2025-07-06T05:34:18.384+0000] {spark_submit.py:634} INFO - at org.apache.spark.sql.catalyst.plans.logical.LogicalPlan.resolveOperatorsUp(LogicalPlan.scala:37)
[2025-07-06T05:34:18.384+0000] {spark_submit.py:634} INFO - at org.apache.spark.sql.catalyst.analysis.ResolveDataSource.apply(ResolveDataSource.scala:45)
[2025-07-06T05:34:18.384+0000] {spark_submit.py:634} INFO - at org.apache.spark.sql.catalyst.analysis.ResolveDataSource.apply(ResolveDataSource.scala:43)
[2025-07-06T05:34:18.384+0000] {spark_submit.py:634} INFO - at org.apache.spark.sql.catalyst.rules.RuleExecutor.$anonfun$execute$2(RuleExecutor.scala:242)
[2025-07-06T05:34:18.384+0000] {spark_submit.py:634} INFO - at scala.collection.LinearSeqOps.foldLeft(LinearSeq.scala:183)
[2025-07-06T05:34:18.384+0000] {spark_submit.py:634} INFO - at scala.collection.LinearSeqOps.foldLeft$(LinearSeq.scala:179)
[2025-07-06T05:34:18.384+0000] {spark_submit.py:634} INFO - at scala.collection.immutable.List.foldLeft(List.scala:79)
[2025-07-06T05:34:18.384+0000] {spark_submit.py:634} INFO - at org.apache.spark.sql.catalyst.rules.RuleExecutor.$anonfun$execute$1(RuleExecutor.scala:239)
[2025-07-06T05:34:18.385+0000] {spark_submit.py:634} INFO - at org.apache.spark.sql.catalyst.rules.RuleExecutor.$anonfun$execute$1$adapted(RuleExecutor.scala:231)
[2025-07-06T05:34:18.385+0000] {spark_submit.py:634} INFO - at scala.collection.immutable.List.foreach(List.scala:334)
[2025-07-06T05:34:18.385+0000] {spark_submit.py:634} INFO - at org.apache.spark.sql.catalyst.rules.RuleExecutor.execute(RuleExecutor.scala:231)
[2025-07-06T05:34:18.385+0000] {spark_submit.py:634} INFO - at org.apache.spark.sql.catalyst.analysis.Analyzer.org$apache$spark$sql$catalyst$analysis$Analyzer$$executeSameContext(Analyzer.scala:290)
[2025-07-06T05:34:18.385+0000] {spark_submit.py:634} INFO - at org.apache.spark.sql.catalyst.analysis.Analyzer.$anonfun$execute$1(Analyzer.scala:286)
[2025-07-06T05:34:18.385+0000] {spark_submit.py:634} INFO - at org.apache.spark.sql.catalyst.analysis.AnalysisContext$.withNewAnalysisContext(Analyzer.scala:234)
[2025-07-06T05:34:18.385+0000] {spark_submit.py:634} INFO - at org.apache.spark.sql.catalyst.analysis.Analyzer.execute(Analyzer.scala:286)
[2025-07-06T05:34:18.385+0000] {spark_submit.py:634} INFO - at org.apache.spark.sql.catalyst.analysis.Analyzer.execute(Analyzer.scala:249)
[2025-07-06T05:34:18.385+0000] {spark_submit.py:634} INFO - at org.apache.spark.sql.catalyst.rules.RuleExecutor.$anonfun$executeAndTrack$1(RuleExecutor.scala:201)
[2025-07-06T05:34:18.385+0000] {spark_submit.py:634} INFO - at org.apache.spark.sql.catalyst.QueryPlanningTracker$.withTracker(QueryPlanningTracker.scala:89)
[2025-07-06T05:34:18.385+0000] {spark_submit.py:634} INFO - at org.apache.spark.sql.catalyst.rules.RuleExecutor.executeAndTrack(RuleExecutor.scala:201)
[2025-07-06T05:34:18.385+0000] {spark_submit.py:634} INFO - at org.apache.spark.sql.catalyst.analysis.resolver.HybridAnalyzer.resolveInFixedPoint(HybridAnalyzer.scala:190)
[2025-07-06T05:34:18.385+0000] {spark_submit.py:634} INFO - at org.apache.spark.sql.catalyst.analysis.resolver.HybridAnalyzer.$anonfun$apply$1(HybridAnalyzer.scala:76)
[2025-07-06T05:34:18.385+0000] {spark_submit.py:634} INFO - at org.apache.spark.sql.catalyst.analysis.resolver.HybridAnalyzer.withTrackedAnalyzerBridgeState(HybridAnalyzer.scala:111)
[2025-07-06T05:34:18.385+0000] {spark_submit.py:634} INFO - at org.apache.spark.sql.catalyst.analysis.resolver.HybridAnalyzer.apply(HybridAnalyzer.scala:71)
[2025-07-06T05:34:18.385+0000] {spark_submit.py:634} INFO - at org.apache.spark.sql.catalyst.analysis.Analyzer.$anonfun$executeAndCheck$1(Analyzer.scala:280)
[2025-07-06T05:34:18.385+0000] {spark_submit.py:634} INFO - at org.apache.spark.sql.catalyst.plans.logical.AnalysisHelper$.markInAnalyzer(AnalysisHelper.scala:423)
[2025-07-06T05:34:18.385+0000] {spark_submit.py:634} INFO - at org.apache.spark.sql.catalyst.analysis.Analyzer.executeAndCheck(Analyzer.scala:280)
[2025-07-06T05:34:18.385+0000] {spark_submit.py:634} INFO - at org.apache.spark.sql.execution.QueryExecution.$anonfun$lazyAnalyzed$2(QueryExecution.scala:110)
[2025-07-06T05:34:18.385+0000] {spark_submit.py:634} INFO - at org.apache.spark.sql.catalyst.QueryPlanningTracker.measurePhase(QueryPlanningTracker.scala:148)
[2025-07-06T05:34:18.385+0000] {spark_submit.py:634} INFO - at org.apache.spark.sql.execution.QueryExecution.$anonfun$executePhase$2(QueryExecution.scala:278)
[2025-07-06T05:34:18.386+0000] {spark_submit.py:634} INFO - at org.apache.spark.sql.execution.QueryExecution$.withInternalError(QueryExecution.scala:654)
[2025-07-06T05:34:18.386+0000] {spark_submit.py:634} INFO - at org.apache.spark.sql.execution.QueryExecution.$anonfun$executePhase$1(QueryExecution.scala:278)
[2025-07-06T05:34:18.386+0000] {spark_submit.py:634} INFO - at org.apache.spark.sql.SparkSession.withActive(SparkSession.scala:804)
[2025-07-06T05:34:18.386+0000] {spark_submit.py:634} INFO - at org.apache.spark.sql.execution.QueryExecution.executePhase(QueryExecution.scala:277)
[2025-07-06T05:34:18.386+0000] {spark_submit.py:634} INFO - at org.apache.spark.sql.execution.QueryExecution.$anonfun$lazyAnalyzed$1(QueryExecution.scala:110)
[2025-07-06T05:34:18.386+0000] {spark_submit.py:634} INFO - at scala.util.Try$.apply(Try.scala:217)
[2025-07-06T05:34:18.386+0000] {spark_submit.py:634} INFO - at org.apache.spark.util.Utils$.doTryWithCallerStacktrace(Utils.scala:1378)
[2025-07-06T05:34:18.386+0000] {spark_submit.py:634} INFO - at org.apache.spark.util.LazyTry.tryT$lzycompute(LazyTry.scala:46)
[2025-07-06T05:34:18.386+0000] {spark_submit.py:634} INFO - at org.apache.spark.util.LazyTry.tryT(LazyTry.scala:46)
[2025-07-06T05:34:18.386+0000] {spark_submit.py:634} INFO - at org.apache.spark.util.LazyTry.get(LazyTry.scala:58)
[2025-07-06T05:34:18.386+0000] {spark_submit.py:634} INFO - at org.apache.spark.sql.execution.QueryExecution.analyzed(QueryExecution.scala:121)
[2025-07-06T05:34:18.386+0000] {spark_submit.py:634} INFO - at org.apache.spark.sql.execution.QueryExecution.assertAnalyzed(QueryExecution.scala:80)
[2025-07-06T05:34:18.386+0000] {spark_submit.py:634} INFO - at org.apache.spark.sql.classic.Dataset$.$anonfun$ofRows$1(Dataset.scala:115)
[2025-07-06T05:34:18.386+0000] {spark_submit.py:634} INFO - at org.apache.spark.sql.SparkSession.withActive(SparkSession.scala:804)
[2025-07-06T05:34:18.386+0000] {spark_submit.py:634} INFO - at org.apache.spark.sql.classic.Dataset$.ofRows(Dataset.scala:113)
[2025-07-06T05:34:18.386+0000] {spark_submit.py:634} INFO - at org.apache.spark.sql.classic.DataFrameReader.load(DataFrameReader.scala:109)
[2025-07-06T05:34:18.386+0000] {spark_submit.py:634} INFO - at org.apache.spark.sql.classic.DataFrameReader.load(DataFrameReader.scala:58)
[2025-07-06T05:34:18.386+0000] {spark_submit.py:634} INFO - at org.apache.spark.sql.DataFrameReader.parquet(DataFrameReader.scala:457)
[2025-07-06T05:34:18.386+0000] {spark_submit.py:634} INFO - at org.apache.spark.sql.classic.DataFrameReader.parquet(DataFrameReader.scala:306)
[2025-07-06T05:34:18.386+0000] {spark_submit.py:634} INFO - at org.apache.spark.sql.classic.DataFrameReader.parquet(DataFrameReader.scala:58)
[2025-07-06T05:34:18.386+0000] {spark_submit.py:634} INFO - at java.base/jdk.internal.reflect.NativeMethodAccessorImpl.invoke0(Native Method)
[2025-07-06T05:34:18.386+0000] {spark_submit.py:634} INFO - at java.base/jdk.internal.reflect.NativeMethodAccessorImpl.invoke(NativeMethodAccessorImpl.java:77)
[2025-07-06T05:34:18.387+0000] {spark_submit.py:634} INFO - at java.base/jdk.internal.reflect.DelegatingMethodAccessorImpl.invoke(DelegatingMethodAccessorImpl.java:43)
[2025-07-06T05:34:18.387+0000] {spark_submit.py:634} INFO - at java.base/java.lang.reflect.Method.invoke(Method.java:569)
[2025-07-06T05:34:18.387+0000] {spark_submit.py:634} INFO - at py4j.reflection.MethodInvoker.invoke(MethodInvoker.java:244)
[2025-07-06T05:34:18.387+0000] {spark_submit.py:634} INFO - at py4j.reflection.ReflectionEngine.invoke(ReflectionEngine.java:374)
[2025-07-06T05:34:18.387+0000] {spark_submit.py:634} INFO - at py4j.Gateway.invoke(Gateway.java:282)
[2025-07-06T05:34:18.387+0000] {spark_submit.py:634} INFO - at py4j.commands.AbstractCommand.invokeMethod(AbstractCommand.java:132)
[2025-07-06T05:34:18.387+0000] {spark_submit.py:634} INFO - at py4j.commands.CallCommand.execute(CallCommand.java:79)
[2025-07-06T05:34:18.387+0000] {spark_submit.py:634} INFO - at py4j.ClientServerConnection.waitForCommands(ClientServerConnection.java:184)
[2025-07-06T05:34:18.387+0000] {spark_submit.py:634} INFO - at py4j.ClientServerConnection.run(ClientServerConnection.java:108)
[2025-07-06T05:34:18.387+0000] {spark_submit.py:634} INFO - at java.base/java.lang.Thread.run(Thread.java:840)
[2025-07-06T05:34:18.495+0000] {spark_submit.py:634} INFO - Traceback (most recent call last):
[2025-07-06T05:34:18.496+0000] {spark_submit.py:634} INFO - File "/opt/***/spark_project/src/spark/spark_main.py", line 73, in <module>
[2025-07-06T05:34:18.496+0000] {spark_submit.py:634} INFO - main()
[2025-07-06T05:34:18.496+0000] {spark_submit.py:634} INFO - File "/opt/***/spark_project/src/spark/spark_main.py", line 28, in main
[2025-07-06T05:34:18.496+0000] {spark_submit.py:634} INFO - parquet_file = spark_connect.spark.read.parquet("../../data/1.parquet")
[2025-07-06T05:34:18.496+0000] {spark_submit.py:634} INFO - ^^^^^^^^^^^^^^^^^^^^^^^^^^^^^^^^^^^^^^^^^^^^^^^^^^^^^^^^
[2025-07-06T05:34:18.496+0000] {spark_submit.py:634} INFO - File "/home/***/.local/lib/python3.11/site-packages/pyspark/python/lib/pyspark.zip/pyspark/sql/readwriter.py", line 642, in parquet
[2025-07-06T05:34:18.497+0000] {spark_submit.py:634} INFO - File "/home/***/.local/lib/python3.11/site-packages/pyspark/python/lib/py4j-0.10.9.9-src.zip/py4j/java_gateway.py", line 1362, in __call__
[2025-07-06T05:34:18.497+0000] {spark_submit.py:634} INFO - File "/home/***/.local/lib/python3.11/site-packages/pyspark/python/lib/pyspark.zip/pyspark/errors/exceptions/captured.py", line 288, in deco
[2025-07-06T05:34:18.504+0000] {spark_submit.py:634} INFO - pyspark.errors.exceptions.captured.AnalysisException: [PATH_NOT_FOUND] Path does not exist: file:/data/1.parquet. SQLSTATE: 42K03
[2025-07-06T05:34:18.686+0000] {taskinstance.py:441} INFO - ::group::Post task execution logs
[2025-07-06T05:34:18.693+0000] {taskinstance.py:2890} ERROR - Task failed with exception
Traceback (most recent call last):
  File "/home/airflow/.local/lib/python3.11/site-packages/airflow/models/taskinstance.py", line 465, in _execute_task
    result = _execute_callable(context=context, **execute_callable_kwargs)
             ^^^^^^^^^^^^^^^^^^^^^^^^^^^^^^^^^^^^^^^^^^^^^^^^^^^^^^^^^^^^^
  File "/home/airflow/.local/lib/python3.11/site-packages/airflow/models/taskinstance.py", line 432, in _execute_callable
    return execute_callable(context=context, **execute_callable_kwargs)
           ^^^^^^^^^^^^^^^^^^^^^^^^^^^^^^^^^^^^^^^^^^^^^^^^^^^^^^^^^^^^
  File "/home/airflow/.local/lib/python3.11/site-packages/airflow/models/baseoperator.py", line 400, in wrapper
    return func(self, *args, **kwargs)
           ^^^^^^^^^^^^^^^^^^^^^^^^^^^
  File "/home/airflow/.local/lib/python3.11/site-packages/airflow/providers/apache/spark/operators/spark_submit.py", line 176, in execute
    self._hook.submit(self.application)
  File "/home/airflow/.local/lib/python3.11/site-packages/airflow/providers/apache/spark/hooks/spark_submit.py", line 560, in submit
    raise AirflowException(
airflow.exceptions.AirflowException: Cannot execute: spark-submit --master local[*] --conf spark.master=local[*] --name arrow-spark --queue root.default --deploy-mode client /opt/***/spark_project/src/spark/spark_main.py. Error code is: 1.
[2025-07-06T05:34:18.697+0000] {taskinstance.py:1205} INFO - Marking task as FAILED. dag_id=my_spark_inline, task_id=spark_write_data, execution_date=20250706T051258, start_date=20250706T053410, end_date=20250706T053418
[2025-07-06T05:34:18.704+0000] {standard_task_runner.py:110} ERROR - Failed to execute job 37 for task spark_write_data (Cannot execute: spark-submit --master local[*] --conf spark.master=local[*] --name arrow-spark --queue root.default --deploy-mode client /opt/***/spark_project/src/spark/spark_main.py. Error code is: 1.; 1699)
[2025-07-06T05:34:18.720+0000] {local_task_job_runner.py:240} INFO - Task exited with return code 1
[2025-07-06T05:34:18.732+0000] {taskinstance.py:3482} INFO - 0 downstream tasks scheduled from follow-on schedule check
[2025-07-06T05:34:18.732+0000] {local_task_job_runner.py:222} INFO - ::endgroup::
