[2025-07-06T12:37:41.123+0000] {local_task_job_runner.py:120} INFO - ::group::Pre task execution logs
[2025-07-06T12:37:41.147+0000] {taskinstance.py:2073} INFO - Dependencies all met for dep_context=non-requeueable deps ti=<TaskInstance: my_spark_inline.spark_write_data manual__2025-07-06T05:12:58.943989+00:00 [queued]>
[2025-07-06T12:37:41.254+0000] {taskinstance.py:2073} INFO - Dependencies all met for dep_context=requeueable deps ti=<TaskInstance: my_spark_inline.spark_write_data manual__2025-07-06T05:12:58.943989+00:00 [queued]>
[2025-07-06T12:37:41.255+0000] {taskinstance.py:2303} INFO - Starting attempt 33 of 33
[2025-07-06T12:37:41.270+0000] {taskinstance.py:2327} INFO - Executing <Task(SparkSubmitOperator): spark_write_data> on 2025-07-06 05:12:58.943989+00:00
[2025-07-06T12:37:41.275+0000] {standard_task_runner.py:63} INFO - Started process 3484 to run task
[2025-07-06T12:37:41.276+0000] {standard_task_runner.py:90} INFO - Running: ['***', 'tasks', 'run', 'my_spark_inline', 'spark_write_data', 'manual__2025-07-06T05:12:58.943989+00:00', '--job-id', '67', '--raw', '--subdir', 'DAGS_FOLDER/test_spark.py', '--cfg-path', '/tmp/tmpsbhlsyvc']
[2025-07-06T12:37:41.278+0000] {standard_task_runner.py:91} INFO - Job 67: Subtask spark_write_data
[2025-07-06T12:37:41.292+0000] {logging_mixin.py:188} WARNING - /home/***/.local/lib/python3.11/site-packages/***/settings.py:195 DeprecationWarning: The sql_alchemy_conn option in [core] has been moved to the sql_alchemy_conn option in [database] - the old setting has been used, but please update your config.
[2025-07-06T12:37:41.310+0000] {task_command.py:426} INFO - Running <TaskInstance: my_spark_inline.spark_write_data manual__2025-07-06T05:12:58.943989+00:00 [running]> on host 320a39989f12
[2025-07-06T12:37:41.361+0000] {taskinstance.py:2644} INFO - Exporting env vars: AIRFLOW_CTX_DAG_OWNER='***' AIRFLOW_CTX_DAG_ID='my_spark_inline' AIRFLOW_CTX_TASK_ID='spark_write_data' AIRFLOW_CTX_EXECUTION_DATE='2025-07-06T05:12:58.943989+00:00' AIRFLOW_CTX_TRY_NUMBER='33' AIRFLOW_CTX_DAG_RUN_ID='manual__2025-07-06T05:12:58.943989+00:00'
[2025-07-06T12:37:41.362+0000] {taskinstance.py:430} INFO - ::endgroup::
[2025-07-06T12:37:41.376+0000] {base.py:84} INFO - Using connection ID 'spark-master' for task execution.
[2025-07-06T12:37:41.377+0000] {spark_submit.py:473} INFO - Spark-Submit cmd: spark-submit --master spark-master:7077 --conf spark.hadoop.fs.s3a.connection.timeout=60000 --conf spark.hadoop.fs.s3a.connection.establish.timeout=60000 --conf spark.hadoop.fs.s3a.attempts.maximum=3 --packages com.clickhouse:clickhouse-jdbc:0.6.4,org.apache.httpcomponents.client5:httpclient5:5.3.1,org.apache.hadoop:hadoop-aws:3.3.5,com.amazonaws:aws-java-sdk-bundle:1.12.674 --name arrow-spark --deploy-mode client /opt/***/spark_project/src/spark/spark_main.py
[2025-07-06T12:37:41.586+0000] {spark_submit.py:634} INFO - WARNING: Using incubator modules: jdk.incubator.vector
[2025-07-06T12:37:43.047+0000] {spark_submit.py:634} INFO - :: loading settings :: url = jar:file:/home/***/.local/lib/python3.11/site-packages/pyspark/jars/ivy-2.5.3.jar!/org/apache/ivy/core/settings/ivysettings.xml
[2025-07-06T12:37:43.139+0000] {spark_submit.py:634} INFO - Ivy Default Cache set to: /home/***/.ivy2.5.2/cache
[2025-07-06T12:37:43.139+0000] {spark_submit.py:634} INFO - The jars for the packages stored in: /home/***/.ivy2.5.2/jars
[2025-07-06T12:37:43.141+0000] {spark_submit.py:634} INFO - com.clickhouse#clickhouse-jdbc added as a dependency
[2025-07-06T12:37:43.142+0000] {spark_submit.py:634} INFO - org.apache.httpcomponents.client5#httpclient5 added as a dependency
[2025-07-06T12:37:43.142+0000] {spark_submit.py:634} INFO - org.apache.hadoop#hadoop-aws added as a dependency
[2025-07-06T12:37:43.142+0000] {spark_submit.py:634} INFO - com.amazonaws#aws-java-sdk-bundle added as a dependency
[2025-07-06T12:37:43.142+0000] {spark_submit.py:634} INFO - :: resolving dependencies :: org.apache.spark#spark-submit-parent-c309238d-1589-4740-82f0-721672d7d4f2;1.0
[2025-07-06T12:37:43.142+0000] {spark_submit.py:634} INFO - confs: [default]
[2025-07-06T12:37:43.274+0000] {spark_submit.py:634} INFO - found com.clickhouse#clickhouse-jdbc;0.6.4 in central
[2025-07-06T12:37:43.345+0000] {spark_submit.py:634} INFO - found org.apache.httpcomponents.client5#httpclient5;5.3.1 in central
[2025-07-06T12:37:43.360+0000] {spark_submit.py:634} INFO - found org.apache.httpcomponents.core5#httpcore5;5.2.4 in central
[2025-07-06T12:37:43.438+0000] {spark_submit.py:634} INFO - found org.apache.httpcomponents.core5#httpcore5-h2;5.2.4 in central
[2025-07-06T12:37:43.449+0000] {spark_submit.py:634} INFO - found org.slf4j#slf4j-api;1.7.36 in central
[2025-07-06T12:37:43.537+0000] {spark_submit.py:634} INFO - found org.apache.hadoop#hadoop-aws;3.3.5 in central
[2025-07-06T12:37:43.549+0000] {spark_submit.py:634} INFO - found org.wildfly.openssl#wildfly-openssl;1.1.3.Final in central
[2025-07-06T12:37:43.555+0000] {spark_submit.py:634} INFO - found com.amazonaws#aws-java-sdk-bundle;1.12.674 in central
[2025-07-06T12:37:43.638+0000] {spark_submit.py:634} INFO - :: resolution report :: resolve 486ms :: artifacts dl 10ms
[2025-07-06T12:37:43.638+0000] {spark_submit.py:634} INFO - :: modules in use:
[2025-07-06T12:37:43.638+0000] {spark_submit.py:634} INFO - com.amazonaws#aws-java-sdk-bundle;1.12.674 from central in [default]
[2025-07-06T12:37:43.639+0000] {spark_submit.py:634} INFO - com.clickhouse#clickhouse-jdbc;0.6.4 from central in [default]
[2025-07-06T12:37:43.639+0000] {spark_submit.py:634} INFO - org.apache.hadoop#hadoop-aws;3.3.5 from central in [default]
[2025-07-06T12:37:43.639+0000] {spark_submit.py:634} INFO - org.apache.httpcomponents.client5#httpclient5;5.3.1 from central in [default]
[2025-07-06T12:37:43.639+0000] {spark_submit.py:634} INFO - org.apache.httpcomponents.core5#httpcore5;5.2.4 from central in [default]
[2025-07-06T12:37:43.639+0000] {spark_submit.py:634} INFO - org.apache.httpcomponents.core5#httpcore5-h2;5.2.4 from central in [default]
[2025-07-06T12:37:43.639+0000] {spark_submit.py:634} INFO - org.slf4j#slf4j-api;1.7.36 from central in [default]
[2025-07-06T12:37:43.639+0000] {spark_submit.py:634} INFO - org.wildfly.openssl#wildfly-openssl;1.1.3.Final from central in [default]
[2025-07-06T12:37:43.639+0000] {spark_submit.py:634} INFO - :: evicted modules:
[2025-07-06T12:37:43.639+0000] {spark_submit.py:634} INFO - com.amazonaws#aws-java-sdk-bundle;1.12.316 by [com.amazonaws#aws-java-sdk-bundle;1.12.674] in [default]
[2025-07-06T12:37:43.640+0000] {spark_submit.py:634} INFO - ---------------------------------------------------------------------
[2025-07-06T12:37:43.640+0000] {spark_submit.py:634} INFO - |                  |            modules            ||   artifacts   |
[2025-07-06T12:37:43.640+0000] {spark_submit.py:634} INFO - |       conf       | number| search|dwnlded|evicted|| number|dwnlded|
[2025-07-06T12:37:43.640+0000] {spark_submit.py:634} INFO - ---------------------------------------------------------------------
[2025-07-06T12:37:43.640+0000] {spark_submit.py:634} INFO - |      default     |   9   |   0   |   0   |   1   ||   8   |   0   |
[2025-07-06T12:37:43.640+0000] {spark_submit.py:634} INFO - ---------------------------------------------------------------------
[2025-07-06T12:37:43.641+0000] {spark_submit.py:634} INFO - :: retrieving :: org.apache.spark#spark-submit-parent-c309238d-1589-4740-82f0-721672d7d4f2
[2025-07-06T12:37:43.641+0000] {spark_submit.py:634} INFO - confs: [default]
[2025-07-06T12:37:43.645+0000] {spark_submit.py:634} INFO - 0 artifacts copied, 8 already retrieved (0kB/4ms)
[2025-07-06T12:37:43.938+0000] {spark_submit.py:634} INFO - 25/07/06 12:37:43 WARN NativeCodeLoader: Unable to load native-hadoop library for your platform... using builtin-java classes where applicable
[2025-07-06T12:37:45.345+0000] {spark_submit.py:634} INFO - Using Spark's default log4j profile: org/apache/spark/log4j2-defaults.properties
[2025-07-06T12:37:45.349+0000] {spark_submit.py:634} INFO - 25/07/06 12:37:45 INFO SparkContext: Running Spark version 4.0.0
[2025-07-06T12:37:45.350+0000] {spark_submit.py:634} INFO - 25/07/06 12:37:45 INFO SparkContext: OS info Linux, 6.8.0-60-generic, amd64
[2025-07-06T12:37:45.350+0000] {spark_submit.py:634} INFO - 25/07/06 12:37:45 INFO SparkContext: Java version 17.0.15
[2025-07-06T12:37:45.425+0000] {spark_submit.py:634} INFO - 25/07/06 12:37:45 INFO ResourceUtils: ==============================================================
[2025-07-06T12:37:45.425+0000] {spark_submit.py:634} INFO - 25/07/06 12:37:45 INFO ResourceUtils: No custom resources configured for spark.driver.
[2025-07-06T12:37:45.426+0000] {spark_submit.py:634} INFO - 25/07/06 12:37:45 INFO ResourceUtils: ==============================================================
[2025-07-06T12:37:45.427+0000] {spark_submit.py:634} INFO - 25/07/06 12:37:45 INFO SparkContext: Submitted application: thanhdz
[2025-07-06T12:37:45.443+0000] {spark_submit.py:634} INFO - 25/07/06 12:37:45 INFO ResourceProfile: Default ResourceProfile created, executor resources: Map(cores -> name: cores, amount: 2, script: , vendor: , memory -> name: memory, amount: 4096, script: , vendor: , offHeap -> name: offHeap, amount: 0, script: , vendor: ), task resources: Map(cpus -> name: cpus, amount: 1.0)
[2025-07-06T12:37:45.447+0000] {spark_submit.py:634} INFO - 25/07/06 12:37:45 INFO ResourceProfile: Limiting resource is cpus at 2 tasks per executor
[2025-07-06T12:37:45.448+0000] {spark_submit.py:634} INFO - 25/07/06 12:37:45 INFO ResourceProfileManager: Added ResourceProfile id: 0
[2025-07-06T12:37:45.536+0000] {spark_submit.py:634} INFO - 25/07/06 12:37:45 INFO SecurityManager: Changing view acls to: ***
[2025-07-06T12:37:45.537+0000] {spark_submit.py:634} INFO - 25/07/06 12:37:45 INFO SecurityManager: Changing modify acls to: ***
[2025-07-06T12:37:45.537+0000] {spark_submit.py:634} INFO - 25/07/06 12:37:45 INFO SecurityManager: Changing view acls groups to: ***
[2025-07-06T12:37:45.537+0000] {spark_submit.py:634} INFO - 25/07/06 12:37:45 INFO SecurityManager: Changing modify acls groups to: ***
[2025-07-06T12:37:45.538+0000] {spark_submit.py:634} INFO - 25/07/06 12:37:45 INFO SecurityManager: SecurityManager: authentication disabled; ui acls disabled; users with view permissions: *** groups with view permissions: EMPTY; users with modify permissions: ***; groups with modify permissions: EMPTY; RPC SSL disabled
[2025-07-06T12:37:45.761+0000] {spark_submit.py:634} INFO - 25/07/06 12:37:45 INFO Utils: Successfully started service 'sparkDriver' on port 43389.
[2025-07-06T12:37:45.783+0000] {spark_submit.py:634} INFO - 25/07/06 12:37:45 INFO SparkEnv: Registering MapOutputTracker
[2025-07-06T12:37:45.792+0000] {spark_submit.py:634} INFO - 25/07/06 12:37:45 INFO SparkEnv: Registering BlockManagerMaster
[2025-07-06T12:37:45.831+0000] {spark_submit.py:634} INFO - 25/07/06 12:37:45 INFO BlockManagerMasterEndpoint: Using org.apache.spark.storage.DefaultTopologyMapper for getting topology information
[2025-07-06T12:37:45.831+0000] {spark_submit.py:634} INFO - 25/07/06 12:37:45 INFO BlockManagerMasterEndpoint: BlockManagerMasterEndpoint up
[2025-07-06T12:37:45.834+0000] {spark_submit.py:634} INFO - 25/07/06 12:37:45 INFO SparkEnv: Registering BlockManagerMasterHeartbeat
[2025-07-06T12:37:45.847+0000] {spark_submit.py:634} INFO - 25/07/06 12:37:45 INFO DiskBlockManager: Created local directory at /tmp/blockmgr-f071d4f2-7550-4e33-9ca2-38033145a8fd
[2025-07-06T12:37:45.860+0000] {spark_submit.py:634} INFO - 25/07/06 12:37:45 INFO SparkEnv: Registering OutputCommitCoordinator
[2025-07-06T12:37:46.053+0000] {spark_submit.py:634} INFO - 25/07/06 12:37:46 INFO JettyUtils: Start Jetty 0.0.0.0:4040 for SparkUI
[2025-07-06T12:37:46.151+0000] {spark_submit.py:634} INFO - 25/07/06 12:37:46 INFO Utils: Successfully started service 'SparkUI' on port 4040.
[2025-07-06T12:37:46.225+0000] {spark_submit.py:634} INFO - 25/07/06 12:37:46 INFO SparkContext: Added JAR file:///home/***/.ivy2.5.2/jars/com.clickhouse_clickhouse-jdbc-0.6.4.jar at spark://320a39989f12:43389/jars/com.clickhouse_clickhouse-jdbc-0.6.4.jar with timestamp 1751805465341
[2025-07-06T12:37:46.225+0000] {spark_submit.py:634} INFO - 25/07/06 12:37:46 INFO SparkContext: Added JAR file:///home/***/.ivy2.5.2/jars/org.apache.httpcomponents.client5_httpclient5-5.3.1.jar at spark://320a39989f12:43389/jars/org.apache.httpcomponents.client5_httpclient5-5.3.1.jar with timestamp 1751805465341
[2025-07-06T12:37:46.225+0000] {spark_submit.py:634} INFO - 25/07/06 12:37:46 INFO SparkContext: Added JAR file:///home/***/.ivy2.5.2/jars/org.apache.hadoop_hadoop-aws-3.3.5.jar at spark://320a39989f12:43389/jars/org.apache.hadoop_hadoop-aws-3.3.5.jar with timestamp 1751805465341
[2025-07-06T12:37:46.225+0000] {spark_submit.py:634} INFO - 25/07/06 12:37:46 INFO SparkContext: Added JAR file:///home/***/.ivy2.5.2/jars/com.amazonaws_aws-java-sdk-bundle-1.12.674.jar at spark://320a39989f12:43389/jars/com.amazonaws_aws-java-sdk-bundle-1.12.674.jar with timestamp 1751805465341
[2025-07-06T12:37:46.226+0000] {spark_submit.py:634} INFO - 25/07/06 12:37:46 INFO SparkContext: Added JAR file:///home/***/.ivy2.5.2/jars/org.apache.httpcomponents.core5_httpcore5-5.2.4.jar at spark://320a39989f12:43389/jars/org.apache.httpcomponents.core5_httpcore5-5.2.4.jar with timestamp 1751805465341
[2025-07-06T12:37:46.226+0000] {spark_submit.py:634} INFO - 25/07/06 12:37:46 INFO SparkContext: Added JAR file:///home/***/.ivy2.5.2/jars/org.apache.httpcomponents.core5_httpcore5-h2-5.2.4.jar at spark://320a39989f12:43389/jars/org.apache.httpcomponents.core5_httpcore5-h2-5.2.4.jar with timestamp 1751805465341
[2025-07-06T12:37:46.226+0000] {spark_submit.py:634} INFO - 25/07/06 12:37:46 INFO SparkContext: Added JAR file:///home/***/.ivy2.5.2/jars/org.slf4j_slf4j-api-1.7.36.jar at spark://320a39989f12:43389/jars/org.slf4j_slf4j-api-1.7.36.jar with timestamp 1751805465341
[2025-07-06T12:37:46.226+0000] {spark_submit.py:634} INFO - 25/07/06 12:37:46 INFO SparkContext: Added JAR file:///home/***/.ivy2.5.2/jars/org.wildfly.openssl_wildfly-openssl-1.1.3.Final.jar at spark://320a39989f12:43389/jars/org.wildfly.openssl_wildfly-openssl-1.1.3.Final.jar with timestamp 1751805465341
[2025-07-06T12:37:46.228+0000] {spark_submit.py:634} INFO - 25/07/06 12:37:46 INFO SparkContext: Added file file:///home/***/.ivy2.5.2/jars/com.clickhouse_clickhouse-jdbc-0.6.4.jar at file:///home/***/.ivy2.5.2/jars/com.clickhouse_clickhouse-jdbc-0.6.4.jar with timestamp 1751805465341
[2025-07-06T12:37:46.230+0000] {spark_submit.py:634} INFO - 25/07/06 12:37:46 INFO Utils: Copying /home/***/.ivy2.5.2/jars/com.clickhouse_clickhouse-jdbc-0.6.4.jar to /tmp/spark-27bbdaeb-4f2d-489e-bf44-1411804bd190/userFiles-f2cccec5-e39b-4a0e-a9b4-fea7ccb4d03d/com.clickhouse_clickhouse-jdbc-0.6.4.jar
[2025-07-06T12:37:46.238+0000] {spark_submit.py:634} INFO - 25/07/06 12:37:46 INFO SparkContext: Added file file:///home/***/.ivy2.5.2/jars/org.apache.httpcomponents.client5_httpclient5-5.3.1.jar at file:///home/***/.ivy2.5.2/jars/org.apache.httpcomponents.client5_httpclient5-5.3.1.jar with timestamp 1751805465341
[2025-07-06T12:37:46.239+0000] {spark_submit.py:634} INFO - 25/07/06 12:37:46 INFO Utils: Copying /home/***/.ivy2.5.2/jars/org.apache.httpcomponents.client5_httpclient5-5.3.1.jar to /tmp/spark-27bbdaeb-4f2d-489e-bf44-1411804bd190/userFiles-f2cccec5-e39b-4a0e-a9b4-fea7ccb4d03d/org.apache.httpcomponents.client5_httpclient5-5.3.1.jar
[2025-07-06T12:37:46.245+0000] {spark_submit.py:634} INFO - 25/07/06 12:37:46 INFO SparkContext: Added file file:///home/***/.ivy2.5.2/jars/org.apache.hadoop_hadoop-aws-3.3.5.jar at file:///home/***/.ivy2.5.2/jars/org.apache.hadoop_hadoop-aws-3.3.5.jar with timestamp 1751805465341
[2025-07-06T12:37:46.245+0000] {spark_submit.py:634} INFO - 25/07/06 12:37:46 INFO Utils: Copying /home/***/.ivy2.5.2/jars/org.apache.hadoop_hadoop-aws-3.3.5.jar to /tmp/spark-27bbdaeb-4f2d-489e-bf44-1411804bd190/userFiles-f2cccec5-e39b-4a0e-a9b4-fea7ccb4d03d/org.apache.hadoop_hadoop-aws-3.3.5.jar
[2025-07-06T12:37:46.250+0000] {spark_submit.py:634} INFO - 25/07/06 12:37:46 INFO SparkContext: Added file file:///home/***/.ivy2.5.2/jars/com.amazonaws_aws-java-sdk-bundle-1.12.674.jar at file:///home/***/.ivy2.5.2/jars/com.amazonaws_aws-java-sdk-bundle-1.12.674.jar with timestamp 1751805465341
[2025-07-06T12:37:46.250+0000] {spark_submit.py:634} INFO - 25/07/06 12:37:46 INFO Utils: Copying /home/***/.ivy2.5.2/jars/com.amazonaws_aws-java-sdk-bundle-1.12.674.jar to /tmp/spark-27bbdaeb-4f2d-489e-bf44-1411804bd190/userFiles-f2cccec5-e39b-4a0e-a9b4-fea7ccb4d03d/com.amazonaws_aws-java-sdk-bundle-1.12.674.jar
[2025-07-06T12:37:46.430+0000] {spark_submit.py:634} INFO - 25/07/06 12:37:46 INFO SparkContext: Added file file:///home/***/.ivy2.5.2/jars/org.apache.httpcomponents.core5_httpcore5-5.2.4.jar at file:///home/***/.ivy2.5.2/jars/org.apache.httpcomponents.core5_httpcore5-5.2.4.jar with timestamp 1751805465341
[2025-07-06T12:37:46.431+0000] {spark_submit.py:634} INFO - 25/07/06 12:37:46 INFO Utils: Copying /home/***/.ivy2.5.2/jars/org.apache.httpcomponents.core5_httpcore5-5.2.4.jar to /tmp/spark-27bbdaeb-4f2d-489e-bf44-1411804bd190/userFiles-f2cccec5-e39b-4a0e-a9b4-fea7ccb4d03d/org.apache.httpcomponents.core5_httpcore5-5.2.4.jar
[2025-07-06T12:37:46.437+0000] {spark_submit.py:634} INFO - 25/07/06 12:37:46 INFO SparkContext: Added file file:///home/***/.ivy2.5.2/jars/org.apache.httpcomponents.core5_httpcore5-h2-5.2.4.jar at file:///home/***/.ivy2.5.2/jars/org.apache.httpcomponents.core5_httpcore5-h2-5.2.4.jar with timestamp 1751805465341
[2025-07-06T12:37:46.438+0000] {spark_submit.py:634} INFO - 25/07/06 12:37:46 INFO Utils: Copying /home/***/.ivy2.5.2/jars/org.apache.httpcomponents.core5_httpcore5-h2-5.2.4.jar to /tmp/spark-27bbdaeb-4f2d-489e-bf44-1411804bd190/userFiles-f2cccec5-e39b-4a0e-a9b4-fea7ccb4d03d/org.apache.httpcomponents.core5_httpcore5-h2-5.2.4.jar
[2025-07-06T12:37:46.442+0000] {spark_submit.py:634} INFO - 25/07/06 12:37:46 INFO SparkContext: Added file file:///home/***/.ivy2.5.2/jars/org.slf4j_slf4j-api-1.7.36.jar at file:///home/***/.ivy2.5.2/jars/org.slf4j_slf4j-api-1.7.36.jar with timestamp 1751805465341
[2025-07-06T12:37:46.442+0000] {spark_submit.py:634} INFO - 25/07/06 12:37:46 INFO Utils: Copying /home/***/.ivy2.5.2/jars/org.slf4j_slf4j-api-1.7.36.jar to /tmp/spark-27bbdaeb-4f2d-489e-bf44-1411804bd190/userFiles-f2cccec5-e39b-4a0e-a9b4-fea7ccb4d03d/org.slf4j_slf4j-api-1.7.36.jar
[2025-07-06T12:37:46.447+0000] {spark_submit.py:634} INFO - 25/07/06 12:37:46 INFO SparkContext: Added file file:///home/***/.ivy2.5.2/jars/org.wildfly.openssl_wildfly-openssl-1.1.3.Final.jar at file:///home/***/.ivy2.5.2/jars/org.wildfly.openssl_wildfly-openssl-1.1.3.Final.jar with timestamp 1751805465341
[2025-07-06T12:37:46.447+0000] {spark_submit.py:634} INFO - 25/07/06 12:37:46 INFO Utils: Copying /home/***/.ivy2.5.2/jars/org.wildfly.openssl_wildfly-openssl-1.1.3.Final.jar to /tmp/spark-27bbdaeb-4f2d-489e-bf44-1411804bd190/userFiles-f2cccec5-e39b-4a0e-a9b4-fea7ccb4d03d/org.wildfly.openssl_wildfly-openssl-1.1.3.Final.jar
[2025-07-06T12:37:46.463+0000] {spark_submit.py:634} INFO - 25/07/06 12:37:46 INFO SecurityManager: Changing view acls to: ***
[2025-07-06T12:37:46.464+0000] {spark_submit.py:634} INFO - 25/07/06 12:37:46 INFO SecurityManager: Changing modify acls to: ***
[2025-07-06T12:37:46.464+0000] {spark_submit.py:634} INFO - 25/07/06 12:37:46 INFO SecurityManager: Changing view acls groups to: ***
[2025-07-06T12:37:46.464+0000] {spark_submit.py:634} INFO - 25/07/06 12:37:46 INFO SecurityManager: Changing modify acls groups to: ***
[2025-07-06T12:37:46.464+0000] {spark_submit.py:634} INFO - 25/07/06 12:37:46 INFO SecurityManager: SecurityManager: authentication disabled; ui acls disabled; users with view permissions: *** groups with view permissions: EMPTY; users with modify permissions: ***; groups with modify permissions: EMPTY; RPC SSL disabled
[2025-07-06T12:37:46.648+0000] {spark_submit.py:634} INFO - 25/07/06 12:37:46 INFO Executor: Starting executor ID driver on host 320a39989f12
[2025-07-06T12:37:46.648+0000] {spark_submit.py:634} INFO - 25/07/06 12:37:46 INFO Executor: OS info Linux, 6.8.0-60-generic, amd64
[2025-07-06T12:37:46.648+0000] {spark_submit.py:634} INFO - 25/07/06 12:37:46 INFO Executor: Java version 17.0.15
[2025-07-06T12:37:46.654+0000] {spark_submit.py:634} INFO - 25/07/06 12:37:46 INFO Executor: Starting executor with user classpath (userClassPathFirst = false): ''
[2025-07-06T12:37:46.655+0000] {spark_submit.py:634} INFO - 25/07/06 12:37:46 INFO Executor: Created or updated repl class loader org.apache.spark.util.MutableURLClassLoader@4f87f496 for default.
[2025-07-06T12:37:46.662+0000] {spark_submit.py:634} INFO - 25/07/06 12:37:46 INFO Executor: Fetching file:///home/***/.ivy2.5.2/jars/org.apache.hadoop_hadoop-aws-3.3.5.jar with timestamp 1751805465341
[2025-07-06T12:37:46.673+0000] {spark_submit.py:634} INFO - 25/07/06 12:37:46 INFO Utils: /home/***/.ivy2.5.2/jars/org.apache.hadoop_hadoop-aws-3.3.5.jar has been previously copied to /tmp/spark-27bbdaeb-4f2d-489e-bf44-1411804bd190/userFiles-f2cccec5-e39b-4a0e-a9b4-fea7ccb4d03d/org.apache.hadoop_hadoop-aws-3.3.5.jar
[2025-07-06T12:37:46.676+0000] {spark_submit.py:634} INFO - 25/07/06 12:37:46 INFO Executor: Fetching file:///home/***/.ivy2.5.2/jars/com.clickhouse_clickhouse-jdbc-0.6.4.jar with timestamp 1751805465341
[2025-07-06T12:37:46.677+0000] {spark_submit.py:634} INFO - 25/07/06 12:37:46 INFO Utils: /home/***/.ivy2.5.2/jars/com.clickhouse_clickhouse-jdbc-0.6.4.jar has been previously copied to /tmp/spark-27bbdaeb-4f2d-489e-bf44-1411804bd190/userFiles-f2cccec5-e39b-4a0e-a9b4-fea7ccb4d03d/com.clickhouse_clickhouse-jdbc-0.6.4.jar
[2025-07-06T12:37:46.727+0000] {spark_submit.py:634} INFO - 25/07/06 12:37:46 INFO Executor: Fetching file:///home/***/.ivy2.5.2/jars/org.apache.httpcomponents.client5_httpclient5-5.3.1.jar with timestamp 1751805465341
[2025-07-06T12:37:46.728+0000] {spark_submit.py:634} INFO - 25/07/06 12:37:46 INFO Utils: /home/***/.ivy2.5.2/jars/org.apache.httpcomponents.client5_httpclient5-5.3.1.jar has been previously copied to /tmp/spark-27bbdaeb-4f2d-489e-bf44-1411804bd190/userFiles-f2cccec5-e39b-4a0e-a9b4-fea7ccb4d03d/org.apache.httpcomponents.client5_httpclient5-5.3.1.jar
[2025-07-06T12:37:46.733+0000] {spark_submit.py:634} INFO - 25/07/06 12:37:46 INFO Executor: Fetching file:///home/***/.ivy2.5.2/jars/org.apache.httpcomponents.core5_httpcore5-5.2.4.jar with timestamp 1751805465341
[2025-07-06T12:37:46.734+0000] {spark_submit.py:634} INFO - 25/07/06 12:37:46 INFO Utils: /home/***/.ivy2.5.2/jars/org.apache.httpcomponents.core5_httpcore5-5.2.4.jar has been previously copied to /tmp/spark-27bbdaeb-4f2d-489e-bf44-1411804bd190/userFiles-f2cccec5-e39b-4a0e-a9b4-fea7ccb4d03d/org.apache.httpcomponents.core5_httpcore5-5.2.4.jar
[2025-07-06T12:37:46.737+0000] {spark_submit.py:634} INFO - 25/07/06 12:37:46 INFO Executor: Fetching file:///home/***/.ivy2.5.2/jars/org.wildfly.openssl_wildfly-openssl-1.1.3.Final.jar with timestamp 1751805465341
[2025-07-06T12:37:46.737+0000] {spark_submit.py:634} INFO - 25/07/06 12:37:46 INFO Utils: /home/***/.ivy2.5.2/jars/org.wildfly.openssl_wildfly-openssl-1.1.3.Final.jar has been previously copied to /tmp/spark-27bbdaeb-4f2d-489e-bf44-1411804bd190/userFiles-f2cccec5-e39b-4a0e-a9b4-fea7ccb4d03d/org.wildfly.openssl_wildfly-openssl-1.1.3.Final.jar
[2025-07-06T12:37:46.742+0000] {spark_submit.py:634} INFO - 25/07/06 12:37:46 INFO Executor: Fetching file:///home/***/.ivy2.5.2/jars/org.apache.httpcomponents.core5_httpcore5-h2-5.2.4.jar with timestamp 1751805465341
[2025-07-06T12:37:46.743+0000] {spark_submit.py:634} INFO - 25/07/06 12:37:46 INFO Utils: /home/***/.ivy2.5.2/jars/org.apache.httpcomponents.core5_httpcore5-h2-5.2.4.jar has been previously copied to /tmp/spark-27bbdaeb-4f2d-489e-bf44-1411804bd190/userFiles-f2cccec5-e39b-4a0e-a9b4-fea7ccb4d03d/org.apache.httpcomponents.core5_httpcore5-h2-5.2.4.jar
[2025-07-06T12:37:46.746+0000] {spark_submit.py:634} INFO - 25/07/06 12:37:46 INFO Executor: Fetching file:///home/***/.ivy2.5.2/jars/com.amazonaws_aws-java-sdk-bundle-1.12.674.jar with timestamp 1751805465341
[2025-07-06T12:37:46.871+0000] {spark_submit.py:634} INFO - 25/07/06 12:37:46 INFO Utils: /home/***/.ivy2.5.2/jars/com.amazonaws_aws-java-sdk-bundle-1.12.674.jar has been previously copied to /tmp/spark-27bbdaeb-4f2d-489e-bf44-1411804bd190/userFiles-f2cccec5-e39b-4a0e-a9b4-fea7ccb4d03d/com.amazonaws_aws-java-sdk-bundle-1.12.674.jar
[2025-07-06T12:37:46.875+0000] {spark_submit.py:634} INFO - 25/07/06 12:37:46 INFO Executor: Fetching file:///home/***/.ivy2.5.2/jars/org.slf4j_slf4j-api-1.7.36.jar with timestamp 1751805465341
[2025-07-06T12:37:46.875+0000] {spark_submit.py:634} INFO - 25/07/06 12:37:46 INFO Utils: /home/***/.ivy2.5.2/jars/org.slf4j_slf4j-api-1.7.36.jar has been previously copied to /tmp/spark-27bbdaeb-4f2d-489e-bf44-1411804bd190/userFiles-f2cccec5-e39b-4a0e-a9b4-fea7ccb4d03d/org.slf4j_slf4j-api-1.7.36.jar
[2025-07-06T12:37:46.881+0000] {spark_submit.py:634} INFO - 25/07/06 12:37:46 INFO Executor: Fetching spark://320a39989f12:43389/jars/org.apache.hadoop_hadoop-aws-3.3.5.jar with timestamp 1751805465341
[2025-07-06T12:37:46.925+0000] {spark_submit.py:634} INFO - 25/07/06 12:37:46 INFO TransportClientFactory: Successfully created connection to 320a39989f12/172.21.0.10:43389 after 16 ms (0 ms spent in bootstraps)
[2025-07-06T12:37:46.929+0000] {spark_submit.py:634} INFO - 25/07/06 12:37:46 INFO Utils: Fetching spark://320a39989f12:43389/jars/org.apache.hadoop_hadoop-aws-3.3.5.jar to /tmp/spark-27bbdaeb-4f2d-489e-bf44-1411804bd190/userFiles-f2cccec5-e39b-4a0e-a9b4-fea7ccb4d03d/fetchFileTemp3941638543300406402.tmp
[2025-07-06T12:37:46.939+0000] {spark_submit.py:634} INFO - 25/07/06 12:37:46 INFO Utils: /tmp/spark-27bbdaeb-4f2d-489e-bf44-1411804bd190/userFiles-f2cccec5-e39b-4a0e-a9b4-fea7ccb4d03d/fetchFileTemp3941638543300406402.tmp has been previously copied to /tmp/spark-27bbdaeb-4f2d-489e-bf44-1411804bd190/userFiles-f2cccec5-e39b-4a0e-a9b4-fea7ccb4d03d/org.apache.hadoop_hadoop-aws-3.3.5.jar
[2025-07-06T12:37:46.954+0000] {spark_submit.py:634} INFO - 25/07/06 12:37:46 INFO Executor: Adding file:/tmp/spark-27bbdaeb-4f2d-489e-bf44-1411804bd190/userFiles-f2cccec5-e39b-4a0e-a9b4-fea7ccb4d03d/org.apache.hadoop_hadoop-aws-3.3.5.jar to class loader default
[2025-07-06T12:37:46.954+0000] {spark_submit.py:634} INFO - 25/07/06 12:37:46 INFO Executor: Fetching spark://320a39989f12:43389/jars/com.clickhouse_clickhouse-jdbc-0.6.4.jar with timestamp 1751805465341
[2025-07-06T12:37:46.955+0000] {spark_submit.py:634} INFO - 25/07/06 12:37:46 INFO Utils: Fetching spark://320a39989f12:43389/jars/com.clickhouse_clickhouse-jdbc-0.6.4.jar to /tmp/spark-27bbdaeb-4f2d-489e-bf44-1411804bd190/userFiles-f2cccec5-e39b-4a0e-a9b4-fea7ccb4d03d/fetchFileTemp3758730921756302805.tmp
[2025-07-06T12:37:46.957+0000] {spark_submit.py:634} INFO - 25/07/06 12:37:46 INFO Utils: /tmp/spark-27bbdaeb-4f2d-489e-bf44-1411804bd190/userFiles-f2cccec5-e39b-4a0e-a9b4-fea7ccb4d03d/fetchFileTemp3758730921756302805.tmp has been previously copied to /tmp/spark-27bbdaeb-4f2d-489e-bf44-1411804bd190/userFiles-f2cccec5-e39b-4a0e-a9b4-fea7ccb4d03d/com.clickhouse_clickhouse-jdbc-0.6.4.jar
[2025-07-06T12:37:46.960+0000] {spark_submit.py:634} INFO - 25/07/06 12:37:46 INFO Executor: Adding file:/tmp/spark-27bbdaeb-4f2d-489e-bf44-1411804bd190/userFiles-f2cccec5-e39b-4a0e-a9b4-fea7ccb4d03d/com.clickhouse_clickhouse-jdbc-0.6.4.jar to class loader default
[2025-07-06T12:37:46.960+0000] {spark_submit.py:634} INFO - 25/07/06 12:37:46 INFO Executor: Fetching spark://320a39989f12:43389/jars/org.slf4j_slf4j-api-1.7.36.jar with timestamp 1751805465341
[2025-07-06T12:37:46.961+0000] {spark_submit.py:634} INFO - 25/07/06 12:37:46 INFO Utils: Fetching spark://320a39989f12:43389/jars/org.slf4j_slf4j-api-1.7.36.jar to /tmp/spark-27bbdaeb-4f2d-489e-bf44-1411804bd190/userFiles-f2cccec5-e39b-4a0e-a9b4-fea7ccb4d03d/fetchFileTemp16677361803919609908.tmp
[2025-07-06T12:37:46.961+0000] {spark_submit.py:634} INFO - 25/07/06 12:37:46 INFO Utils: /tmp/spark-27bbdaeb-4f2d-489e-bf44-1411804bd190/userFiles-f2cccec5-e39b-4a0e-a9b4-fea7ccb4d03d/fetchFileTemp16677361803919609908.tmp has been previously copied to /tmp/spark-27bbdaeb-4f2d-489e-bf44-1411804bd190/userFiles-f2cccec5-e39b-4a0e-a9b4-fea7ccb4d03d/org.slf4j_slf4j-api-1.7.36.jar
[2025-07-06T12:37:46.965+0000] {spark_submit.py:634} INFO - 25/07/06 12:37:46 INFO Executor: Adding file:/tmp/spark-27bbdaeb-4f2d-489e-bf44-1411804bd190/userFiles-f2cccec5-e39b-4a0e-a9b4-fea7ccb4d03d/org.slf4j_slf4j-api-1.7.36.jar to class loader default
[2025-07-06T12:37:46.965+0000] {spark_submit.py:634} INFO - 25/07/06 12:37:46 INFO Executor: Fetching spark://320a39989f12:43389/jars/org.wildfly.openssl_wildfly-openssl-1.1.3.Final.jar with timestamp 1751805465341
[2025-07-06T12:37:46.966+0000] {spark_submit.py:634} INFO - 25/07/06 12:37:46 INFO Utils: Fetching spark://320a39989f12:43389/jars/org.wildfly.openssl_wildfly-openssl-1.1.3.Final.jar to /tmp/spark-27bbdaeb-4f2d-489e-bf44-1411804bd190/userFiles-f2cccec5-e39b-4a0e-a9b4-fea7ccb4d03d/fetchFileTemp16482149458534496882.tmp
[2025-07-06T12:37:47.028+0000] {spark_submit.py:634} INFO - 25/07/06 12:37:47 INFO Utils: /tmp/spark-27bbdaeb-4f2d-489e-bf44-1411804bd190/userFiles-f2cccec5-e39b-4a0e-a9b4-fea7ccb4d03d/fetchFileTemp16482149458534496882.tmp has been previously copied to /tmp/spark-27bbdaeb-4f2d-489e-bf44-1411804bd190/userFiles-f2cccec5-e39b-4a0e-a9b4-fea7ccb4d03d/org.wildfly.openssl_wildfly-openssl-1.1.3.Final.jar
[2025-07-06T12:37:47.034+0000] {spark_submit.py:634} INFO - 25/07/06 12:37:47 INFO Executor: Adding file:/tmp/spark-27bbdaeb-4f2d-489e-bf44-1411804bd190/userFiles-f2cccec5-e39b-4a0e-a9b4-fea7ccb4d03d/org.wildfly.openssl_wildfly-openssl-1.1.3.Final.jar to class loader default
[2025-07-06T12:37:47.034+0000] {spark_submit.py:634} INFO - 25/07/06 12:37:47 INFO Executor: Fetching spark://320a39989f12:43389/jars/org.apache.httpcomponents.core5_httpcore5-5.2.4.jar with timestamp 1751805465341
[2025-07-06T12:37:47.034+0000] {spark_submit.py:634} INFO - 25/07/06 12:37:47 INFO Utils: Fetching spark://320a39989f12:43389/jars/org.apache.httpcomponents.core5_httpcore5-5.2.4.jar to /tmp/spark-27bbdaeb-4f2d-489e-bf44-1411804bd190/userFiles-f2cccec5-e39b-4a0e-a9b4-fea7ccb4d03d/fetchFileTemp12345992369903619448.tmp
[2025-07-06T12:37:47.038+0000] {spark_submit.py:634} INFO - 25/07/06 12:37:47 INFO Utils: /tmp/spark-27bbdaeb-4f2d-489e-bf44-1411804bd190/userFiles-f2cccec5-e39b-4a0e-a9b4-fea7ccb4d03d/fetchFileTemp12345992369903619448.tmp has been previously copied to /tmp/spark-27bbdaeb-4f2d-489e-bf44-1411804bd190/userFiles-f2cccec5-e39b-4a0e-a9b4-fea7ccb4d03d/org.apache.httpcomponents.core5_httpcore5-5.2.4.jar
[2025-07-06T12:37:47.044+0000] {spark_submit.py:634} INFO - 25/07/06 12:37:47 INFO Executor: Adding file:/tmp/spark-27bbdaeb-4f2d-489e-bf44-1411804bd190/userFiles-f2cccec5-e39b-4a0e-a9b4-fea7ccb4d03d/org.apache.httpcomponents.core5_httpcore5-5.2.4.jar to class loader default
[2025-07-06T12:37:47.044+0000] {spark_submit.py:634} INFO - 25/07/06 12:37:47 INFO Executor: Fetching spark://320a39989f12:43389/jars/org.apache.httpcomponents.core5_httpcore5-h2-5.2.4.jar with timestamp 1751805465341
[2025-07-06T12:37:47.044+0000] {spark_submit.py:634} INFO - 25/07/06 12:37:47 INFO Utils: Fetching spark://320a39989f12:43389/jars/org.apache.httpcomponents.core5_httpcore5-h2-5.2.4.jar to /tmp/spark-27bbdaeb-4f2d-489e-bf44-1411804bd190/userFiles-f2cccec5-e39b-4a0e-a9b4-fea7ccb4d03d/fetchFileTemp15272142535303491196.tmp
[2025-07-06T12:37:47.046+0000] {spark_submit.py:634} INFO - 25/07/06 12:37:47 INFO Utils: /tmp/spark-27bbdaeb-4f2d-489e-bf44-1411804bd190/userFiles-f2cccec5-e39b-4a0e-a9b4-fea7ccb4d03d/fetchFileTemp15272142535303491196.tmp has been previously copied to /tmp/spark-27bbdaeb-4f2d-489e-bf44-1411804bd190/userFiles-f2cccec5-e39b-4a0e-a9b4-fea7ccb4d03d/org.apache.httpcomponents.core5_httpcore5-h2-5.2.4.jar
[2025-07-06T12:37:47.050+0000] {spark_submit.py:634} INFO - 25/07/06 12:37:47 INFO Executor: Adding file:/tmp/spark-27bbdaeb-4f2d-489e-bf44-1411804bd190/userFiles-f2cccec5-e39b-4a0e-a9b4-fea7ccb4d03d/org.apache.httpcomponents.core5_httpcore5-h2-5.2.4.jar to class loader default
[2025-07-06T12:37:47.050+0000] {spark_submit.py:634} INFO - 25/07/06 12:37:47 INFO Executor: Fetching spark://320a39989f12:43389/jars/com.amazonaws_aws-java-sdk-bundle-1.12.674.jar with timestamp 1751805465341
[2025-07-06T12:37:47.050+0000] {spark_submit.py:634} INFO - 25/07/06 12:37:47 INFO Utils: Fetching spark://320a39989f12:43389/jars/com.amazonaws_aws-java-sdk-bundle-1.12.674.jar to /tmp/spark-27bbdaeb-4f2d-489e-bf44-1411804bd190/userFiles-f2cccec5-e39b-4a0e-a9b4-fea7ccb4d03d/fetchFileTemp17918799255968338707.tmp
[2025-07-06T12:37:48.283+0000] {spark_submit.py:634} INFO - 25/07/06 12:37:48 INFO Utils: /tmp/spark-27bbdaeb-4f2d-489e-bf44-1411804bd190/userFiles-f2cccec5-e39b-4a0e-a9b4-fea7ccb4d03d/fetchFileTemp17918799255968338707.tmp has been previously copied to /tmp/spark-27bbdaeb-4f2d-489e-bf44-1411804bd190/userFiles-f2cccec5-e39b-4a0e-a9b4-fea7ccb4d03d/com.amazonaws_aws-java-sdk-bundle-1.12.674.jar
[2025-07-06T12:37:48.306+0000] {spark_submit.py:634} INFO - 25/07/06 12:37:48 INFO Executor: Adding file:/tmp/spark-27bbdaeb-4f2d-489e-bf44-1411804bd190/userFiles-f2cccec5-e39b-4a0e-a9b4-fea7ccb4d03d/com.amazonaws_aws-java-sdk-bundle-1.12.674.jar to class loader default
[2025-07-06T12:37:48.307+0000] {spark_submit.py:634} INFO - 25/07/06 12:37:48 INFO Executor: Fetching spark://320a39989f12:43389/jars/org.apache.httpcomponents.client5_httpclient5-5.3.1.jar with timestamp 1751805465341
[2025-07-06T12:37:48.313+0000] {spark_submit.py:634} INFO - 25/07/06 12:37:48 INFO Utils: Fetching spark://320a39989f12:43389/jars/org.apache.httpcomponents.client5_httpclient5-5.3.1.jar to /tmp/spark-27bbdaeb-4f2d-489e-bf44-1411804bd190/userFiles-f2cccec5-e39b-4a0e-a9b4-fea7ccb4d03d/fetchFileTemp2836452555922579058.tmp
[2025-07-06T12:37:48.316+0000] {spark_submit.py:634} INFO - 25/07/06 12:37:48 INFO Utils: /tmp/spark-27bbdaeb-4f2d-489e-bf44-1411804bd190/userFiles-f2cccec5-e39b-4a0e-a9b4-fea7ccb4d03d/fetchFileTemp2836452555922579058.tmp has been previously copied to /tmp/spark-27bbdaeb-4f2d-489e-bf44-1411804bd190/userFiles-f2cccec5-e39b-4a0e-a9b4-fea7ccb4d03d/org.apache.httpcomponents.client5_httpclient5-5.3.1.jar
[2025-07-06T12:37:48.320+0000] {spark_submit.py:634} INFO - 25/07/06 12:37:48 INFO Executor: Adding file:/tmp/spark-27bbdaeb-4f2d-489e-bf44-1411804bd190/userFiles-f2cccec5-e39b-4a0e-a9b4-fea7ccb4d03d/org.apache.httpcomponents.client5_httpclient5-5.3.1.jar to class loader default
[2025-07-06T12:37:48.328+0000] {spark_submit.py:634} INFO - 25/07/06 12:37:48 INFO Utils: Successfully started service 'org.apache.spark.network.netty.NettyBlockTransferService' on port 36373.
[2025-07-06T12:37:48.328+0000] {spark_submit.py:634} INFO - 25/07/06 12:37:48 INFO NettyBlockTransferService: Server created on 320a39989f12:36373
[2025-07-06T12:37:48.329+0000] {spark_submit.py:634} INFO - 25/07/06 12:37:48 INFO BlockManager: Using org.apache.spark.storage.RandomBlockReplicationPolicy for block replication policy
[2025-07-06T12:37:48.338+0000] {spark_submit.py:634} INFO - 25/07/06 12:37:48 INFO BlockManagerMaster: Registering BlockManager BlockManagerId(driver, 320a39989f12, 36373, None)
[2025-07-06T12:37:48.344+0000] {spark_submit.py:634} INFO - 25/07/06 12:37:48 INFO BlockManagerMasterEndpoint: Registering block manager 320a39989f12:36373 with 413.9 MiB RAM, BlockManagerId(driver, 320a39989f12, 36373, None)
[2025-07-06T12:37:48.346+0000] {spark_submit.py:634} INFO - 25/07/06 12:37:48 INFO BlockManagerMaster: Registered BlockManager BlockManagerId(driver, 320a39989f12, 36373, None)
[2025-07-06T12:37:48.347+0000] {spark_submit.py:634} INFO - 25/07/06 12:37:48 INFO BlockManager: Initialized BlockManager: BlockManagerId(driver, 320a39989f12, 36373, None)
[2025-07-06T12:37:53.047+0000] {spark_submit.py:634} INFO - Python-dotenv could not parse statement starting at line 1
[2025-07-06T12:37:53.047+0000] {spark_submit.py:634} INFO - Python-dotenv could not parse statement starting at line 3
[2025-07-06T12:37:53.629+0000] {spark_submit.py:634} INFO - 25/07/06 12:37:53 WARN SparkStringUtils: Truncated the string representation of a plan since it was too large. This behavior can be adjusted by setting 'spark.sql.debug.maxToStringFields'.
[2025-07-06T12:37:57.450+0000] {spark_submit.py:634} INFO - 25/07/06 12:37:57 WARN JdbcUtils: Requested isolation level 1, but transactions are unsupported
[2025-07-06T12:37:59.850+0000] {spark_submit.py:634} INFO - ------------------------Dữ liệu đã được ghi thành công vào ClickHouse------------------------
[2025-07-06T12:38:00.063+0000] {spark_submit.py:634} INFO - -------------Stop SparkSession-------------
[2025-07-06T12:38:00.225+0000] {taskinstance.py:441} INFO - ::group::Post task execution logs
[2025-07-06T12:38:00.234+0000] {taskinstance.py:1205} INFO - Marking task as SUCCESS. dag_id=my_spark_inline, task_id=spark_write_data, execution_date=20250706T051258, start_date=20250706T123741, end_date=20250706T123800
[2025-07-06T12:38:00.268+0000] {local_task_job_runner.py:240} INFO - Task exited with return code 0
[2025-07-06T12:38:00.282+0000] {taskinstance.py:3482} INFO - 0 downstream tasks scheduled from follow-on schedule check
[2025-07-06T12:38:00.283+0000] {local_task_job_runner.py:222} INFO - ::endgroup::
