[2025-07-06T12:02:24.064+0000] {local_task_job_runner.py:120} INFO - ::group::Pre task execution logs
[2025-07-06T12:02:24.084+0000] {taskinstance.py:2073} INFO - Dependencies all met for dep_context=non-requeueable deps ti=<TaskInstance: my_spark_inline.spark_write_data manual__2025-07-06T05:12:58.943989+00:00 [queued]>
[2025-07-06T12:02:24.176+0000] {taskinstance.py:2073} INFO - Dependencies all met for dep_context=requeueable deps ti=<TaskInstance: my_spark_inline.spark_write_data manual__2025-07-06T05:12:58.943989+00:00 [queued]>
[2025-07-06T12:02:24.177+0000] {taskinstance.py:2303} INFO - Starting attempt 20 of 20
[2025-07-06T12:02:24.192+0000] {taskinstance.py:2327} INFO - Executing <Task(SparkSubmitOperator): spark_write_data> on 2025-07-06 05:12:58.943989+00:00
[2025-07-06T12:02:24.195+0000] {standard_task_runner.py:63} INFO - Started process 620 to run task
[2025-07-06T12:02:24.197+0000] {standard_task_runner.py:90} INFO - Running: ['***', 'tasks', 'run', 'my_spark_inline', 'spark_write_data', 'manual__2025-07-06T05:12:58.943989+00:00', '--job-id', '54', '--raw', '--subdir', 'DAGS_FOLDER/test_spark.py', '--cfg-path', '/tmp/tmpdyo6o0rn']
[2025-07-06T12:02:24.199+0000] {standard_task_runner.py:91} INFO - Job 54: Subtask spark_write_data
[2025-07-06T12:02:24.211+0000] {logging_mixin.py:188} WARNING - /home/***/.local/lib/python3.11/site-packages/***/settings.py:195 DeprecationWarning: The sql_alchemy_conn option in [core] has been moved to the sql_alchemy_conn option in [database] - the old setting has been used, but please update your config.
[2025-07-06T12:02:24.231+0000] {task_command.py:426} INFO - Running <TaskInstance: my_spark_inline.spark_write_data manual__2025-07-06T05:12:58.943989+00:00 [running]> on host 320a39989f12
[2025-07-06T12:02:24.278+0000] {taskinstance.py:2644} INFO - Exporting env vars: AIRFLOW_CTX_DAG_OWNER='***' AIRFLOW_CTX_DAG_ID='my_spark_inline' AIRFLOW_CTX_TASK_ID='spark_write_data' AIRFLOW_CTX_EXECUTION_DATE='2025-07-06T05:12:58.943989+00:00' AIRFLOW_CTX_TRY_NUMBER='20' AIRFLOW_CTX_DAG_RUN_ID='manual__2025-07-06T05:12:58.943989+00:00'
[2025-07-06T12:02:24.278+0000] {taskinstance.py:430} INFO - ::endgroup::
[2025-07-06T12:02:24.291+0000] {base.py:84} INFO - Using connection ID 'spark_conn' for task execution.
[2025-07-06T12:02:24.292+0000] {spark_submit.py:473} INFO - Spark-Submit cmd: spark-submit --master spark://spark-master:7077:7077 --conf spark.master=spark://spark-master:7077 --packages com.clickhouse:clickhouse-jdbc:0.6.4,org.apache.httpcomponents.client5:httpclient5:5.3.1 --name arrow-spark --deploy-mode client /opt/***/spark_project/src/spark/spark_main.py
[2025-07-06T12:02:24.532+0000] {spark_submit.py:634} INFO - WARNING: Using incubator modules: jdk.incubator.vector
[2025-07-06T12:02:25.969+0000] {spark_submit.py:634} INFO - :: loading settings :: url = jar:file:/home/***/.local/lib/python3.11/site-packages/pyspark/jars/ivy-2.5.3.jar!/org/apache/ivy/core/settings/ivysettings.xml
[2025-07-06T12:02:26.049+0000] {spark_submit.py:634} INFO - Ivy Default Cache set to: /home/***/.ivy2.5.2/cache
[2025-07-06T12:02:26.049+0000] {spark_submit.py:634} INFO - The jars for the packages stored in: /home/***/.ivy2.5.2/jars
[2025-07-06T12:02:26.051+0000] {spark_submit.py:634} INFO - com.clickhouse#clickhouse-jdbc added as a dependency
[2025-07-06T12:02:26.051+0000] {spark_submit.py:634} INFO - org.apache.httpcomponents.client5#httpclient5 added as a dependency
[2025-07-06T12:02:26.052+0000] {spark_submit.py:634} INFO - :: resolving dependencies :: org.apache.spark#spark-submit-parent-88c9e9d2-dcff-44c0-8d59-216534ef600b;1.0
[2025-07-06T12:02:26.052+0000] {spark_submit.py:634} INFO - confs: [default]
[2025-07-06T12:02:26.178+0000] {spark_submit.py:634} INFO - found com.clickhouse#clickhouse-jdbc;0.6.4 in central
[2025-07-06T12:02:26.248+0000] {spark_submit.py:634} INFO - found org.apache.httpcomponents.client5#httpclient5;5.3.1 in central
[2025-07-06T12:02:26.326+0000] {spark_submit.py:634} INFO - found org.apache.httpcomponents.core5#httpcore5;5.2.4 in central
[2025-07-06T12:02:26.338+0000] {spark_submit.py:634} INFO - found org.apache.httpcomponents.core5#httpcore5-h2;5.2.4 in central
[2025-07-06T12:02:26.348+0000] {spark_submit.py:634} INFO - found org.slf4j#slf4j-api;1.7.36 in central
[2025-07-06T12:02:26.358+0000] {spark_submit.py:634} INFO - :: resolution report :: resolve 302ms :: artifacts dl 3ms
[2025-07-06T12:02:26.358+0000] {spark_submit.py:634} INFO - :: modules in use:
[2025-07-06T12:02:26.358+0000] {spark_submit.py:634} INFO - com.clickhouse#clickhouse-jdbc;0.6.4 from central in [default]
[2025-07-06T12:02:26.358+0000] {spark_submit.py:634} INFO - org.apache.httpcomponents.client5#httpclient5;5.3.1 from central in [default]
[2025-07-06T12:02:26.358+0000] {spark_submit.py:634} INFO - org.apache.httpcomponents.core5#httpcore5;5.2.4 from central in [default]
[2025-07-06T12:02:26.358+0000] {spark_submit.py:634} INFO - org.apache.httpcomponents.core5#httpcore5-h2;5.2.4 from central in [default]
[2025-07-06T12:02:26.359+0000] {spark_submit.py:634} INFO - org.slf4j#slf4j-api;1.7.36 from central in [default]
[2025-07-06T12:02:26.424+0000] {spark_submit.py:634} INFO - ---------------------------------------------------------------------
[2025-07-06T12:02:26.425+0000] {spark_submit.py:634} INFO - |                  |            modules            ||   artifacts   |
[2025-07-06T12:02:26.425+0000] {spark_submit.py:634} INFO - |       conf       | number| search|dwnlded|evicted|| number|dwnlded|
[2025-07-06T12:02:26.425+0000] {spark_submit.py:634} INFO - ---------------------------------------------------------------------
[2025-07-06T12:02:26.425+0000] {spark_submit.py:634} INFO - |      default     |   5   |   0   |   0   |   0   ||   5   |   0   |
[2025-07-06T12:02:26.425+0000] {spark_submit.py:634} INFO - ---------------------------------------------------------------------
[2025-07-06T12:02:26.427+0000] {spark_submit.py:634} INFO - :: retrieving :: org.apache.spark#spark-submit-parent-88c9e9d2-dcff-44c0-8d59-216534ef600b
[2025-07-06T12:02:26.427+0000] {spark_submit.py:634} INFO - confs: [default]
[2025-07-06T12:02:26.430+0000] {spark_submit.py:634} INFO - 0 artifacts copied, 5 already retrieved (0kB/4ms)
[2025-07-06T12:02:26.730+0000] {spark_submit.py:634} INFO - 25/07/06 12:02:26 WARN NativeCodeLoader: Unable to load native-hadoop library for your platform... using builtin-java classes where applicable
[2025-07-06T12:02:29.052+0000] {spark_submit.py:634} INFO - Using Spark's default log4j profile: org/apache/spark/log4j2-defaults.properties
[2025-07-06T12:02:29.127+0000] {spark_submit.py:634} INFO - 25/07/06 12:02:29 INFO SparkContext: Running Spark version 4.0.0
[2025-07-06T12:02:29.128+0000] {spark_submit.py:634} INFO - 25/07/06 12:02:29 INFO SparkContext: OS info Linux, 6.8.0-60-generic, amd64
[2025-07-06T12:02:29.129+0000] {spark_submit.py:634} INFO - 25/07/06 12:02:29 INFO SparkContext: Java version 17.0.15
[2025-07-06T12:02:29.142+0000] {spark_submit.py:634} INFO - 25/07/06 12:02:29 INFO ResourceUtils: ==============================================================
[2025-07-06T12:02:29.143+0000] {spark_submit.py:634} INFO - 25/07/06 12:02:29 INFO ResourceUtils: No custom resources configured for spark.driver.
[2025-07-06T12:02:29.143+0000] {spark_submit.py:634} INFO - 25/07/06 12:02:29 INFO ResourceUtils: ==============================================================
[2025-07-06T12:02:29.143+0000] {spark_submit.py:634} INFO - 25/07/06 12:02:29 INFO SparkContext: Submitted application: thanhdz
[2025-07-06T12:02:29.231+0000] {spark_submit.py:634} INFO - 25/07/06 12:02:29 INFO ResourceProfile: Default ResourceProfile created, executor resources: Map(cores -> name: cores, amount: 2, script: , vendor: , memory -> name: memory, amount: 4096, script: , vendor: , offHeap -> name: offHeap, amount: 0, script: , vendor: ), task resources: Map(cpus -> name: cpus, amount: 1.0)
[2025-07-06T12:02:29.234+0000] {spark_submit.py:634} INFO - 25/07/06 12:02:29 INFO ResourceProfile: Limiting resource is cpus at 2 tasks per executor
[2025-07-06T12:02:29.235+0000] {spark_submit.py:634} INFO - 25/07/06 12:02:29 INFO ResourceProfileManager: Added ResourceProfile id: 0
[2025-07-06T12:02:29.340+0000] {spark_submit.py:634} INFO - 25/07/06 12:02:29 INFO SecurityManager: Changing view acls to: ***
[2025-07-06T12:02:29.340+0000] {spark_submit.py:634} INFO - 25/07/06 12:02:29 INFO SecurityManager: Changing modify acls to: ***
[2025-07-06T12:02:29.341+0000] {spark_submit.py:634} INFO - 25/07/06 12:02:29 INFO SecurityManager: Changing view acls groups to: ***
[2025-07-06T12:02:29.341+0000] {spark_submit.py:634} INFO - 25/07/06 12:02:29 INFO SecurityManager: Changing modify acls groups to: ***
[2025-07-06T12:02:29.342+0000] {spark_submit.py:634} INFO - 25/07/06 12:02:29 INFO SecurityManager: SecurityManager: authentication disabled; ui acls disabled; users with view permissions: *** groups with view permissions: EMPTY; users with modify permissions: ***; groups with modify permissions: EMPTY; RPC SSL disabled
[2025-07-06T12:02:29.747+0000] {spark_submit.py:634} INFO - 25/07/06 12:02:29 INFO Utils: Successfully started service 'sparkDriver' on port 38251.
[2025-07-06T12:02:29.762+0000] {spark_submit.py:634} INFO - 25/07/06 12:02:29 INFO SparkEnv: Registering MapOutputTracker
[2025-07-06T12:02:29.831+0000] {spark_submit.py:634} INFO - 25/07/06 12:02:29 INFO SparkEnv: Registering BlockManagerMaster
[2025-07-06T12:02:29.839+0000] {spark_submit.py:634} INFO - 25/07/06 12:02:29 INFO BlockManagerMasterEndpoint: Using org.apache.spark.storage.DefaultTopologyMapper for getting topology information
[2025-07-06T12:02:29.839+0000] {spark_submit.py:634} INFO - 25/07/06 12:02:29 INFO BlockManagerMasterEndpoint: BlockManagerMasterEndpoint up
[2025-07-06T12:02:29.841+0000] {spark_submit.py:634} INFO - 25/07/06 12:02:29 INFO SparkEnv: Registering BlockManagerMasterHeartbeat
[2025-07-06T12:02:29.853+0000] {spark_submit.py:634} INFO - 25/07/06 12:02:29 INFO DiskBlockManager: Created local directory at /tmp/blockmgr-cb92022b-470d-4831-ae78-53f47eb17d95
[2025-07-06T12:02:29.936+0000] {spark_submit.py:634} INFO - 25/07/06 12:02:29 INFO SparkEnv: Registering OutputCommitCoordinator
[2025-07-06T12:02:30.150+0000] {spark_submit.py:634} INFO - 25/07/06 12:02:30 INFO JettyUtils: Start Jetty 0.0.0.0:4040 for SparkUI
[2025-07-06T12:02:30.340+0000] {spark_submit.py:634} INFO - 25/07/06 12:02:30 INFO Utils: Successfully started service 'SparkUI' on port 4040.
[2025-07-06T12:02:30.438+0000] {spark_submit.py:634} INFO - 25/07/06 12:02:30 INFO SparkContext: Added JAR file:///home/***/.ivy2.5.2/jars/com.clickhouse_clickhouse-jdbc-0.6.4.jar at spark://320a39989f12:38251/jars/com.clickhouse_clickhouse-jdbc-0.6.4.jar with timestamp 1751803349048
[2025-07-06T12:02:30.438+0000] {spark_submit.py:634} INFO - 25/07/06 12:02:30 INFO SparkContext: Added JAR file:///home/***/.ivy2.5.2/jars/org.apache.httpcomponents.client5_httpclient5-5.3.1.jar at spark://320a39989f12:38251/jars/org.apache.httpcomponents.client5_httpclient5-5.3.1.jar with timestamp 1751803349048
[2025-07-06T12:02:30.438+0000] {spark_submit.py:634} INFO - 25/07/06 12:02:30 INFO SparkContext: Added JAR file:///home/***/.ivy2.5.2/jars/org.apache.httpcomponents.core5_httpcore5-5.2.4.jar at spark://320a39989f12:38251/jars/org.apache.httpcomponents.core5_httpcore5-5.2.4.jar with timestamp 1751803349048
[2025-07-06T12:02:30.438+0000] {spark_submit.py:634} INFO - 25/07/06 12:02:30 INFO SparkContext: Added JAR file:///home/***/.ivy2.5.2/jars/org.apache.httpcomponents.core5_httpcore5-h2-5.2.4.jar at spark://320a39989f12:38251/jars/org.apache.httpcomponents.core5_httpcore5-h2-5.2.4.jar with timestamp 1751803349048
[2025-07-06T12:02:30.438+0000] {spark_submit.py:634} INFO - 25/07/06 12:02:30 INFO SparkContext: Added JAR file:///home/***/.ivy2.5.2/jars/org.slf4j_slf4j-api-1.7.36.jar at spark://320a39989f12:38251/jars/org.slf4j_slf4j-api-1.7.36.jar with timestamp 1751803349048
[2025-07-06T12:02:30.440+0000] {spark_submit.py:634} INFO - 25/07/06 12:02:30 INFO SparkContext: Added file file:///home/***/.ivy2.5.2/jars/com.clickhouse_clickhouse-jdbc-0.6.4.jar at file:///home/***/.ivy2.5.2/jars/com.clickhouse_clickhouse-jdbc-0.6.4.jar with timestamp 1751803349048
[2025-07-06T12:02:30.441+0000] {spark_submit.py:634} INFO - 25/07/06 12:02:30 INFO Utils: Copying /home/***/.ivy2.5.2/jars/com.clickhouse_clickhouse-jdbc-0.6.4.jar to /tmp/spark-6687ecf6-2f28-41a1-a3ed-68d0294e1867/userFiles-82c0fb09-8132-4902-bbd0-12b18db63f14/com.clickhouse_clickhouse-jdbc-0.6.4.jar
[2025-07-06T12:02:30.449+0000] {spark_submit.py:634} INFO - 25/07/06 12:02:30 INFO SparkContext: Added file file:///home/***/.ivy2.5.2/jars/org.apache.httpcomponents.client5_httpclient5-5.3.1.jar at file:///home/***/.ivy2.5.2/jars/org.apache.httpcomponents.client5_httpclient5-5.3.1.jar with timestamp 1751803349048
[2025-07-06T12:02:30.449+0000] {spark_submit.py:634} INFO - 25/07/06 12:02:30 INFO Utils: Copying /home/***/.ivy2.5.2/jars/org.apache.httpcomponents.client5_httpclient5-5.3.1.jar to /tmp/spark-6687ecf6-2f28-41a1-a3ed-68d0294e1867/userFiles-82c0fb09-8132-4902-bbd0-12b18db63f14/org.apache.httpcomponents.client5_httpclient5-5.3.1.jar
[2025-07-06T12:02:30.453+0000] {spark_submit.py:634} INFO - 25/07/06 12:02:30 INFO SparkContext: Added file file:///home/***/.ivy2.5.2/jars/org.apache.httpcomponents.core5_httpcore5-5.2.4.jar at file:///home/***/.ivy2.5.2/jars/org.apache.httpcomponents.core5_httpcore5-5.2.4.jar with timestamp 1751803349048
[2025-07-06T12:02:30.453+0000] {spark_submit.py:634} INFO - 25/07/06 12:02:30 INFO Utils: Copying /home/***/.ivy2.5.2/jars/org.apache.httpcomponents.core5_httpcore5-5.2.4.jar to /tmp/spark-6687ecf6-2f28-41a1-a3ed-68d0294e1867/userFiles-82c0fb09-8132-4902-bbd0-12b18db63f14/org.apache.httpcomponents.core5_httpcore5-5.2.4.jar
[2025-07-06T12:02:30.529+0000] {spark_submit.py:634} INFO - 25/07/06 12:02:30 INFO SparkContext: Added file file:///home/***/.ivy2.5.2/jars/org.apache.httpcomponents.core5_httpcore5-h2-5.2.4.jar at file:///home/***/.ivy2.5.2/jars/org.apache.httpcomponents.core5_httpcore5-h2-5.2.4.jar with timestamp 1751803349048
[2025-07-06T12:02:30.529+0000] {spark_submit.py:634} INFO - 25/07/06 12:02:30 INFO Utils: Copying /home/***/.ivy2.5.2/jars/org.apache.httpcomponents.core5_httpcore5-h2-5.2.4.jar to /tmp/spark-6687ecf6-2f28-41a1-a3ed-68d0294e1867/userFiles-82c0fb09-8132-4902-bbd0-12b18db63f14/org.apache.httpcomponents.core5_httpcore5-h2-5.2.4.jar
[2025-07-06T12:02:30.535+0000] {spark_submit.py:634} INFO - 25/07/06 12:02:30 INFO SparkContext: Added file file:///home/***/.ivy2.5.2/jars/org.slf4j_slf4j-api-1.7.36.jar at file:///home/***/.ivy2.5.2/jars/org.slf4j_slf4j-api-1.7.36.jar with timestamp 1751803349048
[2025-07-06T12:02:30.536+0000] {spark_submit.py:634} INFO - 25/07/06 12:02:30 INFO Utils: Copying /home/***/.ivy2.5.2/jars/org.slf4j_slf4j-api-1.7.36.jar to /tmp/spark-6687ecf6-2f28-41a1-a3ed-68d0294e1867/userFiles-82c0fb09-8132-4902-bbd0-12b18db63f14/org.slf4j_slf4j-api-1.7.36.jar
[2025-07-06T12:02:30.554+0000] {spark_submit.py:634} INFO - 25/07/06 12:02:30 INFO SecurityManager: Changing view acls to: ***
[2025-07-06T12:02:30.555+0000] {spark_submit.py:634} INFO - 25/07/06 12:02:30 INFO SecurityManager: Changing modify acls to: ***
[2025-07-06T12:02:30.555+0000] {spark_submit.py:634} INFO - 25/07/06 12:02:30 INFO SecurityManager: Changing view acls groups to: ***
[2025-07-06T12:02:30.555+0000] {spark_submit.py:634} INFO - 25/07/06 12:02:30 INFO SecurityManager: Changing modify acls groups to: ***
[2025-07-06T12:02:30.555+0000] {spark_submit.py:634} INFO - 25/07/06 12:02:30 INFO SecurityManager: SecurityManager: authentication disabled; ui acls disabled; users with view permissions: *** groups with view permissions: EMPTY; users with modify permissions: ***; groups with modify permissions: EMPTY; RPC SSL disabled
[2025-07-06T12:02:30.833+0000] {spark_submit.py:634} INFO - 25/07/06 12:02:30 INFO Executor: Starting executor ID driver on host 320a39989f12
[2025-07-06T12:02:30.834+0000] {spark_submit.py:634} INFO - 25/07/06 12:02:30 INFO Executor: OS info Linux, 6.8.0-60-generic, amd64
[2025-07-06T12:02:30.834+0000] {spark_submit.py:634} INFO - 25/07/06 12:02:30 INFO Executor: Java version 17.0.15
[2025-07-06T12:02:30.842+0000] {spark_submit.py:634} INFO - 25/07/06 12:02:30 INFO Executor: Starting executor with user classpath (userClassPathFirst = false): ''
[2025-07-06T12:02:30.843+0000] {spark_submit.py:634} INFO - 25/07/06 12:02:30 INFO Executor: Created or updated repl class loader org.apache.spark.util.MutableURLClassLoader@49a9ea79 for default.
[2025-07-06T12:02:30.849+0000] {spark_submit.py:634} INFO - 25/07/06 12:02:30 INFO Executor: Fetching file:///home/***/.ivy2.5.2/jars/com.clickhouse_clickhouse-jdbc-0.6.4.jar with timestamp 1751803349048
[2025-07-06T12:02:30.938+0000] {spark_submit.py:634} INFO - 25/07/06 12:02:30 INFO Utils: /home/***/.ivy2.5.2/jars/com.clickhouse_clickhouse-jdbc-0.6.4.jar has been previously copied to /tmp/spark-6687ecf6-2f28-41a1-a3ed-68d0294e1867/userFiles-82c0fb09-8132-4902-bbd0-12b18db63f14/com.clickhouse_clickhouse-jdbc-0.6.4.jar
[2025-07-06T12:02:30.942+0000] {spark_submit.py:634} INFO - 25/07/06 12:02:30 INFO Executor: Fetching file:///home/***/.ivy2.5.2/jars/org.apache.httpcomponents.client5_httpclient5-5.3.1.jar with timestamp 1751803349048
[2025-07-06T12:02:30.943+0000] {spark_submit.py:634} INFO - 25/07/06 12:02:30 INFO Utils: /home/***/.ivy2.5.2/jars/org.apache.httpcomponents.client5_httpclient5-5.3.1.jar has been previously copied to /tmp/spark-6687ecf6-2f28-41a1-a3ed-68d0294e1867/userFiles-82c0fb09-8132-4902-bbd0-12b18db63f14/org.apache.httpcomponents.client5_httpclient5-5.3.1.jar
[2025-07-06T12:02:30.947+0000] {spark_submit.py:634} INFO - 25/07/06 12:02:30 INFO Executor: Fetching file:///home/***/.ivy2.5.2/jars/org.apache.httpcomponents.core5_httpcore5-5.2.4.jar with timestamp 1751803349048
[2025-07-06T12:02:30.948+0000] {spark_submit.py:634} INFO - 25/07/06 12:02:30 INFO Utils: /home/***/.ivy2.5.2/jars/org.apache.httpcomponents.core5_httpcore5-5.2.4.jar has been previously copied to /tmp/spark-6687ecf6-2f28-41a1-a3ed-68d0294e1867/userFiles-82c0fb09-8132-4902-bbd0-12b18db63f14/org.apache.httpcomponents.core5_httpcore5-5.2.4.jar
[2025-07-06T12:02:30.951+0000] {spark_submit.py:634} INFO - 25/07/06 12:02:30 INFO Executor: Fetching file:///home/***/.ivy2.5.2/jars/org.apache.httpcomponents.core5_httpcore5-h2-5.2.4.jar with timestamp 1751803349048
[2025-07-06T12:02:30.951+0000] {spark_submit.py:634} INFO - 25/07/06 12:02:30 INFO Utils: /home/***/.ivy2.5.2/jars/org.apache.httpcomponents.core5_httpcore5-h2-5.2.4.jar has been previously copied to /tmp/spark-6687ecf6-2f28-41a1-a3ed-68d0294e1867/userFiles-82c0fb09-8132-4902-bbd0-12b18db63f14/org.apache.httpcomponents.core5_httpcore5-h2-5.2.4.jar
[2025-07-06T12:02:30.954+0000] {spark_submit.py:634} INFO - 25/07/06 12:02:30 INFO Executor: Fetching file:///home/***/.ivy2.5.2/jars/org.slf4j_slf4j-api-1.7.36.jar with timestamp 1751803349048
[2025-07-06T12:02:30.955+0000] {spark_submit.py:634} INFO - 25/07/06 12:02:30 INFO Utils: /home/***/.ivy2.5.2/jars/org.slf4j_slf4j-api-1.7.36.jar has been previously copied to /tmp/spark-6687ecf6-2f28-41a1-a3ed-68d0294e1867/userFiles-82c0fb09-8132-4902-bbd0-12b18db63f14/org.slf4j_slf4j-api-1.7.36.jar
[2025-07-06T12:02:30.960+0000] {spark_submit.py:634} INFO - 25/07/06 12:02:30 INFO Executor: Fetching spark://320a39989f12:38251/jars/com.clickhouse_clickhouse-jdbc-0.6.4.jar with timestamp 1751803349048
[2025-07-06T12:02:31.047+0000] {spark_submit.py:634} INFO - 25/07/06 12:02:31 INFO TransportClientFactory: Successfully created connection to 320a39989f12/172.21.0.10:38251 after 15 ms (0 ms spent in bootstraps)
[2025-07-06T12:02:31.051+0000] {spark_submit.py:634} INFO - 25/07/06 12:02:31 INFO Utils: Fetching spark://320a39989f12:38251/jars/com.clickhouse_clickhouse-jdbc-0.6.4.jar to /tmp/spark-6687ecf6-2f28-41a1-a3ed-68d0294e1867/userFiles-82c0fb09-8132-4902-bbd0-12b18db63f14/fetchFileTemp11706900454606808446.tmp
[2025-07-06T12:02:31.129+0000] {spark_submit.py:634} INFO - 25/07/06 12:02:31 INFO Utils: /tmp/spark-6687ecf6-2f28-41a1-a3ed-68d0294e1867/userFiles-82c0fb09-8132-4902-bbd0-12b18db63f14/fetchFileTemp11706900454606808446.tmp has been previously copied to /tmp/spark-6687ecf6-2f28-41a1-a3ed-68d0294e1867/userFiles-82c0fb09-8132-4902-bbd0-12b18db63f14/com.clickhouse_clickhouse-jdbc-0.6.4.jar
[2025-07-06T12:02:31.141+0000] {spark_submit.py:634} INFO - 25/07/06 12:02:31 INFO Executor: Adding file:/tmp/spark-6687ecf6-2f28-41a1-a3ed-68d0294e1867/userFiles-82c0fb09-8132-4902-bbd0-12b18db63f14/com.clickhouse_clickhouse-jdbc-0.6.4.jar to class loader default
[2025-07-06T12:02:31.141+0000] {spark_submit.py:634} INFO - 25/07/06 12:02:31 INFO Executor: Fetching spark://320a39989f12:38251/jars/org.slf4j_slf4j-api-1.7.36.jar with timestamp 1751803349048
[2025-07-06T12:02:31.141+0000] {spark_submit.py:634} INFO - 25/07/06 12:02:31 INFO Utils: Fetching spark://320a39989f12:38251/jars/org.slf4j_slf4j-api-1.7.36.jar to /tmp/spark-6687ecf6-2f28-41a1-a3ed-68d0294e1867/userFiles-82c0fb09-8132-4902-bbd0-12b18db63f14/fetchFileTemp17184009291966479909.tmp
[2025-07-06T12:02:31.143+0000] {spark_submit.py:634} INFO - 25/07/06 12:02:31 INFO Utils: /tmp/spark-6687ecf6-2f28-41a1-a3ed-68d0294e1867/userFiles-82c0fb09-8132-4902-bbd0-12b18db63f14/fetchFileTemp17184009291966479909.tmp has been previously copied to /tmp/spark-6687ecf6-2f28-41a1-a3ed-68d0294e1867/userFiles-82c0fb09-8132-4902-bbd0-12b18db63f14/org.slf4j_slf4j-api-1.7.36.jar
[2025-07-06T12:02:31.148+0000] {spark_submit.py:634} INFO - 25/07/06 12:02:31 INFO Executor: Adding file:/tmp/spark-6687ecf6-2f28-41a1-a3ed-68d0294e1867/userFiles-82c0fb09-8132-4902-bbd0-12b18db63f14/org.slf4j_slf4j-api-1.7.36.jar to class loader default
[2025-07-06T12:02:31.149+0000] {spark_submit.py:634} INFO - 25/07/06 12:02:31 INFO Executor: Fetching spark://320a39989f12:38251/jars/org.apache.httpcomponents.core5_httpcore5-h2-5.2.4.jar with timestamp 1751803349048
[2025-07-06T12:02:31.149+0000] {spark_submit.py:634} INFO - 25/07/06 12:02:31 INFO Utils: Fetching spark://320a39989f12:38251/jars/org.apache.httpcomponents.core5_httpcore5-h2-5.2.4.jar to /tmp/spark-6687ecf6-2f28-41a1-a3ed-68d0294e1867/userFiles-82c0fb09-8132-4902-bbd0-12b18db63f14/fetchFileTemp18066582221495748418.tmp
[2025-07-06T12:02:31.151+0000] {spark_submit.py:634} INFO - 25/07/06 12:02:31 INFO Utils: /tmp/spark-6687ecf6-2f28-41a1-a3ed-68d0294e1867/userFiles-82c0fb09-8132-4902-bbd0-12b18db63f14/fetchFileTemp18066582221495748418.tmp has been previously copied to /tmp/spark-6687ecf6-2f28-41a1-a3ed-68d0294e1867/userFiles-82c0fb09-8132-4902-bbd0-12b18db63f14/org.apache.httpcomponents.core5_httpcore5-h2-5.2.4.jar
[2025-07-06T12:02:31.155+0000] {spark_submit.py:634} INFO - 25/07/06 12:02:31 INFO Executor: Adding file:/tmp/spark-6687ecf6-2f28-41a1-a3ed-68d0294e1867/userFiles-82c0fb09-8132-4902-bbd0-12b18db63f14/org.apache.httpcomponents.core5_httpcore5-h2-5.2.4.jar to class loader default
[2025-07-06T12:02:31.155+0000] {spark_submit.py:634} INFO - 25/07/06 12:02:31 INFO Executor: Fetching spark://320a39989f12:38251/jars/org.apache.httpcomponents.core5_httpcore5-5.2.4.jar with timestamp 1751803349048
[2025-07-06T12:02:31.155+0000] {spark_submit.py:634} INFO - 25/07/06 12:02:31 INFO Utils: Fetching spark://320a39989f12:38251/jars/org.apache.httpcomponents.core5_httpcore5-5.2.4.jar to /tmp/spark-6687ecf6-2f28-41a1-a3ed-68d0294e1867/userFiles-82c0fb09-8132-4902-bbd0-12b18db63f14/fetchFileTemp1784239251979869900.tmp
[2025-07-06T12:02:31.158+0000] {spark_submit.py:634} INFO - 25/07/06 12:02:31 INFO Utils: /tmp/spark-6687ecf6-2f28-41a1-a3ed-68d0294e1867/userFiles-82c0fb09-8132-4902-bbd0-12b18db63f14/fetchFileTemp1784239251979869900.tmp has been previously copied to /tmp/spark-6687ecf6-2f28-41a1-a3ed-68d0294e1867/userFiles-82c0fb09-8132-4902-bbd0-12b18db63f14/org.apache.httpcomponents.core5_httpcore5-5.2.4.jar
[2025-07-06T12:02:31.229+0000] {spark_submit.py:634} INFO - 25/07/06 12:02:31 INFO Executor: Adding file:/tmp/spark-6687ecf6-2f28-41a1-a3ed-68d0294e1867/userFiles-82c0fb09-8132-4902-bbd0-12b18db63f14/org.apache.httpcomponents.core5_httpcore5-5.2.4.jar to class loader default
[2025-07-06T12:02:31.229+0000] {spark_submit.py:634} INFO - 25/07/06 12:02:31 INFO Executor: Fetching spark://320a39989f12:38251/jars/org.apache.httpcomponents.client5_httpclient5-5.3.1.jar with timestamp 1751803349048
[2025-07-06T12:02:31.229+0000] {spark_submit.py:634} INFO - 25/07/06 12:02:31 INFO Utils: Fetching spark://320a39989f12:38251/jars/org.apache.httpcomponents.client5_httpclient5-5.3.1.jar to /tmp/spark-6687ecf6-2f28-41a1-a3ed-68d0294e1867/userFiles-82c0fb09-8132-4902-bbd0-12b18db63f14/fetchFileTemp12439314062631945634.tmp
[2025-07-06T12:02:31.235+0000] {spark_submit.py:634} INFO - 25/07/06 12:02:31 INFO Utils: /tmp/spark-6687ecf6-2f28-41a1-a3ed-68d0294e1867/userFiles-82c0fb09-8132-4902-bbd0-12b18db63f14/fetchFileTemp12439314062631945634.tmp has been previously copied to /tmp/spark-6687ecf6-2f28-41a1-a3ed-68d0294e1867/userFiles-82c0fb09-8132-4902-bbd0-12b18db63f14/org.apache.httpcomponents.client5_httpclient5-5.3.1.jar
[2025-07-06T12:02:31.239+0000] {spark_submit.py:634} INFO - 25/07/06 12:02:31 INFO Executor: Adding file:/tmp/spark-6687ecf6-2f28-41a1-a3ed-68d0294e1867/userFiles-82c0fb09-8132-4902-bbd0-12b18db63f14/org.apache.httpcomponents.client5_httpclient5-5.3.1.jar to class loader default
[2025-07-06T12:02:31.245+0000] {spark_submit.py:634} INFO - 25/07/06 12:02:31 INFO Utils: Successfully started service 'org.apache.spark.network.netty.NettyBlockTransferService' on port 45329.
[2025-07-06T12:02:31.246+0000] {spark_submit.py:634} INFO - 25/07/06 12:02:31 INFO NettyBlockTransferService: Server created on 320a39989f12:45329
[2025-07-06T12:02:31.246+0000] {spark_submit.py:634} INFO - 25/07/06 12:02:31 INFO BlockManager: Using org.apache.spark.storage.RandomBlockReplicationPolicy for block replication policy
[2025-07-06T12:02:31.253+0000] {spark_submit.py:634} INFO - 25/07/06 12:02:31 INFO BlockManagerMaster: Registering BlockManager BlockManagerId(driver, 320a39989f12, 45329, None)
[2025-07-06T12:02:31.330+0000] {spark_submit.py:634} INFO - 25/07/06 12:02:31 INFO BlockManagerMasterEndpoint: Registering block manager 320a39989f12:45329 with 413.9 MiB RAM, BlockManagerId(driver, 320a39989f12, 45329, None)
[2025-07-06T12:02:31.332+0000] {spark_submit.py:634} INFO - 25/07/06 12:02:31 INFO BlockManagerMaster: Registered BlockManager BlockManagerId(driver, 320a39989f12, 45329, None)
[2025-07-06T12:02:31.333+0000] {spark_submit.py:634} INFO - 25/07/06 12:02:31 INFO BlockManager: Initialized BlockManager: BlockManagerId(driver, 320a39989f12, 45329, None)
[2025-07-06T12:02:36.059+0000] {spark_submit.py:634} INFO - Python-dotenv could not parse statement starting at line 1
[2025-07-06T12:02:36.060+0000] {spark_submit.py:634} INFO - Python-dotenv could not parse statement starting at line 3
[2025-07-06T12:02:36.341+0000] {spark_submit.py:634} INFO - 25/07/06 12:02:36 WARN SparkStringUtils: Truncated the string representation of a plan since it was too large. This behavior can be adjusted by setting 'spark.sql.debug.maxToStringFields'.
[2025-07-06T12:02:38.644+0000] {spark_submit.py:634} INFO - 25/07/06 12:02:38 WARN JdbcUtils: Requested isolation level 1, but transactions are unsupported
[2025-07-06T12:02:40.853+0000] {spark_submit.py:634} INFO - ------------------------Dữ liệu đã được ghi thành công vào ClickHouse------------------------
[2025-07-06T12:02:41.155+0000] {spark_submit.py:634} INFO - -------------Stop SparkSession-------------
[2025-07-06T12:02:41.270+0000] {taskinstance.py:441} INFO - ::group::Post task execution logs
[2025-07-06T12:02:41.276+0000] {taskinstance.py:1205} INFO - Marking task as SUCCESS. dag_id=my_spark_inline, task_id=spark_write_data, execution_date=20250706T051258, start_date=20250706T120224, end_date=20250706T120241
[2025-07-06T12:02:41.327+0000] {local_task_job_runner.py:240} INFO - Task exited with return code 0
[2025-07-06T12:02:41.339+0000] {taskinstance.py:3482} INFO - 0 downstream tasks scheduled from follow-on schedule check
[2025-07-06T12:02:41.339+0000] {local_task_job_runner.py:222} INFO - ::endgroup::
