[2025-07-06T11:26:24.940+0000] {local_task_job_runner.py:120} INFO - ::group::Pre task execution logs
[2025-07-06T11:26:25.065+0000] {taskinstance.py:2073} INFO - Dependencies all met for dep_context=non-requeueable deps ti=<TaskInstance: my_spark_inline.spark_write_data manual__2025-07-06T05:12:58.943989+00:00 [queued]>
[2025-07-06T11:26:25.071+0000] {taskinstance.py:2073} INFO - Dependencies all met for dep_context=requeueable deps ti=<TaskInstance: my_spark_inline.spark_write_data manual__2025-07-06T05:12:58.943989+00:00 [queued]>
[2025-07-06T11:26:25.072+0000] {taskinstance.py:2303} INFO - Starting attempt 14 of 14
[2025-07-06T11:26:25.087+0000] {taskinstance.py:2327} INFO - Executing <Task(SparkSubmitOperator): spark_write_data> on 2025-07-06 05:12:58.943989+00:00
[2025-07-06T11:26:25.091+0000] {standard_task_runner.py:63} INFO - Started process 220 to run task
[2025-07-06T11:26:25.094+0000] {standard_task_runner.py:90} INFO - Running: ['***', 'tasks', 'run', 'my_spark_inline', 'spark_write_data', 'manual__2025-07-06T05:12:58.943989+00:00', '--job-id', '44', '--raw', '--subdir', 'DAGS_FOLDER/test_spark.py', '--cfg-path', '/tmp/tmpw7r18fc8']
[2025-07-06T11:26:25.096+0000] {standard_task_runner.py:91} INFO - Job 44: Subtask spark_write_data
[2025-07-06T11:26:25.103+0000] {logging_mixin.py:188} WARNING - /home/***/.local/lib/python3.11/site-packages/***/settings.py:195 DeprecationWarning: The sql_alchemy_conn option in [core] has been moved to the sql_alchemy_conn option in [database] - the old setting has been used, but please update your config.
[2025-07-06T11:26:25.122+0000] {task_command.py:426} INFO - Running <TaskInstance: my_spark_inline.spark_write_data manual__2025-07-06T05:12:58.943989+00:00 [running]> on host 2ea686517b6e
[2025-07-06T11:26:25.171+0000] {taskinstance.py:2644} INFO - Exporting env vars: AIRFLOW_CTX_DAG_OWNER='***' AIRFLOW_CTX_DAG_ID='my_spark_inline' AIRFLOW_CTX_TASK_ID='spark_write_data' AIRFLOW_CTX_EXECUTION_DATE='2025-07-06T05:12:58.943989+00:00' AIRFLOW_CTX_TRY_NUMBER='14' AIRFLOW_CTX_DAG_RUN_ID='manual__2025-07-06T05:12:58.943989+00:00'
[2025-07-06T11:26:25.171+0000] {taskinstance.py:430} INFO - ::endgroup::
[2025-07-06T11:26:25.194+0000] {base.py:84} INFO - Using connection ID 'spark_default' for task execution.
[2025-07-06T11:26:25.195+0000] {spark_submit.py:473} INFO - Spark-Submit cmd: spark-submit --master local[*] --conf spark.master=local[*] --packages com.clickhouse:clickhouse-jdbc:0.6.4,org.apache.httpcomponents.client5:httpclient5:5.3.1 --name arrow-spark --queue root.default --deploy-mode client /opt/***/spark_project/src/spark/spark_main.py
[2025-07-06T11:26:25.475+0000] {spark_submit.py:634} INFO - WARNING: Using incubator modules: jdk.incubator.vector
[2025-07-06T11:26:27.166+0000] {spark_submit.py:634} INFO - :: loading settings :: url = jar:file:/home/***/.local/lib/python3.11/site-packages/pyspark/jars/ivy-2.5.3.jar!/org/apache/ivy/core/settings/ivysettings.xml
[2025-07-06T11:26:27.267+0000] {spark_submit.py:634} INFO - Ivy Default Cache set to: /home/***/.ivy2.5.2/cache
[2025-07-06T11:26:27.268+0000] {spark_submit.py:634} INFO - The jars for the packages stored in: /home/***/.ivy2.5.2/jars
[2025-07-06T11:26:27.273+0000] {spark_submit.py:634} INFO - com.clickhouse#clickhouse-jdbc added as a dependency
[2025-07-06T11:26:27.273+0000] {spark_submit.py:634} INFO - org.apache.httpcomponents.client5#httpclient5 added as a dependency
[2025-07-06T11:26:27.274+0000] {spark_submit.py:634} INFO - :: resolving dependencies :: org.apache.spark#spark-submit-parent-f8d96843-bfc5-4a89-b7af-8da16e8f3406;1.0
[2025-07-06T11:26:27.274+0000] {spark_submit.py:634} INFO - confs: [default]
[2025-07-06T11:26:29.099+0000] {spark_submit.py:634} INFO - found com.clickhouse#clickhouse-jdbc;0.6.4 in central
[2025-07-06T11:26:35.663+0000] {spark_submit.py:634} INFO - found org.apache.httpcomponents.client5#httpclient5;5.3.1 in central
[2025-07-06T11:26:39.405+0000] {spark_submit.py:634} INFO - found org.apache.httpcomponents.core5#httpcore5;5.2.4 in central
[2025-07-06T11:26:40.038+0000] {spark_submit.py:634} INFO - found org.apache.httpcomponents.core5#httpcore5-h2;5.2.4 in central
[2025-07-06T11:26:41.490+0000] {spark_submit.py:634} INFO - found org.slf4j#slf4j-api;1.7.36 in central
[2025-07-06T11:26:41.772+0000] {spark_submit.py:634} INFO - downloading https://repo1.maven.org/maven2/com/clickhouse/clickhouse-jdbc/0.6.4/clickhouse-jdbc-0.6.4.jar ...
[2025-07-06T11:26:45.007+0000] {spark_submit.py:634} INFO - [SUCCESSFUL ] com.clickhouse#clickhouse-jdbc;0.6.4!clickhouse-jdbc.jar (3512ms)
[2025-07-06T11:26:45.238+0000] {spark_submit.py:634} INFO - downloading https://repo1.maven.org/maven2/org/apache/httpcomponents/client5/httpclient5/5.3.1/httpclient5-5.3.1.jar ...
[2025-07-06T11:26:47.697+0000] {spark_submit.py:634} INFO - [SUCCESSFUL ] org.apache.httpcomponents.client5#httpclient5;5.3.1!httpclient5.jar (2689ms)
[2025-07-06T11:26:48.002+0000] {spark_submit.py:634} INFO - downloading https://repo1.maven.org/maven2/org/apache/httpcomponents/core5/httpcore5/5.2.4/httpcore5-5.2.4.jar ...
[2025-07-06T11:26:49.563+0000] {spark_submit.py:634} INFO - [SUCCESSFUL ] org.apache.httpcomponents.core5#httpcore5;5.2.4!httpcore5.jar (1865ms)
[2025-07-06T11:26:49.847+0000] {spark_submit.py:634} INFO - downloading https://repo1.maven.org/maven2/org/apache/httpcomponents/core5/httpcore5-h2/5.2.4/httpcore5-h2-5.2.4.jar ...
[2025-07-06T11:26:50.977+0000] {spark_submit.py:634} INFO - [SUCCESSFUL ] org.apache.httpcomponents.core5#httpcore5-h2;5.2.4!httpcore5-h2.jar (1413ms)
[2025-07-06T11:26:51.279+0000] {spark_submit.py:634} INFO - downloading https://repo1.maven.org/maven2/org/slf4j/slf4j-api/1.7.36/slf4j-api-1.7.36.jar ...
[2025-07-06T11:26:51.605+0000] {spark_submit.py:634} INFO - [SUCCESSFUL ] org.slf4j#slf4j-api;1.7.36!slf4j-api.jar (628ms)
[2025-07-06T11:26:51.606+0000] {spark_submit.py:634} INFO - :: resolution report :: resolve 14220ms :: artifacts dl 10111ms
[2025-07-06T11:26:51.606+0000] {spark_submit.py:634} INFO - :: modules in use:
[2025-07-06T11:26:51.606+0000] {spark_submit.py:634} INFO - com.clickhouse#clickhouse-jdbc;0.6.4 from central in [default]
[2025-07-06T11:26:51.606+0000] {spark_submit.py:634} INFO - org.apache.httpcomponents.client5#httpclient5;5.3.1 from central in [default]
[2025-07-06T11:26:51.606+0000] {spark_submit.py:634} INFO - org.apache.httpcomponents.core5#httpcore5;5.2.4 from central in [default]
[2025-07-06T11:26:51.606+0000] {spark_submit.py:634} INFO - org.apache.httpcomponents.core5#httpcore5-h2;5.2.4 from central in [default]
[2025-07-06T11:26:51.606+0000] {spark_submit.py:634} INFO - org.slf4j#slf4j-api;1.7.36 from central in [default]
[2025-07-06T11:26:51.607+0000] {spark_submit.py:634} INFO - ---------------------------------------------------------------------
[2025-07-06T11:26:51.607+0000] {spark_submit.py:634} INFO - |                  |            modules            ||   artifacts   |
[2025-07-06T11:26:51.607+0000] {spark_submit.py:634} INFO - |       conf       | number| search|dwnlded|evicted|| number|dwnlded|
[2025-07-06T11:26:51.607+0000] {spark_submit.py:634} INFO - ---------------------------------------------------------------------
[2025-07-06T11:26:51.607+0000] {spark_submit.py:634} INFO - |      default     |   5   |   5   |   5   |   0   ||   5   |   5   |
[2025-07-06T11:26:51.607+0000] {spark_submit.py:634} INFO - ---------------------------------------------------------------------
[2025-07-06T11:26:51.610+0000] {spark_submit.py:634} INFO - :: retrieving :: org.apache.spark#spark-submit-parent-f8d96843-bfc5-4a89-b7af-8da16e8f3406
[2025-07-06T11:26:51.610+0000] {spark_submit.py:634} INFO - confs: [default]
[2025-07-06T11:26:51.618+0000] {spark_submit.py:634} INFO - 5 artifacts copied, 0 already retrieved (3220kB/8ms)
[2025-07-06T11:26:51.973+0000] {spark_submit.py:634} INFO - 25/07/06 11:26:51 WARN NativeCodeLoader: Unable to load native-hadoop library for your platform... using builtin-java classes where applicable
[2025-07-06T11:26:53.931+0000] {spark_submit.py:634} INFO - Using Spark's default log4j profile: org/apache/spark/log4j2-defaults.properties
[2025-07-06T11:26:53.970+0000] {spark_submit.py:634} INFO - 25/07/06 11:26:53 INFO SparkContext: Running Spark version 4.0.0
[2025-07-06T11:26:53.971+0000] {spark_submit.py:634} INFO - 25/07/06 11:26:53 INFO SparkContext: OS info Linux, 6.8.0-60-generic, amd64
[2025-07-06T11:26:53.971+0000] {spark_submit.py:634} INFO - 25/07/06 11:26:53 INFO SparkContext: Java version 17.0.15
[2025-07-06T11:26:53.987+0000] {spark_submit.py:634} INFO - 25/07/06 11:26:53 INFO ResourceUtils: ==============================================================
[2025-07-06T11:26:53.987+0000] {spark_submit.py:634} INFO - 25/07/06 11:26:53 INFO ResourceUtils: No custom resources configured for spark.driver.
[2025-07-06T11:26:53.987+0000] {spark_submit.py:634} INFO - 25/07/06 11:26:53 INFO ResourceUtils: ==============================================================
[2025-07-06T11:26:53.988+0000] {spark_submit.py:634} INFO - 25/07/06 11:26:53 INFO SparkContext: Submitted application: thanhdz
[2025-07-06T11:26:54.003+0000] {spark_submit.py:634} INFO - 25/07/06 11:26:54 INFO ResourceProfile: Default ResourceProfile created, executor resources: Map(cores -> name: cores, amount: 2, script: , vendor: , memory -> name: memory, amount: 4096, script: , vendor: , offHeap -> name: offHeap, amount: 0, script: , vendor: ), task resources: Map(cpus -> name: cpus, amount: 1.0)
[2025-07-06T11:26:54.006+0000] {spark_submit.py:634} INFO - 25/07/06 11:26:54 INFO ResourceProfile: Limiting resource is cpus at 2 tasks per executor
[2025-07-06T11:26:54.007+0000] {spark_submit.py:634} INFO - 25/07/06 11:26:54 INFO ResourceProfileManager: Added ResourceProfile id: 0
[2025-07-06T11:26:54.100+0000] {spark_submit.py:634} INFO - 25/07/06 11:26:54 INFO SecurityManager: Changing view acls to: ***
[2025-07-06T11:26:54.100+0000] {spark_submit.py:634} INFO - 25/07/06 11:26:54 INFO SecurityManager: Changing modify acls to: ***
[2025-07-06T11:26:54.100+0000] {spark_submit.py:634} INFO - 25/07/06 11:26:54 INFO SecurityManager: Changing view acls groups to: ***
[2025-07-06T11:26:54.100+0000] {spark_submit.py:634} INFO - 25/07/06 11:26:54 INFO SecurityManager: Changing modify acls groups to: ***
[2025-07-06T11:26:54.102+0000] {spark_submit.py:634} INFO - 25/07/06 11:26:54 INFO SecurityManager: SecurityManager: authentication disabled; ui acls disabled; users with view permissions: *** groups with view permissions: EMPTY; users with modify permissions: ***; groups with modify permissions: EMPTY; RPC SSL disabled
[2025-07-06T11:26:54.388+0000] {spark_submit.py:634} INFO - 25/07/06 11:26:54 INFO Utils: Successfully started service 'sparkDriver' on port 41517.
[2025-07-06T11:26:54.407+0000] {spark_submit.py:634} INFO - 25/07/06 11:26:54 INFO SparkEnv: Registering MapOutputTracker
[2025-07-06T11:26:54.415+0000] {spark_submit.py:634} INFO - 25/07/06 11:26:54 INFO SparkEnv: Registering BlockManagerMaster
[2025-07-06T11:26:54.425+0000] {spark_submit.py:634} INFO - 25/07/06 11:26:54 INFO BlockManagerMasterEndpoint: Using org.apache.spark.storage.DefaultTopologyMapper for getting topology information
[2025-07-06T11:26:54.425+0000] {spark_submit.py:634} INFO - 25/07/06 11:26:54 INFO BlockManagerMasterEndpoint: BlockManagerMasterEndpoint up
[2025-07-06T11:26:54.466+0000] {spark_submit.py:634} INFO - 25/07/06 11:26:54 INFO SparkEnv: Registering BlockManagerMasterHeartbeat
[2025-07-06T11:26:54.482+0000] {spark_submit.py:634} INFO - 25/07/06 11:26:54 INFO DiskBlockManager: Created local directory at /tmp/blockmgr-6f8dd0e0-2e35-4df0-b0e5-1d4be9c94c22
[2025-07-06T11:26:54.496+0000] {spark_submit.py:634} INFO - 25/07/06 11:26:54 INFO SparkEnv: Registering OutputCommitCoordinator
[2025-07-06T11:26:54.671+0000] {spark_submit.py:634} INFO - 25/07/06 11:26:54 INFO JettyUtils: Start Jetty 0.0.0.0:4040 for SparkUI
[2025-07-06T11:26:54.773+0000] {spark_submit.py:634} INFO - 25/07/06 11:26:54 INFO Utils: Successfully started service 'SparkUI' on port 4040.
[2025-07-06T11:26:54.797+0000] {spark_submit.py:634} INFO - 25/07/06 11:26:54 INFO SparkContext: Added JAR file:///home/***/.ivy2.5.2/jars/com.clickhouse_clickhouse-jdbc-0.6.4.jar at spark://2ea686517b6e:41517/jars/com.clickhouse_clickhouse-jdbc-0.6.4.jar with timestamp 1751801213922
[2025-07-06T11:26:54.797+0000] {spark_submit.py:634} INFO - 25/07/06 11:26:54 INFO SparkContext: Added JAR file:///home/***/.ivy2.5.2/jars/org.apache.httpcomponents.client5_httpclient5-5.3.1.jar at spark://2ea686517b6e:41517/jars/org.apache.httpcomponents.client5_httpclient5-5.3.1.jar with timestamp 1751801213922
[2025-07-06T11:26:54.797+0000] {spark_submit.py:634} INFO - 25/07/06 11:26:54 INFO SparkContext: Added JAR file:///home/***/.ivy2.5.2/jars/org.apache.httpcomponents.core5_httpcore5-5.2.4.jar at spark://2ea686517b6e:41517/jars/org.apache.httpcomponents.core5_httpcore5-5.2.4.jar with timestamp 1751801213922
[2025-07-06T11:26:54.798+0000] {spark_submit.py:634} INFO - 25/07/06 11:26:54 INFO SparkContext: Added JAR file:///home/***/.ivy2.5.2/jars/org.apache.httpcomponents.core5_httpcore5-h2-5.2.4.jar at spark://2ea686517b6e:41517/jars/org.apache.httpcomponents.core5_httpcore5-h2-5.2.4.jar with timestamp 1751801213922
[2025-07-06T11:26:54.798+0000] {spark_submit.py:634} INFO - 25/07/06 11:26:54 INFO SparkContext: Added JAR file:///home/***/.ivy2.5.2/jars/org.slf4j_slf4j-api-1.7.36.jar at spark://2ea686517b6e:41517/jars/org.slf4j_slf4j-api-1.7.36.jar with timestamp 1751801213922
[2025-07-06T11:26:54.800+0000] {spark_submit.py:634} INFO - 25/07/06 11:26:54 INFO SparkContext: Added file file:///home/***/.ivy2.5.2/jars/com.clickhouse_clickhouse-jdbc-0.6.4.jar at file:///home/***/.ivy2.5.2/jars/com.clickhouse_clickhouse-jdbc-0.6.4.jar with timestamp 1751801213922
[2025-07-06T11:26:54.801+0000] {spark_submit.py:634} INFO - 25/07/06 11:26:54 INFO Utils: Copying /home/***/.ivy2.5.2/jars/com.clickhouse_clickhouse-jdbc-0.6.4.jar to /tmp/spark-a5191945-fcdd-4f67-8cdd-07d76f91687d/userFiles-d7466546-b12d-46c8-a875-fdb9e17a99c6/com.clickhouse_clickhouse-jdbc-0.6.4.jar
[2025-07-06T11:26:54.872+0000] {spark_submit.py:634} INFO - 25/07/06 11:26:54 INFO SparkContext: Added file file:///home/***/.ivy2.5.2/jars/org.apache.httpcomponents.client5_httpclient5-5.3.1.jar at file:///home/***/.ivy2.5.2/jars/org.apache.httpcomponents.client5_httpclient5-5.3.1.jar with timestamp 1751801213922
[2025-07-06T11:26:54.873+0000] {spark_submit.py:634} INFO - 25/07/06 11:26:54 INFO Utils: Copying /home/***/.ivy2.5.2/jars/org.apache.httpcomponents.client5_httpclient5-5.3.1.jar to /tmp/spark-a5191945-fcdd-4f67-8cdd-07d76f91687d/userFiles-d7466546-b12d-46c8-a875-fdb9e17a99c6/org.apache.httpcomponents.client5_httpclient5-5.3.1.jar
[2025-07-06T11:26:54.878+0000] {spark_submit.py:634} INFO - 25/07/06 11:26:54 INFO SparkContext: Added file file:///home/***/.ivy2.5.2/jars/org.apache.httpcomponents.core5_httpcore5-5.2.4.jar at file:///home/***/.ivy2.5.2/jars/org.apache.httpcomponents.core5_httpcore5-5.2.4.jar with timestamp 1751801213922
[2025-07-06T11:26:54.878+0000] {spark_submit.py:634} INFO - 25/07/06 11:26:54 INFO Utils: Copying /home/***/.ivy2.5.2/jars/org.apache.httpcomponents.core5_httpcore5-5.2.4.jar to /tmp/spark-a5191945-fcdd-4f67-8cdd-07d76f91687d/userFiles-d7466546-b12d-46c8-a875-fdb9e17a99c6/org.apache.httpcomponents.core5_httpcore5-5.2.4.jar
[2025-07-06T11:26:54.883+0000] {spark_submit.py:634} INFO - 25/07/06 11:26:54 INFO SparkContext: Added file file:///home/***/.ivy2.5.2/jars/org.apache.httpcomponents.core5_httpcore5-h2-5.2.4.jar at file:///home/***/.ivy2.5.2/jars/org.apache.httpcomponents.core5_httpcore5-h2-5.2.4.jar with timestamp 1751801213922
[2025-07-06T11:26:54.883+0000] {spark_submit.py:634} INFO - 25/07/06 11:26:54 INFO Utils: Copying /home/***/.ivy2.5.2/jars/org.apache.httpcomponents.core5_httpcore5-h2-5.2.4.jar to /tmp/spark-a5191945-fcdd-4f67-8cdd-07d76f91687d/userFiles-d7466546-b12d-46c8-a875-fdb9e17a99c6/org.apache.httpcomponents.core5_httpcore5-h2-5.2.4.jar
[2025-07-06T11:26:54.888+0000] {spark_submit.py:634} INFO - 25/07/06 11:26:54 INFO SparkContext: Added file file:///home/***/.ivy2.5.2/jars/org.slf4j_slf4j-api-1.7.36.jar at file:///home/***/.ivy2.5.2/jars/org.slf4j_slf4j-api-1.7.36.jar with timestamp 1751801213922
[2025-07-06T11:26:54.888+0000] {spark_submit.py:634} INFO - 25/07/06 11:26:54 INFO Utils: Copying /home/***/.ivy2.5.2/jars/org.slf4j_slf4j-api-1.7.36.jar to /tmp/spark-a5191945-fcdd-4f67-8cdd-07d76f91687d/userFiles-d7466546-b12d-46c8-a875-fdb9e17a99c6/org.slf4j_slf4j-api-1.7.36.jar
[2025-07-06T11:26:54.905+0000] {spark_submit.py:634} INFO - 25/07/06 11:26:54 INFO SecurityManager: Changing view acls to: ***
[2025-07-06T11:26:54.905+0000] {spark_submit.py:634} INFO - 25/07/06 11:26:54 INFO SecurityManager: Changing modify acls to: ***
[2025-07-06T11:26:54.966+0000] {spark_submit.py:634} INFO - 25/07/06 11:26:54 INFO SecurityManager: Changing view acls groups to: ***
[2025-07-06T11:26:54.966+0000] {spark_submit.py:634} INFO - 25/07/06 11:26:54 INFO SecurityManager: Changing modify acls groups to: ***
[2025-07-06T11:26:54.967+0000] {spark_submit.py:634} INFO - 25/07/06 11:26:54 INFO SecurityManager: SecurityManager: authentication disabled; ui acls disabled; users with view permissions: *** groups with view permissions: EMPTY; users with modify permissions: ***; groups with modify permissions: EMPTY; RPC SSL disabled
[2025-07-06T11:26:55.108+0000] {spark_submit.py:634} INFO - 25/07/06 11:26:55 INFO Executor: Starting executor ID driver on host 2ea686517b6e
[2025-07-06T11:26:55.108+0000] {spark_submit.py:634} INFO - 25/07/06 11:26:55 INFO Executor: OS info Linux, 6.8.0-60-generic, amd64
[2025-07-06T11:26:55.108+0000] {spark_submit.py:634} INFO - 25/07/06 11:26:55 INFO Executor: Java version 17.0.15
[2025-07-06T11:26:55.168+0000] {spark_submit.py:634} INFO - 25/07/06 11:26:55 INFO Executor: Starting executor with user classpath (userClassPathFirst = false): ''
[2025-07-06T11:26:55.169+0000] {spark_submit.py:634} INFO - 25/07/06 11:26:55 INFO Executor: Created or updated repl class loader org.apache.spark.util.MutableURLClassLoader@2bc3556 for default.
[2025-07-06T11:26:55.177+0000] {spark_submit.py:634} INFO - 25/07/06 11:26:55 INFO Executor: Fetching file:///home/***/.ivy2.5.2/jars/com.clickhouse_clickhouse-jdbc-0.6.4.jar with timestamp 1751801213922
[2025-07-06T11:26:55.187+0000] {spark_submit.py:634} INFO - 25/07/06 11:26:55 INFO Utils: /home/***/.ivy2.5.2/jars/com.clickhouse_clickhouse-jdbc-0.6.4.jar has been previously copied to /tmp/spark-a5191945-fcdd-4f67-8cdd-07d76f91687d/userFiles-d7466546-b12d-46c8-a875-fdb9e17a99c6/com.clickhouse_clickhouse-jdbc-0.6.4.jar
[2025-07-06T11:26:55.191+0000] {spark_submit.py:634} INFO - 25/07/06 11:26:55 INFO Executor: Fetching file:///home/***/.ivy2.5.2/jars/org.apache.httpcomponents.client5_httpclient5-5.3.1.jar with timestamp 1751801213922
[2025-07-06T11:26:55.192+0000] {spark_submit.py:634} INFO - 25/07/06 11:26:55 INFO Utils: /home/***/.ivy2.5.2/jars/org.apache.httpcomponents.client5_httpclient5-5.3.1.jar has been previously copied to /tmp/spark-a5191945-fcdd-4f67-8cdd-07d76f91687d/userFiles-d7466546-b12d-46c8-a875-fdb9e17a99c6/org.apache.httpcomponents.client5_httpclient5-5.3.1.jar
[2025-07-06T11:26:55.196+0000] {spark_submit.py:634} INFO - 25/07/06 11:26:55 INFO Executor: Fetching file:///home/***/.ivy2.5.2/jars/org.apache.httpcomponents.core5_httpcore5-5.2.4.jar with timestamp 1751801213922
[2025-07-06T11:26:55.197+0000] {spark_submit.py:634} INFO - 25/07/06 11:26:55 INFO Utils: /home/***/.ivy2.5.2/jars/org.apache.httpcomponents.core5_httpcore5-5.2.4.jar has been previously copied to /tmp/spark-a5191945-fcdd-4f67-8cdd-07d76f91687d/userFiles-d7466546-b12d-46c8-a875-fdb9e17a99c6/org.apache.httpcomponents.core5_httpcore5-5.2.4.jar
[2025-07-06T11:26:55.200+0000] {spark_submit.py:634} INFO - 25/07/06 11:26:55 INFO Executor: Fetching file:///home/***/.ivy2.5.2/jars/org.apache.httpcomponents.core5_httpcore5-h2-5.2.4.jar with timestamp 1751801213922
[2025-07-06T11:26:55.201+0000] {spark_submit.py:634} INFO - 25/07/06 11:26:55 INFO Utils: /home/***/.ivy2.5.2/jars/org.apache.httpcomponents.core5_httpcore5-h2-5.2.4.jar has been previously copied to /tmp/spark-a5191945-fcdd-4f67-8cdd-07d76f91687d/userFiles-d7466546-b12d-46c8-a875-fdb9e17a99c6/org.apache.httpcomponents.core5_httpcore5-h2-5.2.4.jar
[2025-07-06T11:26:55.204+0000] {spark_submit.py:634} INFO - 25/07/06 11:26:55 INFO Executor: Fetching file:///home/***/.ivy2.5.2/jars/org.slf4j_slf4j-api-1.7.36.jar with timestamp 1751801213922
[2025-07-06T11:26:55.204+0000] {spark_submit.py:634} INFO - 25/07/06 11:26:55 INFO Utils: /home/***/.ivy2.5.2/jars/org.slf4j_slf4j-api-1.7.36.jar has been previously copied to /tmp/spark-a5191945-fcdd-4f67-8cdd-07d76f91687d/userFiles-d7466546-b12d-46c8-a875-fdb9e17a99c6/org.slf4j_slf4j-api-1.7.36.jar
[2025-07-06T11:26:55.210+0000] {spark_submit.py:634} INFO - 25/07/06 11:26:55 INFO Executor: Fetching spark://2ea686517b6e:41517/jars/org.apache.httpcomponents.core5_httpcore5-h2-5.2.4.jar with timestamp 1751801213922
[2025-07-06T11:26:55.268+0000] {spark_submit.py:634} INFO - 25/07/06 11:26:55 INFO TransportClientFactory: Successfully created connection to 2ea686517b6e/172.21.0.9:41517 after 13 ms (0 ms spent in bootstraps)
[2025-07-06T11:26:55.272+0000] {spark_submit.py:634} INFO - 25/07/06 11:26:55 INFO Utils: Fetching spark://2ea686517b6e:41517/jars/org.apache.httpcomponents.core5_httpcore5-h2-5.2.4.jar to /tmp/spark-a5191945-fcdd-4f67-8cdd-07d76f91687d/userFiles-d7466546-b12d-46c8-a875-fdb9e17a99c6/fetchFileTemp7330987175373711836.tmp
[2025-07-06T11:26:55.282+0000] {spark_submit.py:634} INFO - 25/07/06 11:26:55 INFO Utils: /tmp/spark-a5191945-fcdd-4f67-8cdd-07d76f91687d/userFiles-d7466546-b12d-46c8-a875-fdb9e17a99c6/fetchFileTemp7330987175373711836.tmp has been previously copied to /tmp/spark-a5191945-fcdd-4f67-8cdd-07d76f91687d/userFiles-d7466546-b12d-46c8-a875-fdb9e17a99c6/org.apache.httpcomponents.core5_httpcore5-h2-5.2.4.jar
[2025-07-06T11:26:55.288+0000] {spark_submit.py:634} INFO - 25/07/06 11:26:55 INFO Executor: Adding file:/tmp/spark-a5191945-fcdd-4f67-8cdd-07d76f91687d/userFiles-d7466546-b12d-46c8-a875-fdb9e17a99c6/org.apache.httpcomponents.core5_httpcore5-h2-5.2.4.jar to class loader default
[2025-07-06T11:26:55.288+0000] {spark_submit.py:634} INFO - 25/07/06 11:26:55 INFO Executor: Fetching spark://2ea686517b6e:41517/jars/org.slf4j_slf4j-api-1.7.36.jar with timestamp 1751801213922
[2025-07-06T11:26:55.289+0000] {spark_submit.py:634} INFO - 25/07/06 11:26:55 INFO Utils: Fetching spark://2ea686517b6e:41517/jars/org.slf4j_slf4j-api-1.7.36.jar to /tmp/spark-a5191945-fcdd-4f67-8cdd-07d76f91687d/userFiles-d7466546-b12d-46c8-a875-fdb9e17a99c6/fetchFileTemp8288679879606902854.tmp
[2025-07-06T11:26:55.289+0000] {spark_submit.py:634} INFO - 25/07/06 11:26:55 INFO Utils: /tmp/spark-a5191945-fcdd-4f67-8cdd-07d76f91687d/userFiles-d7466546-b12d-46c8-a875-fdb9e17a99c6/fetchFileTemp8288679879606902854.tmp has been previously copied to /tmp/spark-a5191945-fcdd-4f67-8cdd-07d76f91687d/userFiles-d7466546-b12d-46c8-a875-fdb9e17a99c6/org.slf4j_slf4j-api-1.7.36.jar
[2025-07-06T11:26:55.293+0000] {spark_submit.py:634} INFO - 25/07/06 11:26:55 INFO Executor: Adding file:/tmp/spark-a5191945-fcdd-4f67-8cdd-07d76f91687d/userFiles-d7466546-b12d-46c8-a875-fdb9e17a99c6/org.slf4j_slf4j-api-1.7.36.jar to class loader default
[2025-07-06T11:26:55.293+0000] {spark_submit.py:634} INFO - 25/07/06 11:26:55 INFO Executor: Fetching spark://2ea686517b6e:41517/jars/org.apache.httpcomponents.client5_httpclient5-5.3.1.jar with timestamp 1751801213922
[2025-07-06T11:26:55.294+0000] {spark_submit.py:634} INFO - 25/07/06 11:26:55 INFO Utils: Fetching spark://2ea686517b6e:41517/jars/org.apache.httpcomponents.client5_httpclient5-5.3.1.jar to /tmp/spark-a5191945-fcdd-4f67-8cdd-07d76f91687d/userFiles-d7466546-b12d-46c8-a875-fdb9e17a99c6/fetchFileTemp7412677342062726033.tmp
[2025-07-06T11:26:55.296+0000] {spark_submit.py:634} INFO - 25/07/06 11:26:55 INFO Utils: /tmp/spark-a5191945-fcdd-4f67-8cdd-07d76f91687d/userFiles-d7466546-b12d-46c8-a875-fdb9e17a99c6/fetchFileTemp7412677342062726033.tmp has been previously copied to /tmp/spark-a5191945-fcdd-4f67-8cdd-07d76f91687d/userFiles-d7466546-b12d-46c8-a875-fdb9e17a99c6/org.apache.httpcomponents.client5_httpclient5-5.3.1.jar
[2025-07-06T11:26:55.301+0000] {spark_submit.py:634} INFO - 25/07/06 11:26:55 INFO Executor: Adding file:/tmp/spark-a5191945-fcdd-4f67-8cdd-07d76f91687d/userFiles-d7466546-b12d-46c8-a875-fdb9e17a99c6/org.apache.httpcomponents.client5_httpclient5-5.3.1.jar to class loader default
[2025-07-06T11:26:55.301+0000] {spark_submit.py:634} INFO - 25/07/06 11:26:55 INFO Executor: Fetching spark://2ea686517b6e:41517/jars/com.clickhouse_clickhouse-jdbc-0.6.4.jar with timestamp 1751801213922
[2025-07-06T11:26:55.301+0000] {spark_submit.py:634} INFO - 25/07/06 11:26:55 INFO Utils: Fetching spark://2ea686517b6e:41517/jars/com.clickhouse_clickhouse-jdbc-0.6.4.jar to /tmp/spark-a5191945-fcdd-4f67-8cdd-07d76f91687d/userFiles-d7466546-b12d-46c8-a875-fdb9e17a99c6/fetchFileTemp15749692587727152114.tmp
[2025-07-06T11:26:55.304+0000] {spark_submit.py:634} INFO - 25/07/06 11:26:55 INFO Utils: /tmp/spark-a5191945-fcdd-4f67-8cdd-07d76f91687d/userFiles-d7466546-b12d-46c8-a875-fdb9e17a99c6/fetchFileTemp15749692587727152114.tmp has been previously copied to /tmp/spark-a5191945-fcdd-4f67-8cdd-07d76f91687d/userFiles-d7466546-b12d-46c8-a875-fdb9e17a99c6/com.clickhouse_clickhouse-jdbc-0.6.4.jar
[2025-07-06T11:26:55.307+0000] {spark_submit.py:634} INFO - 25/07/06 11:26:55 INFO Executor: Adding file:/tmp/spark-a5191945-fcdd-4f67-8cdd-07d76f91687d/userFiles-d7466546-b12d-46c8-a875-fdb9e17a99c6/com.clickhouse_clickhouse-jdbc-0.6.4.jar to class loader default
[2025-07-06T11:26:55.307+0000] {spark_submit.py:634} INFO - 25/07/06 11:26:55 INFO Executor: Fetching spark://2ea686517b6e:41517/jars/org.apache.httpcomponents.core5_httpcore5-5.2.4.jar with timestamp 1751801213922
[2025-07-06T11:26:55.308+0000] {spark_submit.py:634} INFO - 25/07/06 11:26:55 INFO Utils: Fetching spark://2ea686517b6e:41517/jars/org.apache.httpcomponents.core5_httpcore5-5.2.4.jar to /tmp/spark-a5191945-fcdd-4f67-8cdd-07d76f91687d/userFiles-d7466546-b12d-46c8-a875-fdb9e17a99c6/fetchFileTemp13966987800464095744.tmp
[2025-07-06T11:26:55.367+0000] {spark_submit.py:634} INFO - 25/07/06 11:26:55 INFO Utils: /tmp/spark-a5191945-fcdd-4f67-8cdd-07d76f91687d/userFiles-d7466546-b12d-46c8-a875-fdb9e17a99c6/fetchFileTemp13966987800464095744.tmp has been previously copied to /tmp/spark-a5191945-fcdd-4f67-8cdd-07d76f91687d/userFiles-d7466546-b12d-46c8-a875-fdb9e17a99c6/org.apache.httpcomponents.core5_httpcore5-5.2.4.jar
[2025-07-06T11:26:55.372+0000] {spark_submit.py:634} INFO - 25/07/06 11:26:55 INFO Executor: Adding file:/tmp/spark-a5191945-fcdd-4f67-8cdd-07d76f91687d/userFiles-d7466546-b12d-46c8-a875-fdb9e17a99c6/org.apache.httpcomponents.core5_httpcore5-5.2.4.jar to class loader default
[2025-07-06T11:26:55.379+0000] {spark_submit.py:634} INFO - 25/07/06 11:26:55 INFO Utils: Successfully started service 'org.apache.spark.network.netty.NettyBlockTransferService' on port 37435.
[2025-07-06T11:26:55.379+0000] {spark_submit.py:634} INFO - 25/07/06 11:26:55 INFO NettyBlockTransferService: Server created on 2ea686517b6e:37435
[2025-07-06T11:26:55.380+0000] {spark_submit.py:634} INFO - 25/07/06 11:26:55 INFO BlockManager: Using org.apache.spark.storage.RandomBlockReplicationPolicy for block replication policy
[2025-07-06T11:26:55.388+0000] {spark_submit.py:634} INFO - 25/07/06 11:26:55 INFO BlockManagerMaster: Registering BlockManager BlockManagerId(driver, 2ea686517b6e, 37435, None)
[2025-07-06T11:26:55.393+0000] {spark_submit.py:634} INFO - 25/07/06 11:26:55 INFO BlockManagerMasterEndpoint: Registering block manager 2ea686517b6e:37435 with 413.9 MiB RAM, BlockManagerId(driver, 2ea686517b6e, 37435, None)
[2025-07-06T11:26:55.395+0000] {spark_submit.py:634} INFO - 25/07/06 11:26:55 INFO BlockManagerMaster: Registered BlockManager BlockManagerId(driver, 2ea686517b6e, 37435, None)
[2025-07-06T11:26:55.396+0000] {spark_submit.py:634} INFO - 25/07/06 11:26:55 INFO BlockManager: Initialized BlockManager: BlockManagerId(driver, 2ea686517b6e, 37435, None)
[2025-07-06T11:27:01.912+0000] {spark_submit.py:634} INFO - Python-dotenv could not parse statement starting at line 1
[2025-07-06T11:27:02.229+0000] {spark_submit.py:634} INFO - 25/07/06 11:27:02 WARN SparkStringUtils: Truncated the string representation of a plan since it was too large. This behavior can be adjusted by setting 'spark.sql.debug.maxToStringFields'.
[2025-07-06T11:27:04.602+0000] {spark_submit.py:634} INFO - 25/07/06 11:27:04 WARN JdbcUtils: Requested isolation level 1, but transactions are unsupported
[2025-07-06T11:27:07.578+0000] {spark_submit.py:634} INFO - ------------------------Dữ liệu đã được ghi thành công vào ClickHouse------------------------
[2025-07-06T11:27:07.768+0000] {spark_submit.py:634} INFO - -------------Stop SparkSession-------------
[2025-07-06T11:27:08.075+0000] {taskinstance.py:441} INFO - ::group::Post task execution logs
[2025-07-06T11:27:08.083+0000] {taskinstance.py:1205} INFO - Marking task as SUCCESS. dag_id=my_spark_inline, task_id=spark_write_data, execution_date=20250706T051258, start_date=20250706T112625, end_date=20250706T112708
[2025-07-06T11:27:08.128+0000] {local_task_job_runner.py:240} INFO - Task exited with return code 0
[2025-07-06T11:27:08.172+0000] {taskinstance.py:3482} INFO - 0 downstream tasks scheduled from follow-on schedule check
[2025-07-06T11:27:08.174+0000] {local_task_job_runner.py:222} INFO - ::endgroup::
