[2025-07-06T12:25:39.906+0000] {local_task_job_runner.py:120} INFO - ::group::Pre task execution logs
[2025-07-06T12:25:39.924+0000] {taskinstance.py:2073} INFO - Dependencies all met for dep_context=non-requeueable deps ti=<TaskInstance: my_spark_inline.spark_write_data manual__2025-07-06T05:12:58.943989+00:00 [queued]>
[2025-07-06T12:25:40.020+0000] {taskinstance.py:2073} INFO - Dependencies all met for dep_context=requeueable deps ti=<TaskInstance: my_spark_inline.spark_write_data manual__2025-07-06T05:12:58.943989+00:00 [queued]>
[2025-07-06T12:25:40.020+0000] {taskinstance.py:2303} INFO - Starting attempt 28 of 28
[2025-07-06T12:25:40.029+0000] {taskinstance.py:2327} INFO - Executing <Task(SparkSubmitOperator): spark_write_data> on 2025-07-06 05:12:58.943989+00:00
[2025-07-06T12:25:40.033+0000] {standard_task_runner.py:63} INFO - Started process 2435 to run task
[2025-07-06T12:25:40.037+0000] {standard_task_runner.py:90} INFO - Running: ['***', 'tasks', 'run', 'my_spark_inline', 'spark_write_data', 'manual__2025-07-06T05:12:58.943989+00:00', '--job-id', '62', '--raw', '--subdir', 'DAGS_FOLDER/test_spark.py', '--cfg-path', '/tmp/tmpfm9nlb9d']
[2025-07-06T12:25:40.038+0000] {standard_task_runner.py:91} INFO - Job 62: Subtask spark_write_data
[2025-07-06T12:25:40.052+0000] {logging_mixin.py:188} WARNING - /home/***/.local/lib/python3.11/site-packages/***/settings.py:195 DeprecationWarning: The sql_alchemy_conn option in [core] has been moved to the sql_alchemy_conn option in [database] - the old setting has been used, but please update your config.
[2025-07-06T12:25:40.076+0000] {task_command.py:426} INFO - Running <TaskInstance: my_spark_inline.spark_write_data manual__2025-07-06T05:12:58.943989+00:00 [running]> on host 320a39989f12
[2025-07-06T12:25:40.133+0000] {taskinstance.py:2644} INFO - Exporting env vars: AIRFLOW_CTX_DAG_OWNER='***' AIRFLOW_CTX_DAG_ID='my_spark_inline' AIRFLOW_CTX_TASK_ID='spark_write_data' AIRFLOW_CTX_EXECUTION_DATE='2025-07-06T05:12:58.943989+00:00' AIRFLOW_CTX_TRY_NUMBER='28' AIRFLOW_CTX_DAG_RUN_ID='manual__2025-07-06T05:12:58.943989+00:00'
[2025-07-06T12:25:40.134+0000] {taskinstance.py:430} INFO - ::endgroup::
[2025-07-06T12:25:40.145+0000] {base.py:84} INFO - Using connection ID 'spark-master' for task execution.
[2025-07-06T12:25:40.145+0000] {spark_submit.py:473} INFO - Spark-Submit cmd: spark-submit --master spark-master:7077 --packages com.clickhouse:clickhouse-jdbc:0.6.4,org.apache.httpcomponents.client5:httpclient5:5.3.1, --name arrow-spark --deploy-mode client /opt/***/spark_project/src/spark/spark_main.py
[2025-07-06T12:25:40.346+0000] {spark_submit.py:634} INFO - WARNING: Using incubator modules: jdk.incubator.vector
[2025-07-06T12:25:41.844+0000] {spark_submit.py:634} INFO - :: loading settings :: url = jar:file:/home/***/.local/lib/python3.11/site-packages/pyspark/jars/ivy-2.5.3.jar!/org/apache/ivy/core/settings/ivysettings.xml
[2025-07-06T12:25:41.940+0000] {spark_submit.py:634} INFO - Ivy Default Cache set to: /home/***/.ivy2.5.2/cache
[2025-07-06T12:25:41.940+0000] {spark_submit.py:634} INFO - The jars for the packages stored in: /home/***/.ivy2.5.2/jars
[2025-07-06T12:25:41.943+0000] {spark_submit.py:634} INFO - com.clickhouse#clickhouse-jdbc added as a dependency
[2025-07-06T12:25:41.943+0000] {spark_submit.py:634} INFO - org.apache.httpcomponents.client5#httpclient5 added as a dependency
[2025-07-06T12:25:41.943+0000] {spark_submit.py:634} INFO - :: resolving dependencies :: org.apache.spark#spark-submit-parent-263a2786-bfc5-45ac-8d8e-9f93e0cc73a8;1.0
[2025-07-06T12:25:41.943+0000] {spark_submit.py:634} INFO - confs: [default]
[2025-07-06T12:25:42.131+0000] {spark_submit.py:634} INFO - found com.clickhouse#clickhouse-jdbc;0.6.4 in central
[2025-07-06T12:25:42.149+0000] {spark_submit.py:634} INFO - found org.apache.httpcomponents.client5#httpclient5;5.3.1 in central
[2025-07-06T12:25:42.228+0000] {spark_submit.py:634} INFO - found org.apache.httpcomponents.core5#httpcore5;5.2.4 in central
[2025-07-06T12:25:42.241+0000] {spark_submit.py:634} INFO - found org.apache.httpcomponents.core5#httpcore5-h2;5.2.4 in central
[2025-07-06T12:25:42.258+0000] {spark_submit.py:634} INFO - found org.slf4j#slf4j-api;1.7.36 in central
[2025-07-06T12:25:42.335+0000] {spark_submit.py:634} INFO - :: resolution report :: resolve 388ms :: artifacts dl 4ms
[2025-07-06T12:25:42.336+0000] {spark_submit.py:634} INFO - :: modules in use:
[2025-07-06T12:25:42.336+0000] {spark_submit.py:634} INFO - com.clickhouse#clickhouse-jdbc;0.6.4 from central in [default]
[2025-07-06T12:25:42.336+0000] {spark_submit.py:634} INFO - org.apache.httpcomponents.client5#httpclient5;5.3.1 from central in [default]
[2025-07-06T12:25:42.336+0000] {spark_submit.py:634} INFO - org.apache.httpcomponents.core5#httpcore5;5.2.4 from central in [default]
[2025-07-06T12:25:42.336+0000] {spark_submit.py:634} INFO - org.apache.httpcomponents.core5#httpcore5-h2;5.2.4 from central in [default]
[2025-07-06T12:25:42.336+0000] {spark_submit.py:634} INFO - org.slf4j#slf4j-api;1.7.36 from central in [default]
[2025-07-06T12:25:42.336+0000] {spark_submit.py:634} INFO - ---------------------------------------------------------------------
[2025-07-06T12:25:42.336+0000] {spark_submit.py:634} INFO - |                  |            modules            ||   artifacts   |
[2025-07-06T12:25:42.336+0000] {spark_submit.py:634} INFO - |       conf       | number| search|dwnlded|evicted|| number|dwnlded|
[2025-07-06T12:25:42.336+0000] {spark_submit.py:634} INFO - ---------------------------------------------------------------------
[2025-07-06T12:25:42.336+0000] {spark_submit.py:634} INFO - |      default     |   5   |   0   |   0   |   0   ||   5   |   0   |
[2025-07-06T12:25:42.336+0000] {spark_submit.py:634} INFO - ---------------------------------------------------------------------
[2025-07-06T12:25:42.338+0000] {spark_submit.py:634} INFO - :: retrieving :: org.apache.spark#spark-submit-parent-263a2786-bfc5-45ac-8d8e-9f93e0cc73a8
[2025-07-06T12:25:42.338+0000] {spark_submit.py:634} INFO - confs: [default]
[2025-07-06T12:25:42.341+0000] {spark_submit.py:634} INFO - 0 artifacts copied, 5 already retrieved (0kB/3ms)
[2025-07-06T12:25:42.641+0000] {spark_submit.py:634} INFO - 25/07/06 12:25:42 WARN NativeCodeLoader: Unable to load native-hadoop library for your platform... using builtin-java classes where applicable
[2025-07-06T12:25:44.648+0000] {spark_submit.py:634} INFO - Using Spark's default log4j profile: org/apache/spark/log4j2-defaults.properties
[2025-07-06T12:25:44.652+0000] {spark_submit.py:634} INFO - 25/07/06 12:25:44 INFO SparkContext: Running Spark version 4.0.0
[2025-07-06T12:25:44.653+0000] {spark_submit.py:634} INFO - 25/07/06 12:25:44 INFO SparkContext: OS info Linux, 6.8.0-60-generic, amd64
[2025-07-06T12:25:44.725+0000] {spark_submit.py:634} INFO - 25/07/06 12:25:44 INFO SparkContext: Java version 17.0.15
[2025-07-06T12:25:44.741+0000] {spark_submit.py:634} INFO - 25/07/06 12:25:44 INFO ResourceUtils: ==============================================================
[2025-07-06T12:25:44.741+0000] {spark_submit.py:634} INFO - 25/07/06 12:25:44 INFO ResourceUtils: No custom resources configured for spark.driver.
[2025-07-06T12:25:44.741+0000] {spark_submit.py:634} INFO - 25/07/06 12:25:44 INFO ResourceUtils: ==============================================================
[2025-07-06T12:25:44.741+0000] {spark_submit.py:634} INFO - 25/07/06 12:25:44 INFO SparkContext: Submitted application: thanhdz
[2025-07-06T12:25:44.756+0000] {spark_submit.py:634} INFO - 25/07/06 12:25:44 INFO ResourceProfile: Default ResourceProfile created, executor resources: Map(cores -> name: cores, amount: 2, script: , vendor: , memory -> name: memory, amount: 4096, script: , vendor: , offHeap -> name: offHeap, amount: 0, script: , vendor: ), task resources: Map(cpus -> name: cpus, amount: 1.0)
[2025-07-06T12:25:44.828+0000] {spark_submit.py:634} INFO - 25/07/06 12:25:44 INFO ResourceProfile: Limiting resource is cpus at 2 tasks per executor
[2025-07-06T12:25:44.829+0000] {spark_submit.py:634} INFO - 25/07/06 12:25:44 INFO ResourceProfileManager: Added ResourceProfile id: 0
[2025-07-06T12:25:44.936+0000] {spark_submit.py:634} INFO - 25/07/06 12:25:44 INFO SecurityManager: Changing view acls to: ***
[2025-07-06T12:25:44.936+0000] {spark_submit.py:634} INFO - 25/07/06 12:25:44 INFO SecurityManager: Changing modify acls to: ***
[2025-07-06T12:25:44.937+0000] {spark_submit.py:634} INFO - 25/07/06 12:25:44 INFO SecurityManager: Changing view acls groups to: ***
[2025-07-06T12:25:44.937+0000] {spark_submit.py:634} INFO - 25/07/06 12:25:44 INFO SecurityManager: Changing modify acls groups to: ***
[2025-07-06T12:25:44.938+0000] {spark_submit.py:634} INFO - 25/07/06 12:25:44 INFO SecurityManager: SecurityManager: authentication disabled; ui acls disabled; users with view permissions: *** groups with view permissions: EMPTY; users with modify permissions: ***; groups with modify permissions: EMPTY; RPC SSL disabled
[2025-07-06T12:25:45.524+0000] {spark_submit.py:634} INFO - 25/07/06 12:25:45 INFO Utils: Successfully started service 'sparkDriver' on port 42521.
[2025-07-06T12:25:45.542+0000] {spark_submit.py:634} INFO - 25/07/06 12:25:45 INFO SparkEnv: Registering MapOutputTracker
[2025-07-06T12:25:45.550+0000] {spark_submit.py:634} INFO - 25/07/06 12:25:45 INFO SparkEnv: Registering BlockManagerMaster
[2025-07-06T12:25:45.628+0000] {spark_submit.py:634} INFO - 25/07/06 12:25:45 INFO BlockManagerMasterEndpoint: Using org.apache.spark.storage.DefaultTopologyMapper for getting topology information
[2025-07-06T12:25:45.629+0000] {spark_submit.py:634} INFO - 25/07/06 12:25:45 INFO BlockManagerMasterEndpoint: BlockManagerMasterEndpoint up
[2025-07-06T12:25:45.631+0000] {spark_submit.py:634} INFO - 25/07/06 12:25:45 INFO SparkEnv: Registering BlockManagerMasterHeartbeat
[2025-07-06T12:25:45.645+0000] {spark_submit.py:634} INFO - 25/07/06 12:25:45 INFO DiskBlockManager: Created local directory at /tmp/blockmgr-3bfcb843-932a-435f-9b71-231ad691e224
[2025-07-06T12:25:45.729+0000] {spark_submit.py:634} INFO - 25/07/06 12:25:45 INFO SparkEnv: Registering OutputCommitCoordinator
[2025-07-06T12:25:45.946+0000] {spark_submit.py:634} INFO - 25/07/06 12:25:45 INFO JettyUtils: Start Jetty 0.0.0.0:4040 for SparkUI
[2025-07-06T12:25:46.132+0000] {spark_submit.py:634} INFO - 25/07/06 12:25:46 INFO Utils: Successfully started service 'SparkUI' on port 4040.
[2025-07-06T12:25:46.226+0000] {spark_submit.py:634} INFO - 25/07/06 12:25:46 INFO SparkContext: Added JAR file:///home/***/.ivy2.5.2/jars/com.clickhouse_clickhouse-jdbc-0.6.4.jar at spark://320a39989f12:42521/jars/com.clickhouse_clickhouse-jdbc-0.6.4.jar with timestamp 1751804744643
[2025-07-06T12:25:46.227+0000] {spark_submit.py:634} INFO - 25/07/06 12:25:46 INFO SparkContext: Added JAR file:///home/***/.ivy2.5.2/jars/org.apache.httpcomponents.client5_httpclient5-5.3.1.jar at spark://320a39989f12:42521/jars/org.apache.httpcomponents.client5_httpclient5-5.3.1.jar with timestamp 1751804744643
[2025-07-06T12:25:46.227+0000] {spark_submit.py:634} INFO - 25/07/06 12:25:46 INFO SparkContext: Added JAR file:///home/***/.ivy2.5.2/jars/org.apache.httpcomponents.core5_httpcore5-5.2.4.jar at spark://320a39989f12:42521/jars/org.apache.httpcomponents.core5_httpcore5-5.2.4.jar with timestamp 1751804744643
[2025-07-06T12:25:46.228+0000] {spark_submit.py:634} INFO - 25/07/06 12:25:46 INFO SparkContext: Added JAR file:///home/***/.ivy2.5.2/jars/org.apache.httpcomponents.core5_httpcore5-h2-5.2.4.jar at spark://320a39989f12:42521/jars/org.apache.httpcomponents.core5_httpcore5-h2-5.2.4.jar with timestamp 1751804744643
[2025-07-06T12:25:46.228+0000] {spark_submit.py:634} INFO - 25/07/06 12:25:46 INFO SparkContext: Added JAR file:///home/***/.ivy2.5.2/jars/org.slf4j_slf4j-api-1.7.36.jar at spark://320a39989f12:42521/jars/org.slf4j_slf4j-api-1.7.36.jar with timestamp 1751804744643
[2025-07-06T12:25:46.231+0000] {spark_submit.py:634} INFO - 25/07/06 12:25:46 INFO SparkContext: Added file file:///home/***/.ivy2.5.2/jars/com.clickhouse_clickhouse-jdbc-0.6.4.jar at file:///home/***/.ivy2.5.2/jars/com.clickhouse_clickhouse-jdbc-0.6.4.jar with timestamp 1751804744643
[2025-07-06T12:25:46.233+0000] {spark_submit.py:634} INFO - 25/07/06 12:25:46 INFO Utils: Copying /home/***/.ivy2.5.2/jars/com.clickhouse_clickhouse-jdbc-0.6.4.jar to /tmp/spark-7844ea3b-c493-4fae-aa1f-928d8d50226a/userFiles-e497e5e5-3141-42a1-958a-d17caaaf0030/com.clickhouse_clickhouse-jdbc-0.6.4.jar
[2025-07-06T12:25:46.241+0000] {spark_submit.py:634} INFO - 25/07/06 12:25:46 INFO SparkContext: Added file file:///home/***/.ivy2.5.2/jars/org.apache.httpcomponents.client5_httpclient5-5.3.1.jar at file:///home/***/.ivy2.5.2/jars/org.apache.httpcomponents.client5_httpclient5-5.3.1.jar with timestamp 1751804744643
[2025-07-06T12:25:46.241+0000] {spark_submit.py:634} INFO - 25/07/06 12:25:46 INFO Utils: Copying /home/***/.ivy2.5.2/jars/org.apache.httpcomponents.client5_httpclient5-5.3.1.jar to /tmp/spark-7844ea3b-c493-4fae-aa1f-928d8d50226a/userFiles-e497e5e5-3141-42a1-958a-d17caaaf0030/org.apache.httpcomponents.client5_httpclient5-5.3.1.jar
[2025-07-06T12:25:46.244+0000] {spark_submit.py:634} INFO - 25/07/06 12:25:46 INFO SparkContext: Added file file:///home/***/.ivy2.5.2/jars/org.apache.httpcomponents.core5_httpcore5-5.2.4.jar at file:///home/***/.ivy2.5.2/jars/org.apache.httpcomponents.core5_httpcore5-5.2.4.jar with timestamp 1751804744643
[2025-07-06T12:25:46.244+0000] {spark_submit.py:634} INFO - 25/07/06 12:25:46 INFO Utils: Copying /home/***/.ivy2.5.2/jars/org.apache.httpcomponents.core5_httpcore5-5.2.4.jar to /tmp/spark-7844ea3b-c493-4fae-aa1f-928d8d50226a/userFiles-e497e5e5-3141-42a1-958a-d17caaaf0030/org.apache.httpcomponents.core5_httpcore5-5.2.4.jar
[2025-07-06T12:25:46.247+0000] {spark_submit.py:634} INFO - 25/07/06 12:25:46 INFO SparkContext: Added file file:///home/***/.ivy2.5.2/jars/org.apache.httpcomponents.core5_httpcore5-h2-5.2.4.jar at file:///home/***/.ivy2.5.2/jars/org.apache.httpcomponents.core5_httpcore5-h2-5.2.4.jar with timestamp 1751804744643
[2025-07-06T12:25:46.248+0000] {spark_submit.py:634} INFO - 25/07/06 12:25:46 INFO Utils: Copying /home/***/.ivy2.5.2/jars/org.apache.httpcomponents.core5_httpcore5-h2-5.2.4.jar to /tmp/spark-7844ea3b-c493-4fae-aa1f-928d8d50226a/userFiles-e497e5e5-3141-42a1-958a-d17caaaf0030/org.apache.httpcomponents.core5_httpcore5-h2-5.2.4.jar
[2025-07-06T12:25:46.252+0000] {spark_submit.py:634} INFO - 25/07/06 12:25:46 INFO SparkContext: Added file file:///home/***/.ivy2.5.2/jars/org.slf4j_slf4j-api-1.7.36.jar at file:///home/***/.ivy2.5.2/jars/org.slf4j_slf4j-api-1.7.36.jar with timestamp 1751804744643
[2025-07-06T12:25:46.252+0000] {spark_submit.py:634} INFO - 25/07/06 12:25:46 INFO Utils: Copying /home/***/.ivy2.5.2/jars/org.slf4j_slf4j-api-1.7.36.jar to /tmp/spark-7844ea3b-c493-4fae-aa1f-928d8d50226a/userFiles-e497e5e5-3141-42a1-958a-d17caaaf0030/org.slf4j_slf4j-api-1.7.36.jar
[2025-07-06T12:25:46.344+0000] {spark_submit.py:634} INFO - 25/07/06 12:25:46 INFO SecurityManager: Changing view acls to: ***
[2025-07-06T12:25:46.344+0000] {spark_submit.py:634} INFO - 25/07/06 12:25:46 INFO SecurityManager: Changing modify acls to: ***
[2025-07-06T12:25:46.344+0000] {spark_submit.py:634} INFO - 25/07/06 12:25:46 INFO SecurityManager: Changing view acls groups to: ***
[2025-07-06T12:25:46.345+0000] {spark_submit.py:634} INFO - 25/07/06 12:25:46 INFO SecurityManager: Changing modify acls groups to: ***
[2025-07-06T12:25:46.345+0000] {spark_submit.py:634} INFO - 25/07/06 12:25:46 INFO SecurityManager: SecurityManager: authentication disabled; ui acls disabled; users with view permissions: *** groups with view permissions: EMPTY; users with modify permissions: ***; groups with modify permissions: EMPTY; RPC SSL disabled
[2025-07-06T12:25:46.550+0000] {spark_submit.py:634} INFO - 25/07/06 12:25:46 INFO Executor: Starting executor ID driver on host 320a39989f12
[2025-07-06T12:25:46.551+0000] {spark_submit.py:634} INFO - 25/07/06 12:25:46 INFO Executor: OS info Linux, 6.8.0-60-generic, amd64
[2025-07-06T12:25:46.551+0000] {spark_submit.py:634} INFO - 25/07/06 12:25:46 INFO Executor: Java version 17.0.15
[2025-07-06T12:25:46.627+0000] {spark_submit.py:634} INFO - 25/07/06 12:25:46 INFO Executor: Starting executor with user classpath (userClassPathFirst = false): ''
[2025-07-06T12:25:46.628+0000] {spark_submit.py:634} INFO - 25/07/06 12:25:46 INFO Executor: Created or updated repl class loader org.apache.spark.util.MutableURLClassLoader@1e3280b2 for default.
[2025-07-06T12:25:46.636+0000] {spark_submit.py:634} INFO - 25/07/06 12:25:46 INFO Executor: Fetching file:///home/***/.ivy2.5.2/jars/com.clickhouse_clickhouse-jdbc-0.6.4.jar with timestamp 1751804744643
[2025-07-06T12:25:46.654+0000] {spark_submit.py:634} INFO - 25/07/06 12:25:46 INFO Utils: /home/***/.ivy2.5.2/jars/com.clickhouse_clickhouse-jdbc-0.6.4.jar has been previously copied to /tmp/spark-7844ea3b-c493-4fae-aa1f-928d8d50226a/userFiles-e497e5e5-3141-42a1-958a-d17caaaf0030/com.clickhouse_clickhouse-jdbc-0.6.4.jar
[2025-07-06T12:25:46.656+0000] {spark_submit.py:634} INFO - 25/07/06 12:25:46 INFO Executor: Fetching file:///home/***/.ivy2.5.2/jars/org.apache.httpcomponents.client5_httpclient5-5.3.1.jar with timestamp 1751804744643
[2025-07-06T12:25:46.657+0000] {spark_submit.py:634} INFO - 25/07/06 12:25:46 INFO Utils: /home/***/.ivy2.5.2/jars/org.apache.httpcomponents.client5_httpclient5-5.3.1.jar has been previously copied to /tmp/spark-7844ea3b-c493-4fae-aa1f-928d8d50226a/userFiles-e497e5e5-3141-42a1-958a-d17caaaf0030/org.apache.httpcomponents.client5_httpclient5-5.3.1.jar
[2025-07-06T12:25:46.729+0000] {spark_submit.py:634} INFO - 25/07/06 12:25:46 INFO Executor: Fetching file:///home/***/.ivy2.5.2/jars/org.apache.httpcomponents.core5_httpcore5-5.2.4.jar with timestamp 1751804744643
[2025-07-06T12:25:46.731+0000] {spark_submit.py:634} INFO - 25/07/06 12:25:46 INFO Utils: /home/***/.ivy2.5.2/jars/org.apache.httpcomponents.core5_httpcore5-5.2.4.jar has been previously copied to /tmp/spark-7844ea3b-c493-4fae-aa1f-928d8d50226a/userFiles-e497e5e5-3141-42a1-958a-d17caaaf0030/org.apache.httpcomponents.core5_httpcore5-5.2.4.jar
[2025-07-06T12:25:46.736+0000] {spark_submit.py:634} INFO - 25/07/06 12:25:46 INFO Executor: Fetching file:///home/***/.ivy2.5.2/jars/org.apache.httpcomponents.core5_httpcore5-h2-5.2.4.jar with timestamp 1751804744643
[2025-07-06T12:25:46.736+0000] {spark_submit.py:634} INFO - 25/07/06 12:25:46 INFO Utils: /home/***/.ivy2.5.2/jars/org.apache.httpcomponents.core5_httpcore5-h2-5.2.4.jar has been previously copied to /tmp/spark-7844ea3b-c493-4fae-aa1f-928d8d50226a/userFiles-e497e5e5-3141-42a1-958a-d17caaaf0030/org.apache.httpcomponents.core5_httpcore5-h2-5.2.4.jar
[2025-07-06T12:25:46.741+0000] {spark_submit.py:634} INFO - 25/07/06 12:25:46 INFO Executor: Fetching file:///home/***/.ivy2.5.2/jars/org.slf4j_slf4j-api-1.7.36.jar with timestamp 1751804744643
[2025-07-06T12:25:46.741+0000] {spark_submit.py:634} INFO - 25/07/06 12:25:46 INFO Utils: /home/***/.ivy2.5.2/jars/org.slf4j_slf4j-api-1.7.36.jar has been previously copied to /tmp/spark-7844ea3b-c493-4fae-aa1f-928d8d50226a/userFiles-e497e5e5-3141-42a1-958a-d17caaaf0030/org.slf4j_slf4j-api-1.7.36.jar
[2025-07-06T12:25:46.745+0000] {spark_submit.py:634} INFO - 25/07/06 12:25:46 INFO Executor: Fetching spark://320a39989f12:42521/jars/org.slf4j_slf4j-api-1.7.36.jar with timestamp 1751804744643
[2025-07-06T12:25:46.831+0000] {spark_submit.py:634} INFO - 25/07/06 12:25:46 INFO TransportClientFactory: Successfully created connection to 320a39989f12/172.21.0.10:42521 after 78 ms (0 ms spent in bootstraps)
[2025-07-06T12:25:46.835+0000] {spark_submit.py:634} INFO - 25/07/06 12:25:46 INFO Utils: Fetching spark://320a39989f12:42521/jars/org.slf4j_slf4j-api-1.7.36.jar to /tmp/spark-7844ea3b-c493-4fae-aa1f-928d8d50226a/userFiles-e497e5e5-3141-42a1-958a-d17caaaf0030/fetchFileTemp7140256240457188199.tmp
[2025-07-06T12:25:46.843+0000] {spark_submit.py:634} INFO - 25/07/06 12:25:46 INFO Utils: /tmp/spark-7844ea3b-c493-4fae-aa1f-928d8d50226a/userFiles-e497e5e5-3141-42a1-958a-d17caaaf0030/fetchFileTemp7140256240457188199.tmp has been previously copied to /tmp/spark-7844ea3b-c493-4fae-aa1f-928d8d50226a/userFiles-e497e5e5-3141-42a1-958a-d17caaaf0030/org.slf4j_slf4j-api-1.7.36.jar
[2025-07-06T12:25:46.857+0000] {spark_submit.py:634} INFO - 25/07/06 12:25:46 INFO Executor: Adding file:/tmp/spark-7844ea3b-c493-4fae-aa1f-928d8d50226a/userFiles-e497e5e5-3141-42a1-958a-d17caaaf0030/org.slf4j_slf4j-api-1.7.36.jar to class loader default
[2025-07-06T12:25:46.857+0000] {spark_submit.py:634} INFO - 25/07/06 12:25:46 INFO Executor: Fetching spark://320a39989f12:42521/jars/org.apache.httpcomponents.core5_httpcore5-5.2.4.jar with timestamp 1751804744643
[2025-07-06T12:25:46.858+0000] {spark_submit.py:634} INFO - 25/07/06 12:25:46 INFO Utils: Fetching spark://320a39989f12:42521/jars/org.apache.httpcomponents.core5_httpcore5-5.2.4.jar to /tmp/spark-7844ea3b-c493-4fae-aa1f-928d8d50226a/userFiles-e497e5e5-3141-42a1-958a-d17caaaf0030/fetchFileTemp6521962746629029263.tmp
[2025-07-06T12:25:46.861+0000] {spark_submit.py:634} INFO - 25/07/06 12:25:46 INFO Utils: /tmp/spark-7844ea3b-c493-4fae-aa1f-928d8d50226a/userFiles-e497e5e5-3141-42a1-958a-d17caaaf0030/fetchFileTemp6521962746629029263.tmp has been previously copied to /tmp/spark-7844ea3b-c493-4fae-aa1f-928d8d50226a/userFiles-e497e5e5-3141-42a1-958a-d17caaaf0030/org.apache.httpcomponents.core5_httpcore5-5.2.4.jar
[2025-07-06T12:25:46.863+0000] {spark_submit.py:634} INFO - 25/07/06 12:25:46 INFO Executor: Adding file:/tmp/spark-7844ea3b-c493-4fae-aa1f-928d8d50226a/userFiles-e497e5e5-3141-42a1-958a-d17caaaf0030/org.apache.httpcomponents.core5_httpcore5-5.2.4.jar to class loader default
[2025-07-06T12:25:46.863+0000] {spark_submit.py:634} INFO - 25/07/06 12:25:46 INFO Executor: Fetching spark://320a39989f12:42521/jars/com.clickhouse_clickhouse-jdbc-0.6.4.jar with timestamp 1751804744643
[2025-07-06T12:25:46.924+0000] {spark_submit.py:634} INFO - 25/07/06 12:25:46 INFO Utils: Fetching spark://320a39989f12:42521/jars/com.clickhouse_clickhouse-jdbc-0.6.4.jar to /tmp/spark-7844ea3b-c493-4fae-aa1f-928d8d50226a/userFiles-e497e5e5-3141-42a1-958a-d17caaaf0030/fetchFileTemp5834212419958876730.tmp
[2025-07-06T12:25:46.928+0000] {spark_submit.py:634} INFO - 25/07/06 12:25:46 INFO Utils: /tmp/spark-7844ea3b-c493-4fae-aa1f-928d8d50226a/userFiles-e497e5e5-3141-42a1-958a-d17caaaf0030/fetchFileTemp5834212419958876730.tmp has been previously copied to /tmp/spark-7844ea3b-c493-4fae-aa1f-928d8d50226a/userFiles-e497e5e5-3141-42a1-958a-d17caaaf0030/com.clickhouse_clickhouse-jdbc-0.6.4.jar
[2025-07-06T12:25:46.935+0000] {spark_submit.py:634} INFO - 25/07/06 12:25:46 INFO Executor: Adding file:/tmp/spark-7844ea3b-c493-4fae-aa1f-928d8d50226a/userFiles-e497e5e5-3141-42a1-958a-d17caaaf0030/com.clickhouse_clickhouse-jdbc-0.6.4.jar to class loader default
[2025-07-06T12:25:46.935+0000] {spark_submit.py:634} INFO - 25/07/06 12:25:46 INFO Executor: Fetching spark://320a39989f12:42521/jars/org.apache.httpcomponents.core5_httpcore5-h2-5.2.4.jar with timestamp 1751804744643
[2025-07-06T12:25:46.935+0000] {spark_submit.py:634} INFO - 25/07/06 12:25:46 INFO Utils: Fetching spark://320a39989f12:42521/jars/org.apache.httpcomponents.core5_httpcore5-h2-5.2.4.jar to /tmp/spark-7844ea3b-c493-4fae-aa1f-928d8d50226a/userFiles-e497e5e5-3141-42a1-958a-d17caaaf0030/fetchFileTemp5518537617421388185.tmp
[2025-07-06T12:25:46.937+0000] {spark_submit.py:634} INFO - 25/07/06 12:25:46 INFO Utils: /tmp/spark-7844ea3b-c493-4fae-aa1f-928d8d50226a/userFiles-e497e5e5-3141-42a1-958a-d17caaaf0030/fetchFileTemp5518537617421388185.tmp has been previously copied to /tmp/spark-7844ea3b-c493-4fae-aa1f-928d8d50226a/userFiles-e497e5e5-3141-42a1-958a-d17caaaf0030/org.apache.httpcomponents.core5_httpcore5-h2-5.2.4.jar
[2025-07-06T12:25:46.941+0000] {spark_submit.py:634} INFO - 25/07/06 12:25:46 INFO Executor: Adding file:/tmp/spark-7844ea3b-c493-4fae-aa1f-928d8d50226a/userFiles-e497e5e5-3141-42a1-958a-d17caaaf0030/org.apache.httpcomponents.core5_httpcore5-h2-5.2.4.jar to class loader default
[2025-07-06T12:25:46.942+0000] {spark_submit.py:634} INFO - 25/07/06 12:25:46 INFO Executor: Fetching spark://320a39989f12:42521/jars/org.apache.httpcomponents.client5_httpclient5-5.3.1.jar with timestamp 1751804744643
[2025-07-06T12:25:46.942+0000] {spark_submit.py:634} INFO - 25/07/06 12:25:46 INFO Utils: Fetching spark://320a39989f12:42521/jars/org.apache.httpcomponents.client5_httpclient5-5.3.1.jar to /tmp/spark-7844ea3b-c493-4fae-aa1f-928d8d50226a/userFiles-e497e5e5-3141-42a1-958a-d17caaaf0030/fetchFileTemp5271540887107404617.tmp
[2025-07-06T12:25:46.946+0000] {spark_submit.py:634} INFO - 25/07/06 12:25:46 INFO Utils: /tmp/spark-7844ea3b-c493-4fae-aa1f-928d8d50226a/userFiles-e497e5e5-3141-42a1-958a-d17caaaf0030/fetchFileTemp5271540887107404617.tmp has been previously copied to /tmp/spark-7844ea3b-c493-4fae-aa1f-928d8d50226a/userFiles-e497e5e5-3141-42a1-958a-d17caaaf0030/org.apache.httpcomponents.client5_httpclient5-5.3.1.jar
[2025-07-06T12:25:46.951+0000] {spark_submit.py:634} INFO - 25/07/06 12:25:46 INFO Executor: Adding file:/tmp/spark-7844ea3b-c493-4fae-aa1f-928d8d50226a/userFiles-e497e5e5-3141-42a1-958a-d17caaaf0030/org.apache.httpcomponents.client5_httpclient5-5.3.1.jar to class loader default
[2025-07-06T12:25:46.958+0000] {spark_submit.py:634} INFO - 25/07/06 12:25:46 INFO Utils: Successfully started service 'org.apache.spark.network.netty.NettyBlockTransferService' on port 34521.
[2025-07-06T12:25:46.958+0000] {spark_submit.py:634} INFO - 25/07/06 12:25:46 INFO NettyBlockTransferService: Server created on 320a39989f12:34521
[2025-07-06T12:25:46.959+0000] {spark_submit.py:634} INFO - 25/07/06 12:25:46 INFO BlockManager: Using org.apache.spark.storage.RandomBlockReplicationPolicy for block replication policy
[2025-07-06T12:25:47.032+0000] {spark_submit.py:634} INFO - 25/07/06 12:25:47 INFO BlockManagerMaster: Registering BlockManager BlockManagerId(driver, 320a39989f12, 34521, None)
[2025-07-06T12:25:47.037+0000] {spark_submit.py:634} INFO - 25/07/06 12:25:47 INFO BlockManagerMasterEndpoint: Registering block manager 320a39989f12:34521 with 413.9 MiB RAM, BlockManagerId(driver, 320a39989f12, 34521, None)
[2025-07-06T12:25:47.038+0000] {spark_submit.py:634} INFO - 25/07/06 12:25:47 INFO BlockManagerMaster: Registered BlockManager BlockManagerId(driver, 320a39989f12, 34521, None)
[2025-07-06T12:25:47.039+0000] {spark_submit.py:634} INFO - 25/07/06 12:25:47 INFO BlockManager: Initialized BlockManager: BlockManagerId(driver, 320a39989f12, 34521, None)
[2025-07-06T12:25:52.381+0000] {spark_submit.py:634} INFO - Python-dotenv could not parse statement starting at line 1
[2025-07-06T12:25:52.382+0000] {spark_submit.py:634} INFO - Python-dotenv could not parse statement starting at line 3
[2025-07-06T12:25:52.697+0000] {spark_submit.py:634} INFO - 25/07/06 12:25:52 WARN SparkStringUtils: Truncated the string representation of a plan since it was too large. This behavior can be adjusted by setting 'spark.sql.debug.maxToStringFields'.
[2025-07-06T12:25:55.063+0000] {spark_submit.py:634} INFO - 25/07/06 12:25:55 WARN JdbcUtils: Requested isolation level 1, but transactions are unsupported
[2025-07-06T12:25:57.258+0000] {spark_submit.py:634} INFO - ------------------------Dữ liệu đã được ghi thành công vào ClickHouse------------------------
[2025-07-06T12:25:57.357+0000] {spark_submit.py:634} INFO - -------------Stop SparkSession-------------
[2025-07-06T12:25:57.502+0000] {taskinstance.py:441} INFO - ::group::Post task execution logs
[2025-07-06T12:25:57.508+0000] {taskinstance.py:1205} INFO - Marking task as SUCCESS. dag_id=my_spark_inline, task_id=spark_write_data, execution_date=20250706T051258, start_date=20250706T122539, end_date=20250706T122557
[2025-07-06T12:25:57.565+0000] {local_task_job_runner.py:240} INFO - Task exited with return code 0
[2025-07-06T12:25:57.575+0000] {taskinstance.py:3482} INFO - 0 downstream tasks scheduled from follow-on schedule check
[2025-07-06T12:25:57.576+0000] {local_task_job_runner.py:222} INFO - ::endgroup::
