[2025-07-06T11:38:07.800+0000] {local_task_job_runner.py:120} INFO - ::group::Pre task execution logs
[2025-07-06T11:38:07.908+0000] {taskinstance.py:2073} INFO - Dependencies all met for dep_context=non-requeueable deps ti=<TaskInstance: my_spark_inline.spark_write_data manual__2025-07-06T05:12:58.943989+00:00 [queued]>
[2025-07-06T11:38:07.913+0000] {taskinstance.py:2073} INFO - Dependencies all met for dep_context=requeueable deps ti=<TaskInstance: my_spark_inline.spark_write_data manual__2025-07-06T05:12:58.943989+00:00 [queued]>
[2025-07-06T11:38:07.913+0000] {taskinstance.py:2303} INFO - Starting attempt 16 of 16
[2025-07-06T11:38:07.928+0000] {taskinstance.py:2327} INFO - Executing <Task(SparkSubmitOperator): spark_write_data> on 2025-07-06 05:12:58.943989+00:00
[2025-07-06T11:38:07.932+0000] {standard_task_runner.py:63} INFO - Started process 228 to run task
[2025-07-06T11:38:07.936+0000] {standard_task_runner.py:90} INFO - Running: ['***', 'tasks', 'run', 'my_spark_inline', 'spark_write_data', 'manual__2025-07-06T05:12:58.943989+00:00', '--job-id', '49', '--raw', '--subdir', 'DAGS_FOLDER/test_spark.py', '--cfg-path', '/tmp/tmp2djjfi9c']
[2025-07-06T11:38:07.939+0000] {standard_task_runner.py:91} INFO - Job 49: Subtask spark_write_data
[2025-07-06T11:38:07.952+0000] {logging_mixin.py:188} WARNING - /home/***/.local/lib/python3.11/site-packages/***/settings.py:195 DeprecationWarning: The sql_alchemy_conn option in [core] has been moved to the sql_alchemy_conn option in [database] - the old setting has been used, but please update your config.
[2025-07-06T11:38:07.976+0000] {task_command.py:426} INFO - Running <TaskInstance: my_spark_inline.spark_write_data manual__2025-07-06T05:12:58.943989+00:00 [running]> on host fe6c21a509a7
[2025-07-06T11:38:08.021+0000] {taskinstance.py:2644} INFO - Exporting env vars: AIRFLOW_CTX_DAG_OWNER='***' AIRFLOW_CTX_DAG_ID='my_spark_inline' AIRFLOW_CTX_TASK_ID='spark_write_data' AIRFLOW_CTX_EXECUTION_DATE='2025-07-06T05:12:58.943989+00:00' AIRFLOW_CTX_TRY_NUMBER='16' AIRFLOW_CTX_DAG_RUN_ID='manual__2025-07-06T05:12:58.943989+00:00'
[2025-07-06T11:38:08.022+0000] {taskinstance.py:430} INFO - ::endgroup::
[2025-07-06T11:38:08.048+0000] {base.py:84} INFO - Using connection ID 'spark_default' for task execution.
[2025-07-06T11:38:08.048+0000] {spark_submit.py:473} INFO - Spark-Submit cmd: spark-submit --master local[*] --conf spark.master=local[*] --packages com.clickhouse:clickhouse-jdbc:0.6.4,org.apache.httpcomponents.client5:httpclient5:5.3.1 --name arrow-spark --queue root.default --deploy-mode client /opt/***/spark_project/src/spark/spark_main.py
[2025-07-06T11:38:08.272+0000] {spark_submit.py:634} INFO - WARNING: Using incubator modules: jdk.incubator.vector
[2025-07-06T11:38:09.620+0000] {spark_submit.py:634} INFO - :: loading settings :: url = jar:file:/home/***/.local/lib/python3.11/site-packages/pyspark/jars/ivy-2.5.3.jar!/org/apache/ivy/core/settings/ivysettings.xml
[2025-07-06T11:38:09.698+0000] {spark_submit.py:634} INFO - Ivy Default Cache set to: /home/***/.ivy2.5.2/cache
[2025-07-06T11:38:09.699+0000] {spark_submit.py:634} INFO - The jars for the packages stored in: /home/***/.ivy2.5.2/jars
[2025-07-06T11:38:09.701+0000] {spark_submit.py:634} INFO - com.clickhouse#clickhouse-jdbc added as a dependency
[2025-07-06T11:38:09.701+0000] {spark_submit.py:634} INFO - org.apache.httpcomponents.client5#httpclient5 added as a dependency
[2025-07-06T11:38:09.701+0000] {spark_submit.py:634} INFO - :: resolving dependencies :: org.apache.spark#spark-submit-parent-540067df-f8e1-45bb-abdd-f47c69b9f559;1.0
[2025-07-06T11:38:09.702+0000] {spark_submit.py:634} INFO - confs: [default]
[2025-07-06T11:38:11.370+0000] {spark_submit.py:634} INFO - found com.clickhouse#clickhouse-jdbc;0.6.4 in central
[2025-07-06T11:38:18.004+0000] {spark_submit.py:634} INFO - found org.apache.httpcomponents.client5#httpclient5;5.3.1 in central
[2025-07-06T11:38:21.585+0000] {spark_submit.py:634} INFO - found org.apache.httpcomponents.core5#httpcore5;5.2.4 in central
[2025-07-06T11:38:22.215+0000] {spark_submit.py:634} INFO - found org.apache.httpcomponents.core5#httpcore5-h2;5.2.4 in central
[2025-07-06T11:38:24.238+0000] {spark_submit.py:634} INFO - found org.slf4j#slf4j-api;1.7.36 in central
[2025-07-06T11:38:24.544+0000] {spark_submit.py:634} INFO - downloading https://repo1.maven.org/maven2/com/clickhouse/clickhouse-jdbc/0.6.4/clickhouse-jdbc-0.6.4.jar ...
[2025-07-06T11:38:26.709+0000] {spark_submit.py:634} INFO - [SUCCESSFUL ] com.clickhouse#clickhouse-jdbc;0.6.4!clickhouse-jdbc.jar (2466ms)
[2025-07-06T11:38:27.001+0000] {spark_submit.py:634} INFO - downloading https://repo1.maven.org/maven2/org/apache/httpcomponents/client5/httpclient5/5.3.1/httpclient5-5.3.1.jar ...
[2025-07-06T11:38:29.729+0000] {spark_submit.py:634} INFO - [SUCCESSFUL ] org.apache.httpcomponents.client5#httpclient5;5.3.1!httpclient5.jar (3019ms)
[2025-07-06T11:38:29.971+0000] {spark_submit.py:634} INFO - downloading https://repo1.maven.org/maven2/org/apache/httpcomponents/core5/httpcore5/5.2.4/httpcore5-5.2.4.jar ...
[2025-07-06T11:38:31.980+0000] {spark_submit.py:634} INFO - [SUCCESSFUL ] org.apache.httpcomponents.core5#httpcore5;5.2.4!httpcore5.jar (2250ms)
[2025-07-06T11:38:32.223+0000] {spark_submit.py:634} INFO - downloading https://repo1.maven.org/maven2/org/apache/httpcomponents/core5/httpcore5-h2/5.2.4/httpcore5-h2-5.2.4.jar ...
[2025-07-06T11:38:32.802+0000] {spark_submit.py:634} INFO - [SUCCESSFUL ] org.apache.httpcomponents.core5#httpcore5-h2;5.2.4!httpcore5-h2.jar (821ms)
[2025-07-06T11:38:33.042+0000] {spark_submit.py:634} INFO - downloading https://repo1.maven.org/maven2/org/slf4j/slf4j-api/1.7.36/slf4j-api-1.7.36.jar ...
[2025-07-06T11:38:33.352+0000] {spark_submit.py:634} INFO - [SUCCESSFUL ] org.slf4j#slf4j-api;1.7.36!slf4j-api.jar (549ms)
[2025-07-06T11:38:33.352+0000] {spark_submit.py:634} INFO - :: resolution report :: resolve 14541ms :: artifacts dl 9110ms
[2025-07-06T11:38:33.353+0000] {spark_submit.py:634} INFO - :: modules in use:
[2025-07-06T11:38:33.353+0000] {spark_submit.py:634} INFO - com.clickhouse#clickhouse-jdbc;0.6.4 from central in [default]
[2025-07-06T11:38:33.353+0000] {spark_submit.py:634} INFO - org.apache.httpcomponents.client5#httpclient5;5.3.1 from central in [default]
[2025-07-06T11:38:33.353+0000] {spark_submit.py:634} INFO - org.apache.httpcomponents.core5#httpcore5;5.2.4 from central in [default]
[2025-07-06T11:38:33.353+0000] {spark_submit.py:634} INFO - org.apache.httpcomponents.core5#httpcore5-h2;5.2.4 from central in [default]
[2025-07-06T11:38:33.353+0000] {spark_submit.py:634} INFO - org.slf4j#slf4j-api;1.7.36 from central in [default]
[2025-07-06T11:38:33.353+0000] {spark_submit.py:634} INFO - ---------------------------------------------------------------------
[2025-07-06T11:38:33.353+0000] {spark_submit.py:634} INFO - |                  |            modules            ||   artifacts   |
[2025-07-06T11:38:33.353+0000] {spark_submit.py:634} INFO - |       conf       | number| search|dwnlded|evicted|| number|dwnlded|
[2025-07-06T11:38:33.353+0000] {spark_submit.py:634} INFO - ---------------------------------------------------------------------
[2025-07-06T11:38:33.353+0000] {spark_submit.py:634} INFO - |      default     |   5   |   5   |   5   |   0   ||   5   |   5   |
[2025-07-06T11:38:33.353+0000] {spark_submit.py:634} INFO - ---------------------------------------------------------------------
[2025-07-06T11:38:33.367+0000] {spark_submit.py:634} INFO - :: retrieving :: org.apache.spark#spark-submit-parent-540067df-f8e1-45bb-abdd-f47c69b9f559
[2025-07-06T11:38:33.367+0000] {spark_submit.py:634} INFO - confs: [default]
[2025-07-06T11:38:33.373+0000] {spark_submit.py:634} INFO - 5 artifacts copied, 0 already retrieved (3220kB/17ms)
[2025-07-06T11:38:33.792+0000] {spark_submit.py:634} INFO - 25/07/06 11:38:33 WARN NativeCodeLoader: Unable to load native-hadoop library for your platform... using builtin-java classes where applicable
[2025-07-06T11:38:36.195+0000] {spark_submit.py:634} INFO - Using Spark's default log4j profile: org/apache/spark/log4j2-defaults.properties
[2025-07-06T11:38:36.199+0000] {spark_submit.py:634} INFO - 25/07/06 11:38:36 INFO SparkContext: Running Spark version 4.0.0
[2025-07-06T11:38:36.199+0000] {spark_submit.py:634} INFO - 25/07/06 11:38:36 INFO SparkContext: OS info Linux, 6.8.0-60-generic, amd64
[2025-07-06T11:38:36.200+0000] {spark_submit.py:634} INFO - 25/07/06 11:38:36 INFO SparkContext: Java version 17.0.15
[2025-07-06T11:38:36.212+0000] {spark_submit.py:634} INFO - 25/07/06 11:38:36 INFO ResourceUtils: ==============================================================
[2025-07-06T11:38:36.212+0000] {spark_submit.py:634} INFO - 25/07/06 11:38:36 INFO ResourceUtils: No custom resources configured for spark.driver.
[2025-07-06T11:38:36.212+0000] {spark_submit.py:634} INFO - 25/07/06 11:38:36 INFO ResourceUtils: ==============================================================
[2025-07-06T11:38:36.267+0000] {spark_submit.py:634} INFO - 25/07/06 11:38:36 INFO SparkContext: Submitted application: thanhdz
[2025-07-06T11:38:36.282+0000] {spark_submit.py:634} INFO - 25/07/06 11:38:36 INFO ResourceProfile: Default ResourceProfile created, executor resources: Map(cores -> name: cores, amount: 2, script: , vendor: , memory -> name: memory, amount: 4096, script: , vendor: , offHeap -> name: offHeap, amount: 0, script: , vendor: ), task resources: Map(cpus -> name: cpus, amount: 1.0)
[2025-07-06T11:38:36.285+0000] {spark_submit.py:634} INFO - 25/07/06 11:38:36 INFO ResourceProfile: Limiting resource is cpus at 2 tasks per executor
[2025-07-06T11:38:36.286+0000] {spark_submit.py:634} INFO - 25/07/06 11:38:36 INFO ResourceProfileManager: Added ResourceProfile id: 0
[2025-07-06T11:38:36.310+0000] {spark_submit.py:634} INFO - 25/07/06 11:38:36 INFO SecurityManager: Changing view acls to: ***
[2025-07-06T11:38:36.311+0000] {spark_submit.py:634} INFO - 25/07/06 11:38:36 INFO SecurityManager: Changing modify acls to: ***
[2025-07-06T11:38:36.311+0000] {spark_submit.py:634} INFO - 25/07/06 11:38:36 INFO SecurityManager: Changing view acls groups to: ***
[2025-07-06T11:38:36.311+0000] {spark_submit.py:634} INFO - 25/07/06 11:38:36 INFO SecurityManager: Changing modify acls groups to: ***
[2025-07-06T11:38:36.312+0000] {spark_submit.py:634} INFO - 25/07/06 11:38:36 INFO SecurityManager: SecurityManager: authentication disabled; ui acls disabled; users with view permissions: *** groups with view permissions: EMPTY; users with modify permissions: ***; groups with modify permissions: EMPTY; RPC SSL disabled
[2025-07-06T11:38:36.531+0000] {spark_submit.py:634} INFO - 25/07/06 11:38:36 INFO Utils: Successfully started service 'sparkDriver' on port 33007.
[2025-07-06T11:38:36.584+0000] {spark_submit.py:634} INFO - 25/07/06 11:38:36 INFO SparkEnv: Registering MapOutputTracker
[2025-07-06T11:38:36.591+0000] {spark_submit.py:634} INFO - 25/07/06 11:38:36 INFO SparkEnv: Registering BlockManagerMaster
[2025-07-06T11:38:36.599+0000] {spark_submit.py:634} INFO - 25/07/06 11:38:36 INFO BlockManagerMasterEndpoint: Using org.apache.spark.storage.DefaultTopologyMapper for getting topology information
[2025-07-06T11:38:36.599+0000] {spark_submit.py:634} INFO - 25/07/06 11:38:36 INFO BlockManagerMasterEndpoint: BlockManagerMasterEndpoint up
[2025-07-06T11:38:36.601+0000] {spark_submit.py:634} INFO - 25/07/06 11:38:36 INFO SparkEnv: Registering BlockManagerMasterHeartbeat
[2025-07-06T11:38:36.614+0000] {spark_submit.py:634} INFO - 25/07/06 11:38:36 INFO DiskBlockManager: Created local directory at /tmp/blockmgr-f339bd12-9f4c-4f58-974d-cf8dec879837
[2025-07-06T11:38:36.679+0000] {spark_submit.py:634} INFO - 25/07/06 11:38:36 INFO SparkEnv: Registering OutputCommitCoordinator
[2025-07-06T11:38:36.792+0000] {spark_submit.py:634} INFO - 25/07/06 11:38:36 INFO JettyUtils: Start Jetty 0.0.0.0:4040 for SparkUI
[2025-07-06T11:38:36.888+0000] {spark_submit.py:634} INFO - 25/07/06 11:38:36 INFO Utils: Successfully started service 'SparkUI' on port 4040.
[2025-07-06T11:38:36.909+0000] {spark_submit.py:634} INFO - 25/07/06 11:38:36 INFO SparkContext: Added JAR file:///home/***/.ivy2.5.2/jars/com.clickhouse_clickhouse-jdbc-0.6.4.jar at spark://fe6c21a509a7:33007/jars/com.clickhouse_clickhouse-jdbc-0.6.4.jar with timestamp 1751801916191
[2025-07-06T11:38:36.910+0000] {spark_submit.py:634} INFO - 25/07/06 11:38:36 INFO SparkContext: Added JAR file:///home/***/.ivy2.5.2/jars/org.apache.httpcomponents.client5_httpclient5-5.3.1.jar at spark://fe6c21a509a7:33007/jars/org.apache.httpcomponents.client5_httpclient5-5.3.1.jar with timestamp 1751801916191
[2025-07-06T11:38:36.910+0000] {spark_submit.py:634} INFO - 25/07/06 11:38:36 INFO SparkContext: Added JAR file:///home/***/.ivy2.5.2/jars/org.apache.httpcomponents.core5_httpcore5-5.2.4.jar at spark://fe6c21a509a7:33007/jars/org.apache.httpcomponents.core5_httpcore5-5.2.4.jar with timestamp 1751801916191
[2025-07-06T11:38:36.910+0000] {spark_submit.py:634} INFO - 25/07/06 11:38:36 INFO SparkContext: Added JAR file:///home/***/.ivy2.5.2/jars/org.apache.httpcomponents.core5_httpcore5-h2-5.2.4.jar at spark://fe6c21a509a7:33007/jars/org.apache.httpcomponents.core5_httpcore5-h2-5.2.4.jar with timestamp 1751801916191
[2025-07-06T11:38:36.910+0000] {spark_submit.py:634} INFO - 25/07/06 11:38:36 INFO SparkContext: Added JAR file:///home/***/.ivy2.5.2/jars/org.slf4j_slf4j-api-1.7.36.jar at spark://fe6c21a509a7:33007/jars/org.slf4j_slf4j-api-1.7.36.jar with timestamp 1751801916191
[2025-07-06T11:38:36.968+0000] {spark_submit.py:634} INFO - 25/07/06 11:38:36 INFO SparkContext: Added file file:///home/***/.ivy2.5.2/jars/com.clickhouse_clickhouse-jdbc-0.6.4.jar at file:///home/***/.ivy2.5.2/jars/com.clickhouse_clickhouse-jdbc-0.6.4.jar with timestamp 1751801916191
[2025-07-06T11:38:36.971+0000] {spark_submit.py:634} INFO - 25/07/06 11:38:36 INFO Utils: Copying /home/***/.ivy2.5.2/jars/com.clickhouse_clickhouse-jdbc-0.6.4.jar to /tmp/spark-bf8fb00f-2170-4890-b367-62286bc73124/userFiles-84f53372-c22f-4f2c-a8c4-f25656f27349/com.clickhouse_clickhouse-jdbc-0.6.4.jar
[2025-07-06T11:38:36.980+0000] {spark_submit.py:634} INFO - 25/07/06 11:38:36 INFO SparkContext: Added file file:///home/***/.ivy2.5.2/jars/org.apache.httpcomponents.client5_httpclient5-5.3.1.jar at file:///home/***/.ivy2.5.2/jars/org.apache.httpcomponents.client5_httpclient5-5.3.1.jar with timestamp 1751801916191
[2025-07-06T11:38:36.980+0000] {spark_submit.py:634} INFO - 25/07/06 11:38:36 INFO Utils: Copying /home/***/.ivy2.5.2/jars/org.apache.httpcomponents.client5_httpclient5-5.3.1.jar to /tmp/spark-bf8fb00f-2170-4890-b367-62286bc73124/userFiles-84f53372-c22f-4f2c-a8c4-f25656f27349/org.apache.httpcomponents.client5_httpclient5-5.3.1.jar
[2025-07-06T11:38:36.986+0000] {spark_submit.py:634} INFO - 25/07/06 11:38:36 INFO SparkContext: Added file file:///home/***/.ivy2.5.2/jars/org.apache.httpcomponents.core5_httpcore5-5.2.4.jar at file:///home/***/.ivy2.5.2/jars/org.apache.httpcomponents.core5_httpcore5-5.2.4.jar with timestamp 1751801916191
[2025-07-06T11:38:36.987+0000] {spark_submit.py:634} INFO - 25/07/06 11:38:36 INFO Utils: Copying /home/***/.ivy2.5.2/jars/org.apache.httpcomponents.core5_httpcore5-5.2.4.jar to /tmp/spark-bf8fb00f-2170-4890-b367-62286bc73124/userFiles-84f53372-c22f-4f2c-a8c4-f25656f27349/org.apache.httpcomponents.core5_httpcore5-5.2.4.jar
[2025-07-06T11:38:36.992+0000] {spark_submit.py:634} INFO - 25/07/06 11:38:36 INFO SparkContext: Added file file:///home/***/.ivy2.5.2/jars/org.apache.httpcomponents.core5_httpcore5-h2-5.2.4.jar at file:///home/***/.ivy2.5.2/jars/org.apache.httpcomponents.core5_httpcore5-h2-5.2.4.jar with timestamp 1751801916191
[2025-07-06T11:38:36.992+0000] {spark_submit.py:634} INFO - 25/07/06 11:38:36 INFO Utils: Copying /home/***/.ivy2.5.2/jars/org.apache.httpcomponents.core5_httpcore5-h2-5.2.4.jar to /tmp/spark-bf8fb00f-2170-4890-b367-62286bc73124/userFiles-84f53372-c22f-4f2c-a8c4-f25656f27349/org.apache.httpcomponents.core5_httpcore5-h2-5.2.4.jar
[2025-07-06T11:38:36.997+0000] {spark_submit.py:634} INFO - 25/07/06 11:38:36 INFO SparkContext: Added file file:///home/***/.ivy2.5.2/jars/org.slf4j_slf4j-api-1.7.36.jar at file:///home/***/.ivy2.5.2/jars/org.slf4j_slf4j-api-1.7.36.jar with timestamp 1751801916191
[2025-07-06T11:38:36.997+0000] {spark_submit.py:634} INFO - 25/07/06 11:38:36 INFO Utils: Copying /home/***/.ivy2.5.2/jars/org.slf4j_slf4j-api-1.7.36.jar to /tmp/spark-bf8fb00f-2170-4890-b367-62286bc73124/userFiles-84f53372-c22f-4f2c-a8c4-f25656f27349/org.slf4j_slf4j-api-1.7.36.jar
[2025-07-06T11:38:37.076+0000] {spark_submit.py:634} INFO - 25/07/06 11:38:37 INFO SecurityManager: Changing view acls to: ***
[2025-07-06T11:38:37.077+0000] {spark_submit.py:634} INFO - 25/07/06 11:38:37 INFO SecurityManager: Changing modify acls to: ***
[2025-07-06T11:38:37.077+0000] {spark_submit.py:634} INFO - 25/07/06 11:38:37 INFO SecurityManager: Changing view acls groups to: ***
[2025-07-06T11:38:37.077+0000] {spark_submit.py:634} INFO - 25/07/06 11:38:37 INFO SecurityManager: Changing modify acls groups to: ***
[2025-07-06T11:38:37.077+0000] {spark_submit.py:634} INFO - 25/07/06 11:38:37 INFO SecurityManager: SecurityManager: authentication disabled; ui acls disabled; users with view permissions: *** groups with view permissions: EMPTY; users with modify permissions: ***; groups with modify permissions: EMPTY; RPC SSL disabled
[2025-07-06T11:38:37.277+0000] {spark_submit.py:634} INFO - 25/07/06 11:38:37 INFO Executor: Starting executor ID driver on host fe6c21a509a7
[2025-07-06T11:38:37.277+0000] {spark_submit.py:634} INFO - 25/07/06 11:38:37 INFO Executor: OS info Linux, 6.8.0-60-generic, amd64
[2025-07-06T11:38:37.277+0000] {spark_submit.py:634} INFO - 25/07/06 11:38:37 INFO Executor: Java version 17.0.15
[2025-07-06T11:38:37.286+0000] {spark_submit.py:634} INFO - 25/07/06 11:38:37 INFO Executor: Starting executor with user classpath (userClassPathFirst = false): ''
[2025-07-06T11:38:37.287+0000] {spark_submit.py:634} INFO - 25/07/06 11:38:37 INFO Executor: Created or updated repl class loader org.apache.spark.util.MutableURLClassLoader@2bc3556 for default.
[2025-07-06T11:38:37.292+0000] {spark_submit.py:634} INFO - 25/07/06 11:38:37 INFO Executor: Fetching file:///home/***/.ivy2.5.2/jars/com.clickhouse_clickhouse-jdbc-0.6.4.jar with timestamp 1751801916191
[2025-07-06T11:38:37.301+0000] {spark_submit.py:634} INFO - 25/07/06 11:38:37 INFO Utils: /home/***/.ivy2.5.2/jars/com.clickhouse_clickhouse-jdbc-0.6.4.jar has been previously copied to /tmp/spark-bf8fb00f-2170-4890-b367-62286bc73124/userFiles-84f53372-c22f-4f2c-a8c4-f25656f27349/com.clickhouse_clickhouse-jdbc-0.6.4.jar
[2025-07-06T11:38:37.304+0000] {spark_submit.py:634} INFO - 25/07/06 11:38:37 INFO Executor: Fetching file:///home/***/.ivy2.5.2/jars/org.apache.httpcomponents.client5_httpclient5-5.3.1.jar with timestamp 1751801916191
[2025-07-06T11:38:37.305+0000] {spark_submit.py:634} INFO - 25/07/06 11:38:37 INFO Utils: /home/***/.ivy2.5.2/jars/org.apache.httpcomponents.client5_httpclient5-5.3.1.jar has been previously copied to /tmp/spark-bf8fb00f-2170-4890-b367-62286bc73124/userFiles-84f53372-c22f-4f2c-a8c4-f25656f27349/org.apache.httpcomponents.client5_httpclient5-5.3.1.jar
[2025-07-06T11:38:37.312+0000] {spark_submit.py:634} INFO - 25/07/06 11:38:37 INFO Executor: Fetching file:///home/***/.ivy2.5.2/jars/org.apache.httpcomponents.core5_httpcore5-5.2.4.jar with timestamp 1751801916191
[2025-07-06T11:38:37.313+0000] {spark_submit.py:634} INFO - 25/07/06 11:38:37 INFO Utils: /home/***/.ivy2.5.2/jars/org.apache.httpcomponents.core5_httpcore5-5.2.4.jar has been previously copied to /tmp/spark-bf8fb00f-2170-4890-b367-62286bc73124/userFiles-84f53372-c22f-4f2c-a8c4-f25656f27349/org.apache.httpcomponents.core5_httpcore5-5.2.4.jar
[2025-07-06T11:38:37.318+0000] {spark_submit.py:634} INFO - 25/07/06 11:38:37 INFO Executor: Fetching file:///home/***/.ivy2.5.2/jars/org.apache.httpcomponents.core5_httpcore5-h2-5.2.4.jar with timestamp 1751801916191
[2025-07-06T11:38:37.318+0000] {spark_submit.py:634} INFO - 25/07/06 11:38:37 INFO Utils: /home/***/.ivy2.5.2/jars/org.apache.httpcomponents.core5_httpcore5-h2-5.2.4.jar has been previously copied to /tmp/spark-bf8fb00f-2170-4890-b367-62286bc73124/userFiles-84f53372-c22f-4f2c-a8c4-f25656f27349/org.apache.httpcomponents.core5_httpcore5-h2-5.2.4.jar
[2025-07-06T11:38:37.368+0000] {spark_submit.py:634} INFO - 25/07/06 11:38:37 INFO Executor: Fetching file:///home/***/.ivy2.5.2/jars/org.slf4j_slf4j-api-1.7.36.jar with timestamp 1751801916191
[2025-07-06T11:38:37.368+0000] {spark_submit.py:634} INFO - 25/07/06 11:38:37 INFO Utils: /home/***/.ivy2.5.2/jars/org.slf4j_slf4j-api-1.7.36.jar has been previously copied to /tmp/spark-bf8fb00f-2170-4890-b367-62286bc73124/userFiles-84f53372-c22f-4f2c-a8c4-f25656f27349/org.slf4j_slf4j-api-1.7.36.jar
[2025-07-06T11:38:37.375+0000] {spark_submit.py:634} INFO - 25/07/06 11:38:37 INFO Executor: Fetching spark://fe6c21a509a7:33007/jars/com.clickhouse_clickhouse-jdbc-0.6.4.jar with timestamp 1751801916191
[2025-07-06T11:38:37.399+0000] {spark_submit.py:634} INFO - 25/07/06 11:38:37 INFO TransportClientFactory: Successfully created connection to fe6c21a509a7/172.21.0.9:33007 after 14 ms (0 ms spent in bootstraps)
[2025-07-06T11:38:37.404+0000] {spark_submit.py:634} INFO - 25/07/06 11:38:37 INFO Utils: Fetching spark://fe6c21a509a7:33007/jars/com.clickhouse_clickhouse-jdbc-0.6.4.jar to /tmp/spark-bf8fb00f-2170-4890-b367-62286bc73124/userFiles-84f53372-c22f-4f2c-a8c4-f25656f27349/fetchFileTemp5543843940250890790.tmp
[2025-07-06T11:38:37.413+0000] {spark_submit.py:634} INFO - 25/07/06 11:38:37 INFO Utils: /tmp/spark-bf8fb00f-2170-4890-b367-62286bc73124/userFiles-84f53372-c22f-4f2c-a8c4-f25656f27349/fetchFileTemp5543843940250890790.tmp has been previously copied to /tmp/spark-bf8fb00f-2170-4890-b367-62286bc73124/userFiles-84f53372-c22f-4f2c-a8c4-f25656f27349/com.clickhouse_clickhouse-jdbc-0.6.4.jar
[2025-07-06T11:38:37.418+0000] {spark_submit.py:634} INFO - 25/07/06 11:38:37 INFO Executor: Adding file:/tmp/spark-bf8fb00f-2170-4890-b367-62286bc73124/userFiles-84f53372-c22f-4f2c-a8c4-f25656f27349/com.clickhouse_clickhouse-jdbc-0.6.4.jar to class loader default
[2025-07-06T11:38:37.418+0000] {spark_submit.py:634} INFO - 25/07/06 11:38:37 INFO Executor: Fetching spark://fe6c21a509a7:33007/jars/org.apache.httpcomponents.core5_httpcore5-5.2.4.jar with timestamp 1751801916191
[2025-07-06T11:38:37.419+0000] {spark_submit.py:634} INFO - 25/07/06 11:38:37 INFO Utils: Fetching spark://fe6c21a509a7:33007/jars/org.apache.httpcomponents.core5_httpcore5-5.2.4.jar to /tmp/spark-bf8fb00f-2170-4890-b367-62286bc73124/userFiles-84f53372-c22f-4f2c-a8c4-f25656f27349/fetchFileTemp6108827214048657051.tmp
[2025-07-06T11:38:37.472+0000] {spark_submit.py:634} INFO - 25/07/06 11:38:37 INFO Utils: /tmp/spark-bf8fb00f-2170-4890-b367-62286bc73124/userFiles-84f53372-c22f-4f2c-a8c4-f25656f27349/fetchFileTemp6108827214048657051.tmp has been previously copied to /tmp/spark-bf8fb00f-2170-4890-b367-62286bc73124/userFiles-84f53372-c22f-4f2c-a8c4-f25656f27349/org.apache.httpcomponents.core5_httpcore5-5.2.4.jar
[2025-07-06T11:38:37.478+0000] {spark_submit.py:634} INFO - 25/07/06 11:38:37 INFO Executor: Adding file:/tmp/spark-bf8fb00f-2170-4890-b367-62286bc73124/userFiles-84f53372-c22f-4f2c-a8c4-f25656f27349/org.apache.httpcomponents.core5_httpcore5-5.2.4.jar to class loader default
[2025-07-06T11:38:37.478+0000] {spark_submit.py:634} INFO - 25/07/06 11:38:37 INFO Executor: Fetching spark://fe6c21a509a7:33007/jars/org.apache.httpcomponents.client5_httpclient5-5.3.1.jar with timestamp 1751801916191
[2025-07-06T11:38:37.478+0000] {spark_submit.py:634} INFO - 25/07/06 11:38:37 INFO Utils: Fetching spark://fe6c21a509a7:33007/jars/org.apache.httpcomponents.client5_httpclient5-5.3.1.jar to /tmp/spark-bf8fb00f-2170-4890-b367-62286bc73124/userFiles-84f53372-c22f-4f2c-a8c4-f25656f27349/fetchFileTemp3584027369655262465.tmp
[2025-07-06T11:38:37.482+0000] {spark_submit.py:634} INFO - 25/07/06 11:38:37 INFO Utils: /tmp/spark-bf8fb00f-2170-4890-b367-62286bc73124/userFiles-84f53372-c22f-4f2c-a8c4-f25656f27349/fetchFileTemp3584027369655262465.tmp has been previously copied to /tmp/spark-bf8fb00f-2170-4890-b367-62286bc73124/userFiles-84f53372-c22f-4f2c-a8c4-f25656f27349/org.apache.httpcomponents.client5_httpclient5-5.3.1.jar
[2025-07-06T11:38:37.485+0000] {spark_submit.py:634} INFO - 25/07/06 11:38:37 INFO Executor: Adding file:/tmp/spark-bf8fb00f-2170-4890-b367-62286bc73124/userFiles-84f53372-c22f-4f2c-a8c4-f25656f27349/org.apache.httpcomponents.client5_httpclient5-5.3.1.jar to class loader default
[2025-07-06T11:38:37.485+0000] {spark_submit.py:634} INFO - 25/07/06 11:38:37 INFO Executor: Fetching spark://fe6c21a509a7:33007/jars/org.slf4j_slf4j-api-1.7.36.jar with timestamp 1751801916191
[2025-07-06T11:38:37.485+0000] {spark_submit.py:634} INFO - 25/07/06 11:38:37 INFO Utils: Fetching spark://fe6c21a509a7:33007/jars/org.slf4j_slf4j-api-1.7.36.jar to /tmp/spark-bf8fb00f-2170-4890-b367-62286bc73124/userFiles-84f53372-c22f-4f2c-a8c4-f25656f27349/fetchFileTemp3468382601646333259.tmp
[2025-07-06T11:38:37.486+0000] {spark_submit.py:634} INFO - 25/07/06 11:38:37 INFO Utils: /tmp/spark-bf8fb00f-2170-4890-b367-62286bc73124/userFiles-84f53372-c22f-4f2c-a8c4-f25656f27349/fetchFileTemp3468382601646333259.tmp has been previously copied to /tmp/spark-bf8fb00f-2170-4890-b367-62286bc73124/userFiles-84f53372-c22f-4f2c-a8c4-f25656f27349/org.slf4j_slf4j-api-1.7.36.jar
[2025-07-06T11:38:37.491+0000] {spark_submit.py:634} INFO - 25/07/06 11:38:37 INFO Executor: Adding file:/tmp/spark-bf8fb00f-2170-4890-b367-62286bc73124/userFiles-84f53372-c22f-4f2c-a8c4-f25656f27349/org.slf4j_slf4j-api-1.7.36.jar to class loader default
[2025-07-06T11:38:37.491+0000] {spark_submit.py:634} INFO - 25/07/06 11:38:37 INFO Executor: Fetching spark://fe6c21a509a7:33007/jars/org.apache.httpcomponents.core5_httpcore5-h2-5.2.4.jar with timestamp 1751801916191
[2025-07-06T11:38:37.491+0000] {spark_submit.py:634} INFO - 25/07/06 11:38:37 INFO Utils: Fetching spark://fe6c21a509a7:33007/jars/org.apache.httpcomponents.core5_httpcore5-h2-5.2.4.jar to /tmp/spark-bf8fb00f-2170-4890-b367-62286bc73124/userFiles-84f53372-c22f-4f2c-a8c4-f25656f27349/fetchFileTemp13388158903421237913.tmp
[2025-07-06T11:38:37.493+0000] {spark_submit.py:634} INFO - 25/07/06 11:38:37 INFO Utils: /tmp/spark-bf8fb00f-2170-4890-b367-62286bc73124/userFiles-84f53372-c22f-4f2c-a8c4-f25656f27349/fetchFileTemp13388158903421237913.tmp has been previously copied to /tmp/spark-bf8fb00f-2170-4890-b367-62286bc73124/userFiles-84f53372-c22f-4f2c-a8c4-f25656f27349/org.apache.httpcomponents.core5_httpcore5-h2-5.2.4.jar
[2025-07-06T11:38:37.497+0000] {spark_submit.py:634} INFO - 25/07/06 11:38:37 INFO Executor: Adding file:/tmp/spark-bf8fb00f-2170-4890-b367-62286bc73124/userFiles-84f53372-c22f-4f2c-a8c4-f25656f27349/org.apache.httpcomponents.core5_httpcore5-h2-5.2.4.jar to class loader default
[2025-07-06T11:38:37.503+0000] {spark_submit.py:634} INFO - 25/07/06 11:38:37 INFO Utils: Successfully started service 'org.apache.spark.network.netty.NettyBlockTransferService' on port 44769.
[2025-07-06T11:38:37.504+0000] {spark_submit.py:634} INFO - 25/07/06 11:38:37 INFO NettyBlockTransferService: Server created on fe6c21a509a7:44769
[2025-07-06T11:38:37.504+0000] {spark_submit.py:634} INFO - 25/07/06 11:38:37 INFO BlockManager: Using org.apache.spark.storage.RandomBlockReplicationPolicy for block replication policy
[2025-07-06T11:38:37.569+0000] {spark_submit.py:634} INFO - 25/07/06 11:38:37 INFO BlockManagerMaster: Registering BlockManager BlockManagerId(driver, fe6c21a509a7, 44769, None)
[2025-07-06T11:38:37.574+0000] {spark_submit.py:634} INFO - 25/07/06 11:38:37 INFO BlockManagerMasterEndpoint: Registering block manager fe6c21a509a7:44769 with 413.9 MiB RAM, BlockManagerId(driver, fe6c21a509a7, 44769, None)
[2025-07-06T11:38:37.576+0000] {spark_submit.py:634} INFO - 25/07/06 11:38:37 INFO BlockManagerMaster: Registered BlockManager BlockManagerId(driver, fe6c21a509a7, 44769, None)
[2025-07-06T11:38:37.577+0000] {spark_submit.py:634} INFO - 25/07/06 11:38:37 INFO BlockManager: Initialized BlockManager: BlockManagerId(driver, fe6c21a509a7, 44769, None)
[2025-07-06T11:38:43.695+0000] {spark_submit.py:634} INFO - Python-dotenv could not parse statement starting at line 1
[2025-07-06T11:38:43.695+0000] {spark_submit.py:634} INFO - Python-dotenv could not parse statement starting at line 3
[2025-07-06T11:38:44.276+0000] {spark_submit.py:634} INFO - 25/07/06 11:38:44 WARN SparkStringUtils: Truncated the string representation of a plan since it was too large. This behavior can be adjusted by setting 'spark.sql.debug.maxToStringFields'.
[2025-07-06T11:38:47.287+0000] {spark_submit.py:634} INFO - 25/07/06 11:38:47 WARN JdbcUtils: Requested isolation level 1, but transactions are unsupported
[2025-07-06T11:38:49.455+0000] {spark_submit.py:634} INFO - ------------------------Dữ liệu đã được ghi thành công vào ClickHouse------------------------
[2025-07-06T11:38:49.800+0000] {spark_submit.py:634} INFO - -------------Stop SparkSession-------------
[2025-07-06T11:38:49.917+0000] {taskinstance.py:441} INFO - ::group::Post task execution logs
[2025-07-06T11:38:49.926+0000] {taskinstance.py:1205} INFO - Marking task as SUCCESS. dag_id=my_spark_inline, task_id=spark_write_data, execution_date=20250706T051258, start_date=20250706T113807, end_date=20250706T113849
[2025-07-06T11:38:49.985+0000] {local_task_job_runner.py:240} INFO - Task exited with return code 0
[2025-07-06T11:38:49.999+0000] {taskinstance.py:3482} INFO - 0 downstream tasks scheduled from follow-on schedule check
[2025-07-06T11:38:50.000+0000] {local_task_job_runner.py:222} INFO - ::endgroup::
