[2025-07-06T05:49:54.696+0000] {local_task_job_runner.py:120} INFO - ::group::Pre task execution logs
[2025-07-06T05:49:54.722+0000] {taskinstance.py:2073} INFO - Dependencies all met for dep_context=non-requeueable deps ti=<TaskInstance: my_spark_inline.spark_write_data manual__2025-07-06T05:12:58.943989+00:00 [queued]>
[2025-07-06T05:49:54.831+0000] {taskinstance.py:2073} INFO - Dependencies all met for dep_context=requeueable deps ti=<TaskInstance: my_spark_inline.spark_write_data manual__2025-07-06T05:12:58.943989+00:00 [queued]>
[2025-07-06T05:49:54.831+0000] {taskinstance.py:2303} INFO - Starting attempt 13 of 13
[2025-07-06T05:49:54.847+0000] {taskinstance.py:2327} INFO - Executing <Task(SparkSubmitOperator): spark_write_data> on 2025-07-06 05:12:58.943989+00:00
[2025-07-06T05:49:54.851+0000] {standard_task_runner.py:63} INFO - Started process 2935 to run task
[2025-07-06T05:49:54.855+0000] {standard_task_runner.py:90} INFO - Running: ['***', 'tasks', 'run', 'my_spark_inline', 'spark_write_data', 'manual__2025-07-06T05:12:58.943989+00:00', '--job-id', '42', '--raw', '--subdir', 'DAGS_FOLDER/test_spark.py', '--cfg-path', '/tmp/tmp7ozjfm76']
[2025-07-06T05:49:54.856+0000] {standard_task_runner.py:91} INFO - Job 42: Subtask spark_write_data
[2025-07-06T05:49:54.867+0000] {logging_mixin.py:188} WARNING - /home/***/.local/lib/python3.11/site-packages/***/settings.py:195 DeprecationWarning: The sql_alchemy_conn option in [core] has been moved to the sql_alchemy_conn option in [database] - the old setting has been used, but please update your config.
[2025-07-06T05:49:54.892+0000] {task_command.py:426} INFO - Running <TaskInstance: my_spark_inline.spark_write_data manual__2025-07-06T05:12:58.943989+00:00 [running]> on host 1d0c55f2b911
[2025-07-06T05:49:54.946+0000] {taskinstance.py:2644} INFO - Exporting env vars: AIRFLOW_CTX_DAG_OWNER='***' AIRFLOW_CTX_DAG_ID='my_spark_inline' AIRFLOW_CTX_TASK_ID='spark_write_data' AIRFLOW_CTX_EXECUTION_DATE='2025-07-06T05:12:58.943989+00:00' AIRFLOW_CTX_TRY_NUMBER='13' AIRFLOW_CTX_DAG_RUN_ID='manual__2025-07-06T05:12:58.943989+00:00'
[2025-07-06T05:49:54.946+0000] {taskinstance.py:430} INFO - ::endgroup::
[2025-07-06T05:49:54.959+0000] {base.py:84} INFO - Using connection ID 'spark_default' for task execution.
[2025-07-06T05:49:54.960+0000] {spark_submit.py:473} INFO - Spark-Submit cmd: spark-submit --master local[*] --conf spark.master=local[*] --packages com.clickhouse:clickhouse-jdbc:0.6.4,org.apache.httpcomponents.client5:httpclient5:5.3.1 --name arrow-spark --queue root.default --deploy-mode client /opt/***/spark_project/src/spark/spark_main.py
[2025-07-06T05:49:55.190+0000] {spark_submit.py:634} INFO - WARNING: Using incubator modules: jdk.incubator.vector
[2025-07-06T05:49:56.571+0000] {spark_submit.py:634} INFO - :: loading settings :: url = jar:file:/home/***/.local/lib/python3.11/site-packages/pyspark/jars/ivy-2.5.3.jar!/org/apache/ivy/core/settings/ivysettings.xml
[2025-07-06T05:49:56.662+0000] {spark_submit.py:634} INFO - Ivy Default Cache set to: /home/***/.ivy2.5.2/cache
[2025-07-06T05:49:56.662+0000] {spark_submit.py:634} INFO - The jars for the packages stored in: /home/***/.ivy2.5.2/jars
[2025-07-06T05:49:56.664+0000] {spark_submit.py:634} INFO - com.clickhouse#clickhouse-jdbc added as a dependency
[2025-07-06T05:49:56.664+0000] {spark_submit.py:634} INFO - org.apache.httpcomponents.client5#httpclient5 added as a dependency
[2025-07-06T05:49:56.665+0000] {spark_submit.py:634} INFO - :: resolving dependencies :: org.apache.spark#spark-submit-parent-183143d6-4c42-439a-8fbd-3ccde75a8f7c;1.0
[2025-07-06T05:49:56.665+0000] {spark_submit.py:634} INFO - confs: [default]
[2025-07-06T05:49:56.785+0000] {spark_submit.py:634} INFO - found com.clickhouse#clickhouse-jdbc;0.6.4 in central
[2025-07-06T05:49:56.854+0000] {spark_submit.py:634} INFO - found org.apache.httpcomponents.client5#httpclient5;5.3.1 in central
[2025-07-06T05:49:56.869+0000] {spark_submit.py:634} INFO - found org.apache.httpcomponents.core5#httpcore5;5.2.4 in central
[2025-07-06T05:49:56.950+0000] {spark_submit.py:634} INFO - found org.apache.httpcomponents.core5#httpcore5-h2;5.2.4 in central
[2025-07-06T05:49:56.961+0000] {spark_submit.py:634} INFO - found org.slf4j#slf4j-api;1.7.36 in central
[2025-07-06T05:49:57.044+0000] {spark_submit.py:634} INFO - :: resolution report :: resolve 303ms :: artifacts dl 77ms
[2025-07-06T05:49:57.044+0000] {spark_submit.py:634} INFO - :: modules in use:
[2025-07-06T05:49:57.044+0000] {spark_submit.py:634} INFO - com.clickhouse#clickhouse-jdbc;0.6.4 from central in [default]
[2025-07-06T05:49:57.044+0000] {spark_submit.py:634} INFO - org.apache.httpcomponents.client5#httpclient5;5.3.1 from central in [default]
[2025-07-06T05:49:57.045+0000] {spark_submit.py:634} INFO - org.apache.httpcomponents.core5#httpcore5;5.2.4 from central in [default]
[2025-07-06T05:49:57.045+0000] {spark_submit.py:634} INFO - org.apache.httpcomponents.core5#httpcore5-h2;5.2.4 from central in [default]
[2025-07-06T05:49:57.045+0000] {spark_submit.py:634} INFO - org.slf4j#slf4j-api;1.7.36 from central in [default]
[2025-07-06T05:49:57.045+0000] {spark_submit.py:634} INFO - ---------------------------------------------------------------------
[2025-07-06T05:49:57.045+0000] {spark_submit.py:634} INFO - |                  |            modules            ||   artifacts   |
[2025-07-06T05:49:57.045+0000] {spark_submit.py:634} INFO - |       conf       | number| search|dwnlded|evicted|| number|dwnlded|
[2025-07-06T05:49:57.045+0000] {spark_submit.py:634} INFO - ---------------------------------------------------------------------
[2025-07-06T05:49:57.045+0000] {spark_submit.py:634} INFO - |      default     |   5   |   0   |   0   |   0   ||   5   |   0   |
[2025-07-06T05:49:57.045+0000] {spark_submit.py:634} INFO - ---------------------------------------------------------------------
[2025-07-06T05:49:57.046+0000] {spark_submit.py:634} INFO - :: retrieving :: org.apache.spark#spark-submit-parent-183143d6-4c42-439a-8fbd-3ccde75a8f7c
[2025-07-06T05:49:57.047+0000] {spark_submit.py:634} INFO - confs: [default]
[2025-07-06T05:49:57.050+0000] {spark_submit.py:634} INFO - 0 artifacts copied, 5 already retrieved (0kB/4ms)
[2025-07-06T05:49:57.354+0000] {spark_submit.py:634} INFO - 25/07/06 05:49:57 WARN NativeCodeLoader: Unable to load native-hadoop library for your platform... using builtin-java classes where applicable
[2025-07-06T05:49:58.746+0000] {spark_submit.py:634} INFO - Using Spark's default log4j profile: org/apache/spark/log4j2-defaults.properties
[2025-07-06T05:49:58.750+0000] {spark_submit.py:634} INFO - 25/07/06 05:49:58 INFO SparkContext: Running Spark version 4.0.0
[2025-07-06T05:49:58.751+0000] {spark_submit.py:634} INFO - 25/07/06 05:49:58 INFO SparkContext: OS info Linux, 6.8.0-60-generic, amd64
[2025-07-06T05:49:58.751+0000] {spark_submit.py:634} INFO - 25/07/06 05:49:58 INFO SparkContext: Java version 17.0.15
[2025-07-06T05:49:58.768+0000] {spark_submit.py:634} INFO - 25/07/06 05:49:58 INFO ResourceUtils: ==============================================================
[2025-07-06T05:49:58.768+0000] {spark_submit.py:634} INFO - 25/07/06 05:49:58 INFO ResourceUtils: No custom resources configured for spark.driver.
[2025-07-06T05:49:58.768+0000] {spark_submit.py:634} INFO - 25/07/06 05:49:58 INFO ResourceUtils: ==============================================================
[2025-07-06T05:49:58.769+0000] {spark_submit.py:634} INFO - 25/07/06 05:49:58 INFO SparkContext: Submitted application: thanhdz
[2025-07-06T05:49:58.844+0000] {spark_submit.py:634} INFO - 25/07/06 05:49:58 INFO ResourceProfile: Default ResourceProfile created, executor resources: Map(cores -> name: cores, amount: 2, script: , vendor: , memory -> name: memory, amount: 4096, script: , vendor: , offHeap -> name: offHeap, amount: 0, script: , vendor: ), task resources: Map(cpus -> name: cpus, amount: 1.0)
[2025-07-06T05:49:58.847+0000] {spark_submit.py:634} INFO - 25/07/06 05:49:58 INFO ResourceProfile: Limiting resource is cpus at 2 tasks per executor
[2025-07-06T05:49:58.848+0000] {spark_submit.py:634} INFO - 25/07/06 05:49:58 INFO ResourceProfileManager: Added ResourceProfile id: 0
[2025-07-06T05:49:58.878+0000] {spark_submit.py:634} INFO - 25/07/06 05:49:58 INFO SecurityManager: Changing view acls to: ***
[2025-07-06T05:49:58.938+0000] {spark_submit.py:634} INFO - 25/07/06 05:49:58 INFO SecurityManager: Changing modify acls to: ***
[2025-07-06T05:49:58.939+0000] {spark_submit.py:634} INFO - 25/07/06 05:49:58 INFO SecurityManager: Changing view acls groups to: ***
[2025-07-06T05:49:58.939+0000] {spark_submit.py:634} INFO - 25/07/06 05:49:58 INFO SecurityManager: Changing modify acls groups to: ***
[2025-07-06T05:49:58.942+0000] {spark_submit.py:634} INFO - 25/07/06 05:49:58 INFO SecurityManager: SecurityManager: authentication disabled; ui acls disabled; users with view permissions: *** groups with view permissions: EMPTY; users with modify permissions: ***; groups with modify permissions: EMPTY; RPC SSL disabled
[2025-07-06T05:49:59.157+0000] {spark_submit.py:634} INFO - 25/07/06 05:49:59 INFO Utils: Successfully started service 'sparkDriver' on port 35745.
[2025-07-06T05:49:59.171+0000] {spark_submit.py:634} INFO - 25/07/06 05:49:59 INFO SparkEnv: Registering MapOutputTracker
[2025-07-06T05:49:59.177+0000] {spark_submit.py:634} INFO - 25/07/06 05:49:59 INFO SparkEnv: Registering BlockManagerMaster
[2025-07-06T05:49:59.184+0000] {spark_submit.py:634} INFO - 25/07/06 05:49:59 INFO BlockManagerMasterEndpoint: Using org.apache.spark.storage.DefaultTopologyMapper for getting topology information
[2025-07-06T05:49:59.185+0000] {spark_submit.py:634} INFO - 25/07/06 05:49:59 INFO BlockManagerMasterEndpoint: BlockManagerMasterEndpoint up
[2025-07-06T05:49:59.187+0000] {spark_submit.py:634} INFO - 25/07/06 05:49:59 INFO SparkEnv: Registering BlockManagerMasterHeartbeat
[2025-07-06T05:49:59.245+0000] {spark_submit.py:634} INFO - 25/07/06 05:49:59 INFO DiskBlockManager: Created local directory at /tmp/blockmgr-5010f225-d78a-4804-9c49-927578390963
[2025-07-06T05:49:59.257+0000] {spark_submit.py:634} INFO - 25/07/06 05:49:59 INFO SparkEnv: Registering OutputCommitCoordinator
[2025-07-06T05:49:59.443+0000] {spark_submit.py:634} INFO - 25/07/06 05:49:59 INFO JettyUtils: Start Jetty 0.0.0.0:4040 for SparkUI
[2025-07-06T05:49:59.548+0000] {spark_submit.py:634} INFO - 25/07/06 05:49:59 INFO Utils: Successfully started service 'SparkUI' on port 4040.
[2025-07-06T05:49:59.570+0000] {spark_submit.py:634} INFO - 25/07/06 05:49:59 INFO SparkContext: Added JAR file:///home/***/.ivy2.5.2/jars/com.clickhouse_clickhouse-jdbc-0.6.4.jar at spark://1d0c55f2b911:35745/jars/com.clickhouse_clickhouse-jdbc-0.6.4.jar with timestamp 1751780998741
[2025-07-06T05:49:59.570+0000] {spark_submit.py:634} INFO - 25/07/06 05:49:59 INFO SparkContext: Added JAR file:///home/***/.ivy2.5.2/jars/org.apache.httpcomponents.client5_httpclient5-5.3.1.jar at spark://1d0c55f2b911:35745/jars/org.apache.httpcomponents.client5_httpclient5-5.3.1.jar with timestamp 1751780998741
[2025-07-06T05:49:59.571+0000] {spark_submit.py:634} INFO - 25/07/06 05:49:59 INFO SparkContext: Added JAR file:///home/***/.ivy2.5.2/jars/org.apache.httpcomponents.core5_httpcore5-5.2.4.jar at spark://1d0c55f2b911:35745/jars/org.apache.httpcomponents.core5_httpcore5-5.2.4.jar with timestamp 1751780998741
[2025-07-06T05:49:59.571+0000] {spark_submit.py:634} INFO - 25/07/06 05:49:59 INFO SparkContext: Added JAR file:///home/***/.ivy2.5.2/jars/org.apache.httpcomponents.core5_httpcore5-h2-5.2.4.jar at spark://1d0c55f2b911:35745/jars/org.apache.httpcomponents.core5_httpcore5-h2-5.2.4.jar with timestamp 1751780998741
[2025-07-06T05:49:59.571+0000] {spark_submit.py:634} INFO - 25/07/06 05:49:59 INFO SparkContext: Added JAR file:///home/***/.ivy2.5.2/jars/org.slf4j_slf4j-api-1.7.36.jar at spark://1d0c55f2b911:35745/jars/org.slf4j_slf4j-api-1.7.36.jar with timestamp 1751780998741
[2025-07-06T05:49:59.572+0000] {spark_submit.py:634} INFO - 25/07/06 05:49:59 INFO SparkContext: Added file file:///home/***/.ivy2.5.2/jars/com.clickhouse_clickhouse-jdbc-0.6.4.jar at file:///home/***/.ivy2.5.2/jars/com.clickhouse_clickhouse-jdbc-0.6.4.jar with timestamp 1751780998741
[2025-07-06T05:49:59.573+0000] {spark_submit.py:634} INFO - 25/07/06 05:49:59 INFO Utils: Copying /home/***/.ivy2.5.2/jars/com.clickhouse_clickhouse-jdbc-0.6.4.jar to /tmp/spark-5da9f625-b2fe-4051-95fc-0d1b0163500f/userFiles-2448aa3d-36fe-4fe1-8d5c-2ab2ee374c3e/com.clickhouse_clickhouse-jdbc-0.6.4.jar
[2025-07-06T05:49:59.650+0000] {spark_submit.py:634} INFO - 25/07/06 05:49:59 INFO SparkContext: Added file file:///home/***/.ivy2.5.2/jars/org.apache.httpcomponents.client5_httpclient5-5.3.1.jar at file:///home/***/.ivy2.5.2/jars/org.apache.httpcomponents.client5_httpclient5-5.3.1.jar with timestamp 1751780998741
[2025-07-06T05:49:59.650+0000] {spark_submit.py:634} INFO - 25/07/06 05:49:59 INFO Utils: Copying /home/***/.ivy2.5.2/jars/org.apache.httpcomponents.client5_httpclient5-5.3.1.jar to /tmp/spark-5da9f625-b2fe-4051-95fc-0d1b0163500f/userFiles-2448aa3d-36fe-4fe1-8d5c-2ab2ee374c3e/org.apache.httpcomponents.client5_httpclient5-5.3.1.jar
[2025-07-06T05:49:59.655+0000] {spark_submit.py:634} INFO - 25/07/06 05:49:59 INFO SparkContext: Added file file:///home/***/.ivy2.5.2/jars/org.apache.httpcomponents.core5_httpcore5-5.2.4.jar at file:///home/***/.ivy2.5.2/jars/org.apache.httpcomponents.core5_httpcore5-5.2.4.jar with timestamp 1751780998741
[2025-07-06T05:49:59.655+0000] {spark_submit.py:634} INFO - 25/07/06 05:49:59 INFO Utils: Copying /home/***/.ivy2.5.2/jars/org.apache.httpcomponents.core5_httpcore5-5.2.4.jar to /tmp/spark-5da9f625-b2fe-4051-95fc-0d1b0163500f/userFiles-2448aa3d-36fe-4fe1-8d5c-2ab2ee374c3e/org.apache.httpcomponents.core5_httpcore5-5.2.4.jar
[2025-07-06T05:49:59.659+0000] {spark_submit.py:634} INFO - 25/07/06 05:49:59 INFO SparkContext: Added file file:///home/***/.ivy2.5.2/jars/org.apache.httpcomponents.core5_httpcore5-h2-5.2.4.jar at file:///home/***/.ivy2.5.2/jars/org.apache.httpcomponents.core5_httpcore5-h2-5.2.4.jar with timestamp 1751780998741
[2025-07-06T05:49:59.659+0000] {spark_submit.py:634} INFO - 25/07/06 05:49:59 INFO Utils: Copying /home/***/.ivy2.5.2/jars/org.apache.httpcomponents.core5_httpcore5-h2-5.2.4.jar to /tmp/spark-5da9f625-b2fe-4051-95fc-0d1b0163500f/userFiles-2448aa3d-36fe-4fe1-8d5c-2ab2ee374c3e/org.apache.httpcomponents.core5_httpcore5-h2-5.2.4.jar
[2025-07-06T05:49:59.663+0000] {spark_submit.py:634} INFO - 25/07/06 05:49:59 INFO SparkContext: Added file file:///home/***/.ivy2.5.2/jars/org.slf4j_slf4j-api-1.7.36.jar at file:///home/***/.ivy2.5.2/jars/org.slf4j_slf4j-api-1.7.36.jar with timestamp 1751780998741
[2025-07-06T05:49:59.664+0000] {spark_submit.py:634} INFO - 25/07/06 05:49:59 INFO Utils: Copying /home/***/.ivy2.5.2/jars/org.slf4j_slf4j-api-1.7.36.jar to /tmp/spark-5da9f625-b2fe-4051-95fc-0d1b0163500f/userFiles-2448aa3d-36fe-4fe1-8d5c-2ab2ee374c3e/org.slf4j_slf4j-api-1.7.36.jar
[2025-07-06T05:49:59.744+0000] {spark_submit.py:634} INFO - 25/07/06 05:49:59 INFO SecurityManager: Changing view acls to: ***
[2025-07-06T05:49:59.745+0000] {spark_submit.py:634} INFO - 25/07/06 05:49:59 INFO SecurityManager: Changing modify acls to: ***
[2025-07-06T05:49:59.745+0000] {spark_submit.py:634} INFO - 25/07/06 05:49:59 INFO SecurityManager: Changing view acls groups to: ***
[2025-07-06T05:49:59.745+0000] {spark_submit.py:634} INFO - 25/07/06 05:49:59 INFO SecurityManager: Changing modify acls groups to: ***
[2025-07-06T05:49:59.745+0000] {spark_submit.py:634} INFO - 25/07/06 05:49:59 INFO SecurityManager: SecurityManager: authentication disabled; ui acls disabled; users with view permissions: *** groups with view permissions: EMPTY; users with modify permissions: ***; groups with modify permissions: EMPTY; RPC SSL disabled
[2025-07-06T05:49:59.861+0000] {spark_submit.py:634} INFO - 25/07/06 05:49:59 INFO Executor: Starting executor ID driver on host 1d0c55f2b911
[2025-07-06T05:49:59.861+0000] {spark_submit.py:634} INFO - 25/07/06 05:49:59 INFO Executor: OS info Linux, 6.8.0-60-generic, amd64
[2025-07-06T05:49:59.861+0000] {spark_submit.py:634} INFO - 25/07/06 05:49:59 INFO Executor: Java version 17.0.15
[2025-07-06T05:49:59.868+0000] {spark_submit.py:634} INFO - 25/07/06 05:49:59 INFO Executor: Starting executor with user classpath (userClassPathFirst = false): ''
[2025-07-06T05:49:59.868+0000] {spark_submit.py:634} INFO - 25/07/06 05:49:59 INFO Executor: Created or updated repl class loader org.apache.spark.util.MutableURLClassLoader@12f4e9ab for default.
[2025-07-06T05:49:59.875+0000] {spark_submit.py:634} INFO - 25/07/06 05:49:59 INFO Executor: Fetching file:///home/***/.ivy2.5.2/jars/com.clickhouse_clickhouse-jdbc-0.6.4.jar with timestamp 1751780998741
[2025-07-06T05:49:59.946+0000] {spark_submit.py:634} INFO - 25/07/06 05:49:59 INFO Utils: /home/***/.ivy2.5.2/jars/com.clickhouse_clickhouse-jdbc-0.6.4.jar has been previously copied to /tmp/spark-5da9f625-b2fe-4051-95fc-0d1b0163500f/userFiles-2448aa3d-36fe-4fe1-8d5c-2ab2ee374c3e/com.clickhouse_clickhouse-jdbc-0.6.4.jar
[2025-07-06T05:49:59.950+0000] {spark_submit.py:634} INFO - 25/07/06 05:49:59 INFO Executor: Fetching file:///home/***/.ivy2.5.2/jars/org.apache.httpcomponents.client5_httpclient5-5.3.1.jar with timestamp 1751780998741
[2025-07-06T05:49:59.951+0000] {spark_submit.py:634} INFO - 25/07/06 05:49:59 INFO Utils: /home/***/.ivy2.5.2/jars/org.apache.httpcomponents.client5_httpclient5-5.3.1.jar has been previously copied to /tmp/spark-5da9f625-b2fe-4051-95fc-0d1b0163500f/userFiles-2448aa3d-36fe-4fe1-8d5c-2ab2ee374c3e/org.apache.httpcomponents.client5_httpclient5-5.3.1.jar
[2025-07-06T05:49:59.957+0000] {spark_submit.py:634} INFO - 25/07/06 05:49:59 INFO Executor: Fetching file:///home/***/.ivy2.5.2/jars/org.apache.httpcomponents.core5_httpcore5-5.2.4.jar with timestamp 1751780998741
[2025-07-06T05:49:59.957+0000] {spark_submit.py:634} INFO - 25/07/06 05:49:59 INFO Utils: /home/***/.ivy2.5.2/jars/org.apache.httpcomponents.core5_httpcore5-5.2.4.jar has been previously copied to /tmp/spark-5da9f625-b2fe-4051-95fc-0d1b0163500f/userFiles-2448aa3d-36fe-4fe1-8d5c-2ab2ee374c3e/org.apache.httpcomponents.core5_httpcore5-5.2.4.jar
[2025-07-06T05:49:59.962+0000] {spark_submit.py:634} INFO - 25/07/06 05:49:59 INFO Executor: Fetching file:///home/***/.ivy2.5.2/jars/org.apache.httpcomponents.core5_httpcore5-h2-5.2.4.jar with timestamp 1751780998741
[2025-07-06T05:49:59.962+0000] {spark_submit.py:634} INFO - 25/07/06 05:49:59 INFO Utils: /home/***/.ivy2.5.2/jars/org.apache.httpcomponents.core5_httpcore5-h2-5.2.4.jar has been previously copied to /tmp/spark-5da9f625-b2fe-4051-95fc-0d1b0163500f/userFiles-2448aa3d-36fe-4fe1-8d5c-2ab2ee374c3e/org.apache.httpcomponents.core5_httpcore5-h2-5.2.4.jar
[2025-07-06T05:49:59.965+0000] {spark_submit.py:634} INFO - 25/07/06 05:49:59 INFO Executor: Fetching file:///home/***/.ivy2.5.2/jars/org.slf4j_slf4j-api-1.7.36.jar with timestamp 1751780998741
[2025-07-06T05:49:59.966+0000] {spark_submit.py:634} INFO - 25/07/06 05:49:59 INFO Utils: /home/***/.ivy2.5.2/jars/org.slf4j_slf4j-api-1.7.36.jar has been previously copied to /tmp/spark-5da9f625-b2fe-4051-95fc-0d1b0163500f/userFiles-2448aa3d-36fe-4fe1-8d5c-2ab2ee374c3e/org.slf4j_slf4j-api-1.7.36.jar
[2025-07-06T05:49:59.970+0000] {spark_submit.py:634} INFO - 25/07/06 05:49:59 INFO Executor: Fetching spark://1d0c55f2b911:35745/jars/com.clickhouse_clickhouse-jdbc-0.6.4.jar with timestamp 1751780998741
[2025-07-06T05:49:59.990+0000] {spark_submit.py:634} INFO - 25/07/06 05:49:59 INFO TransportClientFactory: Successfully created connection to 1d0c55f2b911/172.21.0.8:35745 after 12 ms (0 ms spent in bootstraps)
[2025-07-06T05:50:00.040+0000] {spark_submit.py:634} INFO - 25/07/06 05:50:00 INFO Utils: Fetching spark://1d0c55f2b911:35745/jars/com.clickhouse_clickhouse-jdbc-0.6.4.jar to /tmp/spark-5da9f625-b2fe-4051-95fc-0d1b0163500f/userFiles-2448aa3d-36fe-4fe1-8d5c-2ab2ee374c3e/fetchFileTemp14586353124614385675.tmp
[2025-07-06T05:50:00.050+0000] {spark_submit.py:634} INFO - 25/07/06 05:50:00 INFO Utils: /tmp/spark-5da9f625-b2fe-4051-95fc-0d1b0163500f/userFiles-2448aa3d-36fe-4fe1-8d5c-2ab2ee374c3e/fetchFileTemp14586353124614385675.tmp has been previously copied to /tmp/spark-5da9f625-b2fe-4051-95fc-0d1b0163500f/userFiles-2448aa3d-36fe-4fe1-8d5c-2ab2ee374c3e/com.clickhouse_clickhouse-jdbc-0.6.4.jar
[2025-07-06T05:50:00.057+0000] {spark_submit.py:634} INFO - 25/07/06 05:50:00 INFO Executor: Adding file:/tmp/spark-5da9f625-b2fe-4051-95fc-0d1b0163500f/userFiles-2448aa3d-36fe-4fe1-8d5c-2ab2ee374c3e/com.clickhouse_clickhouse-jdbc-0.6.4.jar to class loader default
[2025-07-06T05:50:00.057+0000] {spark_submit.py:634} INFO - 25/07/06 05:50:00 INFO Executor: Fetching spark://1d0c55f2b911:35745/jars/org.apache.httpcomponents.core5_httpcore5-h2-5.2.4.jar with timestamp 1751780998741
[2025-07-06T05:50:00.058+0000] {spark_submit.py:634} INFO - 25/07/06 05:50:00 INFO Utils: Fetching spark://1d0c55f2b911:35745/jars/org.apache.httpcomponents.core5_httpcore5-h2-5.2.4.jar to /tmp/spark-5da9f625-b2fe-4051-95fc-0d1b0163500f/userFiles-2448aa3d-36fe-4fe1-8d5c-2ab2ee374c3e/fetchFileTemp17193141221144903766.tmp
[2025-07-06T05:50:00.059+0000] {spark_submit.py:634} INFO - 25/07/06 05:50:00 INFO Utils: /tmp/spark-5da9f625-b2fe-4051-95fc-0d1b0163500f/userFiles-2448aa3d-36fe-4fe1-8d5c-2ab2ee374c3e/fetchFileTemp17193141221144903766.tmp has been previously copied to /tmp/spark-5da9f625-b2fe-4051-95fc-0d1b0163500f/userFiles-2448aa3d-36fe-4fe1-8d5c-2ab2ee374c3e/org.apache.httpcomponents.core5_httpcore5-h2-5.2.4.jar
[2025-07-06T05:50:00.063+0000] {spark_submit.py:634} INFO - 25/07/06 05:50:00 INFO Executor: Adding file:/tmp/spark-5da9f625-b2fe-4051-95fc-0d1b0163500f/userFiles-2448aa3d-36fe-4fe1-8d5c-2ab2ee374c3e/org.apache.httpcomponents.core5_httpcore5-h2-5.2.4.jar to class loader default
[2025-07-06T05:50:00.063+0000] {spark_submit.py:634} INFO - 25/07/06 05:50:00 INFO Executor: Fetching spark://1d0c55f2b911:35745/jars/org.apache.httpcomponents.core5_httpcore5-5.2.4.jar with timestamp 1751780998741
[2025-07-06T05:50:00.064+0000] {spark_submit.py:634} INFO - 25/07/06 05:50:00 INFO Utils: Fetching spark://1d0c55f2b911:35745/jars/org.apache.httpcomponents.core5_httpcore5-5.2.4.jar to /tmp/spark-5da9f625-b2fe-4051-95fc-0d1b0163500f/userFiles-2448aa3d-36fe-4fe1-8d5c-2ab2ee374c3e/fetchFileTemp17212022207153510550.tmp
[2025-07-06T05:50:00.065+0000] {spark_submit.py:634} INFO - 25/07/06 05:50:00 INFO Utils: /tmp/spark-5da9f625-b2fe-4051-95fc-0d1b0163500f/userFiles-2448aa3d-36fe-4fe1-8d5c-2ab2ee374c3e/fetchFileTemp17212022207153510550.tmp has been previously copied to /tmp/spark-5da9f625-b2fe-4051-95fc-0d1b0163500f/userFiles-2448aa3d-36fe-4fe1-8d5c-2ab2ee374c3e/org.apache.httpcomponents.core5_httpcore5-5.2.4.jar
[2025-07-06T05:50:00.069+0000] {spark_submit.py:634} INFO - 25/07/06 05:50:00 INFO Executor: Adding file:/tmp/spark-5da9f625-b2fe-4051-95fc-0d1b0163500f/userFiles-2448aa3d-36fe-4fe1-8d5c-2ab2ee374c3e/org.apache.httpcomponents.core5_httpcore5-5.2.4.jar to class loader default
[2025-07-06T05:50:00.069+0000] {spark_submit.py:634} INFO - 25/07/06 05:50:00 INFO Executor: Fetching spark://1d0c55f2b911:35745/jars/org.slf4j_slf4j-api-1.7.36.jar with timestamp 1751780998741
[2025-07-06T05:50:00.069+0000] {spark_submit.py:634} INFO - 25/07/06 05:50:00 INFO Utils: Fetching spark://1d0c55f2b911:35745/jars/org.slf4j_slf4j-api-1.7.36.jar to /tmp/spark-5da9f625-b2fe-4051-95fc-0d1b0163500f/userFiles-2448aa3d-36fe-4fe1-8d5c-2ab2ee374c3e/fetchFileTemp11394831128370859904.tmp
[2025-07-06T05:50:00.070+0000] {spark_submit.py:634} INFO - 25/07/06 05:50:00 INFO Utils: /tmp/spark-5da9f625-b2fe-4051-95fc-0d1b0163500f/userFiles-2448aa3d-36fe-4fe1-8d5c-2ab2ee374c3e/fetchFileTemp11394831128370859904.tmp has been previously copied to /tmp/spark-5da9f625-b2fe-4051-95fc-0d1b0163500f/userFiles-2448aa3d-36fe-4fe1-8d5c-2ab2ee374c3e/org.slf4j_slf4j-api-1.7.36.jar
[2025-07-06T05:50:00.073+0000] {spark_submit.py:634} INFO - 25/07/06 05:50:00 INFO Executor: Adding file:/tmp/spark-5da9f625-b2fe-4051-95fc-0d1b0163500f/userFiles-2448aa3d-36fe-4fe1-8d5c-2ab2ee374c3e/org.slf4j_slf4j-api-1.7.36.jar to class loader default
[2025-07-06T05:50:00.073+0000] {spark_submit.py:634} INFO - 25/07/06 05:50:00 INFO Executor: Fetching spark://1d0c55f2b911:35745/jars/org.apache.httpcomponents.client5_httpclient5-5.3.1.jar with timestamp 1751780998741
[2025-07-06T05:50:00.073+0000] {spark_submit.py:634} INFO - 25/07/06 05:50:00 INFO Utils: Fetching spark://1d0c55f2b911:35745/jars/org.apache.httpcomponents.client5_httpclient5-5.3.1.jar to /tmp/spark-5da9f625-b2fe-4051-95fc-0d1b0163500f/userFiles-2448aa3d-36fe-4fe1-8d5c-2ab2ee374c3e/fetchFileTemp5190167875584875805.tmp
[2025-07-06T05:50:00.076+0000] {spark_submit.py:634} INFO - 25/07/06 05:50:00 INFO Utils: /tmp/spark-5da9f625-b2fe-4051-95fc-0d1b0163500f/userFiles-2448aa3d-36fe-4fe1-8d5c-2ab2ee374c3e/fetchFileTemp5190167875584875805.tmp has been previously copied to /tmp/spark-5da9f625-b2fe-4051-95fc-0d1b0163500f/userFiles-2448aa3d-36fe-4fe1-8d5c-2ab2ee374c3e/org.apache.httpcomponents.client5_httpclient5-5.3.1.jar
[2025-07-06T05:50:00.078+0000] {spark_submit.py:634} INFO - 25/07/06 05:50:00 INFO Executor: Adding file:/tmp/spark-5da9f625-b2fe-4051-95fc-0d1b0163500f/userFiles-2448aa3d-36fe-4fe1-8d5c-2ab2ee374c3e/org.apache.httpcomponents.client5_httpclient5-5.3.1.jar to class loader default
[2025-07-06T05:50:00.084+0000] {spark_submit.py:634} INFO - 25/07/06 05:50:00 INFO Utils: Successfully started service 'org.apache.spark.network.netty.NettyBlockTransferService' on port 38447.
[2025-07-06T05:50:00.084+0000] {spark_submit.py:634} INFO - 25/07/06 05:50:00 INFO NettyBlockTransferService: Server created on 1d0c55f2b911:38447
[2025-07-06T05:50:00.085+0000] {spark_submit.py:634} INFO - 25/07/06 05:50:00 INFO BlockManager: Using org.apache.spark.storage.RandomBlockReplicationPolicy for block replication policy
[2025-07-06T05:50:00.145+0000] {spark_submit.py:634} INFO - 25/07/06 05:50:00 INFO BlockManagerMaster: Registering BlockManager BlockManagerId(driver, 1d0c55f2b911, 38447, None)
[2025-07-06T05:50:00.150+0000] {spark_submit.py:634} INFO - 25/07/06 05:50:00 INFO BlockManagerMasterEndpoint: Registering block manager 1d0c55f2b911:38447 with 413.9 MiB RAM, BlockManagerId(driver, 1d0c55f2b911, 38447, None)
[2025-07-06T05:50:00.151+0000] {spark_submit.py:634} INFO - 25/07/06 05:50:00 INFO BlockManagerMaster: Registered BlockManager BlockManagerId(driver, 1d0c55f2b911, 38447, None)
[2025-07-06T05:50:00.152+0000] {spark_submit.py:634} INFO - 25/07/06 05:50:00 INFO BlockManager: Initialized BlockManager: BlockManagerId(driver, 1d0c55f2b911, 38447, None)
[2025-07-06T05:50:04.960+0000] {spark_submit.py:634} INFO - Python-dotenv could not parse statement starting at line 1
[2025-07-06T05:50:05.372+0000] {spark_submit.py:634} INFO - 25/07/06 05:50:05 WARN SparkStringUtils: Truncated the string representation of a plan since it was too large. This behavior can be adjusted by setting 'spark.sql.debug.maxToStringFields'.
[2025-07-06T05:50:07.871+0000] {spark_submit.py:634} INFO - 25/07/06 05:50:07 WARN JdbcUtils: Requested isolation level 1, but transactions are unsupported
[2025-07-06T05:50:10.173+0000] {spark_submit.py:634} INFO - ------------------------Dữ liệu đã được ghi thành công vào ClickHouse------------------------
[2025-07-06T05:50:10.364+0000] {spark_submit.py:634} INFO - -------------Stop SparkSession-------------
[2025-07-06T05:50:10.494+0000] {taskinstance.py:441} INFO - ::group::Post task execution logs
[2025-07-06T05:50:10.501+0000] {taskinstance.py:1205} INFO - Marking task as SUCCESS. dag_id=my_spark_inline, task_id=spark_write_data, execution_date=20250706T051258, start_date=20250706T054954, end_date=20250706T055010
[2025-07-06T05:50:10.514+0000] {local_task_job_runner.py:240} INFO - Task exited with return code 0
[2025-07-06T05:50:10.524+0000] {taskinstance.py:3482} INFO - 0 downstream tasks scheduled from follow-on schedule check
[2025-07-06T05:50:10.524+0000] {local_task_job_runner.py:222} INFO - ::endgroup::
