[2025-07-06T12:20:53.992+0000] {local_task_job_runner.py:120} INFO - ::group::Pre task execution logs
[2025-07-06T12:20:54.011+0000] {taskinstance.py:2073} INFO - Dependencies all met for dep_context=non-requeueable deps ti=<TaskInstance: my_spark_inline.spark_write_data manual__2025-07-06T05:12:58.943989+00:00 [queued]>
[2025-07-06T12:20:54.103+0000] {taskinstance.py:2073} INFO - Dependencies all met for dep_context=requeueable deps ti=<TaskInstance: my_spark_inline.spark_write_data manual__2025-07-06T05:12:58.943989+00:00 [queued]>
[2025-07-06T12:20:54.103+0000] {taskinstance.py:2303} INFO - Starting attempt 27 of 27
[2025-07-06T12:20:54.118+0000] {taskinstance.py:2327} INFO - Executing <Task(SparkSubmitOperator): spark_write_data> on 2025-07-06 05:12:58.943989+00:00
[2025-07-06T12:20:54.122+0000] {standard_task_runner.py:63} INFO - Started process 2091 to run task
[2025-07-06T12:20:54.126+0000] {standard_task_runner.py:90} INFO - Running: ['***', 'tasks', 'run', 'my_spark_inline', 'spark_write_data', 'manual__2025-07-06T05:12:58.943989+00:00', '--job-id', '61', '--raw', '--subdir', 'DAGS_FOLDER/test_spark.py', '--cfg-path', '/tmp/tmpmsdbszt3']
[2025-07-06T12:20:54.127+0000] {standard_task_runner.py:91} INFO - Job 61: Subtask spark_write_data
[2025-07-06T12:20:54.142+0000] {logging_mixin.py:188} WARNING - /home/***/.local/lib/python3.11/site-packages/***/settings.py:195 DeprecationWarning: The sql_alchemy_conn option in [core] has been moved to the sql_alchemy_conn option in [database] - the old setting has been used, but please update your config.
[2025-07-06T12:20:54.165+0000] {task_command.py:426} INFO - Running <TaskInstance: my_spark_inline.spark_write_data manual__2025-07-06T05:12:58.943989+00:00 [running]> on host 320a39989f12
[2025-07-06T12:20:54.224+0000] {taskinstance.py:2644} INFO - Exporting env vars: AIRFLOW_CTX_DAG_OWNER='***' AIRFLOW_CTX_DAG_ID='my_spark_inline' AIRFLOW_CTX_TASK_ID='spark_write_data' AIRFLOW_CTX_EXECUTION_DATE='2025-07-06T05:12:58.943989+00:00' AIRFLOW_CTX_TRY_NUMBER='27' AIRFLOW_CTX_DAG_RUN_ID='manual__2025-07-06T05:12:58.943989+00:00'
[2025-07-06T12:20:54.224+0000] {taskinstance.py:430} INFO - ::endgroup::
[2025-07-06T12:20:54.238+0000] {base.py:84} INFO - Using connection ID 'spark-master' for task execution.
[2025-07-06T12:20:54.239+0000] {spark_submit.py:473} INFO - Spark-Submit cmd: spark-submit --master spark-master:7077 --packages com.clickhouse:clickhouse-jdbc:0.6.4,org.apache.httpcomponents.client5:httpclient5:5.3.1,org.apache.hadoop:hadoop-aws:3.3.5,com.amazonaws:aws-java-sdk-bundle:1.12.674 --name arrow-spark --deploy-mode client /opt/***/spark_project/src/spark/spark_main_minio.py
[2025-07-06T12:20:54.458+0000] {spark_submit.py:634} INFO - WARNING: Using incubator modules: jdk.incubator.vector
[2025-07-06T12:20:56.448+0000] {spark_submit.py:634} INFO - :: loading settings :: url = jar:file:/home/***/.local/lib/python3.11/site-packages/pyspark/jars/ivy-2.5.3.jar!/org/apache/ivy/core/settings/ivysettings.xml
[2025-07-06T12:20:56.544+0000] {spark_submit.py:634} INFO - Ivy Default Cache set to: /home/***/.ivy2.5.2/cache
[2025-07-06T12:20:56.545+0000] {spark_submit.py:634} INFO - The jars for the packages stored in: /home/***/.ivy2.5.2/jars
[2025-07-06T12:20:56.547+0000] {spark_submit.py:634} INFO - com.clickhouse#clickhouse-jdbc added as a dependency
[2025-07-06T12:20:56.547+0000] {spark_submit.py:634} INFO - org.apache.httpcomponents.client5#httpclient5 added as a dependency
[2025-07-06T12:20:56.547+0000] {spark_submit.py:634} INFO - org.apache.hadoop#hadoop-aws added as a dependency
[2025-07-06T12:20:56.548+0000] {spark_submit.py:634} INFO - com.amazonaws#aws-java-sdk-bundle added as a dependency
[2025-07-06T12:20:56.548+0000] {spark_submit.py:634} INFO - :: resolving dependencies :: org.apache.spark#spark-submit-parent-80e24a97-a8ad-4422-a65b-855d8b9676a7;1.0
[2025-07-06T12:20:56.548+0000] {spark_submit.py:634} INFO - confs: [default]
[2025-07-06T12:20:56.751+0000] {spark_submit.py:634} INFO - found com.clickhouse#clickhouse-jdbc;0.6.4 in central
[2025-07-06T12:20:56.841+0000] {spark_submit.py:634} INFO - found org.apache.httpcomponents.client5#httpclient5;5.3.1 in central
[2025-07-06T12:20:56.935+0000] {spark_submit.py:634} INFO - found org.apache.httpcomponents.core5#httpcore5;5.2.4 in central
[2025-07-06T12:20:56.949+0000] {spark_submit.py:634} INFO - found org.apache.httpcomponents.core5#httpcore5-h2;5.2.4 in central
[2025-07-06T12:20:57.037+0000] {spark_submit.py:634} INFO - found org.slf4j#slf4j-api;1.7.36 in central
[2025-07-06T12:21:02.393+0000] {spark_submit.py:634} INFO - found org.apache.hadoop#hadoop-aws;3.3.5 in central
[2025-07-06T12:21:06.048+0000] {spark_submit.py:634} INFO - found org.wildfly.openssl#wildfly-openssl;1.1.3.Final in central
[2025-07-06T12:21:08.207+0000] {spark_submit.py:634} INFO - found com.amazonaws#aws-java-sdk-bundle;1.12.674 in central
[2025-07-06T12:21:08.503+0000] {spark_submit.py:634} INFO - downloading https://repo1.maven.org/maven2/org/apache/hadoop/hadoop-aws/3.3.5/hadoop-aws-3.3.5.jar ...
[2025-07-06T12:21:09.748+0000] {spark_submit.py:634} INFO - [SUCCESSFUL ] org.apache.hadoop#hadoop-aws;3.3.5!hadoop-aws.jar (1536ms)
[2025-07-06T12:21:15.057+0000] {spark_submit.py:634} INFO - downloading https://repo1.maven.org/maven2/com/amazonaws/aws-java-sdk-bundle/1.12.674/aws-java-sdk-bundle-1.12.674.jar ...
[2025-07-06T12:22:25.803+0000] {spark_submit.py:634} INFO - [SUCCESSFUL ] com.amazonaws#aws-java-sdk-bundle;1.12.674!aws-java-sdk-bundle.jar (76054ms)
[2025-07-06T12:22:26.019+0000] {spark_submit.py:634} INFO - downloading https://repo1.maven.org/maven2/org/wildfly/openssl/wildfly-openssl/1.1.3.Final/wildfly-openssl-1.1.3.Final.jar ...
[2025-07-06T12:22:31.244+0000] {spark_submit.py:634} INFO - [SUCCESSFUL ] org.wildfly.openssl#wildfly-openssl;1.1.3.Final!wildfly-openssl.jar (5437ms)
[2025-07-06T12:22:31.244+0000] {spark_submit.py:634} INFO - :: resolution report :: resolve 11664ms :: artifacts dl 83033ms
[2025-07-06T12:22:31.244+0000] {spark_submit.py:634} INFO - :: modules in use:
[2025-07-06T12:22:31.245+0000] {spark_submit.py:634} INFO - com.amazonaws#aws-java-sdk-bundle;1.12.674 from central in [default]
[2025-07-06T12:22:31.245+0000] {spark_submit.py:634} INFO - com.clickhouse#clickhouse-jdbc;0.6.4 from central in [default]
[2025-07-06T12:22:31.245+0000] {spark_submit.py:634} INFO - org.apache.hadoop#hadoop-aws;3.3.5 from central in [default]
[2025-07-06T12:22:31.245+0000] {spark_submit.py:634} INFO - org.apache.httpcomponents.client5#httpclient5;5.3.1 from central in [default]
[2025-07-06T12:22:31.245+0000] {spark_submit.py:634} INFO - org.apache.httpcomponents.core5#httpcore5;5.2.4 from central in [default]
[2025-07-06T12:22:31.245+0000] {spark_submit.py:634} INFO - org.apache.httpcomponents.core5#httpcore5-h2;5.2.4 from central in [default]
[2025-07-06T12:22:31.245+0000] {spark_submit.py:634} INFO - org.slf4j#slf4j-api;1.7.36 from central in [default]
[2025-07-06T12:22:31.245+0000] {spark_submit.py:634} INFO - org.wildfly.openssl#wildfly-openssl;1.1.3.Final from central in [default]
[2025-07-06T12:22:31.245+0000] {spark_submit.py:634} INFO - :: evicted modules:
[2025-07-06T12:22:31.246+0000] {spark_submit.py:634} INFO - com.amazonaws#aws-java-sdk-bundle;1.12.316 by [com.amazonaws#aws-java-sdk-bundle;1.12.674] in [default]
[2025-07-06T12:22:31.246+0000] {spark_submit.py:634} INFO - ---------------------------------------------------------------------
[2025-07-06T12:22:31.246+0000] {spark_submit.py:634} INFO - |                  |            modules            ||   artifacts   |
[2025-07-06T12:22:31.246+0000] {spark_submit.py:634} INFO - |       conf       | number| search|dwnlded|evicted|| number|dwnlded|
[2025-07-06T12:22:31.246+0000] {spark_submit.py:634} INFO - ---------------------------------------------------------------------
[2025-07-06T12:22:31.246+0000] {spark_submit.py:634} INFO - |      default     |   9   |   3   |   3   |   1   ||   8   |   3   |
[2025-07-06T12:22:31.246+0000] {spark_submit.py:634} INFO - ---------------------------------------------------------------------
[2025-07-06T12:22:31.248+0000] {spark_submit.py:634} INFO - :: retrieving :: org.apache.spark#spark-submit-parent-80e24a97-a8ad-4422-a65b-855d8b9676a7
[2025-07-06T12:22:31.248+0000] {spark_submit.py:634} INFO - confs: [default]
[2025-07-06T12:22:31.467+0000] {spark_submit.py:634} INFO - 3 artifacts copied, 5 already retrieved (364463kB/219ms)
[2025-07-06T12:22:31.833+0000] {spark_submit.py:634} INFO - 25/07/06 12:22:31 WARN NativeCodeLoader: Unable to load native-hadoop library for your platform... using builtin-java classes where applicable
[2025-07-06T12:22:34.640+0000] {spark_submit.py:634} INFO - Using Spark's default log4j profile: org/apache/spark/log4j2-defaults.properties
[2025-07-06T12:22:34.644+0000] {spark_submit.py:634} INFO - 25/07/06 12:22:34 INFO SparkContext: Running Spark version 4.0.0
[2025-07-06T12:22:34.645+0000] {spark_submit.py:634} INFO - 25/07/06 12:22:34 INFO SparkContext: OS info Linux, 6.8.0-60-generic, amd64
[2025-07-06T12:22:34.645+0000] {spark_submit.py:634} INFO - 25/07/06 12:22:34 INFO SparkContext: Java version 17.0.15
[2025-07-06T12:22:34.733+0000] {spark_submit.py:634} INFO - 25/07/06 12:22:34 INFO ResourceUtils: ==============================================================
[2025-07-06T12:22:34.733+0000] {spark_submit.py:634} INFO - 25/07/06 12:22:34 INFO ResourceUtils: No custom resources configured for spark.driver.
[2025-07-06T12:22:34.733+0000] {spark_submit.py:634} INFO - 25/07/06 12:22:34 INFO ResourceUtils: ==============================================================
[2025-07-06T12:22:34.734+0000] {spark_submit.py:634} INFO - 25/07/06 12:22:34 INFO SparkContext: Submitted application: thanhdz
[2025-07-06T12:22:34.749+0000] {spark_submit.py:634} INFO - 25/07/06 12:22:34 INFO ResourceProfile: Default ResourceProfile created, executor resources: Map(cores -> name: cores, amount: 2, script: , vendor: , memory -> name: memory, amount: 4096, script: , vendor: , offHeap -> name: offHeap, amount: 0, script: , vendor: ), task resources: Map(cpus -> name: cpus, amount: 1.0)
[2025-07-06T12:22:34.751+0000] {spark_submit.py:634} INFO - 25/07/06 12:22:34 INFO ResourceProfile: Limiting resource is cpus at 2 tasks per executor
[2025-07-06T12:22:34.753+0000] {spark_submit.py:634} INFO - 25/07/06 12:22:34 INFO ResourceProfileManager: Added ResourceProfile id: 0
[2025-07-06T12:22:34.847+0000] {spark_submit.py:634} INFO - 25/07/06 12:22:34 INFO SecurityManager: Changing view acls to: ***
[2025-07-06T12:22:34.848+0000] {spark_submit.py:634} INFO - 25/07/06 12:22:34 INFO SecurityManager: Changing modify acls to: ***
[2025-07-06T12:22:34.848+0000] {spark_submit.py:634} INFO - 25/07/06 12:22:34 INFO SecurityManager: Changing view acls groups to: ***
[2025-07-06T12:22:34.848+0000] {spark_submit.py:634} INFO - 25/07/06 12:22:34 INFO SecurityManager: Changing modify acls groups to: ***
[2025-07-06T12:22:34.849+0000] {spark_submit.py:634} INFO - 25/07/06 12:22:34 INFO SecurityManager: SecurityManager: authentication disabled; ui acls disabled; users with view permissions: *** groups with view permissions: EMPTY; users with modify permissions: ***; groups with modify permissions: EMPTY; RPC SSL disabled
[2025-07-06T12:22:35.239+0000] {spark_submit.py:634} INFO - 25/07/06 12:22:35 INFO Utils: Successfully started service 'sparkDriver' on port 45135.
[2025-07-06T12:22:35.330+0000] {spark_submit.py:634} INFO - 25/07/06 12:22:35 INFO SparkEnv: Registering MapOutputTracker
[2025-07-06T12:22:35.338+0000] {spark_submit.py:634} INFO - 25/07/06 12:22:35 INFO SparkEnv: Registering BlockManagerMaster
[2025-07-06T12:22:35.425+0000] {spark_submit.py:634} INFO - 25/07/06 12:22:35 INFO BlockManagerMasterEndpoint: Using org.apache.spark.storage.DefaultTopologyMapper for getting topology information
[2025-07-06T12:22:35.426+0000] {spark_submit.py:634} INFO - 25/07/06 12:22:35 INFO BlockManagerMasterEndpoint: BlockManagerMasterEndpoint up
[2025-07-06T12:22:35.430+0000] {spark_submit.py:634} INFO - 25/07/06 12:22:35 INFO SparkEnv: Registering BlockManagerMasterHeartbeat
[2025-07-06T12:22:35.443+0000] {spark_submit.py:634} INFO - 25/07/06 12:22:35 INFO DiskBlockManager: Created local directory at /tmp/blockmgr-013532f2-2097-450c-bc4b-b310c75a1de7
[2025-07-06T12:22:35.524+0000] {spark_submit.py:634} INFO - 25/07/06 12:22:35 INFO SparkEnv: Registering OutputCommitCoordinator
[2025-07-06T12:22:35.739+0000] {spark_submit.py:634} INFO - 25/07/06 12:22:35 INFO JettyUtils: Start Jetty 0.0.0.0:4040 for SparkUI
[2025-07-06T12:22:35.935+0000] {spark_submit.py:634} INFO - 25/07/06 12:22:35 INFO Utils: Successfully started service 'SparkUI' on port 4040.
[2025-07-06T12:22:36.031+0000] {spark_submit.py:634} INFO - 25/07/06 12:22:36 INFO SparkContext: Added JAR file:///home/***/.ivy2.5.2/jars/com.clickhouse_clickhouse-jdbc-0.6.4.jar at spark://320a39989f12:45135/jars/com.clickhouse_clickhouse-jdbc-0.6.4.jar with timestamp 1751804554635
[2025-07-06T12:22:36.031+0000] {spark_submit.py:634} INFO - 25/07/06 12:22:36 INFO SparkContext: Added JAR file:///home/***/.ivy2.5.2/jars/org.apache.httpcomponents.client5_httpclient5-5.3.1.jar at spark://320a39989f12:45135/jars/org.apache.httpcomponents.client5_httpclient5-5.3.1.jar with timestamp 1751804554635
[2025-07-06T12:22:36.032+0000] {spark_submit.py:634} INFO - 25/07/06 12:22:36 INFO SparkContext: Added JAR file:///home/***/.ivy2.5.2/jars/org.apache.hadoop_hadoop-aws-3.3.5.jar at spark://320a39989f12:45135/jars/org.apache.hadoop_hadoop-aws-3.3.5.jar with timestamp 1751804554635
[2025-07-06T12:22:36.032+0000] {spark_submit.py:634} INFO - 25/07/06 12:22:36 INFO SparkContext: Added JAR file:///home/***/.ivy2.5.2/jars/com.amazonaws_aws-java-sdk-bundle-1.12.674.jar at spark://320a39989f12:45135/jars/com.amazonaws_aws-java-sdk-bundle-1.12.674.jar with timestamp 1751804554635
[2025-07-06T12:22:36.032+0000] {spark_submit.py:634} INFO - 25/07/06 12:22:36 INFO SparkContext: Added JAR file:///home/***/.ivy2.5.2/jars/org.apache.httpcomponents.core5_httpcore5-5.2.4.jar at spark://320a39989f12:45135/jars/org.apache.httpcomponents.core5_httpcore5-5.2.4.jar with timestamp 1751804554635
[2025-07-06T12:22:36.033+0000] {spark_submit.py:634} INFO - 25/07/06 12:22:36 INFO SparkContext: Added JAR file:///home/***/.ivy2.5.2/jars/org.apache.httpcomponents.core5_httpcore5-h2-5.2.4.jar at spark://320a39989f12:45135/jars/org.apache.httpcomponents.core5_httpcore5-h2-5.2.4.jar with timestamp 1751804554635
[2025-07-06T12:22:36.033+0000] {spark_submit.py:634} INFO - 25/07/06 12:22:36 INFO SparkContext: Added JAR file:///home/***/.ivy2.5.2/jars/org.slf4j_slf4j-api-1.7.36.jar at spark://320a39989f12:45135/jars/org.slf4j_slf4j-api-1.7.36.jar with timestamp 1751804554635
[2025-07-06T12:22:36.033+0000] {spark_submit.py:634} INFO - 25/07/06 12:22:36 INFO SparkContext: Added JAR file:///home/***/.ivy2.5.2/jars/org.wildfly.openssl_wildfly-openssl-1.1.3.Final.jar at spark://320a39989f12:45135/jars/org.wildfly.openssl_wildfly-openssl-1.1.3.Final.jar with timestamp 1751804554635
[2025-07-06T12:22:36.033+0000] {spark_submit.py:634} INFO - 25/07/06 12:22:36 INFO SparkContext: Added file file:///home/***/.ivy2.5.2/jars/com.clickhouse_clickhouse-jdbc-0.6.4.jar at file:///home/***/.ivy2.5.2/jars/com.clickhouse_clickhouse-jdbc-0.6.4.jar with timestamp 1751804554635
[2025-07-06T12:22:36.034+0000] {spark_submit.py:634} INFO - 25/07/06 12:22:36 INFO Utils: Copying /home/***/.ivy2.5.2/jars/com.clickhouse_clickhouse-jdbc-0.6.4.jar to /tmp/spark-5b0b64a7-86a0-4728-b85c-8fcb80ee3d95/userFiles-bbe30bf8-853b-4063-9ec4-e91cf1c83167/com.clickhouse_clickhouse-jdbc-0.6.4.jar
[2025-07-06T12:22:36.042+0000] {spark_submit.py:634} INFO - 25/07/06 12:22:36 INFO SparkContext: Added file file:///home/***/.ivy2.5.2/jars/org.apache.httpcomponents.client5_httpclient5-5.3.1.jar at file:///home/***/.ivy2.5.2/jars/org.apache.httpcomponents.client5_httpclient5-5.3.1.jar with timestamp 1751804554635
[2025-07-06T12:22:36.042+0000] {spark_submit.py:634} INFO - 25/07/06 12:22:36 INFO Utils: Copying /home/***/.ivy2.5.2/jars/org.apache.httpcomponents.client5_httpclient5-5.3.1.jar to /tmp/spark-5b0b64a7-86a0-4728-b85c-8fcb80ee3d95/userFiles-bbe30bf8-853b-4063-9ec4-e91cf1c83167/org.apache.httpcomponents.client5_httpclient5-5.3.1.jar
[2025-07-06T12:22:36.045+0000] {spark_submit.py:634} INFO - 25/07/06 12:22:36 INFO SparkContext: Added file file:///home/***/.ivy2.5.2/jars/org.apache.hadoop_hadoop-aws-3.3.5.jar at file:///home/***/.ivy2.5.2/jars/org.apache.hadoop_hadoop-aws-3.3.5.jar with timestamp 1751804554635
[2025-07-06T12:22:36.045+0000] {spark_submit.py:634} INFO - 25/07/06 12:22:36 INFO Utils: Copying /home/***/.ivy2.5.2/jars/org.apache.hadoop_hadoop-aws-3.3.5.jar to /tmp/spark-5b0b64a7-86a0-4728-b85c-8fcb80ee3d95/userFiles-bbe30bf8-853b-4063-9ec4-e91cf1c83167/org.apache.hadoop_hadoop-aws-3.3.5.jar
[2025-07-06T12:22:36.049+0000] {spark_submit.py:634} INFO - 25/07/06 12:22:36 INFO SparkContext: Added file file:///home/***/.ivy2.5.2/jars/com.amazonaws_aws-java-sdk-bundle-1.12.674.jar at file:///home/***/.ivy2.5.2/jars/com.amazonaws_aws-java-sdk-bundle-1.12.674.jar with timestamp 1751804554635
[2025-07-06T12:22:36.049+0000] {spark_submit.py:634} INFO - 25/07/06 12:22:36 INFO Utils: Copying /home/***/.ivy2.5.2/jars/com.amazonaws_aws-java-sdk-bundle-1.12.674.jar to /tmp/spark-5b0b64a7-86a0-4728-b85c-8fcb80ee3d95/userFiles-bbe30bf8-853b-4063-9ec4-e91cf1c83167/com.amazonaws_aws-java-sdk-bundle-1.12.674.jar
[2025-07-06T12:22:36.233+0000] {spark_submit.py:634} INFO - 25/07/06 12:22:36 INFO SparkContext: Added file file:///home/***/.ivy2.5.2/jars/org.apache.httpcomponents.core5_httpcore5-5.2.4.jar at file:///home/***/.ivy2.5.2/jars/org.apache.httpcomponents.core5_httpcore5-5.2.4.jar with timestamp 1751804554635
[2025-07-06T12:22:36.234+0000] {spark_submit.py:634} INFO - 25/07/06 12:22:36 INFO Utils: Copying /home/***/.ivy2.5.2/jars/org.apache.httpcomponents.core5_httpcore5-5.2.4.jar to /tmp/spark-5b0b64a7-86a0-4728-b85c-8fcb80ee3d95/userFiles-bbe30bf8-853b-4063-9ec4-e91cf1c83167/org.apache.httpcomponents.core5_httpcore5-5.2.4.jar
[2025-07-06T12:22:36.239+0000] {spark_submit.py:634} INFO - 25/07/06 12:22:36 INFO SparkContext: Added file file:///home/***/.ivy2.5.2/jars/org.apache.httpcomponents.core5_httpcore5-h2-5.2.4.jar at file:///home/***/.ivy2.5.2/jars/org.apache.httpcomponents.core5_httpcore5-h2-5.2.4.jar with timestamp 1751804554635
[2025-07-06T12:22:36.239+0000] {spark_submit.py:634} INFO - 25/07/06 12:22:36 INFO Utils: Copying /home/***/.ivy2.5.2/jars/org.apache.httpcomponents.core5_httpcore5-h2-5.2.4.jar to /tmp/spark-5b0b64a7-86a0-4728-b85c-8fcb80ee3d95/userFiles-bbe30bf8-853b-4063-9ec4-e91cf1c83167/org.apache.httpcomponents.core5_httpcore5-h2-5.2.4.jar
[2025-07-06T12:22:36.243+0000] {spark_submit.py:634} INFO - 25/07/06 12:22:36 INFO SparkContext: Added file file:///home/***/.ivy2.5.2/jars/org.slf4j_slf4j-api-1.7.36.jar at file:///home/***/.ivy2.5.2/jars/org.slf4j_slf4j-api-1.7.36.jar with timestamp 1751804554635
[2025-07-06T12:22:36.244+0000] {spark_submit.py:634} INFO - 25/07/06 12:22:36 INFO Utils: Copying /home/***/.ivy2.5.2/jars/org.slf4j_slf4j-api-1.7.36.jar to /tmp/spark-5b0b64a7-86a0-4728-b85c-8fcb80ee3d95/userFiles-bbe30bf8-853b-4063-9ec4-e91cf1c83167/org.slf4j_slf4j-api-1.7.36.jar
[2025-07-06T12:22:36.247+0000] {spark_submit.py:634} INFO - 25/07/06 12:22:36 INFO SparkContext: Added file file:///home/***/.ivy2.5.2/jars/org.wildfly.openssl_wildfly-openssl-1.1.3.Final.jar at file:///home/***/.ivy2.5.2/jars/org.wildfly.openssl_wildfly-openssl-1.1.3.Final.jar with timestamp 1751804554635
[2025-07-06T12:22:36.248+0000] {spark_submit.py:634} INFO - 25/07/06 12:22:36 INFO Utils: Copying /home/***/.ivy2.5.2/jars/org.wildfly.openssl_wildfly-openssl-1.1.3.Final.jar to /tmp/spark-5b0b64a7-86a0-4728-b85c-8fcb80ee3d95/userFiles-bbe30bf8-853b-4063-9ec4-e91cf1c83167/org.wildfly.openssl_wildfly-openssl-1.1.3.Final.jar
[2025-07-06T12:22:36.270+0000] {spark_submit.py:634} INFO - 25/07/06 12:22:36 INFO SecurityManager: Changing view acls to: ***
[2025-07-06T12:22:36.270+0000] {spark_submit.py:634} INFO - 25/07/06 12:22:36 INFO SecurityManager: Changing modify acls to: ***
[2025-07-06T12:22:36.270+0000] {spark_submit.py:634} INFO - 25/07/06 12:22:36 INFO SecurityManager: Changing view acls groups to: ***
[2025-07-06T12:22:36.270+0000] {spark_submit.py:634} INFO - 25/07/06 12:22:36 INFO SecurityManager: Changing modify acls groups to: ***
[2025-07-06T12:22:36.271+0000] {spark_submit.py:634} INFO - 25/07/06 12:22:36 INFO SecurityManager: SecurityManager: authentication disabled; ui acls disabled; users with view permissions: *** groups with view permissions: EMPTY; users with modify permissions: ***; groups with modify permissions: EMPTY; RPC SSL disabled
[2025-07-06T12:22:36.438+0000] {spark_submit.py:634} INFO - 25/07/06 12:22:36 INFO Executor: Starting executor ID driver on host 320a39989f12
[2025-07-06T12:22:36.438+0000] {spark_submit.py:634} INFO - 25/07/06 12:22:36 INFO Executor: OS info Linux, 6.8.0-60-generic, amd64
[2025-07-06T12:22:36.439+0000] {spark_submit.py:634} INFO - 25/07/06 12:22:36 INFO Executor: Java version 17.0.15
[2025-07-06T12:22:36.446+0000] {spark_submit.py:634} INFO - 25/07/06 12:22:36 INFO Executor: Starting executor with user classpath (userClassPathFirst = false): ''
[2025-07-06T12:22:36.446+0000] {spark_submit.py:634} INFO - 25/07/06 12:22:36 INFO Executor: Created or updated repl class loader org.apache.spark.util.MutableURLClassLoader@2eb5416b for default.
[2025-07-06T12:22:36.453+0000] {spark_submit.py:634} INFO - 25/07/06 12:22:36 INFO Executor: Fetching file:///home/***/.ivy2.5.2/jars/org.apache.hadoop_hadoop-aws-3.3.5.jar with timestamp 1751804554635
[2025-07-06T12:22:36.471+0000] {spark_submit.py:634} INFO - 25/07/06 12:22:36 INFO Utils: /home/***/.ivy2.5.2/jars/org.apache.hadoop_hadoop-aws-3.3.5.jar has been previously copied to /tmp/spark-5b0b64a7-86a0-4728-b85c-8fcb80ee3d95/userFiles-bbe30bf8-853b-4063-9ec4-e91cf1c83167/org.apache.hadoop_hadoop-aws-3.3.5.jar
[2025-07-06T12:22:36.474+0000] {spark_submit.py:634} INFO - 25/07/06 12:22:36 INFO Executor: Fetching file:///home/***/.ivy2.5.2/jars/com.clickhouse_clickhouse-jdbc-0.6.4.jar with timestamp 1751804554635
[2025-07-06T12:22:36.475+0000] {spark_submit.py:634} INFO - 25/07/06 12:22:36 INFO Utils: /home/***/.ivy2.5.2/jars/com.clickhouse_clickhouse-jdbc-0.6.4.jar has been previously copied to /tmp/spark-5b0b64a7-86a0-4728-b85c-8fcb80ee3d95/userFiles-bbe30bf8-853b-4063-9ec4-e91cf1c83167/com.clickhouse_clickhouse-jdbc-0.6.4.jar
[2025-07-06T12:22:36.477+0000] {spark_submit.py:634} INFO - 25/07/06 12:22:36 INFO Executor: Fetching file:///home/***/.ivy2.5.2/jars/org.apache.httpcomponents.client5_httpclient5-5.3.1.jar with timestamp 1751804554635
[2025-07-06T12:22:36.478+0000] {spark_submit.py:634} INFO - 25/07/06 12:22:36 INFO Utils: /home/***/.ivy2.5.2/jars/org.apache.httpcomponents.client5_httpclient5-5.3.1.jar has been previously copied to /tmp/spark-5b0b64a7-86a0-4728-b85c-8fcb80ee3d95/userFiles-bbe30bf8-853b-4063-9ec4-e91cf1c83167/org.apache.httpcomponents.client5_httpclient5-5.3.1.jar
[2025-07-06T12:22:36.480+0000] {spark_submit.py:634} INFO - 25/07/06 12:22:36 INFO Executor: Fetching file:///home/***/.ivy2.5.2/jars/org.apache.httpcomponents.core5_httpcore5-5.2.4.jar with timestamp 1751804554635
[2025-07-06T12:22:36.481+0000] {spark_submit.py:634} INFO - 25/07/06 12:22:36 INFO Utils: /home/***/.ivy2.5.2/jars/org.apache.httpcomponents.core5_httpcore5-5.2.4.jar has been previously copied to /tmp/spark-5b0b64a7-86a0-4728-b85c-8fcb80ee3d95/userFiles-bbe30bf8-853b-4063-9ec4-e91cf1c83167/org.apache.httpcomponents.core5_httpcore5-5.2.4.jar
[2025-07-06T12:22:36.484+0000] {spark_submit.py:634} INFO - 25/07/06 12:22:36 INFO Executor: Fetching file:///home/***/.ivy2.5.2/jars/org.wildfly.openssl_wildfly-openssl-1.1.3.Final.jar with timestamp 1751804554635
[2025-07-06T12:22:36.485+0000] {spark_submit.py:634} INFO - 25/07/06 12:22:36 INFO Utils: /home/***/.ivy2.5.2/jars/org.wildfly.openssl_wildfly-openssl-1.1.3.Final.jar has been previously copied to /tmp/spark-5b0b64a7-86a0-4728-b85c-8fcb80ee3d95/userFiles-bbe30bf8-853b-4063-9ec4-e91cf1c83167/org.wildfly.openssl_wildfly-openssl-1.1.3.Final.jar
[2025-07-06T12:22:36.488+0000] {spark_submit.py:634} INFO - 25/07/06 12:22:36 INFO Executor: Fetching file:///home/***/.ivy2.5.2/jars/org.apache.httpcomponents.core5_httpcore5-h2-5.2.4.jar with timestamp 1751804554635
[2025-07-06T12:22:36.489+0000] {spark_submit.py:634} INFO - 25/07/06 12:22:36 INFO Utils: /home/***/.ivy2.5.2/jars/org.apache.httpcomponents.core5_httpcore5-h2-5.2.4.jar has been previously copied to /tmp/spark-5b0b64a7-86a0-4728-b85c-8fcb80ee3d95/userFiles-bbe30bf8-853b-4063-9ec4-e91cf1c83167/org.apache.httpcomponents.core5_httpcore5-h2-5.2.4.jar
[2025-07-06T12:22:36.529+0000] {spark_submit.py:634} INFO - 25/07/06 12:22:36 INFO Executor: Fetching file:///home/***/.ivy2.5.2/jars/com.amazonaws_aws-java-sdk-bundle-1.12.674.jar with timestamp 1751804554635
[2025-07-06T12:22:36.643+0000] {spark_submit.py:634} INFO - 25/07/06 12:22:36 INFO Utils: /home/***/.ivy2.5.2/jars/com.amazonaws_aws-java-sdk-bundle-1.12.674.jar has been previously copied to /tmp/spark-5b0b64a7-86a0-4728-b85c-8fcb80ee3d95/userFiles-bbe30bf8-853b-4063-9ec4-e91cf1c83167/com.amazonaws_aws-java-sdk-bundle-1.12.674.jar
[2025-07-06T12:22:36.647+0000] {spark_submit.py:634} INFO - 25/07/06 12:22:36 INFO Executor: Fetching file:///home/***/.ivy2.5.2/jars/org.slf4j_slf4j-api-1.7.36.jar with timestamp 1751804554635
[2025-07-06T12:22:36.647+0000] {spark_submit.py:634} INFO - 25/07/06 12:22:36 INFO Utils: /home/***/.ivy2.5.2/jars/org.slf4j_slf4j-api-1.7.36.jar has been previously copied to /tmp/spark-5b0b64a7-86a0-4728-b85c-8fcb80ee3d95/userFiles-bbe30bf8-853b-4063-9ec4-e91cf1c83167/org.slf4j_slf4j-api-1.7.36.jar
[2025-07-06T12:22:36.654+0000] {spark_submit.py:634} INFO - 25/07/06 12:22:36 INFO Executor: Fetching spark://320a39989f12:45135/jars/org.wildfly.openssl_wildfly-openssl-1.1.3.Final.jar with timestamp 1751804554635
[2025-07-06T12:22:36.680+0000] {spark_submit.py:634} INFO - 25/07/06 12:22:36 INFO TransportClientFactory: Successfully created connection to 320a39989f12/172.21.0.10:45135 after 15 ms (0 ms spent in bootstraps)
[2025-07-06T12:22:36.683+0000] {spark_submit.py:634} INFO - 25/07/06 12:22:36 INFO Utils: Fetching spark://320a39989f12:45135/jars/org.wildfly.openssl_wildfly-openssl-1.1.3.Final.jar to /tmp/spark-5b0b64a7-86a0-4728-b85c-8fcb80ee3d95/userFiles-bbe30bf8-853b-4063-9ec4-e91cf1c83167/fetchFileTemp10168522430505347440.tmp
[2025-07-06T12:22:36.691+0000] {spark_submit.py:634} INFO - 25/07/06 12:22:36 INFO Utils: /tmp/spark-5b0b64a7-86a0-4728-b85c-8fcb80ee3d95/userFiles-bbe30bf8-853b-4063-9ec4-e91cf1c83167/fetchFileTemp10168522430505347440.tmp has been previously copied to /tmp/spark-5b0b64a7-86a0-4728-b85c-8fcb80ee3d95/userFiles-bbe30bf8-853b-4063-9ec4-e91cf1c83167/org.wildfly.openssl_wildfly-openssl-1.1.3.Final.jar
[2025-07-06T12:22:36.728+0000] {spark_submit.py:634} INFO - 25/07/06 12:22:36 INFO Executor: Adding file:/tmp/spark-5b0b64a7-86a0-4728-b85c-8fcb80ee3d95/userFiles-bbe30bf8-853b-4063-9ec4-e91cf1c83167/org.wildfly.openssl_wildfly-openssl-1.1.3.Final.jar to class loader default
[2025-07-06T12:22:36.728+0000] {spark_submit.py:634} INFO - 25/07/06 12:22:36 INFO Executor: Fetching spark://320a39989f12:45135/jars/org.apache.httpcomponents.client5_httpclient5-5.3.1.jar with timestamp 1751804554635
[2025-07-06T12:22:36.728+0000] {spark_submit.py:634} INFO - 25/07/06 12:22:36 INFO Utils: Fetching spark://320a39989f12:45135/jars/org.apache.httpcomponents.client5_httpclient5-5.3.1.jar to /tmp/spark-5b0b64a7-86a0-4728-b85c-8fcb80ee3d95/userFiles-bbe30bf8-853b-4063-9ec4-e91cf1c83167/fetchFileTemp5561715830953471806.tmp
[2025-07-06T12:22:36.732+0000] {spark_submit.py:634} INFO - 25/07/06 12:22:36 INFO Utils: /tmp/spark-5b0b64a7-86a0-4728-b85c-8fcb80ee3d95/userFiles-bbe30bf8-853b-4063-9ec4-e91cf1c83167/fetchFileTemp5561715830953471806.tmp has been previously copied to /tmp/spark-5b0b64a7-86a0-4728-b85c-8fcb80ee3d95/userFiles-bbe30bf8-853b-4063-9ec4-e91cf1c83167/org.apache.httpcomponents.client5_httpclient5-5.3.1.jar
[2025-07-06T12:22:36.735+0000] {spark_submit.py:634} INFO - 25/07/06 12:22:36 INFO Executor: Adding file:/tmp/spark-5b0b64a7-86a0-4728-b85c-8fcb80ee3d95/userFiles-bbe30bf8-853b-4063-9ec4-e91cf1c83167/org.apache.httpcomponents.client5_httpclient5-5.3.1.jar to class loader default
[2025-07-06T12:22:36.736+0000] {spark_submit.py:634} INFO - 25/07/06 12:22:36 INFO Executor: Fetching spark://320a39989f12:45135/jars/com.clickhouse_clickhouse-jdbc-0.6.4.jar with timestamp 1751804554635
[2025-07-06T12:22:36.736+0000] {spark_submit.py:634} INFO - 25/07/06 12:22:36 INFO Utils: Fetching spark://320a39989f12:45135/jars/com.clickhouse_clickhouse-jdbc-0.6.4.jar to /tmp/spark-5b0b64a7-86a0-4728-b85c-8fcb80ee3d95/userFiles-bbe30bf8-853b-4063-9ec4-e91cf1c83167/fetchFileTemp3042521275160175864.tmp
[2025-07-06T12:22:36.742+0000] {spark_submit.py:634} INFO - 25/07/06 12:22:36 INFO Utils: /tmp/spark-5b0b64a7-86a0-4728-b85c-8fcb80ee3d95/userFiles-bbe30bf8-853b-4063-9ec4-e91cf1c83167/fetchFileTemp3042521275160175864.tmp has been previously copied to /tmp/spark-5b0b64a7-86a0-4728-b85c-8fcb80ee3d95/userFiles-bbe30bf8-853b-4063-9ec4-e91cf1c83167/com.clickhouse_clickhouse-jdbc-0.6.4.jar
[2025-07-06T12:22:36.746+0000] {spark_submit.py:634} INFO - 25/07/06 12:22:36 INFO Executor: Adding file:/tmp/spark-5b0b64a7-86a0-4728-b85c-8fcb80ee3d95/userFiles-bbe30bf8-853b-4063-9ec4-e91cf1c83167/com.clickhouse_clickhouse-jdbc-0.6.4.jar to class loader default
[2025-07-06T12:22:36.746+0000] {spark_submit.py:634} INFO - 25/07/06 12:22:36 INFO Executor: Fetching spark://320a39989f12:45135/jars/org.apache.hadoop_hadoop-aws-3.3.5.jar with timestamp 1751804554635
[2025-07-06T12:22:36.747+0000] {spark_submit.py:634} INFO - 25/07/06 12:22:36 INFO Utils: Fetching spark://320a39989f12:45135/jars/org.apache.hadoop_hadoop-aws-3.3.5.jar to /tmp/spark-5b0b64a7-86a0-4728-b85c-8fcb80ee3d95/userFiles-bbe30bf8-853b-4063-9ec4-e91cf1c83167/fetchFileTemp5913646222138718488.tmp
[2025-07-06T12:22:36.750+0000] {spark_submit.py:634} INFO - 25/07/06 12:22:36 INFO Utils: /tmp/spark-5b0b64a7-86a0-4728-b85c-8fcb80ee3d95/userFiles-bbe30bf8-853b-4063-9ec4-e91cf1c83167/fetchFileTemp5913646222138718488.tmp has been previously copied to /tmp/spark-5b0b64a7-86a0-4728-b85c-8fcb80ee3d95/userFiles-bbe30bf8-853b-4063-9ec4-e91cf1c83167/org.apache.hadoop_hadoop-aws-3.3.5.jar
[2025-07-06T12:22:36.753+0000] {spark_submit.py:634} INFO - 25/07/06 12:22:36 INFO Executor: Adding file:/tmp/spark-5b0b64a7-86a0-4728-b85c-8fcb80ee3d95/userFiles-bbe30bf8-853b-4063-9ec4-e91cf1c83167/org.apache.hadoop_hadoop-aws-3.3.5.jar to class loader default
[2025-07-06T12:22:36.753+0000] {spark_submit.py:634} INFO - 25/07/06 12:22:36 INFO Executor: Fetching spark://320a39989f12:45135/jars/org.apache.httpcomponents.core5_httpcore5-h2-5.2.4.jar with timestamp 1751804554635
[2025-07-06T12:22:36.753+0000] {spark_submit.py:634} INFO - 25/07/06 12:22:36 INFO Utils: Fetching spark://320a39989f12:45135/jars/org.apache.httpcomponents.core5_httpcore5-h2-5.2.4.jar to /tmp/spark-5b0b64a7-86a0-4728-b85c-8fcb80ee3d95/userFiles-bbe30bf8-853b-4063-9ec4-e91cf1c83167/fetchFileTemp9700709933295569278.tmp
[2025-07-06T12:22:36.755+0000] {spark_submit.py:634} INFO - 25/07/06 12:22:36 INFO Utils: /tmp/spark-5b0b64a7-86a0-4728-b85c-8fcb80ee3d95/userFiles-bbe30bf8-853b-4063-9ec4-e91cf1c83167/fetchFileTemp9700709933295569278.tmp has been previously copied to /tmp/spark-5b0b64a7-86a0-4728-b85c-8fcb80ee3d95/userFiles-bbe30bf8-853b-4063-9ec4-e91cf1c83167/org.apache.httpcomponents.core5_httpcore5-h2-5.2.4.jar
[2025-07-06T12:22:36.759+0000] {spark_submit.py:634} INFO - 25/07/06 12:22:36 INFO Executor: Adding file:/tmp/spark-5b0b64a7-86a0-4728-b85c-8fcb80ee3d95/userFiles-bbe30bf8-853b-4063-9ec4-e91cf1c83167/org.apache.httpcomponents.core5_httpcore5-h2-5.2.4.jar to class loader default
[2025-07-06T12:22:36.759+0000] {spark_submit.py:634} INFO - 25/07/06 12:22:36 INFO Executor: Fetching spark://320a39989f12:45135/jars/org.apache.httpcomponents.core5_httpcore5-5.2.4.jar with timestamp 1751804554635
[2025-07-06T12:22:36.759+0000] {spark_submit.py:634} INFO - 25/07/06 12:22:36 INFO Utils: Fetching spark://320a39989f12:45135/jars/org.apache.httpcomponents.core5_httpcore5-5.2.4.jar to /tmp/spark-5b0b64a7-86a0-4728-b85c-8fcb80ee3d95/userFiles-bbe30bf8-853b-4063-9ec4-e91cf1c83167/fetchFileTemp3383678270529878488.tmp
[2025-07-06T12:22:36.763+0000] {spark_submit.py:634} INFO - 25/07/06 12:22:36 INFO Utils: /tmp/spark-5b0b64a7-86a0-4728-b85c-8fcb80ee3d95/userFiles-bbe30bf8-853b-4063-9ec4-e91cf1c83167/fetchFileTemp3383678270529878488.tmp has been previously copied to /tmp/spark-5b0b64a7-86a0-4728-b85c-8fcb80ee3d95/userFiles-bbe30bf8-853b-4063-9ec4-e91cf1c83167/org.apache.httpcomponents.core5_httpcore5-5.2.4.jar
[2025-07-06T12:22:36.766+0000] {spark_submit.py:634} INFO - 25/07/06 12:22:36 INFO Executor: Adding file:/tmp/spark-5b0b64a7-86a0-4728-b85c-8fcb80ee3d95/userFiles-bbe30bf8-853b-4063-9ec4-e91cf1c83167/org.apache.httpcomponents.core5_httpcore5-5.2.4.jar to class loader default
[2025-07-06T12:22:36.766+0000] {spark_submit.py:634} INFO - 25/07/06 12:22:36 INFO Executor: Fetching spark://320a39989f12:45135/jars/org.slf4j_slf4j-api-1.7.36.jar with timestamp 1751804554635
[2025-07-06T12:22:36.766+0000] {spark_submit.py:634} INFO - 25/07/06 12:22:36 INFO Utils: Fetching spark://320a39989f12:45135/jars/org.slf4j_slf4j-api-1.7.36.jar to /tmp/spark-5b0b64a7-86a0-4728-b85c-8fcb80ee3d95/userFiles-bbe30bf8-853b-4063-9ec4-e91cf1c83167/fetchFileTemp8830680199247323952.tmp
[2025-07-06T12:22:36.767+0000] {spark_submit.py:634} INFO - 25/07/06 12:22:36 INFO Utils: /tmp/spark-5b0b64a7-86a0-4728-b85c-8fcb80ee3d95/userFiles-bbe30bf8-853b-4063-9ec4-e91cf1c83167/fetchFileTemp8830680199247323952.tmp has been previously copied to /tmp/spark-5b0b64a7-86a0-4728-b85c-8fcb80ee3d95/userFiles-bbe30bf8-853b-4063-9ec4-e91cf1c83167/org.slf4j_slf4j-api-1.7.36.jar
[2025-07-06T12:22:36.770+0000] {spark_submit.py:634} INFO - 25/07/06 12:22:36 INFO Executor: Adding file:/tmp/spark-5b0b64a7-86a0-4728-b85c-8fcb80ee3d95/userFiles-bbe30bf8-853b-4063-9ec4-e91cf1c83167/org.slf4j_slf4j-api-1.7.36.jar to class loader default
[2025-07-06T12:22:36.770+0000] {spark_submit.py:634} INFO - 25/07/06 12:22:36 INFO Executor: Fetching spark://320a39989f12:45135/jars/com.amazonaws_aws-java-sdk-bundle-1.12.674.jar with timestamp 1751804554635
[2025-07-06T12:22:36.770+0000] {spark_submit.py:634} INFO - 25/07/06 12:22:36 INFO Utils: Fetching spark://320a39989f12:45135/jars/com.amazonaws_aws-java-sdk-bundle-1.12.674.jar to /tmp/spark-5b0b64a7-86a0-4728-b85c-8fcb80ee3d95/userFiles-bbe30bf8-853b-4063-9ec4-e91cf1c83167/fetchFileTemp1628551483208445081.tmp
[2025-07-06T12:22:37.947+0000] {spark_submit.py:634} INFO - 25/07/06 12:22:37 INFO Utils: /tmp/spark-5b0b64a7-86a0-4728-b85c-8fcb80ee3d95/userFiles-bbe30bf8-853b-4063-9ec4-e91cf1c83167/fetchFileTemp1628551483208445081.tmp has been previously copied to /tmp/spark-5b0b64a7-86a0-4728-b85c-8fcb80ee3d95/userFiles-bbe30bf8-853b-4063-9ec4-e91cf1c83167/com.amazonaws_aws-java-sdk-bundle-1.12.674.jar
[2025-07-06T12:22:37.974+0000] {spark_submit.py:634} INFO - 25/07/06 12:22:37 INFO Executor: Adding file:/tmp/spark-5b0b64a7-86a0-4728-b85c-8fcb80ee3d95/userFiles-bbe30bf8-853b-4063-9ec4-e91cf1c83167/com.amazonaws_aws-java-sdk-bundle-1.12.674.jar to class loader default
[2025-07-06T12:22:37.981+0000] {spark_submit.py:634} INFO - 25/07/06 12:22:37 INFO Utils: Successfully started service 'org.apache.spark.network.netty.NettyBlockTransferService' on port 42475.
[2025-07-06T12:22:37.981+0000] {spark_submit.py:634} INFO - 25/07/06 12:22:37 INFO NettyBlockTransferService: Server created on 320a39989f12:42475
[2025-07-06T12:22:37.982+0000] {spark_submit.py:634} INFO - 25/07/06 12:22:37 INFO BlockManager: Using org.apache.spark.storage.RandomBlockReplicationPolicy for block replication policy
[2025-07-06T12:22:37.989+0000] {spark_submit.py:634} INFO - 25/07/06 12:22:37 INFO BlockManagerMaster: Registering BlockManager BlockManagerId(driver, 320a39989f12, 42475, None)
[2025-07-06T12:22:38.029+0000] {spark_submit.py:634} INFO - 25/07/06 12:22:38 INFO BlockManagerMasterEndpoint: Registering block manager 320a39989f12:42475 with 413.9 MiB RAM, BlockManagerId(driver, 320a39989f12, 42475, None)
[2025-07-06T12:22:38.031+0000] {spark_submit.py:634} INFO - 25/07/06 12:22:38 INFO BlockManagerMaster: Registered BlockManager BlockManagerId(driver, 320a39989f12, 42475, None)
[2025-07-06T12:22:38.031+0000] {spark_submit.py:634} INFO - 25/07/06 12:22:38 INFO BlockManager: Initialized BlockManager: BlockManagerId(driver, 320a39989f12, 42475, None)
[2025-07-06T12:22:41.231+0000] {spark_submit.py:634} INFO - 25/07/06 12:22:41 WARN MetricsConfig: Cannot locate configuration: tried hadoop-metrics2-s3a-file-system.properties,hadoop-metrics2.properties
[2025-07-06T12:22:41.243+0000] {spark_submit.py:634} INFO - 25/07/06 12:22:41 WARN FileSystem: Failed to initialize filesystem s3a://hasaki-datalake/ga4-data/hasakiwork/analytics_253437596/events/2025/4/15/0.parquet: java.lang.NumberFormatException: For input string: "60s"
[2025-07-06T12:22:41.245+0000] {spark_submit.py:634} INFO - 25/07/06 12:22:41 WARN FileStreamSink: Assume no metadata directory. Error while looking for metadata directory in the path: s3a://hasaki-datalake/ga4-data/hasakiwork/analytics_253437596/events/2025/4/15/0.parquet.
[2025-07-06T12:22:41.245+0000] {spark_submit.py:634} INFO - java.lang.NumberFormatException: For input string: "60s"
[2025-07-06T12:22:41.245+0000] {spark_submit.py:634} INFO - at java.base/java.lang.NumberFormatException.forInputString(NumberFormatException.java:67)
[2025-07-06T12:22:41.245+0000] {spark_submit.py:634} INFO - at java.base/java.lang.Long.parseLong(Long.java:711)
[2025-07-06T12:22:41.245+0000] {spark_submit.py:634} INFO - at java.base/java.lang.Long.parseLong(Long.java:836)
[2025-07-06T12:22:41.246+0000] {spark_submit.py:634} INFO - at org.apache.hadoop.conf.Configuration.getLong(Configuration.java:1607)
[2025-07-06T12:22:41.246+0000] {spark_submit.py:634} INFO - at org.apache.hadoop.fs.s3a.S3AUtils.longOption(S3AUtils.java:978)
[2025-07-06T12:22:41.246+0000] {spark_submit.py:634} INFO - at org.apache.hadoop.fs.s3a.S3AFileSystem.initThreadPools(S3AFileSystem.java:747)
[2025-07-06T12:22:41.246+0000] {spark_submit.py:634} INFO - at org.apache.hadoop.fs.s3a.S3AFileSystem.initialize(S3AFileSystem.java:517)
[2025-07-06T12:22:41.246+0000] {spark_submit.py:634} INFO - at org.apache.hadoop.fs.FileSystem.createFileSystem(FileSystem.java:3615)
[2025-07-06T12:22:41.246+0000] {spark_submit.py:634} INFO - at org.apache.hadoop.fs.FileSystem.access$300(FileSystem.java:172)
[2025-07-06T12:22:41.246+0000] {spark_submit.py:634} INFO - at org.apache.hadoop.fs.FileSystem$Cache.getInternal(FileSystem.java:3716)
[2025-07-06T12:22:41.246+0000] {spark_submit.py:634} INFO - at org.apache.hadoop.fs.FileSystem$Cache.get(FileSystem.java:3667)
[2025-07-06T12:22:41.246+0000] {spark_submit.py:634} INFO - at org.apache.hadoop.fs.FileSystem.get(FileSystem.java:557)
[2025-07-06T12:22:41.246+0000] {spark_submit.py:634} INFO - at org.apache.hadoop.fs.Path.getFileSystem(Path.java:366)
[2025-07-06T12:22:41.246+0000] {spark_submit.py:634} INFO - at org.apache.spark.sql.execution.streaming.FileStreamSink$.hasMetadata(FileStreamSink.scala:55)
[2025-07-06T12:22:41.246+0000] {spark_submit.py:634} INFO - at org.apache.spark.sql.execution.datasources.DataSource.resolveRelation(DataSource.scala:381)
[2025-07-06T12:22:41.246+0000] {spark_submit.py:634} INFO - at org.apache.spark.sql.catalyst.analysis.ResolveDataSource.org$apache$spark$sql$catalyst$analysis$ResolveDataSource$$loadV1BatchSource(ResolveDataSource.scala:143)
[2025-07-06T12:22:41.246+0000] {spark_submit.py:634} INFO - at org.apache.spark.sql.catalyst.analysis.ResolveDataSource$$anonfun$apply$1.$anonfun$applyOrElse$2(ResolveDataSource.scala:61)
[2025-07-06T12:22:41.247+0000] {spark_submit.py:634} INFO - at scala.Option.getOrElse(Option.scala:201)
[2025-07-06T12:22:41.247+0000] {spark_submit.py:634} INFO - at org.apache.spark.sql.catalyst.analysis.ResolveDataSource$$anonfun$apply$1.applyOrElse(ResolveDataSource.scala:61)
[2025-07-06T12:22:41.247+0000] {spark_submit.py:634} INFO - at org.apache.spark.sql.catalyst.analysis.ResolveDataSource$$anonfun$apply$1.applyOrElse(ResolveDataSource.scala:45)
[2025-07-06T12:22:41.247+0000] {spark_submit.py:634} INFO - at org.apache.spark.sql.catalyst.plans.logical.AnalysisHelper.$anonfun$resolveOperatorsUpWithPruning$3(AnalysisHelper.scala:139)
[2025-07-06T12:22:41.247+0000] {spark_submit.py:634} INFO - at org.apache.spark.sql.catalyst.trees.CurrentOrigin$.withOrigin(origin.scala:86)
[2025-07-06T12:22:41.247+0000] {spark_submit.py:634} INFO - at org.apache.spark.sql.catalyst.plans.logical.AnalysisHelper.$anonfun$resolveOperatorsUpWithPruning$1(AnalysisHelper.scala:139)
[2025-07-06T12:22:41.247+0000] {spark_submit.py:634} INFO - at org.apache.spark.sql.catalyst.plans.logical.AnalysisHelper$.allowInvokingTransformsInAnalyzer(AnalysisHelper.scala:416)
[2025-07-06T12:22:41.247+0000] {spark_submit.py:634} INFO - at org.apache.spark.sql.catalyst.plans.logical.AnalysisHelper.resolveOperatorsUpWithPruning(AnalysisHelper.scala:135)
[2025-07-06T12:22:41.247+0000] {spark_submit.py:634} INFO - at org.apache.spark.sql.catalyst.plans.logical.AnalysisHelper.resolveOperatorsUpWithPruning$(AnalysisHelper.scala:131)
[2025-07-06T12:22:41.247+0000] {spark_submit.py:634} INFO - at org.apache.spark.sql.catalyst.plans.logical.LogicalPlan.resolveOperatorsUpWithPruning(LogicalPlan.scala:37)
[2025-07-06T12:22:41.247+0000] {spark_submit.py:634} INFO - at org.apache.spark.sql.catalyst.plans.logical.AnalysisHelper.resolveOperatorsUp(AnalysisHelper.scala:112)
[2025-07-06T12:22:41.247+0000] {spark_submit.py:634} INFO - at org.apache.spark.sql.catalyst.plans.logical.AnalysisHelper.resolveOperatorsUp$(AnalysisHelper.scala:111)
[2025-07-06T12:22:41.247+0000] {spark_submit.py:634} INFO - at org.apache.spark.sql.catalyst.plans.logical.LogicalPlan.resolveOperatorsUp(LogicalPlan.scala:37)
[2025-07-06T12:22:41.247+0000] {spark_submit.py:634} INFO - at org.apache.spark.sql.catalyst.analysis.ResolveDataSource.apply(ResolveDataSource.scala:45)
[2025-07-06T12:22:41.248+0000] {spark_submit.py:634} INFO - at org.apache.spark.sql.catalyst.analysis.ResolveDataSource.apply(ResolveDataSource.scala:43)
[2025-07-06T12:22:41.248+0000] {spark_submit.py:634} INFO - at org.apache.spark.sql.catalyst.rules.RuleExecutor.$anonfun$execute$2(RuleExecutor.scala:242)
[2025-07-06T12:22:41.248+0000] {spark_submit.py:634} INFO - at scala.collection.LinearSeqOps.foldLeft(LinearSeq.scala:183)
[2025-07-06T12:22:41.248+0000] {spark_submit.py:634} INFO - at scala.collection.LinearSeqOps.foldLeft$(LinearSeq.scala:179)
[2025-07-06T12:22:41.248+0000] {spark_submit.py:634} INFO - at scala.collection.immutable.List.foldLeft(List.scala:79)
[2025-07-06T12:22:41.248+0000] {spark_submit.py:634} INFO - at org.apache.spark.sql.catalyst.rules.RuleExecutor.$anonfun$execute$1(RuleExecutor.scala:239)
[2025-07-06T12:22:41.248+0000] {spark_submit.py:634} INFO - at org.apache.spark.sql.catalyst.rules.RuleExecutor.$anonfun$execute$1$adapted(RuleExecutor.scala:231)
[2025-07-06T12:22:41.248+0000] {spark_submit.py:634} INFO - at scala.collection.immutable.List.foreach(List.scala:334)
[2025-07-06T12:22:41.248+0000] {spark_submit.py:634} INFO - at org.apache.spark.sql.catalyst.rules.RuleExecutor.execute(RuleExecutor.scala:231)
[2025-07-06T12:22:41.248+0000] {spark_submit.py:634} INFO - at org.apache.spark.sql.catalyst.analysis.Analyzer.org$apache$spark$sql$catalyst$analysis$Analyzer$$executeSameContext(Analyzer.scala:290)
[2025-07-06T12:22:41.248+0000] {spark_submit.py:634} INFO - at org.apache.spark.sql.catalyst.analysis.Analyzer.$anonfun$execute$1(Analyzer.scala:286)
[2025-07-06T12:22:41.248+0000] {spark_submit.py:634} INFO - at org.apache.spark.sql.catalyst.analysis.AnalysisContext$.withNewAnalysisContext(Analyzer.scala:234)
[2025-07-06T12:22:41.248+0000] {spark_submit.py:634} INFO - at org.apache.spark.sql.catalyst.analysis.Analyzer.execute(Analyzer.scala:286)
[2025-07-06T12:22:41.248+0000] {spark_submit.py:634} INFO - at org.apache.spark.sql.catalyst.analysis.Analyzer.execute(Analyzer.scala:249)
[2025-07-06T12:22:41.249+0000] {spark_submit.py:634} INFO - at org.apache.spark.sql.catalyst.rules.RuleExecutor.$anonfun$executeAndTrack$1(RuleExecutor.scala:201)
[2025-07-06T12:22:41.249+0000] {spark_submit.py:634} INFO - at org.apache.spark.sql.catalyst.QueryPlanningTracker$.withTracker(QueryPlanningTracker.scala:89)
[2025-07-06T12:22:41.249+0000] {spark_submit.py:634} INFO - at org.apache.spark.sql.catalyst.rules.RuleExecutor.executeAndTrack(RuleExecutor.scala:201)
[2025-07-06T12:22:41.249+0000] {spark_submit.py:634} INFO - at org.apache.spark.sql.catalyst.analysis.resolver.HybridAnalyzer.resolveInFixedPoint(HybridAnalyzer.scala:190)
[2025-07-06T12:22:41.249+0000] {spark_submit.py:634} INFO - at org.apache.spark.sql.catalyst.analysis.resolver.HybridAnalyzer.$anonfun$apply$1(HybridAnalyzer.scala:76)
[2025-07-06T12:22:41.249+0000] {spark_submit.py:634} INFO - at org.apache.spark.sql.catalyst.analysis.resolver.HybridAnalyzer.withTrackedAnalyzerBridgeState(HybridAnalyzer.scala:111)
[2025-07-06T12:22:41.249+0000] {spark_submit.py:634} INFO - at org.apache.spark.sql.catalyst.analysis.resolver.HybridAnalyzer.apply(HybridAnalyzer.scala:71)
[2025-07-06T12:22:41.249+0000] {spark_submit.py:634} INFO - at org.apache.spark.sql.catalyst.analysis.Analyzer.$anonfun$executeAndCheck$1(Analyzer.scala:280)
[2025-07-06T12:22:41.249+0000] {spark_submit.py:634} INFO - at org.apache.spark.sql.catalyst.plans.logical.AnalysisHelper$.markInAnalyzer(AnalysisHelper.scala:423)
[2025-07-06T12:22:41.249+0000] {spark_submit.py:634} INFO - at org.apache.spark.sql.catalyst.analysis.Analyzer.executeAndCheck(Analyzer.scala:280)
[2025-07-06T12:22:41.249+0000] {spark_submit.py:634} INFO - at org.apache.spark.sql.execution.QueryExecution.$anonfun$lazyAnalyzed$2(QueryExecution.scala:110)
[2025-07-06T12:22:41.249+0000] {spark_submit.py:634} INFO - at org.apache.spark.sql.catalyst.QueryPlanningTracker.measurePhase(QueryPlanningTracker.scala:148)
[2025-07-06T12:22:41.249+0000] {spark_submit.py:634} INFO - at org.apache.spark.sql.execution.QueryExecution.$anonfun$executePhase$2(QueryExecution.scala:278)
[2025-07-06T12:22:41.249+0000] {spark_submit.py:634} INFO - at org.apache.spark.sql.execution.QueryExecution$.withInternalError(QueryExecution.scala:654)
[2025-07-06T12:22:41.249+0000] {spark_submit.py:634} INFO - at org.apache.spark.sql.execution.QueryExecution.$anonfun$executePhase$1(QueryExecution.scala:278)
[2025-07-06T12:22:41.249+0000] {spark_submit.py:634} INFO - at org.apache.spark.sql.SparkSession.withActive(SparkSession.scala:804)
[2025-07-06T12:22:41.249+0000] {spark_submit.py:634} INFO - at org.apache.spark.sql.execution.QueryExecution.executePhase(QueryExecution.scala:277)
[2025-07-06T12:22:41.249+0000] {spark_submit.py:634} INFO - at org.apache.spark.sql.execution.QueryExecution.$anonfun$lazyAnalyzed$1(QueryExecution.scala:110)
[2025-07-06T12:22:41.249+0000] {spark_submit.py:634} INFO - at scala.util.Try$.apply(Try.scala:217)
[2025-07-06T12:22:41.249+0000] {spark_submit.py:634} INFO - at org.apache.spark.util.Utils$.doTryWithCallerStacktrace(Utils.scala:1378)
[2025-07-06T12:22:41.250+0000] {spark_submit.py:634} INFO - at org.apache.spark.util.LazyTry.tryT$lzycompute(LazyTry.scala:46)
[2025-07-06T12:22:41.250+0000] {spark_submit.py:634} INFO - at org.apache.spark.util.LazyTry.tryT(LazyTry.scala:46)
[2025-07-06T12:22:41.250+0000] {spark_submit.py:634} INFO - at org.apache.spark.util.LazyTry.get(LazyTry.scala:58)
[2025-07-06T12:22:41.250+0000] {spark_submit.py:634} INFO - at org.apache.spark.sql.execution.QueryExecution.analyzed(QueryExecution.scala:121)
[2025-07-06T12:22:41.250+0000] {spark_submit.py:634} INFO - at org.apache.spark.sql.execution.QueryExecution.assertAnalyzed(QueryExecution.scala:80)
[2025-07-06T12:22:41.250+0000] {spark_submit.py:634} INFO - at org.apache.spark.sql.classic.Dataset$.$anonfun$ofRows$1(Dataset.scala:115)
[2025-07-06T12:22:41.250+0000] {spark_submit.py:634} INFO - at org.apache.spark.sql.SparkSession.withActive(SparkSession.scala:804)
[2025-07-06T12:22:41.250+0000] {spark_submit.py:634} INFO - at org.apache.spark.sql.classic.Dataset$.ofRows(Dataset.scala:113)
[2025-07-06T12:22:41.250+0000] {spark_submit.py:634} INFO - at org.apache.spark.sql.classic.DataFrameReader.load(DataFrameReader.scala:109)
[2025-07-06T12:22:41.250+0000] {spark_submit.py:634} INFO - at org.apache.spark.sql.classic.DataFrameReader.load(DataFrameReader.scala:58)
[2025-07-06T12:22:41.250+0000] {spark_submit.py:634} INFO - at org.apache.spark.sql.DataFrameReader.parquet(DataFrameReader.scala:457)
[2025-07-06T12:22:41.250+0000] {spark_submit.py:634} INFO - at org.apache.spark.sql.classic.DataFrameReader.parquet(DataFrameReader.scala:306)
[2025-07-06T12:22:41.250+0000] {spark_submit.py:634} INFO - at org.apache.spark.sql.classic.DataFrameReader.parquet(DataFrameReader.scala:58)
[2025-07-06T12:22:41.250+0000] {spark_submit.py:634} INFO - at java.base/jdk.internal.reflect.NativeMethodAccessorImpl.invoke0(Native Method)
[2025-07-06T12:22:41.250+0000] {spark_submit.py:634} INFO - at java.base/jdk.internal.reflect.NativeMethodAccessorImpl.invoke(NativeMethodAccessorImpl.java:77)
[2025-07-06T12:22:41.250+0000] {spark_submit.py:634} INFO - at java.base/jdk.internal.reflect.DelegatingMethodAccessorImpl.invoke(DelegatingMethodAccessorImpl.java:43)
[2025-07-06T12:22:41.250+0000] {spark_submit.py:634} INFO - at java.base/java.lang.reflect.Method.invoke(Method.java:569)
[2025-07-06T12:22:41.250+0000] {spark_submit.py:634} INFO - at py4j.reflection.MethodInvoker.invoke(MethodInvoker.java:244)
[2025-07-06T12:22:41.250+0000] {spark_submit.py:634} INFO - at py4j.reflection.ReflectionEngine.invoke(ReflectionEngine.java:374)
[2025-07-06T12:22:41.250+0000] {spark_submit.py:634} INFO - at py4j.Gateway.invoke(Gateway.java:282)
[2025-07-06T12:22:41.251+0000] {spark_submit.py:634} INFO - at py4j.commands.AbstractCommand.invokeMethod(AbstractCommand.java:132)
[2025-07-06T12:22:41.251+0000] {spark_submit.py:634} INFO - at py4j.commands.CallCommand.execute(CallCommand.java:79)
[2025-07-06T12:22:41.251+0000] {spark_submit.py:634} INFO - at py4j.ClientServerConnection.waitForCommands(ClientServerConnection.java:184)
[2025-07-06T12:22:41.251+0000] {spark_submit.py:634} INFO - at py4j.ClientServerConnection.run(ClientServerConnection.java:108)
[2025-07-06T12:22:41.251+0000] {spark_submit.py:634} INFO - at java.base/java.lang.Thread.run(Thread.java:840)
[2025-07-06T12:22:41.331+0000] {spark_submit.py:634} INFO - 25/07/06 12:22:41 WARN MetricsConfig: Cannot locate configuration: tried hadoop-metrics2-s3a-file-system.properties,hadoop-metrics2.properties
[2025-07-06T12:22:41.334+0000] {spark_submit.py:634} INFO - 25/07/06 12:22:41 WARN FileSystem: Failed to initialize filesystem s3a://hasaki-datalake/ga4-data/hasakiwork/analytics_253437596/events/2025/4/15/0.parquet: java.lang.NumberFormatException: For input string: "60s"
[2025-07-06T12:22:41.343+0000] {spark_submit.py:634} INFO - Traceback (most recent call last):
[2025-07-06T12:22:41.343+0000] {spark_submit.py:634} INFO - File "/opt/***/spark_project/src/spark/spark_main_minio.py", line 72, in <module>
[2025-07-06T12:22:41.343+0000] {spark_submit.py:634} INFO - main()
[2025-07-06T12:22:41.343+0000] {spark_submit.py:634} INFO - File "/opt/***/spark_project/src/spark/spark_main_minio.py", line 29, in main
[2025-07-06T12:22:41.344+0000] {spark_submit.py:634} INFO - parquet_file = spark.read.parquet(file_path)
[2025-07-06T12:22:41.344+0000] {spark_submit.py:634} INFO - ^^^^^^^^^^^^^^^^^^^^^^^^^^^^^
[2025-07-06T12:22:41.344+0000] {spark_submit.py:634} INFO - File "/home/***/.local/lib/python3.11/site-packages/pyspark/python/lib/pyspark.zip/pyspark/sql/readwriter.py", line 642, in parquet
[2025-07-06T12:22:41.344+0000] {spark_submit.py:634} INFO - File "/home/***/.local/lib/python3.11/site-packages/pyspark/python/lib/py4j-0.10.9.9-src.zip/py4j/java_gateway.py", line 1362, in __call__
[2025-07-06T12:22:41.344+0000] {spark_submit.py:634} INFO - File "/home/***/.local/lib/python3.11/site-packages/pyspark/python/lib/pyspark.zip/pyspark/errors/exceptions/captured.py", line 288, in deco
[2025-07-06T12:22:41.346+0000] {spark_submit.py:634} INFO - pyspark.errors.exceptions.captured.NumberFormatException: For input string: "60s"
[2025-07-06T12:22:41.636+0000] {taskinstance.py:441} INFO - ::group::Post task execution logs
[2025-07-06T12:22:41.643+0000] {taskinstance.py:2890} ERROR - Task failed with exception
Traceback (most recent call last):
  File "/home/airflow/.local/lib/python3.11/site-packages/airflow/models/taskinstance.py", line 465, in _execute_task
    result = _execute_callable(context=context, **execute_callable_kwargs)
             ^^^^^^^^^^^^^^^^^^^^^^^^^^^^^^^^^^^^^^^^^^^^^^^^^^^^^^^^^^^^^
  File "/home/airflow/.local/lib/python3.11/site-packages/airflow/models/taskinstance.py", line 432, in _execute_callable
    return execute_callable(context=context, **execute_callable_kwargs)
           ^^^^^^^^^^^^^^^^^^^^^^^^^^^^^^^^^^^^^^^^^^^^^^^^^^^^^^^^^^^^
  File "/home/airflow/.local/lib/python3.11/site-packages/airflow/models/baseoperator.py", line 400, in wrapper
    return func(self, *args, **kwargs)
           ^^^^^^^^^^^^^^^^^^^^^^^^^^^
  File "/home/airflow/.local/lib/python3.11/site-packages/airflow/providers/apache/spark/operators/spark_submit.py", line 176, in execute
    self._hook.submit(self.application)
  File "/home/airflow/.local/lib/python3.11/site-packages/airflow/providers/apache/spark/hooks/spark_submit.py", line 560, in submit
    raise AirflowException(
airflow.exceptions.AirflowException: Cannot execute: spark-submit --master spark-master:7077 --packages com.clickhouse:clickhouse-jdbc:0.6.4,org.apache.httpcomponents.client5:httpclient5:5.3.1,org.apache.hadoop:hadoop-aws:3.3.5,com.amazonaws:aws-java-sdk-bundle:1.12.674 --name arrow-spark --deploy-mode client /opt/***/spark_project/src/spark/spark_main_minio.py. Error code is: 1.
[2025-07-06T12:22:41.645+0000] {taskinstance.py:1205} INFO - Marking task as FAILED. dag_id=my_spark_inline, task_id=spark_write_data, execution_date=20250706T051258, start_date=20250706T122054, end_date=20250706T122241
[2025-07-06T12:22:41.658+0000] {standard_task_runner.py:110} ERROR - Failed to execute job 61 for task spark_write_data (Cannot execute: spark-submit --master spark-master:7077 --packages com.clickhouse:clickhouse-jdbc:0.6.4,org.apache.httpcomponents.client5:httpclient5:5.3.1,org.apache.hadoop:hadoop-aws:3.3.5,com.amazonaws:aws-java-sdk-bundle:1.12.674 --name arrow-spark --deploy-mode client /opt/***/spark_project/src/spark/spark_main_minio.py. Error code is: 1.; 2091)
[2025-07-06T12:22:41.689+0000] {local_task_job_runner.py:240} INFO - Task exited with return code 1
[2025-07-06T12:22:41.701+0000] {taskinstance.py:3482} INFO - 0 downstream tasks scheduled from follow-on schedule check
[2025-07-06T12:22:41.702+0000] {local_task_job_runner.py:222} INFO - ::endgroup::
