[2025-07-03T13:16:03.956+0000] {local_task_job_runner.py:120} INFO - ::group::Pre task execution logs
[2025-07-03T13:16:03.978+0000] {taskinstance.py:2073} INFO - Dependencies all met for dep_context=non-requeueable deps ti=<TaskInstance: connect_to_minio.search_specific_data manual__2025-07-03T12:48:33.639150+00:00 [queued]>
[2025-07-03T13:16:03.984+0000] {taskinstance.py:2073} INFO - Dependencies all met for dep_context=requeueable deps ti=<TaskInstance: connect_to_minio.search_specific_data manual__2025-07-03T12:48:33.639150+00:00 [queued]>
[2025-07-03T13:16:03.984+0000] {taskinstance.py:2303} INFO - Starting attempt 2 of 2
[2025-07-03T13:16:03.992+0000] {taskinstance.py:2327} INFO - Executing <Task(PythonOperator): search_specific_data> on 2025-07-03 12:48:33.639150+00:00
[2025-07-03T13:16:03.997+0000] {standard_task_runner.py:63} INFO - Started process 1116 to run task
[2025-07-03T13:16:03.999+0000] {standard_task_runner.py:90} INFO - Running: ['***', 'tasks', 'run', 'connect_to_minio', 'search_specific_data', 'manual__2025-07-03T12:48:33.639150+00:00', '--job-id', '24', '--raw', '--subdir', 'DAGS_FOLDER/test_connection_to_minio.py', '--cfg-path', '/tmp/tmpnnz66tik']
[2025-07-03T13:16:04.000+0000] {standard_task_runner.py:91} INFO - Job 24: Subtask search_specific_data
[2025-07-03T13:16:04.011+0000] {logging_mixin.py:188} WARNING - /home/***/.local/lib/python3.11/site-packages/***/settings.py:195 DeprecationWarning: The sql_alchemy_conn option in [core] has been moved to the sql_alchemy_conn option in [database] - the old setting has been used, but please update your config.
[2025-07-03T13:16:04.038+0000] {task_command.py:426} INFO - Running <TaskInstance: connect_to_minio.search_specific_data manual__2025-07-03T12:48:33.639150+00:00 [running]> on host 8cef375d7ad3
[2025-07-03T13:16:04.094+0000] {taskinstance.py:2644} INFO - Exporting env vars: AIRFLOW_CTX_DAG_OWNER='***' AIRFLOW_CTX_DAG_ID='connect_to_minio' AIRFLOW_CTX_TASK_ID='search_specific_data' AIRFLOW_CTX_EXECUTION_DATE='2025-07-03T12:48:33.639150+00:00' AIRFLOW_CTX_TRY_NUMBER='2' AIRFLOW_CTX_DAG_RUN_ID='manual__2025-07-03T12:48:33.639150+00:00'
[2025-07-03T13:16:04.095+0000] {taskinstance.py:430} INFO - ::endgroup::
[2025-07-03T13:16:04.104+0000] {logging_mixin.py:188} INFO - 🔎 Searching for specific data patterns...
[2025-07-03T13:16:04.150+0000] {logging_mixin.py:188} INFO - ✅ Success with endpoint: https://minio.vgpu.rdhasaki.com
[2025-07-03T13:16:04.164+0000] {logging_mixin.py:188} INFO - 
🔍 SEARCH RESULTS:
[2025-07-03T13:16:04.164+0000] {logging_mixin.py:188} INFO - 
📋 RECENT FILES: 1906 files
[2025-07-03T13:16:04.164+0000] {logging_mixin.py:188} INFO -   - 0.parquet (2.85 MB, 2025-04-17 01:22:49)
[2025-07-03T13:16:04.165+0000] {logging_mixin.py:188} INFO -   - 1.parquet (6.75 MB, 2025-04-17 01:22:49)
[2025-07-03T13:16:04.165+0000] {logging_mixin.py:188} INFO -   - 10.parquet (5.54 MB, 2025-04-17 01:22:50)
[2025-07-03T13:16:04.165+0000] {logging_mixin.py:188} INFO -   - 11.parquet (5.07 MB, 2025-04-17 01:22:50)
[2025-07-03T13:16:04.165+0000] {logging_mixin.py:188} INFO -   - 12.parquet (5.17 MB, 2025-04-17 01:22:51)
[2025-07-03T13:16:04.165+0000] {logging_mixin.py:188} INFO -   ... and 1901 more files
[2025-07-03T13:16:04.165+0000] {logging_mixin.py:188} INFO - 
📋 LARGE FILES: 1583 files
[2025-07-03T13:16:04.165+0000] {logging_mixin.py:188} INFO -   - 0.parquet (2.85 MB, 2025-04-17 01:22:49)
[2025-07-03T13:16:04.165+0000] {logging_mixin.py:188} INFO -   - 1.parquet (6.75 MB, 2025-04-17 01:22:49)
[2025-07-03T13:16:04.165+0000] {logging_mixin.py:188} INFO -   - 10.parquet (5.54 MB, 2025-04-17 01:22:50)
[2025-07-03T13:16:04.165+0000] {logging_mixin.py:188} INFO -   - 11.parquet (5.07 MB, 2025-04-17 01:22:50)
[2025-07-03T13:16:04.165+0000] {logging_mixin.py:188} INFO -   - 12.parquet (5.17 MB, 2025-04-17 01:22:51)
[2025-07-03T13:16:04.165+0000] {logging_mixin.py:188} INFO -   ... and 1578 more files
[2025-07-03T13:16:04.166+0000] {logging_mixin.py:188} INFO - 
📋 JSON FILES: 0 files
[2025-07-03T13:16:04.166+0000] {logging_mixin.py:188} INFO - 
📋 TODAY FILES: 14 files
[2025-07-03T13:16:04.166+0000] {logging_mixin.py:188} INFO -   - 23.parquet (1.47 MB, 2025-07-03 00:05:24)
[2025-07-03T13:16:04.166+0000] {logging_mixin.py:188} INFO -   - 0.parquet (2.06 MB, 2025-07-03 01:05:09)
[2025-07-03T13:16:04.166+0000] {logging_mixin.py:188} INFO -   - 1.parquet (4.59 MB, 2025-07-03 02:07:09)
[2025-07-03T13:16:04.166+0000] {logging_mixin.py:188} INFO -   - 10.parquet (6.18 MB, 2025-07-03 11:05:22)
[2025-07-03T13:16:04.166+0000] {logging_mixin.py:188} INFO -   - 11.parquet (5.31 MB, 2025-07-03 12:05:40)
[2025-07-03T13:16:04.166+0000] {logging_mixin.py:188} INFO -   ... and 9 more files
[2025-07-03T13:16:04.166+0000] {logging_mixin.py:188} INFO - 
✅ Search completed
[2025-07-03T13:16:04.166+0000] {python.py:237} INFO - Done. Returned value was: None
[2025-07-03T13:16:04.166+0000] {taskinstance.py:441} INFO - ::group::Post task execution logs
[2025-07-03T13:16:04.175+0000] {taskinstance.py:1205} INFO - Marking task as SUCCESS. dag_id=connect_to_minio, task_id=search_specific_data, execution_date=20250703T124833, start_date=20250703T131603, end_date=20250703T131604
[2025-07-03T13:16:04.211+0000] {local_task_job_runner.py:240} INFO - Task exited with return code 0
[2025-07-03T13:16:04.225+0000] {taskinstance.py:3482} INFO - 0 downstream tasks scheduled from follow-on schedule check
[2025-07-03T13:16:04.226+0000] {local_task_job_runner.py:222} INFO - ::endgroup::
