[2025-07-08T10:00:29.318+0000] {local_task_job_runner.py:120} INFO - ::group::Pre task execution logs
[2025-07-08T10:00:29.336+0000] {taskinstance.py:2073} INFO - Dependencies all met for dep_context=non-requeueable deps ti=<TaskInstance: minio_ga4_new_file_detector.spark_write_data manual__2025-07-08T09:39:19.707078+00:00 [queued]>
[2025-07-08T10:00:29.341+0000] {taskinstance.py:2073} INFO - Dependencies all met for dep_context=requeueable deps ti=<TaskInstance: minio_ga4_new_file_detector.spark_write_data manual__2025-07-08T09:39:19.707078+00:00 [queued]>
[2025-07-08T10:00:29.341+0000] {taskinstance.py:2303} INFO - Starting attempt 2 of 3
[2025-07-08T10:00:29.347+0000] {taskinstance.py:2327} INFO - Executing <Task(SparkSubmitOperator): spark_write_data> on 2025-07-08 09:39:19.707078+00:00
[2025-07-08T10:00:29.351+0000] {standard_task_runner.py:63} INFO - Started process 9379 to run task
[2025-07-08T10:00:29.354+0000] {standard_task_runner.py:90} INFO - Running: ['***', 'tasks', 'run', 'minio_ga4_new_file_detector', 'spark_write_data', 'manual__2025-07-08T09:39:19.707078+00:00', '--job-id', '185', '--raw', '--subdir', 'DAGS_FOLDER/dag_automatic.py', '--cfg-path', '/tmp/tmpea3dvu2q']
[2025-07-08T10:00:29.355+0000] {standard_task_runner.py:91} INFO - Job 185: Subtask spark_write_data
[2025-07-08T10:00:29.369+0000] {logging_mixin.py:188} WARNING - /home/***/.local/lib/python3.11/site-packages/***/settings.py:195 DeprecationWarning: The sql_alchemy_conn option in [core] has been moved to the sql_alchemy_conn option in [database] - the old setting has been used, but please update your config.
[2025-07-08T10:00:29.389+0000] {task_command.py:426} INFO - Running <TaskInstance: minio_ga4_new_file_detector.spark_write_data manual__2025-07-08T09:39:19.707078+00:00 [running]> on host 1a66de7e9daf
[2025-07-08T10:00:29.446+0000] {taskinstance.py:2644} INFO - Exporting env vars: AIRFLOW_CTX_DAG_OWNER='***' AIRFLOW_CTX_DAG_ID='minio_ga4_new_file_detector' AIRFLOW_CTX_TASK_ID='spark_write_data' AIRFLOW_CTX_EXECUTION_DATE='2025-07-08T09:39:19.707078+00:00' AIRFLOW_CTX_TRY_NUMBER='2' AIRFLOW_CTX_DAG_RUN_ID='manual__2025-07-08T09:39:19.707078+00:00'
[2025-07-08T10:00:29.446+0000] {taskinstance.py:430} INFO - ::endgroup::
[2025-07-08T10:00:29.459+0000] {base.py:84} INFO - Using connection ID 'spark-master' for task execution.
[2025-07-08T10:00:29.460+0000] {spark_submit.py:473} INFO - Spark-Submit cmd: spark-submit --master spark://spark-master:7077:7077 --packages com.clickhouse:clickhouse-jdbc:0.6.4,org.apache.httpcomponents.client5:httpclient5:5.3.1,org.apache.hadoop:hadoop-aws:3.3.5,com.amazonaws:aws-java-sdk-bundle:1.11.1026 --name arrow-spark --deploy-mode client /opt/***/spark_project/src/spark/spark_main_minio_automatic.py ["ga4-data/hasakiwork/analytics_253437596/events/2025/7/8/0.parquet", "ga4-data/hasakiwork/analytics_253437596/events/2025/7/8/1.parquet", "ga4-data/hasakiwork/analytics_253437596/events/2025/7/8/2.parquet", "ga4-data/hasakiwork/analytics_253437596/events/2025/7/8/3.parquet", "ga4-data/hasakiwork/analytics_253437596/events/2025/7/8/4.parquet", "ga4-data/hasakiwork/analytics_253437596/events/2025/7/8/5.parquet", "ga4-data/hasakiwork/analytics_253437596/events/2025/7/8/6.parquet", "ga4-data/hasakiwork/analytics_253437596/events/2025/7/8/7.parquet", "ga4-data/hasakiwork/analytics_253437596/events/2025/7/8/8.parquet"]
[2025-07-08T10:00:29.662+0000] {spark_submit.py:634} INFO - WARNING: Using incubator modules: jdk.incubator.vector
[2025-07-08T10:00:31.169+0000] {spark_submit.py:634} INFO - :: loading settings :: url = jar:file:/home/***/.local/lib/python3.11/site-packages/pyspark/jars/ivy-2.5.3.jar!/org/apache/ivy/core/settings/ivysettings.xml
[2025-07-08T10:00:31.265+0000] {spark_submit.py:634} INFO - Ivy Default Cache set to: /home/***/.ivy2.5.2/cache
[2025-07-08T10:00:31.265+0000] {spark_submit.py:634} INFO - The jars for the packages stored in: /home/***/.ivy2.5.2/jars
[2025-07-08T10:00:31.267+0000] {spark_submit.py:634} INFO - com.clickhouse#clickhouse-jdbc added as a dependency
[2025-07-08T10:00:31.267+0000] {spark_submit.py:634} INFO - org.apache.httpcomponents.client5#httpclient5 added as a dependency
[2025-07-08T10:00:31.267+0000] {spark_submit.py:634} INFO - org.apache.hadoop#hadoop-aws added as a dependency
[2025-07-08T10:00:31.267+0000] {spark_submit.py:634} INFO - com.amazonaws#aws-java-sdk-bundle added as a dependency
[2025-07-08T10:00:31.268+0000] {spark_submit.py:634} INFO - :: resolving dependencies :: org.apache.spark#spark-submit-parent-7dc73e3b-8ccd-49b3-b8fe-257f651aad67;1.0
[2025-07-08T10:00:31.268+0000] {spark_submit.py:634} INFO - confs: [default]
[2025-07-08T10:00:31.424+0000] {spark_submit.py:634} INFO - found com.clickhouse#clickhouse-jdbc;0.6.4 in central
[2025-07-08T10:00:31.442+0000] {spark_submit.py:634} INFO - found org.apache.httpcomponents.client5#httpclient5;5.3.1 in central
[2025-07-08T10:00:31.456+0000] {spark_submit.py:634} INFO - found org.apache.httpcomponents.core5#httpcore5;5.2.4 in central
[2025-07-08T10:00:31.539+0000] {spark_submit.py:634} INFO - found org.apache.httpcomponents.core5#httpcore5-h2;5.2.4 in central
[2025-07-08T10:00:31.554+0000] {spark_submit.py:634} INFO - found org.slf4j#slf4j-api;1.7.36 in central
[2025-07-08T10:00:31.643+0000] {spark_submit.py:634} INFO - found org.apache.hadoop#hadoop-aws;3.3.5 in central
[2025-07-08T10:00:31.652+0000] {spark_submit.py:634} INFO - found com.amazonaws#aws-java-sdk-bundle;1.12.316 in central
[2025-07-08T10:00:31.660+0000] {spark_submit.py:634} INFO - found org.wildfly.openssl#wildfly-openssl;1.1.3.Final in central
[2025-07-08T10:00:31.739+0000] {spark_submit.py:634} INFO - :: resolution report :: resolve 462ms :: artifacts dl 8ms
[2025-07-08T10:00:31.739+0000] {spark_submit.py:634} INFO - :: modules in use:
[2025-07-08T10:00:31.739+0000] {spark_submit.py:634} INFO - com.amazonaws#aws-java-sdk-bundle;1.12.316 from central in [default]
[2025-07-08T10:00:31.739+0000] {spark_submit.py:634} INFO - com.clickhouse#clickhouse-jdbc;0.6.4 from central in [default]
[2025-07-08T10:00:31.739+0000] {spark_submit.py:634} INFO - org.apache.hadoop#hadoop-aws;3.3.5 from central in [default]
[2025-07-08T10:00:31.740+0000] {spark_submit.py:634} INFO - org.apache.httpcomponents.client5#httpclient5;5.3.1 from central in [default]
[2025-07-08T10:00:31.740+0000] {spark_submit.py:634} INFO - org.apache.httpcomponents.core5#httpcore5;5.2.4 from central in [default]
[2025-07-08T10:00:31.740+0000] {spark_submit.py:634} INFO - org.apache.httpcomponents.core5#httpcore5-h2;5.2.4 from central in [default]
[2025-07-08T10:00:31.740+0000] {spark_submit.py:634} INFO - org.slf4j#slf4j-api;1.7.36 from central in [default]
[2025-07-08T10:00:31.740+0000] {spark_submit.py:634} INFO - org.wildfly.openssl#wildfly-openssl;1.1.3.Final from central in [default]
[2025-07-08T10:00:31.740+0000] {spark_submit.py:634} INFO - :: evicted modules:
[2025-07-08T10:00:31.740+0000] {spark_submit.py:634} INFO - com.amazonaws#aws-java-sdk-bundle;1.11.1026 by [com.amazonaws#aws-java-sdk-bundle;1.12.316] in [default]
[2025-07-08T10:00:31.740+0000] {spark_submit.py:634} INFO - ---------------------------------------------------------------------
[2025-07-08T10:00:31.740+0000] {spark_submit.py:634} INFO - |                  |            modules            ||   artifacts   |
[2025-07-08T10:00:31.740+0000] {spark_submit.py:634} INFO - |       conf       | number| search|dwnlded|evicted|| number|dwnlded|
[2025-07-08T10:00:31.741+0000] {spark_submit.py:634} INFO - ---------------------------------------------------------------------
[2025-07-08T10:00:31.741+0000] {spark_submit.py:634} INFO - |      default     |   9   |   0   |   0   |   1   ||   8   |   0   |
[2025-07-08T10:00:31.741+0000] {spark_submit.py:634} INFO - ---------------------------------------------------------------------
[2025-07-08T10:00:31.743+0000] {spark_submit.py:634} INFO - :: retrieving :: org.apache.spark#spark-submit-parent-7dc73e3b-8ccd-49b3-b8fe-257f651aad67
[2025-07-08T10:00:31.743+0000] {spark_submit.py:634} INFO - confs: [default]
[2025-07-08T10:00:31.749+0000] {spark_submit.py:634} INFO - 0 artifacts copied, 8 already retrieved (0kB/6ms)
[2025-07-08T10:00:32.052+0000] {spark_submit.py:634} INFO - 25/07/08 10:00:32 WARN NativeCodeLoader: Unable to load native-hadoop library for your platform... using builtin-java classes where applicable
[2025-07-08T10:00:33.626+0000] {spark_submit.py:634} INFO - Using Spark's default log4j profile: org/apache/spark/log4j2-defaults.properties
[2025-07-08T10:00:33.631+0000] {spark_submit.py:634} INFO - 25/07/08 10:00:33 INFO SparkContext: Running Spark version 4.0.0
[2025-07-08T10:00:33.632+0000] {spark_submit.py:634} INFO - 25/07/08 10:00:33 INFO SparkContext: OS info Linux, 6.8.0-60-generic, amd64
[2025-07-08T10:00:33.632+0000] {spark_submit.py:634} INFO - 25/07/08 10:00:33 INFO SparkContext: Java version 17.0.15
[2025-07-08T10:00:33.646+0000] {spark_submit.py:634} INFO - 25/07/08 10:00:33 INFO ResourceUtils: ==============================================================
[2025-07-08T10:00:33.647+0000] {spark_submit.py:634} INFO - 25/07/08 10:00:33 INFO ResourceUtils: No custom resources configured for spark.driver.
[2025-07-08T10:00:33.647+0000] {spark_submit.py:634} INFO - 25/07/08 10:00:33 INFO ResourceUtils: ==============================================================
[2025-07-08T10:00:33.647+0000] {spark_submit.py:634} INFO - 25/07/08 10:00:33 INFO SparkContext: Submitted application: thanhdz
[2025-07-08T10:00:33.662+0000] {spark_submit.py:634} INFO - 25/07/08 10:00:33 INFO ResourceProfile: Default ResourceProfile created, executor resources: Map(cores -> name: cores, amount: 2, script: , vendor: , memory -> name: memory, amount: 1024, script: , vendor: , offHeap -> name: offHeap, amount: 0, script: , vendor: ), task resources: Map(cpus -> name: cpus, amount: 1.0)
[2025-07-08T10:00:33.723+0000] {spark_submit.py:634} INFO - 25/07/08 10:00:33 INFO ResourceProfile: Limiting resource is cpus at 2 tasks per executor
[2025-07-08T10:00:33.724+0000] {spark_submit.py:634} INFO - 25/07/08 10:00:33 INFO ResourceProfileManager: Added ResourceProfile id: 0
[2025-07-08T10:00:33.750+0000] {spark_submit.py:634} INFO - 25/07/08 10:00:33 INFO SecurityManager: Changing view acls to: ***
[2025-07-08T10:00:33.750+0000] {spark_submit.py:634} INFO - 25/07/08 10:00:33 INFO SecurityManager: Changing modify acls to: ***
[2025-07-08T10:00:33.750+0000] {spark_submit.py:634} INFO - 25/07/08 10:00:33 INFO SecurityManager: Changing view acls groups to: ***
[2025-07-08T10:00:33.751+0000] {spark_submit.py:634} INFO - 25/07/08 10:00:33 INFO SecurityManager: Changing modify acls groups to: ***
[2025-07-08T10:00:33.751+0000] {spark_submit.py:634} INFO - 25/07/08 10:00:33 INFO SecurityManager: SecurityManager: authentication disabled; ui acls disabled; users with view permissions: *** groups with view permissions: EMPTY; users with modify permissions: ***; groups with modify permissions: EMPTY; RPC SSL disabled
[2025-07-08T10:00:33.960+0000] {spark_submit.py:634} INFO - 25/07/08 10:00:33 INFO Utils: Successfully started service 'sparkDriver' on port 36929.
[2025-07-08T10:00:33.982+0000] {spark_submit.py:634} INFO - 25/07/08 10:00:33 INFO SparkEnv: Registering MapOutputTracker
[2025-07-08T10:00:34.027+0000] {spark_submit.py:634} INFO - 25/07/08 10:00:34 INFO SparkEnv: Registering BlockManagerMaster
[2025-07-08T10:00:34.034+0000] {spark_submit.py:634} INFO - 25/07/08 10:00:34 INFO BlockManagerMasterEndpoint: Using org.apache.spark.storage.DefaultTopologyMapper for getting topology information
[2025-07-08T10:00:34.035+0000] {spark_submit.py:634} INFO - 25/07/08 10:00:34 INFO BlockManagerMasterEndpoint: BlockManagerMasterEndpoint up
[2025-07-08T10:00:34.037+0000] {spark_submit.py:634} INFO - 25/07/08 10:00:34 INFO SparkEnv: Registering BlockManagerMasterHeartbeat
[2025-07-08T10:00:34.050+0000] {spark_submit.py:634} INFO - 25/07/08 10:00:34 INFO DiskBlockManager: Created local directory at /tmp/blockmgr-f5310f60-80d6-40e7-9d66-f2fad211ef69
[2025-07-08T10:00:34.062+0000] {spark_submit.py:634} INFO - 25/07/08 10:00:34 INFO SparkEnv: Registering OutputCommitCoordinator
[2025-07-08T10:00:34.244+0000] {spark_submit.py:634} INFO - 25/07/08 10:00:34 INFO JettyUtils: Start Jetty 0.0.0.0:4040 for SparkUI
[2025-07-08T10:00:34.346+0000] {spark_submit.py:634} INFO - 25/07/08 10:00:34 INFO Utils: Successfully started service 'SparkUI' on port 4040.
[2025-07-08T10:00:34.366+0000] {spark_submit.py:634} INFO - 25/07/08 10:00:34 ERROR SparkContext: Failed to add /home/ngocthanh/spark-3.5.3/jars/hadoop-aws-3.3.4.jar to Spark environment
[2025-07-08T10:00:34.367+0000] {spark_submit.py:634} INFO - java.io.FileNotFoundException: Jar /home/ngocthanh/spark-3.5.3/jars/hadoop-aws-3.3.4.jar not found
[2025-07-08T10:00:34.367+0000] {spark_submit.py:634} INFO - at org.apache.spark.SparkContext.addLocalJarFile$1(SparkContext.scala:2174)
[2025-07-08T10:00:34.367+0000] {spark_submit.py:634} INFO - at org.apache.spark.SparkContext.addJar(SparkContext.scala:2230)
[2025-07-08T10:00:34.367+0000] {spark_submit.py:634} INFO - at org.apache.spark.SparkContext.$anonfun$new$15(SparkContext.scala:538)
[2025-07-08T10:00:34.367+0000] {spark_submit.py:634} INFO - at org.apache.spark.SparkContext.$anonfun$new$15$adapted(SparkContext.scala:538)
[2025-07-08T10:00:34.367+0000] {spark_submit.py:634} INFO - at scala.collection.IterableOnceOps.foreach(IterableOnce.scala:619)
[2025-07-08T10:00:34.367+0000] {spark_submit.py:634} INFO - at scala.collection.IterableOnceOps.foreach$(IterableOnce.scala:617)
[2025-07-08T10:00:34.367+0000] {spark_submit.py:634} INFO - at scala.collection.AbstractIterable.foreach(Iterable.scala:935)
[2025-07-08T10:00:34.367+0000] {spark_submit.py:634} INFO - at org.apache.spark.SparkContext.<init>(SparkContext.scala:538)
[2025-07-08T10:00:34.367+0000] {spark_submit.py:634} INFO - at org.apache.spark.api.java.JavaSparkContext.<init>(JavaSparkContext.scala:59)
[2025-07-08T10:00:34.367+0000] {spark_submit.py:634} INFO - at java.base/jdk.internal.reflect.NativeConstructorAccessorImpl.newInstance0(Native Method)
[2025-07-08T10:00:34.367+0000] {spark_submit.py:634} INFO - at java.base/jdk.internal.reflect.NativeConstructorAccessorImpl.newInstance(NativeConstructorAccessorImpl.java:77)
[2025-07-08T10:00:34.367+0000] {spark_submit.py:634} INFO - at java.base/jdk.internal.reflect.DelegatingConstructorAccessorImpl.newInstance(DelegatingConstructorAccessorImpl.java:45)
[2025-07-08T10:00:34.367+0000] {spark_submit.py:634} INFO - at java.base/java.lang.reflect.Constructor.newInstanceWithCaller(Constructor.java:500)
[2025-07-08T10:00:34.368+0000] {spark_submit.py:634} INFO - at java.base/java.lang.reflect.Constructor.newInstance(Constructor.java:481)
[2025-07-08T10:00:34.368+0000] {spark_submit.py:634} INFO - at py4j.reflection.MethodInvoker.invoke(MethodInvoker.java:247)
[2025-07-08T10:00:34.368+0000] {spark_submit.py:634} INFO - at py4j.reflection.ReflectionEngine.invoke(ReflectionEngine.java:374)
[2025-07-08T10:00:34.368+0000] {spark_submit.py:634} INFO - at py4j.Gateway.invoke(Gateway.java:238)
[2025-07-08T10:00:34.368+0000] {spark_submit.py:634} INFO - at py4j.commands.ConstructorCommand.invokeConstructor(ConstructorCommand.java:80)
[2025-07-08T10:00:34.368+0000] {spark_submit.py:634} INFO - at py4j.commands.ConstructorCommand.execute(ConstructorCommand.java:69)
[2025-07-08T10:00:34.423+0000] {spark_submit.py:634} INFO - at py4j.ClientServerConnection.waitForCommands(ClientServerConnection.java:184)
[2025-07-08T10:00:34.424+0000] {spark_submit.py:634} INFO - at py4j.ClientServerConnection.run(ClientServerConnection.java:108)
[2025-07-08T10:00:34.424+0000] {spark_submit.py:634} INFO - at java.base/java.lang.Thread.run(Thread.java:840)
[2025-07-08T10:00:34.424+0000] {spark_submit.py:634} INFO - 25/07/08 10:00:34 ERROR SparkContext: Failed to add /home/ngocthanh/spark-3.5.3/jars/aws-java-sdk-bundle-1.12.761.jar to Spark environment
[2025-07-08T10:00:34.424+0000] {spark_submit.py:634} INFO - java.io.FileNotFoundException: Jar /home/ngocthanh/spark-3.5.3/jars/aws-java-sdk-bundle-1.12.761.jar not found
[2025-07-08T10:00:34.424+0000] {spark_submit.py:634} INFO - at org.apache.spark.SparkContext.addLocalJarFile$1(SparkContext.scala:2174)
[2025-07-08T10:00:34.425+0000] {spark_submit.py:634} INFO - at org.apache.spark.SparkContext.addJar(SparkContext.scala:2230)
[2025-07-08T10:00:34.425+0000] {spark_submit.py:634} INFO - at org.apache.spark.SparkContext.$anonfun$new$15(SparkContext.scala:538)
[2025-07-08T10:00:34.425+0000] {spark_submit.py:634} INFO - at org.apache.spark.SparkContext.$anonfun$new$15$adapted(SparkContext.scala:538)
[2025-07-08T10:00:34.425+0000] {spark_submit.py:634} INFO - at scala.collection.IterableOnceOps.foreach(IterableOnce.scala:619)
[2025-07-08T10:00:34.425+0000] {spark_submit.py:634} INFO - at scala.collection.IterableOnceOps.foreach$(IterableOnce.scala:617)
[2025-07-08T10:00:34.425+0000] {spark_submit.py:634} INFO - at scala.collection.AbstractIterable.foreach(Iterable.scala:935)
[2025-07-08T10:00:34.425+0000] {spark_submit.py:634} INFO - at org.apache.spark.SparkContext.<init>(SparkContext.scala:538)
[2025-07-08T10:00:34.425+0000] {spark_submit.py:634} INFO - at org.apache.spark.api.java.JavaSparkContext.<init>(JavaSparkContext.scala:59)
[2025-07-08T10:00:34.425+0000] {spark_submit.py:634} INFO - at java.base/jdk.internal.reflect.NativeConstructorAccessorImpl.newInstance0(Native Method)
[2025-07-08T10:00:34.426+0000] {spark_submit.py:634} INFO - at java.base/jdk.internal.reflect.NativeConstructorAccessorImpl.newInstance(NativeConstructorAccessorImpl.java:77)
[2025-07-08T10:00:34.426+0000] {spark_submit.py:634} INFO - at java.base/jdk.internal.reflect.DelegatingConstructorAccessorImpl.newInstance(DelegatingConstructorAccessorImpl.java:45)
[2025-07-08T10:00:34.426+0000] {spark_submit.py:634} INFO - at java.base/java.lang.reflect.Constructor.newInstanceWithCaller(Constructor.java:500)
[2025-07-08T10:00:34.426+0000] {spark_submit.py:634} INFO - at java.base/java.lang.reflect.Constructor.newInstance(Constructor.java:481)
[2025-07-08T10:00:34.426+0000] {spark_submit.py:634} INFO - at py4j.reflection.MethodInvoker.invoke(MethodInvoker.java:247)
[2025-07-08T10:00:34.426+0000] {spark_submit.py:634} INFO - at py4j.reflection.ReflectionEngine.invoke(ReflectionEngine.java:374)
[2025-07-08T10:00:34.426+0000] {spark_submit.py:634} INFO - at py4j.Gateway.invoke(Gateway.java:238)
[2025-07-08T10:00:34.426+0000] {spark_submit.py:634} INFO - at py4j.commands.ConstructorCommand.invokeConstructor(ConstructorCommand.java:80)
[2025-07-08T10:00:34.426+0000] {spark_submit.py:634} INFO - at py4j.commands.ConstructorCommand.execute(ConstructorCommand.java:69)
[2025-07-08T10:00:34.426+0000] {spark_submit.py:634} INFO - at py4j.ClientServerConnection.waitForCommands(ClientServerConnection.java:184)
[2025-07-08T10:00:34.427+0000] {spark_submit.py:634} INFO - at py4j.ClientServerConnection.run(ClientServerConnection.java:108)
[2025-07-08T10:00:34.427+0000] {spark_submit.py:634} INFO - at java.base/java.lang.Thread.run(Thread.java:840)
[2025-07-08T10:00:34.427+0000] {spark_submit.py:634} INFO - 25/07/08 10:00:34 INFO SparkContext: Added file file:///home/***/.ivy2.5.2/jars/com.clickhouse_clickhouse-jdbc-0.6.4.jar at spark://1a66de7e9daf:36929/files/com.clickhouse_clickhouse-jdbc-0.6.4.jar with timestamp 1751968833580
[2025-07-08T10:00:34.428+0000] {spark_submit.py:634} INFO - 25/07/08 10:00:34 INFO Utils: Copying /home/***/.ivy2.5.2/jars/com.clickhouse_clickhouse-jdbc-0.6.4.jar to /tmp/spark-d9ba904b-8f6b-4423-b632-253d4e6779e2/userFiles-331c9b96-db24-4cfc-b01c-5d3f4970d1a5/com.clickhouse_clickhouse-jdbc-0.6.4.jar
[2025-07-08T10:00:34.438+0000] {spark_submit.py:634} INFO - 25/07/08 10:00:34 INFO SparkContext: Added file file:///home/***/.ivy2.5.2/jars/org.apache.httpcomponents.client5_httpclient5-5.3.1.jar at spark://1a66de7e9daf:36929/files/org.apache.httpcomponents.client5_httpclient5-5.3.1.jar with timestamp 1751968833580
[2025-07-08T10:00:34.439+0000] {spark_submit.py:634} INFO - 25/07/08 10:00:34 INFO Utils: Copying /home/***/.ivy2.5.2/jars/org.apache.httpcomponents.client5_httpclient5-5.3.1.jar to /tmp/spark-d9ba904b-8f6b-4423-b632-253d4e6779e2/userFiles-331c9b96-db24-4cfc-b01c-5d3f4970d1a5/org.apache.httpcomponents.client5_httpclient5-5.3.1.jar
[2025-07-08T10:00:34.445+0000] {spark_submit.py:634} INFO - 25/07/08 10:00:34 INFO SparkContext: Added file file:///home/***/.ivy2.5.2/jars/org.apache.hadoop_hadoop-aws-3.3.5.jar at spark://1a66de7e9daf:36929/files/org.apache.hadoop_hadoop-aws-3.3.5.jar with timestamp 1751968833580
[2025-07-08T10:00:34.445+0000] {spark_submit.py:634} INFO - 25/07/08 10:00:34 INFO Utils: Copying /home/***/.ivy2.5.2/jars/org.apache.hadoop_hadoop-aws-3.3.5.jar to /tmp/spark-d9ba904b-8f6b-4423-b632-253d4e6779e2/userFiles-331c9b96-db24-4cfc-b01c-5d3f4970d1a5/org.apache.hadoop_hadoop-aws-3.3.5.jar
[2025-07-08T10:00:34.451+0000] {spark_submit.py:634} INFO - 25/07/08 10:00:34 INFO SparkContext: Added file file:///home/***/.ivy2.5.2/jars/org.apache.httpcomponents.core5_httpcore5-5.2.4.jar at spark://1a66de7e9daf:36929/files/org.apache.httpcomponents.core5_httpcore5-5.2.4.jar with timestamp 1751968833580
[2025-07-08T10:00:34.451+0000] {spark_submit.py:634} INFO - 25/07/08 10:00:34 INFO Utils: Copying /home/***/.ivy2.5.2/jars/org.apache.httpcomponents.core5_httpcore5-5.2.4.jar to /tmp/spark-d9ba904b-8f6b-4423-b632-253d4e6779e2/userFiles-331c9b96-db24-4cfc-b01c-5d3f4970d1a5/org.apache.httpcomponents.core5_httpcore5-5.2.4.jar
[2025-07-08T10:00:34.456+0000] {spark_submit.py:634} INFO - 25/07/08 10:00:34 INFO SparkContext: Added file file:///home/***/.ivy2.5.2/jars/org.apache.httpcomponents.core5_httpcore5-h2-5.2.4.jar at spark://1a66de7e9daf:36929/files/org.apache.httpcomponents.core5_httpcore5-h2-5.2.4.jar with timestamp 1751968833580
[2025-07-08T10:00:34.456+0000] {spark_submit.py:634} INFO - 25/07/08 10:00:34 INFO Utils: Copying /home/***/.ivy2.5.2/jars/org.apache.httpcomponents.core5_httpcore5-h2-5.2.4.jar to /tmp/spark-d9ba904b-8f6b-4423-b632-253d4e6779e2/userFiles-331c9b96-db24-4cfc-b01c-5d3f4970d1a5/org.apache.httpcomponents.core5_httpcore5-h2-5.2.4.jar
[2025-07-08T10:00:34.461+0000] {spark_submit.py:634} INFO - 25/07/08 10:00:34 INFO SparkContext: Added file file:///home/***/.ivy2.5.2/jars/org.slf4j_slf4j-api-1.7.36.jar at spark://1a66de7e9daf:36929/files/org.slf4j_slf4j-api-1.7.36.jar with timestamp 1751968833580
[2025-07-08T10:00:34.461+0000] {spark_submit.py:634} INFO - 25/07/08 10:00:34 INFO Utils: Copying /home/***/.ivy2.5.2/jars/org.slf4j_slf4j-api-1.7.36.jar to /tmp/spark-d9ba904b-8f6b-4423-b632-253d4e6779e2/userFiles-331c9b96-db24-4cfc-b01c-5d3f4970d1a5/org.slf4j_slf4j-api-1.7.36.jar
[2025-07-08T10:00:34.464+0000] {spark_submit.py:634} INFO - 25/07/08 10:00:34 INFO SparkContext: Added file file:///home/***/.ivy2.5.2/jars/com.amazonaws_aws-java-sdk-bundle-1.12.316.jar at spark://1a66de7e9daf:36929/files/com.amazonaws_aws-java-sdk-bundle-1.12.316.jar with timestamp 1751968833580
[2025-07-08T10:00:34.464+0000] {spark_submit.py:634} INFO - 25/07/08 10:00:34 INFO Utils: Copying /home/***/.ivy2.5.2/jars/com.amazonaws_aws-java-sdk-bundle-1.12.316.jar to /tmp/spark-d9ba904b-8f6b-4423-b632-253d4e6779e2/userFiles-331c9b96-db24-4cfc-b01c-5d3f4970d1a5/com.amazonaws_aws-java-sdk-bundle-1.12.316.jar
[2025-07-08T10:00:34.775+0000] {spark_submit.py:634} INFO - 25/07/08 10:00:34 INFO SparkContext: Added file file:///home/***/.ivy2.5.2/jars/org.wildfly.openssl_wildfly-openssl-1.1.3.Final.jar at spark://1a66de7e9daf:36929/files/org.wildfly.openssl_wildfly-openssl-1.1.3.Final.jar with timestamp 1751968833580
[2025-07-08T10:00:34.776+0000] {spark_submit.py:634} INFO - 25/07/08 10:00:34 INFO Utils: Copying /home/***/.ivy2.5.2/jars/org.wildfly.openssl_wildfly-openssl-1.1.3.Final.jar to /tmp/spark-d9ba904b-8f6b-4423-b632-253d4e6779e2/userFiles-331c9b96-db24-4cfc-b01c-5d3f4970d1a5/org.wildfly.openssl_wildfly-openssl-1.1.3.Final.jar
[2025-07-08T10:00:34.799+0000] {spark_submit.py:634} INFO - 25/07/08 10:00:34 INFO SecurityManager: Changing view acls to: ***
[2025-07-08T10:00:34.799+0000] {spark_submit.py:634} INFO - 25/07/08 10:00:34 INFO SecurityManager: Changing modify acls to: ***
[2025-07-08T10:00:34.799+0000] {spark_submit.py:634} INFO - 25/07/08 10:00:34 INFO SecurityManager: Changing view acls groups to: ***
[2025-07-08T10:00:34.799+0000] {spark_submit.py:634} INFO - 25/07/08 10:00:34 INFO SecurityManager: Changing modify acls groups to: ***
[2025-07-08T10:00:34.799+0000] {spark_submit.py:634} INFO - 25/07/08 10:00:34 INFO SecurityManager: SecurityManager: authentication disabled; ui acls disabled; users with view permissions: *** groups with view permissions: EMPTY; users with modify permissions: ***; groups with modify permissions: EMPTY; RPC SSL disabled
[2025-07-08T10:00:34.955+0000] {spark_submit.py:634} INFO - 25/07/08 10:00:34 INFO StandaloneAppClient$ClientEndpoint: Connecting to master spark://spark-master:7077...
[2025-07-08T10:00:35.033+0000] {spark_submit.py:634} INFO - 25/07/08 10:00:35 INFO TransportClientFactory: Successfully created connection to spark-master/172.20.0.6:7077 after 61 ms (0 ms spent in bootstraps)
[2025-07-08T10:00:35.089+0000] {spark_submit.py:634} INFO - 25/07/08 10:00:35 INFO StandaloneSchedulerBackend: Connected to Spark cluster with app ID app-20250708100035-0000
[2025-07-08T10:00:35.094+0000] {spark_submit.py:634} INFO - 25/07/08 10:00:35 INFO Utils: Successfully started service 'org.apache.spark.network.netty.NettyBlockTransferService' on port 42617.
[2025-07-08T10:00:35.094+0000] {spark_submit.py:634} INFO - 25/07/08 10:00:35 INFO NettyBlockTransferService: Server created on 1a66de7e9daf:42617
[2025-07-08T10:00:35.124+0000] {spark_submit.py:634} INFO - 25/07/08 10:00:35 INFO BlockManager: Using org.apache.spark.storage.RandomBlockReplicationPolicy for block replication policy
[2025-07-08T10:00:35.126+0000] {spark_submit.py:634} INFO - 25/07/08 10:00:35 INFO StandaloneAppClient$ClientEndpoint: Executor added: app-20250708100035-0000/0 on worker-20250708063549-172.20.0.7-46463 (172.20.0.7:46463) with 2 core(s)
[2025-07-08T10:00:35.128+0000] {spark_submit.py:634} INFO - 25/07/08 10:00:35 INFO StandaloneSchedulerBackend: Granted executor ID app-20250708100035-0000/0 on hostPort 172.20.0.7:46463 with 2 core(s), 1024.0 MiB RAM
[2025-07-08T10:00:35.131+0000] {spark_submit.py:634} INFO - 25/07/08 10:00:35 INFO BlockManagerMaster: Registering BlockManager BlockManagerId(driver, 1a66de7e9daf, 42617, None)
[2025-07-08T10:00:35.135+0000] {spark_submit.py:634} INFO - 25/07/08 10:00:35 INFO BlockManagerMasterEndpoint: Registering block manager 1a66de7e9daf:42617 with 413.9 MiB RAM, BlockManagerId(driver, 1a66de7e9daf, 42617, None)
[2025-07-08T10:00:35.137+0000] {spark_submit.py:634} INFO - 25/07/08 10:00:35 INFO BlockManagerMaster: Registered BlockManager BlockManagerId(driver, 1a66de7e9daf, 42617, None)
[2025-07-08T10:00:35.137+0000] {spark_submit.py:634} INFO - 25/07/08 10:00:35 INFO BlockManager: Initialized BlockManager: BlockManagerId(driver, 1a66de7e9daf, 42617, None)
[2025-07-08T10:00:35.230+0000] {spark_submit.py:634} INFO - 25/07/08 10:00:35 INFO StandaloneAppClient$ClientEndpoint: Executor updated: app-20250708100035-0000/0 is now RUNNING
[2025-07-08T10:00:35.335+0000] {spark_submit.py:634} INFO - 25/07/08 10:00:35 INFO StandaloneSchedulerBackend: SchedulerBackend is ready for scheduling beginning after reached minRegisteredResourcesRatio: 0.0
[2025-07-08T10:00:36.532+0000] {spark_submit.py:634} INFO - 25/07/08 10:00:36 INFO StandaloneSchedulerBackend$StandaloneDriverEndpoint: Registered executor NettyRpcEndpointRef(spark-client://Executor) (172.20.0.7:51390) with ID 0, ResourceProfileId 0
[2025-07-08T10:00:36.626+0000] {spark_submit.py:634} INFO - 25/07/08 10:00:36 INFO BlockManagerMasterEndpoint: Registering block manager 172.20.0.7:33667 with 434.4 MiB RAM, BlockManagerId(0, 172.20.0.7, 33667, None)
[2025-07-08T10:00:37.959+0000] {spark_submit.py:634} INFO - Đang đọc dữ liệu từ các đường dẫn MinIO sau: ['s3a://hasaki-datalake/ga4-data/hasakiwork/analytics_253437596/events/2025/7/8/0.parquet', 's3a://hasaki-datalake/ga4-data/hasakiwork/analytics_253437596/events/2025/7/8/1.parquet', 's3a://hasaki-datalake/ga4-data/hasakiwork/analytics_253437596/events/2025/7/8/2.parquet', 's3a://hasaki-datalake/ga4-data/hasakiwork/analytics_253437596/events/2025/7/8/3.parquet', 's3a://hasaki-datalake/ga4-data/hasakiwork/analytics_253437596/events/2025/7/8/4.parquet', 's3a://hasaki-datalake/ga4-data/hasakiwork/analytics_253437596/events/2025/7/8/5.parquet', 's3a://hasaki-datalake/ga4-data/hasakiwork/analytics_253437596/events/2025/7/8/6.parquet', 's3a://hasaki-datalake/ga4-data/hasakiwork/analytics_253437596/events/2025/7/8/7.parquet', 's3a://hasaki-datalake/ga4-data/hasakiwork/analytics_253437596/events/2025/7/8/8.parquet']
[2025-07-08T10:00:38.775+0000] {spark_submit.py:634} INFO - 25/07/08 10:00:38 WARN MetricsConfig: Cannot locate configuration: tried hadoop-metrics2-s3a-file-system.properties,hadoop-metrics2.properties
[2025-07-08T10:00:44.355+0000] {spark_submit.py:634} INFO - Traceback (most recent call last):
[2025-07-08T10:00:44.355+0000] {spark_submit.py:634} INFO - File "/opt/***/spark_project/src/spark/spark_main_minio_automatic.py", line 157, in <module>
[2025-07-08T10:00:44.356+0000] {spark_submit.py:634} INFO - main()
[2025-07-08T10:00:44.356+0000] {spark_submit.py:634} INFO - File "/opt/***/spark_project/src/spark/spark_main_minio_automatic.py", line 88, in main
[2025-07-08T10:00:44.356+0000] {spark_submit.py:634} INFO - col("event_param.value.int_value").cast(StringType()),
[2025-07-08T10:00:44.356+0000] {spark_submit.py:634} INFO - ^^^^^^^^^^
[2025-07-08T10:00:44.356+0000] {spark_submit.py:634} INFO - NameError: name 'StringType' is not defined
[2025-07-08T10:00:44.657+0000] {taskinstance.py:441} INFO - ::group::Post task execution logs
[2025-07-08T10:00:44.665+0000] {taskinstance.py:2890} ERROR - Task failed with exception
Traceback (most recent call last):
  File "/home/airflow/.local/lib/python3.11/site-packages/airflow/models/taskinstance.py", line 465, in _execute_task
    result = _execute_callable(context=context, **execute_callable_kwargs)
             ^^^^^^^^^^^^^^^^^^^^^^^^^^^^^^^^^^^^^^^^^^^^^^^^^^^^^^^^^^^^^
  File "/home/airflow/.local/lib/python3.11/site-packages/airflow/models/taskinstance.py", line 432, in _execute_callable
    return execute_callable(context=context, **execute_callable_kwargs)
           ^^^^^^^^^^^^^^^^^^^^^^^^^^^^^^^^^^^^^^^^^^^^^^^^^^^^^^^^^^^^
  File "/home/airflow/.local/lib/python3.11/site-packages/airflow/models/baseoperator.py", line 400, in wrapper
    return func(self, *args, **kwargs)
           ^^^^^^^^^^^^^^^^^^^^^^^^^^^
  File "/home/airflow/.local/lib/python3.11/site-packages/airflow/providers/apache/spark/operators/spark_submit.py", line 176, in execute
    self._hook.submit(self.application)
  File "/home/airflow/.local/lib/python3.11/site-packages/airflow/providers/apache/spark/hooks/spark_submit.py", line 560, in submit
    raise AirflowException(
airflow.exceptions.AirflowException: Cannot execute: spark-submit --master spark://spark-master:7077:7077 --packages com.clickhouse:clickhouse-jdbc:0.6.4,org.apache.httpcomponents.client5:httpclient5:5.3.1,org.apache.hadoop:hadoop-aws:3.3.5,com.amazonaws:aws-java-sdk-bundle:1.11.1026 --name arrow-spark --deploy-mode client /opt/***/spark_project/src/spark/spark_main_minio_automatic.py ["ga4-data/hasakiwork/analytics_253437596/events/2025/7/8/0.parquet", "ga4-data/hasakiwork/analytics_253437596/events/2025/7/8/1.parquet", "ga4-data/hasakiwork/analytics_253437596/events/2025/7/8/2.parquet", "ga4-data/hasakiwork/analytics_253437596/events/2025/7/8/3.parquet", "ga4-data/hasakiwork/analytics_253437596/events/2025/7/8/4.parquet", "ga4-data/hasakiwork/analytics_253437596/events/2025/7/8/5.parquet", "ga4-data/hasakiwork/analytics_253437596/events/2025/7/8/6.parquet", "ga4-data/hasakiwork/analytics_253437596/events/2025/7/8/7.parquet", "ga4-data/hasakiwork/analytics_253437596/events/2025/7/8/8.parquet"]. Error code is: 1.
[2025-07-08T10:00:44.669+0000] {taskinstance.py:1205} INFO - Marking task as UP_FOR_RETRY. dag_id=minio_ga4_new_file_detector, task_id=spark_write_data, execution_date=20250708T093919, start_date=20250708T100029, end_date=20250708T100044
[2025-07-08T10:00:44.674+0000] {standard_task_runner.py:110} ERROR - Failed to execute job 185 for task spark_write_data (Cannot execute: spark-submit --master spark://spark-master:7077:7077 --packages com.clickhouse:clickhouse-jdbc:0.6.4,org.apache.httpcomponents.client5:httpclient5:5.3.1,org.apache.hadoop:hadoop-aws:3.3.5,com.amazonaws:aws-java-sdk-bundle:1.11.1026 --name arrow-spark --deploy-mode client /opt/***/spark_project/src/spark/spark_main_minio_automatic.py ["ga4-data/hasakiwork/analytics_253437596/events/2025/7/8/0.parquet", "ga4-data/hasakiwork/analytics_253437596/events/2025/7/8/1.parquet", "ga4-data/hasakiwork/analytics_253437596/events/2025/7/8/2.parquet", "ga4-data/hasakiwork/analytics_253437596/events/2025/7/8/3.parquet", "ga4-data/hasakiwork/analytics_253437596/events/2025/7/8/4.parquet", "ga4-data/hasakiwork/analytics_253437596/events/2025/7/8/5.parquet", "ga4-data/hasakiwork/analytics_253437596/events/2025/7/8/6.parquet", "ga4-data/hasakiwork/analytics_253437596/events/2025/7/8/7.parquet", "ga4-data/hasakiwork/analytics_253437596/events/2025/7/8/8.parquet"]. Error code is: 1.; 9379)
[2025-07-08T10:00:44.682+0000] {local_task_job_runner.py:240} INFO - Task exited with return code 1
[2025-07-08T10:00:44.697+0000] {taskinstance.py:3482} INFO - 0 downstream tasks scheduled from follow-on schedule check
[2025-07-08T10:00:44.697+0000] {local_task_job_runner.py:222} INFO - ::endgroup::
