[2025-07-08T10:02:14.189+0000] {local_task_job_runner.py:120} INFO - ::group::Pre task execution logs
[2025-07-08T10:02:14.208+0000] {taskinstance.py:2073} INFO - Dependencies all met for dep_context=non-requeueable deps ti=<TaskInstance: minio_ga4_new_file_detector.spark_write_data manual__2025-07-08T09:39:19.707078+00:00 [queued]>
[2025-07-08T10:02:14.213+0000] {taskinstance.py:2073} INFO - Dependencies all met for dep_context=requeueable deps ti=<TaskInstance: minio_ga4_new_file_detector.spark_write_data manual__2025-07-08T09:39:19.707078+00:00 [queued]>
[2025-07-08T10:02:14.213+0000] {taskinstance.py:2303} INFO - Starting attempt 3 of 4
[2025-07-08T10:02:14.218+0000] {taskinstance.py:2327} INFO - Executing <Task(SparkSubmitOperator): spark_write_data> on 2025-07-08 09:39:19.707078+00:00
[2025-07-08T10:02:14.222+0000] {standard_task_runner.py:63} INFO - Started process 9635 to run task
[2025-07-08T10:02:14.225+0000] {standard_task_runner.py:90} INFO - Running: ['***', 'tasks', 'run', 'minio_ga4_new_file_detector', 'spark_write_data', 'manual__2025-07-08T09:39:19.707078+00:00', '--job-id', '189', '--raw', '--subdir', 'DAGS_FOLDER/dag_automatic.py', '--cfg-path', '/tmp/tmpnky8aptb']
[2025-07-08T10:02:14.227+0000] {standard_task_runner.py:91} INFO - Job 189: Subtask spark_write_data
[2025-07-08T10:02:14.235+0000] {logging_mixin.py:188} WARNING - /home/***/.local/lib/python3.11/site-packages/***/settings.py:195 DeprecationWarning: The sql_alchemy_conn option in [core] has been moved to the sql_alchemy_conn option in [database] - the old setting has been used, but please update your config.
[2025-07-08T10:02:14.253+0000] {task_command.py:426} INFO - Running <TaskInstance: minio_ga4_new_file_detector.spark_write_data manual__2025-07-08T09:39:19.707078+00:00 [running]> on host 1a66de7e9daf
[2025-07-08T10:02:14.317+0000] {taskinstance.py:2644} INFO - Exporting env vars: AIRFLOW_CTX_DAG_OWNER='***' AIRFLOW_CTX_DAG_ID='minio_ga4_new_file_detector' AIRFLOW_CTX_TASK_ID='spark_write_data' AIRFLOW_CTX_EXECUTION_DATE='2025-07-08T09:39:19.707078+00:00' AIRFLOW_CTX_TRY_NUMBER='3' AIRFLOW_CTX_DAG_RUN_ID='manual__2025-07-08T09:39:19.707078+00:00'
[2025-07-08T10:02:14.317+0000] {taskinstance.py:430} INFO - ::endgroup::
[2025-07-08T10:02:14.328+0000] {base.py:84} INFO - Using connection ID 'spark-master' for task execution.
[2025-07-08T10:02:14.330+0000] {spark_submit.py:473} INFO - Spark-Submit cmd: spark-submit --master spark://spark-master:7077:7077 --packages com.clickhouse:clickhouse-jdbc:0.6.4,org.apache.httpcomponents.client5:httpclient5:5.3.1,org.apache.hadoop:hadoop-aws:3.3.5,com.amazonaws:aws-java-sdk-bundle:1.11.1026 --name arrow-spark --deploy-mode client /opt/***/spark_project/src/spark/spark_main_minio_automatic.py ["ga4-data/hasakiwork/analytics_253437596/events/2025/7/8/0.parquet", "ga4-data/hasakiwork/analytics_253437596/events/2025/7/8/1.parquet", "ga4-data/hasakiwork/analytics_253437596/events/2025/7/8/2.parquet", "ga4-data/hasakiwork/analytics_253437596/events/2025/7/8/3.parquet", "ga4-data/hasakiwork/analytics_253437596/events/2025/7/8/4.parquet", "ga4-data/hasakiwork/analytics_253437596/events/2025/7/8/5.parquet", "ga4-data/hasakiwork/analytics_253437596/events/2025/7/8/6.parquet", "ga4-data/hasakiwork/analytics_253437596/events/2025/7/8/7.parquet", "ga4-data/hasakiwork/analytics_253437596/events/2025/7/8/8.parquet"]
[2025-07-08T10:02:14.542+0000] {spark_submit.py:634} INFO - WARNING: Using incubator modules: jdk.incubator.vector
[2025-07-08T10:02:15.927+0000] {spark_submit.py:634} INFO - :: loading settings :: url = jar:file:/home/***/.local/lib/python3.11/site-packages/pyspark/jars/ivy-2.5.3.jar!/org/apache/ivy/core/settings/ivysettings.xml
[2025-07-08T10:02:15.960+0000] {spark_submit.py:634} INFO - Ivy Default Cache set to: /home/***/.ivy2.5.2/cache
[2025-07-08T10:02:15.961+0000] {spark_submit.py:634} INFO - The jars for the packages stored in: /home/***/.ivy2.5.2/jars
[2025-07-08T10:02:15.963+0000] {spark_submit.py:634} INFO - com.clickhouse#clickhouse-jdbc added as a dependency
[2025-07-08T10:02:15.963+0000] {spark_submit.py:634} INFO - org.apache.httpcomponents.client5#httpclient5 added as a dependency
[2025-07-08T10:02:15.963+0000] {spark_submit.py:634} INFO - org.apache.hadoop#hadoop-aws added as a dependency
[2025-07-08T10:02:15.963+0000] {spark_submit.py:634} INFO - com.amazonaws#aws-java-sdk-bundle added as a dependency
[2025-07-08T10:02:15.963+0000] {spark_submit.py:634} INFO - :: resolving dependencies :: org.apache.spark#spark-submit-parent-8eaee199-00b9-4ff4-845c-c1189648f73c;1.0
[2025-07-08T10:02:15.963+0000] {spark_submit.py:634} INFO - confs: [default]
[2025-07-08T10:02:16.072+0000] {spark_submit.py:634} INFO - found com.clickhouse#clickhouse-jdbc;0.6.4 in central
[2025-07-08T10:02:16.139+0000] {spark_submit.py:634} INFO - found org.apache.httpcomponents.client5#httpclient5;5.3.1 in central
[2025-07-08T10:02:16.152+0000] {spark_submit.py:634} INFO - found org.apache.httpcomponents.core5#httpcore5;5.2.4 in central
[2025-07-08T10:02:16.233+0000] {spark_submit.py:634} INFO - found org.apache.httpcomponents.core5#httpcore5-h2;5.2.4 in central
[2025-07-08T10:02:16.244+0000] {spark_submit.py:634} INFO - found org.slf4j#slf4j-api;1.7.36 in central
[2025-07-08T10:02:16.331+0000] {spark_submit.py:634} INFO - found org.apache.hadoop#hadoop-aws;3.3.5 in central
[2025-07-08T10:02:16.339+0000] {spark_submit.py:634} INFO - found com.amazonaws#aws-java-sdk-bundle;1.12.316 in central
[2025-07-08T10:02:16.346+0000] {spark_submit.py:634} INFO - found org.wildfly.openssl#wildfly-openssl;1.1.3.Final in central
[2025-07-08T10:02:16.432+0000] {spark_submit.py:634} INFO - :: resolution report :: resolve 390ms :: artifacts dl 78ms
[2025-07-08T10:02:16.432+0000] {spark_submit.py:634} INFO - :: modules in use:
[2025-07-08T10:02:16.432+0000] {spark_submit.py:634} INFO - com.amazonaws#aws-java-sdk-bundle;1.12.316 from central in [default]
[2025-07-08T10:02:16.432+0000] {spark_submit.py:634} INFO - com.clickhouse#clickhouse-jdbc;0.6.4 from central in [default]
[2025-07-08T10:02:16.432+0000] {spark_submit.py:634} INFO - org.apache.hadoop#hadoop-aws;3.3.5 from central in [default]
[2025-07-08T10:02:16.432+0000] {spark_submit.py:634} INFO - org.apache.httpcomponents.client5#httpclient5;5.3.1 from central in [default]
[2025-07-08T10:02:16.432+0000] {spark_submit.py:634} INFO - org.apache.httpcomponents.core5#httpcore5;5.2.4 from central in [default]
[2025-07-08T10:02:16.432+0000] {spark_submit.py:634} INFO - org.apache.httpcomponents.core5#httpcore5-h2;5.2.4 from central in [default]
[2025-07-08T10:02:16.432+0000] {spark_submit.py:634} INFO - org.slf4j#slf4j-api;1.7.36 from central in [default]
[2025-07-08T10:02:16.432+0000] {spark_submit.py:634} INFO - org.wildfly.openssl#wildfly-openssl;1.1.3.Final from central in [default]
[2025-07-08T10:02:16.433+0000] {spark_submit.py:634} INFO - :: evicted modules:
[2025-07-08T10:02:16.433+0000] {spark_submit.py:634} INFO - com.amazonaws#aws-java-sdk-bundle;1.11.1026 by [com.amazonaws#aws-java-sdk-bundle;1.12.316] in [default]
[2025-07-08T10:02:16.433+0000] {spark_submit.py:634} INFO - ---------------------------------------------------------------------
[2025-07-08T10:02:16.433+0000] {spark_submit.py:634} INFO - |                  |            modules            ||   artifacts   |
[2025-07-08T10:02:16.433+0000] {spark_submit.py:634} INFO - |       conf       | number| search|dwnlded|evicted|| number|dwnlded|
[2025-07-08T10:02:16.433+0000] {spark_submit.py:634} INFO - ---------------------------------------------------------------------
[2025-07-08T10:02:16.433+0000] {spark_submit.py:634} INFO - |      default     |   9   |   0   |   0   |   1   ||   8   |   0   |
[2025-07-08T10:02:16.433+0000] {spark_submit.py:634} INFO - ---------------------------------------------------------------------
[2025-07-08T10:02:16.435+0000] {spark_submit.py:634} INFO - :: retrieving :: org.apache.spark#spark-submit-parent-8eaee199-00b9-4ff4-845c-c1189648f73c
[2025-07-08T10:02:16.435+0000] {spark_submit.py:634} INFO - confs: [default]
[2025-07-08T10:02:16.439+0000] {spark_submit.py:634} INFO - 0 artifacts copied, 8 already retrieved (0kB/4ms)
[2025-07-08T10:02:16.729+0000] {spark_submit.py:634} INFO - 25/07/08 10:02:16 WARN NativeCodeLoader: Unable to load native-hadoop library for your platform... using builtin-java classes where applicable
[2025-07-08T10:02:19.054+0000] {spark_submit.py:634} INFO - Using Spark's default log4j profile: org/apache/spark/log4j2-defaults.properties
[2025-07-08T10:02:19.128+0000] {spark_submit.py:634} INFO - 25/07/08 10:02:19 INFO SparkContext: Running Spark version 4.0.0
[2025-07-08T10:02:19.129+0000] {spark_submit.py:634} INFO - 25/07/08 10:02:19 INFO SparkContext: OS info Linux, 6.8.0-60-generic, amd64
[2025-07-08T10:02:19.130+0000] {spark_submit.py:634} INFO - 25/07/08 10:02:19 INFO SparkContext: Java version 17.0.15
[2025-07-08T10:02:19.144+0000] {spark_submit.py:634} INFO - 25/07/08 10:02:19 INFO ResourceUtils: ==============================================================
[2025-07-08T10:02:19.144+0000] {spark_submit.py:634} INFO - 25/07/08 10:02:19 INFO ResourceUtils: No custom resources configured for spark.driver.
[2025-07-08T10:02:19.144+0000] {spark_submit.py:634} INFO - 25/07/08 10:02:19 INFO ResourceUtils: ==============================================================
[2025-07-08T10:02:19.145+0000] {spark_submit.py:634} INFO - 25/07/08 10:02:19 INFO SparkContext: Submitted application: thanhdz
[2025-07-08T10:02:19.233+0000] {spark_submit.py:634} INFO - 25/07/08 10:02:19 INFO ResourceProfile: Default ResourceProfile created, executor resources: Map(cores -> name: cores, amount: 2, script: , vendor: , memory -> name: memory, amount: 1024, script: , vendor: , offHeap -> name: offHeap, amount: 0, script: , vendor: ), task resources: Map(cpus -> name: cpus, amount: 1.0)
[2025-07-08T10:02:19.236+0000] {spark_submit.py:634} INFO - 25/07/08 10:02:19 INFO ResourceProfile: Limiting resource is cpus at 2 tasks per executor
[2025-07-08T10:02:19.237+0000] {spark_submit.py:634} INFO - 25/07/08 10:02:19 INFO ResourceProfileManager: Added ResourceProfile id: 0
[2025-07-08T10:02:19.342+0000] {spark_submit.py:634} INFO - 25/07/08 10:02:19 INFO SecurityManager: Changing view acls to: ***
[2025-07-08T10:02:19.342+0000] {spark_submit.py:634} INFO - 25/07/08 10:02:19 INFO SecurityManager: Changing modify acls to: ***
[2025-07-08T10:02:19.343+0000] {spark_submit.py:634} INFO - 25/07/08 10:02:19 INFO SecurityManager: Changing view acls groups to: ***
[2025-07-08T10:02:19.343+0000] {spark_submit.py:634} INFO - 25/07/08 10:02:19 INFO SecurityManager: Changing modify acls groups to: ***
[2025-07-08T10:02:19.344+0000] {spark_submit.py:634} INFO - 25/07/08 10:02:19 INFO SecurityManager: SecurityManager: authentication disabled; ui acls disabled; users with view permissions: *** groups with view permissions: EMPTY; users with modify permissions: ***; groups with modify permissions: EMPTY; RPC SSL disabled
[2025-07-08T10:02:19.748+0000] {spark_submit.py:634} INFO - 25/07/08 10:02:19 INFO Utils: Successfully started service 'sparkDriver' on port 34875.
[2025-07-08T10:02:19.842+0000] {spark_submit.py:634} INFO - 25/07/08 10:02:19 INFO SparkEnv: Registering MapOutputTracker
[2025-07-08T10:02:19.849+0000] {spark_submit.py:634} INFO - 25/07/08 10:02:19 INFO SparkEnv: Registering BlockManagerMaster
[2025-07-08T10:02:19.859+0000] {spark_submit.py:634} INFO - 25/07/08 10:02:19 INFO BlockManagerMasterEndpoint: Using org.apache.spark.storage.DefaultTopologyMapper for getting topology information
[2025-07-08T10:02:19.859+0000] {spark_submit.py:634} INFO - 25/07/08 10:02:19 INFO BlockManagerMasterEndpoint: BlockManagerMasterEndpoint up
[2025-07-08T10:02:19.925+0000] {spark_submit.py:634} INFO - 25/07/08 10:02:19 INFO SparkEnv: Registering BlockManagerMasterHeartbeat
[2025-07-08T10:02:19.940+0000] {spark_submit.py:634} INFO - 25/07/08 10:02:19 INFO DiskBlockManager: Created local directory at /tmp/blockmgr-906eaaac-100e-45b4-a477-54859607965f
[2025-07-08T10:02:20.024+0000] {spark_submit.py:634} INFO - 25/07/08 10:02:20 INFO SparkEnv: Registering OutputCommitCoordinator
[2025-07-08T10:02:20.242+0000] {spark_submit.py:634} INFO - 25/07/08 10:02:20 INFO JettyUtils: Start Jetty 0.0.0.0:4040 for SparkUI
[2025-07-08T10:02:20.433+0000] {spark_submit.py:634} INFO - 25/07/08 10:02:20 INFO Utils: Successfully started service 'SparkUI' on port 4040.
[2025-07-08T10:02:20.456+0000] {spark_submit.py:634} INFO - 25/07/08 10:02:20 ERROR SparkContext: Failed to add /home/ngocthanh/spark-3.5.3/jars/hadoop-aws-3.3.4.jar to Spark environment
[2025-07-08T10:02:20.524+0000] {spark_submit.py:634} INFO - java.io.FileNotFoundException: Jar /home/ngocthanh/spark-3.5.3/jars/hadoop-aws-3.3.4.jar not found
[2025-07-08T10:02:20.524+0000] {spark_submit.py:634} INFO - at org.apache.spark.SparkContext.addLocalJarFile$1(SparkContext.scala:2174)
[2025-07-08T10:02:20.524+0000] {spark_submit.py:634} INFO - at org.apache.spark.SparkContext.addJar(SparkContext.scala:2230)
[2025-07-08T10:02:20.524+0000] {spark_submit.py:634} INFO - at org.apache.spark.SparkContext.$anonfun$new$15(SparkContext.scala:538)
[2025-07-08T10:02:20.524+0000] {spark_submit.py:634} INFO - at org.apache.spark.SparkContext.$anonfun$new$15$adapted(SparkContext.scala:538)
[2025-07-08T10:02:20.524+0000] {spark_submit.py:634} INFO - at scala.collection.IterableOnceOps.foreach(IterableOnce.scala:619)
[2025-07-08T10:02:20.525+0000] {spark_submit.py:634} INFO - at scala.collection.IterableOnceOps.foreach$(IterableOnce.scala:617)
[2025-07-08T10:02:20.525+0000] {spark_submit.py:634} INFO - at scala.collection.AbstractIterable.foreach(Iterable.scala:935)
[2025-07-08T10:02:20.525+0000] {spark_submit.py:634} INFO - at org.apache.spark.SparkContext.<init>(SparkContext.scala:538)
[2025-07-08T10:02:20.525+0000] {spark_submit.py:634} INFO - at org.apache.spark.api.java.JavaSparkContext.<init>(JavaSparkContext.scala:59)
[2025-07-08T10:02:20.525+0000] {spark_submit.py:634} INFO - at java.base/jdk.internal.reflect.NativeConstructorAccessorImpl.newInstance0(Native Method)
[2025-07-08T10:02:20.525+0000] {spark_submit.py:634} INFO - at java.base/jdk.internal.reflect.NativeConstructorAccessorImpl.newInstance(NativeConstructorAccessorImpl.java:77)
[2025-07-08T10:02:20.525+0000] {spark_submit.py:634} INFO - at java.base/jdk.internal.reflect.DelegatingConstructorAccessorImpl.newInstance(DelegatingConstructorAccessorImpl.java:45)
[2025-07-08T10:02:20.525+0000] {spark_submit.py:634} INFO - at java.base/java.lang.reflect.Constructor.newInstanceWithCaller(Constructor.java:500)
[2025-07-08T10:02:20.525+0000] {spark_submit.py:634} INFO - at java.base/java.lang.reflect.Constructor.newInstance(Constructor.java:481)
[2025-07-08T10:02:20.525+0000] {spark_submit.py:634} INFO - at py4j.reflection.MethodInvoker.invoke(MethodInvoker.java:247)
[2025-07-08T10:02:20.525+0000] {spark_submit.py:634} INFO - at py4j.reflection.ReflectionEngine.invoke(ReflectionEngine.java:374)
[2025-07-08T10:02:20.525+0000] {spark_submit.py:634} INFO - at py4j.Gateway.invoke(Gateway.java:238)
[2025-07-08T10:02:20.525+0000] {spark_submit.py:634} INFO - at py4j.commands.ConstructorCommand.invokeConstructor(ConstructorCommand.java:80)
[2025-07-08T10:02:20.525+0000] {spark_submit.py:634} INFO - at py4j.commands.ConstructorCommand.execute(ConstructorCommand.java:69)
[2025-07-08T10:02:20.525+0000] {spark_submit.py:634} INFO - at py4j.ClientServerConnection.waitForCommands(ClientServerConnection.java:184)
[2025-07-08T10:02:20.526+0000] {spark_submit.py:634} INFO - at py4j.ClientServerConnection.run(ClientServerConnection.java:108)
[2025-07-08T10:02:20.526+0000] {spark_submit.py:634} INFO - at java.base/java.lang.Thread.run(Thread.java:840)
[2025-07-08T10:02:20.526+0000] {spark_submit.py:634} INFO - 25/07/08 10:02:20 ERROR SparkContext: Failed to add /home/ngocthanh/spark-3.5.3/jars/aws-java-sdk-bundle-1.12.761.jar to Spark environment
[2025-07-08T10:02:20.526+0000] {spark_submit.py:634} INFO - java.io.FileNotFoundException: Jar /home/ngocthanh/spark-3.5.3/jars/aws-java-sdk-bundle-1.12.761.jar not found
[2025-07-08T10:02:20.526+0000] {spark_submit.py:634} INFO - at org.apache.spark.SparkContext.addLocalJarFile$1(SparkContext.scala:2174)
[2025-07-08T10:02:20.526+0000] {spark_submit.py:634} INFO - at org.apache.spark.SparkContext.addJar(SparkContext.scala:2230)
[2025-07-08T10:02:20.526+0000] {spark_submit.py:634} INFO - at org.apache.spark.SparkContext.$anonfun$new$15(SparkContext.scala:538)
[2025-07-08T10:02:20.526+0000] {spark_submit.py:634} INFO - at org.apache.spark.SparkContext.$anonfun$new$15$adapted(SparkContext.scala:538)
[2025-07-08T10:02:20.526+0000] {spark_submit.py:634} INFO - at scala.collection.IterableOnceOps.foreach(IterableOnce.scala:619)
[2025-07-08T10:02:20.526+0000] {spark_submit.py:634} INFO - at scala.collection.IterableOnceOps.foreach$(IterableOnce.scala:617)
[2025-07-08T10:02:20.526+0000] {spark_submit.py:634} INFO - at scala.collection.AbstractIterable.foreach(Iterable.scala:935)
[2025-07-08T10:02:20.526+0000] {spark_submit.py:634} INFO - at org.apache.spark.SparkContext.<init>(SparkContext.scala:538)
[2025-07-08T10:02:20.526+0000] {spark_submit.py:634} INFO - at org.apache.spark.api.java.JavaSparkContext.<init>(JavaSparkContext.scala:59)
[2025-07-08T10:02:20.526+0000] {spark_submit.py:634} INFO - at java.base/jdk.internal.reflect.NativeConstructorAccessorImpl.newInstance0(Native Method)
[2025-07-08T10:02:20.526+0000] {spark_submit.py:634} INFO - at java.base/jdk.internal.reflect.NativeConstructorAccessorImpl.newInstance(NativeConstructorAccessorImpl.java:77)
[2025-07-08T10:02:20.526+0000] {spark_submit.py:634} INFO - at java.base/jdk.internal.reflect.DelegatingConstructorAccessorImpl.newInstance(DelegatingConstructorAccessorImpl.java:45)
[2025-07-08T10:02:20.526+0000] {spark_submit.py:634} INFO - at java.base/java.lang.reflect.Constructor.newInstanceWithCaller(Constructor.java:500)
[2025-07-08T10:02:20.526+0000] {spark_submit.py:634} INFO - at java.base/java.lang.reflect.Constructor.newInstance(Constructor.java:481)
[2025-07-08T10:02:20.526+0000] {spark_submit.py:634} INFO - at py4j.reflection.MethodInvoker.invoke(MethodInvoker.java:247)
[2025-07-08T10:02:20.526+0000] {spark_submit.py:634} INFO - at py4j.reflection.ReflectionEngine.invoke(ReflectionEngine.java:374)
[2025-07-08T10:02:20.526+0000] {spark_submit.py:634} INFO - at py4j.Gateway.invoke(Gateway.java:238)
[2025-07-08T10:02:20.527+0000] {spark_submit.py:634} INFO - at py4j.commands.ConstructorCommand.invokeConstructor(ConstructorCommand.java:80)
[2025-07-08T10:02:20.527+0000] {spark_submit.py:634} INFO - at py4j.commands.ConstructorCommand.execute(ConstructorCommand.java:69)
[2025-07-08T10:02:20.527+0000] {spark_submit.py:634} INFO - at py4j.ClientServerConnection.waitForCommands(ClientServerConnection.java:184)
[2025-07-08T10:02:20.527+0000] {spark_submit.py:634} INFO - at py4j.ClientServerConnection.run(ClientServerConnection.java:108)
[2025-07-08T10:02:20.527+0000] {spark_submit.py:634} INFO - at java.base/java.lang.Thread.run(Thread.java:840)
[2025-07-08T10:02:20.527+0000] {spark_submit.py:634} INFO - 25/07/08 10:02:20 INFO SparkContext: Added file file:///home/***/.ivy2.5.2/jars/com.clickhouse_clickhouse-jdbc-0.6.4.jar at spark://1a66de7e9daf:34875/files/com.clickhouse_clickhouse-jdbc-0.6.4.jar with timestamp 1751968939049
[2025-07-08T10:02:20.528+0000] {spark_submit.py:634} INFO - 25/07/08 10:02:20 INFO Utils: Copying /home/***/.ivy2.5.2/jars/com.clickhouse_clickhouse-jdbc-0.6.4.jar to /tmp/spark-3f3d569b-399d-41bb-b970-196194f767c4/userFiles-233e18c3-3b3b-458b-bd70-5f644921f3a5/com.clickhouse_clickhouse-jdbc-0.6.4.jar
[2025-07-08T10:02:20.537+0000] {spark_submit.py:634} INFO - 25/07/08 10:02:20 INFO SparkContext: Added file file:///home/***/.ivy2.5.2/jars/org.apache.httpcomponents.client5_httpclient5-5.3.1.jar at spark://1a66de7e9daf:34875/files/org.apache.httpcomponents.client5_httpclient5-5.3.1.jar with timestamp 1751968939049
[2025-07-08T10:02:20.537+0000] {spark_submit.py:634} INFO - 25/07/08 10:02:20 INFO Utils: Copying /home/***/.ivy2.5.2/jars/org.apache.httpcomponents.client5_httpclient5-5.3.1.jar to /tmp/spark-3f3d569b-399d-41bb-b970-196194f767c4/userFiles-233e18c3-3b3b-458b-bd70-5f644921f3a5/org.apache.httpcomponents.client5_httpclient5-5.3.1.jar
[2025-07-08T10:02:20.541+0000] {spark_submit.py:634} INFO - 25/07/08 10:02:20 INFO SparkContext: Added file file:///home/***/.ivy2.5.2/jars/org.apache.hadoop_hadoop-aws-3.3.5.jar at spark://1a66de7e9daf:34875/files/org.apache.hadoop_hadoop-aws-3.3.5.jar with timestamp 1751968939049
[2025-07-08T10:02:20.541+0000] {spark_submit.py:634} INFO - 25/07/08 10:02:20 INFO Utils: Copying /home/***/.ivy2.5.2/jars/org.apache.hadoop_hadoop-aws-3.3.5.jar to /tmp/spark-3f3d569b-399d-41bb-b970-196194f767c4/userFiles-233e18c3-3b3b-458b-bd70-5f644921f3a5/org.apache.hadoop_hadoop-aws-3.3.5.jar
[2025-07-08T10:02:20.547+0000] {spark_submit.py:634} INFO - 25/07/08 10:02:20 INFO SparkContext: Added file file:///home/***/.ivy2.5.2/jars/org.apache.httpcomponents.core5_httpcore5-5.2.4.jar at spark://1a66de7e9daf:34875/files/org.apache.httpcomponents.core5_httpcore5-5.2.4.jar with timestamp 1751968939049
[2025-07-08T10:02:20.547+0000] {spark_submit.py:634} INFO - 25/07/08 10:02:20 INFO Utils: Copying /home/***/.ivy2.5.2/jars/org.apache.httpcomponents.core5_httpcore5-5.2.4.jar to /tmp/spark-3f3d569b-399d-41bb-b970-196194f767c4/userFiles-233e18c3-3b3b-458b-bd70-5f644921f3a5/org.apache.httpcomponents.core5_httpcore5-5.2.4.jar
[2025-07-08T10:02:20.552+0000] {spark_submit.py:634} INFO - 25/07/08 10:02:20 INFO SparkContext: Added file file:///home/***/.ivy2.5.2/jars/org.apache.httpcomponents.core5_httpcore5-h2-5.2.4.jar at spark://1a66de7e9daf:34875/files/org.apache.httpcomponents.core5_httpcore5-h2-5.2.4.jar with timestamp 1751968939049
[2025-07-08T10:02:20.553+0000] {spark_submit.py:634} INFO - 25/07/08 10:02:20 INFO Utils: Copying /home/***/.ivy2.5.2/jars/org.apache.httpcomponents.core5_httpcore5-h2-5.2.4.jar to /tmp/spark-3f3d569b-399d-41bb-b970-196194f767c4/userFiles-233e18c3-3b3b-458b-bd70-5f644921f3a5/org.apache.httpcomponents.core5_httpcore5-h2-5.2.4.jar
[2025-07-08T10:02:20.632+0000] {spark_submit.py:634} INFO - 25/07/08 10:02:20 INFO SparkContext: Added file file:///home/***/.ivy2.5.2/jars/org.slf4j_slf4j-api-1.7.36.jar at spark://1a66de7e9daf:34875/files/org.slf4j_slf4j-api-1.7.36.jar with timestamp 1751968939049
[2025-07-08T10:02:20.632+0000] {spark_submit.py:634} INFO - 25/07/08 10:02:20 INFO Utils: Copying /home/***/.ivy2.5.2/jars/org.slf4j_slf4j-api-1.7.36.jar to /tmp/spark-3f3d569b-399d-41bb-b970-196194f767c4/userFiles-233e18c3-3b3b-458b-bd70-5f644921f3a5/org.slf4j_slf4j-api-1.7.36.jar
[2025-07-08T10:02:20.638+0000] {spark_submit.py:634} INFO - 25/07/08 10:02:20 INFO SparkContext: Added file file:///home/***/.ivy2.5.2/jars/com.amazonaws_aws-java-sdk-bundle-1.12.316.jar at spark://1a66de7e9daf:34875/files/com.amazonaws_aws-java-sdk-bundle-1.12.316.jar with timestamp 1751968939049
[2025-07-08T10:02:20.638+0000] {spark_submit.py:634} INFO - 25/07/08 10:02:20 INFO Utils: Copying /home/***/.ivy2.5.2/jars/com.amazonaws_aws-java-sdk-bundle-1.12.316.jar to /tmp/spark-3f3d569b-399d-41bb-b970-196194f767c4/userFiles-233e18c3-3b3b-458b-bd70-5f644921f3a5/com.amazonaws_aws-java-sdk-bundle-1.12.316.jar
[2025-07-08T10:02:20.862+0000] {spark_submit.py:634} INFO - 25/07/08 10:02:20 INFO SparkContext: Added file file:///home/***/.ivy2.5.2/jars/org.wildfly.openssl_wildfly-openssl-1.1.3.Final.jar at spark://1a66de7e9daf:34875/files/org.wildfly.openssl_wildfly-openssl-1.1.3.Final.jar with timestamp 1751968939049
[2025-07-08T10:02:20.862+0000] {spark_submit.py:634} INFO - 25/07/08 10:02:20 INFO Utils: Copying /home/***/.ivy2.5.2/jars/org.wildfly.openssl_wildfly-openssl-1.1.3.Final.jar to /tmp/spark-3f3d569b-399d-41bb-b970-196194f767c4/userFiles-233e18c3-3b3b-458b-bd70-5f644921f3a5/org.wildfly.openssl_wildfly-openssl-1.1.3.Final.jar
[2025-07-08T10:02:20.947+0000] {spark_submit.py:634} INFO - 25/07/08 10:02:20 INFO SecurityManager: Changing view acls to: ***
[2025-07-08T10:02:20.947+0000] {spark_submit.py:634} INFO - 25/07/08 10:02:20 INFO SecurityManager: Changing modify acls to: ***
[2025-07-08T10:02:20.947+0000] {spark_submit.py:634} INFO - 25/07/08 10:02:20 INFO SecurityManager: Changing view acls groups to: ***
[2025-07-08T10:02:20.948+0000] {spark_submit.py:634} INFO - 25/07/08 10:02:20 INFO SecurityManager: Changing modify acls groups to: ***
[2025-07-08T10:02:20.948+0000] {spark_submit.py:634} INFO - 25/07/08 10:02:20 INFO SecurityManager: SecurityManager: authentication disabled; ui acls disabled; users with view permissions: *** groups with view permissions: EMPTY; users with modify permissions: ***; groups with modify permissions: EMPTY; RPC SSL disabled
[2025-07-08T10:02:21.327+0000] {spark_submit.py:634} INFO - 25/07/08 10:02:21 INFO StandaloneAppClient$ClientEndpoint: Connecting to master spark://spark-master:7077...
[2025-07-08T10:02:21.426+0000] {spark_submit.py:634} INFO - 25/07/08 10:02:21 INFO TransportClientFactory: Successfully created connection to spark-master/172.20.0.6:7077 after 14 ms (0 ms spent in bootstraps)
[2025-07-08T10:02:21.539+0000] {spark_submit.py:634} INFO - 25/07/08 10:02:21 INFO StandaloneSchedulerBackend: Connected to Spark cluster with app ID app-20250708100221-0001
[2025-07-08T10:02:21.541+0000] {spark_submit.py:634} INFO - 25/07/08 10:02:21 INFO StandaloneAppClient$ClientEndpoint: Executor added: app-20250708100221-0001/0 on worker-20250708063549-172.20.0.7-46463 (172.20.0.7:46463) with 2 core(s)
[2025-07-08T10:02:21.542+0000] {spark_submit.py:634} INFO - 25/07/08 10:02:21 INFO StandaloneSchedulerBackend: Granted executor ID app-20250708100221-0001/0 on hostPort 172.20.0.7:46463 with 2 core(s), 1024.0 MiB RAM
[2025-07-08T10:02:21.544+0000] {spark_submit.py:634} INFO - 25/07/08 10:02:21 INFO Utils: Successfully started service 'org.apache.spark.network.netty.NettyBlockTransferService' on port 44849.
[2025-07-08T10:02:21.544+0000] {spark_submit.py:634} INFO - 25/07/08 10:02:21 INFO NettyBlockTransferService: Server created on 1a66de7e9daf:44849
[2025-07-08T10:02:21.545+0000] {spark_submit.py:634} INFO - 25/07/08 10:02:21 INFO BlockManager: Using org.apache.spark.storage.RandomBlockReplicationPolicy for block replication policy
[2025-07-08T10:02:21.625+0000] {spark_submit.py:634} INFO - 25/07/08 10:02:21 INFO BlockManagerMaster: Registering BlockManager BlockManagerId(driver, 1a66de7e9daf, 44849, None)
[2025-07-08T10:02:21.629+0000] {spark_submit.py:634} INFO - 25/07/08 10:02:21 INFO StandaloneAppClient$ClientEndpoint: Executor updated: app-20250708100221-0001/0 is now RUNNING
[2025-07-08T10:02:21.629+0000] {spark_submit.py:634} INFO - 25/07/08 10:02:21 INFO BlockManagerMasterEndpoint: Registering block manager 1a66de7e9daf:44849 with 413.9 MiB RAM, BlockManagerId(driver, 1a66de7e9daf, 44849, None)
[2025-07-08T10:02:21.631+0000] {spark_submit.py:634} INFO - 25/07/08 10:02:21 INFO BlockManagerMaster: Registered BlockManager BlockManagerId(driver, 1a66de7e9daf, 44849, None)
[2025-07-08T10:02:21.632+0000] {spark_submit.py:634} INFO - 25/07/08 10:02:21 INFO BlockManager: Initialized BlockManager: BlockManagerId(driver, 1a66de7e9daf, 44849, None)
[2025-07-08T10:02:22.032+0000] {spark_submit.py:634} INFO - 25/07/08 10:02:22 INFO StandaloneSchedulerBackend: SchedulerBackend is ready for scheduling beginning after reached minRegisteredResourcesRatio: 0.0
[2025-07-08T10:02:22.846+0000] {spark_submit.py:634} INFO - 25/07/08 10:02:22 INFO StandaloneSchedulerBackend$StandaloneDriverEndpoint: Registered executor NettyRpcEndpointRef(spark-client://Executor) (172.20.0.7:56598) with ID 0, ResourceProfileId 0
[2025-07-08T10:02:22.926+0000] {spark_submit.py:634} INFO - 25/07/08 10:02:22 INFO BlockManagerMasterEndpoint: Registering block manager 172.20.0.7:34751 with 434.4 MiB RAM, BlockManagerId(0, 172.20.0.7, 34751, None)
[2025-07-08T10:02:24.583+0000] {spark_submit.py:634} INFO - Đang đọc dữ liệu từ các đường dẫn MinIO sau: ['s3a://hasaki-datalake/ga4-data/hasakiwork/analytics_253437596/events/2025/7/8/0.parquet', 's3a://hasaki-datalake/ga4-data/hasakiwork/analytics_253437596/events/2025/7/8/1.parquet', 's3a://hasaki-datalake/ga4-data/hasakiwork/analytics_253437596/events/2025/7/8/2.parquet', 's3a://hasaki-datalake/ga4-data/hasakiwork/analytics_253437596/events/2025/7/8/3.parquet', 's3a://hasaki-datalake/ga4-data/hasakiwork/analytics_253437596/events/2025/7/8/4.parquet', 's3a://hasaki-datalake/ga4-data/hasakiwork/analytics_253437596/events/2025/7/8/5.parquet', 's3a://hasaki-datalake/ga4-data/hasakiwork/analytics_253437596/events/2025/7/8/6.parquet', 's3a://hasaki-datalake/ga4-data/hasakiwork/analytics_253437596/events/2025/7/8/7.parquet', 's3a://hasaki-datalake/ga4-data/hasakiwork/analytics_253437596/events/2025/7/8/8.parquet']
[2025-07-08T10:02:25.430+0000] {spark_submit.py:634} INFO - 25/07/08 10:02:25 WARN MetricsConfig: Cannot locate configuration: tried hadoop-metrics2-s3a-file-system.properties,hadoop-metrics2.properties
[2025-07-08T10:02:30.732+0000] {spark_submit.py:634} INFO - 25/07/08 10:02:30 WARN SparkStringUtils: Truncated the string representation of a plan since it was too large. This behavior can be adjusted by setting 'spark.sql.debug.maxToStringFields'.
[2025-07-08T10:02:31.168+0000] {spark_submit.py:634} INFO - {"ts": "2025-07-08 10:02:31.084", "level": "ERROR", "logger": "DataFrameQueryContextLogger", "msg": "[DATATYPE_MISMATCH.INVALID_JSON_SCHEMA] Cannot resolve \"to_json(event_params_flat)\" due to data type mismatch: Input schema \"STRING\" must be a struct, an array, a map or a variant. SQLSTATE: 42K09", "context": {"file": "java.base/jdk.internal.reflect.NativeMethodAccessorImpl.invoke0(Native Method)", "line": "", "fragment": "to_json", "errorClass": "DATATYPE_MISMATCH.INVALID_JSON_SCHEMA"}, "exception": {"class": "Py4JJavaError", "msg": "An error occurred while calling o189.select.\n: org.apache.spark.sql.AnalysisException: [DATATYPE_MISMATCH.INVALID_JSON_SCHEMA] Cannot resolve \"to_json(event_params_flat)\" due to data type mismatch: Input schema \"STRING\" must be a struct, an array, a map or a variant. SQLSTATE: 42K09;\n'Project [to_date(event_date#0, Some(yyyyMMdd), Some(Etc/UTC), true) AS event_date#74, cast(event_timestamp#1 as timestamp) AS event_timestamp#75, event_name#2, to_json(event_params_flat#73, Some(Etc/UTC)) AS event_params#76, event_previous_timestamp#4L, event_value_in_usd#5 AS event_value_in_usd#77, event_bundle_sequence_id#6L, event_server_timestamp_offset#7L, user_id#8, user_pseudo_id#9, to_json(privacy_info#10, Some(Etc/UTC)) AS privacy_info#78, to_json(user_properties#11, Some(Etc/UTC)) AS user_properties#79, user_first_touch_timestamp#12L, to_json(user_ltv#13, Some(Etc/UTC)) AS user_ltv#80, to_json(device#14, Some(Etc/UTC)) AS device#81, to_json(geo#15, Some(Etc/UTC)) AS geo#82, app_info#16 AS app_info#83, to_json(traffic_source#17, Some(Etc/UTC)) AS traffic_source#84, stream_id#18, platform#19, event_dimensions#20, to_json(ecommerce#21, Some(Etc/UTC)) AS ecommerce#85, to_json(items#22, Some(Etc/UTC)) AS items#86, to_json(collected_traffic_source#23, Some(Etc/UTC)) AS collected_traffic_source#87, is_active_user#24, ... 5 more fields]\n+- Project [event_date#0, event_timestamp#1, event_name#2, event_previous_timestamp#4L, event_value_in_usd#5, event_bundle_sequence_id#6L, event_server_timestamp_offset#7L, user_id#8, user_pseudo_id#9, privacy_info#10, user_properties#11, user_first_touch_timestamp#12L, user_ltv#13, device#14, geo#15, app_info#16, traffic_source#17, stream_id#18, platform#19, event_dimensions#20, ecommerce#21, items#22, collected_traffic_source#23, is_active_user#24, batch_event_index#25L, ... 6 more fields]\n   +- Aggregate [event_date#0, event_timestamp#1, event_name#2, event_previous_timestamp#4L, event_value_in_usd#5, event_bundle_sequence_id#6L, event_server_timestamp_offset#7L, user_id#8, user_pseudo_id#9, privacy_info#10, user_properties#11, user_first_touch_timestamp#12L, user_ltv#13, device#14, geo#15, app_info#16, traffic_source#17, stream_id#18, platform#19, event_dimensions#20, ecommerce#21, items#22, collected_traffic_source#23, is_active_user#24, batch_event_index#25L, ... 4 more fields], [event_date#0, event_timestamp#1, event_name#2, event_previous_timestamp#4L, event_value_in_usd#5, event_bundle_sequence_id#6L, event_server_timestamp_offset#7L, user_id#8, user_pseudo_id#9, privacy_info#10, user_properties#11, user_first_touch_timestamp#12L, user_ltv#13, device#14, geo#15, app_info#16, traffic_source#17, stream_id#18, platform#19, event_dimensions#20, ecommerce#21, items#22, collected_traffic_source#23, is_active_user#24, batch_event_index#25L, ... 5 more fields]\n      +- Project [event_date#0, event_timestamp#1, event_name#2, event_previous_timestamp#4L, event_value_in_usd#5, event_bundle_sequence_id#6L, event_server_timestamp_offset#7L, user_id#8, user_pseudo_id#9, privacy_info#10, user_properties#11, user_first_touch_timestamp#12L, user_ltv#13, device#14, geo#15, app_info#16, traffic_source#17, stream_id#18, platform#19, event_dimensions#20, ecommerce#21, items#22, collected_traffic_source#23, is_active_user#24, batch_event_index#25L, ... 6 more fields]\n         +- Project [event_date#0, event_timestamp#1, event_name#2, event_params#3, event_previous_timestamp#4L, event_value_in_usd#5, event_bundle_sequence_id#6L, event_server_timestamp_offset#7L, user_id#8, user_pseudo_id#9, privacy_info#10, user_properties#11, user_first_touch_timestamp#12L, user_ltv#13, device#14, geo#15, app_info#16, traffic_source#17, stream_id#18, platform#19, event_dimensions#20, ecommerce#21, items#22, collected_traffic_source#23, is_active_user#24, ... 7 more fields]\n            +- Project [event_date#0, event_timestamp#1, event_name#2, event_params#3, event_previous_timestamp#4L, event_value_in_usd#5, event_bundle_sequence_id#6L, event_server_timestamp_offset#7L, user_id#8, user_pseudo_id#9, privacy_info#10, user_properties#11, user_first_touch_timestamp#12L, user_ltv#13, device#14, geo#15, app_info#16, traffic_source#17, stream_id#18, platform#19, event_dimensions#20, ecommerce#21, items#22, collected_traffic_source#23, is_active_user#24, ... 6 more fields]\n               +- Generate explode(event_params#3), false, [event_param#32]\n                  +- Relation [event_date#0,event_timestamp#1,event_name#2,event_params#3,event_previous_timestamp#4L,event_value_in_usd#5,event_bundle_sequence_id#6L,event_server_timestamp_offset#7L,user_id#8,user_pseudo_id#9,privacy_info#10,user_properties#11,user_first_touch_timestamp#12L,user_ltv#13,device#14,geo#15,app_info#16,traffic_source#17,stream_id#18,platform#19,event_dimensions#20,ecommerce#21,items#22,collected_traffic_source#23,is_active_user#24,... 5 more fields] parquet\n\n\tat org.apache.spark.sql.catalyst.analysis.package$AnalysisErrorAt.dataTypeMismatch(package.scala:77)\n\tat org.apache.spark.sql.catalyst.analysis.package$AnalysisErrorAt.dataTypeMismatch(package.scala:70)\n\tat org.apache.spark.sql.catalyst.analysis.CheckAnalysis.$anonfun$checkAnalysis0$7(CheckAnalysis.scala:420)\n\tat org.apache.spark.sql.catalyst.analysis.CheckAnalysis.$anonfun$checkAnalysis0$7$adapted(CheckAnalysis.scala:402)\n\tat org.apache.spark.sql.catalyst.trees.TreeNode.foreachUp(TreeNode.scala:252)\n\tat org.apache.spark.sql.catalyst.trees.TreeNode.$anonfun$foreachUp$1(TreeNode.scala:251)\n\tat org.apache.spark.sql.catalyst.trees.TreeNode.$anonfun$foreachUp$1$adapted(TreeNode.scala:251)\n\tat scala.collection.immutable.Vector.foreach(Vector.scala:2125)\n\tat org.apache.spark.sql.catalyst.trees.TreeNode.foreachUp(TreeNode.scala:251)\n\tat org.apache.spark.sql.catalyst.analysis.CheckAnalysis.$anonfun$checkAnalysis0$6(CheckAnalysis.scala:402)\n\tat org.apache.spark.sql.catalyst.analysis.CheckAnalysis.$anonfun$checkAnalysis0$6$adapted(CheckAnalysis.scala:402)\n\tat scala.collection.immutable.List.foreach(List.scala:334)\n\tat org.apache.spark.sql.catalyst.analysis.CheckAnalysis.$anonfun$checkAnalysis0$2(CheckAnalysis.scala:402)\n\tat org.apache.spark.sql.catalyst.analysis.CheckAnalysis.$anonfun$checkAnalysis0$2$adapted(CheckAnalysis.scala:284)\n\tat org.apache.spark.sql.catalyst.trees.TreeNode.foreachUp(TreeNode.scala:252)\n\tat org.apache.spark.sql.catalyst.analysis.CheckAnalysis.checkAnalysis0(CheckAnalysis.scala:284)\n\tat org.apache.spark.sql.catalyst.analysis.CheckAnalysis.checkAnalysis0$(CheckAnalysis.scala:255)\n\tat org.apache.spark.sql.catalyst.analysis.Analyzer.checkAnalysis0(Analyzer.scala:249)\n\tat org.apache.spark.sql.catalyst.analysis.CheckAnalysis.checkAnalysis(CheckAnalysis.scala:244)\n\tat org.apache.spark.sql.catalyst.analysis.CheckAnalysis.checkAnalysis$(CheckAnalysis.scala:231)\n\tat org.apache.spark.sql.catalyst.analysis.Analyzer.checkAnalysis(Analyzer.scala:249)\n\tat org.apache.spark.sql.catalyst.analysis.resolver.HybridAnalyzer.$anonfun$resolveInFixedPoint$1(HybridAnalyzer.scala:192)\n\tat scala.runtime.java8.JFunction0$mcV$sp.apply(JFunction0$mcV$sp.scala:18)\n\tat org.apache.spark.sql.catalyst.QueryPlanningTracker$.withTracker(QueryPlanningTracker.scala:89)\n\tat org.apache.spark.sql.catalyst.analysis.resolver.HybridAnalyzer.resolveInFixedPoint(HybridAnalyzer.scala:192)\n\tat org.apache.spark.sql.catalyst.analysis.resolver.HybridAnalyzer.$anonfun$apply$1(HybridAnalyzer.scala:76)\n\tat org.apache.spark.sql.catalyst.analysis.resolver.HybridAnalyzer.withTrackedAnalyzerBridgeState(HybridAnalyzer.scala:111)\n\tat org.apache.spark.sql.catalyst.analysis.resolver.HybridAnalyzer.apply(HybridAnalyzer.scala:71)\n\tat org.apache.spark.sql.catalyst.analysis.Analyzer.$anonfun$executeAndCheck$1(Analyzer.scala:280)\n\tat org.apache.spark.sql.catalyst.plans.logical.AnalysisHelper$.markInAnalyzer(AnalysisHelper.scala:423)\n\tat org.apache.spark.sql.catalyst.analysis.Analyzer.executeAndCheck(Analyzer.scala:280)\n\tat org.apache.spark.sql.execution.QueryExecution.$anonfun$lazyAnalyzed$2(QueryExecution.scala:110)\n\tat org.apache.spark.sql.catalyst.QueryPlanningTracker.measurePhase(QueryPlanningTracker.scala:148)\n\tat org.apache.spark.sql.execution.QueryExecution.$anonfun$executePhase$2(QueryExecution.scala:278)\n\tat org.apache.spark.sql.execution.QueryExecution$.withInternalError(QueryExecution.scala:654)\n\tat org.apache.spark.sql.execution.QueryExecution.$anonfun$executePhase$1(QueryExecution.scala:278)\n\tat org.apache.spark.sql.SparkSession.withActive(SparkSession.scala:804)\n\tat org.apache.spark.sql.execution.QueryExecution.executePhase(QueryExecution.scala:277)\n\tat org.apache.spark.sql.execution.QueryExecution.$anonfun$lazyAnalyzed$1(QueryExecution.scala:110)\n\tat scala.util.Try$.apply(Try.scala:217)\n\tat org.apache.spark.util.Utils$.doTryWithCallerStacktrace(Utils.scala:1378)\n\tat org.apache.spark.util.Utils$.getTryWithCallerStacktrace(Utils.scala:1439)\n\tat org.apache.spark.util.LazyTry.get(LazyTry.scala:58)\n\tat org.apache.spark.sql.execution.QueryExecution.analyzed(QueryExecution.scala:121)\n\tat org.apache.spark.sql.execution.QueryExecution.assertAnalyzed(QueryExecution.scala:80)\n\tat org.apache.spark.sql.classic.Dataset$.$anonfun$ofRows$1(Dataset.scala:115)\n\tat org.apache.spark.sql.SparkSession.withActive(SparkSession.scala:804)\n\tat org.apache.spark.sql.classic.Dataset$.ofRows(Dataset.scala:113)\n\tat org.apache.spark.sql.classic.Dataset.withPlan(Dataset.scala:2263)\n\tat org.apache.spark.sql.classic.Dataset.select(Dataset.scala:894)\n\tat org.apache.spark.sql.classic.Dataset.select(Dataset.scala:232)\n\tat java.base/jdk.internal.reflect.NativeMethodAccessorImpl.invoke0(Native Method)\n\tat java.base/jdk.internal.reflect.NativeMethodAccessorImpl.invoke(NativeMethodAccessorImpl.java:77)\n\tat java.base/jdk.internal.reflect.DelegatingMethodAccessorImpl.invoke(DelegatingMethodAccessorImpl.java:43)\n\tat java.base/java.lang.reflect.Method.invoke(Method.java:569)\n\tat py4j.reflection.MethodInvoker.invoke(MethodInvoker.java:244)\n\tat py4j.reflection.ReflectionEngine.invoke(ReflectionEngine.java:374)\n\tat py4j.Gateway.invoke(Gateway.java:282)\n\tat py4j.commands.AbstractCommand.invokeMethod(AbstractCommand.java:132)\n\tat py4j.commands.CallCommand.execute(CallCommand.java:79)\n\tat py4j.ClientServerConnection.waitForCommands(ClientServerConnection.java:184)\n\tat py4j.ClientServerConnection.run(ClientServerConnection.java:108)\n\tat java.base/java.lang.Thread.run(Thread.java:840)\n\tSuppressed: org.apache.spark.util.Utils$OriginalTryStackTraceException: Full stacktrace of original doTryWithCallerStacktrace caller\n\t\tat org.apache.spark.sql.catalyst.analysis.package$AnalysisErrorAt.dataTypeMismatch(package.scala:77)\n\t\tat org.apache.spark.sql.catalyst.analysis.package$AnalysisErrorAt.dataTypeMismatch(package.scala:70)\n\t\tat org.apache.spark.sql.catalyst.analysis.CheckAnalysis.$anonfun$checkAnalysis0$7(CheckAnalysis.scala:420)\n\t\tat org.apache.spark.sql.catalyst.analysis.CheckAnalysis.$anonfun$checkAnalysis0$7$adapted(CheckAnalysis.scala:402)\n\t\tat org.apache.spark.sql.catalyst.trees.TreeNode.foreachUp(TreeNode.scala:252)\n\t\tat org.apache.spark.sql.catalyst.trees.TreeNode.$anonfun$foreachUp$1(TreeNode.scala:251)\n\t\tat org.apache.spark.sql.catalyst.trees.TreeNode.$anonfun$foreachUp$1$adapted(TreeNode.scala:251)\n\t\tat scala.collection.immutable.Vector.foreach(Vector.scala:2125)\n\t\tat org.apache.spark.sql.catalyst.trees.TreeNode.foreachUp(TreeNode.scala:251)\n\t\tat org.apache.spark.sql.catalyst.analysis.CheckAnalysis.$anonfun$checkAnalysis0$6(CheckAnalysis.scala:402)\n\t\tat org.apache.spark.sql.catalyst.analysis.CheckAnalysis.$anonfun$checkAnalysis0$6$adapted(CheckAnalysis.scala:402)\n\t\tat scala.collection.immutable.List.foreach(List.scala:334)\n\t\tat org.apache.spark.sql.catalyst.analysis.CheckAnalysis.$anonfun$checkAnalysis0$2(CheckAnalysis.scala:402)\n\t\tat org.apache.spark.sql.catalyst.analysis.CheckAnalysis.$anonfun$checkAnalysis0$2$adapted(CheckAnalysis.scala:284)\n\t\tat org.apache.spark.sql.catalyst.trees.TreeNode.foreachUp(TreeNode.scala:252)\n\t\tat org.apache.spark.sql.catalyst.analysis.CheckAnalysis.checkAnalysis0(CheckAnalysis.scala:284)\n\t\tat org.apache.spark.sql.catalyst.analysis.CheckAnalysis.checkAnalysis0$(CheckAnalysis.scala:255)\n\t\tat org.apache.spark.sql.catalyst.analysis.Analyzer.checkAnalysis0(Analyzer.scala:249)\n\t\tat org.apache.spark.sql.catalyst.analysis.CheckAnalysis.checkAnalysis(CheckAnalysis.scala:244)\n\t\tat org.apache.spark.sql.catalyst.analysis.CheckAnalysis.checkAnalysis$(CheckAnalysis.scala:231)\n\t\tat org.apache.spark.sql.catalyst.analysis.Analyzer.checkAnalysis(Analyzer.scala:249)\n\t\tat org.apache.spark.sql.catalyst.analysis.resolver.HybridAnalyzer.$anonfun$resolveInFixedPoint$1(HybridAnalyzer.scala:192)\n\t\tat scala.runtime.java8.JFunction0$mcV$sp.apply(JFunction0$mcV$sp.scala:18)\n\t\tat org.apache.spark.sql.catalyst.QueryPlanningTracker$.withTracker(QueryPlanningTracker.scala:89)\n\t\tat org.apache.spark.sql.catalyst.analysis.resolver.HybridAnalyzer.resolveInFixedPoint(HybridAnalyzer.scala:192)\n\t\tat org.apache.spark.sql.catalyst.analysis.resolver.HybridAnalyzer.$anonfun$apply$1(HybridAnalyzer.scala:76)\n\t\tat org.apache.spark.sql.catalyst.analysis.resolver.HybridAnalyzer.withTrackedAnalyzerBridgeState(HybridAnalyzer.scala:111)\n\t\tat org.apache.spark.sql.catalyst.analysis.resolver.HybridAnalyzer.apply(HybridAnalyzer.scala:71)\n\t\tat org.apache.spark.sql.catalyst.analysis.Analyzer.$anonfun$executeAndCheck$1(Analyzer.scala:280)\n\t\tat org.apache.spark.sql.catalyst.plans.logical.AnalysisHelper$.markInAnalyzer(AnalysisHelper.scala:423)\n\t\tat org.apache.spark.sql.catalyst.analysis.Analyzer.executeAndCheck(Analyzer.scala:280)\n\t\tat org.apache.spark.sql.execution.QueryExecution.$anonfun$lazyAnalyzed$2(QueryExecution.scala:110)\n\t\tat org.apache.spark.sql.catalyst.QueryPlanningTracker.measurePhase(QueryPlanningTracker.scala:148)\n\t\tat org.apache.spark.sql.execution.QueryExecution.$anonfun$executePhase$2(QueryExecution.scala:278)\n\t\tat org.apache.spark.sql.execution.QueryExecution$.withInternalError(QueryExecution.scala:654)\n\t\tat org.apache.spark.sql.execution.QueryExecution.$anonfun$executePhase$1(QueryExecution.scala:278)\n\t\tat org.apache.spark.sql.SparkSession.withActive(SparkSession.scala:804)\n\t\tat org.apache.spark.sql.execution.QueryExecution.executePhase(QueryExecution.scala:277)\n\t\tat org.apache.spark.sql.execution.QueryExecution.$anonfun$lazyAnalyzed$1(QueryExecution.scala:110)\n\t\tat scala.util.Try$.apply(Try.scala:217)\n\t\tat org.apache.spark.util.Utils$.doTryWithCallerStacktrace(Utils.scala:1378)\n\t\tat org.apache.spark.util.LazyTry.tryT$lzycompute(LazyTry.scala:46)\n\t\tat org.apache.spark.util.LazyTry.tryT(LazyTry.scala:46)\n\t\t... 21 more\n", "stacktrace": [{"class": null, "method": "deco", "file": "/home/***/.local/lib/python3.11/site-packages/pyspark/python/lib/pyspark.zip/pyspark/errors/exceptions/captured.py", "line": "282"}, {"class": null, "method": "get_return_value", "file": "/home/***/.local/lib/python3.11/site-packages/pyspark/python/lib/py4j-0.10.9.9-src.zip/py4j/protocol.py", "line": "327"}]}}
[2025-07-08T10:02:31.168+0000] {spark_submit.py:634} INFO - Traceback (most recent call last):
[2025-07-08T10:02:31.168+0000] {spark_submit.py:634} INFO - File "/opt/***/spark_project/src/spark/spark_main_minio_automatic.py", line 157, in <module>
[2025-07-08T10:02:31.168+0000] {spark_submit.py:634} INFO - main()
[2025-07-08T10:02:31.168+0000] {spark_submit.py:634} INFO - File "/opt/***/spark_project/src/spark/spark_main_minio_automatic.py", line 117, in main
[2025-07-08T10:02:31.168+0000] {spark_submit.py:634} INFO - df_write_database = df_transformed.select(
[2025-07-08T10:02:31.169+0000] {spark_submit.py:634} INFO - ^^^^^^^^^^^^^^^^^^^^^^
[2025-07-08T10:02:31.169+0000] {spark_submit.py:634} INFO - File "/home/***/.local/lib/python3.11/site-packages/pyspark/python/lib/pyspark.zip/pyspark/sql/classic/dataframe.py", line 991, in select
[2025-07-08T10:02:31.169+0000] {spark_submit.py:634} INFO - File "/home/***/.local/lib/python3.11/site-packages/pyspark/python/lib/py4j-0.10.9.9-src.zip/py4j/java_gateway.py", line 1362, in __call__
[2025-07-08T10:02:31.169+0000] {spark_submit.py:634} INFO - File "/home/***/.local/lib/python3.11/site-packages/pyspark/python/lib/pyspark.zip/pyspark/errors/exceptions/captured.py", line 288, in deco
[2025-07-08T10:02:31.179+0000] {spark_submit.py:634} INFO - pyspark.errors.exceptions.captured.AnalysisException: [DATATYPE_MISMATCH.INVALID_JSON_SCHEMA] Cannot resolve "to_json(event_params_flat)" due to data type mismatch: Input schema "STRING" must be a struct, an array, a map or a variant. SQLSTATE: 42K09;
[2025-07-08T10:02:31.179+0000] {spark_submit.py:634} INFO - 'Project [to_date(event_date#0, Some(yyyyMMdd), Some(Etc/UTC), true) AS event_date#74, cast(event_timestamp#1 as timestamp) AS event_timestamp#75, event_name#2, to_json(event_params_flat#73, Some(Etc/UTC)) AS event_params#76, event_previous_timestamp#4L, event_value_in_usd#5 AS event_value_in_usd#77, event_bundle_sequence_id#6L, event_server_timestamp_offset#7L, user_id#8, user_pseudo_id#9, to_json(privacy_info#10, Some(Etc/UTC)) AS privacy_info#78, to_json(user_properties#11, Some(Etc/UTC)) AS user_properties#79, user_first_touch_timestamp#12L, to_json(user_ltv#13, Some(Etc/UTC)) AS user_ltv#80, to_json(device#14, Some(Etc/UTC)) AS device#81, to_json(geo#15, Some(Etc/UTC)) AS geo#82, app_info#16 AS app_info#83, to_json(traffic_source#17, Some(Etc/UTC)) AS traffic_source#84, stream_id#18, platform#19, event_dimensions#20, to_json(ecommerce#21, Some(Etc/UTC)) AS ecommerce#85, to_json(items#22, Some(Etc/UTC)) AS items#86, to_json(collected_traffic_source#23, Some(Etc/UTC)) AS collected_traffic_source#87, is_active_user#24, ... 5 more fields]
[2025-07-08T10:02:31.179+0000] {spark_submit.py:634} INFO - +- Project [event_date#0, event_timestamp#1, event_name#2, event_previous_timestamp#4L, event_value_in_usd#5, event_bundle_sequence_id#6L, event_server_timestamp_offset#7L, user_id#8, user_pseudo_id#9, privacy_info#10, user_properties#11, user_first_touch_timestamp#12L, user_ltv#13, device#14, geo#15, app_info#16, traffic_source#17, stream_id#18, platform#19, event_dimensions#20, ecommerce#21, items#22, collected_traffic_source#23, is_active_user#24, batch_event_index#25L, ... 6 more fields]
[2025-07-08T10:02:31.179+0000] {spark_submit.py:634} INFO - +- Aggregate [event_date#0, event_timestamp#1, event_name#2, event_previous_timestamp#4L, event_value_in_usd#5, event_bundle_sequence_id#6L, event_server_timestamp_offset#7L, user_id#8, user_pseudo_id#9, privacy_info#10, user_properties#11, user_first_touch_timestamp#12L, user_ltv#13, device#14, geo#15, app_info#16, traffic_source#17, stream_id#18, platform#19, event_dimensions#20, ecommerce#21, items#22, collected_traffic_source#23, is_active_user#24, batch_event_index#25L, ... 4 more fields], [event_date#0, event_timestamp#1, event_name#2, event_previous_timestamp#4L, event_value_in_usd#5, event_bundle_sequence_id#6L, event_server_timestamp_offset#7L, user_id#8, user_pseudo_id#9, privacy_info#10, user_properties#11, user_first_touch_timestamp#12L, user_ltv#13, device#14, geo#15, app_info#16, traffic_source#17, stream_id#18, platform#19, event_dimensions#20, ecommerce#21, items#22, collected_traffic_source#23, is_active_user#24, batch_event_index#25L, ... 5 more fields]
[2025-07-08T10:02:31.180+0000] {spark_submit.py:634} INFO - +- Project [event_date#0, event_timestamp#1, event_name#2, event_previous_timestamp#4L, event_value_in_usd#5, event_bundle_sequence_id#6L, event_server_timestamp_offset#7L, user_id#8, user_pseudo_id#9, privacy_info#10, user_properties#11, user_first_touch_timestamp#12L, user_ltv#13, device#14, geo#15, app_info#16, traffic_source#17, stream_id#18, platform#19, event_dimensions#20, ecommerce#21, items#22, collected_traffic_source#23, is_active_user#24, batch_event_index#25L, ... 6 more fields]
[2025-07-08T10:02:31.180+0000] {spark_submit.py:634} INFO - +- Project [event_date#0, event_timestamp#1, event_name#2, event_params#3, event_previous_timestamp#4L, event_value_in_usd#5, event_bundle_sequence_id#6L, event_server_timestamp_offset#7L, user_id#8, user_pseudo_id#9, privacy_info#10, user_properties#11, user_first_touch_timestamp#12L, user_ltv#13, device#14, geo#15, app_info#16, traffic_source#17, stream_id#18, platform#19, event_dimensions#20, ecommerce#21, items#22, collected_traffic_source#23, is_active_user#24, ... 7 more fields]
[2025-07-08T10:02:31.180+0000] {spark_submit.py:634} INFO - +- Project [event_date#0, event_timestamp#1, event_name#2, event_params#3, event_previous_timestamp#4L, event_value_in_usd#5, event_bundle_sequence_id#6L, event_server_timestamp_offset#7L, user_id#8, user_pseudo_id#9, privacy_info#10, user_properties#11, user_first_touch_timestamp#12L, user_ltv#13, device#14, geo#15, app_info#16, traffic_source#17, stream_id#18, platform#19, event_dimensions#20, ecommerce#21, items#22, collected_traffic_source#23, is_active_user#24, ... 6 more fields]
[2025-07-08T10:02:31.180+0000] {spark_submit.py:634} INFO - +- Generate explode(event_params#3), false, [event_param#32]
[2025-07-08T10:02:31.180+0000] {spark_submit.py:634} INFO - +- Relation [event_date#0,event_timestamp#1,event_name#2,event_params#3,event_previous_timestamp#4L,event_value_in_usd#5,event_bundle_sequence_id#6L,event_server_timestamp_offset#7L,user_id#8,user_pseudo_id#9,privacy_info#10,user_properties#11,user_first_touch_timestamp#12L,user_ltv#13,device#14,geo#15,app_info#16,traffic_source#17,stream_id#18,platform#19,event_dimensions#20,ecommerce#21,items#22,collected_traffic_source#23,is_active_user#24,... 5 more fields] parquet
[2025-07-08T10:02:31.180+0000] {spark_submit.py:634} INFO - 
[2025-07-08T10:02:31.452+0000] {taskinstance.py:441} INFO - ::group::Post task execution logs
[2025-07-08T10:02:31.460+0000] {taskinstance.py:2890} ERROR - Task failed with exception
Traceback (most recent call last):
  File "/home/airflow/.local/lib/python3.11/site-packages/airflow/models/taskinstance.py", line 465, in _execute_task
    result = _execute_callable(context=context, **execute_callable_kwargs)
             ^^^^^^^^^^^^^^^^^^^^^^^^^^^^^^^^^^^^^^^^^^^^^^^^^^^^^^^^^^^^^
  File "/home/airflow/.local/lib/python3.11/site-packages/airflow/models/taskinstance.py", line 432, in _execute_callable
    return execute_callable(context=context, **execute_callable_kwargs)
           ^^^^^^^^^^^^^^^^^^^^^^^^^^^^^^^^^^^^^^^^^^^^^^^^^^^^^^^^^^^^
  File "/home/airflow/.local/lib/python3.11/site-packages/airflow/models/baseoperator.py", line 400, in wrapper
    return func(self, *args, **kwargs)
           ^^^^^^^^^^^^^^^^^^^^^^^^^^^
  File "/home/airflow/.local/lib/python3.11/site-packages/airflow/providers/apache/spark/operators/spark_submit.py", line 176, in execute
    self._hook.submit(self.application)
  File "/home/airflow/.local/lib/python3.11/site-packages/airflow/providers/apache/spark/hooks/spark_submit.py", line 560, in submit
    raise AirflowException(
airflow.exceptions.AirflowException: Cannot execute: spark-submit --master spark://spark-master:7077:7077 --packages com.clickhouse:clickhouse-jdbc:0.6.4,org.apache.httpcomponents.client5:httpclient5:5.3.1,org.apache.hadoop:hadoop-aws:3.3.5,com.amazonaws:aws-java-sdk-bundle:1.11.1026 --name arrow-spark --deploy-mode client /opt/***/spark_project/src/spark/spark_main_minio_automatic.py ["ga4-data/hasakiwork/analytics_253437596/events/2025/7/8/0.parquet", "ga4-data/hasakiwork/analytics_253437596/events/2025/7/8/1.parquet", "ga4-data/hasakiwork/analytics_253437596/events/2025/7/8/2.parquet", "ga4-data/hasakiwork/analytics_253437596/events/2025/7/8/3.parquet", "ga4-data/hasakiwork/analytics_253437596/events/2025/7/8/4.parquet", "ga4-data/hasakiwork/analytics_253437596/events/2025/7/8/5.parquet", "ga4-data/hasakiwork/analytics_253437596/events/2025/7/8/6.parquet", "ga4-data/hasakiwork/analytics_253437596/events/2025/7/8/7.parquet", "ga4-data/hasakiwork/analytics_253437596/events/2025/7/8/8.parquet"]. Error code is: 1.
[2025-07-08T10:02:31.462+0000] {taskinstance.py:1205} INFO - Marking task as UP_FOR_RETRY. dag_id=minio_ga4_new_file_detector, task_id=spark_write_data, execution_date=20250708T093919, start_date=20250708T100214, end_date=20250708T100231
[2025-07-08T10:02:31.476+0000] {standard_task_runner.py:110} ERROR - Failed to execute job 189 for task spark_write_data (Cannot execute: spark-submit --master spark://spark-master:7077:7077 --packages com.clickhouse:clickhouse-jdbc:0.6.4,org.apache.httpcomponents.client5:httpclient5:5.3.1,org.apache.hadoop:hadoop-aws:3.3.5,com.amazonaws:aws-java-sdk-bundle:1.11.1026 --name arrow-spark --deploy-mode client /opt/***/spark_project/src/spark/spark_main_minio_automatic.py ["ga4-data/hasakiwork/analytics_253437596/events/2025/7/8/0.parquet", "ga4-data/hasakiwork/analytics_253437596/events/2025/7/8/1.parquet", "ga4-data/hasakiwork/analytics_253437596/events/2025/7/8/2.parquet", "ga4-data/hasakiwork/analytics_253437596/events/2025/7/8/3.parquet", "ga4-data/hasakiwork/analytics_253437596/events/2025/7/8/4.parquet", "ga4-data/hasakiwork/analytics_253437596/events/2025/7/8/5.parquet", "ga4-data/hasakiwork/analytics_253437596/events/2025/7/8/6.parquet", "ga4-data/hasakiwork/analytics_253437596/events/2025/7/8/7.parquet", "ga4-data/hasakiwork/analytics_253437596/events/2025/7/8/8.parquet"]. Error code is: 1.; 9635)
[2025-07-08T10:02:31.485+0000] {local_task_job_runner.py:240} INFO - Task exited with return code 1
[2025-07-08T10:02:31.496+0000] {taskinstance.py:3482} INFO - 0 downstream tasks scheduled from follow-on schedule check
[2025-07-08T10:02:31.497+0000] {local_task_job_runner.py:222} INFO - ::endgroup::
