[2025-07-07T07:17:55.739+0000] {local_task_job_runner.py:120} INFO - ::group::Pre task execution logs
[2025-07-07T07:17:55.759+0000] {taskinstance.py:2073} INFO - Dependencies all met for dep_context=non-requeueable deps ti=<TaskInstance: minio_ga4_new_file_detector.spark_write_data manual__2025-07-07T06:53:38.076557+00:00 [queued]>
[2025-07-07T07:17:55.764+0000] {taskinstance.py:2073} INFO - Dependencies all met for dep_context=requeueable deps ti=<TaskInstance: minio_ga4_new_file_detector.spark_write_data manual__2025-07-07T06:53:38.076557+00:00 [queued]>
[2025-07-07T07:17:55.764+0000] {taskinstance.py:2303} INFO - Starting attempt 1 of 2
[2025-07-07T07:17:55.770+0000] {taskinstance.py:2327} INFO - Executing <Task(SparkSubmitOperator): spark_write_data> on 2025-07-07 06:53:38.076557+00:00
[2025-07-07T07:17:55.775+0000] {standard_task_runner.py:63} INFO - Started process 3739 to run task
[2025-07-07T07:17:55.779+0000] {standard_task_runner.py:90} INFO - Running: ['***', 'tasks', 'run', 'minio_ga4_new_file_detector', 'spark_write_data', 'manual__2025-07-07T06:53:38.076557+00:00', '--job-id', '152', '--raw', '--subdir', 'DAGS_FOLDER/dag_automatic.py', '--cfg-path', '/tmp/tmpervyh7o_']
[2025-07-07T07:17:55.780+0000] {standard_task_runner.py:91} INFO - Job 152: Subtask spark_write_data
[2025-07-07T07:17:55.790+0000] {logging_mixin.py:188} WARNING - /home/***/.local/lib/python3.11/site-packages/***/settings.py:195 DeprecationWarning: The sql_alchemy_conn option in [core] has been moved to the sql_alchemy_conn option in [database] - the old setting has been used, but please update your config.
[2025-07-07T07:17:55.809+0000] {task_command.py:426} INFO - Running <TaskInstance: minio_ga4_new_file_detector.spark_write_data manual__2025-07-07T06:53:38.076557+00:00 [running]> on host 34b334fe6b50
[2025-07-07T07:17:55.878+0000] {taskinstance.py:2644} INFO - Exporting env vars: AIRFLOW_CTX_DAG_OWNER='***' AIRFLOW_CTX_DAG_ID='minio_ga4_new_file_detector' AIRFLOW_CTX_TASK_ID='spark_write_data' AIRFLOW_CTX_EXECUTION_DATE='2025-07-07T06:53:38.076557+00:00' AIRFLOW_CTX_TRY_NUMBER='1' AIRFLOW_CTX_DAG_RUN_ID='manual__2025-07-07T06:53:38.076557+00:00'
[2025-07-07T07:17:55.878+0000] {taskinstance.py:430} INFO - ::endgroup::
[2025-07-07T07:17:55.891+0000] {base.py:84} INFO - Using connection ID 'spark-master' for task execution.
[2025-07-07T07:17:55.893+0000] {spark_submit.py:473} INFO - Spark-Submit cmd: spark-submit --master spark://spark-master:7077:7077 --packages com.clickhouse:clickhouse-jdbc:0.6.4,org.apache.httpcomponents.client5:httpclient5:5.3.1,org.apache.hadoop:hadoop-aws:3.3.5,com.amazonaws:aws-java-sdk-bundle:1.11.1026 --name arrow-spark --deploy-mode client /opt/***/spark_project/src/spark/spark_main_minio_automatic.py ["ga4-data/0.parquet"]
[2025-07-07T07:17:56.121+0000] {spark_submit.py:634} INFO - WARNING: Using incubator modules: jdk.incubator.vector
[2025-07-07T07:17:57.505+0000] {spark_submit.py:634} INFO - :: loading settings :: url = jar:file:/home/***/.local/lib/python3.11/site-packages/pyspark/jars/ivy-2.5.3.jar!/org/apache/ivy/core/settings/ivysettings.xml
[2025-07-07T07:17:57.537+0000] {spark_submit.py:634} INFO - Ivy Default Cache set to: /home/***/.ivy2.5.2/cache
[2025-07-07T07:17:57.537+0000] {spark_submit.py:634} INFO - The jars for the packages stored in: /home/***/.ivy2.5.2/jars
[2025-07-07T07:17:57.539+0000] {spark_submit.py:634} INFO - com.clickhouse#clickhouse-jdbc added as a dependency
[2025-07-07T07:17:57.539+0000] {spark_submit.py:634} INFO - org.apache.httpcomponents.client5#httpclient5 added as a dependency
[2025-07-07T07:17:57.539+0000] {spark_submit.py:634} INFO - org.apache.hadoop#hadoop-aws added as a dependency
[2025-07-07T07:17:57.540+0000] {spark_submit.py:634} INFO - com.amazonaws#aws-java-sdk-bundle added as a dependency
[2025-07-07T07:17:57.540+0000] {spark_submit.py:634} INFO - :: resolving dependencies :: org.apache.spark#spark-submit-parent-68139364-870b-4a38-ac6d-37416b191530;1.0
[2025-07-07T07:17:57.540+0000] {spark_submit.py:634} INFO - confs: [default]
[2025-07-07T07:17:57.717+0000] {spark_submit.py:634} INFO - found com.clickhouse#clickhouse-jdbc;0.6.4 in central
[2025-07-07T07:17:57.733+0000] {spark_submit.py:634} INFO - found org.apache.httpcomponents.client5#httpclient5;5.3.1 in central
[2025-07-07T07:17:57.813+0000] {spark_submit.py:634} INFO - found org.apache.httpcomponents.core5#httpcore5;5.2.4 in central
[2025-07-07T07:17:57.826+0000] {spark_submit.py:634} INFO - found org.apache.httpcomponents.core5#httpcore5-h2;5.2.4 in central
[2025-07-07T07:17:57.837+0000] {spark_submit.py:634} INFO - found org.slf4j#slf4j-api;1.7.36 in central
[2025-07-07T07:17:57.924+0000] {spark_submit.py:634} INFO - found org.apache.hadoop#hadoop-aws;3.3.5 in central
[2025-07-07T07:17:57.932+0000] {spark_submit.py:634} INFO - found com.amazonaws#aws-java-sdk-bundle;1.12.316 in central
[2025-07-07T07:17:58.012+0000] {spark_submit.py:634} INFO - found org.wildfly.openssl#wildfly-openssl;1.1.3.Final in central
[2025-07-07T07:17:58.028+0000] {spark_submit.py:634} INFO - :: resolution report :: resolve 479ms :: artifacts dl 10ms
[2025-07-07T07:17:58.028+0000] {spark_submit.py:634} INFO - :: modules in use:
[2025-07-07T07:17:58.028+0000] {spark_submit.py:634} INFO - com.amazonaws#aws-java-sdk-bundle;1.12.316 from central in [default]
[2025-07-07T07:17:58.028+0000] {spark_submit.py:634} INFO - com.clickhouse#clickhouse-jdbc;0.6.4 from central in [default]
[2025-07-07T07:17:58.028+0000] {spark_submit.py:634} INFO - org.apache.hadoop#hadoop-aws;3.3.5 from central in [default]
[2025-07-07T07:17:58.028+0000] {spark_submit.py:634} INFO - org.apache.httpcomponents.client5#httpclient5;5.3.1 from central in [default]
[2025-07-07T07:17:58.028+0000] {spark_submit.py:634} INFO - org.apache.httpcomponents.core5#httpcore5;5.2.4 from central in [default]
[2025-07-07T07:17:58.028+0000] {spark_submit.py:634} INFO - org.apache.httpcomponents.core5#httpcore5-h2;5.2.4 from central in [default]
[2025-07-07T07:17:58.028+0000] {spark_submit.py:634} INFO - org.slf4j#slf4j-api;1.7.36 from central in [default]
[2025-07-07T07:17:58.028+0000] {spark_submit.py:634} INFO - org.wildfly.openssl#wildfly-openssl;1.1.3.Final from central in [default]
[2025-07-07T07:17:58.028+0000] {spark_submit.py:634} INFO - :: evicted modules:
[2025-07-07T07:17:58.028+0000] {spark_submit.py:634} INFO - com.amazonaws#aws-java-sdk-bundle;1.11.1026 by [com.amazonaws#aws-java-sdk-bundle;1.12.316] in [default]
[2025-07-07T07:17:58.029+0000] {spark_submit.py:634} INFO - ---------------------------------------------------------------------
[2025-07-07T07:17:58.029+0000] {spark_submit.py:634} INFO - |                  |            modules            ||   artifacts   |
[2025-07-07T07:17:58.029+0000] {spark_submit.py:634} INFO - |       conf       | number| search|dwnlded|evicted|| number|dwnlded|
[2025-07-07T07:17:58.029+0000] {spark_submit.py:634} INFO - ---------------------------------------------------------------------
[2025-07-07T07:17:58.029+0000] {spark_submit.py:634} INFO - |      default     |   9   |   0   |   0   |   1   ||   8   |   0   |
[2025-07-07T07:17:58.029+0000] {spark_submit.py:634} INFO - ---------------------------------------------------------------------
[2025-07-07T07:17:58.031+0000] {spark_submit.py:634} INFO - :: retrieving :: org.apache.spark#spark-submit-parent-68139364-870b-4a38-ac6d-37416b191530
[2025-07-07T07:17:58.031+0000] {spark_submit.py:634} INFO - confs: [default]
[2025-07-07T07:17:58.035+0000] {spark_submit.py:634} INFO - 0 artifacts copied, 8 already retrieved (0kB/4ms)
[2025-07-07T07:17:58.328+0000] {spark_submit.py:634} INFO - 25/07/07 07:17:58 WARN NativeCodeLoader: Unable to load native-hadoop library for your platform... using builtin-java classes where applicable
[2025-07-07T07:17:59.727+0000] {spark_submit.py:634} INFO - Using Spark's default log4j profile: org/apache/spark/log4j2-defaults.properties
[2025-07-07T07:17:59.731+0000] {spark_submit.py:634} INFO - 25/07/07 07:17:59 INFO SparkContext: Running Spark version 4.0.0
[2025-07-07T07:17:59.732+0000] {spark_submit.py:634} INFO - 25/07/07 07:17:59 INFO SparkContext: OS info Linux, 6.8.0-60-generic, amd64
[2025-07-07T07:17:59.732+0000] {spark_submit.py:634} INFO - 25/07/07 07:17:59 INFO SparkContext: Java version 17.0.15
[2025-07-07T07:17:59.805+0000] {spark_submit.py:634} INFO - 25/07/07 07:17:59 INFO ResourceUtils: ==============================================================
[2025-07-07T07:17:59.805+0000] {spark_submit.py:634} INFO - 25/07/07 07:17:59 INFO ResourceUtils: No custom resources configured for spark.driver.
[2025-07-07T07:17:59.806+0000] {spark_submit.py:634} INFO - 25/07/07 07:17:59 INFO ResourceUtils: ==============================================================
[2025-07-07T07:17:59.806+0000] {spark_submit.py:634} INFO - 25/07/07 07:17:59 INFO SparkContext: Submitted application: thanhdz
[2025-07-07T07:17:59.817+0000] {spark_submit.py:634} INFO - 25/07/07 07:17:59 INFO ResourceProfile: Default ResourceProfile created, executor resources: Map(cores -> name: cores, amount: 2, script: , vendor: , memory -> name: memory, amount: 1024, script: , vendor: , offHeap -> name: offHeap, amount: 0, script: , vendor: ), task resources: Map(cpus -> name: cpus, amount: 1.0)
[2025-07-07T07:17:59.820+0000] {spark_submit.py:634} INFO - 25/07/07 07:17:59 INFO ResourceProfile: Limiting resource is cpus at 2 tasks per executor
[2025-07-07T07:17:59.821+0000] {spark_submit.py:634} INFO - 25/07/07 07:17:59 INFO ResourceProfileManager: Added ResourceProfile id: 0
[2025-07-07T07:17:59.917+0000] {spark_submit.py:634} INFO - 25/07/07 07:17:59 INFO SecurityManager: Changing view acls to: ***
[2025-07-07T07:17:59.918+0000] {spark_submit.py:634} INFO - 25/07/07 07:17:59 INFO SecurityManager: Changing modify acls to: ***
[2025-07-07T07:17:59.918+0000] {spark_submit.py:634} INFO - 25/07/07 07:17:59 INFO SecurityManager: Changing view acls groups to: ***
[2025-07-07T07:17:59.918+0000] {spark_submit.py:634} INFO - 25/07/07 07:17:59 INFO SecurityManager: Changing modify acls groups to: ***
[2025-07-07T07:17:59.919+0000] {spark_submit.py:634} INFO - 25/07/07 07:17:59 INFO SecurityManager: SecurityManager: authentication disabled; ui acls disabled; users with view permissions: *** groups with view permissions: EMPTY; users with modify permissions: ***; groups with modify permissions: EMPTY; RPC SSL disabled
[2025-07-07T07:18:00.144+0000] {spark_submit.py:634} INFO - 25/07/07 07:18:00 INFO Utils: Successfully started service 'sparkDriver' on port 36917.
[2025-07-07T07:18:00.169+0000] {spark_submit.py:634} INFO - 25/07/07 07:18:00 INFO SparkEnv: Registering MapOutputTracker
[2025-07-07T07:18:00.215+0000] {spark_submit.py:634} INFO - 25/07/07 07:18:00 INFO SparkEnv: Registering BlockManagerMaster
[2025-07-07T07:18:00.224+0000] {spark_submit.py:634} INFO - 25/07/07 07:18:00 INFO BlockManagerMasterEndpoint: Using org.apache.spark.storage.DefaultTopologyMapper for getting topology information
[2025-07-07T07:18:00.224+0000] {spark_submit.py:634} INFO - 25/07/07 07:18:00 INFO BlockManagerMasterEndpoint: BlockManagerMasterEndpoint up
[2025-07-07T07:18:00.226+0000] {spark_submit.py:634} INFO - 25/07/07 07:18:00 INFO SparkEnv: Registering BlockManagerMasterHeartbeat
[2025-07-07T07:18:00.237+0000] {spark_submit.py:634} INFO - 25/07/07 07:18:00 INFO DiskBlockManager: Created local directory at /tmp/blockmgr-cc686be4-0cb9-427d-8365-2e1a294c9169
[2025-07-07T07:18:00.249+0000] {spark_submit.py:634} INFO - 25/07/07 07:18:00 INFO SparkEnv: Registering OutputCommitCoordinator
[2025-07-07T07:18:00.431+0000] {spark_submit.py:634} INFO - 25/07/07 07:18:00 INFO JettyUtils: Start Jetty 0.0.0.0:4040 for SparkUI
[2025-07-07T07:18:00.614+0000] {spark_submit.py:634} INFO - 25/07/07 07:18:00 INFO Utils: Successfully started service 'SparkUI' on port 4040.
[2025-07-07T07:18:00.635+0000] {spark_submit.py:634} INFO - 25/07/07 07:18:00 INFO SparkContext: Added JAR file:///home/***/.ivy2.5.2/jars/com.clickhouse_clickhouse-jdbc-0.6.4.jar at spark://34b334fe6b50:36917/jars/com.clickhouse_clickhouse-jdbc-0.6.4.jar with timestamp 1751872679723
[2025-07-07T07:18:00.635+0000] {spark_submit.py:634} INFO - 25/07/07 07:18:00 INFO SparkContext: Added JAR file:///home/***/.ivy2.5.2/jars/org.apache.httpcomponents.client5_httpclient5-5.3.1.jar at spark://34b334fe6b50:36917/jars/org.apache.httpcomponents.client5_httpclient5-5.3.1.jar with timestamp 1751872679723
[2025-07-07T07:18:00.635+0000] {spark_submit.py:634} INFO - 25/07/07 07:18:00 INFO SparkContext: Added JAR file:///home/***/.ivy2.5.2/jars/org.apache.hadoop_hadoop-aws-3.3.5.jar at spark://34b334fe6b50:36917/jars/org.apache.hadoop_hadoop-aws-3.3.5.jar with timestamp 1751872679723
[2025-07-07T07:18:00.635+0000] {spark_submit.py:634} INFO - 25/07/07 07:18:00 INFO SparkContext: Added JAR file:///home/***/.ivy2.5.2/jars/org.apache.httpcomponents.core5_httpcore5-5.2.4.jar at spark://34b334fe6b50:36917/jars/org.apache.httpcomponents.core5_httpcore5-5.2.4.jar with timestamp 1751872679723
[2025-07-07T07:18:00.636+0000] {spark_submit.py:634} INFO - 25/07/07 07:18:00 INFO SparkContext: Added JAR file:///home/***/.ivy2.5.2/jars/org.apache.httpcomponents.core5_httpcore5-h2-5.2.4.jar at spark://34b334fe6b50:36917/jars/org.apache.httpcomponents.core5_httpcore5-h2-5.2.4.jar with timestamp 1751872679723
[2025-07-07T07:18:00.636+0000] {spark_submit.py:634} INFO - 25/07/07 07:18:00 INFO SparkContext: Added JAR file:///home/***/.ivy2.5.2/jars/org.slf4j_slf4j-api-1.7.36.jar at spark://34b334fe6b50:36917/jars/org.slf4j_slf4j-api-1.7.36.jar with timestamp 1751872679723
[2025-07-07T07:18:00.636+0000] {spark_submit.py:634} INFO - 25/07/07 07:18:00 INFO SparkContext: Added JAR file:///home/***/.ivy2.5.2/jars/com.amazonaws_aws-java-sdk-bundle-1.12.316.jar at spark://34b334fe6b50:36917/jars/com.amazonaws_aws-java-sdk-bundle-1.12.316.jar with timestamp 1751872679723
[2025-07-07T07:18:00.636+0000] {spark_submit.py:634} INFO - 25/07/07 07:18:00 INFO SparkContext: Added JAR file:///home/***/.ivy2.5.2/jars/org.wildfly.openssl_wildfly-openssl-1.1.3.Final.jar at spark://34b334fe6b50:36917/jars/org.wildfly.openssl_wildfly-openssl-1.1.3.Final.jar with timestamp 1751872679723
[2025-07-07T07:18:00.637+0000] {spark_submit.py:634} INFO - 25/07/07 07:18:00 INFO SparkContext: Added file file:///home/***/.ivy2.5.2/jars/com.clickhouse_clickhouse-jdbc-0.6.4.jar at spark://34b334fe6b50:36917/files/com.clickhouse_clickhouse-jdbc-0.6.4.jar with timestamp 1751872679723
[2025-07-07T07:18:00.638+0000] {spark_submit.py:634} INFO - 25/07/07 07:18:00 INFO Utils: Copying /home/***/.ivy2.5.2/jars/com.clickhouse_clickhouse-jdbc-0.6.4.jar to /tmp/spark-22ad5606-eec7-4dd0-827e-24af9d7da078/userFiles-51f727ca-6474-45a8-b174-ff5da03dd959/com.clickhouse_clickhouse-jdbc-0.6.4.jar
[2025-07-07T07:18:00.650+0000] {spark_submit.py:634} INFO - 25/07/07 07:18:00 INFO SparkContext: Added file file:///home/***/.ivy2.5.2/jars/org.apache.httpcomponents.client5_httpclient5-5.3.1.jar at spark://34b334fe6b50:36917/files/org.apache.httpcomponents.client5_httpclient5-5.3.1.jar with timestamp 1751872679723
[2025-07-07T07:18:00.650+0000] {spark_submit.py:634} INFO - 25/07/07 07:18:00 INFO Utils: Copying /home/***/.ivy2.5.2/jars/org.apache.httpcomponents.client5_httpclient5-5.3.1.jar to /tmp/spark-22ad5606-eec7-4dd0-827e-24af9d7da078/userFiles-51f727ca-6474-45a8-b174-ff5da03dd959/org.apache.httpcomponents.client5_httpclient5-5.3.1.jar
[2025-07-07T07:18:00.709+0000] {spark_submit.py:634} INFO - 25/07/07 07:18:00 INFO SparkContext: Added file file:///home/***/.ivy2.5.2/jars/org.apache.hadoop_hadoop-aws-3.3.5.jar at spark://34b334fe6b50:36917/files/org.apache.hadoop_hadoop-aws-3.3.5.jar with timestamp 1751872679723
[2025-07-07T07:18:00.710+0000] {spark_submit.py:634} INFO - 25/07/07 07:18:00 INFO Utils: Copying /home/***/.ivy2.5.2/jars/org.apache.hadoop_hadoop-aws-3.3.5.jar to /tmp/spark-22ad5606-eec7-4dd0-827e-24af9d7da078/userFiles-51f727ca-6474-45a8-b174-ff5da03dd959/org.apache.hadoop_hadoop-aws-3.3.5.jar
[2025-07-07T07:18:00.717+0000] {spark_submit.py:634} INFO - 25/07/07 07:18:00 INFO SparkContext: Added file file:///home/***/.ivy2.5.2/jars/org.apache.httpcomponents.core5_httpcore5-5.2.4.jar at spark://34b334fe6b50:36917/files/org.apache.httpcomponents.core5_httpcore5-5.2.4.jar with timestamp 1751872679723
[2025-07-07T07:18:00.718+0000] {spark_submit.py:634} INFO - 25/07/07 07:18:00 INFO Utils: Copying /home/***/.ivy2.5.2/jars/org.apache.httpcomponents.core5_httpcore5-5.2.4.jar to /tmp/spark-22ad5606-eec7-4dd0-827e-24af9d7da078/userFiles-51f727ca-6474-45a8-b174-ff5da03dd959/org.apache.httpcomponents.core5_httpcore5-5.2.4.jar
[2025-07-07T07:18:00.723+0000] {spark_submit.py:634} INFO - 25/07/07 07:18:00 INFO SparkContext: Added file file:///home/***/.ivy2.5.2/jars/org.apache.httpcomponents.core5_httpcore5-h2-5.2.4.jar at spark://34b334fe6b50:36917/files/org.apache.httpcomponents.core5_httpcore5-h2-5.2.4.jar with timestamp 1751872679723
[2025-07-07T07:18:00.723+0000] {spark_submit.py:634} INFO - 25/07/07 07:18:00 INFO Utils: Copying /home/***/.ivy2.5.2/jars/org.apache.httpcomponents.core5_httpcore5-h2-5.2.4.jar to /tmp/spark-22ad5606-eec7-4dd0-827e-24af9d7da078/userFiles-51f727ca-6474-45a8-b174-ff5da03dd959/org.apache.httpcomponents.core5_httpcore5-h2-5.2.4.jar
[2025-07-07T07:18:00.728+0000] {spark_submit.py:634} INFO - 25/07/07 07:18:00 INFO SparkContext: Added file file:///home/***/.ivy2.5.2/jars/org.slf4j_slf4j-api-1.7.36.jar at spark://34b334fe6b50:36917/files/org.slf4j_slf4j-api-1.7.36.jar with timestamp 1751872679723
[2025-07-07T07:18:00.728+0000] {spark_submit.py:634} INFO - 25/07/07 07:18:00 INFO Utils: Copying /home/***/.ivy2.5.2/jars/org.slf4j_slf4j-api-1.7.36.jar to /tmp/spark-22ad5606-eec7-4dd0-827e-24af9d7da078/userFiles-51f727ca-6474-45a8-b174-ff5da03dd959/org.slf4j_slf4j-api-1.7.36.jar
[2025-07-07T07:18:00.733+0000] {spark_submit.py:634} INFO - 25/07/07 07:18:00 INFO SparkContext: Added file file:///home/***/.ivy2.5.2/jars/com.amazonaws_aws-java-sdk-bundle-1.12.316.jar at spark://34b334fe6b50:36917/files/com.amazonaws_aws-java-sdk-bundle-1.12.316.jar with timestamp 1751872679723
[2025-07-07T07:18:00.733+0000] {spark_submit.py:634} INFO - 25/07/07 07:18:00 INFO Utils: Copying /home/***/.ivy2.5.2/jars/com.amazonaws_aws-java-sdk-bundle-1.12.316.jar to /tmp/spark-22ad5606-eec7-4dd0-827e-24af9d7da078/userFiles-51f727ca-6474-45a8-b174-ff5da03dd959/com.amazonaws_aws-java-sdk-bundle-1.12.316.jar
[2025-07-07T07:18:00.861+0000] {spark_submit.py:634} INFO - 25/07/07 07:18:00 INFO SparkContext: Added file file:///home/***/.ivy2.5.2/jars/org.wildfly.openssl_wildfly-openssl-1.1.3.Final.jar at spark://34b334fe6b50:36917/files/org.wildfly.openssl_wildfly-openssl-1.1.3.Final.jar with timestamp 1751872679723
[2025-07-07T07:18:00.862+0000] {spark_submit.py:634} INFO - 25/07/07 07:18:00 INFO Utils: Copying /home/***/.ivy2.5.2/jars/org.wildfly.openssl_wildfly-openssl-1.1.3.Final.jar to /tmp/spark-22ad5606-eec7-4dd0-827e-24af9d7da078/userFiles-51f727ca-6474-45a8-b174-ff5da03dd959/org.wildfly.openssl_wildfly-openssl-1.1.3.Final.jar
[2025-07-07T07:18:00.909+0000] {spark_submit.py:634} INFO - 25/07/07 07:18:00 INFO SecurityManager: Changing view acls to: ***
[2025-07-07T07:18:00.909+0000] {spark_submit.py:634} INFO - 25/07/07 07:18:00 INFO SecurityManager: Changing modify acls to: ***
[2025-07-07T07:18:00.909+0000] {spark_submit.py:634} INFO - 25/07/07 07:18:00 INFO SecurityManager: Changing view acls groups to: ***
[2025-07-07T07:18:00.910+0000] {spark_submit.py:634} INFO - 25/07/07 07:18:00 INFO SecurityManager: Changing modify acls groups to: ***
[2025-07-07T07:18:00.910+0000] {spark_submit.py:634} INFO - 25/07/07 07:18:00 INFO SecurityManager: SecurityManager: authentication disabled; ui acls disabled; users with view permissions: *** groups with view permissions: EMPTY; users with modify permissions: ***; groups with modify permissions: EMPTY; RPC SSL disabled
[2025-07-07T07:18:01.109+0000] {spark_submit.py:634} INFO - 25/07/07 07:18:01 INFO StandaloneAppClient$ClientEndpoint: Connecting to master spark://spark-master:7077...
[2025-07-07T07:18:01.137+0000] {spark_submit.py:634} INFO - 25/07/07 07:18:01 INFO TransportClientFactory: Successfully created connection to spark-master/172.21.0.2:7077 after 14 ms (0 ms spent in bootstraps)
[2025-07-07T07:18:01.216+0000] {spark_submit.py:634} INFO - 25/07/07 07:18:01 INFO StandaloneSchedulerBackend: Connected to Spark cluster with app ID app-20250707071801-0004
[2025-07-07T07:18:01.219+0000] {spark_submit.py:634} INFO - 25/07/07 07:18:01 INFO StandaloneAppClient$ClientEndpoint: Executor added: app-20250707071801-0004/0 on worker-20250707060603-172.21.0.7-41279 (172.21.0.7:41279) with 2 core(s)
[2025-07-07T07:18:01.221+0000] {spark_submit.py:634} INFO - 25/07/07 07:18:01 INFO Utils: Successfully started service 'org.apache.spark.network.netty.NettyBlockTransferService' on port 44451.
[2025-07-07T07:18:01.221+0000] {spark_submit.py:634} INFO - 25/07/07 07:18:01 INFO StandaloneSchedulerBackend: Granted executor ID app-20250707071801-0004/0 on hostPort 172.21.0.7:41279 with 2 core(s), 1024.0 MiB RAM
[2025-07-07T07:18:01.221+0000] {spark_submit.py:634} INFO - 25/07/07 07:18:01 INFO NettyBlockTransferService: Server created on 34b334fe6b50:44451
[2025-07-07T07:18:01.222+0000] {spark_submit.py:634} INFO - 25/07/07 07:18:01 INFO BlockManager: Using org.apache.spark.storage.RandomBlockReplicationPolicy for block replication policy
[2025-07-07T07:18:01.230+0000] {spark_submit.py:634} INFO - 25/07/07 07:18:01 INFO BlockManagerMaster: Registering BlockManager BlockManagerId(driver, 34b334fe6b50, 44451, None)
[2025-07-07T07:18:01.235+0000] {spark_submit.py:634} INFO - 25/07/07 07:18:01 INFO BlockManagerMasterEndpoint: Registering block manager 34b334fe6b50:44451 with 413.9 MiB RAM, BlockManagerId(driver, 34b334fe6b50, 44451, None)
[2025-07-07T07:18:01.236+0000] {spark_submit.py:634} INFO - 25/07/07 07:18:01 INFO BlockManagerMaster: Registered BlockManager BlockManagerId(driver, 34b334fe6b50, 44451, None)
[2025-07-07T07:18:01.237+0000] {spark_submit.py:634} INFO - 25/07/07 07:18:01 INFO BlockManager: Initialized BlockManager: BlockManagerId(driver, 34b334fe6b50, 44451, None)
[2025-07-07T07:18:01.239+0000] {spark_submit.py:634} INFO - 25/07/07 07:18:01 INFO StandaloneAppClient$ClientEndpoint: Executor updated: app-20250707071801-0004/0 is now RUNNING
[2025-07-07T07:18:01.514+0000] {spark_submit.py:634} INFO - 25/07/07 07:18:01 INFO StandaloneSchedulerBackend: SchedulerBackend is ready for scheduling beginning after reached minRegisteredResourcesRatio: 0.0
[2025-07-07T07:18:02.514+0000] {spark_submit.py:634} INFO - 25/07/07 07:18:02 INFO StandaloneSchedulerBackend$StandaloneDriverEndpoint: Registered executor NettyRpcEndpointRef(spark-client://Executor) (172.21.0.7:54852) with ID 0, ResourceProfileId 0
[2025-07-07T07:18:02.608+0000] {spark_submit.py:634} INFO - 25/07/07 07:18:02 INFO BlockManagerMasterEndpoint: Registering block manager 172.21.0.7:39121 with 434.4 MiB RAM, BlockManagerId(0, 172.21.0.7, 39121, None)
[2025-07-07T07:18:04.520+0000] {spark_submit.py:634} INFO - Traceback (most recent call last):
[2025-07-07T07:18:04.520+0000] {spark_submit.py:634} INFO - File "/opt/***/spark_project/src/spark/spark_main_minio_automatic.py", line 115, in <module>
[2025-07-07T07:18:04.520+0000] {spark_submit.py:634} INFO - main()
[2025-07-07T07:18:04.520+0000] {spark_submit.py:634} INFO - File "/opt/***/spark_project/src/spark/spark_main_minio_automatic.py", line 50, in main
[2025-07-07T07:18:04.521+0000] {spark_submit.py:634} INFO - new_file_paths_json = sys.argv[1] if len(sys.argv) > 1 else "[]"
[2025-07-07T07:18:04.521+0000] {spark_submit.py:634} INFO - ^^^
[2025-07-07T07:18:04.521+0000] {spark_submit.py:634} INFO - NameError: name 'sys' is not defined
[2025-07-07T07:18:04.761+0000] {taskinstance.py:441} INFO - ::group::Post task execution logs
[2025-07-07T07:18:04.768+0000] {taskinstance.py:2890} ERROR - Task failed with exception
Traceback (most recent call last):
  File "/home/airflow/.local/lib/python3.11/site-packages/airflow/models/taskinstance.py", line 465, in _execute_task
    result = _execute_callable(context=context, **execute_callable_kwargs)
             ^^^^^^^^^^^^^^^^^^^^^^^^^^^^^^^^^^^^^^^^^^^^^^^^^^^^^^^^^^^^^
  File "/home/airflow/.local/lib/python3.11/site-packages/airflow/models/taskinstance.py", line 432, in _execute_callable
    return execute_callable(context=context, **execute_callable_kwargs)
           ^^^^^^^^^^^^^^^^^^^^^^^^^^^^^^^^^^^^^^^^^^^^^^^^^^^^^^^^^^^^
  File "/home/airflow/.local/lib/python3.11/site-packages/airflow/models/baseoperator.py", line 400, in wrapper
    return func(self, *args, **kwargs)
           ^^^^^^^^^^^^^^^^^^^^^^^^^^^
  File "/home/airflow/.local/lib/python3.11/site-packages/airflow/providers/apache/spark/operators/spark_submit.py", line 176, in execute
    self._hook.submit(self.application)
  File "/home/airflow/.local/lib/python3.11/site-packages/airflow/providers/apache/spark/hooks/spark_submit.py", line 560, in submit
    raise AirflowException(
airflow.exceptions.AirflowException: Cannot execute: spark-submit --master spark://spark-master:7077:7077 --packages com.clickhouse:clickhouse-jdbc:0.6.4,org.apache.httpcomponents.client5:httpclient5:5.3.1,org.apache.hadoop:hadoop-aws:3.3.5,com.amazonaws:aws-java-sdk-bundle:1.11.1026 --name arrow-spark --deploy-mode client /opt/***/spark_project/src/spark/spark_main_minio_automatic.py ["ga4-data/0.parquet"]. Error code is: 1.
[2025-07-07T07:18:04.770+0000] {taskinstance.py:1205} INFO - Marking task as UP_FOR_RETRY. dag_id=minio_ga4_new_file_detector, task_id=spark_write_data, execution_date=20250707T065338, start_date=20250707T071755, end_date=20250707T071804
[2025-07-07T07:18:04.776+0000] {standard_task_runner.py:110} ERROR - Failed to execute job 152 for task spark_write_data (Cannot execute: spark-submit --master spark://spark-master:7077:7077 --packages com.clickhouse:clickhouse-jdbc:0.6.4,org.apache.httpcomponents.client5:httpclient5:5.3.1,org.apache.hadoop:hadoop-aws:3.3.5,com.amazonaws:aws-java-sdk-bundle:1.11.1026 --name arrow-spark --deploy-mode client /opt/***/spark_project/src/spark/spark_main_minio_automatic.py ["ga4-data/0.parquet"]. Error code is: 1.; 3739)
[2025-07-07T07:18:04.787+0000] {local_task_job_runner.py:240} INFO - Task exited with return code 1
[2025-07-07T07:18:04.797+0000] {taskinstance.py:3482} INFO - 0 downstream tasks scheduled from follow-on schedule check
[2025-07-07T07:18:04.798+0000] {local_task_job_runner.py:222} INFO - ::endgroup::
