[2025-07-07T07:19:58.767+0000] {local_task_job_runner.py:120} INFO - ::group::Pre task execution logs
[2025-07-07T07:19:58.790+0000] {taskinstance.py:2073} INFO - Dependencies all met for dep_context=non-requeueable deps ti=<TaskInstance: minio_ga4_new_file_detector.spark_write_data manual__2025-07-07T06:53:38.076557+00:00 [queued]>
[2025-07-07T07:19:58.794+0000] {taskinstance.py:2073} INFO - Dependencies all met for dep_context=requeueable deps ti=<TaskInstance: minio_ga4_new_file_detector.spark_write_data manual__2025-07-07T06:53:38.076557+00:00 [queued]>
[2025-07-07T07:19:58.794+0000] {taskinstance.py:2303} INFO - Starting attempt 2 of 3
[2025-07-07T07:19:58.799+0000] {taskinstance.py:2327} INFO - Executing <Task(SparkSubmitOperator): spark_write_data> on 2025-07-07 06:53:38.076557+00:00
[2025-07-07T07:19:58.803+0000] {standard_task_runner.py:63} INFO - Started process 3974 to run task
[2025-07-07T07:19:58.805+0000] {standard_task_runner.py:90} INFO - Running: ['***', 'tasks', 'run', 'minio_ga4_new_file_detector', 'spark_write_data', 'manual__2025-07-07T06:53:38.076557+00:00', '--job-id', '158', '--raw', '--subdir', 'DAGS_FOLDER/dag_automatic.py', '--cfg-path', '/tmp/tmpxdls0gva']
[2025-07-07T07:19:58.806+0000] {standard_task_runner.py:91} INFO - Job 158: Subtask spark_write_data
[2025-07-07T07:19:58.815+0000] {logging_mixin.py:188} WARNING - /home/***/.local/lib/python3.11/site-packages/***/settings.py:195 DeprecationWarning: The sql_alchemy_conn option in [core] has been moved to the sql_alchemy_conn option in [database] - the old setting has been used, but please update your config.
[2025-07-07T07:19:58.837+0000] {task_command.py:426} INFO - Running <TaskInstance: minio_ga4_new_file_detector.spark_write_data manual__2025-07-07T06:53:38.076557+00:00 [running]> on host 34b334fe6b50
[2025-07-07T07:19:58.896+0000] {taskinstance.py:2644} INFO - Exporting env vars: AIRFLOW_CTX_DAG_OWNER='***' AIRFLOW_CTX_DAG_ID='minio_ga4_new_file_detector' AIRFLOW_CTX_TASK_ID='spark_write_data' AIRFLOW_CTX_EXECUTION_DATE='2025-07-07T06:53:38.076557+00:00' AIRFLOW_CTX_TRY_NUMBER='2' AIRFLOW_CTX_DAG_RUN_ID='manual__2025-07-07T06:53:38.076557+00:00'
[2025-07-07T07:19:58.896+0000] {taskinstance.py:430} INFO - ::endgroup::
[2025-07-07T07:19:58.908+0000] {base.py:84} INFO - Using connection ID 'spark-master' for task execution.
[2025-07-07T07:19:58.909+0000] {spark_submit.py:473} INFO - Spark-Submit cmd: spark-submit --master spark://spark-master:7077:7077 --packages com.clickhouse:clickhouse-jdbc:0.6.4,org.apache.httpcomponents.client5:httpclient5:5.3.1,org.apache.hadoop:hadoop-aws:3.3.5,com.amazonaws:aws-java-sdk-bundle:1.11.1026 --name arrow-spark --deploy-mode client /opt/***/spark_project/src/spark/spark_main_minio_automatic.py ["ga4-data/1.parquet"]
[2025-07-07T07:19:59.124+0000] {spark_submit.py:634} INFO - WARNING: Using incubator modules: jdk.incubator.vector
[2025-07-07T07:20:00.516+0000] {spark_submit.py:634} INFO - :: loading settings :: url = jar:file:/home/***/.local/lib/python3.11/site-packages/pyspark/jars/ivy-2.5.3.jar!/org/apache/ivy/core/settings/ivysettings.xml
[2025-07-07T07:20:00.616+0000] {spark_submit.py:634} INFO - Ivy Default Cache set to: /home/***/.ivy2.5.2/cache
[2025-07-07T07:20:00.617+0000] {spark_submit.py:634} INFO - The jars for the packages stored in: /home/***/.ivy2.5.2/jars
[2025-07-07T07:20:00.619+0000] {spark_submit.py:634} INFO - com.clickhouse#clickhouse-jdbc added as a dependency
[2025-07-07T07:20:00.619+0000] {spark_submit.py:634} INFO - org.apache.httpcomponents.client5#httpclient5 added as a dependency
[2025-07-07T07:20:00.619+0000] {spark_submit.py:634} INFO - org.apache.hadoop#hadoop-aws added as a dependency
[2025-07-07T07:20:00.619+0000] {spark_submit.py:634} INFO - com.amazonaws#aws-java-sdk-bundle added as a dependency
[2025-07-07T07:20:00.619+0000] {spark_submit.py:634} INFO - :: resolving dependencies :: org.apache.spark#spark-submit-parent-128325c9-b2ac-4063-9a09-7f20bbabfab3;1.0
[2025-07-07T07:20:00.619+0000] {spark_submit.py:634} INFO - confs: [default]
[2025-07-07T07:20:00.735+0000] {spark_submit.py:634} INFO - found com.clickhouse#clickhouse-jdbc;0.6.4 in central
[2025-07-07T07:20:00.808+0000] {spark_submit.py:634} INFO - found org.apache.httpcomponents.client5#httpclient5;5.3.1 in central
[2025-07-07T07:20:00.823+0000] {spark_submit.py:634} INFO - found org.apache.httpcomponents.core5#httpcore5;5.2.4 in central
[2025-07-07T07:20:00.837+0000] {spark_submit.py:634} INFO - found org.apache.httpcomponents.core5#httpcore5-h2;5.2.4 in central
[2025-07-07T07:20:00.922+0000] {spark_submit.py:634} INFO - found org.slf4j#slf4j-api;1.7.36 in central
[2025-07-07T07:20:01.008+0000] {spark_submit.py:634} INFO - found org.apache.hadoop#hadoop-aws;3.3.5 in central
[2025-07-07T07:20:01.018+0000] {spark_submit.py:634} INFO - found com.amazonaws#aws-java-sdk-bundle;1.12.316 in central
[2025-07-07T07:20:01.025+0000] {spark_submit.py:634} INFO - found org.wildfly.openssl#wildfly-openssl;1.1.3.Final in central
[2025-07-07T07:20:01.106+0000] {spark_submit.py:634} INFO - :: resolution report :: resolve 411ms :: artifacts dl 76ms
[2025-07-07T07:20:01.107+0000] {spark_submit.py:634} INFO - :: modules in use:
[2025-07-07T07:20:01.107+0000] {spark_submit.py:634} INFO - com.amazonaws#aws-java-sdk-bundle;1.12.316 from central in [default]
[2025-07-07T07:20:01.107+0000] {spark_submit.py:634} INFO - com.clickhouse#clickhouse-jdbc;0.6.4 from central in [default]
[2025-07-07T07:20:01.107+0000] {spark_submit.py:634} INFO - org.apache.hadoop#hadoop-aws;3.3.5 from central in [default]
[2025-07-07T07:20:01.108+0000] {spark_submit.py:634} INFO - org.apache.httpcomponents.client5#httpclient5;5.3.1 from central in [default]
[2025-07-07T07:20:01.108+0000] {spark_submit.py:634} INFO - org.apache.httpcomponents.core5#httpcore5;5.2.4 from central in [default]
[2025-07-07T07:20:01.108+0000] {spark_submit.py:634} INFO - org.apache.httpcomponents.core5#httpcore5-h2;5.2.4 from central in [default]
[2025-07-07T07:20:01.108+0000] {spark_submit.py:634} INFO - org.slf4j#slf4j-api;1.7.36 from central in [default]
[2025-07-07T07:20:01.108+0000] {spark_submit.py:634} INFO - org.wildfly.openssl#wildfly-openssl;1.1.3.Final from central in [default]
[2025-07-07T07:20:01.108+0000] {spark_submit.py:634} INFO - :: evicted modules:
[2025-07-07T07:20:01.108+0000] {spark_submit.py:634} INFO - com.amazonaws#aws-java-sdk-bundle;1.11.1026 by [com.amazonaws#aws-java-sdk-bundle;1.12.316] in [default]
[2025-07-07T07:20:01.108+0000] {spark_submit.py:634} INFO - ---------------------------------------------------------------------
[2025-07-07T07:20:01.109+0000] {spark_submit.py:634} INFO - |                  |            modules            ||   artifacts   |
[2025-07-07T07:20:01.109+0000] {spark_submit.py:634} INFO - |       conf       | number| search|dwnlded|evicted|| number|dwnlded|
[2025-07-07T07:20:01.109+0000] {spark_submit.py:634} INFO - ---------------------------------------------------------------------
[2025-07-07T07:20:01.109+0000] {spark_submit.py:634} INFO - |      default     |   9   |   0   |   0   |   1   ||   8   |   0   |
[2025-07-07T07:20:01.109+0000] {spark_submit.py:634} INFO - ---------------------------------------------------------------------
[2025-07-07T07:20:01.113+0000] {spark_submit.py:634} INFO - :: retrieving :: org.apache.spark#spark-submit-parent-128325c9-b2ac-4063-9a09-7f20bbabfab3
[2025-07-07T07:20:01.113+0000] {spark_submit.py:634} INFO - confs: [default]
[2025-07-07T07:20:01.117+0000] {spark_submit.py:634} INFO - 0 artifacts copied, 8 already retrieved (0kB/4ms)
[2025-07-07T07:20:01.420+0000] {spark_submit.py:634} INFO - 25/07/07 07:20:01 WARN NativeCodeLoader: Unable to load native-hadoop library for your platform... using builtin-java classes where applicable
[2025-07-07T07:20:02.928+0000] {spark_submit.py:634} INFO - Using Spark's default log4j profile: org/apache/spark/log4j2-defaults.properties
[2025-07-07T07:20:02.932+0000] {spark_submit.py:634} INFO - 25/07/07 07:20:02 INFO SparkContext: Running Spark version 4.0.0
[2025-07-07T07:20:02.933+0000] {spark_submit.py:634} INFO - 25/07/07 07:20:02 INFO SparkContext: OS info Linux, 6.8.0-60-generic, amd64
[2025-07-07T07:20:02.933+0000] {spark_submit.py:634} INFO - 25/07/07 07:20:02 INFO SparkContext: Java version 17.0.15
[2025-07-07T07:20:03.012+0000] {spark_submit.py:634} INFO - 25/07/07 07:20:03 INFO ResourceUtils: ==============================================================
[2025-07-07T07:20:03.013+0000] {spark_submit.py:634} INFO - 25/07/07 07:20:03 INFO ResourceUtils: No custom resources configured for spark.driver.
[2025-07-07T07:20:03.013+0000] {spark_submit.py:634} INFO - 25/07/07 07:20:03 INFO ResourceUtils: ==============================================================
[2025-07-07T07:20:03.013+0000] {spark_submit.py:634} INFO - 25/07/07 07:20:03 INFO SparkContext: Submitted application: thanhdz
[2025-07-07T07:20:03.028+0000] {spark_submit.py:634} INFO - 25/07/07 07:20:03 INFO ResourceProfile: Default ResourceProfile created, executor resources: Map(cores -> name: cores, amount: 2, script: , vendor: , memory -> name: memory, amount: 1024, script: , vendor: , offHeap -> name: offHeap, amount: 0, script: , vendor: ), task resources: Map(cpus -> name: cpus, amount: 1.0)
[2025-07-07T07:20:03.030+0000] {spark_submit.py:634} INFO - 25/07/07 07:20:03 INFO ResourceProfile: Limiting resource is cpus at 2 tasks per executor
[2025-07-07T07:20:03.032+0000] {spark_submit.py:634} INFO - 25/07/07 07:20:03 INFO ResourceProfileManager: Added ResourceProfile id: 0
[2025-07-07T07:20:03.117+0000] {spark_submit.py:634} INFO - 25/07/07 07:20:03 INFO SecurityManager: Changing view acls to: ***
[2025-07-07T07:20:03.118+0000] {spark_submit.py:634} INFO - 25/07/07 07:20:03 INFO SecurityManager: Changing modify acls to: ***
[2025-07-07T07:20:03.118+0000] {spark_submit.py:634} INFO - 25/07/07 07:20:03 INFO SecurityManager: Changing view acls groups to: ***
[2025-07-07T07:20:03.118+0000] {spark_submit.py:634} INFO - 25/07/07 07:20:03 INFO SecurityManager: Changing modify acls groups to: ***
[2025-07-07T07:20:03.119+0000] {spark_submit.py:634} INFO - 25/07/07 07:20:03 INFO SecurityManager: SecurityManager: authentication disabled; ui acls disabled; users with view permissions: *** groups with view permissions: EMPTY; users with modify permissions: ***; groups with modify permissions: EMPTY; RPC SSL disabled
[2025-07-07T07:20:03.347+0000] {spark_submit.py:634} INFO - 25/07/07 07:20:03 INFO Utils: Successfully started service 'sparkDriver' on port 45359.
[2025-07-07T07:20:03.367+0000] {spark_submit.py:634} INFO - 25/07/07 07:20:03 INFO SparkEnv: Registering MapOutputTracker
[2025-07-07T07:20:03.374+0000] {spark_submit.py:634} INFO - 25/07/07 07:20:03 INFO SparkEnv: Registering BlockManagerMaster
[2025-07-07T07:20:03.410+0000] {spark_submit.py:634} INFO - 25/07/07 07:20:03 INFO BlockManagerMasterEndpoint: Using org.apache.spark.storage.DefaultTopologyMapper for getting topology information
[2025-07-07T07:20:03.411+0000] {spark_submit.py:634} INFO - 25/07/07 07:20:03 INFO BlockManagerMasterEndpoint: BlockManagerMasterEndpoint up
[2025-07-07T07:20:03.412+0000] {spark_submit.py:634} INFO - 25/07/07 07:20:03 INFO SparkEnv: Registering BlockManagerMasterHeartbeat
[2025-07-07T07:20:03.423+0000] {spark_submit.py:634} INFO - 25/07/07 07:20:03 INFO DiskBlockManager: Created local directory at /tmp/blockmgr-dc0e48ee-fe00-4b0c-84bd-76da74300b00
[2025-07-07T07:20:03.435+0000] {spark_submit.py:634} INFO - 25/07/07 07:20:03 INFO SparkEnv: Registering OutputCommitCoordinator
[2025-07-07T07:20:03.709+0000] {spark_submit.py:634} INFO - 25/07/07 07:20:03 INFO JettyUtils: Start Jetty 0.0.0.0:4040 for SparkUI
[2025-07-07T07:20:03.824+0000] {spark_submit.py:634} INFO - 25/07/07 07:20:03 INFO Utils: Successfully started service 'SparkUI' on port 4040.
[2025-07-07T07:20:03.916+0000] {spark_submit.py:634} INFO - 25/07/07 07:20:03 INFO SparkContext: Added JAR file:///home/***/.ivy2.5.2/jars/com.clickhouse_clickhouse-jdbc-0.6.4.jar at spark://34b334fe6b50:45359/jars/com.clickhouse_clickhouse-jdbc-0.6.4.jar with timestamp 1751872802924
[2025-07-07T07:20:03.917+0000] {spark_submit.py:634} INFO - 25/07/07 07:20:03 INFO SparkContext: Added JAR file:///home/***/.ivy2.5.2/jars/org.apache.httpcomponents.client5_httpclient5-5.3.1.jar at spark://34b334fe6b50:45359/jars/org.apache.httpcomponents.client5_httpclient5-5.3.1.jar with timestamp 1751872802924
[2025-07-07T07:20:03.917+0000] {spark_submit.py:634} INFO - 25/07/07 07:20:03 INFO SparkContext: Added JAR file:///home/***/.ivy2.5.2/jars/org.apache.hadoop_hadoop-aws-3.3.5.jar at spark://34b334fe6b50:45359/jars/org.apache.hadoop_hadoop-aws-3.3.5.jar with timestamp 1751872802924
[2025-07-07T07:20:03.917+0000] {spark_submit.py:634} INFO - 25/07/07 07:20:03 INFO SparkContext: Added JAR file:///home/***/.ivy2.5.2/jars/org.apache.httpcomponents.core5_httpcore5-5.2.4.jar at spark://34b334fe6b50:45359/jars/org.apache.httpcomponents.core5_httpcore5-5.2.4.jar with timestamp 1751872802924
[2025-07-07T07:20:03.917+0000] {spark_submit.py:634} INFO - 25/07/07 07:20:03 INFO SparkContext: Added JAR file:///home/***/.ivy2.5.2/jars/org.apache.httpcomponents.core5_httpcore5-h2-5.2.4.jar at spark://34b334fe6b50:45359/jars/org.apache.httpcomponents.core5_httpcore5-h2-5.2.4.jar with timestamp 1751872802924
[2025-07-07T07:20:03.917+0000] {spark_submit.py:634} INFO - 25/07/07 07:20:03 INFO SparkContext: Added JAR file:///home/***/.ivy2.5.2/jars/org.slf4j_slf4j-api-1.7.36.jar at spark://34b334fe6b50:45359/jars/org.slf4j_slf4j-api-1.7.36.jar with timestamp 1751872802924
[2025-07-07T07:20:03.918+0000] {spark_submit.py:634} INFO - 25/07/07 07:20:03 INFO SparkContext: Added JAR file:///home/***/.ivy2.5.2/jars/com.amazonaws_aws-java-sdk-bundle-1.12.316.jar at spark://34b334fe6b50:45359/jars/com.amazonaws_aws-java-sdk-bundle-1.12.316.jar with timestamp 1751872802924
[2025-07-07T07:20:03.918+0000] {spark_submit.py:634} INFO - 25/07/07 07:20:03 INFO SparkContext: Added JAR file:///home/***/.ivy2.5.2/jars/org.wildfly.openssl_wildfly-openssl-1.1.3.Final.jar at spark://34b334fe6b50:45359/jars/org.wildfly.openssl_wildfly-openssl-1.1.3.Final.jar with timestamp 1751872802924
[2025-07-07T07:20:03.919+0000] {spark_submit.py:634} INFO - 25/07/07 07:20:03 INFO SparkContext: Added file file:///home/***/.ivy2.5.2/jars/com.clickhouse_clickhouse-jdbc-0.6.4.jar at spark://34b334fe6b50:45359/files/com.clickhouse_clickhouse-jdbc-0.6.4.jar with timestamp 1751872802924
[2025-07-07T07:20:03.920+0000] {spark_submit.py:634} INFO - 25/07/07 07:20:03 INFO Utils: Copying /home/***/.ivy2.5.2/jars/com.clickhouse_clickhouse-jdbc-0.6.4.jar to /tmp/spark-d73bab85-be59-4a8e-a50a-f2d11ab05624/userFiles-765f0152-746d-46b8-84fc-1b7b65d6ef3f/com.clickhouse_clickhouse-jdbc-0.6.4.jar
[2025-07-07T07:20:03.928+0000] {spark_submit.py:634} INFO - 25/07/07 07:20:03 INFO SparkContext: Added file file:///home/***/.ivy2.5.2/jars/org.apache.httpcomponents.client5_httpclient5-5.3.1.jar at spark://34b334fe6b50:45359/files/org.apache.httpcomponents.client5_httpclient5-5.3.1.jar with timestamp 1751872802924
[2025-07-07T07:20:03.928+0000] {spark_submit.py:634} INFO - 25/07/07 07:20:03 INFO Utils: Copying /home/***/.ivy2.5.2/jars/org.apache.httpcomponents.client5_httpclient5-5.3.1.jar to /tmp/spark-d73bab85-be59-4a8e-a50a-f2d11ab05624/userFiles-765f0152-746d-46b8-84fc-1b7b65d6ef3f/org.apache.httpcomponents.client5_httpclient5-5.3.1.jar
[2025-07-07T07:20:03.933+0000] {spark_submit.py:634} INFO - 25/07/07 07:20:03 INFO SparkContext: Added file file:///home/***/.ivy2.5.2/jars/org.apache.hadoop_hadoop-aws-3.3.5.jar at spark://34b334fe6b50:45359/files/org.apache.hadoop_hadoop-aws-3.3.5.jar with timestamp 1751872802924
[2025-07-07T07:20:03.933+0000] {spark_submit.py:634} INFO - 25/07/07 07:20:03 INFO Utils: Copying /home/***/.ivy2.5.2/jars/org.apache.hadoop_hadoop-aws-3.3.5.jar to /tmp/spark-d73bab85-be59-4a8e-a50a-f2d11ab05624/userFiles-765f0152-746d-46b8-84fc-1b7b65d6ef3f/org.apache.hadoop_hadoop-aws-3.3.5.jar
[2025-07-07T07:20:03.937+0000] {spark_submit.py:634} INFO - 25/07/07 07:20:03 INFO SparkContext: Added file file:///home/***/.ivy2.5.2/jars/org.apache.httpcomponents.core5_httpcore5-5.2.4.jar at spark://34b334fe6b50:45359/files/org.apache.httpcomponents.core5_httpcore5-5.2.4.jar with timestamp 1751872802924
[2025-07-07T07:20:03.937+0000] {spark_submit.py:634} INFO - 25/07/07 07:20:03 INFO Utils: Copying /home/***/.ivy2.5.2/jars/org.apache.httpcomponents.core5_httpcore5-5.2.4.jar to /tmp/spark-d73bab85-be59-4a8e-a50a-f2d11ab05624/userFiles-765f0152-746d-46b8-84fc-1b7b65d6ef3f/org.apache.httpcomponents.core5_httpcore5-5.2.4.jar
[2025-07-07T07:20:03.942+0000] {spark_submit.py:634} INFO - 25/07/07 07:20:03 INFO SparkContext: Added file file:///home/***/.ivy2.5.2/jars/org.apache.httpcomponents.core5_httpcore5-h2-5.2.4.jar at spark://34b334fe6b50:45359/files/org.apache.httpcomponents.core5_httpcore5-h2-5.2.4.jar with timestamp 1751872802924
[2025-07-07T07:20:03.943+0000] {spark_submit.py:634} INFO - 25/07/07 07:20:03 INFO Utils: Copying /home/***/.ivy2.5.2/jars/org.apache.httpcomponents.core5_httpcore5-h2-5.2.4.jar to /tmp/spark-d73bab85-be59-4a8e-a50a-f2d11ab05624/userFiles-765f0152-746d-46b8-84fc-1b7b65d6ef3f/org.apache.httpcomponents.core5_httpcore5-h2-5.2.4.jar
[2025-07-07T07:20:04.007+0000] {spark_submit.py:634} INFO - 25/07/07 07:20:04 INFO SparkContext: Added file file:///home/***/.ivy2.5.2/jars/org.slf4j_slf4j-api-1.7.36.jar at spark://34b334fe6b50:45359/files/org.slf4j_slf4j-api-1.7.36.jar with timestamp 1751872802924
[2025-07-07T07:20:04.007+0000] {spark_submit.py:634} INFO - 25/07/07 07:20:04 INFO Utils: Copying /home/***/.ivy2.5.2/jars/org.slf4j_slf4j-api-1.7.36.jar to /tmp/spark-d73bab85-be59-4a8e-a50a-f2d11ab05624/userFiles-765f0152-746d-46b8-84fc-1b7b65d6ef3f/org.slf4j_slf4j-api-1.7.36.jar
[2025-07-07T07:20:04.012+0000] {spark_submit.py:634} INFO - 25/07/07 07:20:04 INFO SparkContext: Added file file:///home/***/.ivy2.5.2/jars/com.amazonaws_aws-java-sdk-bundle-1.12.316.jar at spark://34b334fe6b50:45359/files/com.amazonaws_aws-java-sdk-bundle-1.12.316.jar with timestamp 1751872802924
[2025-07-07T07:20:04.012+0000] {spark_submit.py:634} INFO - 25/07/07 07:20:04 INFO Utils: Copying /home/***/.ivy2.5.2/jars/com.amazonaws_aws-java-sdk-bundle-1.12.316.jar to /tmp/spark-d73bab85-be59-4a8e-a50a-f2d11ab05624/userFiles-765f0152-746d-46b8-84fc-1b7b65d6ef3f/com.amazonaws_aws-java-sdk-bundle-1.12.316.jar
[2025-07-07T07:20:04.145+0000] {spark_submit.py:634} INFO - 25/07/07 07:20:04 INFO SparkContext: Added file file:///home/***/.ivy2.5.2/jars/org.wildfly.openssl_wildfly-openssl-1.1.3.Final.jar at spark://34b334fe6b50:45359/files/org.wildfly.openssl_wildfly-openssl-1.1.3.Final.jar with timestamp 1751872802924
[2025-07-07T07:20:04.146+0000] {spark_submit.py:634} INFO - 25/07/07 07:20:04 INFO Utils: Copying /home/***/.ivy2.5.2/jars/org.wildfly.openssl_wildfly-openssl-1.1.3.Final.jar to /tmp/spark-d73bab85-be59-4a8e-a50a-f2d11ab05624/userFiles-765f0152-746d-46b8-84fc-1b7b65d6ef3f/org.wildfly.openssl_wildfly-openssl-1.1.3.Final.jar
[2025-07-07T07:20:04.159+0000] {spark_submit.py:634} INFO - 25/07/07 07:20:04 INFO SecurityManager: Changing view acls to: ***
[2025-07-07T07:20:04.159+0000] {spark_submit.py:634} INFO - 25/07/07 07:20:04 INFO SecurityManager: Changing modify acls to: ***
[2025-07-07T07:20:04.160+0000] {spark_submit.py:634} INFO - 25/07/07 07:20:04 INFO SecurityManager: Changing view acls groups to: ***
[2025-07-07T07:20:04.160+0000] {spark_submit.py:634} INFO - 25/07/07 07:20:04 INFO SecurityManager: Changing modify acls groups to: ***
[2025-07-07T07:20:04.160+0000] {spark_submit.py:634} INFO - 25/07/07 07:20:04 INFO SecurityManager: SecurityManager: authentication disabled; ui acls disabled; users with view permissions: *** groups with view permissions: EMPTY; users with modify permissions: ***; groups with modify permissions: EMPTY; RPC SSL disabled
[2025-07-07T07:20:04.343+0000] {spark_submit.py:634} INFO - 25/07/07 07:20:04 INFO StandaloneAppClient$ClientEndpoint: Connecting to master spark://spark-master:7077...
[2025-07-07T07:20:04.429+0000] {spark_submit.py:634} INFO - 25/07/07 07:20:04 INFO TransportClientFactory: Successfully created connection to spark-master/172.21.0.2:7077 after 16 ms (0 ms spent in bootstraps)
[2025-07-07T07:20:04.525+0000] {spark_submit.py:634} INFO - 25/07/07 07:20:04 INFO StandaloneSchedulerBackend: Connected to Spark cluster with app ID app-20250707072004-0005
[2025-07-07T07:20:04.528+0000] {spark_submit.py:634} INFO - 25/07/07 07:20:04 INFO StandaloneAppClient$ClientEndpoint: Executor added: app-20250707072004-0005/0 on worker-20250707060603-172.21.0.7-41279 (172.21.0.7:41279) with 2 core(s)
[2025-07-07T07:20:04.530+0000] {spark_submit.py:634} INFO - 25/07/07 07:20:04 INFO StandaloneSchedulerBackend: Granted executor ID app-20250707072004-0005/0 on hostPort 172.21.0.7:41279 with 2 core(s), 1024.0 MiB RAM
[2025-07-07T07:20:04.532+0000] {spark_submit.py:634} INFO - 25/07/07 07:20:04 INFO Utils: Successfully started service 'org.apache.spark.network.netty.NettyBlockTransferService' on port 34049.
[2025-07-07T07:20:04.532+0000] {spark_submit.py:634} INFO - 25/07/07 07:20:04 INFO NettyBlockTransferService: Server created on 34b334fe6b50:34049
[2025-07-07T07:20:04.534+0000] {spark_submit.py:634} INFO - 25/07/07 07:20:04 INFO BlockManager: Using org.apache.spark.storage.RandomBlockReplicationPolicy for block replication policy
[2025-07-07T07:20:04.542+0000] {spark_submit.py:634} INFO - 25/07/07 07:20:04 INFO BlockManagerMaster: Registering BlockManager BlockManagerId(driver, 34b334fe6b50, 34049, None)
[2025-07-07T07:20:04.607+0000] {spark_submit.py:634} INFO - 25/07/07 07:20:04 INFO BlockManagerMasterEndpoint: Registering block manager 34b334fe6b50:34049 with 413.9 MiB RAM, BlockManagerId(driver, 34b334fe6b50, 34049, None)
[2025-07-07T07:20:04.608+0000] {spark_submit.py:634} INFO - 25/07/07 07:20:04 INFO BlockManagerMaster: Registered BlockManager BlockManagerId(driver, 34b334fe6b50, 34049, None)
[2025-07-07T07:20:04.609+0000] {spark_submit.py:634} INFO - 25/07/07 07:20:04 INFO StandaloneAppClient$ClientEndpoint: Executor updated: app-20250707072004-0005/0 is now RUNNING
[2025-07-07T07:20:04.609+0000] {spark_submit.py:634} INFO - 25/07/07 07:20:04 INFO BlockManager: Initialized BlockManager: BlockManagerId(driver, 34b334fe6b50, 34049, None)
[2025-07-07T07:20:04.836+0000] {spark_submit.py:634} INFO - 25/07/07 07:20:04 INFO StandaloneSchedulerBackend: SchedulerBackend is ready for scheduling beginning after reached minRegisteredResourcesRatio: 0.0
[2025-07-07T07:20:05.827+0000] {spark_submit.py:634} INFO - 25/07/07 07:20:05 INFO StandaloneSchedulerBackend$StandaloneDriverEndpoint: Registered executor NettyRpcEndpointRef(spark-client://Executor) (172.21.0.7:51314) with ID 0, ResourceProfileId 0
[2025-07-07T07:20:05.909+0000] {spark_submit.py:634} INFO - 25/07/07 07:20:05 INFO BlockManagerMasterEndpoint: Registering block manager 172.21.0.7:35207 with 434.4 MiB RAM, BlockManagerId(0, 172.21.0.7, 35207, None)
[2025-07-07T07:20:07.625+0000] {spark_submit.py:634} INFO - Đang đọc dữ liệu từ các đường dẫn MinIO sau: ['s3a://hasaki-datalake/ga4-data/1.parquet']
[2025-07-07T07:20:08.367+0000] {spark_submit.py:634} INFO - 25/07/07 07:20:08 WARN MetricsConfig: Cannot locate configuration: tried hadoop-metrics2-s3a-file-system.properties,hadoop-metrics2.properties
[2025-07-07T07:20:11.325+0000] {spark_submit.py:634} INFO - Python-dotenv could not parse statement starting at line 2
[2025-07-07T07:20:11.670+0000] {spark_submit.py:634} INFO - 25/07/07 07:20:11 WARN SparkStringUtils: Truncated the string representation of a plan since it was too large. This behavior can be adjusted by setting 'spark.sql.debug.maxToStringFields'.
[2025-07-07T07:20:15.555+0000] {spark_submit.py:634} INFO - ------------------------Dữ liệu đã được ghi thành công vào ClickHouse------------------------
[2025-07-07T07:20:15.932+0000] {spark_submit.py:634} INFO - -------------Stop SparkSession-------------
[2025-07-07T07:20:16.058+0000] {taskinstance.py:441} INFO - ::group::Post task execution logs
[2025-07-07T07:20:16.066+0000] {taskinstance.py:1205} INFO - Marking task as SUCCESS. dag_id=minio_ga4_new_file_detector, task_id=spark_write_data, execution_date=20250707T065338, start_date=20250707T071958, end_date=20250707T072016
[2025-07-07T07:20:16.115+0000] {local_task_job_runner.py:240} INFO - Task exited with return code 0
[2025-07-07T07:20:16.126+0000] {taskinstance.py:3482} INFO - 0 downstream tasks scheduled from follow-on schedule check
[2025-07-07T07:20:16.127+0000] {local_task_job_runner.py:222} INFO - ::endgroup::
