[2025-07-03T13:03:03.513+0000] {local_task_job_runner.py:120} INFO - ::group::Pre task execution logs
[2025-07-03T13:03:03.529+0000] {taskinstance.py:2073} INFO - Dependencies all met for dep_context=non-requeueable deps ti=<TaskInstance: simple_minio_check.check_dependencies manual__2025-07-03T13:03:03.147481+00:00 [queued]>
[2025-07-03T13:03:03.533+0000] {taskinstance.py:2073} INFO - Dependencies all met for dep_context=requeueable deps ti=<TaskInstance: simple_minio_check.check_dependencies manual__2025-07-03T13:03:03.147481+00:00 [queued]>
[2025-07-03T13:03:03.533+0000] {taskinstance.py:2303} INFO - Starting attempt 1 of 1
[2025-07-03T13:03:03.541+0000] {taskinstance.py:2327} INFO - Executing <Task(PythonOperator): check_dependencies> on 2025-07-03 13:03:03.147481+00:00
[2025-07-03T13:03:03.546+0000] {standard_task_runner.py:63} INFO - Started process 689 to run task
[2025-07-03T13:03:03.549+0000] {standard_task_runner.py:90} INFO - Running: ['***', 'tasks', 'run', 'simple_minio_check', 'check_dependencies', 'manual__2025-07-03T13:03:03.147481+00:00', '--job-id', '6', '--raw', '--subdir', 'DAGS_FOLDER/test_connection_to_minio.py', '--cfg-path', '/tmp/tmp9dakrtxc']
[2025-07-03T13:03:03.550+0000] {standard_task_runner.py:91} INFO - Job 6: Subtask check_dependencies
[2025-07-03T13:03:03.559+0000] {logging_mixin.py:188} WARNING - /home/***/.local/lib/python3.11/site-packages/***/settings.py:195 DeprecationWarning: The sql_alchemy_conn option in [core] has been moved to the sql_alchemy_conn option in [database] - the old setting has been used, but please update your config.
[2025-07-03T13:03:03.581+0000] {task_command.py:426} INFO - Running <TaskInstance: simple_minio_check.check_dependencies manual__2025-07-03T13:03:03.147481+00:00 [running]> on host 8cef375d7ad3
[2025-07-03T13:03:03.638+0000] {taskinstance.py:2644} INFO - Exporting env vars: AIRFLOW_CTX_DAG_OWNER='***' AIRFLOW_CTX_DAG_ID='simple_minio_check' AIRFLOW_CTX_TASK_ID='check_dependencies' AIRFLOW_CTX_EXECUTION_DATE='2025-07-03T13:03:03.147481+00:00' AIRFLOW_CTX_TRY_NUMBER='1' AIRFLOW_CTX_DAG_RUN_ID='manual__2025-07-03T13:03:03.147481+00:00'
[2025-07-03T13:03:03.638+0000] {taskinstance.py:430} INFO - ::endgroup::
[2025-07-03T13:03:03.645+0000] {logging_mixin.py:188} INFO - 📦 Checking dependencies...
[2025-07-03T13:03:03.645+0000] {logging_mixin.py:188} INFO - ✅ boto3 is available
[2025-07-03T13:03:03.646+0000] {logging_mixin.py:188} INFO - ✅ botocore is available
[2025-07-03T13:03:03.646+0000] {logging_mixin.py:188} INFO - ✅ All dependencies are ready
[2025-07-03T13:03:03.646+0000] {python.py:237} INFO - Done. Returned value was: True
[2025-07-03T13:03:03.646+0000] {taskinstance.py:441} INFO - ::group::Post task execution logs
[2025-07-03T13:03:03.659+0000] {taskinstance.py:1205} INFO - Marking task as SUCCESS. dag_id=simple_minio_check, task_id=check_dependencies, execution_date=20250703T130303, start_date=20250703T130303, end_date=20250703T130303
[2025-07-03T13:03:03.680+0000] {local_task_job_runner.py:240} INFO - Task exited with return code 0
[2025-07-03T13:03:03.699+0000] {taskinstance.py:3482} INFO - 1 downstream tasks scheduled from follow-on schedule check
[2025-07-03T13:03:03.700+0000] {local_task_job_runner.py:222} INFO - ::endgroup::
