[2025-07-04T01:31:07.240+0000] {local_task_job_runner.py:120} INFO - ::group::Pre task execution logs
[2025-07-04T01:31:07.255+0000] {taskinstance.py:2073} INFO - Dependencies all met for dep_context=non-requeueable deps ti=<TaskInstance: connect_to_minio.explore_bucket_structure scheduled__2025-07-03T00:00:00+00:00 [queued]>
[2025-07-04T01:31:07.259+0000] {taskinstance.py:2073} INFO - Dependencies all met for dep_context=requeueable deps ti=<TaskInstance: connect_to_minio.explore_bucket_structure scheduled__2025-07-03T00:00:00+00:00 [queued]>
[2025-07-04T01:31:07.259+0000] {taskinstance.py:2303} INFO - Starting attempt 1 of 1
[2025-07-04T01:31:07.265+0000] {taskinstance.py:2327} INFO - Executing <Task(PythonOperator): explore_bucket_structure> on 2025-07-03 00:00:00+00:00
[2025-07-04T01:31:07.268+0000] {standard_task_runner.py:63} INFO - Started process 191 to run task
[2025-07-04T01:31:07.271+0000] {standard_task_runner.py:90} INFO - Running: ['***', 'tasks', 'run', 'connect_to_minio', 'explore_bucket_structure', 'scheduled__2025-07-03T00:00:00+00:00', '--job-id', '50', '--raw', '--subdir', 'DAGS_FOLDER/test_connection_to_minio.py', '--cfg-path', '/tmp/tmp84h76xd2']
[2025-07-04T01:31:07.273+0000] {standard_task_runner.py:91} INFO - Job 50: Subtask explore_bucket_structure
[2025-07-04T01:31:07.280+0000] {logging_mixin.py:188} WARNING - /home/***/.local/lib/python3.11/site-packages/***/settings.py:195 DeprecationWarning: The sql_alchemy_conn option in [core] has been moved to the sql_alchemy_conn option in [database] - the old setting has been used, but please update your config.
[2025-07-04T01:31:07.299+0000] {task_command.py:426} INFO - Running <TaskInstance: connect_to_minio.explore_bucket_structure scheduled__2025-07-03T00:00:00+00:00 [running]> on host 0f95c2c3c3d6
[2025-07-04T01:31:07.347+0000] {taskinstance.py:2644} INFO - Exporting env vars: AIRFLOW_CTX_DAG_OWNER='***' AIRFLOW_CTX_DAG_ID='connect_to_minio' AIRFLOW_CTX_TASK_ID='explore_bucket_structure' AIRFLOW_CTX_EXECUTION_DATE='2025-07-03T00:00:00+00:00' AIRFLOW_CTX_TRY_NUMBER='1' AIRFLOW_CTX_DAG_RUN_ID='scheduled__2025-07-03T00:00:00+00:00'
[2025-07-04T01:31:07.347+0000] {taskinstance.py:430} INFO - ::endgroup::
[2025-07-04T01:31:07.493+0000] {logging_mixin.py:188} INFO - 
 TOP-LEVEL DIRECTORIES:
[2025-07-04T01:31:07.592+0000] {logging_mixin.py:188} INFO - facebook-ads
[2025-07-04T01:31:07.592+0000] {logging_mixin.py:188} INFO - ga4-data
[2025-07-04T01:31:07.592+0000] {logging_mixin.py:188} INFO - google-ads
[2025-07-04T01:31:07.592+0000] {logging_mixin.py:188} INFO - shopee
[2025-07-04T01:31:07.592+0000] {logging_mixin.py:188} INFO - shopee_ads
[2025-07-04T01:31:07.592+0000] {logging_mixin.py:188} INFO - shopee_orders
[2025-07-04T01:31:07.604+0000] {logging_mixin.py:188} INFO - 
 Found 6 directories
[2025-07-04T01:31:07.605+0000] {python.py:237} INFO - Done. Returned value was: ['facebook-ads', 'ga4-data', 'google-ads', 'shopee', 'shopee_ads', 'shopee_orders']
[2025-07-04T01:31:07.606+0000] {taskinstance.py:441} INFO - ::group::Post task execution logs
[2025-07-04T01:31:07.624+0000] {taskinstance.py:1205} INFO - Marking task as SUCCESS. dag_id=connect_to_minio, task_id=explore_bucket_structure, execution_date=20250703T000000, start_date=20250704T013107, end_date=20250704T013107
[2025-07-04T01:31:07.642+0000] {local_task_job_runner.py:240} INFO - Task exited with return code 0
[2025-07-04T01:31:07.659+0000] {taskinstance.py:3482} INFO - 1 downstream tasks scheduled from follow-on schedule check
[2025-07-04T01:31:07.660+0000] {local_task_job_runner.py:222} INFO - ::endgroup::
[2025-07-04T07:45:08.610+0000] {local_task_job_runner.py:120} INFO - ::group::Pre task execution logs
[2025-07-04T07:45:08.629+0000] {taskinstance.py:2073} INFO - Dependencies all met for dep_context=non-requeueable deps ti=<TaskInstance: connect_to_minio.explore_bucket_structure scheduled__2025-07-03T00:00:00+00:00 [queued]>
[2025-07-04T07:45:08.634+0000] {taskinstance.py:2073} INFO - Dependencies all met for dep_context=requeueable deps ti=<TaskInstance: connect_to_minio.explore_bucket_structure scheduled__2025-07-03T00:00:00+00:00 [queued]>
[2025-07-04T07:45:08.634+0000] {taskinstance.py:2303} INFO - Starting attempt 1 of 1
[2025-07-04T07:45:08.639+0000] {taskinstance.py:2327} INFO - Executing <Task(PythonOperator): explore_bucket_structure> on 2025-07-03 00:00:00+00:00
[2025-07-04T07:45:08.644+0000] {standard_task_runner.py:63} INFO - Started process 2433 to run task
[2025-07-04T07:45:08.648+0000] {standard_task_runner.py:90} INFO - Running: ['***', 'tasks', 'run', 'connect_to_minio', 'explore_bucket_structure', 'scheduled__2025-07-03T00:00:00+00:00', '--job-id', '2', '--raw', '--subdir', 'DAGS_FOLDER/test_connection_to_minio.py', '--cfg-path', '/tmp/tmpm0s_u15k']
[2025-07-04T07:45:08.649+0000] {standard_task_runner.py:91} INFO - Job 2: Subtask explore_bucket_structure
[2025-07-04T07:45:08.657+0000] {logging_mixin.py:188} WARNING - /home/***/.local/lib/python3.11/site-packages/***/settings.py:195 DeprecationWarning: The sql_alchemy_conn option in [core] has been moved to the sql_alchemy_conn option in [database] - the old setting has been used, but please update your config.
[2025-07-04T07:45:08.678+0000] {task_command.py:426} INFO - Running <TaskInstance: connect_to_minio.explore_bucket_structure scheduled__2025-07-03T00:00:00+00:00 [running]> on host dd53cfd6a5de
[2025-07-04T07:45:08.719+0000] {taskinstance.py:2644} INFO - Exporting env vars: AIRFLOW_CTX_DAG_OWNER='***' AIRFLOW_CTX_DAG_ID='connect_to_minio' AIRFLOW_CTX_TASK_ID='explore_bucket_structure' AIRFLOW_CTX_EXECUTION_DATE='2025-07-03T00:00:00+00:00' AIRFLOW_CTX_TRY_NUMBER='1' AIRFLOW_CTX_DAG_RUN_ID='scheduled__2025-07-03T00:00:00+00:00'
[2025-07-04T07:45:08.720+0000] {taskinstance.py:430} INFO - ::endgroup::
[2025-07-04T07:45:08.796+0000] {logging_mixin.py:188} INFO - 
 TOP-LEVEL DIRECTORIES:
[2025-07-04T07:45:08.918+0000] {logging_mixin.py:188} INFO - facebook-ads
[2025-07-04T07:45:08.918+0000] {logging_mixin.py:188} INFO - ga4-data
[2025-07-04T07:45:08.918+0000] {logging_mixin.py:188} INFO - google-ads
[2025-07-04T07:45:08.918+0000] {logging_mixin.py:188} INFO - shopee
[2025-07-04T07:45:08.918+0000] {logging_mixin.py:188} INFO - shopee_ads
[2025-07-04T07:45:08.918+0000] {logging_mixin.py:188} INFO - shopee_orders
[2025-07-04T07:45:08.940+0000] {python.py:237} INFO - Done. Returned value was: ['facebook-ads', 'ga4-data', 'google-ads', 'shopee', 'shopee_ads', 'shopee_orders']
[2025-07-04T07:45:08.940+0000] {taskinstance.py:441} INFO - ::group::Post task execution logs
[2025-07-04T07:45:08.959+0000] {taskinstance.py:1205} INFO - Marking task as SUCCESS. dag_id=connect_to_minio, task_id=explore_bucket_structure, execution_date=20250703T000000, start_date=20250704T074508, end_date=20250704T074508
[2025-07-04T07:45:08.977+0000] {local_task_job_runner.py:240} INFO - Task exited with return code 0
[2025-07-04T07:45:08.991+0000] {taskinstance.py:3482} INFO - 1 downstream tasks scheduled from follow-on schedule check
[2025-07-04T07:45:08.992+0000] {local_task_job_runner.py:222} INFO - ::endgroup::
