[2025-07-04T02:15:44.864+0000] {local_task_job_runner.py:120} INFO - ::group::Pre task execution logs
[2025-07-04T02:15:44.881+0000] {taskinstance.py:2073} INFO - Dependencies all met for dep_context=non-requeueable deps ti=<TaskInstance: connect_to_minio.explore_bucket_structure scheduled__2025-07-03T00:00:00+00:00 [queued]>
[2025-07-04T02:15:44.885+0000] {taskinstance.py:2073} INFO - Dependencies all met for dep_context=requeueable deps ti=<TaskInstance: connect_to_minio.explore_bucket_structure scheduled__2025-07-03T00:00:00+00:00 [queued]>
[2025-07-04T02:15:44.885+0000] {taskinstance.py:2303} INFO - Starting attempt 11 of 11
[2025-07-04T02:15:44.890+0000] {taskinstance.py:2327} INFO - Executing <Task(PythonOperator): explore_bucket_structure> on 2025-07-03 00:00:00+00:00
[2025-07-04T02:15:44.895+0000] {standard_task_runner.py:63} INFO - Started process 575 to run task
[2025-07-04T02:15:44.899+0000] {standard_task_runner.py:90} INFO - Running: ['***', 'tasks', 'run', 'connect_to_minio', 'explore_bucket_structure', 'scheduled__2025-07-03T00:00:00+00:00', '--job-id', '81', '--raw', '--subdir', 'DAGS_FOLDER/test_connection_to_minio.py', '--cfg-path', '/tmp/tmpc2r81b5j']
[2025-07-04T02:15:44.900+0000] {standard_task_runner.py:91} INFO - Job 81: Subtask explore_bucket_structure
[2025-07-04T02:15:44.909+0000] {logging_mixin.py:188} WARNING - /home/***/.local/lib/python3.11/site-packages/***/settings.py:195 DeprecationWarning: The sql_alchemy_conn option in [core] has been moved to the sql_alchemy_conn option in [database] - the old setting has been used, but please update your config.
[2025-07-04T02:15:44.929+0000] {task_command.py:426} INFO - Running <TaskInstance: connect_to_minio.explore_bucket_structure scheduled__2025-07-03T00:00:00+00:00 [running]> on host a419d8548e77
[2025-07-04T02:15:44.977+0000] {taskinstance.py:2644} INFO - Exporting env vars: AIRFLOW_CTX_DAG_OWNER='***' AIRFLOW_CTX_DAG_ID='connect_to_minio' AIRFLOW_CTX_TASK_ID='explore_bucket_structure' AIRFLOW_CTX_EXECUTION_DATE='2025-07-03T00:00:00+00:00' AIRFLOW_CTX_TRY_NUMBER='11' AIRFLOW_CTX_DAG_RUN_ID='scheduled__2025-07-03T00:00:00+00:00'
[2025-07-04T02:15:44.977+0000] {taskinstance.py:430} INFO - ::endgroup::
[2025-07-04T02:15:45.029+0000] {logging_mixin.py:188} INFO - 
 TOP-LEVEL DIRECTORIES:
[2025-07-04T02:15:45.158+0000] {logging_mixin.py:188} INFO - facebook-ads
[2025-07-04T02:15:45.158+0000] {logging_mixin.py:188} INFO - ga4-data
[2025-07-04T02:15:45.158+0000] {logging_mixin.py:188} INFO - google-ads
[2025-07-04T02:15:45.158+0000] {logging_mixin.py:188} INFO - shopee
[2025-07-04T02:15:45.159+0000] {logging_mixin.py:188} INFO - shopee_ads
[2025-07-04T02:15:45.159+0000] {logging_mixin.py:188} INFO - shopee_orders
[2025-07-04T02:15:45.179+0000] {python.py:237} INFO - Done. Returned value was: ['facebook-ads', 'ga4-data', 'google-ads', 'shopee', 'shopee_ads', 'shopee_orders']
[2025-07-04T02:15:45.179+0000] {taskinstance.py:441} INFO - ::group::Post task execution logs
[2025-07-04T02:15:45.191+0000] {taskinstance.py:1205} INFO - Marking task as SUCCESS. dag_id=connect_to_minio, task_id=explore_bucket_structure, execution_date=20250703T000000, start_date=20250704T021544, end_date=20250704T021545
[2025-07-04T02:15:45.228+0000] {local_task_job_runner.py:240} INFO - Task exited with return code 0
[2025-07-04T02:15:45.251+0000] {taskinstance.py:3482} INFO - 1 downstream tasks scheduled from follow-on schedule check
[2025-07-04T02:15:45.252+0000] {local_task_job_runner.py:222} INFO - ::endgroup::
