[2025-07-04T02:20:04.633+0000] {local_task_job_runner.py:120} INFO - ::group::Pre task execution logs
[2025-07-04T02:20:04.648+0000] {taskinstance.py:2073} INFO - Dependencies all met for dep_context=non-requeueable deps ti=<TaskInstance: connect_to_minio.explore_bucket_structure scheduled__2025-07-03T00:00:00+00:00 [queued]>
[2025-07-04T02:20:04.652+0000] {taskinstance.py:2073} INFO - Dependencies all met for dep_context=requeueable deps ti=<TaskInstance: connect_to_minio.explore_bucket_structure scheduled__2025-07-03T00:00:00+00:00 [queued]>
[2025-07-04T02:20:04.652+0000] {taskinstance.py:2303} INFO - Starting attempt 12 of 12
[2025-07-04T02:20:04.657+0000] {taskinstance.py:2327} INFO - Executing <Task(PythonOperator): explore_bucket_structure> on 2025-07-03 00:00:00+00:00
[2025-07-04T02:20:04.661+0000] {standard_task_runner.py:63} INFO - Started process 697 to run task
[2025-07-04T02:20:04.663+0000] {standard_task_runner.py:90} INFO - Running: ['***', 'tasks', 'run', 'connect_to_minio', 'explore_bucket_structure', 'scheduled__2025-07-03T00:00:00+00:00', '--job-id', '84', '--raw', '--subdir', 'DAGS_FOLDER/test_connection_to_minio.py', '--cfg-path', '/tmp/tmpy9rjlvd9']
[2025-07-04T02:20:04.664+0000] {standard_task_runner.py:91} INFO - Job 84: Subtask explore_bucket_structure
[2025-07-04T02:20:04.674+0000] {logging_mixin.py:188} WARNING - /home/***/.local/lib/python3.11/site-packages/***/settings.py:195 DeprecationWarning: The sql_alchemy_conn option in [core] has been moved to the sql_alchemy_conn option in [database] - the old setting has been used, but please update your config.
[2025-07-04T02:20:04.691+0000] {task_command.py:426} INFO - Running <TaskInstance: connect_to_minio.explore_bucket_structure scheduled__2025-07-03T00:00:00+00:00 [running]> on host a419d8548e77
[2025-07-04T02:20:04.737+0000] {taskinstance.py:2644} INFO - Exporting env vars: AIRFLOW_CTX_DAG_OWNER='***' AIRFLOW_CTX_DAG_ID='connect_to_minio' AIRFLOW_CTX_TASK_ID='explore_bucket_structure' AIRFLOW_CTX_EXECUTION_DATE='2025-07-03T00:00:00+00:00' AIRFLOW_CTX_TRY_NUMBER='12' AIRFLOW_CTX_DAG_RUN_ID='scheduled__2025-07-03T00:00:00+00:00'
[2025-07-04T02:20:04.737+0000] {taskinstance.py:430} INFO - ::endgroup::
[2025-07-04T02:20:04.787+0000] {logging_mixin.py:188} INFO - 
 TOP-LEVEL DIRECTORIES:
[2025-07-04T02:20:05.068+0000] {logging_mixin.py:188} INFO - facebook-ads
[2025-07-04T02:20:05.069+0000] {logging_mixin.py:188} INFO - ga4-data
[2025-07-04T02:20:05.069+0000] {logging_mixin.py:188} INFO - google-ads
[2025-07-04T02:20:05.069+0000] {logging_mixin.py:188} INFO - shopee
[2025-07-04T02:20:05.069+0000] {logging_mixin.py:188} INFO - shopee_ads
[2025-07-04T02:20:05.069+0000] {logging_mixin.py:188} INFO - shopee_orders
[2025-07-04T02:20:05.092+0000] {python.py:237} INFO - Done. Returned value was: ['facebook-ads', 'ga4-data', 'google-ads', 'shopee', 'shopee_ads', 'shopee_orders']
[2025-07-04T02:20:05.093+0000] {taskinstance.py:441} INFO - ::group::Post task execution logs
[2025-07-04T02:20:05.111+0000] {taskinstance.py:1205} INFO - Marking task as SUCCESS. dag_id=connect_to_minio, task_id=explore_bucket_structure, execution_date=20250703T000000, start_date=20250704T022004, end_date=20250704T022005
[2025-07-04T02:20:05.155+0000] {local_task_job_runner.py:240} INFO - Task exited with return code 0
[2025-07-04T02:20:05.172+0000] {taskinstance.py:3482} INFO - 1 downstream tasks scheduled from follow-on schedule check
[2025-07-04T02:20:05.173+0000] {local_task_job_runner.py:222} INFO - ::endgroup::
