[2025-07-07T07:27:56.092+0000] {local_task_job_runner.py:120} INFO - ::group::Pre task execution logs
[2025-07-07T07:27:56.111+0000] {taskinstance.py:2073} INFO - Dependencies all met for dep_context=non-requeueable deps ti=<TaskInstance: minio_ga4_new_file_detector.detect_new_ga4_data manual__2025-07-07T06:53:38.076557+00:00 [queued]>
[2025-07-07T07:27:56.114+0000] {taskinstance.py:2073} INFO - Dependencies all met for dep_context=requeueable deps ti=<TaskInstance: minio_ga4_new_file_detector.detect_new_ga4_data manual__2025-07-07T06:53:38.076557+00:00 [queued]>
[2025-07-07T07:27:56.114+0000] {taskinstance.py:2303} INFO - Starting attempt 14 of 15
[2025-07-07T07:27:56.120+0000] {taskinstance.py:2327} INFO - Executing <Task(PythonOperator): detect_new_ga4_data> on 2025-07-07 06:53:38.076557+00:00
[2025-07-07T07:27:56.124+0000] {standard_task_runner.py:63} INFO - Started process 4521 to run task
[2025-07-07T07:27:56.127+0000] {standard_task_runner.py:90} INFO - Running: ['***', 'tasks', 'run', 'minio_ga4_new_file_detector', 'detect_new_ga4_data', 'manual__2025-07-07T06:53:38.076557+00:00', '--job-id', '165', '--raw', '--subdir', 'DAGS_FOLDER/dag_automatic.py', '--cfg-path', '/tmp/tmpj5nb_cr7']
[2025-07-07T07:27:56.129+0000] {standard_task_runner.py:91} INFO - Job 165: Subtask detect_new_ga4_data
[2025-07-07T07:27:56.139+0000] {logging_mixin.py:188} WARNING - /home/***/.local/lib/python3.11/site-packages/***/settings.py:195 DeprecationWarning: The sql_alchemy_conn option in [core] has been moved to the sql_alchemy_conn option in [database] - the old setting has been used, but please update your config.
[2025-07-07T07:27:56.158+0000] {task_command.py:426} INFO - Running <TaskInstance: minio_ga4_new_file_detector.detect_new_ga4_data manual__2025-07-07T06:53:38.076557+00:00 [running]> on host 34b334fe6b50
[2025-07-07T07:27:56.214+0000] {taskinstance.py:2644} INFO - Exporting env vars: AIRFLOW_CTX_DAG_OWNER='***' AIRFLOW_CTX_DAG_ID='minio_ga4_new_file_detector' AIRFLOW_CTX_TASK_ID='detect_new_ga4_data' AIRFLOW_CTX_EXECUTION_DATE='2025-07-07T06:53:38.076557+00:00' AIRFLOW_CTX_TRY_NUMBER='14' AIRFLOW_CTX_DAG_RUN_ID='manual__2025-07-07T06:53:38.076557+00:00'
[2025-07-07T07:27:56.215+0000] {taskinstance.py:430} INFO - ::endgroup::
[2025-07-07T07:27:56.280+0000] {logging_mixin.py:188} INFO - Bắt đầu kiểm tra các file mới hơn timestamp: 2025-07-07T07:19:49.959000+00:00
[2025-07-07T07:27:56.291+0000] {logging_mixin.py:188} INFO - --------------------------------------------------------2025-07-07 07:27:42.553000+00:00
[2025-07-07T07:27:56.291+0000] {logging_mixin.py:188} INFO - 🎉 Tìm thấy 1 file GA4 mới:
[2025-07-07T07:27:56.291+0000] {logging_mixin.py:188} INFO - - ga4-data/1.parquet
[2025-07-07T07:27:56.298+0000] {python.py:237} INFO - Done. Returned value was: True
[2025-07-07T07:27:56.299+0000] {taskinstance.py:441} INFO - ::group::Post task execution logs
[2025-07-07T07:27:56.310+0000] {taskinstance.py:1205} INFO - Marking task as SUCCESS. dag_id=minio_ga4_new_file_detector, task_id=detect_new_ga4_data, execution_date=20250707T065338, start_date=20250707T072756, end_date=20250707T072756
[2025-07-07T07:27:56.337+0000] {local_task_job_runner.py:240} INFO - Task exited with return code 0
[2025-07-07T07:27:56.358+0000] {taskinstance.py:3482} INFO - 1 downstream tasks scheduled from follow-on schedule check
[2025-07-07T07:27:56.359+0000] {local_task_job_runner.py:222} INFO - ::endgroup::
