[2025-07-07T07:02:33.850+0000] {local_task_job_runner.py:120} INFO - ::group::Pre task execution logs
[2025-07-07T07:02:33.905+0000] {taskinstance.py:2073} INFO - Dependencies all met for dep_context=non-requeueable deps ti=<TaskInstance: minio_ga4_new_file_detector.detect_new_ga4_data manual__2025-07-07T06:53:38.076557+00:00 [queued]>
[2025-07-07T07:02:33.910+0000] {taskinstance.py:2073} INFO - Dependencies all met for dep_context=requeueable deps ti=<TaskInstance: minio_ga4_new_file_detector.detect_new_ga4_data manual__2025-07-07T06:53:38.076557+00:00 [queued]>
[2025-07-07T07:02:33.910+0000] {taskinstance.py:2303} INFO - Starting attempt 5 of 6
[2025-07-07T07:02:33.916+0000] {taskinstance.py:2327} INFO - Executing <Task(PythonOperator): detect_new_ga4_data> on 2025-07-07 06:53:38.076557+00:00
[2025-07-07T07:02:33.920+0000] {standard_task_runner.py:63} INFO - Started process 2973 to run task
[2025-07-07T07:02:33.925+0000] {standard_task_runner.py:90} INFO - Running: ['***', 'tasks', 'run', 'minio_ga4_new_file_detector', 'detect_new_ga4_data', 'manual__2025-07-07T06:53:38.076557+00:00', '--job-id', '144', '--raw', '--subdir', 'DAGS_FOLDER/dag_automatic.py', '--cfg-path', '/tmp/tmpowh2xw3f']
[2025-07-07T07:02:33.926+0000] {standard_task_runner.py:91} INFO - Job 144: Subtask detect_new_ga4_data
[2025-07-07T07:02:33.934+0000] {logging_mixin.py:188} WARNING - /home/***/.local/lib/python3.11/site-packages/***/settings.py:195 DeprecationWarning: The sql_alchemy_conn option in [core] has been moved to the sql_alchemy_conn option in [database] - the old setting has been used, but please update your config.
[2025-07-07T07:02:33.952+0000] {task_command.py:426} INFO - Running <TaskInstance: minio_ga4_new_file_detector.detect_new_ga4_data manual__2025-07-07T06:53:38.076557+00:00 [running]> on host 34b334fe6b50
[2025-07-07T07:02:34.060+0000] {taskinstance.py:2644} INFO - Exporting env vars: AIRFLOW_CTX_DAG_OWNER='***' AIRFLOW_CTX_DAG_ID='minio_ga4_new_file_detector' AIRFLOW_CTX_TASK_ID='detect_new_ga4_data' AIRFLOW_CTX_EXECUTION_DATE='2025-07-07T06:53:38.076557+00:00' AIRFLOW_CTX_TRY_NUMBER='5' AIRFLOW_CTX_DAG_RUN_ID='manual__2025-07-07T06:53:38.076557+00:00'
[2025-07-07T07:02:34.060+0000] {taskinstance.py:430} INFO - ::endgroup::
[2025-07-07T07:02:34.214+0000] {logging_mixin.py:188} INFO - Bắt đầu kiểm tra các file mới hơn timestamp: 2025-07-07T06:11:42+00:00
[2025-07-07T07:02:34.227+0000] {logging_mixin.py:188} INFO - --------------------------------------------------------2025-07-07 06:11:42.444000+00:00
[2025-07-07T07:02:34.227+0000] {logging_mixin.py:188} INFO - 🎉 Tìm thấy 1 file GA4 mới:
[2025-07-07T07:02:34.227+0000] {logging_mixin.py:188} INFO - - ga4-data/1.parquet
[2025-07-07T07:02:34.249+0000] {crypto.py:82} WARNING - empty cryptography key - values will not be stored encrypted.
[2025-07-07T07:02:34.251+0000] {python.py:237} INFO - Done. Returned value was: True
[2025-07-07T07:02:34.252+0000] {taskinstance.py:441} INFO - ::group::Post task execution logs
[2025-07-07T07:02:34.264+0000] {taskinstance.py:1205} INFO - Marking task as SUCCESS. dag_id=minio_ga4_new_file_detector, task_id=detect_new_ga4_data, execution_date=20250707T065338, start_date=20250707T070233, end_date=20250707T070234
[2025-07-07T07:02:34.334+0000] {local_task_job_runner.py:240} INFO - Task exited with return code 0
[2025-07-07T07:02:34.345+0000] {taskinstance.py:3482} INFO - 0 downstream tasks scheduled from follow-on schedule check
[2025-07-07T07:02:34.346+0000] {local_task_job_runner.py:222} INFO - ::endgroup::
