[2025-07-08T04:05:57.645+0000] {processor.py:161} INFO - Started process (PID=187) to work on /opt/airflow/dags/dag_automatic.py
[2025-07-08T04:05:57.645+0000] {processor.py:830} INFO - Processing file /opt/airflow/dags/dag_automatic.py for tasks to queue
[2025-07-08T04:05:57.646+0000] {logging_mixin.py:188} INFO - [2025-07-08T04:05:57.646+0000] {dagbag.py:540} INFO - Filling up the DagBag from /opt/airflow/dags/dag_automatic.py
[2025-07-08T04:05:58.538+0000] {logging_mixin.py:188} WARNING - /home/airflow/.local/lib/python3.11/site-packages/airflow/models/baseoperator.py:484 RemovedInAirflow3Warning: provide_context is deprecated as of 2.0 and is no longer required
[2025-07-08T04:05:58.541+0000] {processor.py:840} INFO - DAG(s) 'minio_ga4_new_file_detector' retrieved from /opt/airflow/dags/dag_automatic.py
[2025-07-08T04:05:58.618+0000] {logging_mixin.py:188} INFO - [2025-07-08T04:05:58.617+0000] {dag.py:3096} INFO - Sync 1 DAGs
[2025-07-08T04:05:58.642+0000] {processor.py:183} INFO - Processing /opt/airflow/dags/dag_automatic.py took 1.002 seconds
[2025-07-08T04:06:28.975+0000] {processor.py:161} INFO - Started process (PID=279) to work on /opt/airflow/dags/dag_automatic.py
[2025-07-08T04:06:28.976+0000] {processor.py:830} INFO - Processing file /opt/airflow/dags/dag_automatic.py for tasks to queue
[2025-07-08T04:06:28.977+0000] {logging_mixin.py:188} INFO - [2025-07-08T04:06:28.977+0000] {dagbag.py:540} INFO - Filling up the DagBag from /opt/airflow/dags/dag_automatic.py
[2025-07-08T04:06:29.052+0000] {logging_mixin.py:188} WARNING - /home/airflow/.local/lib/python3.11/site-packages/airflow/models/baseoperator.py:484 RemovedInAirflow3Warning: provide_context is deprecated as of 2.0 and is no longer required
[2025-07-08T04:06:29.055+0000] {processor.py:840} INFO - DAG(s) 'minio_ga4_new_file_detector' retrieved from /opt/airflow/dags/dag_automatic.py
[2025-07-08T04:06:29.160+0000] {logging_mixin.py:188} INFO - [2025-07-08T04:06:29.160+0000] {dag.py:3096} INFO - Sync 1 DAGs
[2025-07-08T04:06:29.235+0000] {processor.py:183} INFO - Processing /opt/airflow/dags/dag_automatic.py took 0.266 seconds
[2025-07-08T04:06:59.356+0000] {processor.py:161} INFO - Started process (PID=330) to work on /opt/airflow/dags/dag_automatic.py
[2025-07-08T04:06:59.365+0000] {processor.py:830} INFO - Processing file /opt/airflow/dags/dag_automatic.py for tasks to queue
[2025-07-08T04:06:59.366+0000] {logging_mixin.py:188} INFO - [2025-07-08T04:06:59.366+0000] {dagbag.py:540} INFO - Filling up the DagBag from /opt/airflow/dags/dag_automatic.py
[2025-07-08T04:06:59.432+0000] {logging_mixin.py:188} WARNING - /home/airflow/.local/lib/python3.11/site-packages/airflow/models/baseoperator.py:484 RemovedInAirflow3Warning: provide_context is deprecated as of 2.0 and is no longer required
[2025-07-08T04:06:59.434+0000] {processor.py:840} INFO - DAG(s) 'minio_ga4_new_file_detector' retrieved from /opt/airflow/dags/dag_automatic.py
[2025-07-08T04:06:59.453+0000] {logging_mixin.py:188} INFO - [2025-07-08T04:06:59.453+0000] {dag.py:3096} INFO - Sync 1 DAGs
[2025-07-08T04:06:59.522+0000] {processor.py:183} INFO - Processing /opt/airflow/dags/dag_automatic.py took 0.172 seconds
[2025-07-08T04:07:29.636+0000] {processor.py:161} INFO - Started process (PID=379) to work on /opt/airflow/dags/dag_automatic.py
[2025-07-08T04:07:29.645+0000] {processor.py:830} INFO - Processing file /opt/airflow/dags/dag_automatic.py for tasks to queue
[2025-07-08T04:07:29.646+0000] {logging_mixin.py:188} INFO - [2025-07-08T04:07:29.645+0000] {dagbag.py:540} INFO - Filling up the DagBag from /opt/airflow/dags/dag_automatic.py
[2025-07-08T04:07:29.819+0000] {logging_mixin.py:188} WARNING - /home/airflow/.local/lib/python3.11/site-packages/airflow/models/baseoperator.py:484 RemovedInAirflow3Warning: provide_context is deprecated as of 2.0 and is no longer required
[2025-07-08T04:07:29.822+0000] {processor.py:840} INFO - DAG(s) 'minio_ga4_new_file_detector' retrieved from /opt/airflow/dags/dag_automatic.py
[2025-07-08T04:07:29.838+0000] {logging_mixin.py:188} INFO - [2025-07-08T04:07:29.838+0000] {dag.py:3096} INFO - Sync 1 DAGs
[2025-07-08T04:07:29.920+0000] {processor.py:183} INFO - Processing /opt/airflow/dags/dag_automatic.py took 0.289 seconds
[2025-07-08T04:08:00.061+0000] {processor.py:161} INFO - Started process (PID=415) to work on /opt/airflow/dags/dag_automatic.py
[2025-07-08T04:08:00.070+0000] {processor.py:830} INFO - Processing file /opt/airflow/dags/dag_automatic.py for tasks to queue
[2025-07-08T04:08:00.071+0000] {logging_mixin.py:188} INFO - [2025-07-08T04:08:00.071+0000] {dagbag.py:540} INFO - Filling up the DagBag from /opt/airflow/dags/dag_automatic.py
[2025-07-08T04:08:00.135+0000] {logging_mixin.py:188} WARNING - /home/airflow/.local/lib/python3.11/site-packages/airflow/models/baseoperator.py:484 RemovedInAirflow3Warning: provide_context is deprecated as of 2.0 and is no longer required
[2025-07-08T04:08:00.138+0000] {processor.py:840} INFO - DAG(s) 'minio_ga4_new_file_detector' retrieved from /opt/airflow/dags/dag_automatic.py
[2025-07-08T04:08:00.150+0000] {logging_mixin.py:188} INFO - [2025-07-08T04:08:00.150+0000] {dag.py:3096} INFO - Sync 1 DAGs
[2025-07-08T04:08:00.167+0000] {processor.py:183} INFO - Processing /opt/airflow/dags/dag_automatic.py took 0.110 seconds
[2025-07-08T04:08:30.339+0000] {processor.py:161} INFO - Started process (PID=437) to work on /opt/airflow/dags/dag_automatic.py
[2025-07-08T04:08:30.348+0000] {processor.py:830} INFO - Processing file /opt/airflow/dags/dag_automatic.py for tasks to queue
[2025-07-08T04:08:30.349+0000] {logging_mixin.py:188} INFO - [2025-07-08T04:08:30.349+0000] {dagbag.py:540} INFO - Filling up the DagBag from /opt/airflow/dags/dag_automatic.py
[2025-07-08T04:08:30.436+0000] {logging_mixin.py:188} WARNING - /home/airflow/.local/lib/python3.11/site-packages/airflow/models/baseoperator.py:484 RemovedInAirflow3Warning: provide_context is deprecated as of 2.0 and is no longer required
[2025-07-08T04:08:30.439+0000] {processor.py:840} INFO - DAG(s) 'minio_ga4_new_file_detector' retrieved from /opt/airflow/dags/dag_automatic.py
[2025-07-08T04:08:30.453+0000] {logging_mixin.py:188} INFO - [2025-07-08T04:08:30.453+0000] {dag.py:3096} INFO - Sync 1 DAGs
[2025-07-08T04:08:30.478+0000] {processor.py:183} INFO - Processing /opt/airflow/dags/dag_automatic.py took 0.143 seconds
[2025-07-08T04:09:00.658+0000] {processor.py:161} INFO - Started process (PID=558) to work on /opt/airflow/dags/dag_automatic.py
[2025-07-08T04:09:00.659+0000] {processor.py:830} INFO - Processing file /opt/airflow/dags/dag_automatic.py for tasks to queue
[2025-07-08T04:09:00.660+0000] {logging_mixin.py:188} INFO - [2025-07-08T04:09:00.659+0000] {dagbag.py:540} INFO - Filling up the DagBag from /opt/airflow/dags/dag_automatic.py
[2025-07-08T04:09:00.833+0000] {logging_mixin.py:188} WARNING - /home/airflow/.local/lib/python3.11/site-packages/airflow/models/baseoperator.py:484 RemovedInAirflow3Warning: provide_context is deprecated as of 2.0 and is no longer required
[2025-07-08T04:09:00.837+0000] {processor.py:840} INFO - DAG(s) 'minio_ga4_new_file_detector' retrieved from /opt/airflow/dags/dag_automatic.py
[2025-07-08T04:09:00.927+0000] {logging_mixin.py:188} INFO - [2025-07-08T04:09:00.927+0000] {dag.py:3096} INFO - Sync 1 DAGs
[2025-07-08T04:09:00.947+0000] {processor.py:183} INFO - Processing /opt/airflow/dags/dag_automatic.py took 0.294 seconds
[2025-07-08T04:09:31.155+0000] {processor.py:161} INFO - Started process (PID=604) to work on /opt/airflow/dags/dag_automatic.py
[2025-07-08T04:09:31.156+0000] {processor.py:830} INFO - Processing file /opt/airflow/dags/dag_automatic.py for tasks to queue
[2025-07-08T04:09:31.156+0000] {logging_mixin.py:188} INFO - [2025-07-08T04:09:31.156+0000] {dagbag.py:540} INFO - Filling up the DagBag from /opt/airflow/dags/dag_automatic.py
[2025-07-08T04:09:31.222+0000] {logging_mixin.py:188} WARNING - /home/airflow/.local/lib/python3.11/site-packages/airflow/models/baseoperator.py:484 RemovedInAirflow3Warning: provide_context is deprecated as of 2.0 and is no longer required
[2025-07-08T04:09:31.226+0000] {processor.py:840} INFO - DAG(s) 'minio_ga4_new_file_detector' retrieved from /opt/airflow/dags/dag_automatic.py
[2025-07-08T04:09:31.244+0000] {logging_mixin.py:188} INFO - [2025-07-08T04:09:31.244+0000] {dag.py:3096} INFO - Sync 1 DAGs
[2025-07-08T04:09:31.255+0000] {logging_mixin.py:188} INFO - [2025-07-08T04:09:31.255+0000] {dag.py:3954} INFO - Setting next_dagrun for minio_ga4_new_file_detector to 2025-07-08 00:00:00+00:00, run_after=2025-07-09 00:00:00+00:00
[2025-07-08T04:09:31.262+0000] {processor.py:183} INFO - Processing /opt/airflow/dags/dag_automatic.py took 0.111 seconds
[2025-07-08T04:10:01.394+0000] {processor.py:161} INFO - Started process (PID=626) to work on /opt/airflow/dags/dag_automatic.py
[2025-07-08T04:10:01.403+0000] {processor.py:830} INFO - Processing file /opt/airflow/dags/dag_automatic.py for tasks to queue
[2025-07-08T04:10:01.404+0000] {logging_mixin.py:188} INFO - [2025-07-08T04:10:01.404+0000] {dagbag.py:540} INFO - Filling up the DagBag from /opt/airflow/dags/dag_automatic.py
[2025-07-08T04:10:01.446+0000] {logging_mixin.py:188} WARNING - /home/airflow/.local/lib/python3.11/site-packages/airflow/models/baseoperator.py:484 RemovedInAirflow3Warning: provide_context is deprecated as of 2.0 and is no longer required
[2025-07-08T04:10:01.449+0000] {processor.py:840} INFO - DAG(s) 'minio_ga4_new_file_detector' retrieved from /opt/airflow/dags/dag_automatic.py
[2025-07-08T04:10:01.464+0000] {logging_mixin.py:188} INFO - [2025-07-08T04:10:01.464+0000] {dag.py:3096} INFO - Sync 1 DAGs
[2025-07-08T04:10:01.475+0000] {logging_mixin.py:188} INFO - [2025-07-08T04:10:01.475+0000] {dag.py:3954} INFO - Setting next_dagrun for minio_ga4_new_file_detector to 2025-07-08 00:00:00+00:00, run_after=2025-07-09 00:00:00+00:00
[2025-07-08T04:10:01.535+0000] {processor.py:183} INFO - Processing /opt/airflow/dags/dag_automatic.py took 0.144 seconds
[2025-07-08T04:10:31.570+0000] {processor.py:161} INFO - Started process (PID=648) to work on /opt/airflow/dags/dag_automatic.py
[2025-07-08T04:10:31.579+0000] {processor.py:830} INFO - Processing file /opt/airflow/dags/dag_automatic.py for tasks to queue
[2025-07-08T04:10:31.580+0000] {logging_mixin.py:188} INFO - [2025-07-08T04:10:31.580+0000] {dagbag.py:540} INFO - Filling up the DagBag from /opt/airflow/dags/dag_automatic.py
[2025-07-08T04:10:31.625+0000] {logging_mixin.py:188} WARNING - /home/airflow/.local/lib/python3.11/site-packages/airflow/models/baseoperator.py:484 RemovedInAirflow3Warning: provide_context is deprecated as of 2.0 and is no longer required
[2025-07-08T04:10:31.628+0000] {processor.py:840} INFO - DAG(s) 'minio_ga4_new_file_detector' retrieved from /opt/airflow/dags/dag_automatic.py
[2025-07-08T04:10:31.649+0000] {logging_mixin.py:188} INFO - [2025-07-08T04:10:31.649+0000] {dag.py:3096} INFO - Sync 1 DAGs
[2025-07-08T04:10:31.661+0000] {logging_mixin.py:188} INFO - [2025-07-08T04:10:31.661+0000] {dag.py:3954} INFO - Setting next_dagrun for minio_ga4_new_file_detector to 2025-07-08 00:00:00+00:00, run_after=2025-07-09 00:00:00+00:00
[2025-07-08T04:10:31.670+0000] {processor.py:183} INFO - Processing /opt/airflow/dags/dag_automatic.py took 0.106 seconds
[2025-07-08T04:11:01.851+0000] {processor.py:161} INFO - Started process (PID=670) to work on /opt/airflow/dags/dag_automatic.py
[2025-07-08T04:11:01.860+0000] {processor.py:830} INFO - Processing file /opt/airflow/dags/dag_automatic.py for tasks to queue
[2025-07-08T04:11:01.861+0000] {logging_mixin.py:188} INFO - [2025-07-08T04:11:01.860+0000] {dagbag.py:540} INFO - Filling up the DagBag from /opt/airflow/dags/dag_automatic.py
[2025-07-08T04:11:01.929+0000] {logging_mixin.py:188} WARNING - /home/airflow/.local/lib/python3.11/site-packages/airflow/models/baseoperator.py:484 RemovedInAirflow3Warning: provide_context is deprecated as of 2.0 and is no longer required
[2025-07-08T04:11:01.933+0000] {processor.py:840} INFO - DAG(s) 'minio_ga4_new_file_detector' retrieved from /opt/airflow/dags/dag_automatic.py
[2025-07-08T04:11:01.947+0000] {logging_mixin.py:188} INFO - [2025-07-08T04:11:01.947+0000] {dag.py:3096} INFO - Sync 1 DAGs
[2025-07-08T04:11:01.958+0000] {logging_mixin.py:188} INFO - [2025-07-08T04:11:01.958+0000] {dag.py:3954} INFO - Setting next_dagrun for minio_ga4_new_file_detector to 2025-07-08 00:00:00+00:00, run_after=2025-07-09 00:00:00+00:00
[2025-07-08T04:11:01.967+0000] {processor.py:183} INFO - Processing /opt/airflow/dags/dag_automatic.py took 0.122 seconds
[2025-07-08T04:11:32.134+0000] {processor.py:161} INFO - Started process (PID=692) to work on /opt/airflow/dags/dag_automatic.py
[2025-07-08T04:11:32.143+0000] {processor.py:830} INFO - Processing file /opt/airflow/dags/dag_automatic.py for tasks to queue
[2025-07-08T04:11:32.144+0000] {logging_mixin.py:188} INFO - [2025-07-08T04:11:32.144+0000] {dagbag.py:540} INFO - Filling up the DagBag from /opt/airflow/dags/dag_automatic.py
[2025-07-08T04:11:32.326+0000] {logging_mixin.py:188} WARNING - /home/airflow/.local/lib/python3.11/site-packages/airflow/models/baseoperator.py:484 RemovedInAirflow3Warning: provide_context is deprecated as of 2.0 and is no longer required
[2025-07-08T04:11:32.329+0000] {processor.py:840} INFO - DAG(s) 'minio_ga4_new_file_detector' retrieved from /opt/airflow/dags/dag_automatic.py
[2025-07-08T04:11:32.349+0000] {logging_mixin.py:188} INFO - [2025-07-08T04:11:32.349+0000] {dag.py:3096} INFO - Sync 1 DAGs
[2025-07-08T04:11:32.423+0000] {logging_mixin.py:188} INFO - [2025-07-08T04:11:32.423+0000] {dag.py:3954} INFO - Setting next_dagrun for minio_ga4_new_file_detector to 2025-07-08 00:00:00+00:00, run_after=2025-07-09 00:00:00+00:00
[2025-07-08T04:11:32.442+0000] {processor.py:183} INFO - Processing /opt/airflow/dags/dag_automatic.py took 0.311 seconds
[2025-07-08T04:12:03.260+0000] {processor.py:161} INFO - Started process (PID=714) to work on /opt/airflow/dags/dag_automatic.py
[2025-07-08T04:12:03.261+0000] {processor.py:830} INFO - Processing file /opt/airflow/dags/dag_automatic.py for tasks to queue
[2025-07-08T04:12:03.261+0000] {logging_mixin.py:188} INFO - [2025-07-08T04:12:03.261+0000] {dagbag.py:540} INFO - Filling up the DagBag from /opt/airflow/dags/dag_automatic.py
[2025-07-08T04:12:03.422+0000] {logging_mixin.py:188} WARNING - /home/airflow/.local/lib/python3.11/site-packages/airflow/models/baseoperator.py:484 RemovedInAirflow3Warning: provide_context is deprecated as of 2.0 and is no longer required
[2025-07-08T04:12:03.426+0000] {processor.py:840} INFO - DAG(s) 'minio_ga4_new_file_detector' retrieved from /opt/airflow/dags/dag_automatic.py
[2025-07-08T04:12:03.441+0000] {logging_mixin.py:188} INFO - [2025-07-08T04:12:03.441+0000] {dag.py:3096} INFO - Sync 1 DAGs
[2025-07-08T04:12:03.523+0000] {logging_mixin.py:188} INFO - [2025-07-08T04:12:03.523+0000] {dag.py:3954} INFO - Setting next_dagrun for minio_ga4_new_file_detector to 2025-07-08 00:00:00+00:00, run_after=2025-07-09 00:00:00+00:00
[2025-07-08T04:12:03.531+0000] {processor.py:183} INFO - Processing /opt/airflow/dags/dag_automatic.py took 0.274 seconds
[2025-07-08T04:12:33.667+0000] {processor.py:161} INFO - Started process (PID=729) to work on /opt/airflow/dags/dag_automatic.py
[2025-07-08T04:12:33.667+0000] {processor.py:830} INFO - Processing file /opt/airflow/dags/dag_automatic.py for tasks to queue
[2025-07-08T04:12:33.668+0000] {logging_mixin.py:188} INFO - [2025-07-08T04:12:33.668+0000] {dagbag.py:540} INFO - Filling up the DagBag from /opt/airflow/dags/dag_automatic.py
[2025-07-08T04:12:33.728+0000] {logging_mixin.py:188} WARNING - /home/airflow/.local/lib/python3.11/site-packages/airflow/models/baseoperator.py:484 RemovedInAirflow3Warning: provide_context is deprecated as of 2.0 and is no longer required
[2025-07-08T04:12:33.732+0000] {processor.py:840} INFO - DAG(s) 'minio_ga4_new_file_detector' retrieved from /opt/airflow/dags/dag_automatic.py
[2025-07-08T04:12:33.749+0000] {logging_mixin.py:188} INFO - [2025-07-08T04:12:33.749+0000] {dag.py:3096} INFO - Sync 1 DAGs
[2025-07-08T04:12:33.762+0000] {logging_mixin.py:188} INFO - [2025-07-08T04:12:33.762+0000] {dag.py:3954} INFO - Setting next_dagrun for minio_ga4_new_file_detector to 2025-07-08 00:00:00+00:00, run_after=2025-07-09 00:00:00+00:00
[2025-07-08T04:12:33.817+0000] {processor.py:183} INFO - Processing /opt/airflow/dags/dag_automatic.py took 0.156 seconds
[2025-07-08T04:13:03.951+0000] {processor.py:161} INFO - Started process (PID=751) to work on /opt/airflow/dags/dag_automatic.py
[2025-07-08T04:13:03.951+0000] {processor.py:830} INFO - Processing file /opt/airflow/dags/dag_automatic.py for tasks to queue
[2025-07-08T04:13:03.952+0000] {logging_mixin.py:188} INFO - [2025-07-08T04:13:03.952+0000] {dagbag.py:540} INFO - Filling up the DagBag from /opt/airflow/dags/dag_automatic.py
[2025-07-08T04:13:04.028+0000] {logging_mixin.py:188} WARNING - /home/airflow/.local/lib/python3.11/site-packages/airflow/models/baseoperator.py:484 RemovedInAirflow3Warning: provide_context is deprecated as of 2.0 and is no longer required
[2025-07-08T04:13:04.031+0000] {processor.py:840} INFO - DAG(s) 'minio_ga4_new_file_detector' retrieved from /opt/airflow/dags/dag_automatic.py
[2025-07-08T04:13:04.048+0000] {logging_mixin.py:188} INFO - [2025-07-08T04:13:04.047+0000] {dag.py:3096} INFO - Sync 1 DAGs
[2025-07-08T04:13:04.059+0000] {logging_mixin.py:188} INFO - [2025-07-08T04:13:04.059+0000] {dag.py:3954} INFO - Setting next_dagrun for minio_ga4_new_file_detector to 2025-07-08 00:00:00+00:00, run_after=2025-07-09 00:00:00+00:00
[2025-07-08T04:13:04.115+0000] {processor.py:183} INFO - Processing /opt/airflow/dags/dag_automatic.py took 0.131 seconds
[2025-07-08T04:13:34.143+0000] {processor.py:161} INFO - Started process (PID=773) to work on /opt/airflow/dags/dag_automatic.py
[2025-07-08T04:13:34.152+0000] {processor.py:830} INFO - Processing file /opt/airflow/dags/dag_automatic.py for tasks to queue
[2025-07-08T04:13:34.153+0000] {logging_mixin.py:188} INFO - [2025-07-08T04:13:34.153+0000] {dagbag.py:540} INFO - Filling up the DagBag from /opt/airflow/dags/dag_automatic.py
[2025-07-08T04:13:34.225+0000] {logging_mixin.py:188} WARNING - /home/airflow/.local/lib/python3.11/site-packages/airflow/models/baseoperator.py:484 RemovedInAirflow3Warning: provide_context is deprecated as of 2.0 and is no longer required
[2025-07-08T04:13:34.228+0000] {processor.py:840} INFO - DAG(s) 'minio_ga4_new_file_detector' retrieved from /opt/airflow/dags/dag_automatic.py
[2025-07-08T04:13:34.243+0000] {logging_mixin.py:188} INFO - [2025-07-08T04:13:34.242+0000] {dag.py:3096} INFO - Sync 1 DAGs
[2025-07-08T04:13:34.254+0000] {logging_mixin.py:188} INFO - [2025-07-08T04:13:34.254+0000] {dag.py:3954} INFO - Setting next_dagrun for minio_ga4_new_file_detector to 2025-07-08 00:00:00+00:00, run_after=2025-07-09 00:00:00+00:00
[2025-07-08T04:13:34.262+0000] {processor.py:183} INFO - Processing /opt/airflow/dags/dag_automatic.py took 0.124 seconds
[2025-07-08T04:14:04.395+0000] {processor.py:161} INFO - Started process (PID=795) to work on /opt/airflow/dags/dag_automatic.py
[2025-07-08T04:14:04.397+0000] {processor.py:830} INFO - Processing file /opt/airflow/dags/dag_automatic.py for tasks to queue
[2025-07-08T04:14:04.398+0000] {logging_mixin.py:188} INFO - [2025-07-08T04:14:04.398+0000] {dagbag.py:540} INFO - Filling up the DagBag from /opt/airflow/dags/dag_automatic.py
[2025-07-08T04:14:04.441+0000] {logging_mixin.py:188} WARNING - /home/airflow/.local/lib/python3.11/site-packages/airflow/models/baseoperator.py:484 RemovedInAirflow3Warning: provide_context is deprecated as of 2.0 and is no longer required
[2025-07-08T04:14:04.444+0000] {processor.py:840} INFO - DAG(s) 'minio_ga4_new_file_detector' retrieved from /opt/airflow/dags/dag_automatic.py
[2025-07-08T04:14:04.460+0000] {logging_mixin.py:188} INFO - [2025-07-08T04:14:04.460+0000] {dag.py:3096} INFO - Sync 1 DAGs
[2025-07-08T04:14:04.471+0000] {logging_mixin.py:188} INFO - [2025-07-08T04:14:04.471+0000] {dag.py:3954} INFO - Setting next_dagrun for minio_ga4_new_file_detector to 2025-07-08 00:00:00+00:00, run_after=2025-07-09 00:00:00+00:00
[2025-07-08T04:14:04.535+0000] {processor.py:183} INFO - Processing /opt/airflow/dags/dag_automatic.py took 0.144 seconds
[2025-07-08T04:14:34.673+0000] {processor.py:161} INFO - Started process (PID=817) to work on /opt/airflow/dags/dag_automatic.py
[2025-07-08T04:14:34.673+0000] {processor.py:830} INFO - Processing file /opt/airflow/dags/dag_automatic.py for tasks to queue
[2025-07-08T04:14:34.674+0000] {logging_mixin.py:188} INFO - [2025-07-08T04:14:34.674+0000] {dagbag.py:540} INFO - Filling up the DagBag from /opt/airflow/dags/dag_automatic.py
[2025-07-08T04:14:34.725+0000] {logging_mixin.py:188} WARNING - /home/airflow/.local/lib/python3.11/site-packages/airflow/models/baseoperator.py:484 RemovedInAirflow3Warning: provide_context is deprecated as of 2.0 and is no longer required
[2025-07-08T04:14:34.727+0000] {processor.py:840} INFO - DAG(s) 'minio_ga4_new_file_detector' retrieved from /opt/airflow/dags/dag_automatic.py
[2025-07-08T04:14:34.749+0000] {logging_mixin.py:188} INFO - [2025-07-08T04:14:34.749+0000] {dag.py:3096} INFO - Sync 1 DAGs
[2025-07-08T04:14:34.761+0000] {logging_mixin.py:188} INFO - [2025-07-08T04:14:34.761+0000] {dag.py:3954} INFO - Setting next_dagrun for minio_ga4_new_file_detector to 2025-07-08 00:00:00+00:00, run_after=2025-07-09 00:00:00+00:00
[2025-07-08T04:14:34.770+0000] {processor.py:183} INFO - Processing /opt/airflow/dags/dag_automatic.py took 0.101 seconds
[2025-07-08T04:15:04.854+0000] {processor.py:161} INFO - Started process (PID=839) to work on /opt/airflow/dags/dag_automatic.py
[2025-07-08T04:15:04.854+0000] {processor.py:830} INFO - Processing file /opt/airflow/dags/dag_automatic.py for tasks to queue
[2025-07-08T04:15:04.855+0000] {logging_mixin.py:188} INFO - [2025-07-08T04:15:04.855+0000] {dagbag.py:540} INFO - Filling up the DagBag from /opt/airflow/dags/dag_automatic.py
[2025-07-08T04:15:04.926+0000] {logging_mixin.py:188} WARNING - /home/airflow/.local/lib/python3.11/site-packages/airflow/models/baseoperator.py:484 RemovedInAirflow3Warning: provide_context is deprecated as of 2.0 and is no longer required
[2025-07-08T04:15:04.929+0000] {processor.py:840} INFO - DAG(s) 'minio_ga4_new_file_detector' retrieved from /opt/airflow/dags/dag_automatic.py
[2025-07-08T04:15:04.945+0000] {logging_mixin.py:188} INFO - [2025-07-08T04:15:04.945+0000] {dag.py:3096} INFO - Sync 1 DAGs
[2025-07-08T04:15:04.958+0000] {logging_mixin.py:188} INFO - [2025-07-08T04:15:04.958+0000] {dag.py:3954} INFO - Setting next_dagrun for minio_ga4_new_file_detector to 2025-07-08 00:00:00+00:00, run_after=2025-07-09 00:00:00+00:00
[2025-07-08T04:15:04.972+0000] {processor.py:183} INFO - Processing /opt/airflow/dags/dag_automatic.py took 0.123 seconds
[2025-07-08T04:15:35.152+0000] {processor.py:161} INFO - Started process (PID=861) to work on /opt/airflow/dags/dag_automatic.py
[2025-07-08T04:15:35.161+0000] {processor.py:830} INFO - Processing file /opt/airflow/dags/dag_automatic.py for tasks to queue
[2025-07-08T04:15:35.162+0000] {logging_mixin.py:188} INFO - [2025-07-08T04:15:35.162+0000] {dagbag.py:540} INFO - Filling up the DagBag from /opt/airflow/dags/dag_automatic.py
[2025-07-08T04:15:35.226+0000] {logging_mixin.py:188} WARNING - /home/airflow/.local/lib/python3.11/site-packages/airflow/models/baseoperator.py:484 RemovedInAirflow3Warning: provide_context is deprecated as of 2.0 and is no longer required
[2025-07-08T04:15:35.229+0000] {processor.py:840} INFO - DAG(s) 'minio_ga4_new_file_detector' retrieved from /opt/airflow/dags/dag_automatic.py
[2025-07-08T04:15:35.248+0000] {logging_mixin.py:188} INFO - [2025-07-08T04:15:35.248+0000] {dag.py:3096} INFO - Sync 1 DAGs
[2025-07-08T04:15:35.259+0000] {logging_mixin.py:188} INFO - [2025-07-08T04:15:35.259+0000] {dag.py:3954} INFO - Setting next_dagrun for minio_ga4_new_file_detector to 2025-07-08 00:00:00+00:00, run_after=2025-07-09 00:00:00+00:00
[2025-07-08T04:15:35.267+0000] {processor.py:183} INFO - Processing /opt/airflow/dags/dag_automatic.py took 0.119 seconds
[2025-07-08T04:16:05.456+0000] {processor.py:161} INFO - Started process (PID=883) to work on /opt/airflow/dags/dag_automatic.py
[2025-07-08T04:16:05.465+0000] {processor.py:830} INFO - Processing file /opt/airflow/dags/dag_automatic.py for tasks to queue
[2025-07-08T04:16:05.466+0000] {logging_mixin.py:188} INFO - [2025-07-08T04:16:05.466+0000] {dagbag.py:540} INFO - Filling up the DagBag from /opt/airflow/dags/dag_automatic.py
[2025-07-08T04:16:05.532+0000] {logging_mixin.py:188} WARNING - /home/airflow/.local/lib/python3.11/site-packages/airflow/models/baseoperator.py:484 RemovedInAirflow3Warning: provide_context is deprecated as of 2.0 and is no longer required
[2025-07-08T04:16:05.534+0000] {processor.py:840} INFO - DAG(s) 'minio_ga4_new_file_detector' retrieved from /opt/airflow/dags/dag_automatic.py
[2025-07-08T04:16:05.555+0000] {logging_mixin.py:188} INFO - [2025-07-08T04:16:05.555+0000] {dag.py:3096} INFO - Sync 1 DAGs
[2025-07-08T04:16:05.566+0000] {logging_mixin.py:188} INFO - [2025-07-08T04:16:05.565+0000] {dag.py:3954} INFO - Setting next_dagrun for minio_ga4_new_file_detector to 2025-07-08 00:00:00+00:00, run_after=2025-07-09 00:00:00+00:00
[2025-07-08T04:16:05.617+0000] {processor.py:183} INFO - Processing /opt/airflow/dags/dag_automatic.py took 0.167 seconds
[2025-07-08T04:16:35.743+0000] {processor.py:161} INFO - Started process (PID=905) to work on /opt/airflow/dags/dag_automatic.py
[2025-07-08T04:16:35.744+0000] {processor.py:830} INFO - Processing file /opt/airflow/dags/dag_automatic.py for tasks to queue
[2025-07-08T04:16:35.745+0000] {logging_mixin.py:188} INFO - [2025-07-08T04:16:35.745+0000] {dagbag.py:540} INFO - Filling up the DagBag from /opt/airflow/dags/dag_automatic.py
[2025-07-08T04:16:35.825+0000] {logging_mixin.py:188} WARNING - /home/airflow/.local/lib/python3.11/site-packages/airflow/models/baseoperator.py:484 RemovedInAirflow3Warning: provide_context is deprecated as of 2.0 and is no longer required
[2025-07-08T04:16:35.828+0000] {processor.py:840} INFO - DAG(s) 'minio_ga4_new_file_detector' retrieved from /opt/airflow/dags/dag_automatic.py
[2025-07-08T04:16:35.842+0000] {logging_mixin.py:188} INFO - [2025-07-08T04:16:35.842+0000] {dag.py:3096} INFO - Sync 1 DAGs
[2025-07-08T04:16:35.853+0000] {logging_mixin.py:188} INFO - [2025-07-08T04:16:35.853+0000] {dag.py:3954} INFO - Setting next_dagrun for minio_ga4_new_file_detector to 2025-07-08 00:00:00+00:00, run_after=2025-07-09 00:00:00+00:00
[2025-07-08T04:16:35.869+0000] {processor.py:183} INFO - Processing /opt/airflow/dags/dag_automatic.py took 0.131 seconds
[2025-07-08T04:17:06.034+0000] {processor.py:161} INFO - Started process (PID=927) to work on /opt/airflow/dags/dag_automatic.py
[2025-07-08T04:17:06.036+0000] {processor.py:830} INFO - Processing file /opt/airflow/dags/dag_automatic.py for tasks to queue
[2025-07-08T04:17:06.036+0000] {logging_mixin.py:188} INFO - [2025-07-08T04:17:06.036+0000] {dagbag.py:540} INFO - Filling up the DagBag from /opt/airflow/dags/dag_automatic.py
[2025-07-08T04:17:06.125+0000] {logging_mixin.py:188} WARNING - /home/airflow/.local/lib/python3.11/site-packages/airflow/models/baseoperator.py:484 RemovedInAirflow3Warning: provide_context is deprecated as of 2.0 and is no longer required
[2025-07-08T04:17:06.127+0000] {processor.py:840} INFO - DAG(s) 'minio_ga4_new_file_detector' retrieved from /opt/airflow/dags/dag_automatic.py
[2025-07-08T04:17:06.141+0000] {logging_mixin.py:188} INFO - [2025-07-08T04:17:06.141+0000] {dag.py:3096} INFO - Sync 1 DAGs
[2025-07-08T04:17:06.151+0000] {logging_mixin.py:188} INFO - [2025-07-08T04:17:06.151+0000] {dag.py:3954} INFO - Setting next_dagrun for minio_ga4_new_file_detector to 2025-07-08 00:00:00+00:00, run_after=2025-07-09 00:00:00+00:00
[2025-07-08T04:17:06.168+0000] {processor.py:183} INFO - Processing /opt/airflow/dags/dag_automatic.py took 0.137 seconds
[2025-07-08T04:17:36.267+0000] {processor.py:161} INFO - Started process (PID=949) to work on /opt/airflow/dags/dag_automatic.py
[2025-07-08T04:17:36.276+0000] {processor.py:830} INFO - Processing file /opt/airflow/dags/dag_automatic.py for tasks to queue
[2025-07-08T04:17:36.277+0000] {logging_mixin.py:188} INFO - [2025-07-08T04:17:36.277+0000] {dagbag.py:540} INFO - Filling up the DagBag from /opt/airflow/dags/dag_automatic.py
[2025-07-08T04:17:36.328+0000] {logging_mixin.py:188} WARNING - /home/airflow/.local/lib/python3.11/site-packages/airflow/models/baseoperator.py:484 RemovedInAirflow3Warning: provide_context is deprecated as of 2.0 and is no longer required
[2025-07-08T04:17:36.331+0000] {processor.py:840} INFO - DAG(s) 'minio_ga4_new_file_detector' retrieved from /opt/airflow/dags/dag_automatic.py
[2025-07-08T04:17:36.346+0000] {logging_mixin.py:188} INFO - [2025-07-08T04:17:36.346+0000] {dag.py:3096} INFO - Sync 1 DAGs
[2025-07-08T04:17:36.356+0000] {logging_mixin.py:188} INFO - [2025-07-08T04:17:36.356+0000] {dag.py:3954} INFO - Setting next_dagrun for minio_ga4_new_file_detector to 2025-07-08 00:00:00+00:00, run_after=2025-07-09 00:00:00+00:00
[2025-07-08T04:17:36.364+0000] {processor.py:183} INFO - Processing /opt/airflow/dags/dag_automatic.py took 0.102 seconds
[2025-07-08T04:18:06.547+0000] {processor.py:161} INFO - Started process (PID=971) to work on /opt/airflow/dags/dag_automatic.py
[2025-07-08T04:18:06.556+0000] {processor.py:830} INFO - Processing file /opt/airflow/dags/dag_automatic.py for tasks to queue
[2025-07-08T04:18:06.558+0000] {logging_mixin.py:188} INFO - [2025-07-08T04:18:06.557+0000] {dagbag.py:540} INFO - Filling up the DagBag from /opt/airflow/dags/dag_automatic.py
[2025-07-08T04:18:06.632+0000] {logging_mixin.py:188} WARNING - /home/airflow/.local/lib/python3.11/site-packages/airflow/models/baseoperator.py:484 RemovedInAirflow3Warning: provide_context is deprecated as of 2.0 and is no longer required
[2025-07-08T04:18:06.635+0000] {processor.py:840} INFO - DAG(s) 'minio_ga4_new_file_detector' retrieved from /opt/airflow/dags/dag_automatic.py
[2025-07-08T04:18:06.647+0000] {logging_mixin.py:188} INFO - [2025-07-08T04:18:06.647+0000] {dag.py:3096} INFO - Sync 1 DAGs
[2025-07-08T04:18:06.657+0000] {logging_mixin.py:188} INFO - [2025-07-08T04:18:06.657+0000] {dag.py:3954} INFO - Setting next_dagrun for minio_ga4_new_file_detector to 2025-07-08 00:00:00+00:00, run_after=2025-07-09 00:00:00+00:00
[2025-07-08T04:18:06.667+0000] {processor.py:183} INFO - Processing /opt/airflow/dags/dag_automatic.py took 0.125 seconds
[2025-07-08T04:18:36.808+0000] {processor.py:161} INFO - Started process (PID=993) to work on /opt/airflow/dags/dag_automatic.py
[2025-07-08T04:18:36.817+0000] {processor.py:830} INFO - Processing file /opt/airflow/dags/dag_automatic.py for tasks to queue
[2025-07-08T04:18:36.818+0000] {logging_mixin.py:188} INFO - [2025-07-08T04:18:36.818+0000] {dagbag.py:540} INFO - Filling up the DagBag from /opt/airflow/dags/dag_automatic.py
[2025-07-08T04:18:36.862+0000] {logging_mixin.py:188} WARNING - /home/airflow/.local/lib/python3.11/site-packages/airflow/models/baseoperator.py:484 RemovedInAirflow3Warning: provide_context is deprecated as of 2.0 and is no longer required
[2025-07-08T04:18:36.864+0000] {processor.py:840} INFO - DAG(s) 'minio_ga4_new_file_detector' retrieved from /opt/airflow/dags/dag_automatic.py
[2025-07-08T04:18:36.931+0000] {logging_mixin.py:188} INFO - [2025-07-08T04:18:36.931+0000] {dag.py:3096} INFO - Sync 1 DAGs
[2025-07-08T04:18:36.942+0000] {logging_mixin.py:188} INFO - [2025-07-08T04:18:36.942+0000] {dag.py:3954} INFO - Setting next_dagrun for minio_ga4_new_file_detector to 2025-07-08 00:00:00+00:00, run_after=2025-07-09 00:00:00+00:00
[2025-07-08T04:18:36.949+0000] {processor.py:183} INFO - Processing /opt/airflow/dags/dag_automatic.py took 0.145 seconds
[2025-07-08T04:19:07.037+0000] {processor.py:161} INFO - Started process (PID=1014) to work on /opt/airflow/dags/dag_automatic.py
[2025-07-08T04:19:07.046+0000] {processor.py:830} INFO - Processing file /opt/airflow/dags/dag_automatic.py for tasks to queue
[2025-07-08T04:19:07.048+0000] {logging_mixin.py:188} INFO - [2025-07-08T04:19:07.048+0000] {dagbag.py:540} INFO - Filling up the DagBag from /opt/airflow/dags/dag_automatic.py
[2025-07-08T04:19:07.133+0000] {logging_mixin.py:188} WARNING - /home/airflow/.local/lib/python3.11/site-packages/airflow/models/baseoperator.py:484 RemovedInAirflow3Warning: provide_context is deprecated as of 2.0 and is no longer required
[2025-07-08T04:19:07.137+0000] {processor.py:840} INFO - DAG(s) 'minio_ga4_new_file_detector' retrieved from /opt/airflow/dags/dag_automatic.py
[2025-07-08T04:19:07.151+0000] {logging_mixin.py:188} INFO - [2025-07-08T04:19:07.151+0000] {dag.py:3096} INFO - Sync 1 DAGs
[2025-07-08T04:19:07.163+0000] {logging_mixin.py:188} INFO - [2025-07-08T04:19:07.163+0000] {dag.py:3954} INFO - Setting next_dagrun for minio_ga4_new_file_detector to 2025-07-08 00:00:00+00:00, run_after=2025-07-09 00:00:00+00:00
[2025-07-08T04:19:07.177+0000] {processor.py:183} INFO - Processing /opt/airflow/dags/dag_automatic.py took 0.144 seconds
[2025-07-08T04:19:38.149+0000] {processor.py:161} INFO - Started process (PID=1036) to work on /opt/airflow/dags/dag_automatic.py
[2025-07-08T04:19:38.158+0000] {processor.py:830} INFO - Processing file /opt/airflow/dags/dag_automatic.py for tasks to queue
[2025-07-08T04:19:38.159+0000] {logging_mixin.py:188} INFO - [2025-07-08T04:19:38.159+0000] {dagbag.py:540} INFO - Filling up the DagBag from /opt/airflow/dags/dag_automatic.py
[2025-07-08T04:19:38.232+0000] {logging_mixin.py:188} WARNING - /home/airflow/.local/lib/python3.11/site-packages/airflow/models/baseoperator.py:484 RemovedInAirflow3Warning: provide_context is deprecated as of 2.0 and is no longer required
[2025-07-08T04:19:38.236+0000] {processor.py:840} INFO - DAG(s) 'minio_ga4_new_file_detector' retrieved from /opt/airflow/dags/dag_automatic.py
[2025-07-08T04:19:38.252+0000] {logging_mixin.py:188} INFO - [2025-07-08T04:19:38.252+0000] {dag.py:3096} INFO - Sync 1 DAGs
[2025-07-08T04:19:38.266+0000] {logging_mixin.py:188} INFO - [2025-07-08T04:19:38.266+0000] {dag.py:3954} INFO - Setting next_dagrun for minio_ga4_new_file_detector to 2025-07-08 00:00:00+00:00, run_after=2025-07-09 00:00:00+00:00
[2025-07-08T04:19:38.275+0000] {processor.py:183} INFO - Processing /opt/airflow/dags/dag_automatic.py took 0.131 seconds
[2025-07-08T04:20:08.377+0000] {processor.py:161} INFO - Started process (PID=1058) to work on /opt/airflow/dags/dag_automatic.py
[2025-07-08T04:20:08.386+0000] {processor.py:830} INFO - Processing file /opt/airflow/dags/dag_automatic.py for tasks to queue
[2025-07-08T04:20:08.389+0000] {logging_mixin.py:188} INFO - [2025-07-08T04:20:08.388+0000] {dagbag.py:540} INFO - Filling up the DagBag from /opt/airflow/dags/dag_automatic.py
[2025-07-08T04:20:08.434+0000] {logging_mixin.py:188} WARNING - /home/airflow/.local/lib/python3.11/site-packages/airflow/models/baseoperator.py:484 RemovedInAirflow3Warning: provide_context is deprecated as of 2.0 and is no longer required
[2025-07-08T04:20:08.437+0000] {processor.py:840} INFO - DAG(s) 'minio_ga4_new_file_detector' retrieved from /opt/airflow/dags/dag_automatic.py
[2025-07-08T04:20:08.456+0000] {logging_mixin.py:188} INFO - [2025-07-08T04:20:08.456+0000] {dag.py:3096} INFO - Sync 1 DAGs
[2025-07-08T04:20:08.468+0000] {logging_mixin.py:188} INFO - [2025-07-08T04:20:08.468+0000] {dag.py:3954} INFO - Setting next_dagrun for minio_ga4_new_file_detector to 2025-07-08 00:00:00+00:00, run_after=2025-07-09 00:00:00+00:00
[2025-07-08T04:20:08.518+0000] {processor.py:183} INFO - Processing /opt/airflow/dags/dag_automatic.py took 0.145 seconds
[2025-07-08T04:20:38.654+0000] {processor.py:161} INFO - Started process (PID=1080) to work on /opt/airflow/dags/dag_automatic.py
[2025-07-08T04:20:38.654+0000] {processor.py:830} INFO - Processing file /opt/airflow/dags/dag_automatic.py for tasks to queue
[2025-07-08T04:20:38.655+0000] {logging_mixin.py:188} INFO - [2025-07-08T04:20:38.655+0000] {dagbag.py:540} INFO - Filling up the DagBag from /opt/airflow/dags/dag_automatic.py
[2025-07-08T04:20:38.730+0000] {logging_mixin.py:188} WARNING - /home/airflow/.local/lib/python3.11/site-packages/airflow/models/baseoperator.py:484 RemovedInAirflow3Warning: provide_context is deprecated as of 2.0 and is no longer required
[2025-07-08T04:20:38.734+0000] {processor.py:840} INFO - DAG(s) 'minio_ga4_new_file_detector' retrieved from /opt/airflow/dags/dag_automatic.py
[2025-07-08T04:20:38.748+0000] {logging_mixin.py:188} INFO - [2025-07-08T04:20:38.748+0000] {dag.py:3096} INFO - Sync 1 DAGs
[2025-07-08T04:20:38.759+0000] {logging_mixin.py:188} INFO - [2025-07-08T04:20:38.759+0000] {dag.py:3954} INFO - Setting next_dagrun for minio_ga4_new_file_detector to 2025-07-08 00:00:00+00:00, run_after=2025-07-09 00:00:00+00:00
[2025-07-08T04:20:38.776+0000] {processor.py:183} INFO - Processing /opt/airflow/dags/dag_automatic.py took 0.126 seconds
[2025-07-08T04:21:08.839+0000] {processor.py:161} INFO - Started process (PID=1102) to work on /opt/airflow/dags/dag_automatic.py
[2025-07-08T04:21:08.839+0000] {processor.py:830} INFO - Processing file /opt/airflow/dags/dag_automatic.py for tasks to queue
[2025-07-08T04:21:08.840+0000] {logging_mixin.py:188} INFO - [2025-07-08T04:21:08.840+0000] {dagbag.py:540} INFO - Filling up the DagBag from /opt/airflow/dags/dag_automatic.py
[2025-07-08T04:21:08.937+0000] {logging_mixin.py:188} WARNING - /home/airflow/.local/lib/python3.11/site-packages/airflow/models/baseoperator.py:484 RemovedInAirflow3Warning: provide_context is deprecated as of 2.0 and is no longer required
[2025-07-08T04:21:08.940+0000] {processor.py:840} INFO - DAG(s) 'minio_ga4_new_file_detector' retrieved from /opt/airflow/dags/dag_automatic.py
[2025-07-08T04:21:08.955+0000] {logging_mixin.py:188} INFO - [2025-07-08T04:21:08.955+0000] {dag.py:3096} INFO - Sync 1 DAGs
[2025-07-08T04:21:08.966+0000] {logging_mixin.py:188} INFO - [2025-07-08T04:21:08.966+0000] {dag.py:3954} INFO - Setting next_dagrun for minio_ga4_new_file_detector to 2025-07-08 00:00:00+00:00, run_after=2025-07-09 00:00:00+00:00
[2025-07-08T04:21:09.028+0000] {processor.py:183} INFO - Processing /opt/airflow/dags/dag_automatic.py took 0.192 seconds
[2025-07-08T04:21:39.157+0000] {processor.py:161} INFO - Started process (PID=1123) to work on /opt/airflow/dags/dag_automatic.py
[2025-07-08T04:21:39.157+0000] {processor.py:830} INFO - Processing file /opt/airflow/dags/dag_automatic.py for tasks to queue
[2025-07-08T04:21:39.158+0000] {logging_mixin.py:188} INFO - [2025-07-08T04:21:39.158+0000] {dagbag.py:540} INFO - Filling up the DagBag from /opt/airflow/dags/dag_automatic.py
[2025-07-08T04:21:39.222+0000] {logging_mixin.py:188} WARNING - /home/airflow/.local/lib/python3.11/site-packages/airflow/models/baseoperator.py:484 RemovedInAirflow3Warning: provide_context is deprecated as of 2.0 and is no longer required
[2025-07-08T04:21:39.225+0000] {processor.py:840} INFO - DAG(s) 'minio_ga4_new_file_detector' retrieved from /opt/airflow/dags/dag_automatic.py
[2025-07-08T04:21:39.239+0000] {logging_mixin.py:188} INFO - [2025-07-08T04:21:39.239+0000] {dag.py:3096} INFO - Sync 1 DAGs
[2025-07-08T04:21:39.250+0000] {logging_mixin.py:188} INFO - [2025-07-08T04:21:39.250+0000] {dag.py:3954} INFO - Setting next_dagrun for minio_ga4_new_file_detector to 2025-07-08 00:00:00+00:00, run_after=2025-07-09 00:00:00+00:00
[2025-07-08T04:21:39.258+0000] {processor.py:183} INFO - Processing /opt/airflow/dags/dag_automatic.py took 0.105 seconds
[2025-07-08T04:22:09.411+0000] {processor.py:161} INFO - Started process (PID=1145) to work on /opt/airflow/dags/dag_automatic.py
[2025-07-08T04:22:09.420+0000] {processor.py:830} INFO - Processing file /opt/airflow/dags/dag_automatic.py for tasks to queue
[2025-07-08T04:22:09.421+0000] {logging_mixin.py:188} INFO - [2025-07-08T04:22:09.421+0000] {dagbag.py:540} INFO - Filling up the DagBag from /opt/airflow/dags/dag_automatic.py
[2025-07-08T04:22:09.463+0000] {logging_mixin.py:188} WARNING - /home/airflow/.local/lib/python3.11/site-packages/airflow/models/baseoperator.py:484 RemovedInAirflow3Warning: provide_context is deprecated as of 2.0 and is no longer required
[2025-07-08T04:22:09.466+0000] {processor.py:840} INFO - DAG(s) 'minio_ga4_new_file_detector' retrieved from /opt/airflow/dags/dag_automatic.py
[2025-07-08T04:22:09.532+0000] {logging_mixin.py:188} INFO - [2025-07-08T04:22:09.532+0000] {dag.py:3096} INFO - Sync 1 DAGs
[2025-07-08T04:22:09.543+0000] {logging_mixin.py:188} INFO - [2025-07-08T04:22:09.543+0000] {dag.py:3954} INFO - Setting next_dagrun for minio_ga4_new_file_detector to 2025-07-08 00:00:00+00:00, run_after=2025-07-09 00:00:00+00:00
[2025-07-08T04:22:09.552+0000] {processor.py:183} INFO - Processing /opt/airflow/dags/dag_automatic.py took 0.145 seconds
[2025-07-08T04:22:39.613+0000] {processor.py:161} INFO - Started process (PID=1167) to work on /opt/airflow/dags/dag_automatic.py
[2025-07-08T04:22:39.622+0000] {processor.py:830} INFO - Processing file /opt/airflow/dags/dag_automatic.py for tasks to queue
[2025-07-08T04:22:39.623+0000] {logging_mixin.py:188} INFO - [2025-07-08T04:22:39.622+0000] {dagbag.py:540} INFO - Filling up the DagBag from /opt/airflow/dags/dag_automatic.py
[2025-07-08T04:22:39.664+0000] {logging_mixin.py:188} WARNING - /home/airflow/.local/lib/python3.11/site-packages/airflow/models/baseoperator.py:484 RemovedInAirflow3Warning: provide_context is deprecated as of 2.0 and is no longer required
[2025-07-08T04:22:39.667+0000] {processor.py:840} INFO - DAG(s) 'minio_ga4_new_file_detector' retrieved from /opt/airflow/dags/dag_automatic.py
[2025-07-08T04:22:39.722+0000] {logging_mixin.py:188} INFO - [2025-07-08T04:22:39.722+0000] {dag.py:3096} INFO - Sync 1 DAGs
[2025-07-08T04:22:39.734+0000] {logging_mixin.py:188} INFO - [2025-07-08T04:22:39.734+0000] {dag.py:3954} INFO - Setting next_dagrun for minio_ga4_new_file_detector to 2025-07-08 00:00:00+00:00, run_after=2025-07-09 00:00:00+00:00
[2025-07-08T04:22:39.753+0000] {processor.py:183} INFO - Processing /opt/airflow/dags/dag_automatic.py took 0.145 seconds
[2025-07-08T04:23:10.727+0000] {processor.py:161} INFO - Started process (PID=1189) to work on /opt/airflow/dags/dag_automatic.py
[2025-07-08T04:23:10.728+0000] {processor.py:830} INFO - Processing file /opt/airflow/dags/dag_automatic.py for tasks to queue
[2025-07-08T04:23:10.729+0000] {logging_mixin.py:188} INFO - [2025-07-08T04:23:10.729+0000] {dagbag.py:540} INFO - Filling up the DagBag from /opt/airflow/dags/dag_automatic.py
[2025-07-08T04:23:10.829+0000] {logging_mixin.py:188} WARNING - /home/airflow/.local/lib/python3.11/site-packages/airflow/models/baseoperator.py:484 RemovedInAirflow3Warning: provide_context is deprecated as of 2.0 and is no longer required
[2025-07-08T04:23:10.832+0000] {processor.py:840} INFO - DAG(s) 'minio_ga4_new_file_detector' retrieved from /opt/airflow/dags/dag_automatic.py
[2025-07-08T04:23:10.854+0000] {logging_mixin.py:188} INFO - [2025-07-08T04:23:10.853+0000] {dag.py:3096} INFO - Sync 1 DAGs
[2025-07-08T04:23:10.865+0000] {logging_mixin.py:188} INFO - [2025-07-08T04:23:10.864+0000] {dag.py:3954} INFO - Setting next_dagrun for minio_ga4_new_file_detector to 2025-07-08 00:00:00+00:00, run_after=2025-07-09 00:00:00+00:00
[2025-07-08T04:23:10.875+0000] {processor.py:183} INFO - Processing /opt/airflow/dags/dag_automatic.py took 0.153 seconds
[2025-07-08T04:23:40.972+0000] {processor.py:161} INFO - Started process (PID=1211) to work on /opt/airflow/dags/dag_automatic.py
[2025-07-08T04:23:40.973+0000] {processor.py:830} INFO - Processing file /opt/airflow/dags/dag_automatic.py for tasks to queue
[2025-07-08T04:23:40.974+0000] {logging_mixin.py:188} INFO - [2025-07-08T04:23:40.973+0000] {dagbag.py:540} INFO - Filling up the DagBag from /opt/airflow/dags/dag_automatic.py
[2025-07-08T04:23:41.031+0000] {logging_mixin.py:188} WARNING - /home/airflow/.local/lib/python3.11/site-packages/airflow/models/baseoperator.py:484 RemovedInAirflow3Warning: provide_context is deprecated as of 2.0 and is no longer required
[2025-07-08T04:23:41.035+0000] {processor.py:840} INFO - DAG(s) 'minio_ga4_new_file_detector' retrieved from /opt/airflow/dags/dag_automatic.py
[2025-07-08T04:23:41.051+0000] {logging_mixin.py:188} INFO - [2025-07-08T04:23:41.050+0000] {dag.py:3096} INFO - Sync 1 DAGs
[2025-07-08T04:23:41.061+0000] {logging_mixin.py:188} INFO - [2025-07-08T04:23:41.061+0000] {dag.py:3954} INFO - Setting next_dagrun for minio_ga4_new_file_detector to 2025-07-08 00:00:00+00:00, run_after=2025-07-09 00:00:00+00:00
[2025-07-08T04:23:41.070+0000] {processor.py:183} INFO - Processing /opt/airflow/dags/dag_automatic.py took 0.104 seconds
[2025-07-08T04:24:11.143+0000] {processor.py:161} INFO - Started process (PID=1233) to work on /opt/airflow/dags/dag_automatic.py
[2025-07-08T04:24:11.143+0000] {processor.py:830} INFO - Processing file /opt/airflow/dags/dag_automatic.py for tasks to queue
[2025-07-08T04:24:11.144+0000] {logging_mixin.py:188} INFO - [2025-07-08T04:24:11.144+0000] {dagbag.py:540} INFO - Filling up the DagBag from /opt/airflow/dags/dag_automatic.py
[2025-07-08T04:24:11.227+0000] {logging_mixin.py:188} WARNING - /home/airflow/.local/lib/python3.11/site-packages/airflow/models/baseoperator.py:484 RemovedInAirflow3Warning: provide_context is deprecated as of 2.0 and is no longer required
[2025-07-08T04:24:11.230+0000] {processor.py:840} INFO - DAG(s) 'minio_ga4_new_file_detector' retrieved from /opt/airflow/dags/dag_automatic.py
[2025-07-08T04:24:11.245+0000] {logging_mixin.py:188} INFO - [2025-07-08T04:24:11.245+0000] {dag.py:3096} INFO - Sync 1 DAGs
[2025-07-08T04:24:11.257+0000] {logging_mixin.py:188} INFO - [2025-07-08T04:24:11.256+0000] {dag.py:3954} INFO - Setting next_dagrun for minio_ga4_new_file_detector to 2025-07-08 00:00:00+00:00, run_after=2025-07-09 00:00:00+00:00
[2025-07-08T04:24:11.279+0000] {processor.py:183} INFO - Processing /opt/airflow/dags/dag_automatic.py took 0.141 seconds
[2025-07-08T04:24:41.442+0000] {processor.py:161} INFO - Started process (PID=1255) to work on /opt/airflow/dags/dag_automatic.py
[2025-07-08T04:24:41.451+0000] {processor.py:830} INFO - Processing file /opt/airflow/dags/dag_automatic.py for tasks to queue
[2025-07-08T04:24:41.452+0000] {logging_mixin.py:188} INFO - [2025-07-08T04:24:41.452+0000] {dagbag.py:540} INFO - Filling up the DagBag from /opt/airflow/dags/dag_automatic.py
[2025-07-08T04:24:41.529+0000] {logging_mixin.py:188} WARNING - /home/airflow/.local/lib/python3.11/site-packages/airflow/models/baseoperator.py:484 RemovedInAirflow3Warning: provide_context is deprecated as of 2.0 and is no longer required
[2025-07-08T04:24:41.531+0000] {processor.py:840} INFO - DAG(s) 'minio_ga4_new_file_detector' retrieved from /opt/airflow/dags/dag_automatic.py
[2025-07-08T04:24:41.545+0000] {logging_mixin.py:188} INFO - [2025-07-08T04:24:41.545+0000] {dag.py:3096} INFO - Sync 1 DAGs
[2025-07-08T04:24:41.557+0000] {logging_mixin.py:188} INFO - [2025-07-08T04:24:41.557+0000] {dag.py:3954} INFO - Setting next_dagrun for minio_ga4_new_file_detector to 2025-07-08 00:00:00+00:00, run_after=2025-07-09 00:00:00+00:00
[2025-07-08T04:24:41.572+0000] {processor.py:183} INFO - Processing /opt/airflow/dags/dag_automatic.py took 0.135 seconds
[2025-07-08T04:25:11.710+0000] {processor.py:161} INFO - Started process (PID=1277) to work on /opt/airflow/dags/dag_automatic.py
[2025-07-08T04:25:11.719+0000] {processor.py:830} INFO - Processing file /opt/airflow/dags/dag_automatic.py for tasks to queue
[2025-07-08T04:25:11.720+0000] {logging_mixin.py:188} INFO - [2025-07-08T04:25:11.720+0000] {dagbag.py:540} INFO - Filling up the DagBag from /opt/airflow/dags/dag_automatic.py
[2025-07-08T04:25:11.761+0000] {logging_mixin.py:188} WARNING - /home/airflow/.local/lib/python3.11/site-packages/airflow/models/baseoperator.py:484 RemovedInAirflow3Warning: provide_context is deprecated as of 2.0 and is no longer required
[2025-07-08T04:25:11.764+0000] {processor.py:840} INFO - DAG(s) 'minio_ga4_new_file_detector' retrieved from /opt/airflow/dags/dag_automatic.py
[2025-07-08T04:25:11.827+0000] {logging_mixin.py:188} INFO - [2025-07-08T04:25:11.827+0000] {dag.py:3096} INFO - Sync 1 DAGs
[2025-07-08T04:25:11.838+0000] {logging_mixin.py:188} INFO - [2025-07-08T04:25:11.838+0000] {dag.py:3954} INFO - Setting next_dagrun for minio_ga4_new_file_detector to 2025-07-08 00:00:00+00:00, run_after=2025-07-09 00:00:00+00:00
[2025-07-08T04:25:11.849+0000] {processor.py:183} INFO - Processing /opt/airflow/dags/dag_automatic.py took 0.143 seconds
[2025-07-08T04:25:42.019+0000] {processor.py:161} INFO - Started process (PID=1299) to work on /opt/airflow/dags/dag_automatic.py
[2025-07-08T04:25:42.023+0000] {processor.py:830} INFO - Processing file /opt/airflow/dags/dag_automatic.py for tasks to queue
[2025-07-08T04:25:42.025+0000] {logging_mixin.py:188} INFO - [2025-07-08T04:25:42.024+0000] {dagbag.py:540} INFO - Filling up the DagBag from /opt/airflow/dags/dag_automatic.py
[2025-07-08T04:25:42.137+0000] {logging_mixin.py:188} WARNING - /home/airflow/.local/lib/python3.11/site-packages/airflow/models/baseoperator.py:484 RemovedInAirflow3Warning: provide_context is deprecated as of 2.0 and is no longer required
[2025-07-08T04:25:42.140+0000] {processor.py:840} INFO - DAG(s) 'minio_ga4_new_file_detector' retrieved from /opt/airflow/dags/dag_automatic.py
[2025-07-08T04:25:42.220+0000] {logging_mixin.py:188} INFO - [2025-07-08T04:25:42.220+0000] {dag.py:3096} INFO - Sync 1 DAGs
[2025-07-08T04:25:42.234+0000] {logging_mixin.py:188} INFO - [2025-07-08T04:25:42.233+0000] {dag.py:3954} INFO - Setting next_dagrun for minio_ga4_new_file_detector to 2025-07-08 00:00:00+00:00, run_after=2025-07-09 00:00:00+00:00
[2025-07-08T04:25:42.243+0000] {processor.py:183} INFO - Processing /opt/airflow/dags/dag_automatic.py took 0.258 seconds
[2025-07-08T04:26:12.422+0000] {processor.py:161} INFO - Started process (PID=1314) to work on /opt/airflow/dags/dag_automatic.py
[2025-07-08T04:26:12.431+0000] {processor.py:830} INFO - Processing file /opt/airflow/dags/dag_automatic.py for tasks to queue
[2025-07-08T04:26:12.432+0000] {logging_mixin.py:188} INFO - [2025-07-08T04:26:12.432+0000] {dagbag.py:540} INFO - Filling up the DagBag from /opt/airflow/dags/dag_automatic.py
[2025-07-08T04:26:12.521+0000] {logging_mixin.py:188} WARNING - /home/airflow/.local/lib/python3.11/site-packages/airflow/models/baseoperator.py:484 RemovedInAirflow3Warning: provide_context is deprecated as of 2.0 and is no longer required
[2025-07-08T04:26:12.524+0000] {processor.py:840} INFO - DAG(s) 'minio_ga4_new_file_detector' retrieved from /opt/airflow/dags/dag_automatic.py
[2025-07-08T04:26:12.540+0000] {logging_mixin.py:188} INFO - [2025-07-08T04:26:12.540+0000] {dag.py:3096} INFO - Sync 1 DAGs
[2025-07-08T04:26:12.553+0000] {logging_mixin.py:188} INFO - [2025-07-08T04:26:12.552+0000] {dag.py:3954} INFO - Setting next_dagrun for minio_ga4_new_file_detector to 2025-07-08 00:00:00+00:00, run_after=2025-07-09 00:00:00+00:00
[2025-07-08T04:26:12.561+0000] {processor.py:183} INFO - Processing /opt/airflow/dags/dag_automatic.py took 0.142 seconds
[2025-07-08T04:26:42.691+0000] {processor.py:161} INFO - Started process (PID=1336) to work on /opt/airflow/dags/dag_automatic.py
[2025-07-08T04:26:42.692+0000] {processor.py:830} INFO - Processing file /opt/airflow/dags/dag_automatic.py for tasks to queue
[2025-07-08T04:26:42.693+0000] {logging_mixin.py:188} INFO - [2025-07-08T04:26:42.693+0000] {dagbag.py:540} INFO - Filling up the DagBag from /opt/airflow/dags/dag_automatic.py
[2025-07-08T04:26:42.735+0000] {logging_mixin.py:188} WARNING - /home/airflow/.local/lib/python3.11/site-packages/airflow/models/baseoperator.py:484 RemovedInAirflow3Warning: provide_context is deprecated as of 2.0 and is no longer required
[2025-07-08T04:26:42.738+0000] {processor.py:840} INFO - DAG(s) 'minio_ga4_new_file_detector' retrieved from /opt/airflow/dags/dag_automatic.py
[2025-07-08T04:26:42.753+0000] {logging_mixin.py:188} INFO - [2025-07-08T04:26:42.753+0000] {dag.py:3096} INFO - Sync 1 DAGs
[2025-07-08T04:26:42.764+0000] {logging_mixin.py:188} INFO - [2025-07-08T04:26:42.764+0000] {dag.py:3954} INFO - Setting next_dagrun for minio_ga4_new_file_detector to 2025-07-08 00:00:00+00:00, run_after=2025-07-09 00:00:00+00:00
[2025-07-08T04:26:42.771+0000] {processor.py:183} INFO - Processing /opt/airflow/dags/dag_automatic.py took 0.084 seconds
[2025-07-08T04:27:12.948+0000] {processor.py:161} INFO - Started process (PID=1358) to work on /opt/airflow/dags/dag_automatic.py
[2025-07-08T04:27:12.958+0000] {processor.py:830} INFO - Processing file /opt/airflow/dags/dag_automatic.py for tasks to queue
[2025-07-08T04:27:12.959+0000] {logging_mixin.py:188} INFO - [2025-07-08T04:27:12.958+0000] {dagbag.py:540} INFO - Filling up the DagBag from /opt/airflow/dags/dag_automatic.py
[2025-07-08T04:27:13.028+0000] {logging_mixin.py:188} WARNING - /home/airflow/.local/lib/python3.11/site-packages/airflow/models/baseoperator.py:484 RemovedInAirflow3Warning: provide_context is deprecated as of 2.0 and is no longer required
[2025-07-08T04:27:13.031+0000] {processor.py:840} INFO - DAG(s) 'minio_ga4_new_file_detector' retrieved from /opt/airflow/dags/dag_automatic.py
[2025-07-08T04:27:13.055+0000] {logging_mixin.py:188} INFO - [2025-07-08T04:27:13.055+0000] {dag.py:3096} INFO - Sync 1 DAGs
[2025-07-08T04:27:13.067+0000] {logging_mixin.py:188} INFO - [2025-07-08T04:27:13.067+0000] {dag.py:3954} INFO - Setting next_dagrun for minio_ga4_new_file_detector to 2025-07-08 00:00:00+00:00, run_after=2025-07-09 00:00:00+00:00
[2025-07-08T04:27:13.076+0000] {processor.py:183} INFO - Processing /opt/airflow/dags/dag_automatic.py took 0.132 seconds
[2025-07-08T04:27:43.143+0000] {processor.py:161} INFO - Started process (PID=1380) to work on /opt/airflow/dags/dag_automatic.py
[2025-07-08T04:27:43.152+0000] {processor.py:830} INFO - Processing file /opt/airflow/dags/dag_automatic.py for tasks to queue
[2025-07-08T04:27:43.153+0000] {logging_mixin.py:188} INFO - [2025-07-08T04:27:43.152+0000] {dagbag.py:540} INFO - Filling up the DagBag from /opt/airflow/dags/dag_automatic.py
[2025-07-08T04:27:43.230+0000] {logging_mixin.py:188} WARNING - /home/airflow/.local/lib/python3.11/site-packages/airflow/models/baseoperator.py:484 RemovedInAirflow3Warning: provide_context is deprecated as of 2.0 and is no longer required
[2025-07-08T04:27:43.233+0000] {processor.py:840} INFO - DAG(s) 'minio_ga4_new_file_detector' retrieved from /opt/airflow/dags/dag_automatic.py
[2025-07-08T04:27:43.256+0000] {logging_mixin.py:188} INFO - [2025-07-08T04:27:43.256+0000] {dag.py:3096} INFO - Sync 1 DAGs
[2025-07-08T04:27:43.267+0000] {logging_mixin.py:188} INFO - [2025-07-08T04:27:43.267+0000] {dag.py:3954} INFO - Setting next_dagrun for minio_ga4_new_file_detector to 2025-07-08 00:00:00+00:00, run_after=2025-07-09 00:00:00+00:00
[2025-07-08T04:27:43.320+0000] {processor.py:183} INFO - Processing /opt/airflow/dags/dag_automatic.py took 0.181 seconds
[2025-07-08T04:28:13.445+0000] {processor.py:161} INFO - Started process (PID=1402) to work on /opt/airflow/dags/dag_automatic.py
[2025-07-08T04:28:13.454+0000] {processor.py:830} INFO - Processing file /opt/airflow/dags/dag_automatic.py for tasks to queue
[2025-07-08T04:28:13.455+0000] {logging_mixin.py:188} INFO - [2025-07-08T04:28:13.454+0000] {dagbag.py:540} INFO - Filling up the DagBag from /opt/airflow/dags/dag_automatic.py
[2025-07-08T04:28:13.526+0000] {logging_mixin.py:188} WARNING - /home/airflow/.local/lib/python3.11/site-packages/airflow/models/baseoperator.py:484 RemovedInAirflow3Warning: provide_context is deprecated as of 2.0 and is no longer required
[2025-07-08T04:28:13.529+0000] {processor.py:840} INFO - DAG(s) 'minio_ga4_new_file_detector' retrieved from /opt/airflow/dags/dag_automatic.py
[2025-07-08T04:28:13.542+0000] {logging_mixin.py:188} INFO - [2025-07-08T04:28:13.542+0000] {dag.py:3096} INFO - Sync 1 DAGs
[2025-07-08T04:28:13.553+0000] {logging_mixin.py:188} INFO - [2025-07-08T04:28:13.553+0000] {dag.py:3954} INFO - Setting next_dagrun for minio_ga4_new_file_detector to 2025-07-08 00:00:00+00:00, run_after=2025-07-09 00:00:00+00:00
[2025-07-08T04:28:13.569+0000] {processor.py:183} INFO - Processing /opt/airflow/dags/dag_automatic.py took 0.128 seconds
[2025-07-08T04:28:43.710+0000] {processor.py:161} INFO - Started process (PID=1424) to work on /opt/airflow/dags/dag_automatic.py
[2025-07-08T04:28:43.719+0000] {processor.py:830} INFO - Processing file /opt/airflow/dags/dag_automatic.py for tasks to queue
[2025-07-08T04:28:43.720+0000] {logging_mixin.py:188} INFO - [2025-07-08T04:28:43.719+0000] {dagbag.py:540} INFO - Filling up the DagBag from /opt/airflow/dags/dag_automatic.py
[2025-07-08T04:28:43.762+0000] {logging_mixin.py:188} WARNING - /home/airflow/.local/lib/python3.11/site-packages/airflow/models/baseoperator.py:484 RemovedInAirflow3Warning: provide_context is deprecated as of 2.0 and is no longer required
[2025-07-08T04:28:43.764+0000] {processor.py:840} INFO - DAG(s) 'minio_ga4_new_file_detector' retrieved from /opt/airflow/dags/dag_automatic.py
[2025-07-08T04:28:43.825+0000] {logging_mixin.py:188} INFO - [2025-07-08T04:28:43.825+0000] {dag.py:3096} INFO - Sync 1 DAGs
[2025-07-08T04:28:43.837+0000] {logging_mixin.py:188} INFO - [2025-07-08T04:28:43.837+0000] {dag.py:3954} INFO - Setting next_dagrun for minio_ga4_new_file_detector to 2025-07-08 00:00:00+00:00, run_after=2025-07-09 00:00:00+00:00
[2025-07-08T04:28:43.847+0000] {processor.py:183} INFO - Processing /opt/airflow/dags/dag_automatic.py took 0.140 seconds
[2025-07-08T04:29:13.881+0000] {processor.py:161} INFO - Started process (PID=1446) to work on /opt/airflow/dags/dag_automatic.py
[2025-07-08T04:29:13.890+0000] {processor.py:830} INFO - Processing file /opt/airflow/dags/dag_automatic.py for tasks to queue
[2025-07-08T04:29:13.891+0000] {logging_mixin.py:188} INFO - [2025-07-08T04:29:13.890+0000] {dagbag.py:540} INFO - Filling up the DagBag from /opt/airflow/dags/dag_automatic.py
[2025-07-08T04:29:13.935+0000] {logging_mixin.py:188} WARNING - /home/airflow/.local/lib/python3.11/site-packages/airflow/models/baseoperator.py:484 RemovedInAirflow3Warning: provide_context is deprecated as of 2.0 and is no longer required
[2025-07-08T04:29:13.937+0000] {processor.py:840} INFO - DAG(s) 'minio_ga4_new_file_detector' retrieved from /opt/airflow/dags/dag_automatic.py
[2025-07-08T04:29:13.951+0000] {logging_mixin.py:188} INFO - [2025-07-08T04:29:13.951+0000] {dag.py:3096} INFO - Sync 1 DAGs
[2025-07-08T04:29:13.963+0000] {logging_mixin.py:188} INFO - [2025-07-08T04:29:13.963+0000] {dag.py:3954} INFO - Setting next_dagrun for minio_ga4_new_file_detector to 2025-07-08 00:00:00+00:00, run_after=2025-07-09 00:00:00+00:00
[2025-07-08T04:29:13.970+0000] {processor.py:183} INFO - Processing /opt/airflow/dags/dag_automatic.py took 0.093 seconds
[2025-07-08T04:29:44.138+0000] {processor.py:161} INFO - Started process (PID=1468) to work on /opt/airflow/dags/dag_automatic.py
[2025-07-08T04:29:44.147+0000] {processor.py:830} INFO - Processing file /opt/airflow/dags/dag_automatic.py for tasks to queue
[2025-07-08T04:29:44.147+0000] {logging_mixin.py:188} INFO - [2025-07-08T04:29:44.147+0000] {dagbag.py:540} INFO - Filling up the DagBag from /opt/airflow/dags/dag_automatic.py
[2025-07-08T04:29:44.232+0000] {logging_mixin.py:188} WARNING - /home/airflow/.local/lib/python3.11/site-packages/airflow/models/baseoperator.py:484 RemovedInAirflow3Warning: provide_context is deprecated as of 2.0 and is no longer required
[2025-07-08T04:29:44.235+0000] {processor.py:840} INFO - DAG(s) 'minio_ga4_new_file_detector' retrieved from /opt/airflow/dags/dag_automatic.py
[2025-07-08T04:29:44.252+0000] {logging_mixin.py:188} INFO - [2025-07-08T04:29:44.252+0000] {dag.py:3096} INFO - Sync 1 DAGs
[2025-07-08T04:29:44.263+0000] {logging_mixin.py:188} INFO - [2025-07-08T04:29:44.263+0000] {dag.py:3954} INFO - Setting next_dagrun for minio_ga4_new_file_detector to 2025-07-08 00:00:00+00:00, run_after=2025-07-09 00:00:00+00:00
[2025-07-08T04:29:44.319+0000] {processor.py:183} INFO - Processing /opt/airflow/dags/dag_automatic.py took 0.186 seconds
[2025-07-08T04:30:14.451+0000] {processor.py:161} INFO - Started process (PID=1490) to work on /opt/airflow/dags/dag_automatic.py
[2025-07-08T04:30:14.452+0000] {processor.py:830} INFO - Processing file /opt/airflow/dags/dag_automatic.py for tasks to queue
[2025-07-08T04:30:14.453+0000] {logging_mixin.py:188} INFO - [2025-07-08T04:30:14.453+0000] {dagbag.py:540} INFO - Filling up the DagBag from /opt/airflow/dags/dag_automatic.py
[2025-07-08T04:30:14.529+0000] {logging_mixin.py:188} WARNING - /home/airflow/.local/lib/python3.11/site-packages/airflow/models/baseoperator.py:484 RemovedInAirflow3Warning: provide_context is deprecated as of 2.0 and is no longer required
[2025-07-08T04:30:14.532+0000] {processor.py:840} INFO - DAG(s) 'minio_ga4_new_file_detector' retrieved from /opt/airflow/dags/dag_automatic.py
[2025-07-08T04:30:14.553+0000] {logging_mixin.py:188} INFO - [2025-07-08T04:30:14.552+0000] {dag.py:3096} INFO - Sync 1 DAGs
[2025-07-08T04:30:14.564+0000] {logging_mixin.py:188} INFO - [2025-07-08T04:30:14.564+0000] {dag.py:3954} INFO - Setting next_dagrun for minio_ga4_new_file_detector to 2025-07-08 00:00:00+00:00, run_after=2025-07-09 00:00:00+00:00
[2025-07-08T04:30:14.579+0000] {processor.py:183} INFO - Processing /opt/airflow/dags/dag_automatic.py took 0.133 seconds
[2025-07-08T04:30:44.761+0000] {processor.py:161} INFO - Started process (PID=1512) to work on /opt/airflow/dags/dag_automatic.py
[2025-07-08T04:30:44.770+0000] {processor.py:830} INFO - Processing file /opt/airflow/dags/dag_automatic.py for tasks to queue
[2025-07-08T04:30:44.771+0000] {logging_mixin.py:188} INFO - [2025-07-08T04:30:44.771+0000] {dagbag.py:540} INFO - Filling up the DagBag from /opt/airflow/dags/dag_automatic.py
[2025-07-08T04:30:44.830+0000] {logging_mixin.py:188} WARNING - /home/airflow/.local/lib/python3.11/site-packages/airflow/models/baseoperator.py:484 RemovedInAirflow3Warning: provide_context is deprecated as of 2.0 and is no longer required
[2025-07-08T04:30:44.833+0000] {processor.py:840} INFO - DAG(s) 'minio_ga4_new_file_detector' retrieved from /opt/airflow/dags/dag_automatic.py
[2025-07-08T04:30:44.848+0000] {logging_mixin.py:188} INFO - [2025-07-08T04:30:44.848+0000] {dag.py:3096} INFO - Sync 1 DAGs
[2025-07-08T04:30:44.859+0000] {logging_mixin.py:188} INFO - [2025-07-08T04:30:44.859+0000] {dag.py:3954} INFO - Setting next_dagrun for minio_ga4_new_file_detector to 2025-07-08 00:00:00+00:00, run_after=2025-07-09 00:00:00+00:00
[2025-07-08T04:30:44.867+0000] {processor.py:183} INFO - Processing /opt/airflow/dags/dag_automatic.py took 0.112 seconds
[2025-07-08T04:31:15.000+0000] {processor.py:161} INFO - Started process (PID=1534) to work on /opt/airflow/dags/dag_automatic.py
[2025-07-08T04:31:15.009+0000] {processor.py:830} INFO - Processing file /opt/airflow/dags/dag_automatic.py for tasks to queue
[2025-07-08T04:31:15.011+0000] {logging_mixin.py:188} INFO - [2025-07-08T04:31:15.010+0000] {dagbag.py:540} INFO - Filling up the DagBag from /opt/airflow/dags/dag_automatic.py
[2025-07-08T04:31:15.055+0000] {logging_mixin.py:188} WARNING - /home/airflow/.local/lib/python3.11/site-packages/airflow/models/baseoperator.py:484 RemovedInAirflow3Warning: provide_context is deprecated as of 2.0 and is no longer required
[2025-07-08T04:31:15.059+0000] {processor.py:840} INFO - DAG(s) 'minio_ga4_new_file_detector' retrieved from /opt/airflow/dags/dag_automatic.py
[2025-07-08T04:31:15.118+0000] {logging_mixin.py:188} INFO - [2025-07-08T04:31:15.118+0000] {dag.py:3096} INFO - Sync 1 DAGs
[2025-07-08T04:31:15.132+0000] {logging_mixin.py:188} INFO - [2025-07-08T04:31:15.132+0000] {dag.py:3954} INFO - Setting next_dagrun for minio_ga4_new_file_detector to 2025-07-08 00:00:00+00:00, run_after=2025-07-09 00:00:00+00:00
[2025-07-08T04:31:15.145+0000] {processor.py:183} INFO - Processing /opt/airflow/dags/dag_automatic.py took 0.151 seconds
[2025-07-08T04:31:46.110+0000] {processor.py:161} INFO - Started process (PID=1556) to work on /opt/airflow/dags/dag_automatic.py
[2025-07-08T04:31:46.120+0000] {processor.py:830} INFO - Processing file /opt/airflow/dags/dag_automatic.py for tasks to queue
[2025-07-08T04:31:46.122+0000] {logging_mixin.py:188} INFO - [2025-07-08T04:31:46.122+0000] {dagbag.py:540} INFO - Filling up the DagBag from /opt/airflow/dags/dag_automatic.py
[2025-07-08T04:31:46.165+0000] {logging_mixin.py:188} WARNING - /home/airflow/.local/lib/python3.11/site-packages/airflow/models/baseoperator.py:484 RemovedInAirflow3Warning: provide_context is deprecated as of 2.0 and is no longer required
[2025-07-08T04:31:46.217+0000] {processor.py:840} INFO - DAG(s) 'minio_ga4_new_file_detector' retrieved from /opt/airflow/dags/dag_automatic.py
[2025-07-08T04:31:46.232+0000] {logging_mixin.py:188} INFO - [2025-07-08T04:31:46.232+0000] {dag.py:3096} INFO - Sync 1 DAGs
[2025-07-08T04:31:46.243+0000] {logging_mixin.py:188} INFO - [2025-07-08T04:31:46.243+0000] {dag.py:3954} INFO - Setting next_dagrun for minio_ga4_new_file_detector to 2025-07-08 00:00:00+00:00, run_after=2025-07-09 00:00:00+00:00
[2025-07-08T04:31:46.251+0000] {processor.py:183} INFO - Processing /opt/airflow/dags/dag_automatic.py took 0.145 seconds
[2025-07-08T04:32:16.331+0000] {processor.py:161} INFO - Started process (PID=1578) to work on /opt/airflow/dags/dag_automatic.py
[2025-07-08T04:32:16.331+0000] {processor.py:830} INFO - Processing file /opt/airflow/dags/dag_automatic.py for tasks to queue
[2025-07-08T04:32:16.332+0000] {logging_mixin.py:188} INFO - [2025-07-08T04:32:16.332+0000] {dagbag.py:540} INFO - Filling up the DagBag from /opt/airflow/dags/dag_automatic.py
[2025-07-08T04:32:16.427+0000] {logging_mixin.py:188} WARNING - /home/airflow/.local/lib/python3.11/site-packages/airflow/models/baseoperator.py:484 RemovedInAirflow3Warning: provide_context is deprecated as of 2.0 and is no longer required
[2025-07-08T04:32:16.430+0000] {processor.py:840} INFO - DAG(s) 'minio_ga4_new_file_detector' retrieved from /opt/airflow/dags/dag_automatic.py
[2025-07-08T04:32:16.451+0000] {logging_mixin.py:188} INFO - [2025-07-08T04:32:16.451+0000] {dag.py:3096} INFO - Sync 1 DAGs
[2025-07-08T04:32:16.462+0000] {logging_mixin.py:188} INFO - [2025-07-08T04:32:16.462+0000] {dag.py:3954} INFO - Setting next_dagrun for minio_ga4_new_file_detector to 2025-07-08 00:00:00+00:00, run_after=2025-07-09 00:00:00+00:00
[2025-07-08T04:32:16.470+0000] {processor.py:183} INFO - Processing /opt/airflow/dags/dag_automatic.py took 0.144 seconds
[2025-07-08T04:32:47.450+0000] {processor.py:161} INFO - Started process (PID=1600) to work on /opt/airflow/dags/dag_automatic.py
[2025-07-08T04:32:47.459+0000] {processor.py:830} INFO - Processing file /opt/airflow/dags/dag_automatic.py for tasks to queue
[2025-07-08T04:32:47.461+0000] {logging_mixin.py:188} INFO - [2025-07-08T04:32:47.460+0000] {dagbag.py:540} INFO - Filling up the DagBag from /opt/airflow/dags/dag_automatic.py
[2025-07-08T04:32:47.532+0000] {logging_mixin.py:188} WARNING - /home/airflow/.local/lib/python3.11/site-packages/airflow/models/baseoperator.py:484 RemovedInAirflow3Warning: provide_context is deprecated as of 2.0 and is no longer required
[2025-07-08T04:32:47.536+0000] {processor.py:840} INFO - DAG(s) 'minio_ga4_new_file_detector' retrieved from /opt/airflow/dags/dag_automatic.py
[2025-07-08T04:32:47.551+0000] {logging_mixin.py:188} INFO - [2025-07-08T04:32:47.551+0000] {dag.py:3096} INFO - Sync 1 DAGs
[2025-07-08T04:32:47.562+0000] {logging_mixin.py:188} INFO - [2025-07-08T04:32:47.562+0000] {dag.py:3954} INFO - Setting next_dagrun for minio_ga4_new_file_detector to 2025-07-08 00:00:00+00:00, run_after=2025-07-09 00:00:00+00:00
[2025-07-08T04:32:47.577+0000] {processor.py:183} INFO - Processing /opt/airflow/dags/dag_automatic.py took 0.134 seconds
[2025-07-08T04:33:17.657+0000] {processor.py:161} INFO - Started process (PID=1622) to work on /opt/airflow/dags/dag_automatic.py
[2025-07-08T04:33:17.666+0000] {processor.py:830} INFO - Processing file /opt/airflow/dags/dag_automatic.py for tasks to queue
[2025-07-08T04:33:17.668+0000] {logging_mixin.py:188} INFO - [2025-07-08T04:33:17.668+0000] {dagbag.py:540} INFO - Filling up the DagBag from /opt/airflow/dags/dag_automatic.py
[2025-07-08T04:33:17.725+0000] {logging_mixin.py:188} WARNING - /home/airflow/.local/lib/python3.11/site-packages/airflow/models/baseoperator.py:484 RemovedInAirflow3Warning: provide_context is deprecated as of 2.0 and is no longer required
[2025-07-08T04:33:17.728+0000] {processor.py:840} INFO - DAG(s) 'minio_ga4_new_file_detector' retrieved from /opt/airflow/dags/dag_automatic.py
[2025-07-08T04:33:17.744+0000] {logging_mixin.py:188} INFO - [2025-07-08T04:33:17.743+0000] {dag.py:3096} INFO - Sync 1 DAGs
[2025-07-08T04:33:17.755+0000] {logging_mixin.py:188} INFO - [2025-07-08T04:33:17.755+0000] {dag.py:3954} INFO - Setting next_dagrun for minio_ga4_new_file_detector to 2025-07-08 00:00:00+00:00, run_after=2025-07-09 00:00:00+00:00
[2025-07-08T04:33:17.763+0000] {processor.py:183} INFO - Processing /opt/airflow/dags/dag_automatic.py took 0.112 seconds
[2025-07-08T04:33:47.947+0000] {processor.py:161} INFO - Started process (PID=1644) to work on /opt/airflow/dags/dag_automatic.py
[2025-07-08T04:33:47.956+0000] {processor.py:830} INFO - Processing file /opt/airflow/dags/dag_automatic.py for tasks to queue
[2025-07-08T04:33:47.957+0000] {logging_mixin.py:188} INFO - [2025-07-08T04:33:47.956+0000] {dagbag.py:540} INFO - Filling up the DagBag from /opt/airflow/dags/dag_automatic.py
[2025-07-08T04:33:48.035+0000] {logging_mixin.py:188} WARNING - /home/airflow/.local/lib/python3.11/site-packages/airflow/models/baseoperator.py:484 RemovedInAirflow3Warning: provide_context is deprecated as of 2.0 and is no longer required
[2025-07-08T04:33:48.038+0000] {processor.py:840} INFO - DAG(s) 'minio_ga4_new_file_detector' retrieved from /opt/airflow/dags/dag_automatic.py
[2025-07-08T04:33:48.057+0000] {logging_mixin.py:188} INFO - [2025-07-08T04:33:48.057+0000] {dag.py:3096} INFO - Sync 1 DAGs
[2025-07-08T04:33:48.069+0000] {logging_mixin.py:188} INFO - [2025-07-08T04:33:48.069+0000] {dag.py:3954} INFO - Setting next_dagrun for minio_ga4_new_file_detector to 2025-07-08 00:00:00+00:00, run_after=2025-07-09 00:00:00+00:00
[2025-07-08T04:33:48.118+0000] {processor.py:183} INFO - Processing /opt/airflow/dags/dag_automatic.py took 0.177 seconds
[2025-07-08T04:34:18.256+0000] {processor.py:161} INFO - Started process (PID=1666) to work on /opt/airflow/dags/dag_automatic.py
[2025-07-08T04:34:18.265+0000] {processor.py:830} INFO - Processing file /opt/airflow/dags/dag_automatic.py for tasks to queue
[2025-07-08T04:34:18.266+0000] {logging_mixin.py:188} INFO - [2025-07-08T04:34:18.266+0000] {dagbag.py:540} INFO - Filling up the DagBag from /opt/airflow/dags/dag_automatic.py
[2025-07-08T04:34:18.326+0000] {logging_mixin.py:188} WARNING - /home/airflow/.local/lib/python3.11/site-packages/airflow/models/baseoperator.py:484 RemovedInAirflow3Warning: provide_context is deprecated as of 2.0 and is no longer required
[2025-07-08T04:34:18.330+0000] {processor.py:840} INFO - DAG(s) 'minio_ga4_new_file_detector' retrieved from /opt/airflow/dags/dag_automatic.py
[2025-07-08T04:34:18.344+0000] {logging_mixin.py:188} INFO - [2025-07-08T04:34:18.343+0000] {dag.py:3096} INFO - Sync 1 DAGs
[2025-07-08T04:34:18.354+0000] {logging_mixin.py:188} INFO - [2025-07-08T04:34:18.354+0000] {dag.py:3954} INFO - Setting next_dagrun for minio_ga4_new_file_detector to 2025-07-08 00:00:00+00:00, run_after=2025-07-09 00:00:00+00:00
[2025-07-08T04:34:18.362+0000] {processor.py:183} INFO - Processing /opt/airflow/dags/dag_automatic.py took 0.110 seconds
[2025-07-08T04:34:48.548+0000] {processor.py:161} INFO - Started process (PID=1688) to work on /opt/airflow/dags/dag_automatic.py
[2025-07-08T04:34:48.557+0000] {processor.py:830} INFO - Processing file /opt/airflow/dags/dag_automatic.py for tasks to queue
[2025-07-08T04:34:48.559+0000] {logging_mixin.py:188} INFO - [2025-07-08T04:34:48.558+0000] {dagbag.py:540} INFO - Filling up the DagBag from /opt/airflow/dags/dag_automatic.py
[2025-07-08T04:34:48.628+0000] {logging_mixin.py:188} WARNING - /home/airflow/.local/lib/python3.11/site-packages/airflow/models/baseoperator.py:484 RemovedInAirflow3Warning: provide_context is deprecated as of 2.0 and is no longer required
[2025-07-08T04:34:48.631+0000] {processor.py:840} INFO - DAG(s) 'minio_ga4_new_file_detector' retrieved from /opt/airflow/dags/dag_automatic.py
[2025-07-08T04:34:48.645+0000] {logging_mixin.py:188} INFO - [2025-07-08T04:34:48.645+0000] {dag.py:3096} INFO - Sync 1 DAGs
[2025-07-08T04:34:48.656+0000] {logging_mixin.py:188} INFO - [2025-07-08T04:34:48.656+0000] {dag.py:3954} INFO - Setting next_dagrun for minio_ga4_new_file_detector to 2025-07-08 00:00:00+00:00, run_after=2025-07-09 00:00:00+00:00
[2025-07-08T04:34:48.673+0000] {processor.py:183} INFO - Processing /opt/airflow/dags/dag_automatic.py took 0.130 seconds
[2025-07-08T04:35:18.813+0000] {processor.py:161} INFO - Started process (PID=1710) to work on /opt/airflow/dags/dag_automatic.py
[2025-07-08T04:35:18.813+0000] {processor.py:830} INFO - Processing file /opt/airflow/dags/dag_automatic.py for tasks to queue
[2025-07-08T04:35:18.815+0000] {logging_mixin.py:188} INFO - [2025-07-08T04:35:18.815+0000] {dagbag.py:540} INFO - Filling up the DagBag from /opt/airflow/dags/dag_automatic.py
[2025-07-08T04:35:18.857+0000] {logging_mixin.py:188} WARNING - /home/airflow/.local/lib/python3.11/site-packages/airflow/models/baseoperator.py:484 RemovedInAirflow3Warning: provide_context is deprecated as of 2.0 and is no longer required
[2025-07-08T04:35:18.860+0000] {processor.py:840} INFO - DAG(s) 'minio_ga4_new_file_detector' retrieved from /opt/airflow/dags/dag_automatic.py
[2025-07-08T04:35:18.921+0000] {logging_mixin.py:188} INFO - [2025-07-08T04:35:18.921+0000] {dag.py:3096} INFO - Sync 1 DAGs
[2025-07-08T04:35:18.933+0000] {logging_mixin.py:188} INFO - [2025-07-08T04:35:18.933+0000] {dag.py:3954} INFO - Setting next_dagrun for minio_ga4_new_file_detector to 2025-07-08 00:00:00+00:00, run_after=2025-07-09 00:00:00+00:00
[2025-07-08T04:35:18.950+0000] {processor.py:183} INFO - Processing /opt/airflow/dags/dag_automatic.py took 0.142 seconds
[2025-07-08T04:35:49.089+0000] {processor.py:161} INFO - Started process (PID=1732) to work on /opt/airflow/dags/dag_automatic.py
[2025-07-08T04:35:49.098+0000] {processor.py:830} INFO - Processing file /opt/airflow/dags/dag_automatic.py for tasks to queue
[2025-07-08T04:35:49.100+0000] {logging_mixin.py:188} INFO - [2025-07-08T04:35:49.099+0000] {dagbag.py:540} INFO - Filling up the DagBag from /opt/airflow/dags/dag_automatic.py
[2025-07-08T04:35:49.144+0000] {logging_mixin.py:188} WARNING - /home/airflow/.local/lib/python3.11/site-packages/airflow/models/baseoperator.py:484 RemovedInAirflow3Warning: provide_context is deprecated as of 2.0 and is no longer required
[2025-07-08T04:35:49.147+0000] {processor.py:840} INFO - DAG(s) 'minio_ga4_new_file_detector' retrieved from /opt/airflow/dags/dag_automatic.py
[2025-07-08T04:35:49.161+0000] {logging_mixin.py:188} INFO - [2025-07-08T04:35:49.161+0000] {dag.py:3096} INFO - Sync 1 DAGs
[2025-07-08T04:35:49.171+0000] {logging_mixin.py:188} INFO - [2025-07-08T04:35:49.171+0000] {dag.py:3954} INFO - Setting next_dagrun for minio_ga4_new_file_detector to 2025-07-08 00:00:00+00:00, run_after=2025-07-09 00:00:00+00:00
[2025-07-08T04:35:49.232+0000] {processor.py:183} INFO - Processing /opt/airflow/dags/dag_automatic.py took 0.149 seconds
