[2025-07-04T02:23:54.140+0000] {local_task_job_runner.py:120} INFO - ::group::Pre task execution logs
[2025-07-04T02:23:54.161+0000] {taskinstance.py:2073} INFO - Dependencies all met for dep_context=non-requeueable deps ti=<TaskInstance: connect_to_minio.download_one_file scheduled__2025-07-03T00:00:00+00:00 [queued]>
[2025-07-04T02:23:54.165+0000] {taskinstance.py:2073} INFO - Dependencies all met for dep_context=requeueable deps ti=<TaskInstance: connect_to_minio.download_one_file scheduled__2025-07-03T00:00:00+00:00 [queued]>
[2025-07-04T02:23:54.166+0000] {taskinstance.py:2303} INFO - Starting attempt 13 of 13
[2025-07-04T02:23:54.171+0000] {taskinstance.py:2327} INFO - Executing <Task(PythonOperator): download_one_file> on 2025-07-03 00:00:00+00:00
[2025-07-04T02:23:54.176+0000] {standard_task_runner.py:63} INFO - Started process 821 to run task
[2025-07-04T02:23:54.178+0000] {standard_task_runner.py:90} INFO - Running: ['***', 'tasks', 'run', 'connect_to_minio', 'download_one_file', 'scheduled__2025-07-03T00:00:00+00:00', '--job-id', '92', '--raw', '--subdir', 'DAGS_FOLDER/test_connection_to_minio.py', '--cfg-path', '/tmp/tmpgm8cku7y']
[2025-07-04T02:23:54.179+0000] {standard_task_runner.py:91} INFO - Job 92: Subtask download_one_file
[2025-07-04T02:23:54.189+0000] {logging_mixin.py:188} WARNING - /home/***/.local/lib/python3.11/site-packages/***/settings.py:195 DeprecationWarning: The sql_alchemy_conn option in [core] has been moved to the sql_alchemy_conn option in [database] - the old setting has been used, but please update your config.
[2025-07-04T02:23:54.208+0000] {task_command.py:426} INFO - Running <TaskInstance: connect_to_minio.download_one_file scheduled__2025-07-03T00:00:00+00:00 [running]> on host a419d8548e77
[2025-07-04T02:23:54.254+0000] {taskinstance.py:2644} INFO - Exporting env vars: AIRFLOW_CTX_DAG_OWNER='***' AIRFLOW_CTX_DAG_ID='connect_to_minio' AIRFLOW_CTX_TASK_ID='download_one_file' AIRFLOW_CTX_EXECUTION_DATE='2025-07-03T00:00:00+00:00' AIRFLOW_CTX_TRY_NUMBER='13' AIRFLOW_CTX_DAG_RUN_ID='scheduled__2025-07-03T00:00:00+00:00'
[2025-07-04T02:23:54.255+0000] {taskinstance.py:430} INFO - ::endgroup::
[2025-07-04T02:23:54.623+0000] {logging_mixin.py:188} INFO - ✅ Đã tải file về: /tmp/data_example.parquet
[2025-07-04T02:23:54.623+0000] {logging_mixin.py:188} INFO - 📁 File tồn tại, kích thước: 2,989,720 bytes
[2025-07-04T02:23:55.997+0000] {logging_mixin.py:188} INFO - 📊 Dữ liệu: 17828 dòng, 30 cột
[2025-07-04T02:23:55.998+0000] {logging_mixin.py:188} INFO - 🔍 Cột: ['event_date', 'event_timestamp', 'event_name', 'event_params', 'event_previous_timestamp']
[2025-07-04T02:23:56.024+0000] {python.py:237} INFO - Done. Returned value was: None
[2025-07-04T02:23:56.024+0000] {taskinstance.py:441} INFO - ::group::Post task execution logs
[2025-07-04T02:23:56.032+0000] {taskinstance.py:1205} INFO - Marking task as SUCCESS. dag_id=connect_to_minio, task_id=download_one_file, execution_date=20250703T000000, start_date=20250704T022354, end_date=20250704T022356
[2025-07-04T02:23:56.073+0000] {local_task_job_runner.py:240} INFO - Task exited with return code 0
[2025-07-04T02:23:56.087+0000] {taskinstance.py:3482} INFO - 0 downstream tasks scheduled from follow-on schedule check
[2025-07-04T02:23:56.088+0000] {local_task_job_runner.py:222} INFO - ::endgroup::
