[2025-07-08T04:05:58.763+0000] {local_task_job_runner.py:120} INFO - ::group::Pre task execution logs
[2025-07-08T04:05:58.780+0000] {taskinstance.py:2073} INFO - Dependencies all met for dep_context=non-requeueable deps ti=<TaskInstance: minio_ga4_new_file_detector.detect_new_ga4_data scheduled__2025-07-07T00:00:00+00:00 [queued]>
[2025-07-08T04:05:58.783+0000] {taskinstance.py:2073} INFO - Dependencies all met for dep_context=requeueable deps ti=<TaskInstance: minio_ga4_new_file_detector.detect_new_ga4_data scheduled__2025-07-07T00:00:00+00:00 [queued]>
[2025-07-08T04:05:58.783+0000] {taskinstance.py:2303} INFO - Starting attempt 1 of 2
[2025-07-08T04:05:58.789+0000] {taskinstance.py:2327} INFO - Executing <Task(PythonOperator): detect_new_ga4_data> on 2025-07-07 00:00:00+00:00
[2025-07-08T04:05:58.792+0000] {standard_task_runner.py:63} INFO - Started process 204 to run task
[2025-07-08T04:05:58.794+0000] {standard_task_runner.py:90} INFO - Running: ['***', 'tasks', 'run', 'minio_ga4_new_file_detector', 'detect_new_ga4_data', 'scheduled__2025-07-07T00:00:00+00:00', '--job-id', '170', '--raw', '--subdir', 'DAGS_FOLDER/dag_automatic.py', '--cfg-path', '/tmp/tmpld4fl11u']
[2025-07-08T04:05:58.795+0000] {standard_task_runner.py:91} INFO - Job 170: Subtask detect_new_ga4_data
[2025-07-08T04:05:58.805+0000] {logging_mixin.py:188} WARNING - /home/***/.local/lib/python3.11/site-packages/***/settings.py:195 DeprecationWarning: The sql_alchemy_conn option in [core] has been moved to the sql_alchemy_conn option in [database] - the old setting has been used, but please update your config.
[2025-07-08T04:05:58.825+0000] {task_command.py:426} INFO - Running <TaskInstance: minio_ga4_new_file_detector.detect_new_ga4_data scheduled__2025-07-07T00:00:00+00:00 [running]> on host 4b2ec626a3e3
[2025-07-08T04:05:58.870+0000] {taskinstance.py:2644} INFO - Exporting env vars: AIRFLOW_CTX_DAG_OWNER='***' AIRFLOW_CTX_DAG_ID='minio_ga4_new_file_detector' AIRFLOW_CTX_TASK_ID='detect_new_ga4_data' AIRFLOW_CTX_EXECUTION_DATE='2025-07-07T00:00:00+00:00' AIRFLOW_CTX_TRY_NUMBER='1' AIRFLOW_CTX_DAG_RUN_ID='scheduled__2025-07-07T00:00:00+00:00'
[2025-07-08T04:05:58.871+0000] {taskinstance.py:430} INFO - ::endgroup::
[2025-07-08T04:05:59.028+0000] {logging_mixin.py:188} INFO - Bắt đầu kiểm tra các file mới hơn timestamp: 2025-07-07T07:19:49.959000+00:00
[2025-07-08T04:05:59.047+0000] {logging_mixin.py:188} INFO - --------------------------------------------------------2025-07-07 07:27:42.553000+00:00
[2025-07-08T04:05:59.047+0000] {logging_mixin.py:188} INFO - 🎉 Tìm thấy 1 file GA4 mới:
[2025-07-08T04:05:59.047+0000] {logging_mixin.py:188} INFO - - ga4-data/1.parquet
[2025-07-08T04:05:59.059+0000] {python.py:237} INFO - Done. Returned value was: True
[2025-07-08T04:05:59.060+0000] {taskinstance.py:441} INFO - ::group::Post task execution logs
[2025-07-08T04:05:59.076+0000] {taskinstance.py:1205} INFO - Marking task as SUCCESS. dag_id=minio_ga4_new_file_detector, task_id=detect_new_ga4_data, execution_date=20250707T000000, start_date=20250708T040558, end_date=20250708T040559
[2025-07-08T04:05:59.126+0000] {local_task_job_runner.py:240} INFO - Task exited with return code 0
[2025-07-08T04:05:59.142+0000] {taskinstance.py:3482} INFO - 1 downstream tasks scheduled from follow-on schedule check
[2025-07-08T04:05:59.143+0000] {local_task_job_runner.py:222} INFO - ::endgroup::
