[2025-07-07T04:13:20.003+0000] {local_task_job_runner.py:120} INFO - ::group::Pre task execution logs
[2025-07-07T04:13:20.022+0000] {taskinstance.py:2073} INFO - Dependencies all met for dep_context=non-requeueable deps ti=<TaskInstance: my_spark_inline.spark_write_data manual__2025-07-07T04:12:27.341159+00:00 [queued]>
[2025-07-07T04:13:20.115+0000] {taskinstance.py:2073} INFO - Dependencies all met for dep_context=requeueable deps ti=<TaskInstance: my_spark_inline.spark_write_data manual__2025-07-07T04:12:27.341159+00:00 [queued]>
[2025-07-07T04:13:20.115+0000] {taskinstance.py:2303} INFO - Starting attempt 4 of 4
[2025-07-07T04:13:20.122+0000] {taskinstance.py:2327} INFO - Executing <Task(SparkSubmitOperator): spark_write_data> on 2025-07-07 04:12:27.341159+00:00
[2025-07-07T04:13:20.127+0000] {standard_task_runner.py:63} INFO - Started process 1569 to run task
[2025-07-07T04:13:20.130+0000] {standard_task_runner.py:90} INFO - Running: ['***', 'tasks', 'run', 'my_spark_inline', 'spark_write_data', 'manual__2025-07-07T04:12:27.341159+00:00', '--job-id', '127', '--raw', '--subdir', 'DAGS_FOLDER/test_spark.py', '--cfg-path', '/tmp/tmp7fxb7u8r']
[2025-07-07T04:13:20.131+0000] {standard_task_runner.py:91} INFO - Job 127: Subtask spark_write_data
[2025-07-07T04:13:20.141+0000] {logging_mixin.py:188} WARNING - /home/***/.local/lib/python3.11/site-packages/***/settings.py:195 DeprecationWarning: The sql_alchemy_conn option in [core] has been moved to the sql_alchemy_conn option in [database] - the old setting has been used, but please update your config.
[2025-07-07T04:13:20.164+0000] {task_command.py:426} INFO - Running <TaskInstance: my_spark_inline.spark_write_data manual__2025-07-07T04:12:27.341159+00:00 [running]> on host fd5a0096b110
[2025-07-07T04:13:20.215+0000] {taskinstance.py:2644} INFO - Exporting env vars: AIRFLOW_CTX_DAG_OWNER='***' AIRFLOW_CTX_DAG_ID='my_spark_inline' AIRFLOW_CTX_TASK_ID='spark_write_data' AIRFLOW_CTX_EXECUTION_DATE='2025-07-07T04:12:27.341159+00:00' AIRFLOW_CTX_TRY_NUMBER='4' AIRFLOW_CTX_DAG_RUN_ID='manual__2025-07-07T04:12:27.341159+00:00'
[2025-07-07T04:13:20.216+0000] {taskinstance.py:430} INFO - ::endgroup::
[2025-07-07T04:13:20.228+0000] {base.py:84} INFO - Using connection ID 'spark-master' for task execution.
[2025-07-07T04:13:20.229+0000] {spark_submit.py:473} INFO - Spark-Submit cmd: spark-submit --master spark://spark-master:7077:7077 --packages com.clickhouse:clickhouse-jdbc:0.6.4,org.apache.httpcomponents.client5:httpclient5:5.3.1,org.apache.hadoop:hadoop-aws:3.3.5,com.amazonaws:aws-java-sdk-bundle:1.11.1026 --name arrow-spark --deploy-mode client /opt/***/spark_project/src/spark/spark_main_minio.py
[2025-07-07T04:13:20.442+0000] {spark_submit.py:634} INFO - WARNING: Using incubator modules: jdk.incubator.vector
[2025-07-07T04:13:21.812+0000] {spark_submit.py:634} INFO - :: loading settings :: url = jar:file:/home/***/.local/lib/python3.11/site-packages/pyspark/jars/ivy-2.5.3.jar!/org/apache/ivy/core/settings/ivysettings.xml
[2025-07-07T04:13:21.892+0000] {spark_submit.py:634} INFO - Ivy Default Cache set to: /home/***/.ivy2.5.2/cache
[2025-07-07T04:13:21.892+0000] {spark_submit.py:634} INFO - The jars for the packages stored in: /home/***/.ivy2.5.2/jars
[2025-07-07T04:13:21.894+0000] {spark_submit.py:634} INFO - com.clickhouse#clickhouse-jdbc added as a dependency
[2025-07-07T04:13:21.894+0000] {spark_submit.py:634} INFO - org.apache.httpcomponents.client5#httpclient5 added as a dependency
[2025-07-07T04:13:21.895+0000] {spark_submit.py:634} INFO - org.apache.hadoop#hadoop-aws added as a dependency
[2025-07-07T04:13:21.895+0000] {spark_submit.py:634} INFO - com.amazonaws#aws-java-sdk-bundle added as a dependency
[2025-07-07T04:13:21.895+0000] {spark_submit.py:634} INFO - :: resolving dependencies :: org.apache.spark#spark-submit-parent-bd5d1a7b-0f98-4f6c-921f-1f61f5531e57;1.0
[2025-07-07T04:13:21.895+0000] {spark_submit.py:634} INFO - confs: [default]
[2025-07-07T04:13:22.010+0000] {spark_submit.py:634} INFO - found com.clickhouse#clickhouse-jdbc;0.6.4 in central
[2025-07-07T04:13:22.026+0000] {spark_submit.py:634} INFO - found org.apache.httpcomponents.client5#httpclient5;5.3.1 in central
[2025-07-07T04:13:22.100+0000] {spark_submit.py:634} INFO - found org.apache.httpcomponents.core5#httpcore5;5.2.4 in central
[2025-07-07T04:13:22.112+0000] {spark_submit.py:634} INFO - found org.apache.httpcomponents.core5#httpcore5-h2;5.2.4 in central
[2025-07-07T04:13:22.190+0000] {spark_submit.py:634} INFO - found org.slf4j#slf4j-api;1.7.36 in central
[2025-07-07T04:13:22.210+0000] {spark_submit.py:634} INFO - found org.apache.hadoop#hadoop-aws;3.3.5 in central
[2025-07-07T04:13:22.218+0000] {spark_submit.py:634} INFO - found com.amazonaws#aws-java-sdk-bundle;1.12.316 in central
[2025-07-07T04:13:22.289+0000] {spark_submit.py:634} INFO - found org.wildfly.openssl#wildfly-openssl;1.1.3.Final in central
[2025-07-07T04:13:22.304+0000] {spark_submit.py:634} INFO - :: resolution report :: resolve 400ms :: artifacts dl 9ms
[2025-07-07T04:13:22.305+0000] {spark_submit.py:634} INFO - :: modules in use:
[2025-07-07T04:13:22.305+0000] {spark_submit.py:634} INFO - com.amazonaws#aws-java-sdk-bundle;1.12.316 from central in [default]
[2025-07-07T04:13:22.305+0000] {spark_submit.py:634} INFO - com.clickhouse#clickhouse-jdbc;0.6.4 from central in [default]
[2025-07-07T04:13:22.305+0000] {spark_submit.py:634} INFO - org.apache.hadoop#hadoop-aws;3.3.5 from central in [default]
[2025-07-07T04:13:22.305+0000] {spark_submit.py:634} INFO - org.apache.httpcomponents.client5#httpclient5;5.3.1 from central in [default]
[2025-07-07T04:13:22.305+0000] {spark_submit.py:634} INFO - org.apache.httpcomponents.core5#httpcore5;5.2.4 from central in [default]
[2025-07-07T04:13:22.305+0000] {spark_submit.py:634} INFO - org.apache.httpcomponents.core5#httpcore5-h2;5.2.4 from central in [default]
[2025-07-07T04:13:22.305+0000] {spark_submit.py:634} INFO - org.slf4j#slf4j-api;1.7.36 from central in [default]
[2025-07-07T04:13:22.305+0000] {spark_submit.py:634} INFO - org.wildfly.openssl#wildfly-openssl;1.1.3.Final from central in [default]
[2025-07-07T04:13:22.306+0000] {spark_submit.py:634} INFO - :: evicted modules:
[2025-07-07T04:13:22.306+0000] {spark_submit.py:634} INFO - com.amazonaws#aws-java-sdk-bundle;1.11.1026 by [com.amazonaws#aws-java-sdk-bundle;1.12.316] in [default]
[2025-07-07T04:13:22.306+0000] {spark_submit.py:634} INFO - ---------------------------------------------------------------------
[2025-07-07T04:13:22.306+0000] {spark_submit.py:634} INFO - |                  |            modules            ||   artifacts   |
[2025-07-07T04:13:22.306+0000] {spark_submit.py:634} INFO - |       conf       | number| search|dwnlded|evicted|| number|dwnlded|
[2025-07-07T04:13:22.306+0000] {spark_submit.py:634} INFO - ---------------------------------------------------------------------
[2025-07-07T04:13:22.306+0000] {spark_submit.py:634} INFO - |      default     |   9   |   0   |   0   |   1   ||   8   |   0   |
[2025-07-07T04:13:22.306+0000] {spark_submit.py:634} INFO - ---------------------------------------------------------------------
[2025-07-07T04:13:22.308+0000] {spark_submit.py:634} INFO - :: retrieving :: org.apache.spark#spark-submit-parent-bd5d1a7b-0f98-4f6c-921f-1f61f5531e57
[2025-07-07T04:13:22.308+0000] {spark_submit.py:634} INFO - confs: [default]
[2025-07-07T04:13:22.311+0000] {spark_submit.py:634} INFO - 0 artifacts copied, 8 already retrieved (0kB/3ms)
[2025-07-07T04:13:22.611+0000] {spark_submit.py:634} INFO - 25/07/07 04:13:22 WARN NativeCodeLoader: Unable to load native-hadoop library for your platform... using builtin-java classes where applicable
[2025-07-07T04:13:24.008+0000] {spark_submit.py:634} INFO - Using Spark's default log4j profile: org/apache/spark/log4j2-defaults.properties
[2025-07-07T04:13:24.012+0000] {spark_submit.py:634} INFO - 25/07/07 04:13:24 INFO SparkContext: Running Spark version 4.0.0
[2025-07-07T04:13:24.013+0000] {spark_submit.py:634} INFO - 25/07/07 04:13:24 INFO SparkContext: OS info Linux, 6.8.0-60-generic, amd64
[2025-07-07T04:13:24.013+0000] {spark_submit.py:634} INFO - 25/07/07 04:13:24 INFO SparkContext: Java version 17.0.15
[2025-07-07T04:13:24.026+0000] {spark_submit.py:634} INFO - 25/07/07 04:13:24 INFO ResourceUtils: ==============================================================
[2025-07-07T04:13:24.026+0000] {spark_submit.py:634} INFO - 25/07/07 04:13:24 INFO ResourceUtils: No custom resources configured for spark.driver.
[2025-07-07T04:13:24.026+0000] {spark_submit.py:634} INFO - 25/07/07 04:13:24 INFO ResourceUtils: ==============================================================
[2025-07-07T04:13:24.087+0000] {spark_submit.py:634} INFO - 25/07/07 04:13:24 INFO SparkContext: Submitted application: thanhdz
[2025-07-07T04:13:24.101+0000] {spark_submit.py:634} INFO - 25/07/07 04:13:24 INFO ResourceProfile: Default ResourceProfile created, executor resources: Map(cores -> name: cores, amount: 2, script: , vendor: , memory -> name: memory, amount: 1024, script: , vendor: , offHeap -> name: offHeap, amount: 0, script: , vendor: ), task resources: Map(cpus -> name: cpus, amount: 1.0)
[2025-07-07T04:13:24.104+0000] {spark_submit.py:634} INFO - 25/07/07 04:13:24 INFO ResourceProfile: Limiting resource is cpus at 2 tasks per executor
[2025-07-07T04:13:24.106+0000] {spark_submit.py:634} INFO - 25/07/07 04:13:24 INFO ResourceProfileManager: Added ResourceProfile id: 0
[2025-07-07T04:13:24.196+0000] {spark_submit.py:634} INFO - 25/07/07 04:13:24 INFO SecurityManager: Changing view acls to: ***
[2025-07-07T04:13:24.197+0000] {spark_submit.py:634} INFO - 25/07/07 04:13:24 INFO SecurityManager: Changing modify acls to: ***
[2025-07-07T04:13:24.197+0000] {spark_submit.py:634} INFO - 25/07/07 04:13:24 INFO SecurityManager: Changing view acls groups to: ***
[2025-07-07T04:13:24.197+0000] {spark_submit.py:634} INFO - 25/07/07 04:13:24 INFO SecurityManager: Changing modify acls groups to: ***
[2025-07-07T04:13:24.198+0000] {spark_submit.py:634} INFO - 25/07/07 04:13:24 INFO SecurityManager: SecurityManager: authentication disabled; ui acls disabled; users with view permissions: *** groups with view permissions: EMPTY; users with modify permissions: ***; groups with modify permissions: EMPTY; RPC SSL disabled
[2025-07-07T04:13:24.413+0000] {spark_submit.py:634} INFO - 25/07/07 04:13:24 INFO Utils: Successfully started service 'sparkDriver' on port 43429.
[2025-07-07T04:13:24.434+0000] {spark_submit.py:634} INFO - 25/07/07 04:13:24 INFO SparkEnv: Registering MapOutputTracker
[2025-07-07T04:13:24.441+0000] {spark_submit.py:634} INFO - 25/07/07 04:13:24 INFO SparkEnv: Registering BlockManagerMaster
[2025-07-07T04:13:24.449+0000] {spark_submit.py:634} INFO - 25/07/07 04:13:24 INFO BlockManagerMasterEndpoint: Using org.apache.spark.storage.DefaultTopologyMapper for getting topology information
[2025-07-07T04:13:24.449+0000] {spark_submit.py:634} INFO - 25/07/07 04:13:24 INFO BlockManagerMasterEndpoint: BlockManagerMasterEndpoint up
[2025-07-07T04:13:24.489+0000] {spark_submit.py:634} INFO - 25/07/07 04:13:24 INFO SparkEnv: Registering BlockManagerMasterHeartbeat
[2025-07-07T04:13:24.502+0000] {spark_submit.py:634} INFO - 25/07/07 04:13:24 INFO DiskBlockManager: Created local directory at /tmp/blockmgr-d57a4f05-47e2-4e22-855f-4404497e6d57
[2025-07-07T04:13:24.515+0000] {spark_submit.py:634} INFO - 25/07/07 04:13:24 INFO SparkEnv: Registering OutputCommitCoordinator
[2025-07-07T04:13:24.695+0000] {spark_submit.py:634} INFO - 25/07/07 04:13:24 INFO JettyUtils: Start Jetty 0.0.0.0:4040 for SparkUI
[2025-07-07T04:13:24.788+0000] {spark_submit.py:634} INFO - 25/07/07 04:13:24 INFO Utils: Successfully started service 'SparkUI' on port 4040.
[2025-07-07T04:13:24.811+0000] {spark_submit.py:634} INFO - 25/07/07 04:13:24 INFO SparkContext: Added JAR file:///home/***/.ivy2.5.2/jars/com.clickhouse_clickhouse-jdbc-0.6.4.jar at spark://fd5a0096b110:43429/jars/com.clickhouse_clickhouse-jdbc-0.6.4.jar with timestamp 1751861604004
[2025-07-07T04:13:24.812+0000] {spark_submit.py:634} INFO - 25/07/07 04:13:24 INFO SparkContext: Added JAR file:///home/***/.ivy2.5.2/jars/org.apache.httpcomponents.client5_httpclient5-5.3.1.jar at spark://fd5a0096b110:43429/jars/org.apache.httpcomponents.client5_httpclient5-5.3.1.jar with timestamp 1751861604004
[2025-07-07T04:13:24.812+0000] {spark_submit.py:634} INFO - 25/07/07 04:13:24 INFO SparkContext: Added JAR file:///home/***/.ivy2.5.2/jars/org.apache.hadoop_hadoop-aws-3.3.5.jar at spark://fd5a0096b110:43429/jars/org.apache.hadoop_hadoop-aws-3.3.5.jar with timestamp 1751861604004
[2025-07-07T04:13:24.812+0000] {spark_submit.py:634} INFO - 25/07/07 04:13:24 INFO SparkContext: Added JAR file:///home/***/.ivy2.5.2/jars/org.apache.httpcomponents.core5_httpcore5-5.2.4.jar at spark://fd5a0096b110:43429/jars/org.apache.httpcomponents.core5_httpcore5-5.2.4.jar with timestamp 1751861604004
[2025-07-07T04:13:24.812+0000] {spark_submit.py:634} INFO - 25/07/07 04:13:24 INFO SparkContext: Added JAR file:///home/***/.ivy2.5.2/jars/org.apache.httpcomponents.core5_httpcore5-h2-5.2.4.jar at spark://fd5a0096b110:43429/jars/org.apache.httpcomponents.core5_httpcore5-h2-5.2.4.jar with timestamp 1751861604004
[2025-07-07T04:13:24.812+0000] {spark_submit.py:634} INFO - 25/07/07 04:13:24 INFO SparkContext: Added JAR file:///home/***/.ivy2.5.2/jars/org.slf4j_slf4j-api-1.7.36.jar at spark://fd5a0096b110:43429/jars/org.slf4j_slf4j-api-1.7.36.jar with timestamp 1751861604004
[2025-07-07T04:13:24.812+0000] {spark_submit.py:634} INFO - 25/07/07 04:13:24 INFO SparkContext: Added JAR file:///home/***/.ivy2.5.2/jars/com.amazonaws_aws-java-sdk-bundle-1.12.316.jar at spark://fd5a0096b110:43429/jars/com.amazonaws_aws-java-sdk-bundle-1.12.316.jar with timestamp 1751861604004
[2025-07-07T04:13:24.812+0000] {spark_submit.py:634} INFO - 25/07/07 04:13:24 INFO SparkContext: Added JAR file:///home/***/.ivy2.5.2/jars/org.wildfly.openssl_wildfly-openssl-1.1.3.Final.jar at spark://fd5a0096b110:43429/jars/org.wildfly.openssl_wildfly-openssl-1.1.3.Final.jar with timestamp 1751861604004
[2025-07-07T04:13:24.814+0000] {spark_submit.py:634} INFO - 25/07/07 04:13:24 INFO SparkContext: Added file file:///home/***/.ivy2.5.2/jars/com.clickhouse_clickhouse-jdbc-0.6.4.jar at spark://fd5a0096b110:43429/files/com.clickhouse_clickhouse-jdbc-0.6.4.jar with timestamp 1751861604004
[2025-07-07T04:13:24.815+0000] {spark_submit.py:634} INFO - 25/07/07 04:13:24 INFO Utils: Copying /home/***/.ivy2.5.2/jars/com.clickhouse_clickhouse-jdbc-0.6.4.jar to /tmp/spark-44131dc9-0b12-4e49-98fe-c8e9000e8f02/userFiles-ac9da537-ffaf-4d63-b23b-7ad6de4d832e/com.clickhouse_clickhouse-jdbc-0.6.4.jar
[2025-07-07T04:13:24.822+0000] {spark_submit.py:634} INFO - 25/07/07 04:13:24 INFO SparkContext: Added file file:///home/***/.ivy2.5.2/jars/org.apache.httpcomponents.client5_httpclient5-5.3.1.jar at spark://fd5a0096b110:43429/files/org.apache.httpcomponents.client5_httpclient5-5.3.1.jar with timestamp 1751861604004
[2025-07-07T04:13:24.822+0000] {spark_submit.py:634} INFO - 25/07/07 04:13:24 INFO Utils: Copying /home/***/.ivy2.5.2/jars/org.apache.httpcomponents.client5_httpclient5-5.3.1.jar to /tmp/spark-44131dc9-0b12-4e49-98fe-c8e9000e8f02/userFiles-ac9da537-ffaf-4d63-b23b-7ad6de4d832e/org.apache.httpcomponents.client5_httpclient5-5.3.1.jar
[2025-07-07T04:13:24.893+0000] {spark_submit.py:634} INFO - 25/07/07 04:13:24 INFO SparkContext: Added file file:///home/***/.ivy2.5.2/jars/org.apache.hadoop_hadoop-aws-3.3.5.jar at spark://fd5a0096b110:43429/files/org.apache.hadoop_hadoop-aws-3.3.5.jar with timestamp 1751861604004
[2025-07-07T04:13:24.894+0000] {spark_submit.py:634} INFO - 25/07/07 04:13:24 INFO Utils: Copying /home/***/.ivy2.5.2/jars/org.apache.hadoop_hadoop-aws-3.3.5.jar to /tmp/spark-44131dc9-0b12-4e49-98fe-c8e9000e8f02/userFiles-ac9da537-ffaf-4d63-b23b-7ad6de4d832e/org.apache.hadoop_hadoop-aws-3.3.5.jar
[2025-07-07T04:13:24.900+0000] {spark_submit.py:634} INFO - 25/07/07 04:13:24 INFO SparkContext: Added file file:///home/***/.ivy2.5.2/jars/org.apache.httpcomponents.core5_httpcore5-5.2.4.jar at spark://fd5a0096b110:43429/files/org.apache.httpcomponents.core5_httpcore5-5.2.4.jar with timestamp 1751861604004
[2025-07-07T04:13:24.901+0000] {spark_submit.py:634} INFO - 25/07/07 04:13:24 INFO Utils: Copying /home/***/.ivy2.5.2/jars/org.apache.httpcomponents.core5_httpcore5-5.2.4.jar to /tmp/spark-44131dc9-0b12-4e49-98fe-c8e9000e8f02/userFiles-ac9da537-ffaf-4d63-b23b-7ad6de4d832e/org.apache.httpcomponents.core5_httpcore5-5.2.4.jar
[2025-07-07T04:13:24.908+0000] {spark_submit.py:634} INFO - 25/07/07 04:13:24 INFO SparkContext: Added file file:///home/***/.ivy2.5.2/jars/org.apache.httpcomponents.core5_httpcore5-h2-5.2.4.jar at spark://fd5a0096b110:43429/files/org.apache.httpcomponents.core5_httpcore5-h2-5.2.4.jar with timestamp 1751861604004
[2025-07-07T04:13:24.908+0000] {spark_submit.py:634} INFO - 25/07/07 04:13:24 INFO Utils: Copying /home/***/.ivy2.5.2/jars/org.apache.httpcomponents.core5_httpcore5-h2-5.2.4.jar to /tmp/spark-44131dc9-0b12-4e49-98fe-c8e9000e8f02/userFiles-ac9da537-ffaf-4d63-b23b-7ad6de4d832e/org.apache.httpcomponents.core5_httpcore5-h2-5.2.4.jar
[2025-07-07T04:13:24.912+0000] {spark_submit.py:634} INFO - 25/07/07 04:13:24 INFO SparkContext: Added file file:///home/***/.ivy2.5.2/jars/org.slf4j_slf4j-api-1.7.36.jar at spark://fd5a0096b110:43429/files/org.slf4j_slf4j-api-1.7.36.jar with timestamp 1751861604004
[2025-07-07T04:13:24.912+0000] {spark_submit.py:634} INFO - 25/07/07 04:13:24 INFO Utils: Copying /home/***/.ivy2.5.2/jars/org.slf4j_slf4j-api-1.7.36.jar to /tmp/spark-44131dc9-0b12-4e49-98fe-c8e9000e8f02/userFiles-ac9da537-ffaf-4d63-b23b-7ad6de4d832e/org.slf4j_slf4j-api-1.7.36.jar
[2025-07-07T04:13:24.916+0000] {spark_submit.py:634} INFO - 25/07/07 04:13:24 INFO SparkContext: Added file file:///home/***/.ivy2.5.2/jars/com.amazonaws_aws-java-sdk-bundle-1.12.316.jar at spark://fd5a0096b110:43429/files/com.amazonaws_aws-java-sdk-bundle-1.12.316.jar with timestamp 1751861604004
[2025-07-07T04:13:24.916+0000] {spark_submit.py:634} INFO - 25/07/07 04:13:24 INFO Utils: Copying /home/***/.ivy2.5.2/jars/com.amazonaws_aws-java-sdk-bundle-1.12.316.jar to /tmp/spark-44131dc9-0b12-4e49-98fe-c8e9000e8f02/userFiles-ac9da537-ffaf-4d63-b23b-7ad6de4d832e/com.amazonaws_aws-java-sdk-bundle-1.12.316.jar
[2025-07-07T04:13:25.201+0000] {spark_submit.py:634} INFO - 25/07/07 04:13:25 INFO SparkContext: Added file file:///home/***/.ivy2.5.2/jars/org.wildfly.openssl_wildfly-openssl-1.1.3.Final.jar at spark://fd5a0096b110:43429/files/org.wildfly.openssl_wildfly-openssl-1.1.3.Final.jar with timestamp 1751861604004
[2025-07-07T04:13:25.202+0000] {spark_submit.py:634} INFO - 25/07/07 04:13:25 INFO Utils: Copying /home/***/.ivy2.5.2/jars/org.wildfly.openssl_wildfly-openssl-1.1.3.Final.jar to /tmp/spark-44131dc9-0b12-4e49-98fe-c8e9000e8f02/userFiles-ac9da537-ffaf-4d63-b23b-7ad6de4d832e/org.wildfly.openssl_wildfly-openssl-1.1.3.Final.jar
[2025-07-07T04:13:25.220+0000] {spark_submit.py:634} INFO - 25/07/07 04:13:25 INFO SecurityManager: Changing view acls to: ***
[2025-07-07T04:13:25.220+0000] {spark_submit.py:634} INFO - 25/07/07 04:13:25 INFO SecurityManager: Changing modify acls to: ***
[2025-07-07T04:13:25.220+0000] {spark_submit.py:634} INFO - 25/07/07 04:13:25 INFO SecurityManager: Changing view acls groups to: ***
[2025-07-07T04:13:25.220+0000] {spark_submit.py:634} INFO - 25/07/07 04:13:25 INFO SecurityManager: Changing modify acls groups to: ***
[2025-07-07T04:13:25.220+0000] {spark_submit.py:634} INFO - 25/07/07 04:13:25 INFO SecurityManager: SecurityManager: authentication disabled; ui acls disabled; users with view permissions: *** groups with view permissions: EMPTY; users with modify permissions: ***; groups with modify permissions: EMPTY; RPC SSL disabled
[2025-07-07T04:13:25.413+0000] {spark_submit.py:634} INFO - 25/07/07 04:13:25 INFO StandaloneAppClient$ClientEndpoint: Connecting to master spark://spark-master:7077...
[2025-07-07T04:13:25.492+0000] {spark_submit.py:634} INFO - 25/07/07 04:13:25 INFO TransportClientFactory: Successfully created connection to spark-master/172.21.0.6:7077 after 16 ms (0 ms spent in bootstraps)
[2025-07-07T04:13:25.588+0000] {spark_submit.py:634} INFO - 25/07/07 04:13:25 INFO StandaloneSchedulerBackend: Connected to Spark cluster with app ID app-20250707041325-0002
[2025-07-07T04:13:25.591+0000] {spark_submit.py:634} INFO - 25/07/07 04:13:25 INFO StandaloneAppClient$ClientEndpoint: Executor added: app-20250707041325-0002/0 on worker-20250707035127-172.21.0.7-39237 (172.21.0.7:39237) with 2 core(s)
[2025-07-07T04:13:25.592+0000] {spark_submit.py:634} INFO - 25/07/07 04:13:25 INFO Utils: Successfully started service 'org.apache.spark.network.netty.NettyBlockTransferService' on port 46713.
[2025-07-07T04:13:25.593+0000] {spark_submit.py:634} INFO - 25/07/07 04:13:25 INFO NettyBlockTransferService: Server created on fd5a0096b110:46713
[2025-07-07T04:13:25.594+0000] {spark_submit.py:634} INFO - 25/07/07 04:13:25 INFO BlockManager: Using org.apache.spark.storage.RandomBlockReplicationPolicy for block replication policy
[2025-07-07T04:13:25.594+0000] {spark_submit.py:634} INFO - 25/07/07 04:13:25 INFO StandaloneSchedulerBackend: Granted executor ID app-20250707041325-0002/0 on hostPort 172.21.0.7:39237 with 2 core(s), 1024.0 MiB RAM
[2025-07-07T04:13:25.602+0000] {spark_submit.py:634} INFO - 25/07/07 04:13:25 INFO BlockManagerMaster: Registering BlockManager BlockManagerId(driver, fd5a0096b110, 46713, None)
[2025-07-07T04:13:25.606+0000] {spark_submit.py:634} INFO - 25/07/07 04:13:25 INFO BlockManagerMasterEndpoint: Registering block manager fd5a0096b110:46713 with 413.9 MiB RAM, BlockManagerId(driver, fd5a0096b110, 46713, None)
[2025-07-07T04:13:25.609+0000] {spark_submit.py:634} INFO - 25/07/07 04:13:25 INFO BlockManagerMaster: Registered BlockManager BlockManagerId(driver, fd5a0096b110, 46713, None)
[2025-07-07T04:13:25.610+0000] {spark_submit.py:634} INFO - 25/07/07 04:13:25 INFO BlockManager: Initialized BlockManager: BlockManagerId(driver, fd5a0096b110, 46713, None)
[2025-07-07T04:13:25.661+0000] {spark_submit.py:634} INFO - 25/07/07 04:13:25 INFO StandaloneAppClient$ClientEndpoint: Executor updated: app-20250707041325-0002/0 is now RUNNING
[2025-07-07T04:13:25.797+0000] {spark_submit.py:634} INFO - 25/07/07 04:13:25 INFO StandaloneSchedulerBackend: SchedulerBackend is ready for scheduling beginning after reached minRegisteredResourcesRatio: 0.0
[2025-07-07T04:13:26.993+0000] {spark_submit.py:634} INFO - 25/07/07 04:13:26 INFO StandaloneSchedulerBackend$StandaloneDriverEndpoint: Registered executor NettyRpcEndpointRef(spark-client://Executor) (172.21.0.7:51960) with ID 0, ResourceProfileId 0
[2025-07-07T04:13:27.088+0000] {spark_submit.py:634} INFO - 25/07/07 04:13:27 INFO BlockManagerMasterEndpoint: Registering block manager 172.21.0.7:38055 with 434.4 MiB RAM, BlockManagerId(0, 172.21.0.7, 38055, None)
[2025-07-07T04:13:28.296+0000] {spark_submit.py:634} INFO - --- Checking Spark Hadoop Configurations ---
[2025-07-07T04:13:28.306+0000] {spark_submit.py:634} INFO - S3A Config: fs.s3a.select.output.csv.record.delimiter = \n
[2025-07-07T04:13:28.308+0000] {spark_submit.py:634} INFO - S3A Config: fs.s3a.select.input.csv.quote.character = "
[2025-07-07T04:13:28.312+0000] {spark_submit.py:634} INFO - S3A Config: fs.s3a.path.style.access = false
[2025-07-07T04:13:28.319+0000] {spark_submit.py:634} INFO - S3A Config: fs.s3a.select.input.compression = none
[2025-07-07T04:13:28.320+0000] {spark_submit.py:634} INFO - S3A Config: fs.s3a.max.total.tasks = 32
[2025-07-07T04:13:28.326+0000] {spark_submit.py:634} INFO - S3A Config: fs.s3a.select.output.csv.quote.fields = always
[2025-07-07T04:13:28.331+0000] {spark_submit.py:634} INFO - S3A Config: fs.s3a.select.input.csv.header = none
[2025-07-07T04:13:28.332+0000] {spark_submit.py:634} INFO - S3A Config: mapreduce.outputcommitter.factory.scheme.s3a = org.apache.hadoop.fs.s3a.commit.S3ACommitterFactory
[2025-07-07T04:13:28.335+0000] {spark_submit.py:634} INFO - S3A Config: fs.s3a.impl = org.apache.hadoop.fs.s3a.S3AFileSystem
[2025-07-07T04:13:28.400+0000] {spark_submit.py:634} INFO - S3A Config: fs.s3a.select.enabled = true
[2025-07-07T04:13:28.401+0000] {spark_submit.py:634} INFO - S3A Config: fs.s3a.committer.staging.tmp.path = tmp/staging
[2025-07-07T04:13:28.407+0000] {spark_submit.py:634} INFO - S3A Config: fs.s3a.executor.capacity = 16
[2025-07-07T04:13:28.410+0000] {spark_submit.py:634} INFO - S3A Config: fs.s3a.multiobjectdelete.enable = true
[2025-07-07T04:13:28.419+0000] {spark_submit.py:634} INFO - S3A Config: fs.s3a.multipart.purge = false
[2025-07-07T04:13:28.420+0000] {spark_submit.py:634} INFO - S3A Config: fs.s3a.connection.establish.timeout = 30s
[2025-07-07T04:13:28.420+0000] {spark_submit.py:634} INFO - S3A Config: fs.s3a.downgrade.syncable.exceptions = true
[2025-07-07T04:13:28.420+0000] {spark_submit.py:634} INFO - S3A Config: fs.s3a.multipart.purge.age = 24h
[2025-07-07T04:13:28.420+0000] {spark_submit.py:634} INFO - !!! FOUND '24h' !!! -> fs.s3a.multipart.purge.age = 24h
[2025-07-07T04:13:28.423+0000] {spark_submit.py:634} INFO - S3A Config: fs.s3a.audit.enabled = true
[2025-07-07T04:13:28.424+0000] {spark_submit.py:634} INFO - S3A Config: fs.s3a.select.input.csv.record.delimiter = \n
[2025-07-07T04:13:28.424+0000] {spark_submit.py:634} INFO - S3A Config: fs.s3a.accesspoint.required = false
[2025-07-07T04:13:28.424+0000] {spark_submit.py:634} INFO - S3A Config: fs.s3a.retry.limit = 7
[2025-07-07T04:13:28.425+0000] {spark_submit.py:634} INFO - S3A Config: fs.s3a.committer.name = file
[2025-07-07T04:13:28.426+0000] {spark_submit.py:634} INFO - S3A Config: fs.s3a.threads.max = 96
[2025-07-07T04:13:28.427+0000] {spark_submit.py:634} INFO - S3A Config: fs.s3a.threads.keepalivetime = 60s
[2025-07-07T04:13:28.431+0000] {spark_submit.py:634} INFO - S3A Config: fs.s3a.select.input.csv.quote.escape.character = \\
[2025-07-07T04:13:28.432+0000] {spark_submit.py:634} INFO - S3A Config: fs.s3a.multipart.threshold = 128M
[2025-07-07T04:13:28.434+0000] {spark_submit.py:634} INFO - S3A Config: fs.s3a.ssl.channel.mode = default_jsse
[2025-07-07T04:13:28.434+0000] {spark_submit.py:634} INFO - S3A Config: fs.s3a.change.detection.mode = server
[2025-07-07T04:13:28.434+0000] {spark_submit.py:634} INFO - S3A Config: fs.s3a.buffer.dir = ${env.LOCAL_DIRS:-${hadoop.tmp.dir}}/s3a
[2025-07-07T04:13:28.437+0000] {spark_submit.py:634} INFO - S3A Config: fs.s3a.fast.upload.active.blocks = 4
[2025-07-07T04:13:28.439+0000] {spark_submit.py:634} INFO - S3A Config: fs.s3a.block.size = 32M
[2025-07-07T04:13:28.443+0000] {spark_submit.py:634} INFO - S3A Config: fs.s3a.change.detection.version.required = true
[2025-07-07T04:13:28.496+0000] {spark_submit.py:634} INFO - S3A Config: fs.s3a.select.output.csv.field.delimiter = ,
[2025-07-07T04:13:28.498+0000] {spark_submit.py:634} INFO - S3A Config: fs.s3a.committer.staging.conflict-mode = append
[2025-07-07T04:13:28.504+0000] {spark_submit.py:634} INFO - S3A Config: fs.s3a.select.output.csv.quote.escape.character = \\
[2025-07-07T04:13:28.504+0000] {spark_submit.py:634} INFO - S3A Config: fs.viewfs.overload.scheme.target.s3a.impl = org.apache.hadoop.fs.s3a.S3AFileSystem
[2025-07-07T04:13:28.506+0000] {spark_submit.py:634} INFO - S3A Config: fs.s3a.list.version = 2
[2025-07-07T04:13:28.506+0000] {spark_submit.py:634} INFO - S3A Config: fs.s3a.connection.maximum = 500
[2025-07-07T04:13:28.506+0000] {spark_submit.py:634} INFO - S3A Config: fs.s3a.paging.maximum = 5000
[2025-07-07T04:13:28.508+0000] {spark_submit.py:634} INFO - S3A Config: fs.s3a.readahead.range = 64K
[2025-07-07T04:13:28.508+0000] {spark_submit.py:634} INFO - S3A Config: fs.s3a.attempts.maximum = 5
[2025-07-07T04:13:28.510+0000] {spark_submit.py:634} INFO - S3A Config: fs.s3a.select.input.csv.comment.marker = #
[2025-07-07T04:13:28.510+0000] {spark_submit.py:634} INFO - S3A Config: fs.s3a.etag.checksum.enabled = false
[2025-07-07T04:13:28.511+0000] {spark_submit.py:634} INFO - S3A Config: fs.s3a.retry.interval = 500ms
[2025-07-07T04:13:28.512+0000] {spark_submit.py:634} INFO - S3A Config: fs.s3a.select.errors.include.sql = false
[2025-07-07T04:13:28.513+0000] {spark_submit.py:634} INFO - S3A Config: fs.s3a.multipart.size = 64M
[2025-07-07T04:13:28.514+0000] {spark_submit.py:634} INFO - S3A Config: fs.s3a.select.input.csv.field.delimiter = ,
[2025-07-07T04:13:28.515+0000] {spark_submit.py:634} INFO - S3A Config: fs.s3a.socket.recv.buffer = 8192
[2025-07-07T04:13:28.515+0000] {spark_submit.py:634} INFO - S3A Config: fs.s3a.connection.ssl.enabled = true
[2025-07-07T04:13:28.516+0000] {spark_submit.py:634} INFO - S3A Config: fs.s3a.committer.threads = 8
[2025-07-07T04:13:28.520+0000] {spark_submit.py:634} INFO - S3A Config: fs.s3a.fast.upload.buffer = disk
[2025-07-07T04:13:28.521+0000] {spark_submit.py:634} INFO - S3A Config: fs.s3a.select.output.csv.quote.character = "
[2025-07-07T04:13:28.523+0000] {spark_submit.py:634} INFO - S3A Config: fs.s3a.committer.staging.unique-filenames = true
[2025-07-07T04:13:28.524+0000] {spark_submit.py:634} INFO - S3A Config: fs.s3a.retry.throttle.interval = 100ms
[2025-07-07T04:13:28.527+0000] {spark_submit.py:634} INFO - S3A Config: fs.s3a.connection.ttl = 5m
[2025-07-07T04:13:28.527+0000] {spark_submit.py:634} INFO - S3A Config: fs.s3a.aws.credentials.provider =
[2025-07-07T04:13:28.527+0000] {spark_submit.py:634} INFO - org.apache.hadoop.fs.s3a.TemporaryAWSCredentialsProvider,
[2025-07-07T04:13:28.527+0000] {spark_submit.py:634} INFO - org.apache.hadoop.fs.s3a.SimpleAWSCredentialsProvider,
[2025-07-07T04:13:28.527+0000] {spark_submit.py:634} INFO - software.amazon.awssdk.auth.credentials.EnvironmentVariableCredentialsProvider,
[2025-07-07T04:13:28.527+0000] {spark_submit.py:634} INFO - org.apache.hadoop.fs.s3a.auth.IAMInstanceCredentialsProvider
[2025-07-07T04:13:28.527+0000] {spark_submit.py:634} INFO - 
[2025-07-07T04:13:28.528+0000] {spark_submit.py:634} INFO - S3A Config: fs.s3a.assumed.role.session.duration = 30m
[2025-07-07T04:13:28.528+0000] {spark_submit.py:634} INFO - S3A Config: fs.s3a.assumed.role.credentials.provider = org.apache.hadoop.fs.s3a.SimpleAWSCredentialsProvider
[2025-07-07T04:13:28.528+0000] {spark_submit.py:634} INFO - S3A Config: fs.s3a.committer.abort.pending.uploads = true
[2025-07-07T04:13:28.530+0000] {spark_submit.py:634} INFO - S3A Config: fs.s3a.committer.magic.enabled = true
[2025-07-07T04:13:28.531+0000] {spark_submit.py:634} INFO - S3A Config: fs.s3a.connection.timeout = 200s
[2025-07-07T04:13:28.532+0000] {spark_submit.py:634} INFO - S3A Config: fs.s3a.change.detection.source = etag
[2025-07-07T04:13:28.533+0000] {spark_submit.py:634} INFO - S3A Config: fs.AbstractFileSystem.s3a.impl = org.apache.hadoop.fs.s3a.S3A
[2025-07-07T04:13:28.535+0000] {spark_submit.py:634} INFO - S3A Config: fs.s3a.socket.send.buffer = 8192
[2025-07-07T04:13:28.537+0000] {spark_submit.py:634} INFO - S3A Config: fs.s3a.retry.throttle.limit = 20
[2025-07-07T04:13:28.537+0000] {spark_submit.py:634} INFO - ------------------------------------------
[2025-07-07T04:13:29.493+0000] {spark_submit.py:634} INFO - 25/07/07 04:13:29 WARN MetricsConfig: Cannot locate configuration: tried hadoop-metrics2-s3a-file-system.properties,hadoop-metrics2.properties
[2025-07-07T04:13:33.243+0000] {spark_submit.py:634} INFO - Python-dotenv could not parse statement starting at line 2
[2025-07-07T04:13:33.653+0000] {spark_submit.py:634} INFO - 25/07/07 04:13:33 WARN SparkStringUtils: Truncated the string representation of a plan since it was too large. This behavior can be adjusted by setting 'spark.sql.debug.maxToStringFields'.
[2025-07-07T04:13:37.949+0000] {spark_submit.py:634} INFO - ------------------------Dữ liệu đã được ghi thành công vào ClickHouse------------------------
[2025-07-07T04:13:38.322+0000] {spark_submit.py:634} INFO - -------------Stop SparkSession-------------
[2025-07-07T04:13:38.468+0000] {taskinstance.py:441} INFO - ::group::Post task execution logs
[2025-07-07T04:13:38.476+0000] {taskinstance.py:1205} INFO - Marking task as SUCCESS. dag_id=my_spark_inline, task_id=spark_write_data, execution_date=20250707T041227, start_date=20250707T041320, end_date=20250707T041338
[2025-07-07T04:13:38.503+0000] {local_task_job_runner.py:240} INFO - Task exited with return code 0
[2025-07-07T04:13:38.517+0000] {taskinstance.py:3482} INFO - 0 downstream tasks scheduled from follow-on schedule check
[2025-07-07T04:13:38.518+0000] {local_task_job_runner.py:222} INFO - ::endgroup::
