[2025-07-07T06:26:50.037+0000] {local_task_job_runner.py:120} INFO - ::group::Pre task execution logs
[2025-07-07T06:26:50.054+0000] {taskinstance.py:2073} INFO - Dependencies all met for dep_context=non-requeueable deps ti=<TaskInstance: my_spark_inline.spark_write_data manual__2025-07-07T04:12:27.341159+00:00 [queued]>
[2025-07-07T06:26:50.147+0000] {taskinstance.py:2073} INFO - Dependencies all met for dep_context=requeueable deps ti=<TaskInstance: my_spark_inline.spark_write_data manual__2025-07-07T04:12:27.341159+00:00 [queued]>
[2025-07-07T06:26:50.148+0000] {taskinstance.py:2303} INFO - Starting attempt 11 of 11
[2025-07-07T06:26:50.159+0000] {taskinstance.py:2327} INFO - Executing <Task(SparkSubmitOperator): spark_write_data> on 2025-07-07 04:12:27.341159+00:00
[2025-07-07T06:26:50.164+0000] {standard_task_runner.py:63} INFO - Started process 1255 to run task
[2025-07-07T06:26:50.166+0000] {standard_task_runner.py:90} INFO - Running: ['***', 'tasks', 'run', 'my_spark_inline', 'spark_write_data', 'manual__2025-07-07T04:12:27.341159+00:00', '--job-id', '138', '--raw', '--subdir', 'DAGS_FOLDER/test_spark.py', '--cfg-path', '/tmp/tmpfzcoieya']
[2025-07-07T06:26:50.167+0000] {standard_task_runner.py:91} INFO - Job 138: Subtask spark_write_data
[2025-07-07T06:26:50.178+0000] {logging_mixin.py:188} WARNING - /home/***/.local/lib/python3.11/site-packages/***/settings.py:195 DeprecationWarning: The sql_alchemy_conn option in [core] has been moved to the sql_alchemy_conn option in [database] - the old setting has been used, but please update your config.
[2025-07-07T06:26:50.199+0000] {task_command.py:426} INFO - Running <TaskInstance: my_spark_inline.spark_write_data manual__2025-07-07T04:12:27.341159+00:00 [running]> on host 34b334fe6b50
[2025-07-07T06:26:50.255+0000] {taskinstance.py:2644} INFO - Exporting env vars: AIRFLOW_CTX_DAG_OWNER='***' AIRFLOW_CTX_DAG_ID='my_spark_inline' AIRFLOW_CTX_TASK_ID='spark_write_data' AIRFLOW_CTX_EXECUTION_DATE='2025-07-07T04:12:27.341159+00:00' AIRFLOW_CTX_TRY_NUMBER='11' AIRFLOW_CTX_DAG_RUN_ID='manual__2025-07-07T04:12:27.341159+00:00'
[2025-07-07T06:26:50.256+0000] {taskinstance.py:430} INFO - ::endgroup::
[2025-07-07T06:26:50.269+0000] {base.py:84} INFO - Using connection ID 'spark-master' for task execution.
[2025-07-07T06:26:50.270+0000] {spark_submit.py:473} INFO - Spark-Submit cmd: spark-submit --master spark://spark-master:7077:7077 --packages com.clickhouse:clickhouse-jdbc:0.6.4,org.apache.httpcomponents.client5:httpclient5:5.3.1,org.apache.hadoop:hadoop-aws:3.3.5,com.amazonaws:aws-java-sdk-bundle:1.11.1026 --name arrow-spark --deploy-mode client /opt/***/spark_project/src/spark/spark_main_minio_automatic.py
[2025-07-07T06:26:50.508+0000] {spark_submit.py:634} INFO - WARNING: Using incubator modules: jdk.incubator.vector
[2025-07-07T06:26:51.827+0000] {spark_submit.py:634} INFO - :: loading settings :: url = jar:file:/home/***/.local/lib/python3.11/site-packages/pyspark/jars/ivy-2.5.3.jar!/org/apache/ivy/core/settings/ivysettings.xml
[2025-07-07T06:26:51.924+0000] {spark_submit.py:634} INFO - Ivy Default Cache set to: /home/***/.ivy2.5.2/cache
[2025-07-07T06:26:51.925+0000] {spark_submit.py:634} INFO - The jars for the packages stored in: /home/***/.ivy2.5.2/jars
[2025-07-07T06:26:51.927+0000] {spark_submit.py:634} INFO - com.clickhouse#clickhouse-jdbc added as a dependency
[2025-07-07T06:26:51.927+0000] {spark_submit.py:634} INFO - org.apache.httpcomponents.client5#httpclient5 added as a dependency
[2025-07-07T06:26:51.927+0000] {spark_submit.py:634} INFO - org.apache.hadoop#hadoop-aws added as a dependency
[2025-07-07T06:26:51.927+0000] {spark_submit.py:634} INFO - com.amazonaws#aws-java-sdk-bundle added as a dependency
[2025-07-07T06:26:51.927+0000] {spark_submit.py:634} INFO - :: resolving dependencies :: org.apache.spark#spark-submit-parent-3cd9ed69-744c-431e-bd8c-d4242d38f724;1.0
[2025-07-07T06:26:51.928+0000] {spark_submit.py:634} INFO - confs: [default]
[2025-07-07T06:26:52.050+0000] {spark_submit.py:634} INFO - found com.clickhouse#clickhouse-jdbc;0.6.4 in central
[2025-07-07T06:26:52.111+0000] {spark_submit.py:634} INFO - found org.apache.httpcomponents.client5#httpclient5;5.3.1 in central
[2025-07-07T06:26:52.126+0000] {spark_submit.py:634} INFO - found org.apache.httpcomponents.core5#httpcore5;5.2.4 in central
[2025-07-07T06:26:52.210+0000] {spark_submit.py:634} INFO - found org.apache.httpcomponents.core5#httpcore5-h2;5.2.4 in central
[2025-07-07T06:26:52.222+0000] {spark_submit.py:634} INFO - found org.slf4j#slf4j-api;1.7.36 in central
[2025-07-07T06:26:52.312+0000] {spark_submit.py:634} INFO - found org.apache.hadoop#hadoop-aws;3.3.5 in central
[2025-07-07T06:26:52.322+0000] {spark_submit.py:634} INFO - found com.amazonaws#aws-java-sdk-bundle;1.12.316 in central
[2025-07-07T06:26:52.330+0000] {spark_submit.py:634} INFO - found org.wildfly.openssl#wildfly-openssl;1.1.3.Final in central
[2025-07-07T06:26:52.415+0000] {spark_submit.py:634} INFO - :: resolution report :: resolve 409ms :: artifacts dl 79ms
[2025-07-07T06:26:52.415+0000] {spark_submit.py:634} INFO - :: modules in use:
[2025-07-07T06:26:52.416+0000] {spark_submit.py:634} INFO - com.amazonaws#aws-java-sdk-bundle;1.12.316 from central in [default]
[2025-07-07T06:26:52.416+0000] {spark_submit.py:634} INFO - com.clickhouse#clickhouse-jdbc;0.6.4 from central in [default]
[2025-07-07T06:26:52.416+0000] {spark_submit.py:634} INFO - org.apache.hadoop#hadoop-aws;3.3.5 from central in [default]
[2025-07-07T06:26:52.416+0000] {spark_submit.py:634} INFO - org.apache.httpcomponents.client5#httpclient5;5.3.1 from central in [default]
[2025-07-07T06:26:52.416+0000] {spark_submit.py:634} INFO - org.apache.httpcomponents.core5#httpcore5;5.2.4 from central in [default]
[2025-07-07T06:26:52.416+0000] {spark_submit.py:634} INFO - org.apache.httpcomponents.core5#httpcore5-h2;5.2.4 from central in [default]
[2025-07-07T06:26:52.417+0000] {spark_submit.py:634} INFO - org.slf4j#slf4j-api;1.7.36 from central in [default]
[2025-07-07T06:26:52.417+0000] {spark_submit.py:634} INFO - org.wildfly.openssl#wildfly-openssl;1.1.3.Final from central in [default]
[2025-07-07T06:26:52.417+0000] {spark_submit.py:634} INFO - :: evicted modules:
[2025-07-07T06:26:52.417+0000] {spark_submit.py:634} INFO - com.amazonaws#aws-java-sdk-bundle;1.11.1026 by [com.amazonaws#aws-java-sdk-bundle;1.12.316] in [default]
[2025-07-07T06:26:52.417+0000] {spark_submit.py:634} INFO - ---------------------------------------------------------------------
[2025-07-07T06:26:52.417+0000] {spark_submit.py:634} INFO - |                  |            modules            ||   artifacts   |
[2025-07-07T06:26:52.417+0000] {spark_submit.py:634} INFO - |       conf       | number| search|dwnlded|evicted|| number|dwnlded|
[2025-07-07T06:26:52.418+0000] {spark_submit.py:634} INFO - ---------------------------------------------------------------------
[2025-07-07T06:26:52.418+0000] {spark_submit.py:634} INFO - |      default     |   9   |   0   |   0   |   1   ||   8   |   0   |
[2025-07-07T06:26:52.418+0000] {spark_submit.py:634} INFO - ---------------------------------------------------------------------
[2025-07-07T06:26:52.419+0000] {spark_submit.py:634} INFO - :: retrieving :: org.apache.spark#spark-submit-parent-3cd9ed69-744c-431e-bd8c-d4242d38f724
[2025-07-07T06:26:52.419+0000] {spark_submit.py:634} INFO - confs: [default]
[2025-07-07T06:26:52.422+0000] {spark_submit.py:634} INFO - 0 artifacts copied, 8 already retrieved (0kB/3ms)
[2025-07-07T06:26:52.725+0000] {spark_submit.py:634} INFO - 25/07/07 06:26:52 WARN NativeCodeLoader: Unable to load native-hadoop library for your platform... using builtin-java classes where applicable
[2025-07-07T06:26:54.152+0000] {spark_submit.py:634} INFO - Using Spark's default log4j profile: org/apache/spark/log4j2-defaults.properties
[2025-07-07T06:26:54.155+0000] {spark_submit.py:634} INFO - 25/07/07 06:26:54 INFO SparkContext: Running Spark version 4.0.0
[2025-07-07T06:26:54.156+0000] {spark_submit.py:634} INFO - 25/07/07 06:26:54 INFO SparkContext: OS info Linux, 6.8.0-60-generic, amd64
[2025-07-07T06:26:54.156+0000] {spark_submit.py:634} INFO - 25/07/07 06:26:54 INFO SparkContext: Java version 17.0.15
[2025-07-07T06:26:54.219+0000] {spark_submit.py:634} INFO - 25/07/07 06:26:54 INFO ResourceUtils: ==============================================================
[2025-07-07T06:26:54.220+0000] {spark_submit.py:634} INFO - 25/07/07 06:26:54 INFO ResourceUtils: No custom resources configured for spark.driver.
[2025-07-07T06:26:54.220+0000] {spark_submit.py:634} INFO - 25/07/07 06:26:54 INFO ResourceUtils: ==============================================================
[2025-07-07T06:26:54.220+0000] {spark_submit.py:634} INFO - 25/07/07 06:26:54 INFO SparkContext: Submitted application: thanhdz
[2025-07-07T06:26:54.233+0000] {spark_submit.py:634} INFO - 25/07/07 06:26:54 INFO ResourceProfile: Default ResourceProfile created, executor resources: Map(cores -> name: cores, amount: 2, script: , vendor: , memory -> name: memory, amount: 1024, script: , vendor: , offHeap -> name: offHeap, amount: 0, script: , vendor: ), task resources: Map(cpus -> name: cpus, amount: 1.0)
[2025-07-07T06:26:54.236+0000] {spark_submit.py:634} INFO - 25/07/07 06:26:54 INFO ResourceProfile: Limiting resource is cpus at 2 tasks per executor
[2025-07-07T06:26:54.237+0000] {spark_submit.py:634} INFO - 25/07/07 06:26:54 INFO ResourceProfileManager: Added ResourceProfile id: 0
[2025-07-07T06:26:54.323+0000] {spark_submit.py:634} INFO - 25/07/07 06:26:54 INFO SecurityManager: Changing view acls to: ***
[2025-07-07T06:26:54.323+0000] {spark_submit.py:634} INFO - 25/07/07 06:26:54 INFO SecurityManager: Changing modify acls to: ***
[2025-07-07T06:26:54.323+0000] {spark_submit.py:634} INFO - 25/07/07 06:26:54 INFO SecurityManager: Changing view acls groups to: ***
[2025-07-07T06:26:54.324+0000] {spark_submit.py:634} INFO - 25/07/07 06:26:54 INFO SecurityManager: Changing modify acls groups to: ***
[2025-07-07T06:26:54.325+0000] {spark_submit.py:634} INFO - 25/07/07 06:26:54 INFO SecurityManager: SecurityManager: authentication disabled; ui acls disabled; users with view permissions: *** groups with view permissions: EMPTY; users with modify permissions: ***; groups with modify permissions: EMPTY; RPC SSL disabled
[2025-07-07T06:26:54.542+0000] {spark_submit.py:634} INFO - 25/07/07 06:26:54 INFO Utils: Successfully started service 'sparkDriver' on port 38553.
[2025-07-07T06:26:54.612+0000] {spark_submit.py:634} INFO - 25/07/07 06:26:54 INFO SparkEnv: Registering MapOutputTracker
[2025-07-07T06:26:54.619+0000] {spark_submit.py:634} INFO - 25/07/07 06:26:54 INFO SparkEnv: Registering BlockManagerMaster
[2025-07-07T06:26:54.626+0000] {spark_submit.py:634} INFO - 25/07/07 06:26:54 INFO BlockManagerMasterEndpoint: Using org.apache.spark.storage.DefaultTopologyMapper for getting topology information
[2025-07-07T06:26:54.627+0000] {spark_submit.py:634} INFO - 25/07/07 06:26:54 INFO BlockManagerMasterEndpoint: BlockManagerMasterEndpoint up
[2025-07-07T06:26:54.629+0000] {spark_submit.py:634} INFO - 25/07/07 06:26:54 INFO SparkEnv: Registering BlockManagerMasterHeartbeat
[2025-07-07T06:26:54.640+0000] {spark_submit.py:634} INFO - 25/07/07 06:26:54 INFO DiskBlockManager: Created local directory at /tmp/blockmgr-2817d707-73f2-452d-995d-1d30d890183d
[2025-07-07T06:26:54.650+0000] {spark_submit.py:634} INFO - 25/07/07 06:26:54 INFO SparkEnv: Registering OutputCommitCoordinator
[2025-07-07T06:26:54.812+0000] {spark_submit.py:634} INFO - 25/07/07 06:26:54 INFO JettyUtils: Start Jetty 0.0.0.0:4040 for SparkUI
[2025-07-07T06:26:54.911+0000] {spark_submit.py:634} INFO - 25/07/07 06:26:54 INFO Utils: Successfully started service 'SparkUI' on port 4040.
[2025-07-07T06:26:54.935+0000] {spark_submit.py:634} INFO - 25/07/07 06:26:54 INFO SparkContext: Added JAR file:///home/***/.ivy2.5.2/jars/com.clickhouse_clickhouse-jdbc-0.6.4.jar at spark://34b334fe6b50:38553/jars/com.clickhouse_clickhouse-jdbc-0.6.4.jar with timestamp 1751869614147
[2025-07-07T06:26:54.936+0000] {spark_submit.py:634} INFO - 25/07/07 06:26:54 INFO SparkContext: Added JAR file:///home/***/.ivy2.5.2/jars/org.apache.httpcomponents.client5_httpclient5-5.3.1.jar at spark://34b334fe6b50:38553/jars/org.apache.httpcomponents.client5_httpclient5-5.3.1.jar with timestamp 1751869614147
[2025-07-07T06:26:54.936+0000] {spark_submit.py:634} INFO - 25/07/07 06:26:54 INFO SparkContext: Added JAR file:///home/***/.ivy2.5.2/jars/org.apache.hadoop_hadoop-aws-3.3.5.jar at spark://34b334fe6b50:38553/jars/org.apache.hadoop_hadoop-aws-3.3.5.jar with timestamp 1751869614147
[2025-07-07T06:26:54.936+0000] {spark_submit.py:634} INFO - 25/07/07 06:26:54 INFO SparkContext: Added JAR file:///home/***/.ivy2.5.2/jars/org.apache.httpcomponents.core5_httpcore5-5.2.4.jar at spark://34b334fe6b50:38553/jars/org.apache.httpcomponents.core5_httpcore5-5.2.4.jar with timestamp 1751869614147
[2025-07-07T06:26:54.936+0000] {spark_submit.py:634} INFO - 25/07/07 06:26:54 INFO SparkContext: Added JAR file:///home/***/.ivy2.5.2/jars/org.apache.httpcomponents.core5_httpcore5-h2-5.2.4.jar at spark://34b334fe6b50:38553/jars/org.apache.httpcomponents.core5_httpcore5-h2-5.2.4.jar with timestamp 1751869614147
[2025-07-07T06:26:54.936+0000] {spark_submit.py:634} INFO - 25/07/07 06:26:54 INFO SparkContext: Added JAR file:///home/***/.ivy2.5.2/jars/org.slf4j_slf4j-api-1.7.36.jar at spark://34b334fe6b50:38553/jars/org.slf4j_slf4j-api-1.7.36.jar with timestamp 1751869614147
[2025-07-07T06:26:54.936+0000] {spark_submit.py:634} INFO - 25/07/07 06:26:54 INFO SparkContext: Added JAR file:///home/***/.ivy2.5.2/jars/com.amazonaws_aws-java-sdk-bundle-1.12.316.jar at spark://34b334fe6b50:38553/jars/com.amazonaws_aws-java-sdk-bundle-1.12.316.jar with timestamp 1751869614147
[2025-07-07T06:26:54.937+0000] {spark_submit.py:634} INFO - 25/07/07 06:26:54 INFO SparkContext: Added JAR file:///home/***/.ivy2.5.2/jars/org.wildfly.openssl_wildfly-openssl-1.1.3.Final.jar at spark://34b334fe6b50:38553/jars/org.wildfly.openssl_wildfly-openssl-1.1.3.Final.jar with timestamp 1751869614147
[2025-07-07T06:26:54.939+0000] {spark_submit.py:634} INFO - 25/07/07 06:26:54 INFO SparkContext: Added file file:///home/***/.ivy2.5.2/jars/com.clickhouse_clickhouse-jdbc-0.6.4.jar at spark://34b334fe6b50:38553/files/com.clickhouse_clickhouse-jdbc-0.6.4.jar with timestamp 1751869614147
[2025-07-07T06:26:54.940+0000] {spark_submit.py:634} INFO - 25/07/07 06:26:54 INFO Utils: Copying /home/***/.ivy2.5.2/jars/com.clickhouse_clickhouse-jdbc-0.6.4.jar to /tmp/spark-6be44239-74b7-4a2c-a972-cf588344913c/userFiles-d014300f-e7dc-4636-8361-5a0813ffd241/com.clickhouse_clickhouse-jdbc-0.6.4.jar
[2025-07-07T06:26:55.005+0000] {spark_submit.py:634} INFO - 25/07/07 06:26:54 INFO SparkContext: Added file file:///home/***/.ivy2.5.2/jars/org.apache.httpcomponents.client5_httpclient5-5.3.1.jar at spark://34b334fe6b50:38553/files/org.apache.httpcomponents.client5_httpclient5-5.3.1.jar with timestamp 1751869614147
[2025-07-07T06:26:55.006+0000] {spark_submit.py:634} INFO - 25/07/07 06:26:54 INFO Utils: Copying /home/***/.ivy2.5.2/jars/org.apache.httpcomponents.client5_httpclient5-5.3.1.jar to /tmp/spark-6be44239-74b7-4a2c-a972-cf588344913c/userFiles-d014300f-e7dc-4636-8361-5a0813ffd241/org.apache.httpcomponents.client5_httpclient5-5.3.1.jar
[2025-07-07T06:26:55.009+0000] {spark_submit.py:634} INFO - 25/07/07 06:26:55 INFO SparkContext: Added file file:///home/***/.ivy2.5.2/jars/org.apache.hadoop_hadoop-aws-3.3.5.jar at spark://34b334fe6b50:38553/files/org.apache.hadoop_hadoop-aws-3.3.5.jar with timestamp 1751869614147
[2025-07-07T06:26:55.009+0000] {spark_submit.py:634} INFO - 25/07/07 06:26:55 INFO Utils: Copying /home/***/.ivy2.5.2/jars/org.apache.hadoop_hadoop-aws-3.3.5.jar to /tmp/spark-6be44239-74b7-4a2c-a972-cf588344913c/userFiles-d014300f-e7dc-4636-8361-5a0813ffd241/org.apache.hadoop_hadoop-aws-3.3.5.jar
[2025-07-07T06:26:55.013+0000] {spark_submit.py:634} INFO - 25/07/07 06:26:55 INFO SparkContext: Added file file:///home/***/.ivy2.5.2/jars/org.apache.httpcomponents.core5_httpcore5-5.2.4.jar at spark://34b334fe6b50:38553/files/org.apache.httpcomponents.core5_httpcore5-5.2.4.jar with timestamp 1751869614147
[2025-07-07T06:26:55.014+0000] {spark_submit.py:634} INFO - 25/07/07 06:26:55 INFO Utils: Copying /home/***/.ivy2.5.2/jars/org.apache.httpcomponents.core5_httpcore5-5.2.4.jar to /tmp/spark-6be44239-74b7-4a2c-a972-cf588344913c/userFiles-d014300f-e7dc-4636-8361-5a0813ffd241/org.apache.httpcomponents.core5_httpcore5-5.2.4.jar
[2025-07-07T06:26:55.018+0000] {spark_submit.py:634} INFO - 25/07/07 06:26:55 INFO SparkContext: Added file file:///home/***/.ivy2.5.2/jars/org.apache.httpcomponents.core5_httpcore5-h2-5.2.4.jar at spark://34b334fe6b50:38553/files/org.apache.httpcomponents.core5_httpcore5-h2-5.2.4.jar with timestamp 1751869614147
[2025-07-07T06:26:55.018+0000] {spark_submit.py:634} INFO - 25/07/07 06:26:55 INFO Utils: Copying /home/***/.ivy2.5.2/jars/org.apache.httpcomponents.core5_httpcore5-h2-5.2.4.jar to /tmp/spark-6be44239-74b7-4a2c-a972-cf588344913c/userFiles-d014300f-e7dc-4636-8361-5a0813ffd241/org.apache.httpcomponents.core5_httpcore5-h2-5.2.4.jar
[2025-07-07T06:26:55.021+0000] {spark_submit.py:634} INFO - 25/07/07 06:26:55 INFO SparkContext: Added file file:///home/***/.ivy2.5.2/jars/org.slf4j_slf4j-api-1.7.36.jar at spark://34b334fe6b50:38553/files/org.slf4j_slf4j-api-1.7.36.jar with timestamp 1751869614147
[2025-07-07T06:26:55.022+0000] {spark_submit.py:634} INFO - 25/07/07 06:26:55 INFO Utils: Copying /home/***/.ivy2.5.2/jars/org.slf4j_slf4j-api-1.7.36.jar to /tmp/spark-6be44239-74b7-4a2c-a972-cf588344913c/userFiles-d014300f-e7dc-4636-8361-5a0813ffd241/org.slf4j_slf4j-api-1.7.36.jar
[2025-07-07T06:26:55.026+0000] {spark_submit.py:634} INFO - 25/07/07 06:26:55 INFO SparkContext: Added file file:///home/***/.ivy2.5.2/jars/com.amazonaws_aws-java-sdk-bundle-1.12.316.jar at spark://34b334fe6b50:38553/files/com.amazonaws_aws-java-sdk-bundle-1.12.316.jar with timestamp 1751869614147
[2025-07-07T06:26:55.026+0000] {spark_submit.py:634} INFO - 25/07/07 06:26:55 INFO Utils: Copying /home/***/.ivy2.5.2/jars/com.amazonaws_aws-java-sdk-bundle-1.12.316.jar to /tmp/spark-6be44239-74b7-4a2c-a972-cf588344913c/userFiles-d014300f-e7dc-4636-8361-5a0813ffd241/com.amazonaws_aws-java-sdk-bundle-1.12.316.jar
[2025-07-07T06:26:55.155+0000] {spark_submit.py:634} INFO - 25/07/07 06:26:55 INFO SparkContext: Added file file:///home/***/.ivy2.5.2/jars/org.wildfly.openssl_wildfly-openssl-1.1.3.Final.jar at spark://34b334fe6b50:38553/files/org.wildfly.openssl_wildfly-openssl-1.1.3.Final.jar with timestamp 1751869614147
[2025-07-07T06:26:55.155+0000] {spark_submit.py:634} INFO - 25/07/07 06:26:55 INFO Utils: Copying /home/***/.ivy2.5.2/jars/org.wildfly.openssl_wildfly-openssl-1.1.3.Final.jar to /tmp/spark-6be44239-74b7-4a2c-a972-cf588344913c/userFiles-d014300f-e7dc-4636-8361-5a0813ffd241/org.wildfly.openssl_wildfly-openssl-1.1.3.Final.jar
[2025-07-07T06:26:55.168+0000] {spark_submit.py:634} INFO - 25/07/07 06:26:55 INFO SecurityManager: Changing view acls to: ***
[2025-07-07T06:26:55.169+0000] {spark_submit.py:634} INFO - 25/07/07 06:26:55 INFO SecurityManager: Changing modify acls to: ***
[2025-07-07T06:26:55.169+0000] {spark_submit.py:634} INFO - 25/07/07 06:26:55 INFO SecurityManager: Changing view acls groups to: ***
[2025-07-07T06:26:55.169+0000] {spark_submit.py:634} INFO - 25/07/07 06:26:55 INFO SecurityManager: Changing modify acls groups to: ***
[2025-07-07T06:26:55.169+0000] {spark_submit.py:634} INFO - 25/07/07 06:26:55 INFO SecurityManager: SecurityManager: authentication disabled; ui acls disabled; users with view permissions: *** groups with view permissions: EMPTY; users with modify permissions: ***; groups with modify permissions: EMPTY; RPC SSL disabled
[2025-07-07T06:26:55.409+0000] {spark_submit.py:634} INFO - 25/07/07 06:26:55 INFO StandaloneAppClient$ClientEndpoint: Connecting to master spark://spark-master:7077...
[2025-07-07T06:26:55.439+0000] {spark_submit.py:634} INFO - 25/07/07 06:26:55 INFO TransportClientFactory: Successfully created connection to spark-master/172.21.0.2:7077 after 16 ms (0 ms spent in bootstraps)
[2025-07-07T06:26:55.539+0000] {spark_submit.py:634} INFO - 25/07/07 06:26:55 INFO StandaloneSchedulerBackend: Connected to Spark cluster with app ID app-20250707062655-0002
[2025-07-07T06:26:55.541+0000] {spark_submit.py:634} INFO - 25/07/07 06:26:55 INFO StandaloneAppClient$ClientEndpoint: Executor added: app-20250707062655-0002/0 on worker-20250707060603-172.21.0.7-41279 (172.21.0.7:41279) with 2 core(s)
[2025-07-07T06:26:55.542+0000] {spark_submit.py:634} INFO - 25/07/07 06:26:55 INFO StandaloneSchedulerBackend: Granted executor ID app-20250707062655-0002/0 on hostPort 172.21.0.7:41279 with 2 core(s), 1024.0 MiB RAM
[2025-07-07T06:26:55.606+0000] {spark_submit.py:634} INFO - 25/07/07 06:26:55 INFO Utils: Successfully started service 'org.apache.spark.network.netty.NettyBlockTransferService' on port 42017.
[2025-07-07T06:26:55.606+0000] {spark_submit.py:634} INFO - 25/07/07 06:26:55 INFO NettyBlockTransferService: Server created on 34b334fe6b50:42017
[2025-07-07T06:26:55.607+0000] {spark_submit.py:634} INFO - 25/07/07 06:26:55 INFO BlockManager: Using org.apache.spark.storage.RandomBlockReplicationPolicy for block replication policy
[2025-07-07T06:26:55.610+0000] {spark_submit.py:634} INFO - 25/07/07 06:26:55 INFO StandaloneAppClient$ClientEndpoint: Executor updated: app-20250707062655-0002/0 is now RUNNING
[2025-07-07T06:26:55.616+0000] {spark_submit.py:634} INFO - 25/07/07 06:26:55 INFO BlockManagerMaster: Registering BlockManager BlockManagerId(driver, 34b334fe6b50, 42017, None)
[2025-07-07T06:26:55.621+0000] {spark_submit.py:634} INFO - 25/07/07 06:26:55 INFO BlockManagerMasterEndpoint: Registering block manager 34b334fe6b50:42017 with 413.9 MiB RAM, BlockManagerId(driver, 34b334fe6b50, 42017, None)
[2025-07-07T06:26:55.623+0000] {spark_submit.py:634} INFO - 25/07/07 06:26:55 INFO BlockManagerMaster: Registered BlockManager BlockManagerId(driver, 34b334fe6b50, 42017, None)
[2025-07-07T06:26:55.624+0000] {spark_submit.py:634} INFO - 25/07/07 06:26:55 INFO BlockManager: Initialized BlockManager: BlockManagerId(driver, 34b334fe6b50, 42017, None)
[2025-07-07T06:26:55.828+0000] {spark_submit.py:634} INFO - 25/07/07 06:26:55 INFO StandaloneSchedulerBackend: SchedulerBackend is ready for scheduling beginning after reached minRegisteredResourcesRatio: 0.0
[2025-07-07T06:26:56.926+0000] {spark_submit.py:634} INFO - 25/07/07 06:26:56 INFO StandaloneSchedulerBackend$StandaloneDriverEndpoint: Registered executor NettyRpcEndpointRef(spark-client://Executor) (172.21.0.7:35180) with ID 0, ResourceProfileId 0
[2025-07-07T06:26:57.007+0000] {spark_submit.py:634} INFO - 25/07/07 06:26:57 INFO BlockManagerMasterEndpoint: Registering block manager 172.21.0.7:36701 with 434.4 MiB RAM, BlockManagerId(0, 172.21.0.7, 36701, None)
[2025-07-07T06:26:59.426+0000] {spark_submit.py:634} INFO - 25/07/07 06:26:59 WARN MetricsConfig: Cannot locate configuration: tried hadoop-metrics2-s3a-file-system.properties,hadoop-metrics2.properties
[2025-07-07T06:29:05.531+0000] {spark_submit.py:634} INFO - 25/07/07 06:29:05 WARN FileStreamSink: Assume no metadata directory. Error while looking for metadata directory in the path: s3a://hasaki-datalake/ga4-data/1.parquet.
[2025-07-07T06:29:05.531+0000] {spark_submit.py:634} INFO - org.apache.hadoop.fs.s3a.AWSClientIOException: getFileStatus on s3a://hasaki-datalake/ga4-data/1.parquet: com.amazonaws.SdkClientException: Unable to execute HTTP request: Connect to minio:9200 [minio/172.21.0.3] failed: Connection refused: Unable to execute HTTP request: Connect to minio:9200 [minio/172.21.0.3] failed: Connection refused
[2025-07-07T06:29:05.531+0000] {spark_submit.py:634} INFO - at org.apache.hadoop.fs.s3a.S3AUtils.translateException(S3AUtils.java:210)
[2025-07-07T06:29:05.532+0000] {spark_submit.py:634} INFO - at org.apache.hadoop.fs.s3a.S3AUtils.translateException(S3AUtils.java:171)
[2025-07-07T06:29:05.532+0000] {spark_submit.py:634} INFO - at org.apache.hadoop.fs.s3a.S3AFileSystem.s3GetFileStatus(S3AFileSystem.java:3648)
[2025-07-07T06:29:05.532+0000] {spark_submit.py:634} INFO - at org.apache.hadoop.fs.s3a.S3AFileSystem.innerGetFileStatus(S3AFileSystem.java:3551)
[2025-07-07T06:29:05.532+0000] {spark_submit.py:634} INFO - at org.apache.hadoop.fs.s3a.S3AFileSystem.lambda$getFileStatus$24(S3AFileSystem.java:3528)
[2025-07-07T06:29:05.532+0000] {spark_submit.py:634} INFO - at org.apache.hadoop.fs.statistics.impl.IOStatisticsBinding.invokeTrackingDuration(IOStatisticsBinding.java:547)
[2025-07-07T06:29:05.532+0000] {spark_submit.py:634} INFO - at org.apache.hadoop.fs.statistics.impl.IOStatisticsBinding.lambda$trackDurationOfOperation$5(IOStatisticsBinding.java:528)
[2025-07-07T06:29:05.532+0000] {spark_submit.py:634} INFO - at org.apache.hadoop.fs.statistics.impl.IOStatisticsBinding.trackDuration(IOStatisticsBinding.java:449)
[2025-07-07T06:29:05.533+0000] {spark_submit.py:634} INFO - at org.apache.hadoop.fs.s3a.S3AFileSystem.trackDurationAndSpan(S3AFileSystem.java:2401)
[2025-07-07T06:29:05.533+0000] {spark_submit.py:634} INFO - at org.apache.hadoop.fs.s3a.S3AFileSystem.trackDurationAndSpan(S3AFileSystem.java:2420)
[2025-07-07T06:29:05.533+0000] {spark_submit.py:634} INFO - at org.apache.hadoop.fs.s3a.S3AFileSystem.getFileStatus(S3AFileSystem.java:3526)
[2025-07-07T06:29:05.533+0000] {spark_submit.py:634} INFO - at org.apache.spark.sql.execution.streaming.FileStreamSink$.hasMetadata(FileStreamSink.scala:56)
[2025-07-07T06:29:05.533+0000] {spark_submit.py:634} INFO - at org.apache.spark.sql.execution.datasources.DataSource.resolveRelation(DataSource.scala:381)
[2025-07-07T06:29:05.533+0000] {spark_submit.py:634} INFO - at org.apache.spark.sql.catalyst.analysis.ResolveDataSource.org$apache$spark$sql$catalyst$analysis$ResolveDataSource$$loadV1BatchSource(ResolveDataSource.scala:143)
[2025-07-07T06:29:05.533+0000] {spark_submit.py:634} INFO - at org.apache.spark.sql.catalyst.analysis.ResolveDataSource$$anonfun$apply$1.$anonfun$applyOrElse$2(ResolveDataSource.scala:61)
[2025-07-07T06:29:05.533+0000] {spark_submit.py:634} INFO - at scala.Option.getOrElse(Option.scala:201)
[2025-07-07T06:29:05.534+0000] {spark_submit.py:634} INFO - at org.apache.spark.sql.catalyst.analysis.ResolveDataSource$$anonfun$apply$1.applyOrElse(ResolveDataSource.scala:61)
[2025-07-07T06:29:05.534+0000] {spark_submit.py:634} INFO - at org.apache.spark.sql.catalyst.analysis.ResolveDataSource$$anonfun$apply$1.applyOrElse(ResolveDataSource.scala:45)
[2025-07-07T06:29:05.534+0000] {spark_submit.py:634} INFO - at org.apache.spark.sql.catalyst.plans.logical.AnalysisHelper.$anonfun$resolveOperatorsUpWithPruning$3(AnalysisHelper.scala:139)
[2025-07-07T06:29:05.534+0000] {spark_submit.py:634} INFO - at org.apache.spark.sql.catalyst.trees.CurrentOrigin$.withOrigin(origin.scala:86)
[2025-07-07T06:29:05.534+0000] {spark_submit.py:634} INFO - at org.apache.spark.sql.catalyst.plans.logical.AnalysisHelper.$anonfun$resolveOperatorsUpWithPruning$1(AnalysisHelper.scala:139)
[2025-07-07T06:29:05.534+0000] {spark_submit.py:634} INFO - at org.apache.spark.sql.catalyst.plans.logical.AnalysisHelper$.allowInvokingTransformsInAnalyzer(AnalysisHelper.scala:416)
[2025-07-07T06:29:05.534+0000] {spark_submit.py:634} INFO - at org.apache.spark.sql.catalyst.plans.logical.AnalysisHelper.resolveOperatorsUpWithPruning(AnalysisHelper.scala:135)
[2025-07-07T06:29:05.534+0000] {spark_submit.py:634} INFO - at org.apache.spark.sql.catalyst.plans.logical.AnalysisHelper.resolveOperatorsUpWithPruning$(AnalysisHelper.scala:131)
[2025-07-07T06:29:05.534+0000] {spark_submit.py:634} INFO - at org.apache.spark.sql.catalyst.plans.logical.LogicalPlan.resolveOperatorsUpWithPruning(LogicalPlan.scala:37)
[2025-07-07T06:29:05.534+0000] {spark_submit.py:634} INFO - at org.apache.spark.sql.catalyst.plans.logical.AnalysisHelper.resolveOperatorsUp(AnalysisHelper.scala:112)
[2025-07-07T06:29:05.534+0000] {spark_submit.py:634} INFO - at org.apache.spark.sql.catalyst.plans.logical.AnalysisHelper.resolveOperatorsUp$(AnalysisHelper.scala:111)
[2025-07-07T06:29:05.535+0000] {spark_submit.py:634} INFO - at org.apache.spark.sql.catalyst.plans.logical.LogicalPlan.resolveOperatorsUp(LogicalPlan.scala:37)
[2025-07-07T06:29:05.535+0000] {spark_submit.py:634} INFO - at org.apache.spark.sql.catalyst.analysis.ResolveDataSource.apply(ResolveDataSource.scala:45)
[2025-07-07T06:29:05.535+0000] {spark_submit.py:634} INFO - at org.apache.spark.sql.catalyst.analysis.ResolveDataSource.apply(ResolveDataSource.scala:43)
[2025-07-07T06:29:05.535+0000] {spark_submit.py:634} INFO - at org.apache.spark.sql.catalyst.rules.RuleExecutor.$anonfun$execute$2(RuleExecutor.scala:242)
[2025-07-07T06:29:05.535+0000] {spark_submit.py:634} INFO - at scala.collection.LinearSeqOps.foldLeft(LinearSeq.scala:183)
[2025-07-07T06:29:05.535+0000] {spark_submit.py:634} INFO - at scala.collection.LinearSeqOps.foldLeft$(LinearSeq.scala:179)
[2025-07-07T06:29:05.535+0000] {spark_submit.py:634} INFO - at scala.collection.immutable.List.foldLeft(List.scala:79)
[2025-07-07T06:29:05.535+0000] {spark_submit.py:634} INFO - at org.apache.spark.sql.catalyst.rules.RuleExecutor.$anonfun$execute$1(RuleExecutor.scala:239)
[2025-07-07T06:29:05.535+0000] {spark_submit.py:634} INFO - at org.apache.spark.sql.catalyst.rules.RuleExecutor.$anonfun$execute$1$adapted(RuleExecutor.scala:231)
[2025-07-07T06:29:05.535+0000] {spark_submit.py:634} INFO - at scala.collection.immutable.List.foreach(List.scala:334)
[2025-07-07T06:29:05.535+0000] {spark_submit.py:634} INFO - at org.apache.spark.sql.catalyst.rules.RuleExecutor.execute(RuleExecutor.scala:231)
[2025-07-07T06:29:05.535+0000] {spark_submit.py:634} INFO - at org.apache.spark.sql.catalyst.analysis.Analyzer.org$apache$spark$sql$catalyst$analysis$Analyzer$$executeSameContext(Analyzer.scala:290)
[2025-07-07T06:29:05.535+0000] {spark_submit.py:634} INFO - at org.apache.spark.sql.catalyst.analysis.Analyzer.$anonfun$execute$1(Analyzer.scala:286)
[2025-07-07T06:29:05.535+0000] {spark_submit.py:634} INFO - at org.apache.spark.sql.catalyst.analysis.AnalysisContext$.withNewAnalysisContext(Analyzer.scala:234)
[2025-07-07T06:29:05.535+0000] {spark_submit.py:634} INFO - at org.apache.spark.sql.catalyst.analysis.Analyzer.execute(Analyzer.scala:286)
[2025-07-07T06:29:05.536+0000] {spark_submit.py:634} INFO - at org.apache.spark.sql.catalyst.analysis.Analyzer.execute(Analyzer.scala:249)
[2025-07-07T06:29:05.536+0000] {spark_submit.py:634} INFO - at org.apache.spark.sql.catalyst.rules.RuleExecutor.$anonfun$executeAndTrack$1(RuleExecutor.scala:201)
[2025-07-07T06:29:05.536+0000] {spark_submit.py:634} INFO - at org.apache.spark.sql.catalyst.QueryPlanningTracker$.withTracker(QueryPlanningTracker.scala:89)
[2025-07-07T06:29:05.536+0000] {spark_submit.py:634} INFO - at org.apache.spark.sql.catalyst.rules.RuleExecutor.executeAndTrack(RuleExecutor.scala:201)
[2025-07-07T06:29:05.536+0000] {spark_submit.py:634} INFO - at org.apache.spark.sql.catalyst.analysis.resolver.HybridAnalyzer.resolveInFixedPoint(HybridAnalyzer.scala:190)
[2025-07-07T06:29:05.536+0000] {spark_submit.py:634} INFO - at org.apache.spark.sql.catalyst.analysis.resolver.HybridAnalyzer.$anonfun$apply$1(HybridAnalyzer.scala:76)
[2025-07-07T06:29:05.536+0000] {spark_submit.py:634} INFO - at org.apache.spark.sql.catalyst.analysis.resolver.HybridAnalyzer.withTrackedAnalyzerBridgeState(HybridAnalyzer.scala:111)
[2025-07-07T06:29:05.536+0000] {spark_submit.py:634} INFO - at org.apache.spark.sql.catalyst.analysis.resolver.HybridAnalyzer.apply(HybridAnalyzer.scala:71)
[2025-07-07T06:29:05.536+0000] {spark_submit.py:634} INFO - at org.apache.spark.sql.catalyst.analysis.Analyzer.$anonfun$executeAndCheck$1(Analyzer.scala:280)
[2025-07-07T06:29:05.536+0000] {spark_submit.py:634} INFO - at org.apache.spark.sql.catalyst.plans.logical.AnalysisHelper$.markInAnalyzer(AnalysisHelper.scala:423)
[2025-07-07T06:29:05.536+0000] {spark_submit.py:634} INFO - at org.apache.spark.sql.catalyst.analysis.Analyzer.executeAndCheck(Analyzer.scala:280)
[2025-07-07T06:29:05.536+0000] {spark_submit.py:634} INFO - at org.apache.spark.sql.execution.QueryExecution.$anonfun$lazyAnalyzed$2(QueryExecution.scala:110)
[2025-07-07T06:29:05.536+0000] {spark_submit.py:634} INFO - at org.apache.spark.sql.catalyst.QueryPlanningTracker.measurePhase(QueryPlanningTracker.scala:148)
[2025-07-07T06:29:05.536+0000] {spark_submit.py:634} INFO - at org.apache.spark.sql.execution.QueryExecution.$anonfun$executePhase$2(QueryExecution.scala:278)
[2025-07-07T06:29:05.536+0000] {spark_submit.py:634} INFO - at org.apache.spark.sql.execution.QueryExecution$.withInternalError(QueryExecution.scala:654)
[2025-07-07T06:29:05.537+0000] {spark_submit.py:634} INFO - at org.apache.spark.sql.execution.QueryExecution.$anonfun$executePhase$1(QueryExecution.scala:278)
[2025-07-07T06:29:05.537+0000] {spark_submit.py:634} INFO - at org.apache.spark.sql.SparkSession.withActive(SparkSession.scala:804)
[2025-07-07T06:29:05.537+0000] {spark_submit.py:634} INFO - at org.apache.spark.sql.execution.QueryExecution.executePhase(QueryExecution.scala:277)
[2025-07-07T06:29:05.537+0000] {spark_submit.py:634} INFO - at org.apache.spark.sql.execution.QueryExecution.$anonfun$lazyAnalyzed$1(QueryExecution.scala:110)
[2025-07-07T06:29:05.537+0000] {spark_submit.py:634} INFO - at scala.util.Try$.apply(Try.scala:217)
[2025-07-07T06:29:05.537+0000] {spark_submit.py:634} INFO - at org.apache.spark.util.Utils$.doTryWithCallerStacktrace(Utils.scala:1378)
[2025-07-07T06:29:05.537+0000] {spark_submit.py:634} INFO - at org.apache.spark.util.LazyTry.tryT$lzycompute(LazyTry.scala:46)
[2025-07-07T06:29:05.537+0000] {spark_submit.py:634} INFO - at org.apache.spark.util.LazyTry.tryT(LazyTry.scala:46)
[2025-07-07T06:29:05.537+0000] {spark_submit.py:634} INFO - at org.apache.spark.util.LazyTry.get(LazyTry.scala:58)
[2025-07-07T06:29:05.537+0000] {spark_submit.py:634} INFO - at org.apache.spark.sql.execution.QueryExecution.analyzed(QueryExecution.scala:121)
[2025-07-07T06:29:05.537+0000] {spark_submit.py:634} INFO - at org.apache.spark.sql.execution.QueryExecution.assertAnalyzed(QueryExecution.scala:80)
[2025-07-07T06:29:05.537+0000] {spark_submit.py:634} INFO - at org.apache.spark.sql.classic.Dataset$.$anonfun$ofRows$1(Dataset.scala:115)
[2025-07-07T06:29:05.537+0000] {spark_submit.py:634} INFO - at org.apache.spark.sql.SparkSession.withActive(SparkSession.scala:804)
[2025-07-07T06:29:05.537+0000] {spark_submit.py:634} INFO - at org.apache.spark.sql.classic.Dataset$.ofRows(Dataset.scala:113)
[2025-07-07T06:29:05.537+0000] {spark_submit.py:634} INFO - at org.apache.spark.sql.classic.DataFrameReader.load(DataFrameReader.scala:109)
[2025-07-07T06:29:05.537+0000] {spark_submit.py:634} INFO - at org.apache.spark.sql.classic.DataFrameReader.load(DataFrameReader.scala:58)
[2025-07-07T06:29:05.538+0000] {spark_submit.py:634} INFO - at org.apache.spark.sql.DataFrameReader.parquet(DataFrameReader.scala:457)
[2025-07-07T06:29:05.538+0000] {spark_submit.py:634} INFO - at org.apache.spark.sql.classic.DataFrameReader.parquet(DataFrameReader.scala:306)
[2025-07-07T06:29:05.538+0000] {spark_submit.py:634} INFO - at org.apache.spark.sql.classic.DataFrameReader.parquet(DataFrameReader.scala:58)
[2025-07-07T06:29:05.538+0000] {spark_submit.py:634} INFO - at java.base/jdk.internal.reflect.NativeMethodAccessorImpl.invoke0(Native Method)
[2025-07-07T06:29:05.538+0000] {spark_submit.py:634} INFO - at java.base/jdk.internal.reflect.NativeMethodAccessorImpl.invoke(NativeMethodAccessorImpl.java:77)
[2025-07-07T06:29:05.538+0000] {spark_submit.py:634} INFO - at java.base/jdk.internal.reflect.DelegatingMethodAccessorImpl.invoke(DelegatingMethodAccessorImpl.java:43)
[2025-07-07T06:29:05.538+0000] {spark_submit.py:634} INFO - at java.base/java.lang.reflect.Method.invoke(Method.java:569)
[2025-07-07T06:29:05.538+0000] {spark_submit.py:634} INFO - at py4j.reflection.MethodInvoker.invoke(MethodInvoker.java:244)
[2025-07-07T06:29:05.538+0000] {spark_submit.py:634} INFO - at py4j.reflection.ReflectionEngine.invoke(ReflectionEngine.java:374)
[2025-07-07T06:29:05.538+0000] {spark_submit.py:634} INFO - at py4j.Gateway.invoke(Gateway.java:282)
[2025-07-07T06:29:05.538+0000] {spark_submit.py:634} INFO - at py4j.commands.AbstractCommand.invokeMethod(AbstractCommand.java:132)
[2025-07-07T06:29:05.538+0000] {spark_submit.py:634} INFO - at py4j.commands.CallCommand.execute(CallCommand.java:79)
[2025-07-07T06:29:05.538+0000] {spark_submit.py:634} INFO - at py4j.ClientServerConnection.waitForCommands(ClientServerConnection.java:184)
[2025-07-07T06:29:05.538+0000] {spark_submit.py:634} INFO - at py4j.ClientServerConnection.run(ClientServerConnection.java:108)
[2025-07-07T06:29:05.538+0000] {spark_submit.py:634} INFO - at java.base/java.lang.Thread.run(Thread.java:840)
[2025-07-07T06:29:05.538+0000] {spark_submit.py:634} INFO - Caused by: com.amazonaws.SdkClientException: Unable to execute HTTP request: Connect to minio:9200 [minio/172.21.0.3] failed: Connection refused
[2025-07-07T06:29:05.538+0000] {spark_submit.py:634} INFO - at com.amazonaws.http.AmazonHttpClient$RequestExecutor.handleRetryableException(AmazonHttpClient.java:1219)
[2025-07-07T06:29:05.538+0000] {spark_submit.py:634} INFO - at com.amazonaws.http.AmazonHttpClient$RequestExecutor.executeHelper(AmazonHttpClient.java:1165)
[2025-07-07T06:29:05.538+0000] {spark_submit.py:634} INFO - at com.amazonaws.http.AmazonHttpClient$RequestExecutor.doExecute(AmazonHttpClient.java:814)
[2025-07-07T06:29:05.538+0000] {spark_submit.py:634} INFO - at com.amazonaws.http.AmazonHttpClient$RequestExecutor.executeWithTimer(AmazonHttpClient.java:781)
[2025-07-07T06:29:05.539+0000] {spark_submit.py:634} INFO - at com.amazonaws.http.AmazonHttpClient$RequestExecutor.execute(AmazonHttpClient.java:755)
[2025-07-07T06:29:05.539+0000] {spark_submit.py:634} INFO - at com.amazonaws.http.AmazonHttpClient$RequestExecutor.access$500(AmazonHttpClient.java:715)
[2025-07-07T06:29:05.539+0000] {spark_submit.py:634} INFO - at com.amazonaws.http.AmazonHttpClient$RequestExecutionBuilderImpl.execute(AmazonHttpClient.java:697)
[2025-07-07T06:29:05.539+0000] {spark_submit.py:634} INFO - at com.amazonaws.http.AmazonHttpClient.execute(AmazonHttpClient.java:561)
[2025-07-07T06:29:05.539+0000] {spark_submit.py:634} INFO - at com.amazonaws.http.AmazonHttpClient.execute(AmazonHttpClient.java:541)
[2025-07-07T06:29:05.539+0000] {spark_submit.py:634} INFO - at com.amazonaws.services.s3.AmazonS3Client.invoke(AmazonS3Client.java:5456)
[2025-07-07T06:29:05.539+0000] {spark_submit.py:634} INFO - at com.amazonaws.services.s3.AmazonS3Client.invoke(AmazonS3Client.java:5403)
[2025-07-07T06:29:05.539+0000] {spark_submit.py:634} INFO - at com.amazonaws.services.s3.AmazonS3Client.getObjectMetadata(AmazonS3Client.java:1372)
[2025-07-07T06:29:05.539+0000] {spark_submit.py:634} INFO - at org.apache.hadoop.fs.s3a.S3AFileSystem.lambda$getObjectMetadata$11(S3AFileSystem.java:2571)
[2025-07-07T06:29:05.539+0000] {spark_submit.py:634} INFO - at org.apache.hadoop.fs.s3a.Invoker.retryUntranslated(Invoker.java:468)
[2025-07-07T06:29:05.539+0000] {spark_submit.py:634} INFO - at org.apache.hadoop.fs.s3a.Invoker.retryUntranslated(Invoker.java:431)
[2025-07-07T06:29:05.539+0000] {spark_submit.py:634} INFO - at org.apache.hadoop.fs.s3a.S3AFileSystem.getObjectMetadata(S3AFileSystem.java:2559)
[2025-07-07T06:29:05.539+0000] {spark_submit.py:634} INFO - at org.apache.hadoop.fs.s3a.S3AFileSystem.getObjectMetadata(S3AFileSystem.java:2539)
[2025-07-07T06:29:05.539+0000] {spark_submit.py:634} INFO - at org.apache.hadoop.fs.s3a.S3AFileSystem.s3GetFileStatus(S3AFileSystem.java:3623)
[2025-07-07T06:29:05.539+0000] {spark_submit.py:634} INFO - ... 85 more
[2025-07-07T06:29:05.539+0000] {spark_submit.py:634} INFO - Caused by: com.amazonaws.thirdparty.apache.http.conn.HttpHostConnectException: Connect to minio:9200 [minio/172.21.0.3] failed: Connection refused
[2025-07-07T06:29:05.539+0000] {spark_submit.py:634} INFO - at com.amazonaws.thirdparty.apache.http.impl.conn.DefaultHttpClientConnectionOperator.connect(DefaultHttpClientConnectionOperator.java:156)
[2025-07-07T06:29:05.539+0000] {spark_submit.py:634} INFO - at com.amazonaws.thirdparty.apache.http.impl.conn.PoolingHttpClientConnectionManager.connect(PoolingHttpClientConnectionManager.java:376)
[2025-07-07T06:29:05.539+0000] {spark_submit.py:634} INFO - at jdk.internal.reflect.GeneratedMethodAccessor24.invoke(Unknown Source)
[2025-07-07T06:29:05.539+0000] {spark_submit.py:634} INFO - at java.base/jdk.internal.reflect.DelegatingMethodAccessorImpl.invoke(DelegatingMethodAccessorImpl.java:43)
[2025-07-07T06:29:05.539+0000] {spark_submit.py:634} INFO - at java.base/java.lang.reflect.Method.invoke(Method.java:569)
[2025-07-07T06:29:05.540+0000] {spark_submit.py:634} INFO - at com.amazonaws.http.conn.ClientConnectionManagerFactory$Handler.invoke(ClientConnectionManagerFactory.java:76)
[2025-07-07T06:29:05.540+0000] {spark_submit.py:634} INFO - at com.amazonaws.http.conn.$Proxy44.connect(Unknown Source)
[2025-07-07T06:29:05.540+0000] {spark_submit.py:634} INFO - at com.amazonaws.thirdparty.apache.http.impl.execchain.MainClientExec.establishRoute(MainClientExec.java:393)
[2025-07-07T06:29:05.540+0000] {spark_submit.py:634} INFO - at com.amazonaws.thirdparty.apache.http.impl.execchain.MainClientExec.execute(MainClientExec.java:236)
[2025-07-07T06:29:05.540+0000] {spark_submit.py:634} INFO - at com.amazonaws.thirdparty.apache.http.impl.execchain.ProtocolExec.execute(ProtocolExec.java:186)
[2025-07-07T06:29:05.540+0000] {spark_submit.py:634} INFO - at com.amazonaws.thirdparty.apache.http.impl.client.InternalHttpClient.doExecute(InternalHttpClient.java:185)
[2025-07-07T06:29:05.540+0000] {spark_submit.py:634} INFO - at com.amazonaws.thirdparty.apache.http.impl.client.CloseableHttpClient.execute(CloseableHttpClient.java:83)
[2025-07-07T06:29:05.540+0000] {spark_submit.py:634} INFO - at com.amazonaws.thirdparty.apache.http.impl.client.CloseableHttpClient.execute(CloseableHttpClient.java:56)
[2025-07-07T06:29:05.540+0000] {spark_submit.py:634} INFO - at com.amazonaws.http.apache.client.impl.SdkHttpClient.execute(SdkHttpClient.java:72)
[2025-07-07T06:29:05.540+0000] {spark_submit.py:634} INFO - at com.amazonaws.http.AmazonHttpClient$RequestExecutor.executeOneRequest(AmazonHttpClient.java:1346)
[2025-07-07T06:29:05.540+0000] {spark_submit.py:634} INFO - at com.amazonaws.http.AmazonHttpClient$RequestExecutor.executeHelper(AmazonHttpClient.java:1157)
[2025-07-07T06:29:05.540+0000] {spark_submit.py:634} INFO - ... 101 more
[2025-07-07T06:29:05.540+0000] {spark_submit.py:634} INFO - Caused by: java.net.ConnectException: Connection refused
[2025-07-07T06:29:05.540+0000] {spark_submit.py:634} INFO - at java.base/sun.nio.ch.Net.pollConnect(Native Method)
[2025-07-07T06:29:05.540+0000] {spark_submit.py:634} INFO - at java.base/sun.nio.ch.Net.pollConnectNow(Net.java:672)
[2025-07-07T06:29:05.540+0000] {spark_submit.py:634} INFO - at java.base/sun.nio.ch.NioSocketImpl.timedFinishConnect(NioSocketImpl.java:547)
[2025-07-07T06:29:05.540+0000] {spark_submit.py:634} INFO - at java.base/sun.nio.ch.NioSocketImpl.connect(NioSocketImpl.java:602)
[2025-07-07T06:29:05.540+0000] {spark_submit.py:634} INFO - at java.base/java.net.SocksSocketImpl.connect(SocksSocketImpl.java:327)
[2025-07-07T06:29:05.540+0000] {spark_submit.py:634} INFO - at java.base/java.net.Socket.connect(Socket.java:633)
[2025-07-07T06:29:05.540+0000] {spark_submit.py:634} INFO - at com.amazonaws.thirdparty.apache.http.conn.socket.PlainConnectionSocketFactory.connectSocket(PlainConnectionSocketFactory.java:75)
[2025-07-07T06:29:05.540+0000] {spark_submit.py:634} INFO - at com.amazonaws.thirdparty.apache.http.impl.conn.DefaultHttpClientConnectionOperator.connect(DefaultHttpClientConnectionOperator.java:142)
[2025-07-07T06:29:05.540+0000] {spark_submit.py:634} INFO - ... 116 more
[2025-07-07T06:30:54.568+0000] {spark_submit.py:634} INFO - Traceback (most recent call last):
[2025-07-07T06:30:54.569+0000] {spark_submit.py:634} INFO - File "/opt/***/spark_project/src/spark/spark_main_minio_automatic.py", line 95, in <module>
[2025-07-07T06:30:54.569+0000] {spark_submit.py:634} INFO - main()
[2025-07-07T06:30:54.569+0000] {spark_submit.py:634} INFO - File "/opt/***/spark_project/src/spark/spark_main_minio_automatic.py", line 52, in main
[2025-07-07T06:30:54.570+0000] {spark_submit.py:634} INFO - parquet_file = spark.read.parquet(file_path)
[2025-07-07T06:30:54.570+0000] {spark_submit.py:634} INFO - ^^^^^^^^^^^^^^^^^^^^^^^^^^^^^
[2025-07-07T06:30:54.570+0000] {spark_submit.py:634} INFO - File "/home/***/.local/lib/python3.11/site-packages/pyspark/python/lib/pyspark.zip/pyspark/sql/readwriter.py", line 642, in parquet
[2025-07-07T06:30:54.570+0000] {spark_submit.py:634} INFO - File "/home/***/.local/lib/python3.11/site-packages/pyspark/python/lib/py4j-0.10.9.9-src.zip/py4j/java_gateway.py", line 1362, in __call__
[2025-07-07T06:30:54.570+0000] {spark_submit.py:634} INFO - File "/home/***/.local/lib/python3.11/site-packages/pyspark/python/lib/pyspark.zip/pyspark/errors/exceptions/captured.py", line 282, in deco
[2025-07-07T06:30:54.571+0000] {spark_submit.py:634} INFO - File "/home/***/.local/lib/python3.11/site-packages/pyspark/python/lib/py4j-0.10.9.9-src.zip/py4j/protocol.py", line 327, in get_return_value
[2025-07-07T06:30:54.609+0000] {spark_submit.py:634} INFO - py4j.protocol.Py4JJavaError: An error occurred while calling o65.parquet.
[2025-07-07T06:30:54.610+0000] {spark_submit.py:634} INFO - : org.apache.hadoop.fs.s3a.AWSClientIOException: getFileStatus on s3a://hasaki-datalake/ga4-data/1.parquet: com.amazonaws.SdkClientException: Unable to execute HTTP request: Connect to minio:9200 [minio/172.21.0.3] failed: Connection refused: Unable to execute HTTP request: Connect to minio:9200 [minio/172.21.0.3] failed: Connection refused
[2025-07-07T06:30:54.610+0000] {spark_submit.py:634} INFO - at org.apache.hadoop.fs.s3a.S3AUtils.translateException(S3AUtils.java:210)
[2025-07-07T06:30:54.610+0000] {spark_submit.py:634} INFO - at org.apache.hadoop.fs.s3a.S3AUtils.translateException(S3AUtils.java:171)
[2025-07-07T06:30:54.610+0000] {spark_submit.py:634} INFO - at org.apache.hadoop.fs.s3a.S3AFileSystem.s3GetFileStatus(S3AFileSystem.java:3648)
[2025-07-07T06:30:54.610+0000] {spark_submit.py:634} INFO - at org.apache.hadoop.fs.s3a.S3AFileSystem.innerGetFileStatus(S3AFileSystem.java:3551)
[2025-07-07T06:30:54.610+0000] {spark_submit.py:634} INFO - at org.apache.hadoop.fs.s3a.S3AFileSystem.lambda$exists$33(S3AFileSystem.java:4530)
[2025-07-07T06:30:54.610+0000] {spark_submit.py:634} INFO - at org.apache.hadoop.fs.statistics.impl.IOStatisticsBinding.invokeTrackingDuration(IOStatisticsBinding.java:547)
[2025-07-07T06:30:54.611+0000] {spark_submit.py:634} INFO - at org.apache.hadoop.fs.statistics.impl.IOStatisticsBinding.lambda$trackDurationOfOperation$5(IOStatisticsBinding.java:528)
[2025-07-07T06:30:54.611+0000] {spark_submit.py:634} INFO - at org.apache.hadoop.fs.statistics.impl.IOStatisticsBinding.trackDuration(IOStatisticsBinding.java:449)
[2025-07-07T06:30:54.611+0000] {spark_submit.py:634} INFO - at org.apache.hadoop.fs.s3a.S3AFileSystem.trackDurationAndSpan(S3AFileSystem.java:2401)
[2025-07-07T06:30:54.611+0000] {spark_submit.py:634} INFO - at org.apache.hadoop.fs.s3a.S3AFileSystem.trackDurationAndSpan(S3AFileSystem.java:2420)
[2025-07-07T06:30:54.611+0000] {spark_submit.py:634} INFO - at org.apache.hadoop.fs.s3a.S3AFileSystem.exists(S3AFileSystem.java:4528)
[2025-07-07T06:30:54.611+0000] {spark_submit.py:634} INFO - at org.apache.spark.sql.execution.datasources.DataSource$.$anonfun$checkAndGlobPathIfNecessary$4(DataSource.scala:809)
[2025-07-07T06:30:54.611+0000] {spark_submit.py:634} INFO - at org.apache.spark.sql.execution.datasources.DataSource$.$anonfun$checkAndGlobPathIfNecessary$4$adapted(DataSource.scala:807)
[2025-07-07T06:30:54.611+0000] {spark_submit.py:634} INFO - at ... run in separate thread using org.apache.spark.util.ThreadUtils ... ()
[2025-07-07T06:30:54.611+0000] {spark_submit.py:634} INFO - at org.apache.spark.sql.execution.datasources.DataSource$.checkAndGlobPathIfNecessary(DataSource.scala:814)
[2025-07-07T06:30:54.611+0000] {spark_submit.py:634} INFO - at org.apache.spark.sql.execution.datasources.DataSource.checkAndGlobPathIfNecessary(DataSource.scala:575)
[2025-07-07T06:30:54.611+0000] {spark_submit.py:634} INFO - at org.apache.spark.sql.execution.datasources.DataSource.resolveRelation(DataSource.scala:419)
[2025-07-07T06:30:54.611+0000] {spark_submit.py:634} INFO - at org.apache.spark.sql.catalyst.analysis.ResolveDataSource.org$apache$spark$sql$catalyst$analysis$ResolveDataSource$$loadV1BatchSource(ResolveDataSource.scala:143)
[2025-07-07T06:30:54.612+0000] {spark_submit.py:634} INFO - at org.apache.spark.sql.catalyst.analysis.ResolveDataSource$$anonfun$apply$1.$anonfun$applyOrElse$2(ResolveDataSource.scala:61)
[2025-07-07T06:30:54.612+0000] {spark_submit.py:634} INFO - at scala.Option.getOrElse(Option.scala:201)
[2025-07-07T06:30:54.612+0000] {spark_submit.py:634} INFO - at org.apache.spark.sql.catalyst.analysis.ResolveDataSource$$anonfun$apply$1.applyOrElse(ResolveDataSource.scala:61)
[2025-07-07T06:30:54.612+0000] {spark_submit.py:634} INFO - at org.apache.spark.sql.catalyst.analysis.ResolveDataSource$$anonfun$apply$1.applyOrElse(ResolveDataSource.scala:45)
[2025-07-07T06:30:54.612+0000] {spark_submit.py:634} INFO - at org.apache.spark.sql.catalyst.plans.logical.AnalysisHelper.$anonfun$resolveOperatorsUpWithPruning$3(AnalysisHelper.scala:139)
[2025-07-07T06:30:54.612+0000] {spark_submit.py:634} INFO - at org.apache.spark.sql.catalyst.trees.CurrentOrigin$.withOrigin(origin.scala:86)
[2025-07-07T06:30:54.612+0000] {spark_submit.py:634} INFO - at org.apache.spark.sql.catalyst.plans.logical.AnalysisHelper.$anonfun$resolveOperatorsUpWithPruning$1(AnalysisHelper.scala:139)
[2025-07-07T06:30:54.612+0000] {spark_submit.py:634} INFO - at org.apache.spark.sql.catalyst.plans.logical.AnalysisHelper$.allowInvokingTransformsInAnalyzer(AnalysisHelper.scala:416)
[2025-07-07T06:30:54.612+0000] {spark_submit.py:634} INFO - at org.apache.spark.sql.catalyst.plans.logical.AnalysisHelper.resolveOperatorsUpWithPruning(AnalysisHelper.scala:135)
[2025-07-07T06:30:54.612+0000] {spark_submit.py:634} INFO - at org.apache.spark.sql.catalyst.plans.logical.AnalysisHelper.resolveOperatorsUpWithPruning$(AnalysisHelper.scala:131)
[2025-07-07T06:30:54.612+0000] {spark_submit.py:634} INFO - at org.apache.spark.sql.catalyst.plans.logical.LogicalPlan.resolveOperatorsUpWithPruning(LogicalPlan.scala:37)
[2025-07-07T06:30:54.612+0000] {spark_submit.py:634} INFO - at org.apache.spark.sql.catalyst.plans.logical.AnalysisHelper.resolveOperatorsUp(AnalysisHelper.scala:112)
[2025-07-07T06:30:54.612+0000] {spark_submit.py:634} INFO - at org.apache.spark.sql.catalyst.plans.logical.AnalysisHelper.resolveOperatorsUp$(AnalysisHelper.scala:111)
[2025-07-07T06:30:54.612+0000] {spark_submit.py:634} INFO - at org.apache.spark.sql.catalyst.plans.logical.LogicalPlan.resolveOperatorsUp(LogicalPlan.scala:37)
[2025-07-07T06:30:54.612+0000] {spark_submit.py:634} INFO - at org.apache.spark.sql.catalyst.analysis.ResolveDataSource.apply(ResolveDataSource.scala:45)
[2025-07-07T06:30:54.613+0000] {spark_submit.py:634} INFO - at org.apache.spark.sql.catalyst.analysis.ResolveDataSource.apply(ResolveDataSource.scala:43)
[2025-07-07T06:30:54.613+0000] {spark_submit.py:634} INFO - at org.apache.spark.sql.catalyst.rules.RuleExecutor.$anonfun$execute$2(RuleExecutor.scala:242)
[2025-07-07T06:30:54.613+0000] {spark_submit.py:634} INFO - at scala.collection.LinearSeqOps.foldLeft(LinearSeq.scala:183)
[2025-07-07T06:30:54.613+0000] {spark_submit.py:634} INFO - at scala.collection.LinearSeqOps.foldLeft$(LinearSeq.scala:179)
[2025-07-07T06:30:54.613+0000] {spark_submit.py:634} INFO - at scala.collection.immutable.List.foldLeft(List.scala:79)
[2025-07-07T06:30:54.613+0000] {spark_submit.py:634} INFO - at org.apache.spark.sql.catalyst.rules.RuleExecutor.$anonfun$execute$1(RuleExecutor.scala:239)
[2025-07-07T06:30:54.613+0000] {spark_submit.py:634} INFO - at org.apache.spark.sql.catalyst.rules.RuleExecutor.$anonfun$execute$1$adapted(RuleExecutor.scala:231)
[2025-07-07T06:30:54.613+0000] {spark_submit.py:634} INFO - at scala.collection.immutable.List.foreach(List.scala:334)
[2025-07-07T06:30:54.613+0000] {spark_submit.py:634} INFO - at org.apache.spark.sql.catalyst.rules.RuleExecutor.execute(RuleExecutor.scala:231)
[2025-07-07T06:30:54.613+0000] {spark_submit.py:634} INFO - at org.apache.spark.sql.catalyst.analysis.Analyzer.org$apache$spark$sql$catalyst$analysis$Analyzer$$executeSameContext(Analyzer.scala:290)
[2025-07-07T06:30:54.613+0000] {spark_submit.py:634} INFO - at org.apache.spark.sql.catalyst.analysis.Analyzer.$anonfun$execute$1(Analyzer.scala:286)
[2025-07-07T06:30:54.613+0000] {spark_submit.py:634} INFO - at org.apache.spark.sql.catalyst.analysis.AnalysisContext$.withNewAnalysisContext(Analyzer.scala:234)
[2025-07-07T06:30:54.613+0000] {spark_submit.py:634} INFO - at org.apache.spark.sql.catalyst.analysis.Analyzer.execute(Analyzer.scala:286)
[2025-07-07T06:30:54.613+0000] {spark_submit.py:634} INFO - at org.apache.spark.sql.catalyst.analysis.Analyzer.execute(Analyzer.scala:249)
[2025-07-07T06:30:54.613+0000] {spark_submit.py:634} INFO - at org.apache.spark.sql.catalyst.rules.RuleExecutor.$anonfun$executeAndTrack$1(RuleExecutor.scala:201)
[2025-07-07T06:30:54.613+0000] {spark_submit.py:634} INFO - at org.apache.spark.sql.catalyst.QueryPlanningTracker$.withTracker(QueryPlanningTracker.scala:89)
[2025-07-07T06:30:54.613+0000] {spark_submit.py:634} INFO - at org.apache.spark.sql.catalyst.rules.RuleExecutor.executeAndTrack(RuleExecutor.scala:201)
[2025-07-07T06:30:54.613+0000] {spark_submit.py:634} INFO - at org.apache.spark.sql.catalyst.analysis.resolver.HybridAnalyzer.resolveInFixedPoint(HybridAnalyzer.scala:190)
[2025-07-07T06:30:54.613+0000] {spark_submit.py:634} INFO - at org.apache.spark.sql.catalyst.analysis.resolver.HybridAnalyzer.$anonfun$apply$1(HybridAnalyzer.scala:76)
[2025-07-07T06:30:54.613+0000] {spark_submit.py:634} INFO - at org.apache.spark.sql.catalyst.analysis.resolver.HybridAnalyzer.withTrackedAnalyzerBridgeState(HybridAnalyzer.scala:111)
[2025-07-07T06:30:54.613+0000] {spark_submit.py:634} INFO - at org.apache.spark.sql.catalyst.analysis.resolver.HybridAnalyzer.apply(HybridAnalyzer.scala:71)
[2025-07-07T06:30:54.613+0000] {spark_submit.py:634} INFO - at org.apache.spark.sql.catalyst.analysis.Analyzer.$anonfun$executeAndCheck$1(Analyzer.scala:280)
[2025-07-07T06:30:54.614+0000] {spark_submit.py:634} INFO - at org.apache.spark.sql.catalyst.plans.logical.AnalysisHelper$.markInAnalyzer(AnalysisHelper.scala:423)
[2025-07-07T06:30:54.614+0000] {spark_submit.py:634} INFO - at org.apache.spark.sql.catalyst.analysis.Analyzer.executeAndCheck(Analyzer.scala:280)
[2025-07-07T06:30:54.614+0000] {spark_submit.py:634} INFO - at org.apache.spark.sql.execution.QueryExecution.$anonfun$lazyAnalyzed$2(QueryExecution.scala:110)
[2025-07-07T06:30:54.614+0000] {spark_submit.py:634} INFO - at org.apache.spark.sql.catalyst.QueryPlanningTracker.measurePhase(QueryPlanningTracker.scala:148)
[2025-07-07T06:30:54.614+0000] {spark_submit.py:634} INFO - at org.apache.spark.sql.execution.QueryExecution.$anonfun$executePhase$2(QueryExecution.scala:278)
[2025-07-07T06:30:54.614+0000] {spark_submit.py:634} INFO - at org.apache.spark.sql.execution.QueryExecution$.withInternalError(QueryExecution.scala:654)
[2025-07-07T06:30:54.614+0000] {spark_submit.py:634} INFO - at org.apache.spark.sql.execution.QueryExecution.$anonfun$executePhase$1(QueryExecution.scala:278)
[2025-07-07T06:30:54.614+0000] {spark_submit.py:634} INFO - at org.apache.spark.sql.SparkSession.withActive(SparkSession.scala:804)
[2025-07-07T06:30:54.614+0000] {spark_submit.py:634} INFO - at org.apache.spark.sql.execution.QueryExecution.executePhase(QueryExecution.scala:277)
[2025-07-07T06:30:54.614+0000] {spark_submit.py:634} INFO - at org.apache.spark.sql.execution.QueryExecution.$anonfun$lazyAnalyzed$1(QueryExecution.scala:110)
[2025-07-07T06:30:54.614+0000] {spark_submit.py:634} INFO - at scala.util.Try$.apply(Try.scala:217)
[2025-07-07T06:30:54.614+0000] {spark_submit.py:634} INFO - at org.apache.spark.util.Utils$.doTryWithCallerStacktrace(Utils.scala:1378)
[2025-07-07T06:30:54.614+0000] {spark_submit.py:634} INFO - at org.apache.spark.util.Utils$.getTryWithCallerStacktrace(Utils.scala:1439)
[2025-07-07T06:30:54.614+0000] {spark_submit.py:634} INFO - at org.apache.spark.util.LazyTry.get(LazyTry.scala:58)
[2025-07-07T06:30:54.614+0000] {spark_submit.py:634} INFO - at org.apache.spark.sql.execution.QueryExecution.analyzed(QueryExecution.scala:121)
[2025-07-07T06:30:54.614+0000] {spark_submit.py:634} INFO - at org.apache.spark.sql.execution.QueryExecution.assertAnalyzed(QueryExecution.scala:80)
[2025-07-07T06:30:54.614+0000] {spark_submit.py:634} INFO - at org.apache.spark.sql.classic.Dataset$.$anonfun$ofRows$1(Dataset.scala:115)
[2025-07-07T06:30:54.614+0000] {spark_submit.py:634} INFO - at org.apache.spark.sql.SparkSession.withActive(SparkSession.scala:804)
[2025-07-07T06:30:54.614+0000] {spark_submit.py:634} INFO - at org.apache.spark.sql.classic.Dataset$.ofRows(Dataset.scala:113)
[2025-07-07T06:30:54.614+0000] {spark_submit.py:634} INFO - at org.apache.spark.sql.classic.DataFrameReader.load(DataFrameReader.scala:109)
[2025-07-07T06:30:54.614+0000] {spark_submit.py:634} INFO - at org.apache.spark.sql.classic.DataFrameReader.load(DataFrameReader.scala:58)
[2025-07-07T06:30:54.615+0000] {spark_submit.py:634} INFO - at org.apache.spark.sql.DataFrameReader.parquet(DataFrameReader.scala:457)
[2025-07-07T06:30:54.615+0000] {spark_submit.py:634} INFO - at org.apache.spark.sql.classic.DataFrameReader.parquet(DataFrameReader.scala:306)
[2025-07-07T06:30:54.615+0000] {spark_submit.py:634} INFO - at org.apache.spark.sql.classic.DataFrameReader.parquet(DataFrameReader.scala:58)
[2025-07-07T06:30:54.615+0000] {spark_submit.py:634} INFO - at java.base/jdk.internal.reflect.NativeMethodAccessorImpl.invoke0(Native Method)
[2025-07-07T06:30:54.615+0000] {spark_submit.py:634} INFO - at java.base/jdk.internal.reflect.NativeMethodAccessorImpl.invoke(NativeMethodAccessorImpl.java:77)
[2025-07-07T06:30:54.615+0000] {spark_submit.py:634} INFO - at java.base/jdk.internal.reflect.DelegatingMethodAccessorImpl.invoke(DelegatingMethodAccessorImpl.java:43)
[2025-07-07T06:30:54.615+0000] {spark_submit.py:634} INFO - at java.base/java.lang.reflect.Method.invoke(Method.java:569)
[2025-07-07T06:30:54.615+0000] {spark_submit.py:634} INFO - at py4j.reflection.MethodInvoker.invoke(MethodInvoker.java:244)
[2025-07-07T06:30:54.615+0000] {spark_submit.py:634} INFO - at py4j.reflection.ReflectionEngine.invoke(ReflectionEngine.java:374)
[2025-07-07T06:30:54.615+0000] {spark_submit.py:634} INFO - at py4j.Gateway.invoke(Gateway.java:282)
[2025-07-07T06:30:54.615+0000] {spark_submit.py:634} INFO - at py4j.commands.AbstractCommand.invokeMethod(AbstractCommand.java:132)
[2025-07-07T06:30:54.615+0000] {spark_submit.py:634} INFO - at py4j.commands.CallCommand.execute(CallCommand.java:79)
[2025-07-07T06:30:54.615+0000] {spark_submit.py:634} INFO - at py4j.ClientServerConnection.waitForCommands(ClientServerConnection.java:184)
[2025-07-07T06:30:54.615+0000] {spark_submit.py:634} INFO - at py4j.ClientServerConnection.run(ClientServerConnection.java:108)
[2025-07-07T06:30:54.615+0000] {spark_submit.py:634} INFO - at java.base/java.lang.Thread.run(Thread.java:840)
[2025-07-07T06:30:54.615+0000] {spark_submit.py:634} INFO - Suppressed: org.apache.spark.util.Utils$OriginalTryStackTraceException: Full stacktrace of original doTryWithCallerStacktrace caller
[2025-07-07T06:30:54.615+0000] {spark_submit.py:634} INFO - at org.apache.hadoop.fs.s3a.S3AUtils.translateException(S3AUtils.java:210)
[2025-07-07T06:30:54.615+0000] {spark_submit.py:634} INFO - at org.apache.hadoop.fs.s3a.S3AUtils.translateException(S3AUtils.java:171)
[2025-07-07T06:30:54.615+0000] {spark_submit.py:634} INFO - at org.apache.hadoop.fs.s3a.S3AFileSystem.s3GetFileStatus(S3AFileSystem.java:3648)
[2025-07-07T06:30:54.615+0000] {spark_submit.py:634} INFO - at org.apache.hadoop.fs.s3a.S3AFileSystem.innerGetFileStatus(S3AFileSystem.java:3551)
[2025-07-07T06:30:54.615+0000] {spark_submit.py:634} INFO - at org.apache.hadoop.fs.s3a.S3AFileSystem.lambda$exists$33(S3AFileSystem.java:4530)
[2025-07-07T06:30:54.616+0000] {spark_submit.py:634} INFO - at org.apache.hadoop.fs.statistics.impl.IOStatisticsBinding.invokeTrackingDuration(IOStatisticsBinding.java:547)
[2025-07-07T06:30:54.616+0000] {spark_submit.py:634} INFO - at org.apache.hadoop.fs.statistics.impl.IOStatisticsBinding.lambda$trackDurationOfOperation$5(IOStatisticsBinding.java:528)
[2025-07-07T06:30:54.616+0000] {spark_submit.py:634} INFO - at org.apache.hadoop.fs.statistics.impl.IOStatisticsBinding.trackDuration(IOStatisticsBinding.java:449)
[2025-07-07T06:30:54.616+0000] {spark_submit.py:634} INFO - at org.apache.hadoop.fs.s3a.S3AFileSystem.trackDurationAndSpan(S3AFileSystem.java:2401)
[2025-07-07T06:30:54.616+0000] {spark_submit.py:634} INFO - at org.apache.hadoop.fs.s3a.S3AFileSystem.trackDurationAndSpan(S3AFileSystem.java:2420)
[2025-07-07T06:30:54.616+0000] {spark_submit.py:634} INFO - at org.apache.hadoop.fs.s3a.S3AFileSystem.exists(S3AFileSystem.java:4528)
[2025-07-07T06:30:54.616+0000] {spark_submit.py:634} INFO - at org.apache.spark.sql.execution.datasources.DataSource$.$anonfun$checkAndGlobPathIfNecessary$4(DataSource.scala:809)
[2025-07-07T06:30:54.616+0000] {spark_submit.py:634} INFO - at org.apache.spark.sql.execution.datasources.DataSource$.$anonfun$checkAndGlobPathIfNecessary$4$adapted(DataSource.scala:807)
[2025-07-07T06:30:54.616+0000] {spark_submit.py:634} INFO - at ... run in separate thread using org.apache.spark.util.ThreadUtils ... ()
[2025-07-07T06:30:54.616+0000] {spark_submit.py:634} INFO - at org.apache.spark.sql.execution.datasources.DataSource$.checkAndGlobPathIfNecessary(DataSource.scala:814)
[2025-07-07T06:30:54.616+0000] {spark_submit.py:634} INFO - at org.apache.spark.sql.execution.datasources.DataSource.checkAndGlobPathIfNecessary(DataSource.scala:575)
[2025-07-07T06:30:54.616+0000] {spark_submit.py:634} INFO - at org.apache.spark.sql.execution.datasources.DataSource.resolveRelation(DataSource.scala:419)
[2025-07-07T06:30:54.616+0000] {spark_submit.py:634} INFO - at org.apache.spark.sql.catalyst.analysis.ResolveDataSource.org$apache$spark$sql$catalyst$analysis$ResolveDataSource$$loadV1BatchSource(ResolveDataSource.scala:143)
[2025-07-07T06:30:54.616+0000] {spark_submit.py:634} INFO - at org.apache.spark.sql.catalyst.analysis.ResolveDataSource$$anonfun$apply$1.$anonfun$applyOrElse$2(ResolveDataSource.scala:61)
[2025-07-07T06:30:54.616+0000] {spark_submit.py:634} INFO - at scala.Option.getOrElse(Option.scala:201)
[2025-07-07T06:30:54.616+0000] {spark_submit.py:634} INFO - at org.apache.spark.sql.catalyst.analysis.ResolveDataSource$$anonfun$apply$1.applyOrElse(ResolveDataSource.scala:61)
[2025-07-07T06:30:54.616+0000] {spark_submit.py:634} INFO - at org.apache.spark.sql.catalyst.analysis.ResolveDataSource$$anonfun$apply$1.applyOrElse(ResolveDataSource.scala:45)
[2025-07-07T06:30:54.616+0000] {spark_submit.py:634} INFO - at org.apache.spark.sql.catalyst.plans.logical.AnalysisHelper.$anonfun$resolveOperatorsUpWithPruning$3(AnalysisHelper.scala:139)
[2025-07-07T06:30:54.616+0000] {spark_submit.py:634} INFO - at org.apache.spark.sql.catalyst.trees.CurrentOrigin$.withOrigin(origin.scala:86)
[2025-07-07T06:30:54.616+0000] {spark_submit.py:634} INFO - at org.apache.spark.sql.catalyst.plans.logical.AnalysisHelper.$anonfun$resolveOperatorsUpWithPruning$1(AnalysisHelper.scala:139)
[2025-07-07T06:30:54.616+0000] {spark_submit.py:634} INFO - at org.apache.spark.sql.catalyst.plans.logical.AnalysisHelper$.allowInvokingTransformsInAnalyzer(AnalysisHelper.scala:416)
[2025-07-07T06:30:54.616+0000] {spark_submit.py:634} INFO - at org.apache.spark.sql.catalyst.plans.logical.AnalysisHelper.resolveOperatorsUpWithPruning(AnalysisHelper.scala:135)
[2025-07-07T06:30:54.617+0000] {spark_submit.py:634} INFO - at org.apache.spark.sql.catalyst.plans.logical.AnalysisHelper.resolveOperatorsUpWithPruning$(AnalysisHelper.scala:131)
[2025-07-07T06:30:54.617+0000] {spark_submit.py:634} INFO - at org.apache.spark.sql.catalyst.plans.logical.LogicalPlan.resolveOperatorsUpWithPruning(LogicalPlan.scala:37)
[2025-07-07T06:30:54.617+0000] {spark_submit.py:634} INFO - at org.apache.spark.sql.catalyst.plans.logical.AnalysisHelper.resolveOperatorsUp(AnalysisHelper.scala:112)
[2025-07-07T06:30:54.617+0000] {spark_submit.py:634} INFO - at org.apache.spark.sql.catalyst.plans.logical.AnalysisHelper.resolveOperatorsUp$(AnalysisHelper.scala:111)
[2025-07-07T06:30:54.617+0000] {spark_submit.py:634} INFO - at org.apache.spark.sql.catalyst.plans.logical.LogicalPlan.resolveOperatorsUp(LogicalPlan.scala:37)
[2025-07-07T06:30:54.617+0000] {spark_submit.py:634} INFO - at org.apache.spark.sql.catalyst.analysis.ResolveDataSource.apply(ResolveDataSource.scala:45)
[2025-07-07T06:30:54.617+0000] {spark_submit.py:634} INFO - at org.apache.spark.sql.catalyst.analysis.ResolveDataSource.apply(ResolveDataSource.scala:43)
[2025-07-07T06:30:54.617+0000] {spark_submit.py:634} INFO - at org.apache.spark.sql.catalyst.rules.RuleExecutor.$anonfun$execute$2(RuleExecutor.scala:242)
[2025-07-07T06:30:54.617+0000] {spark_submit.py:634} INFO - at scala.collection.LinearSeqOps.foldLeft(LinearSeq.scala:183)
[2025-07-07T06:30:54.617+0000] {spark_submit.py:634} INFO - at scala.collection.LinearSeqOps.foldLeft$(LinearSeq.scala:179)
[2025-07-07T06:30:54.617+0000] {spark_submit.py:634} INFO - at scala.collection.immutable.List.foldLeft(List.scala:79)
[2025-07-07T06:30:54.617+0000] {spark_submit.py:634} INFO - at org.apache.spark.sql.catalyst.rules.RuleExecutor.$anonfun$execute$1(RuleExecutor.scala:239)
[2025-07-07T06:30:54.617+0000] {spark_submit.py:634} INFO - at org.apache.spark.sql.catalyst.rules.RuleExecutor.$anonfun$execute$1$adapted(RuleExecutor.scala:231)
[2025-07-07T06:30:54.617+0000] {spark_submit.py:634} INFO - at scala.collection.immutable.List.foreach(List.scala:334)
[2025-07-07T06:30:54.617+0000] {spark_submit.py:634} INFO - at org.apache.spark.sql.catalyst.rules.RuleExecutor.execute(RuleExecutor.scala:231)
[2025-07-07T06:30:54.617+0000] {spark_submit.py:634} INFO - at org.apache.spark.sql.catalyst.analysis.Analyzer.org$apache$spark$sql$catalyst$analysis$Analyzer$$executeSameContext(Analyzer.scala:290)
[2025-07-07T06:30:54.617+0000] {spark_submit.py:634} INFO - at org.apache.spark.sql.catalyst.analysis.Analyzer.$anonfun$execute$1(Analyzer.scala:286)
[2025-07-07T06:30:54.617+0000] {spark_submit.py:634} INFO - at org.apache.spark.sql.catalyst.analysis.AnalysisContext$.withNewAnalysisContext(Analyzer.scala:234)
[2025-07-07T06:30:54.617+0000] {spark_submit.py:634} INFO - at org.apache.spark.sql.catalyst.analysis.Analyzer.execute(Analyzer.scala:286)
[2025-07-07T06:30:54.617+0000] {spark_submit.py:634} INFO - at org.apache.spark.sql.catalyst.analysis.Analyzer.execute(Analyzer.scala:249)
[2025-07-07T06:30:54.617+0000] {spark_submit.py:634} INFO - at org.apache.spark.sql.catalyst.rules.RuleExecutor.$anonfun$executeAndTrack$1(RuleExecutor.scala:201)
[2025-07-07T06:30:54.617+0000] {spark_submit.py:634} INFO - at org.apache.spark.sql.catalyst.QueryPlanningTracker$.withTracker(QueryPlanningTracker.scala:89)
[2025-07-07T06:30:54.618+0000] {spark_submit.py:634} INFO - at org.apache.spark.sql.catalyst.rules.RuleExecutor.executeAndTrack(RuleExecutor.scala:201)
[2025-07-07T06:30:54.618+0000] {spark_submit.py:634} INFO - at org.apache.spark.sql.catalyst.analysis.resolver.HybridAnalyzer.resolveInFixedPoint(HybridAnalyzer.scala:190)
[2025-07-07T06:30:54.618+0000] {spark_submit.py:634} INFO - at org.apache.spark.sql.catalyst.analysis.resolver.HybridAnalyzer.$anonfun$apply$1(HybridAnalyzer.scala:76)
[2025-07-07T06:30:54.618+0000] {spark_submit.py:634} INFO - at org.apache.spark.sql.catalyst.analysis.resolver.HybridAnalyzer.withTrackedAnalyzerBridgeState(HybridAnalyzer.scala:111)
[2025-07-07T06:30:54.618+0000] {spark_submit.py:634} INFO - at org.apache.spark.sql.catalyst.analysis.resolver.HybridAnalyzer.apply(HybridAnalyzer.scala:71)
[2025-07-07T06:30:54.618+0000] {spark_submit.py:634} INFO - at org.apache.spark.sql.catalyst.analysis.Analyzer.$anonfun$executeAndCheck$1(Analyzer.scala:280)
[2025-07-07T06:30:54.618+0000] {spark_submit.py:634} INFO - at org.apache.spark.sql.catalyst.plans.logical.AnalysisHelper$.markInAnalyzer(AnalysisHelper.scala:423)
[2025-07-07T06:30:54.618+0000] {spark_submit.py:634} INFO - at org.apache.spark.sql.catalyst.analysis.Analyzer.executeAndCheck(Analyzer.scala:280)
[2025-07-07T06:30:54.618+0000] {spark_submit.py:634} INFO - at org.apache.spark.sql.execution.QueryExecution.$anonfun$lazyAnalyzed$2(QueryExecution.scala:110)
[2025-07-07T06:30:54.618+0000] {spark_submit.py:634} INFO - at org.apache.spark.sql.catalyst.QueryPlanningTracker.measurePhase(QueryPlanningTracker.scala:148)
[2025-07-07T06:30:54.618+0000] {spark_submit.py:634} INFO - at org.apache.spark.sql.execution.QueryExecution.$anonfun$executePhase$2(QueryExecution.scala:278)
[2025-07-07T06:30:54.618+0000] {spark_submit.py:634} INFO - at org.apache.spark.sql.execution.QueryExecution$.withInternalError(QueryExecution.scala:654)
[2025-07-07T06:30:54.618+0000] {spark_submit.py:634} INFO - at org.apache.spark.sql.execution.QueryExecution.$anonfun$executePhase$1(QueryExecution.scala:278)
[2025-07-07T06:30:54.618+0000] {spark_submit.py:634} INFO - at org.apache.spark.sql.SparkSession.withActive(SparkSession.scala:804)
[2025-07-07T06:30:54.618+0000] {spark_submit.py:634} INFO - at org.apache.spark.sql.execution.QueryExecution.executePhase(QueryExecution.scala:277)
[2025-07-07T06:30:54.618+0000] {spark_submit.py:634} INFO - at org.apache.spark.sql.execution.QueryExecution.$anonfun$lazyAnalyzed$1(QueryExecution.scala:110)
[2025-07-07T06:30:54.618+0000] {spark_submit.py:634} INFO - at scala.util.Try$.apply(Try.scala:217)
[2025-07-07T06:30:54.618+0000] {spark_submit.py:634} INFO - at org.apache.spark.util.Utils$.doTryWithCallerStacktrace(Utils.scala:1378)
[2025-07-07T06:30:54.618+0000] {spark_submit.py:634} INFO - at org.apache.spark.util.LazyTry.tryT$lzycompute(LazyTry.scala:46)
[2025-07-07T06:30:54.618+0000] {spark_submit.py:634} INFO - at org.apache.spark.util.LazyTry.tryT(LazyTry.scala:46)
[2025-07-07T06:30:54.618+0000] {spark_submit.py:634} INFO - ... 23 more
[2025-07-07T06:30:54.618+0000] {spark_submit.py:634} INFO - Caused by: com.amazonaws.SdkClientException: Unable to execute HTTP request: Connect to minio:9200 [minio/172.21.0.3] failed: Connection refused
[2025-07-07T06:30:54.619+0000] {spark_submit.py:634} INFO - at com.amazonaws.http.AmazonHttpClient$RequestExecutor.handleRetryableException(AmazonHttpClient.java:1219)
[2025-07-07T06:30:54.619+0000] {spark_submit.py:634} INFO - at com.amazonaws.http.AmazonHttpClient$RequestExecutor.executeHelper(AmazonHttpClient.java:1165)
[2025-07-07T06:30:54.619+0000] {spark_submit.py:634} INFO - at com.amazonaws.http.AmazonHttpClient$RequestExecutor.doExecute(AmazonHttpClient.java:814)
[2025-07-07T06:30:54.619+0000] {spark_submit.py:634} INFO - at com.amazonaws.http.AmazonHttpClient$RequestExecutor.executeWithTimer(AmazonHttpClient.java:781)
[2025-07-07T06:30:54.619+0000] {spark_submit.py:634} INFO - at com.amazonaws.http.AmazonHttpClient$RequestExecutor.execute(AmazonHttpClient.java:755)
[2025-07-07T06:30:54.619+0000] {spark_submit.py:634} INFO - at com.amazonaws.http.AmazonHttpClient$RequestExecutor.access$500(AmazonHttpClient.java:715)
[2025-07-07T06:30:54.619+0000] {spark_submit.py:634} INFO - at com.amazonaws.http.AmazonHttpClient$RequestExecutionBuilderImpl.execute(AmazonHttpClient.java:697)
[2025-07-07T06:30:54.619+0000] {spark_submit.py:634} INFO - at com.amazonaws.http.AmazonHttpClient.execute(AmazonHttpClient.java:561)
[2025-07-07T06:30:54.619+0000] {spark_submit.py:634} INFO - at com.amazonaws.http.AmazonHttpClient.execute(AmazonHttpClient.java:541)
[2025-07-07T06:30:54.619+0000] {spark_submit.py:634} INFO - at com.amazonaws.services.s3.AmazonS3Client.invoke(AmazonS3Client.java:5456)
[2025-07-07T06:30:54.619+0000] {spark_submit.py:634} INFO - at com.amazonaws.services.s3.AmazonS3Client.invoke(AmazonS3Client.java:5403)
[2025-07-07T06:30:54.619+0000] {spark_submit.py:634} INFO - at com.amazonaws.services.s3.AmazonS3Client.getObjectMetadata(AmazonS3Client.java:1372)
[2025-07-07T06:30:54.619+0000] {spark_submit.py:634} INFO - at org.apache.hadoop.fs.s3a.S3AFileSystem.lambda$getObjectMetadata$11(S3AFileSystem.java:2571)
[2025-07-07T06:30:54.619+0000] {spark_submit.py:634} INFO - at org.apache.hadoop.fs.s3a.Invoker.retryUntranslated(Invoker.java:468)
[2025-07-07T06:30:54.619+0000] {spark_submit.py:634} INFO - at org.apache.hadoop.fs.s3a.Invoker.retryUntranslated(Invoker.java:431)
[2025-07-07T06:30:54.619+0000] {spark_submit.py:634} INFO - at org.apache.hadoop.fs.s3a.S3AFileSystem.getObjectMetadata(S3AFileSystem.java:2559)
[2025-07-07T06:30:54.619+0000] {spark_submit.py:634} INFO - at org.apache.hadoop.fs.s3a.S3AFileSystem.getObjectMetadata(S3AFileSystem.java:2539)
[2025-07-07T06:30:54.619+0000] {spark_submit.py:634} INFO - at org.apache.hadoop.fs.s3a.S3AFileSystem.s3GetFileStatus(S3AFileSystem.java:3623)
[2025-07-07T06:30:54.619+0000] {spark_submit.py:634} INFO - at org.apache.hadoop.fs.s3a.S3AFileSystem.innerGetFileStatus(S3AFileSystem.java:3551)
[2025-07-07T06:30:54.619+0000] {spark_submit.py:634} INFO - at org.apache.hadoop.fs.s3a.S3AFileSystem.lambda$exists$33(S3AFileSystem.java:4530)
[2025-07-07T06:30:54.619+0000] {spark_submit.py:634} INFO - at org.apache.hadoop.fs.statistics.impl.IOStatisticsBinding.invokeTrackingDuration(IOStatisticsBinding.java:547)
[2025-07-07T06:30:54.619+0000] {spark_submit.py:634} INFO - at org.apache.hadoop.fs.statistics.impl.IOStatisticsBinding.lambda$trackDurationOfOperation$5(IOStatisticsBinding.java:528)
[2025-07-07T06:30:54.620+0000] {spark_submit.py:634} INFO - at org.apache.hadoop.fs.statistics.impl.IOStatisticsBinding.trackDuration(IOStatisticsBinding.java:449)
[2025-07-07T06:30:54.620+0000] {spark_submit.py:634} INFO - at org.apache.hadoop.fs.s3a.S3AFileSystem.trackDurationAndSpan(S3AFileSystem.java:2401)
[2025-07-07T06:30:54.620+0000] {spark_submit.py:634} INFO - at org.apache.hadoop.fs.s3a.S3AFileSystem.trackDurationAndSpan(S3AFileSystem.java:2420)
[2025-07-07T06:30:54.620+0000] {spark_submit.py:634} INFO - at org.apache.hadoop.fs.s3a.S3AFileSystem.exists(S3AFileSystem.java:4528)
[2025-07-07T06:30:54.620+0000] {spark_submit.py:634} INFO - at org.apache.spark.sql.execution.datasources.DataSource$.$anonfun$checkAndGlobPathIfNecessary$4(DataSource.scala:809)
[2025-07-07T06:30:54.620+0000] {spark_submit.py:634} INFO - at org.apache.spark.sql.execution.datasources.DataSource$.$anonfun$checkAndGlobPathIfNecessary$4$adapted(DataSource.scala:807)
[2025-07-07T06:30:54.620+0000] {spark_submit.py:634} INFO - at org.apache.spark.util.ThreadUtils$.$anonfun$parmap$2(ThreadUtils.scala:416)
[2025-07-07T06:30:54.620+0000] {spark_submit.py:634} INFO - at scala.concurrent.Future$.$anonfun$apply$1(Future.scala:687)
[2025-07-07T06:30:54.620+0000] {spark_submit.py:634} INFO - at scala.concurrent.impl.Promise$Transformation.run(Promise.scala:467)
[2025-07-07T06:30:54.620+0000] {spark_submit.py:634} INFO - at java.base/java.util.concurrent.ForkJoinTask$RunnableExecuteAction.exec(ForkJoinTask.java:1395)
[2025-07-07T06:30:54.620+0000] {spark_submit.py:634} INFO - at java.base/java.util.concurrent.ForkJoinTask.doExec(ForkJoinTask.java:373)
[2025-07-07T06:30:54.620+0000] {spark_submit.py:634} INFO - at java.base/java.util.concurrent.ForkJoinPool$WorkQueue.topLevelExec(ForkJoinPool.java:1182)
[2025-07-07T06:30:54.620+0000] {spark_submit.py:634} INFO - at java.base/java.util.concurrent.ForkJoinPool.scan(ForkJoinPool.java:1655)
[2025-07-07T06:30:54.620+0000] {spark_submit.py:634} INFO - at java.base/java.util.concurrent.ForkJoinPool.runWorker(ForkJoinPool.java:1622)
[2025-07-07T06:30:54.620+0000] {spark_submit.py:634} INFO - at java.base/java.util.concurrent.ForkJoinWorkerThread.run(ForkJoinWorkerThread.java:165)
[2025-07-07T06:30:54.620+0000] {spark_submit.py:634} INFO - Caused by: com.amazonaws.thirdparty.apache.http.conn.HttpHostConnectException: Connect to minio:9200 [minio/172.21.0.3] failed: Connection refused
[2025-07-07T06:30:54.620+0000] {spark_submit.py:634} INFO - at com.amazonaws.thirdparty.apache.http.impl.conn.DefaultHttpClientConnectionOperator.connect(DefaultHttpClientConnectionOperator.java:156)
[2025-07-07T06:30:54.620+0000] {spark_submit.py:634} INFO - at com.amazonaws.thirdparty.apache.http.impl.conn.PoolingHttpClientConnectionManager.connect(PoolingHttpClientConnectionManager.java:376)
[2025-07-07T06:30:54.620+0000] {spark_submit.py:634} INFO - at jdk.internal.reflect.GeneratedMethodAccessor24.invoke(Unknown Source)
[2025-07-07T06:30:54.620+0000] {spark_submit.py:634} INFO - at java.base/jdk.internal.reflect.DelegatingMethodAccessorImpl.invoke(DelegatingMethodAccessorImpl.java:43)
[2025-07-07T06:30:54.620+0000] {spark_submit.py:634} INFO - at java.base/java.lang.reflect.Method.invoke(Method.java:569)
[2025-07-07T06:30:54.620+0000] {spark_submit.py:634} INFO - at com.amazonaws.http.conn.ClientConnectionManagerFactory$Handler.invoke(ClientConnectionManagerFactory.java:76)
[2025-07-07T06:30:54.620+0000] {spark_submit.py:634} INFO - at com.amazonaws.http.conn.$Proxy44.connect(Unknown Source)
[2025-07-07T06:30:54.621+0000] {spark_submit.py:634} INFO - at com.amazonaws.thirdparty.apache.http.impl.execchain.MainClientExec.establishRoute(MainClientExec.java:393)
[2025-07-07T06:30:54.621+0000] {spark_submit.py:634} INFO - at com.amazonaws.thirdparty.apache.http.impl.execchain.MainClientExec.execute(MainClientExec.java:236)
[2025-07-07T06:30:54.621+0000] {spark_submit.py:634} INFO - at com.amazonaws.thirdparty.apache.http.impl.execchain.ProtocolExec.execute(ProtocolExec.java:186)
[2025-07-07T06:30:54.621+0000] {spark_submit.py:634} INFO - at com.amazonaws.thirdparty.apache.http.impl.client.InternalHttpClient.doExecute(InternalHttpClient.java:185)
[2025-07-07T06:30:54.621+0000] {spark_submit.py:634} INFO - at com.amazonaws.thirdparty.apache.http.impl.client.CloseableHttpClient.execute(CloseableHttpClient.java:83)
[2025-07-07T06:30:54.621+0000] {spark_submit.py:634} INFO - at com.amazonaws.thirdparty.apache.http.impl.client.CloseableHttpClient.execute(CloseableHttpClient.java:56)
[2025-07-07T06:30:54.621+0000] {spark_submit.py:634} INFO - at com.amazonaws.http.apache.client.impl.SdkHttpClient.execute(SdkHttpClient.java:72)
[2025-07-07T06:30:54.621+0000] {spark_submit.py:634} INFO - at com.amazonaws.http.AmazonHttpClient$RequestExecutor.executeOneRequest(AmazonHttpClient.java:1346)
[2025-07-07T06:30:54.621+0000] {spark_submit.py:634} INFO - at com.amazonaws.http.AmazonHttpClient$RequestExecutor.executeHelper(AmazonHttpClient.java:1157)
[2025-07-07T06:30:54.621+0000] {spark_submit.py:634} INFO - ... 35 more
[2025-07-07T06:30:54.621+0000] {spark_submit.py:634} INFO - Caused by: java.net.ConnectException: Connection refused
[2025-07-07T06:30:54.621+0000] {spark_submit.py:634} INFO - at java.base/sun.nio.ch.Net.pollConnect(Native Method)
[2025-07-07T06:30:54.621+0000] {spark_submit.py:634} INFO - at java.base/sun.nio.ch.Net.pollConnectNow(Net.java:672)
[2025-07-07T06:30:54.621+0000] {spark_submit.py:634} INFO - at java.base/sun.nio.ch.NioSocketImpl.timedFinishConnect(NioSocketImpl.java:547)
[2025-07-07T06:30:54.621+0000] {spark_submit.py:634} INFO - at java.base/sun.nio.ch.NioSocketImpl.connect(NioSocketImpl.java:602)
[2025-07-07T06:30:54.621+0000] {spark_submit.py:634} INFO - at java.base/java.net.SocksSocketImpl.connect(SocksSocketImpl.java:327)
[2025-07-07T06:30:54.621+0000] {spark_submit.py:634} INFO - at java.base/java.net.Socket.connect(Socket.java:633)
[2025-07-07T06:30:54.621+0000] {spark_submit.py:634} INFO - at com.amazonaws.thirdparty.apache.http.conn.socket.PlainConnectionSocketFactory.connectSocket(PlainConnectionSocketFactory.java:75)
[2025-07-07T06:30:54.621+0000] {spark_submit.py:634} INFO - at com.amazonaws.thirdparty.apache.http.impl.conn.DefaultHttpClientConnectionOperator.connect(DefaultHttpClientConnectionOperator.java:142)
[2025-07-07T06:30:54.621+0000] {spark_submit.py:634} INFO - ... 50 more
[2025-07-07T06:30:54.621+0000] {spark_submit.py:634} INFO - 
[2025-07-07T06:30:54.845+0000] {taskinstance.py:441} INFO - ::group::Post task execution logs
[2025-07-07T06:30:54.852+0000] {taskinstance.py:2890} ERROR - Task failed with exception
Traceback (most recent call last):
  File "/home/airflow/.local/lib/python3.11/site-packages/airflow/models/taskinstance.py", line 465, in _execute_task
    result = _execute_callable(context=context, **execute_callable_kwargs)
             ^^^^^^^^^^^^^^^^^^^^^^^^^^^^^^^^^^^^^^^^^^^^^^^^^^^^^^^^^^^^^
  File "/home/airflow/.local/lib/python3.11/site-packages/airflow/models/taskinstance.py", line 432, in _execute_callable
    return execute_callable(context=context, **execute_callable_kwargs)
           ^^^^^^^^^^^^^^^^^^^^^^^^^^^^^^^^^^^^^^^^^^^^^^^^^^^^^^^^^^^^
  File "/home/airflow/.local/lib/python3.11/site-packages/airflow/models/baseoperator.py", line 400, in wrapper
    return func(self, *args, **kwargs)
           ^^^^^^^^^^^^^^^^^^^^^^^^^^^
  File "/home/airflow/.local/lib/python3.11/site-packages/airflow/providers/apache/spark/operators/spark_submit.py", line 176, in execute
    self._hook.submit(self.application)
  File "/home/airflow/.local/lib/python3.11/site-packages/airflow/providers/apache/spark/hooks/spark_submit.py", line 560, in submit
    raise AirflowException(
airflow.exceptions.AirflowException: Cannot execute: spark-submit --master spark://spark-master:7077:7077 --packages com.clickhouse:clickhouse-jdbc:0.6.4,org.apache.httpcomponents.client5:httpclient5:5.3.1,org.apache.hadoop:hadoop-aws:3.3.5,com.amazonaws:aws-java-sdk-bundle:1.11.1026 --name arrow-spark --deploy-mode client /opt/***/spark_project/src/spark/spark_main_minio_automatic.py. Error code is: 1.
[2025-07-07T06:30:54.854+0000] {taskinstance.py:1205} INFO - Marking task as FAILED. dag_id=my_spark_inline, task_id=spark_write_data, execution_date=20250707T041227, start_date=20250707T062650, end_date=20250707T063054
[2025-07-07T06:30:54.860+0000] {standard_task_runner.py:110} ERROR - Failed to execute job 138 for task spark_write_data (Cannot execute: spark-submit --master spark://spark-master:7077:7077 --packages com.clickhouse:clickhouse-jdbc:0.6.4,org.apache.httpcomponents.client5:httpclient5:5.3.1,org.apache.hadoop:hadoop-aws:3.3.5,com.amazonaws:aws-java-sdk-bundle:1.11.1026 --name arrow-spark --deploy-mode client /opt/***/spark_project/src/spark/spark_main_minio_automatic.py. Error code is: 1.; 1255)
[2025-07-07T06:30:54.881+0000] {local_task_job_runner.py:240} INFO - Task exited with return code 1
[2025-07-07T06:30:54.891+0000] {taskinstance.py:3482} INFO - 0 downstream tasks scheduled from follow-on schedule check
[2025-07-07T06:30:54.892+0000] {local_task_job_runner.py:222} INFO - ::endgroup::
