[2025-07-07T06:18:31.815+0000] {local_task_job_runner.py:120} INFO - ::group::Pre task execution logs
[2025-07-07T06:18:31.835+0000] {taskinstance.py:2073} INFO - Dependencies all met for dep_context=non-requeueable deps ti=<TaskInstance: my_spark_inline.spark_write_data manual__2025-07-07T04:12:27.341159+00:00 [queued]>
[2025-07-07T06:18:31.936+0000] {taskinstance.py:2073} INFO - Dependencies all met for dep_context=requeueable deps ti=<TaskInstance: my_spark_inline.spark_write_data manual__2025-07-07T04:12:27.341159+00:00 [queued]>
[2025-07-07T06:18:31.937+0000] {taskinstance.py:2303} INFO - Starting attempt 9 of 9
[2025-07-07T06:18:31.952+0000] {taskinstance.py:2327} INFO - Executing <Task(SparkSubmitOperator): spark_write_data> on 2025-07-07 04:12:27.341159+00:00
[2025-07-07T06:18:31.957+0000] {standard_task_runner.py:63} INFO - Started process 701 to run task
[2025-07-07T06:18:31.959+0000] {standard_task_runner.py:90} INFO - Running: ['***', 'tasks', 'run', 'my_spark_inline', 'spark_write_data', 'manual__2025-07-07T04:12:27.341159+00:00', '--job-id', '136', '--raw', '--subdir', 'DAGS_FOLDER/test_spark.py', '--cfg-path', '/tmp/tmpv18w874j']
[2025-07-07T06:18:31.960+0000] {standard_task_runner.py:91} INFO - Job 136: Subtask spark_write_data
[2025-07-07T06:18:31.975+0000] {logging_mixin.py:188} WARNING - /home/***/.local/lib/python3.11/site-packages/***/settings.py:195 DeprecationWarning: The sql_alchemy_conn option in [core] has been moved to the sql_alchemy_conn option in [database] - the old setting has been used, but please update your config.
[2025-07-07T06:18:31.997+0000] {task_command.py:426} INFO - Running <TaskInstance: my_spark_inline.spark_write_data manual__2025-07-07T04:12:27.341159+00:00 [running]> on host 34b334fe6b50
[2025-07-07T06:18:32.056+0000] {taskinstance.py:2644} INFO - Exporting env vars: AIRFLOW_CTX_DAG_OWNER='***' AIRFLOW_CTX_DAG_ID='my_spark_inline' AIRFLOW_CTX_TASK_ID='spark_write_data' AIRFLOW_CTX_EXECUTION_DATE='2025-07-07T04:12:27.341159+00:00' AIRFLOW_CTX_TRY_NUMBER='9' AIRFLOW_CTX_DAG_RUN_ID='manual__2025-07-07T04:12:27.341159+00:00'
[2025-07-07T06:18:32.057+0000] {taskinstance.py:430} INFO - ::endgroup::
[2025-07-07T06:18:32.080+0000] {base.py:84} INFO - Using connection ID 'spark-master' for task execution.
[2025-07-07T06:18:32.081+0000] {spark_submit.py:473} INFO - Spark-Submit cmd: spark-submit --master spark://spark-master:7077:7077 --packages com.clickhouse:clickhouse-jdbc:0.6.4,org.apache.httpcomponents.client5:httpclient5:5.3.1,org.apache.hadoop:hadoop-aws:3.3.5,com.amazonaws:aws-java-sdk-bundle:1.11.1026 --name arrow-spark --deploy-mode client /opt/***/spark_project/src/spark/spark_main_minio_automatic.py
[2025-07-07T06:18:32.315+0000] {spark_submit.py:634} INFO - WARNING: Using incubator modules: jdk.incubator.vector
[2025-07-07T06:18:33.642+0000] {spark_submit.py:634} INFO - :: loading settings :: url = jar:file:/home/***/.local/lib/python3.11/site-packages/pyspark/jars/ivy-2.5.3.jar!/org/apache/ivy/core/settings/ivysettings.xml
[2025-07-07T06:18:33.727+0000] {spark_submit.py:634} INFO - Ivy Default Cache set to: /home/***/.ivy2.5.2/cache
[2025-07-07T06:18:33.728+0000] {spark_submit.py:634} INFO - The jars for the packages stored in: /home/***/.ivy2.5.2/jars
[2025-07-07T06:18:33.730+0000] {spark_submit.py:634} INFO - com.clickhouse#clickhouse-jdbc added as a dependency
[2025-07-07T06:18:33.730+0000] {spark_submit.py:634} INFO - org.apache.httpcomponents.client5#httpclient5 added as a dependency
[2025-07-07T06:18:33.730+0000] {spark_submit.py:634} INFO - org.apache.hadoop#hadoop-aws added as a dependency
[2025-07-07T06:18:33.730+0000] {spark_submit.py:634} INFO - com.amazonaws#aws-java-sdk-bundle added as a dependency
[2025-07-07T06:18:33.731+0000] {spark_submit.py:634} INFO - :: resolving dependencies :: org.apache.spark#spark-submit-parent-f25763a1-a1ec-49a5-8d36-384949d37b88;1.0
[2025-07-07T06:18:33.731+0000] {spark_submit.py:634} INFO - confs: [default]
[2025-07-07T06:18:35.531+0000] {spark_submit.py:634} INFO - found com.clickhouse#clickhouse-jdbc;0.6.4 in central
[2025-07-07T06:18:41.725+0000] {spark_submit.py:634} INFO - found org.apache.httpcomponents.client5#httpclient5;5.3.1 in central
[2025-07-07T06:18:44.591+0000] {spark_submit.py:634} INFO - found org.apache.httpcomponents.core5#httpcore5;5.2.4 in central
[2025-07-07T06:18:45.270+0000] {spark_submit.py:634} INFO - found org.apache.httpcomponents.core5#httpcore5-h2;5.2.4 in central
[2025-07-07T06:18:47.348+0000] {spark_submit.py:634} INFO - found org.slf4j#slf4j-api;1.7.36 in central
[2025-07-07T06:18:51.265+0000] {spark_submit.py:634} INFO - found org.apache.hadoop#hadoop-aws;3.3.5 in central
[2025-07-07T06:18:53.403+0000] {spark_submit.py:634} INFO - found com.amazonaws#aws-java-sdk-bundle;1.12.316 in central
[2025-07-07T06:18:57.180+0000] {spark_submit.py:634} INFO - found org.wildfly.openssl#wildfly-openssl;1.1.3.Final in central
[2025-07-07T06:18:57.529+0000] {spark_submit.py:634} INFO - downloading https://repo1.maven.org/maven2/com/clickhouse/clickhouse-jdbc/0.6.4/clickhouse-jdbc-0.6.4.jar ...
[2025-07-07T06:19:00.912+0000] {spark_submit.py:634} INFO - [SUCCESSFUL ] com.clickhouse#clickhouse-jdbc;0.6.4!clickhouse-jdbc.jar (3726ms)
[2025-07-07T06:19:01.170+0000] {spark_submit.py:634} INFO - downloading https://repo1.maven.org/maven2/org/apache/httpcomponents/client5/httpclient5/5.3.1/httpclient5-5.3.1.jar ...
[2025-07-07T06:19:03.053+0000] {spark_submit.py:634} INFO - [SUCCESSFUL ] org.apache.httpcomponents.client5#httpclient5;5.3.1!httpclient5.jar (2140ms)
[2025-07-07T06:19:03.336+0000] {spark_submit.py:634} INFO - downloading https://repo1.maven.org/maven2/org/apache/hadoop/hadoop-aws/3.3.5/hadoop-aws-3.3.5.jar ...
[2025-07-07T06:19:04.496+0000] {spark_submit.py:634} INFO - [SUCCESSFUL ] org.apache.hadoop#hadoop-aws;3.3.5!hadoop-aws.jar (1442ms)
[2025-07-07T06:19:04.715+0000] {spark_submit.py:634} INFO - downloading https://repo1.maven.org/maven2/org/apache/httpcomponents/core5/httpcore5/5.2.4/httpcore5-5.2.4.jar ...
[2025-07-07T06:19:05.763+0000] {spark_submit.py:634} INFO - [SUCCESSFUL ] org.apache.httpcomponents.core5#httpcore5;5.2.4!httpcore5.jar (1266ms)
[2025-07-07T06:19:06.000+0000] {spark_submit.py:634} INFO - downloading https://repo1.maven.org/maven2/org/apache/httpcomponents/core5/httpcore5-h2/5.2.4/httpcore5-h2-5.2.4.jar ...
[2025-07-07T06:19:06.389+0000] {spark_submit.py:634} INFO - [SUCCESSFUL ] org.apache.httpcomponents.core5#httpcore5-h2;5.2.4!httpcore5-h2.jar (625ms)
[2025-07-07T06:19:06.702+0000] {spark_submit.py:634} INFO - downloading https://repo1.maven.org/maven2/org/slf4j/slf4j-api/1.7.36/slf4j-api-1.7.36.jar ...
[2025-07-07T06:19:06.962+0000] {spark_submit.py:634} INFO - [SUCCESSFUL ] org.slf4j#slf4j-api;1.7.36!slf4j-api.jar (572ms)
[2025-07-07T06:19:11.915+0000] {spark_submit.py:634} INFO - downloading https://repo1.maven.org/maven2/com/amazonaws/aws-java-sdk-bundle/1.12.316/aws-java-sdk-bundle-1.12.316.jar ...
[2025-07-07T06:23:37.969+0000] {spark_submit.py:634} INFO - [SUCCESSFUL ] com.amazonaws#aws-java-sdk-bundle;1.12.316!aws-java-sdk-bundle.jar (271006ms)
[2025-07-07T06:23:38.296+0000] {spark_submit.py:634} INFO - downloading https://repo1.maven.org/maven2/org/wildfly/openssl/wildfly-openssl/1.1.3.Final/wildfly-openssl-1.1.3.Final.jar ...
[2025-07-07T06:23:38.632+0000] {spark_submit.py:634} INFO - [SUCCESSFUL ] org.wildfly.openssl#wildfly-openssl;1.1.3.Final!wildfly-openssl.jar (661ms)
[2025-07-07T06:23:38.632+0000] {spark_submit.py:634} INFO - :: resolution report :: resolve 23454ms :: artifacts dl 281448ms
[2025-07-07T06:23:38.633+0000] {spark_submit.py:634} INFO - :: modules in use:
[2025-07-07T06:23:38.633+0000] {spark_submit.py:634} INFO - com.amazonaws#aws-java-sdk-bundle;1.12.316 from central in [default]
[2025-07-07T06:23:38.633+0000] {spark_submit.py:634} INFO - com.clickhouse#clickhouse-jdbc;0.6.4 from central in [default]
[2025-07-07T06:23:38.634+0000] {spark_submit.py:634} INFO - org.apache.hadoop#hadoop-aws;3.3.5 from central in [default]
[2025-07-07T06:23:38.634+0000] {spark_submit.py:634} INFO - org.apache.httpcomponents.client5#httpclient5;5.3.1 from central in [default]
[2025-07-07T06:23:38.634+0000] {spark_submit.py:634} INFO - org.apache.httpcomponents.core5#httpcore5;5.2.4 from central in [default]
[2025-07-07T06:23:38.634+0000] {spark_submit.py:634} INFO - org.apache.httpcomponents.core5#httpcore5-h2;5.2.4 from central in [default]
[2025-07-07T06:23:38.634+0000] {spark_submit.py:634} INFO - org.slf4j#slf4j-api;1.7.36 from central in [default]
[2025-07-07T06:23:38.635+0000] {spark_submit.py:634} INFO - org.wildfly.openssl#wildfly-openssl;1.1.3.Final from central in [default]
[2025-07-07T06:23:38.635+0000] {spark_submit.py:634} INFO - :: evicted modules:
[2025-07-07T06:23:38.635+0000] {spark_submit.py:634} INFO - com.amazonaws#aws-java-sdk-bundle;1.11.1026 by [com.amazonaws#aws-java-sdk-bundle;1.12.316] in [default]
[2025-07-07T06:23:38.635+0000] {spark_submit.py:634} INFO - ---------------------------------------------------------------------
[2025-07-07T06:23:38.635+0000] {spark_submit.py:634} INFO - |                  |            modules            ||   artifacts   |
[2025-07-07T06:23:38.635+0000] {spark_submit.py:634} INFO - |       conf       | number| search|dwnlded|evicted|| number|dwnlded|
[2025-07-07T06:23:38.635+0000] {spark_submit.py:634} INFO - ---------------------------------------------------------------------
[2025-07-07T06:23:38.635+0000] {spark_submit.py:634} INFO - |      default     |   9   |   8   |   8   |   1   ||   8   |   8   |
[2025-07-07T06:23:38.635+0000] {spark_submit.py:634} INFO - ---------------------------------------------------------------------
[2025-07-07T06:23:38.641+0000] {spark_submit.py:634} INFO - :: retrieving :: org.apache.spark#spark-submit-parent-f25763a1-a1ec-49a5-8d36-384949d37b88
[2025-07-07T06:23:38.641+0000] {spark_submit.py:634} INFO - confs: [default]
[2025-07-07T06:23:38.782+0000] {spark_submit.py:634} INFO - 8 artifacts copied, 0 already retrieved (287272kB/141ms)
[2025-07-07T06:23:39.034+0000] {spark_submit.py:634} INFO - 25/07/07 06:23:39 WARN NativeCodeLoader: Unable to load native-hadoop library for your platform... using builtin-java classes where applicable
[2025-07-07T06:23:41.022+0000] {spark_submit.py:634} INFO - Using Spark's default log4j profile: org/apache/spark/log4j2-defaults.properties
[2025-07-07T06:23:41.025+0000] {spark_submit.py:634} INFO - 25/07/07 06:23:41 INFO SparkContext: Running Spark version 4.0.0
[2025-07-07T06:23:41.026+0000] {spark_submit.py:634} INFO - 25/07/07 06:23:41 INFO SparkContext: OS info Linux, 6.8.0-60-generic, amd64
[2025-07-07T06:23:41.027+0000] {spark_submit.py:634} INFO - 25/07/07 06:23:41 INFO SparkContext: Java version 17.0.15
[2025-07-07T06:23:41.040+0000] {spark_submit.py:634} INFO - 25/07/07 06:23:41 INFO ResourceUtils: ==============================================================
[2025-07-07T06:23:41.040+0000] {spark_submit.py:634} INFO - 25/07/07 06:23:41 INFO ResourceUtils: No custom resources configured for spark.driver.
[2025-07-07T06:23:41.040+0000] {spark_submit.py:634} INFO - 25/07/07 06:23:41 INFO ResourceUtils: ==============================================================
[2025-07-07T06:23:41.040+0000] {spark_submit.py:634} INFO - 25/07/07 06:23:41 INFO SparkContext: Submitted application: thanhdz
[2025-07-07T06:23:41.054+0000] {spark_submit.py:634} INFO - 25/07/07 06:23:41 INFO ResourceProfile: Default ResourceProfile created, executor resources: Map(cores -> name: cores, amount: 2, script: , vendor: , memory -> name: memory, amount: 1024, script: , vendor: , offHeap -> name: offHeap, amount: 0, script: , vendor: ), task resources: Map(cpus -> name: cpus, amount: 1.0)
[2025-07-07T06:23:41.109+0000] {spark_submit.py:634} INFO - 25/07/07 06:23:41 INFO ResourceProfile: Limiting resource is cpus at 2 tasks per executor
[2025-07-07T06:23:41.111+0000] {spark_submit.py:634} INFO - 25/07/07 06:23:41 INFO ResourceProfileManager: Added ResourceProfile id: 0
[2025-07-07T06:23:41.137+0000] {spark_submit.py:634} INFO - 25/07/07 06:23:41 INFO SecurityManager: Changing view acls to: ***
[2025-07-07T06:23:41.137+0000] {spark_submit.py:634} INFO - 25/07/07 06:23:41 INFO SecurityManager: Changing modify acls to: ***
[2025-07-07T06:23:41.137+0000] {spark_submit.py:634} INFO - 25/07/07 06:23:41 INFO SecurityManager: Changing view acls groups to: ***
[2025-07-07T06:23:41.137+0000] {spark_submit.py:634} INFO - 25/07/07 06:23:41 INFO SecurityManager: Changing modify acls groups to: ***
[2025-07-07T06:23:41.138+0000] {spark_submit.py:634} INFO - 25/07/07 06:23:41 INFO SecurityManager: SecurityManager: authentication disabled; ui acls disabled; users with view permissions: *** groups with view permissions: EMPTY; users with modify permissions: ***; groups with modify permissions: EMPTY; RPC SSL disabled
[2025-07-07T06:23:41.355+0000] {spark_submit.py:634} INFO - 25/07/07 06:23:41 INFO Utils: Successfully started service 'sparkDriver' on port 34907.
[2025-07-07T06:23:41.415+0000] {spark_submit.py:634} INFO - 25/07/07 06:23:41 INFO SparkEnv: Registering MapOutputTracker
[2025-07-07T06:23:41.422+0000] {spark_submit.py:634} INFO - 25/07/07 06:23:41 INFO SparkEnv: Registering BlockManagerMaster
[2025-07-07T06:23:41.429+0000] {spark_submit.py:634} INFO - 25/07/07 06:23:41 INFO BlockManagerMasterEndpoint: Using org.apache.spark.storage.DefaultTopologyMapper for getting topology information
[2025-07-07T06:23:41.429+0000] {spark_submit.py:634} INFO - 25/07/07 06:23:41 INFO BlockManagerMasterEndpoint: BlockManagerMasterEndpoint up
[2025-07-07T06:23:41.431+0000] {spark_submit.py:634} INFO - 25/07/07 06:23:41 INFO SparkEnv: Registering BlockManagerMasterHeartbeat
[2025-07-07T06:23:41.444+0000] {spark_submit.py:634} INFO - 25/07/07 06:23:41 INFO DiskBlockManager: Created local directory at /tmp/blockmgr-548213f1-c7e1-4066-8b3d-dc69d9faf7d7
[2025-07-07T06:23:41.518+0000] {spark_submit.py:634} INFO - 25/07/07 06:23:41 INFO SparkEnv: Registering OutputCommitCoordinator
[2025-07-07T06:23:41.638+0000] {spark_submit.py:634} INFO - 25/07/07 06:23:41 INFO JettyUtils: Start Jetty 0.0.0.0:4040 for SparkUI
[2025-07-07T06:23:41.765+0000] {spark_submit.py:634} INFO - 25/07/07 06:23:41 INFO Utils: Successfully started service 'SparkUI' on port 4040.
[2025-07-07T06:23:41.822+0000] {spark_submit.py:634} INFO - 25/07/07 06:23:41 INFO SparkContext: Added JAR file:///home/***/.ivy2.5.2/jars/com.clickhouse_clickhouse-jdbc-0.6.4.jar at spark://34b334fe6b50:34907/jars/com.clickhouse_clickhouse-jdbc-0.6.4.jar with timestamp 1751869421018
[2025-07-07T06:23:41.822+0000] {spark_submit.py:634} INFO - 25/07/07 06:23:41 INFO SparkContext: Added JAR file:///home/***/.ivy2.5.2/jars/org.apache.httpcomponents.client5_httpclient5-5.3.1.jar at spark://34b334fe6b50:34907/jars/org.apache.httpcomponents.client5_httpclient5-5.3.1.jar with timestamp 1751869421018
[2025-07-07T06:23:41.822+0000] {spark_submit.py:634} INFO - 25/07/07 06:23:41 INFO SparkContext: Added JAR file:///home/***/.ivy2.5.2/jars/org.apache.hadoop_hadoop-aws-3.3.5.jar at spark://34b334fe6b50:34907/jars/org.apache.hadoop_hadoop-aws-3.3.5.jar with timestamp 1751869421018
[2025-07-07T06:23:41.822+0000] {spark_submit.py:634} INFO - 25/07/07 06:23:41 INFO SparkContext: Added JAR file:///home/***/.ivy2.5.2/jars/org.apache.httpcomponents.core5_httpcore5-5.2.4.jar at spark://34b334fe6b50:34907/jars/org.apache.httpcomponents.core5_httpcore5-5.2.4.jar with timestamp 1751869421018
[2025-07-07T06:23:41.822+0000] {spark_submit.py:634} INFO - 25/07/07 06:23:41 INFO SparkContext: Added JAR file:///home/***/.ivy2.5.2/jars/org.apache.httpcomponents.core5_httpcore5-h2-5.2.4.jar at spark://34b334fe6b50:34907/jars/org.apache.httpcomponents.core5_httpcore5-h2-5.2.4.jar with timestamp 1751869421018
[2025-07-07T06:23:41.823+0000] {spark_submit.py:634} INFO - 25/07/07 06:23:41 INFO SparkContext: Added JAR file:///home/***/.ivy2.5.2/jars/org.slf4j_slf4j-api-1.7.36.jar at spark://34b334fe6b50:34907/jars/org.slf4j_slf4j-api-1.7.36.jar with timestamp 1751869421018
[2025-07-07T06:23:41.823+0000] {spark_submit.py:634} INFO - 25/07/07 06:23:41 INFO SparkContext: Added JAR file:///home/***/.ivy2.5.2/jars/com.amazonaws_aws-java-sdk-bundle-1.12.316.jar at spark://34b334fe6b50:34907/jars/com.amazonaws_aws-java-sdk-bundle-1.12.316.jar with timestamp 1751869421018
[2025-07-07T06:23:41.823+0000] {spark_submit.py:634} INFO - 25/07/07 06:23:41 INFO SparkContext: Added JAR file:///home/***/.ivy2.5.2/jars/org.wildfly.openssl_wildfly-openssl-1.1.3.Final.jar at spark://34b334fe6b50:34907/jars/org.wildfly.openssl_wildfly-openssl-1.1.3.Final.jar with timestamp 1751869421018
[2025-07-07T06:23:41.824+0000] {spark_submit.py:634} INFO - 25/07/07 06:23:41 INFO SparkContext: Added file file:///home/***/.ivy2.5.2/jars/com.clickhouse_clickhouse-jdbc-0.6.4.jar at spark://34b334fe6b50:34907/files/com.clickhouse_clickhouse-jdbc-0.6.4.jar with timestamp 1751869421018
[2025-07-07T06:23:41.825+0000] {spark_submit.py:634} INFO - 25/07/07 06:23:41 INFO Utils: Copying /home/***/.ivy2.5.2/jars/com.clickhouse_clickhouse-jdbc-0.6.4.jar to /tmp/spark-88b37444-9398-4b48-96f1-6ff227fc3608/userFiles-d891b842-3d22-49d4-970f-4432fda9cbcf/com.clickhouse_clickhouse-jdbc-0.6.4.jar
[2025-07-07T06:23:41.834+0000] {spark_submit.py:634} INFO - 25/07/07 06:23:41 INFO SparkContext: Added file file:///home/***/.ivy2.5.2/jars/org.apache.httpcomponents.client5_httpclient5-5.3.1.jar at spark://34b334fe6b50:34907/files/org.apache.httpcomponents.client5_httpclient5-5.3.1.jar with timestamp 1751869421018
[2025-07-07T06:23:41.834+0000] {spark_submit.py:634} INFO - 25/07/07 06:23:41 INFO Utils: Copying /home/***/.ivy2.5.2/jars/org.apache.httpcomponents.client5_httpclient5-5.3.1.jar to /tmp/spark-88b37444-9398-4b48-96f1-6ff227fc3608/userFiles-d891b842-3d22-49d4-970f-4432fda9cbcf/org.apache.httpcomponents.client5_httpclient5-5.3.1.jar
[2025-07-07T06:23:41.839+0000] {spark_submit.py:634} INFO - 25/07/07 06:23:41 INFO SparkContext: Added file file:///home/***/.ivy2.5.2/jars/org.apache.hadoop_hadoop-aws-3.3.5.jar at spark://34b334fe6b50:34907/files/org.apache.hadoop_hadoop-aws-3.3.5.jar with timestamp 1751869421018
[2025-07-07T06:23:41.840+0000] {spark_submit.py:634} INFO - 25/07/07 06:23:41 INFO Utils: Copying /home/***/.ivy2.5.2/jars/org.apache.hadoop_hadoop-aws-3.3.5.jar to /tmp/spark-88b37444-9398-4b48-96f1-6ff227fc3608/userFiles-d891b842-3d22-49d4-970f-4432fda9cbcf/org.apache.hadoop_hadoop-aws-3.3.5.jar
[2025-07-07T06:23:41.911+0000] {spark_submit.py:634} INFO - 25/07/07 06:23:41 INFO SparkContext: Added file file:///home/***/.ivy2.5.2/jars/org.apache.httpcomponents.core5_httpcore5-5.2.4.jar at spark://34b334fe6b50:34907/files/org.apache.httpcomponents.core5_httpcore5-5.2.4.jar with timestamp 1751869421018
[2025-07-07T06:23:41.911+0000] {spark_submit.py:634} INFO - 25/07/07 06:23:41 INFO Utils: Copying /home/***/.ivy2.5.2/jars/org.apache.httpcomponents.core5_httpcore5-5.2.4.jar to /tmp/spark-88b37444-9398-4b48-96f1-6ff227fc3608/userFiles-d891b842-3d22-49d4-970f-4432fda9cbcf/org.apache.httpcomponents.core5_httpcore5-5.2.4.jar
[2025-07-07T06:23:41.916+0000] {spark_submit.py:634} INFO - 25/07/07 06:23:41 INFO SparkContext: Added file file:///home/***/.ivy2.5.2/jars/org.apache.httpcomponents.core5_httpcore5-h2-5.2.4.jar at spark://34b334fe6b50:34907/files/org.apache.httpcomponents.core5_httpcore5-h2-5.2.4.jar with timestamp 1751869421018
[2025-07-07T06:23:41.916+0000] {spark_submit.py:634} INFO - 25/07/07 06:23:41 INFO Utils: Copying /home/***/.ivy2.5.2/jars/org.apache.httpcomponents.core5_httpcore5-h2-5.2.4.jar to /tmp/spark-88b37444-9398-4b48-96f1-6ff227fc3608/userFiles-d891b842-3d22-49d4-970f-4432fda9cbcf/org.apache.httpcomponents.core5_httpcore5-h2-5.2.4.jar
[2025-07-07T06:23:41.919+0000] {spark_submit.py:634} INFO - 25/07/07 06:23:41 INFO SparkContext: Added file file:///home/***/.ivy2.5.2/jars/org.slf4j_slf4j-api-1.7.36.jar at spark://34b334fe6b50:34907/files/org.slf4j_slf4j-api-1.7.36.jar with timestamp 1751869421018
[2025-07-07T06:23:41.919+0000] {spark_submit.py:634} INFO - 25/07/07 06:23:41 INFO Utils: Copying /home/***/.ivy2.5.2/jars/org.slf4j_slf4j-api-1.7.36.jar to /tmp/spark-88b37444-9398-4b48-96f1-6ff227fc3608/userFiles-d891b842-3d22-49d4-970f-4432fda9cbcf/org.slf4j_slf4j-api-1.7.36.jar
[2025-07-07T06:23:41.923+0000] {spark_submit.py:634} INFO - 25/07/07 06:23:41 INFO SparkContext: Added file file:///home/***/.ivy2.5.2/jars/com.amazonaws_aws-java-sdk-bundle-1.12.316.jar at spark://34b334fe6b50:34907/files/com.amazonaws_aws-java-sdk-bundle-1.12.316.jar with timestamp 1751869421018
[2025-07-07T06:23:41.923+0000] {spark_submit.py:634} INFO - 25/07/07 06:23:41 INFO Utils: Copying /home/***/.ivy2.5.2/jars/com.amazonaws_aws-java-sdk-bundle-1.12.316.jar to /tmp/spark-88b37444-9398-4b48-96f1-6ff227fc3608/userFiles-d891b842-3d22-49d4-970f-4432fda9cbcf/com.amazonaws_aws-java-sdk-bundle-1.12.316.jar
[2025-07-07T06:23:42.070+0000] {spark_submit.py:634} INFO - 25/07/07 06:23:42 INFO SparkContext: Added file file:///home/***/.ivy2.5.2/jars/org.wildfly.openssl_wildfly-openssl-1.1.3.Final.jar at spark://34b334fe6b50:34907/files/org.wildfly.openssl_wildfly-openssl-1.1.3.Final.jar with timestamp 1751869421018
[2025-07-07T06:23:42.070+0000] {spark_submit.py:634} INFO - 25/07/07 06:23:42 INFO Utils: Copying /home/***/.ivy2.5.2/jars/org.wildfly.openssl_wildfly-openssl-1.1.3.Final.jar to /tmp/spark-88b37444-9398-4b48-96f1-6ff227fc3608/userFiles-d891b842-3d22-49d4-970f-4432fda9cbcf/org.wildfly.openssl_wildfly-openssl-1.1.3.Final.jar
[2025-07-07T06:23:42.088+0000] {spark_submit.py:634} INFO - 25/07/07 06:23:42 INFO SecurityManager: Changing view acls to: ***
[2025-07-07T06:23:42.089+0000] {spark_submit.py:634} INFO - 25/07/07 06:23:42 INFO SecurityManager: Changing modify acls to: ***
[2025-07-07T06:23:42.089+0000] {spark_submit.py:634} INFO - 25/07/07 06:23:42 INFO SecurityManager: Changing view acls groups to: ***
[2025-07-07T06:23:42.089+0000] {spark_submit.py:634} INFO - 25/07/07 06:23:42 INFO SecurityManager: Changing modify acls groups to: ***
[2025-07-07T06:23:42.089+0000] {spark_submit.py:634} INFO - 25/07/07 06:23:42 INFO SecurityManager: SecurityManager: authentication disabled; ui acls disabled; users with view permissions: *** groups with view permissions: EMPTY; users with modify permissions: ***; groups with modify permissions: EMPTY; RPC SSL disabled
[2025-07-07T06:23:42.244+0000] {spark_submit.py:634} INFO - 25/07/07 06:23:42 INFO StandaloneAppClient$ClientEndpoint: Connecting to master spark://spark-master:7077...
[2025-07-07T06:23:42.335+0000] {spark_submit.py:634} INFO - 25/07/07 06:23:42 INFO TransportClientFactory: Successfully created connection to spark-master/172.21.0.2:7077 after 15 ms (0 ms spent in bootstraps)
[2025-07-07T06:23:42.409+0000] {spark_submit.py:634} INFO - 25/07/07 06:23:42 INFO StandaloneSchedulerBackend: Connected to Spark cluster with app ID app-20250707062342-0000
[2025-07-07T06:23:42.410+0000] {spark_submit.py:634} INFO - 25/07/07 06:23:42 INFO StandaloneAppClient$ClientEndpoint: Executor added: app-20250707062342-0000/0 on worker-20250707060603-172.21.0.7-41279 (172.21.0.7:41279) with 2 core(s)
[2025-07-07T06:23:42.412+0000] {spark_submit.py:634} INFO - 25/07/07 06:23:42 INFO StandaloneSchedulerBackend: Granted executor ID app-20250707062342-0000/0 on hostPort 172.21.0.7:41279 with 2 core(s), 1024.0 MiB RAM
[2025-07-07T06:23:42.413+0000] {spark_submit.py:634} INFO - 25/07/07 06:23:42 INFO Utils: Successfully started service 'org.apache.spark.network.netty.NettyBlockTransferService' on port 33843.
[2025-07-07T06:23:42.414+0000] {spark_submit.py:634} INFO - 25/07/07 06:23:42 INFO NettyBlockTransferService: Server created on 34b334fe6b50:33843
[2025-07-07T06:23:42.415+0000] {spark_submit.py:634} INFO - 25/07/07 06:23:42 INFO BlockManager: Using org.apache.spark.storage.RandomBlockReplicationPolicy for block replication policy
[2025-07-07T06:23:42.423+0000] {spark_submit.py:634} INFO - 25/07/07 06:23:42 INFO BlockManagerMaster: Registering BlockManager BlockManagerId(driver, 34b334fe6b50, 33843, None)
[2025-07-07T06:23:42.426+0000] {spark_submit.py:634} INFO - 25/07/07 06:23:42 INFO BlockManagerMasterEndpoint: Registering block manager 34b334fe6b50:33843 with 413.9 MiB RAM, BlockManagerId(driver, 34b334fe6b50, 33843, None)
[2025-07-07T06:23:42.428+0000] {spark_submit.py:634} INFO - 25/07/07 06:23:42 INFO BlockManagerMaster: Registered BlockManager BlockManagerId(driver, 34b334fe6b50, 33843, None)
[2025-07-07T06:23:42.429+0000] {spark_submit.py:634} INFO - 25/07/07 06:23:42 INFO BlockManager: Initialized BlockManager: BlockManagerId(driver, 34b334fe6b50, 33843, None)
[2025-07-07T06:23:42.513+0000] {spark_submit.py:634} INFO - 25/07/07 06:23:42 INFO StandaloneAppClient$ClientEndpoint: Executor updated: app-20250707062342-0000/0 is now RUNNING
[2025-07-07T06:23:42.827+0000] {spark_submit.py:634} INFO - 25/07/07 06:23:42 INFO StandaloneSchedulerBackend: SchedulerBackend is ready for scheduling beginning after reached minRegisteredResourcesRatio: 0.0
[2025-07-07T06:23:43.822+0000] {spark_submit.py:634} INFO - 25/07/07 06:23:43 INFO StandaloneSchedulerBackend$StandaloneDriverEndpoint: Registered executor NettyRpcEndpointRef(spark-client://Executor) (172.21.0.7:55916) with ID 0, ResourceProfileId 0
[2025-07-07T06:23:43.907+0000] {spark_submit.py:634} INFO - 25/07/07 06:23:43 INFO BlockManagerMasterEndpoint: Registering block manager 172.21.0.7:45695 with 434.4 MiB RAM, BlockManagerId(0, 172.21.0.7, 45695, None)
[2025-07-07T06:23:46.335+0000] {spark_submit.py:634} INFO - 25/07/07 06:23:46 WARN MetricsConfig: Cannot locate configuration: tried hadoop-metrics2-s3a-file-system.properties,hadoop-metrics2.properties
[2025-07-07T06:25:56.794+0000] {spark_submit.py:634} INFO - 25/07/07 06:25:56 WARN FileStreamSink: Assume no metadata directory. Error while looking for metadata directory in the path: s3a://hasaki-datalake/ga4-data/1.parquet.
[2025-07-07T06:25:56.795+0000] {spark_submit.py:634} INFO - org.apache.hadoop.fs.s3a.AWSClientIOException: getFileStatus on s3a://hasaki-datalake/ga4-data/1.parquet: com.amazonaws.SdkClientException: Unable to execute HTTP request: Connect to localhost:9200 [localhost/127.0.0.1, localhost/0:0:0:0:0:0:0:1] failed: Connection refused: Unable to execute HTTP request: Connect to localhost:9200 [localhost/127.0.0.1, localhost/0:0:0:0:0:0:0:1] failed: Connection refused
[2025-07-07T06:25:56.795+0000] {spark_submit.py:634} INFO - at org.apache.hadoop.fs.s3a.S3AUtils.translateException(S3AUtils.java:210)
[2025-07-07T06:25:56.795+0000] {spark_submit.py:634} INFO - at org.apache.hadoop.fs.s3a.S3AUtils.translateException(S3AUtils.java:171)
[2025-07-07T06:25:56.795+0000] {spark_submit.py:634} INFO - at org.apache.hadoop.fs.s3a.S3AFileSystem.s3GetFileStatus(S3AFileSystem.java:3648)
[2025-07-07T06:25:56.796+0000] {spark_submit.py:634} INFO - at org.apache.hadoop.fs.s3a.S3AFileSystem.innerGetFileStatus(S3AFileSystem.java:3551)
[2025-07-07T06:25:56.796+0000] {spark_submit.py:634} INFO - at org.apache.hadoop.fs.s3a.S3AFileSystem.lambda$getFileStatus$24(S3AFileSystem.java:3528)
[2025-07-07T06:25:56.796+0000] {spark_submit.py:634} INFO - at org.apache.hadoop.fs.statistics.impl.IOStatisticsBinding.invokeTrackingDuration(IOStatisticsBinding.java:547)
[2025-07-07T06:25:56.796+0000] {spark_submit.py:634} INFO - at org.apache.hadoop.fs.statistics.impl.IOStatisticsBinding.lambda$trackDurationOfOperation$5(IOStatisticsBinding.java:528)
[2025-07-07T06:25:56.796+0000] {spark_submit.py:634} INFO - at org.apache.hadoop.fs.statistics.impl.IOStatisticsBinding.trackDuration(IOStatisticsBinding.java:449)
[2025-07-07T06:25:56.796+0000] {spark_submit.py:634} INFO - at org.apache.hadoop.fs.s3a.S3AFileSystem.trackDurationAndSpan(S3AFileSystem.java:2401)
[2025-07-07T06:25:56.796+0000] {spark_submit.py:634} INFO - at org.apache.hadoop.fs.s3a.S3AFileSystem.trackDurationAndSpan(S3AFileSystem.java:2420)
[2025-07-07T06:25:56.796+0000] {spark_submit.py:634} INFO - at org.apache.hadoop.fs.s3a.S3AFileSystem.getFileStatus(S3AFileSystem.java:3526)
[2025-07-07T06:25:56.797+0000] {spark_submit.py:634} INFO - at org.apache.spark.sql.execution.streaming.FileStreamSink$.hasMetadata(FileStreamSink.scala:56)
[2025-07-07T06:25:56.797+0000] {spark_submit.py:634} INFO - at org.apache.spark.sql.execution.datasources.DataSource.resolveRelation(DataSource.scala:381)
[2025-07-07T06:25:56.797+0000] {spark_submit.py:634} INFO - at org.apache.spark.sql.catalyst.analysis.ResolveDataSource.org$apache$spark$sql$catalyst$analysis$ResolveDataSource$$loadV1BatchSource(ResolveDataSource.scala:143)
[2025-07-07T06:25:56.797+0000] {spark_submit.py:634} INFO - at org.apache.spark.sql.catalyst.analysis.ResolveDataSource$$anonfun$apply$1.$anonfun$applyOrElse$2(ResolveDataSource.scala:61)
[2025-07-07T06:25:56.797+0000] {spark_submit.py:634} INFO - at scala.Option.getOrElse(Option.scala:201)
[2025-07-07T06:25:56.797+0000] {spark_submit.py:634} INFO - at org.apache.spark.sql.catalyst.analysis.ResolveDataSource$$anonfun$apply$1.applyOrElse(ResolveDataSource.scala:61)
[2025-07-07T06:25:56.797+0000] {spark_submit.py:634} INFO - at org.apache.spark.sql.catalyst.analysis.ResolveDataSource$$anonfun$apply$1.applyOrElse(ResolveDataSource.scala:45)
[2025-07-07T06:25:56.797+0000] {spark_submit.py:634} INFO - at org.apache.spark.sql.catalyst.plans.logical.AnalysisHelper.$anonfun$resolveOperatorsUpWithPruning$3(AnalysisHelper.scala:139)
[2025-07-07T06:25:56.797+0000] {spark_submit.py:634} INFO - at org.apache.spark.sql.catalyst.trees.CurrentOrigin$.withOrigin(origin.scala:86)
[2025-07-07T06:25:56.798+0000] {spark_submit.py:634} INFO - at org.apache.spark.sql.catalyst.plans.logical.AnalysisHelper.$anonfun$resolveOperatorsUpWithPruning$1(AnalysisHelper.scala:139)
[2025-07-07T06:25:56.798+0000] {spark_submit.py:634} INFO - at org.apache.spark.sql.catalyst.plans.logical.AnalysisHelper$.allowInvokingTransformsInAnalyzer(AnalysisHelper.scala:416)
[2025-07-07T06:25:56.798+0000] {spark_submit.py:634} INFO - at org.apache.spark.sql.catalyst.plans.logical.AnalysisHelper.resolveOperatorsUpWithPruning(AnalysisHelper.scala:135)
[2025-07-07T06:25:56.798+0000] {spark_submit.py:634} INFO - at org.apache.spark.sql.catalyst.plans.logical.AnalysisHelper.resolveOperatorsUpWithPruning$(AnalysisHelper.scala:131)
[2025-07-07T06:25:56.798+0000] {spark_submit.py:634} INFO - at org.apache.spark.sql.catalyst.plans.logical.LogicalPlan.resolveOperatorsUpWithPruning(LogicalPlan.scala:37)
[2025-07-07T06:25:56.798+0000] {spark_submit.py:634} INFO - at org.apache.spark.sql.catalyst.plans.logical.AnalysisHelper.resolveOperatorsUp(AnalysisHelper.scala:112)
[2025-07-07T06:25:56.798+0000] {spark_submit.py:634} INFO - at org.apache.spark.sql.catalyst.plans.logical.AnalysisHelper.resolveOperatorsUp$(AnalysisHelper.scala:111)
[2025-07-07T06:25:56.798+0000] {spark_submit.py:634} INFO - at org.apache.spark.sql.catalyst.plans.logical.LogicalPlan.resolveOperatorsUp(LogicalPlan.scala:37)
[2025-07-07T06:25:56.798+0000] {spark_submit.py:634} INFO - at org.apache.spark.sql.catalyst.analysis.ResolveDataSource.apply(ResolveDataSource.scala:45)
[2025-07-07T06:25:56.798+0000] {spark_submit.py:634} INFO - at org.apache.spark.sql.catalyst.analysis.ResolveDataSource.apply(ResolveDataSource.scala:43)
[2025-07-07T06:25:56.798+0000] {spark_submit.py:634} INFO - at org.apache.spark.sql.catalyst.rules.RuleExecutor.$anonfun$execute$2(RuleExecutor.scala:242)
[2025-07-07T06:25:56.798+0000] {spark_submit.py:634} INFO - at scala.collection.LinearSeqOps.foldLeft(LinearSeq.scala:183)
[2025-07-07T06:25:56.798+0000] {spark_submit.py:634} INFO - at scala.collection.LinearSeqOps.foldLeft$(LinearSeq.scala:179)
[2025-07-07T06:25:56.798+0000] {spark_submit.py:634} INFO - at scala.collection.immutable.List.foldLeft(List.scala:79)
[2025-07-07T06:25:56.798+0000] {spark_submit.py:634} INFO - at org.apache.spark.sql.catalyst.rules.RuleExecutor.$anonfun$execute$1(RuleExecutor.scala:239)
[2025-07-07T06:25:56.798+0000] {spark_submit.py:634} INFO - at org.apache.spark.sql.catalyst.rules.RuleExecutor.$anonfun$execute$1$adapted(RuleExecutor.scala:231)
[2025-07-07T06:25:56.799+0000] {spark_submit.py:634} INFO - at scala.collection.immutable.List.foreach(List.scala:334)
[2025-07-07T06:25:56.799+0000] {spark_submit.py:634} INFO - at org.apache.spark.sql.catalyst.rules.RuleExecutor.execute(RuleExecutor.scala:231)
[2025-07-07T06:25:56.799+0000] {spark_submit.py:634} INFO - at org.apache.spark.sql.catalyst.analysis.Analyzer.org$apache$spark$sql$catalyst$analysis$Analyzer$$executeSameContext(Analyzer.scala:290)
[2025-07-07T06:25:56.799+0000] {spark_submit.py:634} INFO - at org.apache.spark.sql.catalyst.analysis.Analyzer.$anonfun$execute$1(Analyzer.scala:286)
[2025-07-07T06:25:56.799+0000] {spark_submit.py:634} INFO - at org.apache.spark.sql.catalyst.analysis.AnalysisContext$.withNewAnalysisContext(Analyzer.scala:234)
[2025-07-07T06:25:56.799+0000] {spark_submit.py:634} INFO - at org.apache.spark.sql.catalyst.analysis.Analyzer.execute(Analyzer.scala:286)
[2025-07-07T06:25:56.799+0000] {spark_submit.py:634} INFO - at org.apache.spark.sql.catalyst.analysis.Analyzer.execute(Analyzer.scala:249)
[2025-07-07T06:25:56.799+0000] {spark_submit.py:634} INFO - at org.apache.spark.sql.catalyst.rules.RuleExecutor.$anonfun$executeAndTrack$1(RuleExecutor.scala:201)
[2025-07-07T06:25:56.799+0000] {spark_submit.py:634} INFO - at org.apache.spark.sql.catalyst.QueryPlanningTracker$.withTracker(QueryPlanningTracker.scala:89)
[2025-07-07T06:25:56.799+0000] {spark_submit.py:634} INFO - at org.apache.spark.sql.catalyst.rules.RuleExecutor.executeAndTrack(RuleExecutor.scala:201)
[2025-07-07T06:25:56.799+0000] {spark_submit.py:634} INFO - at org.apache.spark.sql.catalyst.analysis.resolver.HybridAnalyzer.resolveInFixedPoint(HybridAnalyzer.scala:190)
[2025-07-07T06:25:56.799+0000] {spark_submit.py:634} INFO - at org.apache.spark.sql.catalyst.analysis.resolver.HybridAnalyzer.$anonfun$apply$1(HybridAnalyzer.scala:76)
[2025-07-07T06:25:56.799+0000] {spark_submit.py:634} INFO - at org.apache.spark.sql.catalyst.analysis.resolver.HybridAnalyzer.withTrackedAnalyzerBridgeState(HybridAnalyzer.scala:111)
[2025-07-07T06:25:56.799+0000] {spark_submit.py:634} INFO - at org.apache.spark.sql.catalyst.analysis.resolver.HybridAnalyzer.apply(HybridAnalyzer.scala:71)
[2025-07-07T06:25:56.799+0000] {spark_submit.py:634} INFO - at org.apache.spark.sql.catalyst.analysis.Analyzer.$anonfun$executeAndCheck$1(Analyzer.scala:280)
[2025-07-07T06:25:56.799+0000] {spark_submit.py:634} INFO - at org.apache.spark.sql.catalyst.plans.logical.AnalysisHelper$.markInAnalyzer(AnalysisHelper.scala:423)
[2025-07-07T06:25:56.799+0000] {spark_submit.py:634} INFO - at org.apache.spark.sql.catalyst.analysis.Analyzer.executeAndCheck(Analyzer.scala:280)
[2025-07-07T06:25:56.799+0000] {spark_submit.py:634} INFO - at org.apache.spark.sql.execution.QueryExecution.$anonfun$lazyAnalyzed$2(QueryExecution.scala:110)
[2025-07-07T06:25:56.800+0000] {spark_submit.py:634} INFO - at org.apache.spark.sql.catalyst.QueryPlanningTracker.measurePhase(QueryPlanningTracker.scala:148)
[2025-07-07T06:25:56.800+0000] {spark_submit.py:634} INFO - at org.apache.spark.sql.execution.QueryExecution.$anonfun$executePhase$2(QueryExecution.scala:278)
[2025-07-07T06:25:56.800+0000] {spark_submit.py:634} INFO - at org.apache.spark.sql.execution.QueryExecution$.withInternalError(QueryExecution.scala:654)
[2025-07-07T06:25:56.800+0000] {spark_submit.py:634} INFO - at org.apache.spark.sql.execution.QueryExecution.$anonfun$executePhase$1(QueryExecution.scala:278)
[2025-07-07T06:25:56.800+0000] {spark_submit.py:634} INFO - at org.apache.spark.sql.SparkSession.withActive(SparkSession.scala:804)
[2025-07-07T06:25:56.800+0000] {spark_submit.py:634} INFO - at org.apache.spark.sql.execution.QueryExecution.executePhase(QueryExecution.scala:277)
[2025-07-07T06:25:56.800+0000] {spark_submit.py:634} INFO - at org.apache.spark.sql.execution.QueryExecution.$anonfun$lazyAnalyzed$1(QueryExecution.scala:110)
[2025-07-07T06:25:56.800+0000] {spark_submit.py:634} INFO - at scala.util.Try$.apply(Try.scala:217)
[2025-07-07T06:25:56.800+0000] {spark_submit.py:634} INFO - at org.apache.spark.util.Utils$.doTryWithCallerStacktrace(Utils.scala:1378)
[2025-07-07T06:25:56.800+0000] {spark_submit.py:634} INFO - at org.apache.spark.util.LazyTry.tryT$lzycompute(LazyTry.scala:46)
[2025-07-07T06:25:56.800+0000] {spark_submit.py:634} INFO - at org.apache.spark.util.LazyTry.tryT(LazyTry.scala:46)
[2025-07-07T06:25:56.800+0000] {spark_submit.py:634} INFO - at org.apache.spark.util.LazyTry.get(LazyTry.scala:58)
[2025-07-07T06:25:56.800+0000] {spark_submit.py:634} INFO - at org.apache.spark.sql.execution.QueryExecution.analyzed(QueryExecution.scala:121)
[2025-07-07T06:25:56.800+0000] {spark_submit.py:634} INFO - at org.apache.spark.sql.execution.QueryExecution.assertAnalyzed(QueryExecution.scala:80)
[2025-07-07T06:25:56.800+0000] {spark_submit.py:634} INFO - at org.apache.spark.sql.classic.Dataset$.$anonfun$ofRows$1(Dataset.scala:115)
[2025-07-07T06:25:56.800+0000] {spark_submit.py:634} INFO - at org.apache.spark.sql.SparkSession.withActive(SparkSession.scala:804)
[2025-07-07T06:25:56.800+0000] {spark_submit.py:634} INFO - at org.apache.spark.sql.classic.Dataset$.ofRows(Dataset.scala:113)
[2025-07-07T06:25:56.800+0000] {spark_submit.py:634} INFO - at org.apache.spark.sql.classic.DataFrameReader.load(DataFrameReader.scala:109)
[2025-07-07T06:25:56.800+0000] {spark_submit.py:634} INFO - at org.apache.spark.sql.classic.DataFrameReader.load(DataFrameReader.scala:58)
[2025-07-07T06:25:56.800+0000] {spark_submit.py:634} INFO - at org.apache.spark.sql.DataFrameReader.parquet(DataFrameReader.scala:457)
[2025-07-07T06:25:56.800+0000] {spark_submit.py:634} INFO - at org.apache.spark.sql.classic.DataFrameReader.parquet(DataFrameReader.scala:306)
[2025-07-07T06:25:56.800+0000] {spark_submit.py:634} INFO - at org.apache.spark.sql.classic.DataFrameReader.parquet(DataFrameReader.scala:58)
[2025-07-07T06:25:56.800+0000] {spark_submit.py:634} INFO - at java.base/jdk.internal.reflect.NativeMethodAccessorImpl.invoke0(Native Method)
[2025-07-07T06:25:56.801+0000] {spark_submit.py:634} INFO - at java.base/jdk.internal.reflect.NativeMethodAccessorImpl.invoke(NativeMethodAccessorImpl.java:77)
[2025-07-07T06:25:56.801+0000] {spark_submit.py:634} INFO - at java.base/jdk.internal.reflect.DelegatingMethodAccessorImpl.invoke(DelegatingMethodAccessorImpl.java:43)
[2025-07-07T06:25:56.801+0000] {spark_submit.py:634} INFO - at java.base/java.lang.reflect.Method.invoke(Method.java:569)
[2025-07-07T06:25:56.801+0000] {spark_submit.py:634} INFO - at py4j.reflection.MethodInvoker.invoke(MethodInvoker.java:244)
[2025-07-07T06:25:56.801+0000] {spark_submit.py:634} INFO - at py4j.reflection.ReflectionEngine.invoke(ReflectionEngine.java:374)
[2025-07-07T06:25:56.801+0000] {spark_submit.py:634} INFO - at py4j.Gateway.invoke(Gateway.java:282)
[2025-07-07T06:25:56.801+0000] {spark_submit.py:634} INFO - at py4j.commands.AbstractCommand.invokeMethod(AbstractCommand.java:132)
[2025-07-07T06:25:56.801+0000] {spark_submit.py:634} INFO - at py4j.commands.CallCommand.execute(CallCommand.java:79)
[2025-07-07T06:25:56.801+0000] {spark_submit.py:634} INFO - at py4j.ClientServerConnection.waitForCommands(ClientServerConnection.java:184)
[2025-07-07T06:25:56.801+0000] {spark_submit.py:634} INFO - at py4j.ClientServerConnection.run(ClientServerConnection.java:108)
[2025-07-07T06:25:56.801+0000] {spark_submit.py:634} INFO - at java.base/java.lang.Thread.run(Thread.java:840)
[2025-07-07T06:25:56.801+0000] {spark_submit.py:634} INFO - Caused by: com.amazonaws.SdkClientException: Unable to execute HTTP request: Connect to localhost:9200 [localhost/127.0.0.1, localhost/0:0:0:0:0:0:0:1] failed: Connection refused
[2025-07-07T06:25:56.801+0000] {spark_submit.py:634} INFO - at com.amazonaws.http.AmazonHttpClient$RequestExecutor.handleRetryableException(AmazonHttpClient.java:1219)
[2025-07-07T06:25:56.801+0000] {spark_submit.py:634} INFO - at com.amazonaws.http.AmazonHttpClient$RequestExecutor.executeHelper(AmazonHttpClient.java:1165)
[2025-07-07T06:25:56.801+0000] {spark_submit.py:634} INFO - at com.amazonaws.http.AmazonHttpClient$RequestExecutor.doExecute(AmazonHttpClient.java:814)
[2025-07-07T06:25:56.801+0000] {spark_submit.py:634} INFO - at com.amazonaws.http.AmazonHttpClient$RequestExecutor.executeWithTimer(AmazonHttpClient.java:781)
[2025-07-07T06:25:56.801+0000] {spark_submit.py:634} INFO - at com.amazonaws.http.AmazonHttpClient$RequestExecutor.execute(AmazonHttpClient.java:755)
[2025-07-07T06:25:56.801+0000] {spark_submit.py:634} INFO - at com.amazonaws.http.AmazonHttpClient$RequestExecutor.access$500(AmazonHttpClient.java:715)
[2025-07-07T06:25:56.801+0000] {spark_submit.py:634} INFO - at com.amazonaws.http.AmazonHttpClient$RequestExecutionBuilderImpl.execute(AmazonHttpClient.java:697)
[2025-07-07T06:25:56.801+0000] {spark_submit.py:634} INFO - at com.amazonaws.http.AmazonHttpClient.execute(AmazonHttpClient.java:561)
[2025-07-07T06:25:56.801+0000] {spark_submit.py:634} INFO - at com.amazonaws.http.AmazonHttpClient.execute(AmazonHttpClient.java:541)
[2025-07-07T06:25:56.802+0000] {spark_submit.py:634} INFO - at com.amazonaws.services.s3.AmazonS3Client.invoke(AmazonS3Client.java:5456)
[2025-07-07T06:25:56.802+0000] {spark_submit.py:634} INFO - at com.amazonaws.services.s3.AmazonS3Client.invoke(AmazonS3Client.java:5403)
[2025-07-07T06:25:56.802+0000] {spark_submit.py:634} INFO - at com.amazonaws.services.s3.AmazonS3Client.getObjectMetadata(AmazonS3Client.java:1372)
[2025-07-07T06:25:56.802+0000] {spark_submit.py:634} INFO - at org.apache.hadoop.fs.s3a.S3AFileSystem.lambda$getObjectMetadata$11(S3AFileSystem.java:2571)
[2025-07-07T06:25:56.802+0000] {spark_submit.py:634} INFO - at org.apache.hadoop.fs.s3a.Invoker.retryUntranslated(Invoker.java:468)
[2025-07-07T06:25:56.802+0000] {spark_submit.py:634} INFO - at org.apache.hadoop.fs.s3a.Invoker.retryUntranslated(Invoker.java:431)
[2025-07-07T06:25:56.802+0000] {spark_submit.py:634} INFO - at org.apache.hadoop.fs.s3a.S3AFileSystem.getObjectMetadata(S3AFileSystem.java:2559)
[2025-07-07T06:25:56.802+0000] {spark_submit.py:634} INFO - at org.apache.hadoop.fs.s3a.S3AFileSystem.getObjectMetadata(S3AFileSystem.java:2539)
[2025-07-07T06:25:56.802+0000] {spark_submit.py:634} INFO - at org.apache.hadoop.fs.s3a.S3AFileSystem.s3GetFileStatus(S3AFileSystem.java:3623)
[2025-07-07T06:25:56.802+0000] {spark_submit.py:634} INFO - ... 85 more
[2025-07-07T06:25:56.802+0000] {spark_submit.py:634} INFO - Caused by: com.amazonaws.thirdparty.apache.http.conn.HttpHostConnectException: Connect to localhost:9200 [localhost/127.0.0.1, localhost/0:0:0:0:0:0:0:1] failed: Connection refused
[2025-07-07T06:25:56.802+0000] {spark_submit.py:634} INFO - at com.amazonaws.thirdparty.apache.http.impl.conn.DefaultHttpClientConnectionOperator.connect(DefaultHttpClientConnectionOperator.java:156)
[2025-07-07T06:25:56.802+0000] {spark_submit.py:634} INFO - at com.amazonaws.thirdparty.apache.http.impl.conn.PoolingHttpClientConnectionManager.connect(PoolingHttpClientConnectionManager.java:376)
[2025-07-07T06:25:56.802+0000] {spark_submit.py:634} INFO - at jdk.internal.reflect.GeneratedMethodAccessor25.invoke(Unknown Source)
[2025-07-07T06:25:56.802+0000] {spark_submit.py:634} INFO - at java.base/jdk.internal.reflect.DelegatingMethodAccessorImpl.invoke(DelegatingMethodAccessorImpl.java:43)
[2025-07-07T06:25:56.802+0000] {spark_submit.py:634} INFO - at java.base/java.lang.reflect.Method.invoke(Method.java:569)
[2025-07-07T06:25:56.802+0000] {spark_submit.py:634} INFO - at com.amazonaws.http.conn.ClientConnectionManagerFactory$Handler.invoke(ClientConnectionManagerFactory.java:76)
[2025-07-07T06:25:56.802+0000] {spark_submit.py:634} INFO - at com.amazonaws.http.conn.$Proxy44.connect(Unknown Source)
[2025-07-07T06:25:56.802+0000] {spark_submit.py:634} INFO - at com.amazonaws.thirdparty.apache.http.impl.execchain.MainClientExec.establishRoute(MainClientExec.java:393)
[2025-07-07T06:25:56.802+0000] {spark_submit.py:634} INFO - at com.amazonaws.thirdparty.apache.http.impl.execchain.MainClientExec.execute(MainClientExec.java:236)
[2025-07-07T06:25:56.802+0000] {spark_submit.py:634} INFO - at com.amazonaws.thirdparty.apache.http.impl.execchain.ProtocolExec.execute(ProtocolExec.java:186)
[2025-07-07T06:25:56.802+0000] {spark_submit.py:634} INFO - at com.amazonaws.thirdparty.apache.http.impl.client.InternalHttpClient.doExecute(InternalHttpClient.java:185)
[2025-07-07T06:25:56.803+0000] {spark_submit.py:634} INFO - at com.amazonaws.thirdparty.apache.http.impl.client.CloseableHttpClient.execute(CloseableHttpClient.java:83)
[2025-07-07T06:25:56.803+0000] {spark_submit.py:634} INFO - at com.amazonaws.thirdparty.apache.http.impl.client.CloseableHttpClient.execute(CloseableHttpClient.java:56)
[2025-07-07T06:25:56.803+0000] {spark_submit.py:634} INFO - at com.amazonaws.http.apache.client.impl.SdkHttpClient.execute(SdkHttpClient.java:72)
[2025-07-07T06:25:56.803+0000] {spark_submit.py:634} INFO - at com.amazonaws.http.AmazonHttpClient$RequestExecutor.executeOneRequest(AmazonHttpClient.java:1346)
[2025-07-07T06:25:56.803+0000] {spark_submit.py:634} INFO - at com.amazonaws.http.AmazonHttpClient$RequestExecutor.executeHelper(AmazonHttpClient.java:1157)
[2025-07-07T06:25:56.803+0000] {spark_submit.py:634} INFO - ... 101 more
[2025-07-07T06:25:56.803+0000] {spark_submit.py:634} INFO - Caused by: java.net.ConnectException: Connection refused
[2025-07-07T06:25:56.803+0000] {spark_submit.py:634} INFO - at java.base/sun.nio.ch.Net.pollConnect(Native Method)
[2025-07-07T06:25:56.803+0000] {spark_submit.py:634} INFO - at java.base/sun.nio.ch.Net.pollConnectNow(Net.java:672)
[2025-07-07T06:25:56.803+0000] {spark_submit.py:634} INFO - at java.base/sun.nio.ch.NioSocketImpl.timedFinishConnect(NioSocketImpl.java:547)
[2025-07-07T06:25:56.803+0000] {spark_submit.py:634} INFO - at java.base/sun.nio.ch.NioSocketImpl.connect(NioSocketImpl.java:602)
[2025-07-07T06:25:56.803+0000] {spark_submit.py:634} INFO - at java.base/java.net.SocksSocketImpl.connect(SocksSocketImpl.java:327)
[2025-07-07T06:25:56.803+0000] {spark_submit.py:634} INFO - at java.base/java.net.Socket.connect(Socket.java:633)
[2025-07-07T06:25:56.803+0000] {spark_submit.py:634} INFO - at com.amazonaws.thirdparty.apache.http.conn.socket.PlainConnectionSocketFactory.connectSocket(PlainConnectionSocketFactory.java:75)
[2025-07-07T06:25:56.803+0000] {spark_submit.py:634} INFO - at com.amazonaws.thirdparty.apache.http.impl.conn.DefaultHttpClientConnectionOperator.connect(DefaultHttpClientConnectionOperator.java:142)
[2025-07-07T06:25:56.803+0000] {spark_submit.py:634} INFO - ... 116 more
[2025-07-07T06:26:41.405+0000] {local_task_job_runner.py:288} WARNING - Recorded pid 1106 does not match the current pid 701
[2025-07-07T06:26:41.406+0000] {local_task_job_runner.py:222} INFO - ::endgroup::
[2025-07-07T06:26:41.409+0000] {process_utils.py:132} INFO - Sending 15 to group 701. PIDs of all processes in the group: [702, 919, 701]
[2025-07-07T06:26:41.409+0000] {process_utils.py:87} INFO - Sending the signal 15 to group 701
[2025-07-07T06:26:41.410+0000] {taskinstance.py:2607} ERROR - Received SIGTERM. Terminating subprocesses.
[2025-07-07T06:26:41.410+0000] {spark_submit.py:760} INFO - Sending kill signal to spark-submit
[2025-07-07T06:26:41.410+0000] {taskinstance.py:441} INFO - ::group::Post task execution logs
[2025-07-07T06:26:41.418+0000] {taskinstance.py:2890} ERROR - Task failed with exception
Traceback (most recent call last):
  File "/home/airflow/.local/lib/python3.11/site-packages/airflow/models/taskinstance.py", line 465, in _execute_task
    result = _execute_callable(context=context, **execute_callable_kwargs)
             ^^^^^^^^^^^^^^^^^^^^^^^^^^^^^^^^^^^^^^^^^^^^^^^^^^^^^^^^^^^^^
  File "/home/airflow/.local/lib/python3.11/site-packages/airflow/models/taskinstance.py", line 432, in _execute_callable
    return execute_callable(context=context, **execute_callable_kwargs)
           ^^^^^^^^^^^^^^^^^^^^^^^^^^^^^^^^^^^^^^^^^^^^^^^^^^^^^^^^^^^^
  File "/home/airflow/.local/lib/python3.11/site-packages/airflow/models/baseoperator.py", line 400, in wrapper
    return func(self, *args, **kwargs)
           ^^^^^^^^^^^^^^^^^^^^^^^^^^^
  File "/home/airflow/.local/lib/python3.11/site-packages/airflow/providers/apache/spark/operators/spark_submit.py", line 176, in execute
    self._hook.submit(self.application)
  File "/home/airflow/.local/lib/python3.11/site-packages/airflow/providers/apache/spark/hooks/spark_submit.py", line 548, in submit
    self._process_spark_submit_log(iter(self._submit_sp.stdout))  # type: ignore
    ^^^^^^^^^^^^^^^^^^^^^^^^^^^^^^^^^^^^^^^^^^^^^^^^^^^^^^^^^^^^
  File "/home/airflow/.local/lib/python3.11/site-packages/airflow/providers/apache/spark/hooks/spark_submit.py", line 597, in _process_spark_submit_log
    for line in itr:
  File "/home/airflow/.local/lib/python3.11/site-packages/airflow/models/taskinstance.py", line 2609, in signal_handler
    raise AirflowTaskTerminated("Task received SIGTERM signal")
airflow.exceptions.AirflowTaskTerminated: Task received SIGTERM signal
[2025-07-07T06:26:41.421+0000] {taskinstance.py:1205} INFO - Marking task as FAILED. dag_id=my_spark_inline, task_id=spark_write_data, execution_date=20250707T041227, start_date=20250707T062637, end_date=20250707T062641
[2025-07-07T06:26:41.436+0000] {process_utils.py:80} INFO - Process psutil.Process(pid=919, status='terminated', started='06:23:38') (919) terminated with exit code None
[2025-07-07T06:26:41.437+0000] {process_utils.py:80} INFO - Process psutil.Process(pid=701, status='terminated', exitcode=2, started='06:18:31') (701) terminated with exit code 2
[2025-07-07T06:26:41.437+0000] {process_utils.py:80} INFO - Process psutil.Process(pid=702, status='terminated', started='06:18:31') (702) terminated with exit code None
