[2025-07-07T06:26:37.369+0000] {local_task_job_runner.py:120} INFO - ::group::Pre task execution logs
[2025-07-07T06:26:37.390+0000] {taskinstance.py:2073} INFO - Dependencies all met for dep_context=non-requeueable deps ti=<TaskInstance: my_spark_inline.spark_write_data manual__2025-07-07T04:12:27.341159+00:00 [queued]>
[2025-07-07T06:26:37.488+0000] {taskinstance.py:2073} INFO - Dependencies all met for dep_context=requeueable deps ti=<TaskInstance: my_spark_inline.spark_write_data manual__2025-07-07T04:12:27.341159+00:00 [queued]>
[2025-07-07T06:26:37.488+0000] {taskinstance.py:2303} INFO - Starting attempt 10 of 10
[2025-07-07T06:26:37.504+0000] {taskinstance.py:2327} INFO - Executing <Task(SparkSubmitOperator): spark_write_data> on 2025-07-07 04:12:27.341159+00:00
[2025-07-07T06:26:37.509+0000] {standard_task_runner.py:63} INFO - Started process 1106 to run task
[2025-07-07T06:26:37.511+0000] {standard_task_runner.py:90} INFO - Running: ['***', 'tasks', 'run', 'my_spark_inline', 'spark_write_data', 'manual__2025-07-07T04:12:27.341159+00:00', '--job-id', '137', '--raw', '--subdir', 'DAGS_FOLDER/test_spark.py', '--cfg-path', '/tmp/tmp32ifu_5a']
[2025-07-07T06:26:37.513+0000] {standard_task_runner.py:91} INFO - Job 137: Subtask spark_write_data
[2025-07-07T06:26:37.527+0000] {logging_mixin.py:188} WARNING - /home/***/.local/lib/python3.11/site-packages/***/settings.py:195 DeprecationWarning: The sql_alchemy_conn option in [core] has been moved to the sql_alchemy_conn option in [database] - the old setting has been used, but please update your config.
[2025-07-07T06:26:37.548+0000] {task_command.py:426} INFO - Running <TaskInstance: my_spark_inline.spark_write_data manual__2025-07-07T04:12:27.341159+00:00 [running]> on host 34b334fe6b50
[2025-07-07T06:26:37.591+0000] {taskinstance.py:2644} INFO - Exporting env vars: AIRFLOW_CTX_DAG_OWNER='***' AIRFLOW_CTX_DAG_ID='my_spark_inline' AIRFLOW_CTX_TASK_ID='spark_write_data' AIRFLOW_CTX_EXECUTION_DATE='2025-07-07T04:12:27.341159+00:00' AIRFLOW_CTX_TRY_NUMBER='10' AIRFLOW_CTX_DAG_RUN_ID='manual__2025-07-07T04:12:27.341159+00:00'
[2025-07-07T06:26:37.592+0000] {taskinstance.py:430} INFO - ::endgroup::
[2025-07-07T06:26:37.610+0000] {base.py:84} INFO - Using connection ID 'spark-master' for task execution.
[2025-07-07T06:26:37.611+0000] {spark_submit.py:473} INFO - Spark-Submit cmd: spark-submit --master spark://spark-master:7077:7077 --packages com.clickhouse:clickhouse-jdbc:0.6.4,org.apache.httpcomponents.client5:httpclient5:5.3.1,org.apache.hadoop:hadoop-aws:3.3.5,com.amazonaws:aws-java-sdk-bundle:1.11.1026 --name arrow-spark --deploy-mode client /opt/***/spark_project/src/spark/spark_main_minio_automatic.py
[2025-07-07T06:26:37.836+0000] {spark_submit.py:634} INFO - WARNING: Using incubator modules: jdk.incubator.vector
[2025-07-07T06:26:39.310+0000] {spark_submit.py:634} INFO - :: loading settings :: url = jar:file:/home/***/.local/lib/python3.11/site-packages/pyspark/jars/ivy-2.5.3.jar!/org/apache/ivy/core/settings/ivysettings.xml
[2025-07-07T06:26:39.345+0000] {spark_submit.py:634} INFO - Ivy Default Cache set to: /home/***/.ivy2.5.2/cache
[2025-07-07T06:26:39.346+0000] {spark_submit.py:634} INFO - The jars for the packages stored in: /home/***/.ivy2.5.2/jars
[2025-07-07T06:26:39.348+0000] {spark_submit.py:634} INFO - com.clickhouse#clickhouse-jdbc added as a dependency
[2025-07-07T06:26:39.348+0000] {spark_submit.py:634} INFO - org.apache.httpcomponents.client5#httpclient5 added as a dependency
[2025-07-07T06:26:39.348+0000] {spark_submit.py:634} INFO - org.apache.hadoop#hadoop-aws added as a dependency
[2025-07-07T06:26:39.348+0000] {spark_submit.py:634} INFO - com.amazonaws#aws-java-sdk-bundle added as a dependency
[2025-07-07T06:26:39.348+0000] {spark_submit.py:634} INFO - :: resolving dependencies :: org.apache.spark#spark-submit-parent-a482675a-e370-4e31-9869-dbd7a71bf47b;1.0
[2025-07-07T06:26:39.349+0000] {spark_submit.py:634} INFO - confs: [default]
[2025-07-07T06:26:39.513+0000] {spark_submit.py:634} INFO - found com.clickhouse#clickhouse-jdbc;0.6.4 in central
[2025-07-07T06:26:39.530+0000] {spark_submit.py:634} INFO - found org.apache.httpcomponents.client5#httpclient5;5.3.1 in central
[2025-07-07T06:26:39.614+0000] {spark_submit.py:634} INFO - found org.apache.httpcomponents.core5#httpcore5;5.2.4 in central
[2025-07-07T06:26:39.627+0000] {spark_submit.py:634} INFO - found org.apache.httpcomponents.core5#httpcore5-h2;5.2.4 in central
[2025-07-07T06:26:39.637+0000] {spark_submit.py:634} INFO - found org.slf4j#slf4j-api;1.7.36 in central
[2025-07-07T06:26:39.722+0000] {spark_submit.py:634} INFO - found org.apache.hadoop#hadoop-aws;3.3.5 in central
[2025-07-07T06:26:39.731+0000] {spark_submit.py:634} INFO - found com.amazonaws#aws-java-sdk-bundle;1.12.316 in central
[2025-07-07T06:26:39.809+0000] {spark_submit.py:634} INFO - found org.wildfly.openssl#wildfly-openssl;1.1.3.Final in central
[2025-07-07T06:26:39.827+0000] {spark_submit.py:634} INFO - :: resolution report :: resolve 468ms :: artifacts dl 11ms
[2025-07-07T06:26:39.827+0000] {spark_submit.py:634} INFO - :: modules in use:
[2025-07-07T06:26:39.827+0000] {spark_submit.py:634} INFO - com.amazonaws#aws-java-sdk-bundle;1.12.316 from central in [default]
[2025-07-07T06:26:39.827+0000] {spark_submit.py:634} INFO - com.clickhouse#clickhouse-jdbc;0.6.4 from central in [default]
[2025-07-07T06:26:39.827+0000] {spark_submit.py:634} INFO - org.apache.hadoop#hadoop-aws;3.3.5 from central in [default]
[2025-07-07T06:26:39.827+0000] {spark_submit.py:634} INFO - org.apache.httpcomponents.client5#httpclient5;5.3.1 from central in [default]
[2025-07-07T06:26:39.828+0000] {spark_submit.py:634} INFO - org.apache.httpcomponents.core5#httpcore5;5.2.4 from central in [default]
[2025-07-07T06:26:39.828+0000] {spark_submit.py:634} INFO - org.apache.httpcomponents.core5#httpcore5-h2;5.2.4 from central in [default]
[2025-07-07T06:26:39.828+0000] {spark_submit.py:634} INFO - org.slf4j#slf4j-api;1.7.36 from central in [default]
[2025-07-07T06:26:39.828+0000] {spark_submit.py:634} INFO - org.wildfly.openssl#wildfly-openssl;1.1.3.Final from central in [default]
[2025-07-07T06:26:39.828+0000] {spark_submit.py:634} INFO - :: evicted modules:
[2025-07-07T06:26:39.828+0000] {spark_submit.py:634} INFO - com.amazonaws#aws-java-sdk-bundle;1.11.1026 by [com.amazonaws#aws-java-sdk-bundle;1.12.316] in [default]
[2025-07-07T06:26:39.828+0000] {spark_submit.py:634} INFO - ---------------------------------------------------------------------
[2025-07-07T06:26:39.828+0000] {spark_submit.py:634} INFO - |                  |            modules            ||   artifacts   |
[2025-07-07T06:26:39.828+0000] {spark_submit.py:634} INFO - |       conf       | number| search|dwnlded|evicted|| number|dwnlded|
[2025-07-07T06:26:39.828+0000] {spark_submit.py:634} INFO - ---------------------------------------------------------------------
[2025-07-07T06:26:39.828+0000] {spark_submit.py:634} INFO - |      default     |   9   |   0   |   0   |   1   ||   8   |   0   |
[2025-07-07T06:26:39.828+0000] {spark_submit.py:634} INFO - ---------------------------------------------------------------------
[2025-07-07T06:26:39.830+0000] {spark_submit.py:634} INFO - :: retrieving :: org.apache.spark#spark-submit-parent-a482675a-e370-4e31-9869-dbd7a71bf47b
[2025-07-07T06:26:39.830+0000] {spark_submit.py:634} INFO - confs: [default]
[2025-07-07T06:26:39.834+0000] {spark_submit.py:634} INFO - 0 artifacts copied, 8 already retrieved (0kB/4ms)
[2025-07-07T06:26:40.213+0000] {spark_submit.py:634} INFO - 25/07/07 06:26:40 WARN NativeCodeLoader: Unable to load native-hadoop library for your platform... using builtin-java classes where applicable
[2025-07-07T06:26:41.733+0000] {spark_submit.py:634} INFO - Using Spark's default log4j profile: org/apache/spark/log4j2-defaults.properties
[2025-07-07T06:26:41.736+0000] {spark_submit.py:634} INFO - 25/07/07 06:26:41 INFO SparkContext: Running Spark version 4.0.0
[2025-07-07T06:26:41.737+0000] {spark_submit.py:634} INFO - 25/07/07 06:26:41 INFO SparkContext: OS info Linux, 6.8.0-60-generic, amd64
[2025-07-07T06:26:41.738+0000] {spark_submit.py:634} INFO - 25/07/07 06:26:41 INFO SparkContext: Java version 17.0.15
[2025-07-07T06:26:41.816+0000] {spark_submit.py:634} INFO - 25/07/07 06:26:41 INFO ResourceUtils: ==============================================================
[2025-07-07T06:26:41.817+0000] {spark_submit.py:634} INFO - 25/07/07 06:26:41 INFO ResourceUtils: No custom resources configured for spark.driver.
[2025-07-07T06:26:41.817+0000] {spark_submit.py:634} INFO - 25/07/07 06:26:41 INFO ResourceUtils: ==============================================================
[2025-07-07T06:26:41.817+0000] {spark_submit.py:634} INFO - 25/07/07 06:26:41 INFO SparkContext: Submitted application: thanhdz
[2025-07-07T06:26:41.832+0000] {spark_submit.py:634} INFO - 25/07/07 06:26:41 INFO ResourceProfile: Default ResourceProfile created, executor resources: Map(cores -> name: cores, amount: 2, script: , vendor: , memory -> name: memory, amount: 1024, script: , vendor: , offHeap -> name: offHeap, amount: 0, script: , vendor: ), task resources: Map(cpus -> name: cpus, amount: 1.0)
[2025-07-07T06:26:41.835+0000] {spark_submit.py:634} INFO - 25/07/07 06:26:41 INFO ResourceProfile: Limiting resource is cpus at 2 tasks per executor
[2025-07-07T06:26:41.836+0000] {spark_submit.py:634} INFO - 25/07/07 06:26:41 INFO ResourceProfileManager: Added ResourceProfile id: 0
[2025-07-07T06:26:41.928+0000] {spark_submit.py:634} INFO - 25/07/07 06:26:41 INFO SecurityManager: Changing view acls to: ***
[2025-07-07T06:26:41.929+0000] {spark_submit.py:634} INFO - 25/07/07 06:26:41 INFO SecurityManager: Changing modify acls to: ***
[2025-07-07T06:26:41.929+0000] {spark_submit.py:634} INFO - 25/07/07 06:26:41 INFO SecurityManager: Changing view acls groups to: ***
[2025-07-07T06:26:41.929+0000] {spark_submit.py:634} INFO - 25/07/07 06:26:41 INFO SecurityManager: Changing modify acls groups to: ***
[2025-07-07T06:26:41.930+0000] {spark_submit.py:634} INFO - 25/07/07 06:26:41 INFO SecurityManager: SecurityManager: authentication disabled; ui acls disabled; users with view permissions: *** groups with view permissions: EMPTY; users with modify permissions: ***; groups with modify permissions: EMPTY; RPC SSL disabled
[2025-07-07T06:26:42.163+0000] {spark_submit.py:634} INFO - 25/07/07 06:26:42 INFO Utils: Successfully started service 'sparkDriver' on port 36391.
[2025-07-07T06:26:42.222+0000] {spark_submit.py:634} INFO - 25/07/07 06:26:42 INFO SparkEnv: Registering MapOutputTracker
[2025-07-07T06:26:42.229+0000] {spark_submit.py:634} INFO - 25/07/07 06:26:42 INFO SparkEnv: Registering BlockManagerMaster
[2025-07-07T06:26:42.237+0000] {spark_submit.py:634} INFO - 25/07/07 06:26:42 INFO BlockManagerMasterEndpoint: Using org.apache.spark.storage.DefaultTopologyMapper for getting topology information
[2025-07-07T06:26:42.237+0000] {spark_submit.py:634} INFO - 25/07/07 06:26:42 INFO BlockManagerMasterEndpoint: BlockManagerMasterEndpoint up
[2025-07-07T06:26:42.239+0000] {spark_submit.py:634} INFO - 25/07/07 06:26:42 INFO SparkEnv: Registering BlockManagerMasterHeartbeat
[2025-07-07T06:26:42.250+0000] {spark_submit.py:634} INFO - 25/07/07 06:26:42 INFO DiskBlockManager: Created local directory at /tmp/blockmgr-cd06a2b9-7ce6-40d3-8fad-43d17e6b7658
[2025-07-07T06:26:42.313+0000] {spark_submit.py:634} INFO - 25/07/07 06:26:42 INFO SparkEnv: Registering OutputCommitCoordinator
[2025-07-07T06:26:42.435+0000] {spark_submit.py:634} INFO - 25/07/07 06:26:42 INFO JettyUtils: Start Jetty 0.0.0.0:4040 for SparkUI
[2025-07-07T06:26:42.529+0000] {spark_submit.py:634} INFO - 25/07/07 06:26:42 INFO Utils: Successfully started service 'SparkUI' on port 4040.
[2025-07-07T06:26:42.611+0000] {spark_submit.py:634} INFO - 25/07/07 06:26:42 INFO SparkContext: Added JAR file:///home/***/.ivy2.5.2/jars/com.clickhouse_clickhouse-jdbc-0.6.4.jar at spark://34b334fe6b50:36391/jars/com.clickhouse_clickhouse-jdbc-0.6.4.jar with timestamp 1751869601728
[2025-07-07T06:26:42.611+0000] {spark_submit.py:634} INFO - 25/07/07 06:26:42 INFO SparkContext: Added JAR file:///home/***/.ivy2.5.2/jars/org.apache.httpcomponents.client5_httpclient5-5.3.1.jar at spark://34b334fe6b50:36391/jars/org.apache.httpcomponents.client5_httpclient5-5.3.1.jar with timestamp 1751869601728
[2025-07-07T06:26:42.611+0000] {spark_submit.py:634} INFO - 25/07/07 06:26:42 INFO SparkContext: Added JAR file:///home/***/.ivy2.5.2/jars/org.apache.hadoop_hadoop-aws-3.3.5.jar at spark://34b334fe6b50:36391/jars/org.apache.hadoop_hadoop-aws-3.3.5.jar with timestamp 1751869601728
[2025-07-07T06:26:42.611+0000] {spark_submit.py:634} INFO - 25/07/07 06:26:42 INFO SparkContext: Added JAR file:///home/***/.ivy2.5.2/jars/org.apache.httpcomponents.core5_httpcore5-5.2.4.jar at spark://34b334fe6b50:36391/jars/org.apache.httpcomponents.core5_httpcore5-5.2.4.jar with timestamp 1751869601728
[2025-07-07T06:26:42.611+0000] {spark_submit.py:634} INFO - 25/07/07 06:26:42 INFO SparkContext: Added JAR file:///home/***/.ivy2.5.2/jars/org.apache.httpcomponents.core5_httpcore5-h2-5.2.4.jar at spark://34b334fe6b50:36391/jars/org.apache.httpcomponents.core5_httpcore5-h2-5.2.4.jar with timestamp 1751869601728
[2025-07-07T06:26:42.611+0000] {spark_submit.py:634} INFO - 25/07/07 06:26:42 INFO SparkContext: Added JAR file:///home/***/.ivy2.5.2/jars/org.slf4j_slf4j-api-1.7.36.jar at spark://34b334fe6b50:36391/jars/org.slf4j_slf4j-api-1.7.36.jar with timestamp 1751869601728
[2025-07-07T06:26:42.612+0000] {spark_submit.py:634} INFO - 25/07/07 06:26:42 INFO SparkContext: Added JAR file:///home/***/.ivy2.5.2/jars/com.amazonaws_aws-java-sdk-bundle-1.12.316.jar at spark://34b334fe6b50:36391/jars/com.amazonaws_aws-java-sdk-bundle-1.12.316.jar with timestamp 1751869601728
[2025-07-07T06:26:42.612+0000] {spark_submit.py:634} INFO - 25/07/07 06:26:42 INFO SparkContext: Added JAR file:///home/***/.ivy2.5.2/jars/org.wildfly.openssl_wildfly-openssl-1.1.3.Final.jar at spark://34b334fe6b50:36391/jars/org.wildfly.openssl_wildfly-openssl-1.1.3.Final.jar with timestamp 1751869601728
[2025-07-07T06:26:42.613+0000] {spark_submit.py:634} INFO - 25/07/07 06:26:42 INFO SparkContext: Added file file:///home/***/.ivy2.5.2/jars/com.clickhouse_clickhouse-jdbc-0.6.4.jar at spark://34b334fe6b50:36391/files/com.clickhouse_clickhouse-jdbc-0.6.4.jar with timestamp 1751869601728
[2025-07-07T06:26:42.614+0000] {spark_submit.py:634} INFO - 25/07/07 06:26:42 INFO Utils: Copying /home/***/.ivy2.5.2/jars/com.clickhouse_clickhouse-jdbc-0.6.4.jar to /tmp/spark-7c77695b-54b9-4297-863d-328a3abea3a4/userFiles-54037c39-8298-4fd9-a141-2fadcf719dd2/com.clickhouse_clickhouse-jdbc-0.6.4.jar
[2025-07-07T06:26:42.623+0000] {spark_submit.py:634} INFO - 25/07/07 06:26:42 INFO SparkContext: Added file file:///home/***/.ivy2.5.2/jars/org.apache.httpcomponents.client5_httpclient5-5.3.1.jar at spark://34b334fe6b50:36391/files/org.apache.httpcomponents.client5_httpclient5-5.3.1.jar with timestamp 1751869601728
[2025-07-07T06:26:42.624+0000] {spark_submit.py:634} INFO - 25/07/07 06:26:42 INFO Utils: Copying /home/***/.ivy2.5.2/jars/org.apache.httpcomponents.client5_httpclient5-5.3.1.jar to /tmp/spark-7c77695b-54b9-4297-863d-328a3abea3a4/userFiles-54037c39-8298-4fd9-a141-2fadcf719dd2/org.apache.httpcomponents.client5_httpclient5-5.3.1.jar
[2025-07-07T06:26:42.629+0000] {spark_submit.py:634} INFO - 25/07/07 06:26:42 INFO SparkContext: Added file file:///home/***/.ivy2.5.2/jars/org.apache.hadoop_hadoop-aws-3.3.5.jar at spark://34b334fe6b50:36391/files/org.apache.hadoop_hadoop-aws-3.3.5.jar with timestamp 1751869601728
[2025-07-07T06:26:42.629+0000] {spark_submit.py:634} INFO - 25/07/07 06:26:42 INFO Utils: Copying /home/***/.ivy2.5.2/jars/org.apache.hadoop_hadoop-aws-3.3.5.jar to /tmp/spark-7c77695b-54b9-4297-863d-328a3abea3a4/userFiles-54037c39-8298-4fd9-a141-2fadcf719dd2/org.apache.hadoop_hadoop-aws-3.3.5.jar
[2025-07-07T06:26:42.634+0000] {spark_submit.py:634} INFO - 25/07/07 06:26:42 INFO SparkContext: Added file file:///home/***/.ivy2.5.2/jars/org.apache.httpcomponents.core5_httpcore5-5.2.4.jar at spark://34b334fe6b50:36391/files/org.apache.httpcomponents.core5_httpcore5-5.2.4.jar with timestamp 1751869601728
[2025-07-07T06:26:42.634+0000] {spark_submit.py:634} INFO - 25/07/07 06:26:42 INFO Utils: Copying /home/***/.ivy2.5.2/jars/org.apache.httpcomponents.core5_httpcore5-5.2.4.jar to /tmp/spark-7c77695b-54b9-4297-863d-328a3abea3a4/userFiles-54037c39-8298-4fd9-a141-2fadcf719dd2/org.apache.httpcomponents.core5_httpcore5-5.2.4.jar
[2025-07-07T06:26:42.638+0000] {spark_submit.py:634} INFO - 25/07/07 06:26:42 INFO SparkContext: Added file file:///home/***/.ivy2.5.2/jars/org.apache.httpcomponents.core5_httpcore5-h2-5.2.4.jar at spark://34b334fe6b50:36391/files/org.apache.httpcomponents.core5_httpcore5-h2-5.2.4.jar with timestamp 1751869601728
[2025-07-07T06:26:42.638+0000] {spark_submit.py:634} INFO - 25/07/07 06:26:42 INFO Utils: Copying /home/***/.ivy2.5.2/jars/org.apache.httpcomponents.core5_httpcore5-h2-5.2.4.jar to /tmp/spark-7c77695b-54b9-4297-863d-328a3abea3a4/userFiles-54037c39-8298-4fd9-a141-2fadcf719dd2/org.apache.httpcomponents.core5_httpcore5-h2-5.2.4.jar
[2025-07-07T06:26:42.642+0000] {spark_submit.py:634} INFO - 25/07/07 06:26:42 INFO SparkContext: Added file file:///home/***/.ivy2.5.2/jars/org.slf4j_slf4j-api-1.7.36.jar at spark://34b334fe6b50:36391/files/org.slf4j_slf4j-api-1.7.36.jar with timestamp 1751869601728
[2025-07-07T06:26:42.642+0000] {spark_submit.py:634} INFO - 25/07/07 06:26:42 INFO Utils: Copying /home/***/.ivy2.5.2/jars/org.slf4j_slf4j-api-1.7.36.jar to /tmp/spark-7c77695b-54b9-4297-863d-328a3abea3a4/userFiles-54037c39-8298-4fd9-a141-2fadcf719dd2/org.slf4j_slf4j-api-1.7.36.jar
[2025-07-07T06:26:42.646+0000] {spark_submit.py:634} INFO - 25/07/07 06:26:42 INFO SparkContext: Added file file:///home/***/.ivy2.5.2/jars/com.amazonaws_aws-java-sdk-bundle-1.12.316.jar at spark://34b334fe6b50:36391/files/com.amazonaws_aws-java-sdk-bundle-1.12.316.jar with timestamp 1751869601728
[2025-07-07T06:26:42.646+0000] {spark_submit.py:634} INFO - 25/07/07 06:26:42 INFO Utils: Copying /home/***/.ivy2.5.2/jars/com.amazonaws_aws-java-sdk-bundle-1.12.316.jar to /tmp/spark-7c77695b-54b9-4297-863d-328a3abea3a4/userFiles-54037c39-8298-4fd9-a141-2fadcf719dd2/com.amazonaws_aws-java-sdk-bundle-1.12.316.jar
[2025-07-07T06:26:42.825+0000] {spark_submit.py:634} INFO - 25/07/07 06:26:42 INFO SparkContext: Added file file:///home/***/.ivy2.5.2/jars/org.wildfly.openssl_wildfly-openssl-1.1.3.Final.jar at spark://34b334fe6b50:36391/files/org.wildfly.openssl_wildfly-openssl-1.1.3.Final.jar with timestamp 1751869601728
[2025-07-07T06:26:42.825+0000] {spark_submit.py:634} INFO - 25/07/07 06:26:42 INFO Utils: Copying /home/***/.ivy2.5.2/jars/org.wildfly.openssl_wildfly-openssl-1.1.3.Final.jar to /tmp/spark-7c77695b-54b9-4297-863d-328a3abea3a4/userFiles-54037c39-8298-4fd9-a141-2fadcf719dd2/org.wildfly.openssl_wildfly-openssl-1.1.3.Final.jar
[2025-07-07T06:26:42.840+0000] {spark_submit.py:634} INFO - 25/07/07 06:26:42 INFO SecurityManager: Changing view acls to: ***
[2025-07-07T06:26:42.840+0000] {spark_submit.py:634} INFO - 25/07/07 06:26:42 INFO SecurityManager: Changing modify acls to: ***
[2025-07-07T06:26:42.841+0000] {spark_submit.py:634} INFO - 25/07/07 06:26:42 INFO SecurityManager: Changing view acls groups to: ***
[2025-07-07T06:26:42.841+0000] {spark_submit.py:634} INFO - 25/07/07 06:26:42 INFO SecurityManager: Changing modify acls groups to: ***
[2025-07-07T06:26:42.841+0000] {spark_submit.py:634} INFO - 25/07/07 06:26:42 INFO SecurityManager: SecurityManager: authentication disabled; ui acls disabled; users with view permissions: *** groups with view permissions: EMPTY; users with modify permissions: ***; groups with modify permissions: EMPTY; RPC SSL disabled
[2025-07-07T06:26:43.030+0000] {spark_submit.py:634} INFO - 25/07/07 06:26:43 INFO StandaloneAppClient$ClientEndpoint: Connecting to master spark://spark-master:7077...
[2025-07-07T06:26:43.108+0000] {spark_submit.py:634} INFO - 25/07/07 06:26:43 INFO TransportClientFactory: Successfully created connection to spark-master/172.21.0.2:7077 after 15 ms (0 ms spent in bootstraps)
[2025-07-07T06:26:43.217+0000] {spark_submit.py:634} INFO - 25/07/07 06:26:43 INFO StandaloneSchedulerBackend: Connected to Spark cluster with app ID app-20250707062643-0001
[2025-07-07T06:26:43.220+0000] {spark_submit.py:634} INFO - 25/07/07 06:26:43 INFO StandaloneAppClient$ClientEndpoint: Executor added: app-20250707062643-0001/0 on worker-20250707060603-172.21.0.7-41279 (172.21.0.7:41279) with 2 core(s)
[2025-07-07T06:26:43.222+0000] {spark_submit.py:634} INFO - 25/07/07 06:26:43 INFO Utils: Successfully started service 'org.apache.spark.network.netty.NettyBlockTransferService' on port 41815.
[2025-07-07T06:26:43.222+0000] {spark_submit.py:634} INFO - 25/07/07 06:26:43 INFO NettyBlockTransferService: Server created on 34b334fe6b50:41815
[2025-07-07T06:26:43.223+0000] {spark_submit.py:634} INFO - 25/07/07 06:26:43 INFO StandaloneSchedulerBackend: Granted executor ID app-20250707062643-0001/0 on hostPort 172.21.0.7:41279 with 2 core(s), 1024.0 MiB RAM
[2025-07-07T06:26:43.223+0000] {spark_submit.py:634} INFO - 25/07/07 06:26:43 INFO BlockManager: Using org.apache.spark.storage.RandomBlockReplicationPolicy for block replication policy
[2025-07-07T06:26:43.231+0000] {spark_submit.py:634} INFO - 25/07/07 06:26:43 INFO BlockManagerMaster: Registering BlockManager BlockManagerId(driver, 34b334fe6b50, 41815, None)
[2025-07-07T06:26:43.305+0000] {spark_submit.py:634} INFO - 25/07/07 06:26:43 INFO BlockManagerMasterEndpoint: Registering block manager 34b334fe6b50:41815 with 413.9 MiB RAM, BlockManagerId(driver, 34b334fe6b50, 41815, None)
[2025-07-07T06:26:43.306+0000] {spark_submit.py:634} INFO - 25/07/07 06:26:43 INFO BlockManagerMaster: Registered BlockManager BlockManagerId(driver, 34b334fe6b50, 41815, None)
[2025-07-07T06:26:43.307+0000] {spark_submit.py:634} INFO - 25/07/07 06:26:43 INFO BlockManager: Initialized BlockManager: BlockManagerId(driver, 34b334fe6b50, 41815, None)
[2025-07-07T06:26:43.312+0000] {spark_submit.py:634} INFO - 25/07/07 06:26:43 INFO StandaloneAppClient$ClientEndpoint: Executor updated: app-20250707062643-0001/0 is now RUNNING
[2025-07-07T06:26:43.709+0000] {spark_submit.py:634} INFO - 25/07/07 06:26:43 INFO StandaloneSchedulerBackend: SchedulerBackend is ready for scheduling beginning after reached minRegisteredResourcesRatio: 0.0
[2025-07-07T06:26:44.712+0000] {spark_submit.py:634} INFO - 25/07/07 06:26:44 INFO StandaloneSchedulerBackend$StandaloneDriverEndpoint: Registered executor NettyRpcEndpointRef(spark-client://Executor) (172.21.0.7:51420) with ID 0, ResourceProfileId 0
[2025-07-07T06:26:44.806+0000] {spark_submit.py:634} INFO - 25/07/07 06:26:44 INFO BlockManagerMasterEndpoint: Registering block manager 172.21.0.7:46633 with 434.4 MiB RAM, BlockManagerId(0, 172.21.0.7, 46633, None)
[2025-07-07T06:26:47.729+0000] {local_task_job_runner.py:310} WARNING - State of this instance has been externally set to failed. Terminating instance.
[2025-07-07T06:26:47.729+0000] {local_task_job_runner.py:222} INFO - ::endgroup::
[2025-07-07T06:26:47.806+0000] {process_utils.py:132} INFO - Sending 15 to group 1106. PIDs of all processes in the group: [1107, 1147, 1106]
[2025-07-07T06:26:47.806+0000] {process_utils.py:87} INFO - Sending the signal 15 to group 1106
[2025-07-07T06:26:47.806+0000] {taskinstance.py:2607} ERROR - Received SIGTERM. Terminating subprocesses.
[2025-07-07T06:26:47.807+0000] {spark_submit.py:760} INFO - Sending kill signal to spark-submit
[2025-07-07T06:26:47.807+0000] {taskinstance.py:441} INFO - ::group::Post task execution logs
[2025-07-07T06:26:47.858+0000] {process_utils.py:80} INFO - Process psutil.Process(pid=1107, status='terminated', started='06:26:36') (1107) terminated with exit code None
[2025-07-07T06:26:47.859+0000] {process_utils.py:80} INFO - Process psutil.Process(pid=1147, status='terminated', started='06:26:39') (1147) terminated with exit code None
[2025-07-07T06:26:47.905+0000] {process_utils.py:80} INFO - Process psutil.Process(pid=1106, status='terminated', exitcode=0, started='06:26:36') (1106) terminated with exit code 0
