[2025-07-08T09:44:38.308+0000] {local_task_job_runner.py:120} INFO - ::group::Pre task execution logs
[2025-07-08T09:44:38.325+0000] {taskinstance.py:2073} INFO - Dependencies all met for dep_context=non-requeueable deps ti=<TaskInstance: my_spark_inline.spark_write_data manual__2025-07-07T04:12:27.341159+00:00 [queued]>
[2025-07-08T09:44:38.413+0000] {taskinstance.py:2073} INFO - Dependencies all met for dep_context=requeueable deps ti=<TaskInstance: my_spark_inline.spark_write_data manual__2025-07-07T04:12:27.341159+00:00 [queued]>
[2025-07-08T09:44:38.414+0000] {taskinstance.py:2303} INFO - Starting attempt 13 of 13
[2025-07-08T09:44:38.428+0000] {taskinstance.py:2327} INFO - Executing <Task(SparkSubmitOperator): spark_write_data> on 2025-07-07 04:12:27.341159+00:00
[2025-07-08T09:44:38.432+0000] {standard_task_runner.py:63} INFO - Started process 8463 to run task
[2025-07-08T09:44:38.435+0000] {standard_task_runner.py:90} INFO - Running: ['***', 'tasks', 'run', 'my_spark_inline', 'spark_write_data', 'manual__2025-07-07T04:12:27.341159+00:00', '--job-id', '181', '--raw', '--subdir', 'DAGS_FOLDER/test_spark.py', '--cfg-path', '/tmp/tmpt2uk15sh']
[2025-07-08T09:44:38.436+0000] {standard_task_runner.py:91} INFO - Job 181: Subtask spark_write_data
[2025-07-08T09:44:38.448+0000] {logging_mixin.py:188} WARNING - /home/***/.local/lib/python3.11/site-packages/***/settings.py:195 DeprecationWarning: The sql_alchemy_conn option in [core] has been moved to the sql_alchemy_conn option in [database] - the old setting has been used, but please update your config.
[2025-07-08T09:44:38.468+0000] {task_command.py:426} INFO - Running <TaskInstance: my_spark_inline.spark_write_data manual__2025-07-07T04:12:27.341159+00:00 [running]> on host 1a66de7e9daf
[2025-07-08T09:44:38.514+0000] {taskinstance.py:2644} INFO - Exporting env vars: AIRFLOW_CTX_DAG_OWNER='***' AIRFLOW_CTX_DAG_ID='my_spark_inline' AIRFLOW_CTX_TASK_ID='spark_write_data' AIRFLOW_CTX_EXECUTION_DATE='2025-07-07T04:12:27.341159+00:00' AIRFLOW_CTX_TRY_NUMBER='13' AIRFLOW_CTX_DAG_RUN_ID='manual__2025-07-07T04:12:27.341159+00:00'
[2025-07-08T09:44:38.515+0000] {taskinstance.py:430} INFO - ::endgroup::
[2025-07-08T09:44:38.528+0000] {base.py:84} INFO - Using connection ID 'spark-master' for task execution.
[2025-07-08T09:44:38.529+0000] {spark_submit.py:473} INFO - Spark-Submit cmd: spark-submit --master spark://spark-master:7077:7077 --packages com.clickhouse:clickhouse-jdbc:0.6.4,org.apache.httpcomponents.client5:httpclient5:5.3.1,org.apache.hadoop:hadoop-aws:3.3.5,com.amazonaws:aws-java-sdk-bundle:1.11.1026 --name arrow-spark --deploy-mode client /opt/***/spark_project/src/spark/spark_main_real.py
[2025-07-08T09:44:38.749+0000] {spark_submit.py:634} INFO - WARNING: Using incubator modules: jdk.incubator.vector
[2025-07-08T09:44:40.234+0000] {spark_submit.py:634} INFO - :: loading settings :: url = jar:file:/home/***/.local/lib/python3.11/site-packages/pyspark/jars/ivy-2.5.3.jar!/org/apache/ivy/core/settings/ivysettings.xml
[2025-07-08T09:44:40.332+0000] {spark_submit.py:634} INFO - Ivy Default Cache set to: /home/***/.ivy2.5.2/cache
[2025-07-08T09:44:40.332+0000] {spark_submit.py:634} INFO - The jars for the packages stored in: /home/***/.ivy2.5.2/jars
[2025-07-08T09:44:40.334+0000] {spark_submit.py:634} INFO - com.clickhouse#clickhouse-jdbc added as a dependency
[2025-07-08T09:44:40.335+0000] {spark_submit.py:634} INFO - org.apache.httpcomponents.client5#httpclient5 added as a dependency
[2025-07-08T09:44:40.335+0000] {spark_submit.py:634} INFO - org.apache.hadoop#hadoop-aws added as a dependency
[2025-07-08T09:44:40.335+0000] {spark_submit.py:634} INFO - com.amazonaws#aws-java-sdk-bundle added as a dependency
[2025-07-08T09:44:40.335+0000] {spark_submit.py:634} INFO - :: resolving dependencies :: org.apache.spark#spark-submit-parent-b5834c6f-025a-4709-830a-4119888b42e8;1.0
[2025-07-08T09:44:40.335+0000] {spark_submit.py:634} INFO - confs: [default]
[2025-07-08T09:44:41.968+0000] {spark_submit.py:634} INFO - found com.clickhouse#clickhouse-jdbc;0.6.4 in central
[2025-07-08T09:44:50.013+0000] {spark_submit.py:634} INFO - found org.apache.httpcomponents.client5#httpclient5;5.3.1 in central
[2025-07-08T09:44:53.688+0000] {spark_submit.py:634} INFO - found org.apache.httpcomponents.core5#httpcore5;5.2.4 in central
[2025-07-08T09:44:54.342+0000] {spark_submit.py:634} INFO - found org.apache.httpcomponents.core5#httpcore5-h2;5.2.4 in central
[2025-07-08T09:44:56.374+0000] {spark_submit.py:634} INFO - found org.slf4j#slf4j-api;1.7.36 in central
[2025-07-08T09:45:00.358+0000] {spark_submit.py:634} INFO - found org.apache.hadoop#hadoop-aws;3.3.5 in central
[2025-07-08T09:45:02.597+0000] {spark_submit.py:634} INFO - found com.amazonaws#aws-java-sdk-bundle;1.12.316 in central
[2025-07-08T09:45:06.314+0000] {spark_submit.py:634} INFO - found org.wildfly.openssl#wildfly-openssl;1.1.3.Final in central
[2025-07-08T09:45:06.605+0000] {spark_submit.py:634} INFO - downloading https://repo1.maven.org/maven2/com/clickhouse/clickhouse-jdbc/0.6.4/clickhouse-jdbc-0.6.4.jar ...
[2025-07-08T09:45:09.091+0000] {spark_submit.py:634} INFO - [SUCCESSFUL ] com.clickhouse#clickhouse-jdbc;0.6.4!clickhouse-jdbc.jar (2773ms)
[2025-07-08T09:45:09.353+0000] {spark_submit.py:634} INFO - downloading https://repo1.maven.org/maven2/org/apache/httpcomponents/client5/httpclient5/5.3.1/httpclient5-5.3.1.jar ...
[2025-07-08T09:45:10.850+0000] {spark_submit.py:634} INFO - [SUCCESSFUL ] org.apache.httpcomponents.client5#httpclient5;5.3.1!httpclient5.jar (1758ms)
[2025-07-08T09:45:11.102+0000] {spark_submit.py:634} INFO - downloading https://repo1.maven.org/maven2/org/apache/hadoop/hadoop-aws/3.3.5/hadoop-aws-3.3.5.jar ...
[2025-07-08T09:45:12.294+0000] {spark_submit.py:634} INFO - [SUCCESSFUL ] org.apache.hadoop#hadoop-aws;3.3.5!hadoop-aws.jar (1443ms)
[2025-07-08T09:45:12.538+0000] {spark_submit.py:634} INFO - downloading https://repo1.maven.org/maven2/org/apache/httpcomponents/core5/httpcore5/5.2.4/httpcore5-5.2.4.jar ...
[2025-07-08T09:45:13.865+0000] {spark_submit.py:634} INFO - [SUCCESSFUL ] org.apache.httpcomponents.core5#httpcore5;5.2.4!httpcore5.jar (1570ms)
[2025-07-08T09:45:14.170+0000] {spark_submit.py:634} INFO - downloading https://repo1.maven.org/maven2/org/apache/httpcomponents/core5/httpcore5-h2/5.2.4/httpcore5-h2-5.2.4.jar ...
[2025-07-08T09:45:14.665+0000] {spark_submit.py:634} INFO - [SUCCESSFUL ] org.apache.httpcomponents.core5#httpcore5-h2;5.2.4!httpcore5-h2.jar (798ms)
[2025-07-08T09:45:14.884+0000] {spark_submit.py:634} INFO - downloading https://repo1.maven.org/maven2/org/slf4j/slf4j-api/1.7.36/slf4j-api-1.7.36.jar ...
[2025-07-08T09:45:15.190+0000] {spark_submit.py:634} INFO - [SUCCESSFUL ] org.slf4j#slf4j-api;1.7.36!slf4j-api.jar (525ms)
[2025-07-08T09:45:15.498+0000] {spark_submit.py:634} INFO - downloading https://repo1.maven.org/maven2/com/amazonaws/aws-java-sdk-bundle/1.12.316/aws-java-sdk-bundle-1.12.316.jar ...
[2025-07-08T09:52:07.870+0000] {spark_submit.py:634} INFO - [SUCCESSFUL ] com.amazonaws#aws-java-sdk-bundle;1.12.316!aws-java-sdk-bundle.jar (412680ms)
[2025-07-08T09:52:08.178+0000] {spark_submit.py:634} INFO - downloading https://repo1.maven.org/maven2/org/wildfly/openssl/wildfly-openssl/1.1.3.Final/wildfly-openssl-1.1.3.Final.jar ...
[2025-07-08T09:52:08.848+0000] {spark_submit.py:634} INFO - [SUCCESSFUL ] org.wildfly.openssl#wildfly-openssl;1.1.3.Final!wildfly-openssl.jar (976ms)
[2025-07-08T09:52:08.848+0000] {spark_submit.py:634} INFO - :: resolution report :: resolve 25983ms :: artifacts dl 422530ms
[2025-07-08T09:52:08.848+0000] {spark_submit.py:634} INFO - :: modules in use:
[2025-07-08T09:52:08.849+0000] {spark_submit.py:634} INFO - com.amazonaws#aws-java-sdk-bundle;1.12.316 from central in [default]
[2025-07-08T09:52:08.849+0000] {spark_submit.py:634} INFO - com.clickhouse#clickhouse-jdbc;0.6.4 from central in [default]
[2025-07-08T09:52:08.849+0000] {spark_submit.py:634} INFO - org.apache.hadoop#hadoop-aws;3.3.5 from central in [default]
[2025-07-08T09:52:08.849+0000] {spark_submit.py:634} INFO - org.apache.httpcomponents.client5#httpclient5;5.3.1 from central in [default]
[2025-07-08T09:52:08.849+0000] {spark_submit.py:634} INFO - org.apache.httpcomponents.core5#httpcore5;5.2.4 from central in [default]
[2025-07-08T09:52:08.849+0000] {spark_submit.py:634} INFO - org.apache.httpcomponents.core5#httpcore5-h2;5.2.4 from central in [default]
[2025-07-08T09:52:08.849+0000] {spark_submit.py:634} INFO - org.slf4j#slf4j-api;1.7.36 from central in [default]
[2025-07-08T09:52:08.849+0000] {spark_submit.py:634} INFO - org.wildfly.openssl#wildfly-openssl;1.1.3.Final from central in [default]
[2025-07-08T09:52:08.849+0000] {spark_submit.py:634} INFO - :: evicted modules:
[2025-07-08T09:52:08.849+0000] {spark_submit.py:634} INFO - com.amazonaws#aws-java-sdk-bundle;1.11.1026 by [com.amazonaws#aws-java-sdk-bundle;1.12.316] in [default]
[2025-07-08T09:52:08.849+0000] {spark_submit.py:634} INFO - ---------------------------------------------------------------------
[2025-07-08T09:52:08.849+0000] {spark_submit.py:634} INFO - |                  |            modules            ||   artifacts   |
[2025-07-08T09:52:08.849+0000] {spark_submit.py:634} INFO - |       conf       | number| search|dwnlded|evicted|| number|dwnlded|
[2025-07-08T09:52:08.849+0000] {spark_submit.py:634} INFO - ---------------------------------------------------------------------
[2025-07-08T09:52:08.849+0000] {spark_submit.py:634} INFO - |      default     |   9   |   8   |   8   |   1   ||   8   |   8   |
[2025-07-08T09:52:08.849+0000] {spark_submit.py:634} INFO - ---------------------------------------------------------------------
[2025-07-08T09:52:08.854+0000] {spark_submit.py:634} INFO - :: retrieving :: org.apache.spark#spark-submit-parent-b5834c6f-025a-4709-830a-4119888b42e8
[2025-07-08T09:52:08.854+0000] {spark_submit.py:634} INFO - confs: [default]
[2025-07-08T09:52:08.994+0000] {spark_submit.py:634} INFO - 8 artifacts copied, 0 already retrieved (287272kB/140ms)
[2025-07-08T09:52:09.239+0000] {spark_submit.py:634} INFO - 25/07/08 09:52:09 WARN NativeCodeLoader: Unable to load native-hadoop library for your platform... using builtin-java classes where applicable
[2025-07-08T09:52:11.257+0000] {spark_submit.py:634} INFO - Using Spark's default log4j profile: org/apache/spark/log4j2-defaults.properties
[2025-07-08T09:52:11.262+0000] {spark_submit.py:634} INFO - 25/07/08 09:52:11 INFO SparkContext: Running Spark version 4.0.0
[2025-07-08T09:52:11.263+0000] {spark_submit.py:634} INFO - 25/07/08 09:52:11 INFO SparkContext: OS info Linux, 6.8.0-60-generic, amd64
[2025-07-08T09:52:11.264+0000] {spark_submit.py:634} INFO - 25/07/08 09:52:11 INFO SparkContext: Java version 17.0.15
[2025-07-08T09:52:11.334+0000] {spark_submit.py:634} INFO - 25/07/08 09:52:11 INFO ResourceUtils: ==============================================================
[2025-07-08T09:52:11.335+0000] {spark_submit.py:634} INFO - 25/07/08 09:52:11 INFO ResourceUtils: No custom resources configured for spark.driver.
[2025-07-08T09:52:11.335+0000] {spark_submit.py:634} INFO - 25/07/08 09:52:11 INFO ResourceUtils: ==============================================================
[2025-07-08T09:52:11.335+0000] {spark_submit.py:634} INFO - 25/07/08 09:52:11 INFO SparkContext: Submitted application: thanhdz
[2025-07-08T09:52:11.348+0000] {spark_submit.py:634} INFO - 25/07/08 09:52:11 INFO ResourceProfile: Default ResourceProfile created, executor resources: Map(cores -> name: cores, amount: 2, script: , vendor: , memory -> name: memory, amount: 1024, script: , vendor: , offHeap -> name: offHeap, amount: 0, script: , vendor: ), task resources: Map(cpus -> name: cpus, amount: 1.0)
[2025-07-08T09:52:11.350+0000] {spark_submit.py:634} INFO - 25/07/08 09:52:11 INFO ResourceProfile: Limiting resource is cpus at 2 tasks per executor
[2025-07-08T09:52:11.352+0000] {spark_submit.py:634} INFO - 25/07/08 09:52:11 INFO ResourceProfileManager: Added ResourceProfile id: 0
[2025-07-08T09:52:11.440+0000] {spark_submit.py:634} INFO - 25/07/08 09:52:11 INFO SecurityManager: Changing view acls to: ***
[2025-07-08T09:52:11.441+0000] {spark_submit.py:634} INFO - 25/07/08 09:52:11 INFO SecurityManager: Changing modify acls to: ***
[2025-07-08T09:52:11.441+0000] {spark_submit.py:634} INFO - 25/07/08 09:52:11 INFO SecurityManager: Changing view acls groups to: ***
[2025-07-08T09:52:11.442+0000] {spark_submit.py:634} INFO - 25/07/08 09:52:11 INFO SecurityManager: Changing modify acls groups to: ***
[2025-07-08T09:52:11.442+0000] {spark_submit.py:634} INFO - 25/07/08 09:52:11 INFO SecurityManager: SecurityManager: authentication disabled; ui acls disabled; users with view permissions: *** groups with view permissions: EMPTY; users with modify permissions: ***; groups with modify permissions: EMPTY; RPC SSL disabled
[2025-07-08T09:52:11.742+0000] {spark_submit.py:634} INFO - 25/07/08 09:52:11 INFO Utils: Successfully started service 'sparkDriver' on port 45261.
[2025-07-08T09:52:11.762+0000] {spark_submit.py:634} INFO - 25/07/08 09:52:11 INFO SparkEnv: Registering MapOutputTracker
[2025-07-08T09:52:11.769+0000] {spark_submit.py:634} INFO - 25/07/08 09:52:11 INFO SparkEnv: Registering BlockManagerMaster
[2025-07-08T09:52:11.832+0000] {spark_submit.py:634} INFO - 25/07/08 09:52:11 INFO BlockManagerMasterEndpoint: Using org.apache.spark.storage.DefaultTopologyMapper for getting topology information
[2025-07-08T09:52:11.832+0000] {spark_submit.py:634} INFO - 25/07/08 09:52:11 INFO BlockManagerMasterEndpoint: BlockManagerMasterEndpoint up
[2025-07-08T09:52:11.834+0000] {spark_submit.py:634} INFO - 25/07/08 09:52:11 INFO SparkEnv: Registering BlockManagerMasterHeartbeat
[2025-07-08T09:52:11.846+0000] {spark_submit.py:634} INFO - 25/07/08 09:52:11 INFO DiskBlockManager: Created local directory at /tmp/blockmgr-12aa8b85-3f44-4d5b-add0-3ba6583c2ad1
[2025-07-08T09:52:11.861+0000] {spark_submit.py:634} INFO - 25/07/08 09:52:11 INFO SparkEnv: Registering OutputCommitCoordinator
[2025-07-08T09:52:12.041+0000] {spark_submit.py:634} INFO - 25/07/08 09:52:12 INFO JettyUtils: Start Jetty 0.0.0.0:4040 for SparkUI
[2025-07-08T09:52:12.226+0000] {spark_submit.py:634} INFO - 25/07/08 09:52:12 INFO Utils: Successfully started service 'SparkUI' on port 4040.
[2025-07-08T09:52:12.248+0000] {spark_submit.py:634} INFO - 25/07/08 09:52:12 ERROR SparkContext: Failed to add /home/ngocthanh/spark-3.5.3/jars/hadoop-aws-3.3.4.jar to Spark environment
[2025-07-08T09:52:12.248+0000] {spark_submit.py:634} INFO - java.io.FileNotFoundException: Jar /home/ngocthanh/spark-3.5.3/jars/hadoop-aws-3.3.4.jar not found
[2025-07-08T09:52:12.248+0000] {spark_submit.py:634} INFO - at org.apache.spark.SparkContext.addLocalJarFile$1(SparkContext.scala:2174)
[2025-07-08T09:52:12.248+0000] {spark_submit.py:634} INFO - at org.apache.spark.SparkContext.addJar(SparkContext.scala:2230)
[2025-07-08T09:52:12.249+0000] {spark_submit.py:634} INFO - at org.apache.spark.SparkContext.$anonfun$new$15(SparkContext.scala:538)
[2025-07-08T09:52:12.249+0000] {spark_submit.py:634} INFO - at org.apache.spark.SparkContext.$anonfun$new$15$adapted(SparkContext.scala:538)
[2025-07-08T09:52:12.249+0000] {spark_submit.py:634} INFO - at scala.collection.IterableOnceOps.foreach(IterableOnce.scala:619)
[2025-07-08T09:52:12.249+0000] {spark_submit.py:634} INFO - at scala.collection.IterableOnceOps.foreach$(IterableOnce.scala:617)
[2025-07-08T09:52:12.249+0000] {spark_submit.py:634} INFO - at scala.collection.AbstractIterable.foreach(Iterable.scala:935)
[2025-07-08T09:52:12.249+0000] {spark_submit.py:634} INFO - at org.apache.spark.SparkContext.<init>(SparkContext.scala:538)
[2025-07-08T09:52:12.249+0000] {spark_submit.py:634} INFO - at org.apache.spark.api.java.JavaSparkContext.<init>(JavaSparkContext.scala:59)
[2025-07-08T09:52:12.249+0000] {spark_submit.py:634} INFO - at java.base/jdk.internal.reflect.NativeConstructorAccessorImpl.newInstance0(Native Method)
[2025-07-08T09:52:12.249+0000] {spark_submit.py:634} INFO - at java.base/jdk.internal.reflect.NativeConstructorAccessorImpl.newInstance(NativeConstructorAccessorImpl.java:77)
[2025-07-08T09:52:12.249+0000] {spark_submit.py:634} INFO - at java.base/jdk.internal.reflect.DelegatingConstructorAccessorImpl.newInstance(DelegatingConstructorAccessorImpl.java:45)
[2025-07-08T09:52:12.250+0000] {spark_submit.py:634} INFO - at java.base/java.lang.reflect.Constructor.newInstanceWithCaller(Constructor.java:500)
[2025-07-08T09:52:12.250+0000] {spark_submit.py:634} INFO - at java.base/java.lang.reflect.Constructor.newInstance(Constructor.java:481)
[2025-07-08T09:52:12.250+0000] {spark_submit.py:634} INFO - at py4j.reflection.MethodInvoker.invoke(MethodInvoker.java:247)
[2025-07-08T09:52:12.250+0000] {spark_submit.py:634} INFO - at py4j.reflection.ReflectionEngine.invoke(ReflectionEngine.java:374)
[2025-07-08T09:52:12.250+0000] {spark_submit.py:634} INFO - at py4j.Gateway.invoke(Gateway.java:238)
[2025-07-08T09:52:12.250+0000] {spark_submit.py:634} INFO - at py4j.commands.ConstructorCommand.invokeConstructor(ConstructorCommand.java:80)
[2025-07-08T09:52:12.250+0000] {spark_submit.py:634} INFO - at py4j.commands.ConstructorCommand.execute(ConstructorCommand.java:69)
[2025-07-08T09:52:12.250+0000] {spark_submit.py:634} INFO - at py4j.ClientServerConnection.waitForCommands(ClientServerConnection.java:184)
[2025-07-08T09:52:12.250+0000] {spark_submit.py:634} INFO - at py4j.ClientServerConnection.run(ClientServerConnection.java:108)
[2025-07-08T09:52:12.250+0000] {spark_submit.py:634} INFO - at java.base/java.lang.Thread.run(Thread.java:840)
[2025-07-08T09:52:12.250+0000] {spark_submit.py:634} INFO - 25/07/08 09:52:12 ERROR SparkContext: Failed to add /home/ngocthanh/spark-3.5.3/jars/aws-java-sdk-bundle-1.12.761.jar to Spark environment
[2025-07-08T09:52:12.250+0000] {spark_submit.py:634} INFO - java.io.FileNotFoundException: Jar /home/ngocthanh/spark-3.5.3/jars/aws-java-sdk-bundle-1.12.761.jar not found
[2025-07-08T09:52:12.250+0000] {spark_submit.py:634} INFO - at org.apache.spark.SparkContext.addLocalJarFile$1(SparkContext.scala:2174)
[2025-07-08T09:52:12.250+0000] {spark_submit.py:634} INFO - at org.apache.spark.SparkContext.addJar(SparkContext.scala:2230)
[2025-07-08T09:52:12.250+0000] {spark_submit.py:634} INFO - at org.apache.spark.SparkContext.$anonfun$new$15(SparkContext.scala:538)
[2025-07-08T09:52:12.251+0000] {spark_submit.py:634} INFO - at org.apache.spark.SparkContext.$anonfun$new$15$adapted(SparkContext.scala:538)
[2025-07-08T09:52:12.251+0000] {spark_submit.py:634} INFO - at scala.collection.IterableOnceOps.foreach(IterableOnce.scala:619)
[2025-07-08T09:52:12.251+0000] {spark_submit.py:634} INFO - at scala.collection.IterableOnceOps.foreach$(IterableOnce.scala:617)
[2025-07-08T09:52:12.251+0000] {spark_submit.py:634} INFO - at scala.collection.AbstractIterable.foreach(Iterable.scala:935)
[2025-07-08T09:52:12.251+0000] {spark_submit.py:634} INFO - at org.apache.spark.SparkContext.<init>(SparkContext.scala:538)
[2025-07-08T09:52:12.251+0000] {spark_submit.py:634} INFO - at org.apache.spark.api.java.JavaSparkContext.<init>(JavaSparkContext.scala:59)
[2025-07-08T09:52:12.251+0000] {spark_submit.py:634} INFO - at java.base/jdk.internal.reflect.NativeConstructorAccessorImpl.newInstance0(Native Method)
[2025-07-08T09:52:12.251+0000] {spark_submit.py:634} INFO - at java.base/jdk.internal.reflect.NativeConstructorAccessorImpl.newInstance(NativeConstructorAccessorImpl.java:77)
[2025-07-08T09:52:12.251+0000] {spark_submit.py:634} INFO - at java.base/jdk.internal.reflect.DelegatingConstructorAccessorImpl.newInstance(DelegatingConstructorAccessorImpl.java:45)
[2025-07-08T09:52:12.251+0000] {spark_submit.py:634} INFO - at java.base/java.lang.reflect.Constructor.newInstanceWithCaller(Constructor.java:500)
[2025-07-08T09:52:12.251+0000] {spark_submit.py:634} INFO - at java.base/java.lang.reflect.Constructor.newInstance(Constructor.java:481)
[2025-07-08T09:52:12.251+0000] {spark_submit.py:634} INFO - at py4j.reflection.MethodInvoker.invoke(MethodInvoker.java:247)
[2025-07-08T09:52:12.251+0000] {spark_submit.py:634} INFO - at py4j.reflection.ReflectionEngine.invoke(ReflectionEngine.java:374)
[2025-07-08T09:52:12.251+0000] {spark_submit.py:634} INFO - at py4j.Gateway.invoke(Gateway.java:238)
[2025-07-08T09:52:12.251+0000] {spark_submit.py:634} INFO - at py4j.commands.ConstructorCommand.invokeConstructor(ConstructorCommand.java:80)
[2025-07-08T09:52:12.251+0000] {spark_submit.py:634} INFO - at py4j.commands.ConstructorCommand.execute(ConstructorCommand.java:69)
[2025-07-08T09:52:12.251+0000] {spark_submit.py:634} INFO - at py4j.ClientServerConnection.waitForCommands(ClientServerConnection.java:184)
[2025-07-08T09:52:12.251+0000] {spark_submit.py:634} INFO - at py4j.ClientServerConnection.run(ClientServerConnection.java:108)
[2025-07-08T09:52:12.251+0000] {spark_submit.py:634} INFO - at java.base/java.lang.Thread.run(Thread.java:840)
[2025-07-08T09:52:12.251+0000] {spark_submit.py:634} INFO - 25/07/08 09:52:12 INFO SparkContext: Added file file:///home/***/.ivy2.5.2/jars/com.clickhouse_clickhouse-jdbc-0.6.4.jar at file:///home/***/.ivy2.5.2/jars/com.clickhouse_clickhouse-jdbc-0.6.4.jar with timestamp 1751968331251
[2025-07-08T09:52:12.252+0000] {spark_submit.py:634} INFO - 25/07/08 09:52:12 INFO Utils: Copying /home/***/.ivy2.5.2/jars/com.clickhouse_clickhouse-jdbc-0.6.4.jar to /tmp/spark-0903ff57-4262-456f-8cbb-33a97a4e5e81/userFiles-0f8c5ad1-5b5f-4453-9c2a-62db3874f248/com.clickhouse_clickhouse-jdbc-0.6.4.jar
[2025-07-08T09:52:12.260+0000] {spark_submit.py:634} INFO - 25/07/08 09:52:12 INFO SparkContext: Added file file:///home/***/.ivy2.5.2/jars/org.apache.httpcomponents.client5_httpclient5-5.3.1.jar at file:///home/***/.ivy2.5.2/jars/org.apache.httpcomponents.client5_httpclient5-5.3.1.jar with timestamp 1751968331251
[2025-07-08T09:52:12.260+0000] {spark_submit.py:634} INFO - 25/07/08 09:52:12 INFO Utils: Copying /home/***/.ivy2.5.2/jars/org.apache.httpcomponents.client5_httpclient5-5.3.1.jar to /tmp/spark-0903ff57-4262-456f-8cbb-33a97a4e5e81/userFiles-0f8c5ad1-5b5f-4453-9c2a-62db3874f248/org.apache.httpcomponents.client5_httpclient5-5.3.1.jar
[2025-07-08T09:52:12.266+0000] {spark_submit.py:634} INFO - 25/07/08 09:52:12 INFO SparkContext: Added file file:///home/***/.ivy2.5.2/jars/org.apache.hadoop_hadoop-aws-3.3.5.jar at file:///home/***/.ivy2.5.2/jars/org.apache.hadoop_hadoop-aws-3.3.5.jar with timestamp 1751968331251
[2025-07-08T09:52:12.266+0000] {spark_submit.py:634} INFO - 25/07/08 09:52:12 INFO Utils: Copying /home/***/.ivy2.5.2/jars/org.apache.hadoop_hadoop-aws-3.3.5.jar to /tmp/spark-0903ff57-4262-456f-8cbb-33a97a4e5e81/userFiles-0f8c5ad1-5b5f-4453-9c2a-62db3874f248/org.apache.hadoop_hadoop-aws-3.3.5.jar
[2025-07-08T09:52:12.269+0000] {spark_submit.py:634} INFO - 25/07/08 09:52:12 INFO SparkContext: Added file file:///home/***/.ivy2.5.2/jars/org.apache.httpcomponents.core5_httpcore5-5.2.4.jar at file:///home/***/.ivy2.5.2/jars/org.apache.httpcomponents.core5_httpcore5-5.2.4.jar with timestamp 1751968331251
[2025-07-08T09:52:12.269+0000] {spark_submit.py:634} INFO - 25/07/08 09:52:12 INFO Utils: Copying /home/***/.ivy2.5.2/jars/org.apache.httpcomponents.core5_httpcore5-5.2.4.jar to /tmp/spark-0903ff57-4262-456f-8cbb-33a97a4e5e81/userFiles-0f8c5ad1-5b5f-4453-9c2a-62db3874f248/org.apache.httpcomponents.core5_httpcore5-5.2.4.jar
[2025-07-08T09:52:12.273+0000] {spark_submit.py:634} INFO - 25/07/08 09:52:12 INFO SparkContext: Added file file:///home/***/.ivy2.5.2/jars/org.apache.httpcomponents.core5_httpcore5-h2-5.2.4.jar at file:///home/***/.ivy2.5.2/jars/org.apache.httpcomponents.core5_httpcore5-h2-5.2.4.jar with timestamp 1751968331251
[2025-07-08T09:52:12.273+0000] {spark_submit.py:634} INFO - 25/07/08 09:52:12 INFO Utils: Copying /home/***/.ivy2.5.2/jars/org.apache.httpcomponents.core5_httpcore5-h2-5.2.4.jar to /tmp/spark-0903ff57-4262-456f-8cbb-33a97a4e5e81/userFiles-0f8c5ad1-5b5f-4453-9c2a-62db3874f248/org.apache.httpcomponents.core5_httpcore5-h2-5.2.4.jar
[2025-07-08T09:52:12.323+0000] {spark_submit.py:634} INFO - 25/07/08 09:52:12 INFO SparkContext: Added file file:///home/***/.ivy2.5.2/jars/org.slf4j_slf4j-api-1.7.36.jar at file:///home/***/.ivy2.5.2/jars/org.slf4j_slf4j-api-1.7.36.jar with timestamp 1751968331251
[2025-07-08T09:52:12.324+0000] {spark_submit.py:634} INFO - 25/07/08 09:52:12 INFO Utils: Copying /home/***/.ivy2.5.2/jars/org.slf4j_slf4j-api-1.7.36.jar to /tmp/spark-0903ff57-4262-456f-8cbb-33a97a4e5e81/userFiles-0f8c5ad1-5b5f-4453-9c2a-62db3874f248/org.slf4j_slf4j-api-1.7.36.jar
[2025-07-08T09:52:12.330+0000] {spark_submit.py:634} INFO - 25/07/08 09:52:12 INFO SparkContext: Added file file:///home/***/.ivy2.5.2/jars/com.amazonaws_aws-java-sdk-bundle-1.12.316.jar at file:///home/***/.ivy2.5.2/jars/com.amazonaws_aws-java-sdk-bundle-1.12.316.jar with timestamp 1751968331251
[2025-07-08T09:52:12.330+0000] {spark_submit.py:634} INFO - 25/07/08 09:52:12 INFO Utils: Copying /home/***/.ivy2.5.2/jars/com.amazonaws_aws-java-sdk-bundle-1.12.316.jar to /tmp/spark-0903ff57-4262-456f-8cbb-33a97a4e5e81/userFiles-0f8c5ad1-5b5f-4453-9c2a-62db3874f248/com.amazonaws_aws-java-sdk-bundle-1.12.316.jar
[2025-07-08T09:52:12.453+0000] {spark_submit.py:634} INFO - 25/07/08 09:52:12 INFO SparkContext: Added file file:///home/***/.ivy2.5.2/jars/org.wildfly.openssl_wildfly-openssl-1.1.3.Final.jar at file:///home/***/.ivy2.5.2/jars/org.wildfly.openssl_wildfly-openssl-1.1.3.Final.jar with timestamp 1751968331251
[2025-07-08T09:52:12.454+0000] {spark_submit.py:634} INFO - 25/07/08 09:52:12 INFO Utils: Copying /home/***/.ivy2.5.2/jars/org.wildfly.openssl_wildfly-openssl-1.1.3.Final.jar to /tmp/spark-0903ff57-4262-456f-8cbb-33a97a4e5e81/userFiles-0f8c5ad1-5b5f-4453-9c2a-62db3874f248/org.wildfly.openssl_wildfly-openssl-1.1.3.Final.jar
[2025-07-08T09:52:12.474+0000] {spark_submit.py:634} INFO - 25/07/08 09:52:12 INFO SecurityManager: Changing view acls to: ***
[2025-07-08T09:52:12.474+0000] {spark_submit.py:634} INFO - 25/07/08 09:52:12 INFO SecurityManager: Changing modify acls to: ***
[2025-07-08T09:52:12.474+0000] {spark_submit.py:634} INFO - 25/07/08 09:52:12 INFO SecurityManager: Changing view acls groups to: ***
[2025-07-08T09:52:12.474+0000] {spark_submit.py:634} INFO - 25/07/08 09:52:12 INFO SecurityManager: Changing modify acls groups to: ***
[2025-07-08T09:52:12.475+0000] {spark_submit.py:634} INFO - 25/07/08 09:52:12 INFO SecurityManager: SecurityManager: authentication disabled; ui acls disabled; users with view permissions: *** groups with view permissions: EMPTY; users with modify permissions: ***; groups with modify permissions: EMPTY; RPC SSL disabled
[2025-07-08T09:52:12.634+0000] {spark_submit.py:634} INFO - 25/07/08 09:52:12 INFO Executor: Starting executor ID driver on host 1a66de7e9daf
[2025-07-08T09:52:12.635+0000] {spark_submit.py:634} INFO - 25/07/08 09:52:12 INFO Executor: OS info Linux, 6.8.0-60-generic, amd64
[2025-07-08T09:52:12.635+0000] {spark_submit.py:634} INFO - 25/07/08 09:52:12 INFO Executor: Java version 17.0.15
[2025-07-08T09:52:12.642+0000] {spark_submit.py:634} INFO - 25/07/08 09:52:12 INFO Executor: Starting executor with user classpath (userClassPathFirst = false): ''
[2025-07-08T09:52:12.643+0000] {spark_submit.py:634} INFO - 25/07/08 09:52:12 INFO Executor: Created or updated repl class loader org.apache.spark.util.MutableURLClassLoader@501d78ae for default.
[2025-07-08T09:52:12.650+0000] {spark_submit.py:634} INFO - 25/07/08 09:52:12 INFO Executor: Fetching file:///home/***/.ivy2.5.2/jars/org.apache.hadoop_hadoop-aws-3.3.5.jar with timestamp 1751968331251
[2025-07-08T09:52:12.659+0000] {spark_submit.py:634} INFO - 25/07/08 09:52:12 INFO Utils: /home/***/.ivy2.5.2/jars/org.apache.hadoop_hadoop-aws-3.3.5.jar has been previously copied to /tmp/spark-0903ff57-4262-456f-8cbb-33a97a4e5e81/userFiles-0f8c5ad1-5b5f-4453-9c2a-62db3874f248/org.apache.hadoop_hadoop-aws-3.3.5.jar
[2025-07-08T09:52:12.666+0000] {spark_submit.py:634} INFO - 25/07/08 09:52:12 INFO Executor: Fetching file:///home/***/.ivy2.5.2/jars/com.clickhouse_clickhouse-jdbc-0.6.4.jar with timestamp 1751968331251
[2025-07-08T09:52:12.724+0000] {spark_submit.py:634} INFO - 25/07/08 09:52:12 INFO Utils: /home/***/.ivy2.5.2/jars/com.clickhouse_clickhouse-jdbc-0.6.4.jar has been previously copied to /tmp/spark-0903ff57-4262-456f-8cbb-33a97a4e5e81/userFiles-0f8c5ad1-5b5f-4453-9c2a-62db3874f248/com.clickhouse_clickhouse-jdbc-0.6.4.jar
[2025-07-08T09:52:12.730+0000] {spark_submit.py:634} INFO - 25/07/08 09:52:12 INFO Executor: Fetching file:///home/***/.ivy2.5.2/jars/org.apache.httpcomponents.client5_httpclient5-5.3.1.jar with timestamp 1751968331251
[2025-07-08T09:52:12.731+0000] {spark_submit.py:634} INFO - 25/07/08 09:52:12 INFO Utils: /home/***/.ivy2.5.2/jars/org.apache.httpcomponents.client5_httpclient5-5.3.1.jar has been previously copied to /tmp/spark-0903ff57-4262-456f-8cbb-33a97a4e5e81/userFiles-0f8c5ad1-5b5f-4453-9c2a-62db3874f248/org.apache.httpcomponents.client5_httpclient5-5.3.1.jar
[2025-07-08T09:52:12.736+0000] {spark_submit.py:634} INFO - 25/07/08 09:52:12 INFO Executor: Fetching file:///home/***/.ivy2.5.2/jars/org.apache.httpcomponents.core5_httpcore5-5.2.4.jar with timestamp 1751968331251
[2025-07-08T09:52:12.737+0000] {spark_submit.py:634} INFO - 25/07/08 09:52:12 INFO Utils: /home/***/.ivy2.5.2/jars/org.apache.httpcomponents.core5_httpcore5-5.2.4.jar has been previously copied to /tmp/spark-0903ff57-4262-456f-8cbb-33a97a4e5e81/userFiles-0f8c5ad1-5b5f-4453-9c2a-62db3874f248/org.apache.httpcomponents.core5_httpcore5-5.2.4.jar
[2025-07-08T09:52:12.741+0000] {spark_submit.py:634} INFO - 25/07/08 09:52:12 INFO Executor: Fetching file:///home/***/.ivy2.5.2/jars/org.wildfly.openssl_wildfly-openssl-1.1.3.Final.jar with timestamp 1751968331251
[2025-07-08T09:52:12.742+0000] {spark_submit.py:634} INFO - 25/07/08 09:52:12 INFO Utils: /home/***/.ivy2.5.2/jars/org.wildfly.openssl_wildfly-openssl-1.1.3.Final.jar has been previously copied to /tmp/spark-0903ff57-4262-456f-8cbb-33a97a4e5e81/userFiles-0f8c5ad1-5b5f-4453-9c2a-62db3874f248/org.wildfly.openssl_wildfly-openssl-1.1.3.Final.jar
[2025-07-08T09:52:12.744+0000] {spark_submit.py:634} INFO - 25/07/08 09:52:12 INFO Executor: Fetching file:///home/***/.ivy2.5.2/jars/com.amazonaws_aws-java-sdk-bundle-1.12.316.jar with timestamp 1751968331251
[2025-07-08T09:52:12.889+0000] {spark_submit.py:634} INFO - 25/07/08 09:52:12 INFO Utils: /home/***/.ivy2.5.2/jars/com.amazonaws_aws-java-sdk-bundle-1.12.316.jar has been previously copied to /tmp/spark-0903ff57-4262-456f-8cbb-33a97a4e5e81/userFiles-0f8c5ad1-5b5f-4453-9c2a-62db3874f248/com.amazonaws_aws-java-sdk-bundle-1.12.316.jar
[2025-07-08T09:52:12.895+0000] {spark_submit.py:634} INFO - 25/07/08 09:52:12 INFO Executor: Fetching file:///home/***/.ivy2.5.2/jars/org.apache.httpcomponents.core5_httpcore5-h2-5.2.4.jar with timestamp 1751968331251
[2025-07-08T09:52:12.896+0000] {spark_submit.py:634} INFO - 25/07/08 09:52:12 INFO Utils: /home/***/.ivy2.5.2/jars/org.apache.httpcomponents.core5_httpcore5-h2-5.2.4.jar has been previously copied to /tmp/spark-0903ff57-4262-456f-8cbb-33a97a4e5e81/userFiles-0f8c5ad1-5b5f-4453-9c2a-62db3874f248/org.apache.httpcomponents.core5_httpcore5-h2-5.2.4.jar
[2025-07-08T09:52:12.899+0000] {spark_submit.py:634} INFO - 25/07/08 09:52:12 INFO Executor: Fetching file:///home/***/.ivy2.5.2/jars/org.slf4j_slf4j-api-1.7.36.jar with timestamp 1751968331251
[2025-07-08T09:52:12.900+0000] {spark_submit.py:634} INFO - 25/07/08 09:52:12 INFO Utils: /home/***/.ivy2.5.2/jars/org.slf4j_slf4j-api-1.7.36.jar has been previously copied to /tmp/spark-0903ff57-4262-456f-8cbb-33a97a4e5e81/userFiles-0f8c5ad1-5b5f-4453-9c2a-62db3874f248/org.slf4j_slf4j-api-1.7.36.jar
[2025-07-08T09:52:12.925+0000] {spark_submit.py:634} INFO - 25/07/08 09:52:12 INFO Utils: Successfully started service 'org.apache.spark.network.netty.NettyBlockTransferService' on port 44991.
[2025-07-08T09:52:12.929+0000] {spark_submit.py:634} INFO - 25/07/08 09:52:12 INFO NettyBlockTransferService: Server created on 1a66de7e9daf:44991
[2025-07-08T09:52:12.930+0000] {spark_submit.py:634} INFO - 25/07/08 09:52:12 INFO BlockManager: Using org.apache.spark.storage.RandomBlockReplicationPolicy for block replication policy
[2025-07-08T09:52:12.939+0000] {spark_submit.py:634} INFO - 25/07/08 09:52:12 INFO BlockManagerMaster: Registering BlockManager BlockManagerId(driver, 1a66de7e9daf, 44991, None)
[2025-07-08T09:52:12.944+0000] {spark_submit.py:634} INFO - 25/07/08 09:52:12 INFO BlockManagerMasterEndpoint: Registering block manager 1a66de7e9daf:44991 with 413.9 MiB RAM, BlockManagerId(driver, 1a66de7e9daf, 44991, None)
[2025-07-08T09:52:12.946+0000] {spark_submit.py:634} INFO - 25/07/08 09:52:12 INFO BlockManagerMaster: Registered BlockManager BlockManagerId(driver, 1a66de7e9daf, 44991, None)
[2025-07-08T09:52:12.947+0000] {spark_submit.py:634} INFO - 25/07/08 09:52:12 INFO BlockManager: Initialized BlockManager: BlockManagerId(driver, 1a66de7e9daf, 44991, None)
[2025-07-08T09:52:16.943+0000] {spark_submit.py:634} INFO - 25/07/08 09:52:16 WARN MetricsConfig: Cannot locate configuration: tried hadoop-metrics2-s3a-file-system.properties,hadoop-metrics2.properties
[2025-07-08T09:52:19.534+0000] {spark_submit.py:634} INFO - 25/07/08 09:52:19 WARN SparkStringUtils: Truncated the string representation of a plan since it was too large. This behavior can be adjusted by setting 'spark.sql.debug.maxToStringFields'.
[2025-07-08T09:52:30.392+0000] {spark_submit.py:634} INFO - 25/07/08 09:52:30 WARN JdbcUtils: Requested isolation level 1, but transactions are unsupported
[2025-07-08T09:52:38.950+0000] {spark_submit.py:634} INFO - ------------------------Dữ liệu đã được ghi thành công vào ClickHouse------------------------
[2025-07-08T09:52:39.169+0000] {spark_submit.py:634} INFO - -------------Stop SparkSession-------------
[2025-07-08T09:52:39.316+0000] {taskinstance.py:441} INFO - ::group::Post task execution logs
[2025-07-08T09:52:39.330+0000] {taskinstance.py:1205} INFO - Marking task as SUCCESS. dag_id=my_spark_inline, task_id=spark_write_data, execution_date=20250707T041227, start_date=20250708T094438, end_date=20250708T095239
[2025-07-08T09:52:39.384+0000] {local_task_job_runner.py:240} INFO - Task exited with return code 0
[2025-07-08T09:52:39.401+0000] {taskinstance.py:3482} INFO - 0 downstream tasks scheduled from follow-on schedule check
[2025-07-08T09:52:39.402+0000] {local_task_job_runner.py:222} INFO - ::endgroup::
