[2025-07-07T04:15:37.186+0000] {local_task_job_runner.py:120} INFO - ::group::Pre task execution logs
[2025-07-07T04:15:37.203+0000] {taskinstance.py:2073} INFO - Dependencies all met for dep_context=non-requeueable deps ti=<TaskInstance: my_spark_inline.spark_write_data manual__2025-07-07T04:12:27.341159+00:00 [queued]>
[2025-07-07T04:15:37.299+0000] {taskinstance.py:2073} INFO - Dependencies all met for dep_context=requeueable deps ti=<TaskInstance: my_spark_inline.spark_write_data manual__2025-07-07T04:12:27.341159+00:00 [queued]>
[2025-07-07T04:15:37.300+0000] {taskinstance.py:2303} INFO - Starting attempt 7 of 7
[2025-07-07T04:15:37.314+0000] {taskinstance.py:2327} INFO - Executing <Task(SparkSubmitOperator): spark_write_data> on 2025-07-07 04:12:27.341159+00:00
[2025-07-07T04:15:37.320+0000] {standard_task_runner.py:63} INFO - Started process 2084 to run task
[2025-07-07T04:15:37.323+0000] {standard_task_runner.py:90} INFO - Running: ['***', 'tasks', 'run', 'my_spark_inline', 'spark_write_data', 'manual__2025-07-07T04:12:27.341159+00:00', '--job-id', '130', '--raw', '--subdir', 'DAGS_FOLDER/test_spark.py', '--cfg-path', '/tmp/tmp6xj3xbc3']
[2025-07-07T04:15:37.324+0000] {standard_task_runner.py:91} INFO - Job 130: Subtask spark_write_data
[2025-07-07T04:15:37.335+0000] {logging_mixin.py:188} WARNING - /home/***/.local/lib/python3.11/site-packages/***/settings.py:195 DeprecationWarning: The sql_alchemy_conn option in [core] has been moved to the sql_alchemy_conn option in [database] - the old setting has been used, but please update your config.
[2025-07-07T04:15:37.355+0000] {task_command.py:426} INFO - Running <TaskInstance: my_spark_inline.spark_write_data manual__2025-07-07T04:12:27.341159+00:00 [running]> on host fd5a0096b110
[2025-07-07T04:15:37.406+0000] {taskinstance.py:2644} INFO - Exporting env vars: AIRFLOW_CTX_DAG_OWNER='***' AIRFLOW_CTX_DAG_ID='my_spark_inline' AIRFLOW_CTX_TASK_ID='spark_write_data' AIRFLOW_CTX_EXECUTION_DATE='2025-07-07T04:12:27.341159+00:00' AIRFLOW_CTX_TRY_NUMBER='7' AIRFLOW_CTX_DAG_RUN_ID='manual__2025-07-07T04:12:27.341159+00:00'
[2025-07-07T04:15:37.406+0000] {taskinstance.py:430} INFO - ::endgroup::
[2025-07-07T04:15:37.420+0000] {base.py:84} INFO - Using connection ID 'spark-master' for task execution.
[2025-07-07T04:15:37.422+0000] {spark_submit.py:473} INFO - Spark-Submit cmd: spark-submit --master spark://spark-master:7077:7077 --packages com.clickhouse:clickhouse-jdbc:0.6.4,org.apache.httpcomponents.client5:httpclient5:5.3.1,org.apache.hadoop:hadoop-aws:3.3.5,com.amazonaws:aws-java-sdk-bundle:1.11.1026 --name arrow-spark --deploy-mode client /opt/***/spark_project/src/spark/spark_main_minio.py
[2025-07-07T04:15:37.645+0000] {spark_submit.py:634} INFO - WARNING: Using incubator modules: jdk.incubator.vector
[2025-07-07T04:15:39.017+0000] {spark_submit.py:634} INFO - :: loading settings :: url = jar:file:/home/***/.local/lib/python3.11/site-packages/pyspark/jars/ivy-2.5.3.jar!/org/apache/ivy/core/settings/ivysettings.xml
[2025-07-07T04:15:39.108+0000] {spark_submit.py:634} INFO - Ivy Default Cache set to: /home/***/.ivy2.5.2/cache
[2025-07-07T04:15:39.108+0000] {spark_submit.py:634} INFO - The jars for the packages stored in: /home/***/.ivy2.5.2/jars
[2025-07-07T04:15:39.110+0000] {spark_submit.py:634} INFO - com.clickhouse#clickhouse-jdbc added as a dependency
[2025-07-07T04:15:39.110+0000] {spark_submit.py:634} INFO - org.apache.httpcomponents.client5#httpclient5 added as a dependency
[2025-07-07T04:15:39.110+0000] {spark_submit.py:634} INFO - org.apache.hadoop#hadoop-aws added as a dependency
[2025-07-07T04:15:39.110+0000] {spark_submit.py:634} INFO - com.amazonaws#aws-java-sdk-bundle added as a dependency
[2025-07-07T04:15:39.110+0000] {spark_submit.py:634} INFO - :: resolving dependencies :: org.apache.spark#spark-submit-parent-a26282e3-98de-4a10-b142-b127ed2a7c1b;1.0
[2025-07-07T04:15:39.110+0000] {spark_submit.py:634} INFO - confs: [default]
[2025-07-07T04:15:39.236+0000] {spark_submit.py:634} INFO - found com.clickhouse#clickhouse-jdbc;0.6.4 in central
[2025-07-07T04:15:39.305+0000] {spark_submit.py:634} INFO - found org.apache.httpcomponents.client5#httpclient5;5.3.1 in central
[2025-07-07T04:15:39.318+0000] {spark_submit.py:634} INFO - found org.apache.httpcomponents.core5#httpcore5;5.2.4 in central
[2025-07-07T04:15:39.403+0000] {spark_submit.py:634} INFO - found org.apache.httpcomponents.core5#httpcore5-h2;5.2.4 in central
[2025-07-07T04:15:39.415+0000] {spark_submit.py:634} INFO - found org.slf4j#slf4j-api;1.7.36 in central
[2025-07-07T04:15:39.503+0000] {spark_submit.py:634} INFO - found org.apache.hadoop#hadoop-aws;3.3.5 in central
[2025-07-07T04:15:39.512+0000] {spark_submit.py:634} INFO - found com.amazonaws#aws-java-sdk-bundle;1.12.316 in central
[2025-07-07T04:15:39.590+0000] {spark_submit.py:634} INFO - found org.wildfly.openssl#wildfly-openssl;1.1.3.Final in central
[2025-07-07T04:15:39.606+0000] {spark_submit.py:634} INFO - :: resolution report :: resolve 487ms :: artifacts dl 9ms
[2025-07-07T04:15:39.607+0000] {spark_submit.py:634} INFO - :: modules in use:
[2025-07-07T04:15:39.607+0000] {spark_submit.py:634} INFO - com.amazonaws#aws-java-sdk-bundle;1.12.316 from central in [default]
[2025-07-07T04:15:39.607+0000] {spark_submit.py:634} INFO - com.clickhouse#clickhouse-jdbc;0.6.4 from central in [default]
[2025-07-07T04:15:39.607+0000] {spark_submit.py:634} INFO - org.apache.hadoop#hadoop-aws;3.3.5 from central in [default]
[2025-07-07T04:15:39.607+0000] {spark_submit.py:634} INFO - org.apache.httpcomponents.client5#httpclient5;5.3.1 from central in [default]
[2025-07-07T04:15:39.607+0000] {spark_submit.py:634} INFO - org.apache.httpcomponents.core5#httpcore5;5.2.4 from central in [default]
[2025-07-07T04:15:39.607+0000] {spark_submit.py:634} INFO - org.apache.httpcomponents.core5#httpcore5-h2;5.2.4 from central in [default]
[2025-07-07T04:15:39.607+0000] {spark_submit.py:634} INFO - org.slf4j#slf4j-api;1.7.36 from central in [default]
[2025-07-07T04:15:39.608+0000] {spark_submit.py:634} INFO - org.wildfly.openssl#wildfly-openssl;1.1.3.Final from central in [default]
[2025-07-07T04:15:39.608+0000] {spark_submit.py:634} INFO - :: evicted modules:
[2025-07-07T04:15:39.608+0000] {spark_submit.py:634} INFO - com.amazonaws#aws-java-sdk-bundle;1.11.1026 by [com.amazonaws#aws-java-sdk-bundle;1.12.316] in [default]
[2025-07-07T04:15:39.608+0000] {spark_submit.py:634} INFO - ---------------------------------------------------------------------
[2025-07-07T04:15:39.608+0000] {spark_submit.py:634} INFO - |                  |            modules            ||   artifacts   |
[2025-07-07T04:15:39.608+0000] {spark_submit.py:634} INFO - |       conf       | number| search|dwnlded|evicted|| number|dwnlded|
[2025-07-07T04:15:39.608+0000] {spark_submit.py:634} INFO - ---------------------------------------------------------------------
[2025-07-07T04:15:39.608+0000] {spark_submit.py:634} INFO - |      default     |   9   |   0   |   0   |   1   ||   8   |   0   |
[2025-07-07T04:15:39.609+0000] {spark_submit.py:634} INFO - ---------------------------------------------------------------------
[2025-07-07T04:15:39.610+0000] {spark_submit.py:634} INFO - :: retrieving :: org.apache.spark#spark-submit-parent-a26282e3-98de-4a10-b142-b127ed2a7c1b
[2025-07-07T04:15:39.610+0000] {spark_submit.py:634} INFO - confs: [default]
[2025-07-07T04:15:39.613+0000] {spark_submit.py:634} INFO - 0 artifacts copied, 8 already retrieved (0kB/3ms)
[2025-07-07T04:15:39.918+0000] {spark_submit.py:634} INFO - 25/07/07 04:15:39 WARN NativeCodeLoader: Unable to load native-hadoop library for your platform... using builtin-java classes where applicable
[2025-07-07T04:15:41.311+0000] {spark_submit.py:634} INFO - Using Spark's default log4j profile: org/apache/spark/log4j2-defaults.properties
[2025-07-07T04:15:41.314+0000] {spark_submit.py:634} INFO - 25/07/07 04:15:41 INFO SparkContext: Running Spark version 4.0.0
[2025-07-07T04:15:41.320+0000] {spark_submit.py:634} INFO - 25/07/07 04:15:41 INFO SparkContext: OS info Linux, 6.8.0-60-generic, amd64
[2025-07-07T04:15:41.320+0000] {spark_submit.py:634} INFO - 25/07/07 04:15:41 INFO SparkContext: Java version 17.0.15
[2025-07-07T04:15:41.394+0000] {spark_submit.py:634} INFO - 25/07/07 04:15:41 INFO ResourceUtils: ==============================================================
[2025-07-07T04:15:41.395+0000] {spark_submit.py:634} INFO - 25/07/07 04:15:41 INFO ResourceUtils: No custom resources configured for spark.driver.
[2025-07-07T04:15:41.395+0000] {spark_submit.py:634} INFO - 25/07/07 04:15:41 INFO ResourceUtils: ==============================================================
[2025-07-07T04:15:41.396+0000] {spark_submit.py:634} INFO - 25/07/07 04:15:41 INFO SparkContext: Submitted application: thanhdz
[2025-07-07T04:15:41.410+0000] {spark_submit.py:634} INFO - 25/07/07 04:15:41 INFO ResourceProfile: Default ResourceProfile created, executor resources: Map(cores -> name: cores, amount: 2, script: , vendor: , memory -> name: memory, amount: 1024, script: , vendor: , offHeap -> name: offHeap, amount: 0, script: , vendor: ), task resources: Map(cpus -> name: cpus, amount: 1.0)
[2025-07-07T04:15:41.412+0000] {spark_submit.py:634} INFO - 25/07/07 04:15:41 INFO ResourceProfile: Limiting resource is cpus at 2 tasks per executor
[2025-07-07T04:15:41.414+0000] {spark_submit.py:634} INFO - 25/07/07 04:15:41 INFO ResourceProfileManager: Added ResourceProfile id: 0
[2025-07-07T04:15:41.492+0000] {spark_submit.py:634} INFO - 25/07/07 04:15:41 INFO SecurityManager: Changing view acls to: ***
[2025-07-07T04:15:41.493+0000] {spark_submit.py:634} INFO - 25/07/07 04:15:41 INFO SecurityManager: Changing modify acls to: ***
[2025-07-07T04:15:41.493+0000] {spark_submit.py:634} INFO - 25/07/07 04:15:41 INFO SecurityManager: Changing view acls groups to: ***
[2025-07-07T04:15:41.493+0000] {spark_submit.py:634} INFO - 25/07/07 04:15:41 INFO SecurityManager: Changing modify acls groups to: ***
[2025-07-07T04:15:41.494+0000] {spark_submit.py:634} INFO - 25/07/07 04:15:41 INFO SecurityManager: SecurityManager: authentication disabled; ui acls disabled; users with view permissions: *** groups with view permissions: EMPTY; users with modify permissions: ***; groups with modify permissions: EMPTY; RPC SSL disabled
[2025-07-07T04:15:41.720+0000] {spark_submit.py:634} INFO - 25/07/07 04:15:41 INFO Utils: Successfully started service 'sparkDriver' on port 33165.
[2025-07-07T04:15:41.740+0000] {spark_submit.py:634} INFO - 25/07/07 04:15:41 INFO SparkEnv: Registering MapOutputTracker
[2025-07-07T04:15:41.747+0000] {spark_submit.py:634} INFO - 25/07/07 04:15:41 INFO SparkEnv: Registering BlockManagerMaster
[2025-07-07T04:15:41.797+0000] {spark_submit.py:634} INFO - 25/07/07 04:15:41 INFO BlockManagerMasterEndpoint: Using org.apache.spark.storage.DefaultTopologyMapper for getting topology information
[2025-07-07T04:15:41.797+0000] {spark_submit.py:634} INFO - 25/07/07 04:15:41 INFO BlockManagerMasterEndpoint: BlockManagerMasterEndpoint up
[2025-07-07T04:15:41.800+0000] {spark_submit.py:634} INFO - 25/07/07 04:15:41 INFO SparkEnv: Registering BlockManagerMasterHeartbeat
[2025-07-07T04:15:41.811+0000] {spark_submit.py:634} INFO - 25/07/07 04:15:41 INFO DiskBlockManager: Created local directory at /tmp/blockmgr-5fd89ec7-e21b-44f5-b2d7-1b93751ec3d7
[2025-07-07T04:15:41.823+0000] {spark_submit.py:634} INFO - 25/07/07 04:15:41 INFO SparkEnv: Registering OutputCommitCoordinator
[2025-07-07T04:15:42.007+0000] {spark_submit.py:634} INFO - 25/07/07 04:15:42 INFO JettyUtils: Start Jetty 0.0.0.0:4040 for SparkUI
[2025-07-07T04:15:42.112+0000] {spark_submit.py:634} INFO - 25/07/07 04:15:42 INFO Utils: Successfully started service 'SparkUI' on port 4040.
[2025-07-07T04:15:42.190+0000] {spark_submit.py:634} INFO - 25/07/07 04:15:42 INFO SparkContext: Added JAR file:///home/***/.ivy2.5.2/jars/com.clickhouse_clickhouse-jdbc-0.6.4.jar at spark://fd5a0096b110:33165/jars/com.clickhouse_clickhouse-jdbc-0.6.4.jar with timestamp 1751861741307
[2025-07-07T04:15:42.190+0000] {spark_submit.py:634} INFO - 25/07/07 04:15:42 INFO SparkContext: Added JAR file:///home/***/.ivy2.5.2/jars/org.apache.httpcomponents.client5_httpclient5-5.3.1.jar at spark://fd5a0096b110:33165/jars/org.apache.httpcomponents.client5_httpclient5-5.3.1.jar with timestamp 1751861741307
[2025-07-07T04:15:42.191+0000] {spark_submit.py:634} INFO - 25/07/07 04:15:42 INFO SparkContext: Added JAR file:///home/***/.ivy2.5.2/jars/org.apache.hadoop_hadoop-aws-3.3.5.jar at spark://fd5a0096b110:33165/jars/org.apache.hadoop_hadoop-aws-3.3.5.jar with timestamp 1751861741307
[2025-07-07T04:15:42.191+0000] {spark_submit.py:634} INFO - 25/07/07 04:15:42 INFO SparkContext: Added JAR file:///home/***/.ivy2.5.2/jars/org.apache.httpcomponents.core5_httpcore5-5.2.4.jar at spark://fd5a0096b110:33165/jars/org.apache.httpcomponents.core5_httpcore5-5.2.4.jar with timestamp 1751861741307
[2025-07-07T04:15:42.191+0000] {spark_submit.py:634} INFO - 25/07/07 04:15:42 INFO SparkContext: Added JAR file:///home/***/.ivy2.5.2/jars/org.apache.httpcomponents.core5_httpcore5-h2-5.2.4.jar at spark://fd5a0096b110:33165/jars/org.apache.httpcomponents.core5_httpcore5-h2-5.2.4.jar with timestamp 1751861741307
[2025-07-07T04:15:42.191+0000] {spark_submit.py:634} INFO - 25/07/07 04:15:42 INFO SparkContext: Added JAR file:///home/***/.ivy2.5.2/jars/org.slf4j_slf4j-api-1.7.36.jar at spark://fd5a0096b110:33165/jars/org.slf4j_slf4j-api-1.7.36.jar with timestamp 1751861741307
[2025-07-07T04:15:42.191+0000] {spark_submit.py:634} INFO - 25/07/07 04:15:42 INFO SparkContext: Added JAR file:///home/***/.ivy2.5.2/jars/com.amazonaws_aws-java-sdk-bundle-1.12.316.jar at spark://fd5a0096b110:33165/jars/com.amazonaws_aws-java-sdk-bundle-1.12.316.jar with timestamp 1751861741307
[2025-07-07T04:15:42.191+0000] {spark_submit.py:634} INFO - 25/07/07 04:15:42 INFO SparkContext: Added JAR file:///home/***/.ivy2.5.2/jars/org.wildfly.openssl_wildfly-openssl-1.1.3.Final.jar at spark://fd5a0096b110:33165/jars/org.wildfly.openssl_wildfly-openssl-1.1.3.Final.jar with timestamp 1751861741307
[2025-07-07T04:15:42.193+0000] {spark_submit.py:634} INFO - 25/07/07 04:15:42 INFO SparkContext: Added file file:///home/***/.ivy2.5.2/jars/com.clickhouse_clickhouse-jdbc-0.6.4.jar at spark://fd5a0096b110:33165/files/com.clickhouse_clickhouse-jdbc-0.6.4.jar with timestamp 1751861741307
[2025-07-07T04:15:42.194+0000] {spark_submit.py:634} INFO - 25/07/07 04:15:42 INFO Utils: Copying /home/***/.ivy2.5.2/jars/com.clickhouse_clickhouse-jdbc-0.6.4.jar to /tmp/spark-38542fdd-ddb8-439c-a7f1-56821b7f3c32/userFiles-9b82627e-b20a-49f1-882c-647fb7bcfe3c/com.clickhouse_clickhouse-jdbc-0.6.4.jar
[2025-07-07T04:15:42.203+0000] {spark_submit.py:634} INFO - 25/07/07 04:15:42 INFO SparkContext: Added file file:///home/***/.ivy2.5.2/jars/org.apache.httpcomponents.client5_httpclient5-5.3.1.jar at spark://fd5a0096b110:33165/files/org.apache.httpcomponents.client5_httpclient5-5.3.1.jar with timestamp 1751861741307
[2025-07-07T04:15:42.203+0000] {spark_submit.py:634} INFO - 25/07/07 04:15:42 INFO Utils: Copying /home/***/.ivy2.5.2/jars/org.apache.httpcomponents.client5_httpclient5-5.3.1.jar to /tmp/spark-38542fdd-ddb8-439c-a7f1-56821b7f3c32/userFiles-9b82627e-b20a-49f1-882c-647fb7bcfe3c/org.apache.httpcomponents.client5_httpclient5-5.3.1.jar
[2025-07-07T04:15:42.209+0000] {spark_submit.py:634} INFO - 25/07/07 04:15:42 INFO SparkContext: Added file file:///home/***/.ivy2.5.2/jars/org.apache.hadoop_hadoop-aws-3.3.5.jar at spark://fd5a0096b110:33165/files/org.apache.hadoop_hadoop-aws-3.3.5.jar with timestamp 1751861741307
[2025-07-07T04:15:42.209+0000] {spark_submit.py:634} INFO - 25/07/07 04:15:42 INFO Utils: Copying /home/***/.ivy2.5.2/jars/org.apache.hadoop_hadoop-aws-3.3.5.jar to /tmp/spark-38542fdd-ddb8-439c-a7f1-56821b7f3c32/userFiles-9b82627e-b20a-49f1-882c-647fb7bcfe3c/org.apache.hadoop_hadoop-aws-3.3.5.jar
[2025-07-07T04:15:42.214+0000] {spark_submit.py:634} INFO - 25/07/07 04:15:42 INFO SparkContext: Added file file:///home/***/.ivy2.5.2/jars/org.apache.httpcomponents.core5_httpcore5-5.2.4.jar at spark://fd5a0096b110:33165/files/org.apache.httpcomponents.core5_httpcore5-5.2.4.jar with timestamp 1751861741307
[2025-07-07T04:15:42.214+0000] {spark_submit.py:634} INFO - 25/07/07 04:15:42 INFO Utils: Copying /home/***/.ivy2.5.2/jars/org.apache.httpcomponents.core5_httpcore5-5.2.4.jar to /tmp/spark-38542fdd-ddb8-439c-a7f1-56821b7f3c32/userFiles-9b82627e-b20a-49f1-882c-647fb7bcfe3c/org.apache.httpcomponents.core5_httpcore5-5.2.4.jar
[2025-07-07T04:15:42.218+0000] {spark_submit.py:634} INFO - 25/07/07 04:15:42 INFO SparkContext: Added file file:///home/***/.ivy2.5.2/jars/org.apache.httpcomponents.core5_httpcore5-h2-5.2.4.jar at spark://fd5a0096b110:33165/files/org.apache.httpcomponents.core5_httpcore5-h2-5.2.4.jar with timestamp 1751861741307
[2025-07-07T04:15:42.219+0000] {spark_submit.py:634} INFO - 25/07/07 04:15:42 INFO Utils: Copying /home/***/.ivy2.5.2/jars/org.apache.httpcomponents.core5_httpcore5-h2-5.2.4.jar to /tmp/spark-38542fdd-ddb8-439c-a7f1-56821b7f3c32/userFiles-9b82627e-b20a-49f1-882c-647fb7bcfe3c/org.apache.httpcomponents.core5_httpcore5-h2-5.2.4.jar
[2025-07-07T04:15:42.222+0000] {spark_submit.py:634} INFO - 25/07/07 04:15:42 INFO SparkContext: Added file file:///home/***/.ivy2.5.2/jars/org.slf4j_slf4j-api-1.7.36.jar at spark://fd5a0096b110:33165/files/org.slf4j_slf4j-api-1.7.36.jar with timestamp 1751861741307
[2025-07-07T04:15:42.222+0000] {spark_submit.py:634} INFO - 25/07/07 04:15:42 INFO Utils: Copying /home/***/.ivy2.5.2/jars/org.slf4j_slf4j-api-1.7.36.jar to /tmp/spark-38542fdd-ddb8-439c-a7f1-56821b7f3c32/userFiles-9b82627e-b20a-49f1-882c-647fb7bcfe3c/org.slf4j_slf4j-api-1.7.36.jar
[2025-07-07T04:15:42.226+0000] {spark_submit.py:634} INFO - 25/07/07 04:15:42 INFO SparkContext: Added file file:///home/***/.ivy2.5.2/jars/com.amazonaws_aws-java-sdk-bundle-1.12.316.jar at spark://fd5a0096b110:33165/files/com.amazonaws_aws-java-sdk-bundle-1.12.316.jar with timestamp 1751861741307
[2025-07-07T04:15:42.226+0000] {spark_submit.py:634} INFO - 25/07/07 04:15:42 INFO Utils: Copying /home/***/.ivy2.5.2/jars/com.amazonaws_aws-java-sdk-bundle-1.12.316.jar to /tmp/spark-38542fdd-ddb8-439c-a7f1-56821b7f3c32/userFiles-9b82627e-b20a-49f1-882c-647fb7bcfe3c/com.amazonaws_aws-java-sdk-bundle-1.12.316.jar
[2025-07-07T04:15:42.399+0000] {spark_submit.py:634} INFO - 25/07/07 04:15:42 INFO SparkContext: Added file file:///home/***/.ivy2.5.2/jars/org.wildfly.openssl_wildfly-openssl-1.1.3.Final.jar at spark://fd5a0096b110:33165/files/org.wildfly.openssl_wildfly-openssl-1.1.3.Final.jar with timestamp 1751861741307
[2025-07-07T04:15:42.399+0000] {spark_submit.py:634} INFO - 25/07/07 04:15:42 INFO Utils: Copying /home/***/.ivy2.5.2/jars/org.wildfly.openssl_wildfly-openssl-1.1.3.Final.jar to /tmp/spark-38542fdd-ddb8-439c-a7f1-56821b7f3c32/userFiles-9b82627e-b20a-49f1-882c-647fb7bcfe3c/org.wildfly.openssl_wildfly-openssl-1.1.3.Final.jar
[2025-07-07T04:15:42.423+0000] {spark_submit.py:634} INFO - 25/07/07 04:15:42 INFO SecurityManager: Changing view acls to: ***
[2025-07-07T04:15:42.423+0000] {spark_submit.py:634} INFO - 25/07/07 04:15:42 INFO SecurityManager: Changing modify acls to: ***
[2025-07-07T04:15:42.423+0000] {spark_submit.py:634} INFO - 25/07/07 04:15:42 INFO SecurityManager: Changing view acls groups to: ***
[2025-07-07T04:15:42.423+0000] {spark_submit.py:634} INFO - 25/07/07 04:15:42 INFO SecurityManager: Changing modify acls groups to: ***
[2025-07-07T04:15:42.424+0000] {spark_submit.py:634} INFO - 25/07/07 04:15:42 INFO SecurityManager: SecurityManager: authentication disabled; ui acls disabled; users with view permissions: *** groups with view permissions: EMPTY; users with modify permissions: ***; groups with modify permissions: EMPTY; RPC SSL disabled
[2025-07-07T04:15:42.608+0000] {spark_submit.py:634} INFO - 25/07/07 04:15:42 INFO StandaloneAppClient$ClientEndpoint: Connecting to master spark://spark-master:7077...
[2025-07-07T04:15:42.703+0000] {spark_submit.py:634} INFO - 25/07/07 04:15:42 INFO TransportClientFactory: Successfully created connection to spark-master/172.21.0.6:7077 after 80 ms (0 ms spent in bootstraps)
[2025-07-07T04:15:42.803+0000] {spark_submit.py:634} INFO - 25/07/07 04:15:42 INFO StandaloneSchedulerBackend: Connected to Spark cluster with app ID app-20250707041542-0005
[2025-07-07T04:15:42.806+0000] {spark_submit.py:634} INFO - 25/07/07 04:15:42 INFO StandaloneAppClient$ClientEndpoint: Executor added: app-20250707041542-0005/0 on worker-20250707035127-172.21.0.7-39237 (172.21.0.7:39237) with 2 core(s)
[2025-07-07T04:15:42.808+0000] {spark_submit.py:634} INFO - 25/07/07 04:15:42 INFO Utils: Successfully started service 'org.apache.spark.network.netty.NettyBlockTransferService' on port 43907.
[2025-07-07T04:15:42.809+0000] {spark_submit.py:634} INFO - 25/07/07 04:15:42 INFO NettyBlockTransferService: Server created on fd5a0096b110:43907
[2025-07-07T04:15:42.809+0000] {spark_submit.py:634} INFO - 25/07/07 04:15:42 INFO StandaloneSchedulerBackend: Granted executor ID app-20250707041542-0005/0 on hostPort 172.21.0.7:39237 with 2 core(s), 1024.0 MiB RAM
[2025-07-07T04:15:42.809+0000] {spark_submit.py:634} INFO - 25/07/07 04:15:42 INFO BlockManager: Using org.apache.spark.storage.RandomBlockReplicationPolicy for block replication policy
[2025-07-07T04:15:42.817+0000] {spark_submit.py:634} INFO - 25/07/07 04:15:42 INFO BlockManagerMaster: Registering BlockManager BlockManagerId(driver, fd5a0096b110, 43907, None)
[2025-07-07T04:15:42.821+0000] {spark_submit.py:634} INFO - 25/07/07 04:15:42 INFO BlockManagerMasterEndpoint: Registering block manager fd5a0096b110:43907 with 413.9 MiB RAM, BlockManagerId(driver, fd5a0096b110, 43907, None)
[2025-07-07T04:15:42.822+0000] {spark_submit.py:634} INFO - 25/07/07 04:15:42 INFO BlockManagerMaster: Registered BlockManager BlockManagerId(driver, fd5a0096b110, 43907, None)
[2025-07-07T04:15:42.823+0000] {spark_submit.py:634} INFO - 25/07/07 04:15:42 INFO BlockManager: Initialized BlockManager: BlockManagerId(driver, fd5a0096b110, 43907, None)
[2025-07-07T04:15:42.887+0000] {spark_submit.py:634} INFO - 25/07/07 04:15:42 INFO StandaloneAppClient$ClientEndpoint: Executor updated: app-20250707041542-0005/0 is now RUNNING
[2025-07-07T04:15:43.099+0000] {spark_submit.py:634} INFO - 25/07/07 04:15:43 INFO StandaloneSchedulerBackend: SchedulerBackend is ready for scheduling beginning after reached minRegisteredResourcesRatio: 0.0
[2025-07-07T04:15:44.098+0000] {spark_submit.py:634} INFO - 25/07/07 04:15:44 INFO StandaloneSchedulerBackend$StandaloneDriverEndpoint: Registered executor NettyRpcEndpointRef(spark-client://Executor) (172.21.0.7:51668) with ID 0, ResourceProfileId 0
[2025-07-07T04:15:44.189+0000] {spark_submit.py:634} INFO - 25/07/07 04:15:44 INFO BlockManagerMasterEndpoint: Registering block manager 172.21.0.7:44647 with 434.4 MiB RAM, BlockManagerId(0, 172.21.0.7, 44647, None)
[2025-07-07T04:15:45.720+0000] {spark_submit.py:634} INFO - --- Checking Spark Hadoop Configurations ---
[2025-07-07T04:15:45.729+0000] {spark_submit.py:634} INFO - S3A Config: fs.s3a.select.output.csv.record.delimiter = \n
[2025-07-07T04:15:45.730+0000] {spark_submit.py:634} INFO - S3A Config: fs.s3a.select.input.csv.quote.character = "
[2025-07-07T04:15:45.733+0000] {spark_submit.py:634} INFO - S3A Config: fs.s3a.path.style.access = false
[2025-07-07T04:15:45.742+0000] {spark_submit.py:634} INFO - S3A Config: fs.s3a.select.input.compression = none
[2025-07-07T04:15:45.743+0000] {spark_submit.py:634} INFO - S3A Config: fs.s3a.max.total.tasks = 32
[2025-07-07T04:15:45.794+0000] {spark_submit.py:634} INFO - S3A Config: fs.s3a.select.output.csv.quote.fields = always
[2025-07-07T04:15:45.799+0000] {spark_submit.py:634} INFO - S3A Config: fs.s3a.select.input.csv.header = none
[2025-07-07T04:15:45.800+0000] {spark_submit.py:634} INFO - S3A Config: mapreduce.outputcommitter.factory.scheme.s3a = org.apache.hadoop.fs.s3a.commit.S3ACommitterFactory
[2025-07-07T04:15:45.802+0000] {spark_submit.py:634} INFO - S3A Config: fs.s3a.impl = org.apache.hadoop.fs.s3a.S3AFileSystem
[2025-07-07T04:15:45.813+0000] {spark_submit.py:634} INFO - S3A Config: fs.s3a.select.enabled = true
[2025-07-07T04:15:45.814+0000] {spark_submit.py:634} INFO - S3A Config: fs.s3a.committer.staging.tmp.path = tmp/staging
[2025-07-07T04:15:45.821+0000] {spark_submit.py:634} INFO - S3A Config: fs.s3a.executor.capacity = 16
[2025-07-07T04:15:45.822+0000] {spark_submit.py:634} INFO - S3A Config: fs.s3a.multiobjectdelete.enable = true
[2025-07-07T04:15:45.828+0000] {spark_submit.py:634} INFO - S3A Config: fs.s3a.multipart.purge = false
[2025-07-07T04:15:45.828+0000] {spark_submit.py:634} INFO - S3A Config: fs.s3a.connection.establish.timeout = 30s
[2025-07-07T04:15:45.829+0000] {spark_submit.py:634} INFO - S3A Config: fs.s3a.downgrade.syncable.exceptions = true
[2025-07-07T04:15:45.829+0000] {spark_submit.py:634} INFO - S3A Config: fs.s3a.multipart.purge.age = 24h
[2025-07-07T04:15:45.829+0000] {spark_submit.py:634} INFO - !!! FOUND '24h' !!! -> fs.s3a.multipart.purge.age = 24h
[2025-07-07T04:15:45.833+0000] {spark_submit.py:634} INFO - S3A Config: fs.s3a.audit.enabled = true
[2025-07-07T04:15:45.834+0000] {spark_submit.py:634} INFO - S3A Config: fs.s3a.select.input.csv.record.delimiter = \n
[2025-07-07T04:15:45.834+0000] {spark_submit.py:634} INFO - S3A Config: fs.s3a.accesspoint.required = false
[2025-07-07T04:15:45.834+0000] {spark_submit.py:634} INFO - S3A Config: fs.s3a.retry.limit = 7
[2025-07-07T04:15:45.835+0000] {spark_submit.py:634} INFO - S3A Config: fs.s3a.committer.name = file
[2025-07-07T04:15:45.836+0000] {spark_submit.py:634} INFO - S3A Config: fs.s3a.threads.max = 96
[2025-07-07T04:15:45.837+0000] {spark_submit.py:634} INFO - S3A Config: fs.s3a.threads.keepalivetime = 60s
[2025-07-07T04:15:45.839+0000] {spark_submit.py:634} INFO - S3A Config: fs.s3a.select.input.csv.quote.escape.character = \\
[2025-07-07T04:15:45.840+0000] {spark_submit.py:634} INFO - S3A Config: fs.s3a.multipart.threshold = 128M
[2025-07-07T04:15:45.841+0000] {spark_submit.py:634} INFO - S3A Config: fs.s3a.ssl.channel.mode = default_jsse
[2025-07-07T04:15:45.841+0000] {spark_submit.py:634} INFO - S3A Config: fs.s3a.change.detection.mode = server
[2025-07-07T04:15:45.841+0000] {spark_submit.py:634} INFO - S3A Config: fs.s3a.buffer.dir = ${env.LOCAL_DIRS:-${hadoop.tmp.dir}}/s3a
[2025-07-07T04:15:45.842+0000] {spark_submit.py:634} INFO - S3A Config: fs.s3a.fast.upload.active.blocks = 4
[2025-07-07T04:15:45.844+0000] {spark_submit.py:634} INFO - S3A Config: fs.s3a.block.size = 32M
[2025-07-07T04:15:45.847+0000] {spark_submit.py:634} INFO - S3A Config: fs.s3a.change.detection.version.required = true
[2025-07-07T04:15:45.908+0000] {spark_submit.py:634} INFO - S3A Config: fs.s3a.select.output.csv.field.delimiter = ,
[2025-07-07T04:15:45.909+0000] {spark_submit.py:634} INFO - S3A Config: fs.s3a.committer.staging.conflict-mode = append
[2025-07-07T04:15:45.912+0000] {spark_submit.py:634} INFO - S3A Config: fs.s3a.select.output.csv.quote.escape.character = \\
[2025-07-07T04:15:45.913+0000] {spark_submit.py:634} INFO - S3A Config: fs.viewfs.overload.scheme.target.s3a.impl = org.apache.hadoop.fs.s3a.S3AFileSystem
[2025-07-07T04:15:45.915+0000] {spark_submit.py:634} INFO - S3A Config: fs.s3a.list.version = 2
[2025-07-07T04:15:45.915+0000] {spark_submit.py:634} INFO - S3A Config: fs.s3a.connection.maximum = 500
[2025-07-07T04:15:45.915+0000] {spark_submit.py:634} INFO - S3A Config: fs.s3a.paging.maximum = 5000
[2025-07-07T04:15:45.918+0000] {spark_submit.py:634} INFO - S3A Config: fs.s3a.readahead.range = 64K
[2025-07-07T04:15:45.918+0000] {spark_submit.py:634} INFO - S3A Config: fs.s3a.attempts.maximum = 5
[2025-07-07T04:15:45.920+0000] {spark_submit.py:634} INFO - S3A Config: fs.s3a.select.input.csv.comment.marker = #
[2025-07-07T04:15:45.921+0000] {spark_submit.py:634} INFO - S3A Config: fs.s3a.etag.checksum.enabled = false
[2025-07-07T04:15:45.921+0000] {spark_submit.py:634} INFO - S3A Config: fs.s3a.retry.interval = 500ms
[2025-07-07T04:15:45.922+0000] {spark_submit.py:634} INFO - S3A Config: fs.s3a.select.errors.include.sql = false
[2025-07-07T04:15:45.929+0000] {spark_submit.py:634} INFO - S3A Config: fs.s3a.multipart.size = 64M
[2025-07-07T04:15:45.931+0000] {spark_submit.py:634} INFO - S3A Config: fs.s3a.select.input.csv.field.delimiter = ,
[2025-07-07T04:15:45.931+0000] {spark_submit.py:634} INFO - S3A Config: fs.s3a.socket.recv.buffer = 8192
[2025-07-07T04:15:45.933+0000] {spark_submit.py:634} INFO - S3A Config: fs.s3a.connection.ssl.enabled = true
[2025-07-07T04:15:45.934+0000] {spark_submit.py:634} INFO - S3A Config: fs.s3a.committer.threads = 8
[2025-07-07T04:15:45.939+0000] {spark_submit.py:634} INFO - S3A Config: fs.s3a.fast.upload.buffer = disk
[2025-07-07T04:15:45.942+0000] {spark_submit.py:634} INFO - S3A Config: fs.s3a.select.output.csv.quote.character = "
[2025-07-07T04:15:45.945+0000] {spark_submit.py:634} INFO - S3A Config: fs.s3a.committer.staging.unique-filenames = true
[2025-07-07T04:15:45.946+0000] {spark_submit.py:634} INFO - S3A Config: fs.s3a.retry.throttle.interval = 100ms
[2025-07-07T04:15:45.994+0000] {spark_submit.py:634} INFO - S3A Config: fs.s3a.connection.ttl = 5m
[2025-07-07T04:15:45.995+0000] {spark_submit.py:634} INFO - S3A Config: fs.s3a.aws.credentials.provider =
[2025-07-07T04:15:45.995+0000] {spark_submit.py:634} INFO - org.apache.hadoop.fs.s3a.TemporaryAWSCredentialsProvider,
[2025-07-07T04:15:45.995+0000] {spark_submit.py:634} INFO - org.apache.hadoop.fs.s3a.SimpleAWSCredentialsProvider,
[2025-07-07T04:15:45.995+0000] {spark_submit.py:634} INFO - software.amazon.awssdk.auth.credentials.EnvironmentVariableCredentialsProvider,
[2025-07-07T04:15:45.995+0000] {spark_submit.py:634} INFO - org.apache.hadoop.fs.s3a.auth.IAMInstanceCredentialsProvider
[2025-07-07T04:15:45.995+0000] {spark_submit.py:634} INFO - 
[2025-07-07T04:15:45.995+0000] {spark_submit.py:634} INFO - S3A Config: fs.s3a.assumed.role.session.duration = 30m
[2025-07-07T04:15:45.998+0000] {spark_submit.py:634} INFO - S3A Config: fs.s3a.assumed.role.credentials.provider = org.apache.hadoop.fs.s3a.SimpleAWSCredentialsProvider
[2025-07-07T04:15:45.999+0000] {spark_submit.py:634} INFO - S3A Config: fs.s3a.committer.abort.pending.uploads = true
[2025-07-07T04:15:46.001+0000] {spark_submit.py:634} INFO - S3A Config: fs.s3a.committer.magic.enabled = true
[2025-07-07T04:15:46.002+0000] {spark_submit.py:634} INFO - S3A Config: fs.s3a.connection.timeout = 200s
[2025-07-07T04:15:46.003+0000] {spark_submit.py:634} INFO - S3A Config: fs.s3a.change.detection.source = etag
[2025-07-07T04:15:46.007+0000] {spark_submit.py:634} INFO - S3A Config: fs.AbstractFileSystem.s3a.impl = org.apache.hadoop.fs.s3a.S3A
[2025-07-07T04:15:46.009+0000] {spark_submit.py:634} INFO - S3A Config: fs.s3a.socket.send.buffer = 8192
[2025-07-07T04:15:46.012+0000] {spark_submit.py:634} INFO - S3A Config: fs.s3a.retry.throttle.limit = 20
[2025-07-07T04:15:46.012+0000] {spark_submit.py:634} INFO - ------------------------------------------
[2025-07-07T04:15:46.838+0000] {spark_submit.py:634} INFO - 25/07/07 04:15:46 WARN MetricsConfig: Cannot locate configuration: tried hadoop-metrics2-s3a-file-system.properties,hadoop-metrics2.properties
[2025-07-07T04:15:51.714+0000] {spark_submit.py:634} INFO - Python-dotenv could not parse statement starting at line 2
[2025-07-07T04:15:52.204+0000] {spark_submit.py:634} INFO - 25/07/07 04:15:52 WARN SparkStringUtils: Truncated the string representation of a plan since it was too large. This behavior can be adjusted by setting 'spark.sql.debug.maxToStringFields'.
[2025-07-07T04:15:56.308+0000] {spark_submit.py:634} INFO - ------------------------Dữ liệu đã được ghi thành công vào ClickHouse------------------------
[2025-07-07T04:15:56.697+0000] {spark_submit.py:634} INFO - -------------Stop SparkSession-------------
[2025-07-07T04:15:56.850+0000] {taskinstance.py:441} INFO - ::group::Post task execution logs
[2025-07-07T04:15:56.859+0000] {taskinstance.py:1205} INFO - Marking task as SUCCESS. dag_id=my_spark_inline, task_id=spark_write_data, execution_date=20250707T041227, start_date=20250707T041537, end_date=20250707T041556
[2025-07-07T04:15:56.899+0000] {local_task_job_runner.py:240} INFO - Task exited with return code 0
[2025-07-07T04:15:56.913+0000] {taskinstance.py:3482} INFO - 0 downstream tasks scheduled from follow-on schedule check
[2025-07-07T04:15:56.914+0000] {local_task_job_runner.py:222} INFO - ::endgroup::
