[2025-07-07T04:12:27.712+0000] {local_task_job_runner.py:120} INFO - ::group::Pre task execution logs
[2025-07-07T04:12:27.734+0000] {taskinstance.py:2073} INFO - Dependencies all met for dep_context=non-requeueable deps ti=<TaskInstance: my_spark_inline.spark_write_data manual__2025-07-07T04:12:27.341159+00:00 [queued]>
[2025-07-07T04:12:27.841+0000] {taskinstance.py:2073} INFO - Dependencies all met for dep_context=requeueable deps ti=<TaskInstance: my_spark_inline.spark_write_data manual__2025-07-07T04:12:27.341159+00:00 [queued]>
[2025-07-07T04:12:27.841+0000] {taskinstance.py:2303} INFO - Starting attempt 1 of 1
[2025-07-07T04:12:27.853+0000] {taskinstance.py:2327} INFO - Executing <Task(SparkSubmitOperator): spark_write_data> on 2025-07-07 04:12:27.341159+00:00
[2025-07-07T04:12:27.859+0000] {standard_task_runner.py:63} INFO - Started process 1319 to run task
[2025-07-07T04:12:27.860+0000] {standard_task_runner.py:90} INFO - Running: ['***', 'tasks', 'run', 'my_spark_inline', 'spark_write_data', 'manual__2025-07-07T04:12:27.341159+00:00', '--job-id', '124', '--raw', '--subdir', 'DAGS_FOLDER/test_spark.py', '--cfg-path', '/tmp/tmpiug6urvv']
[2025-07-07T04:12:27.862+0000] {standard_task_runner.py:91} INFO - Job 124: Subtask spark_write_data
[2025-07-07T04:12:27.871+0000] {logging_mixin.py:188} WARNING - /home/***/.local/lib/python3.11/site-packages/***/settings.py:195 DeprecationWarning: The sql_alchemy_conn option in [core] has been moved to the sql_alchemy_conn option in [database] - the old setting has been used, but please update your config.
[2025-07-07T04:12:27.890+0000] {task_command.py:426} INFO - Running <TaskInstance: my_spark_inline.spark_write_data manual__2025-07-07T04:12:27.341159+00:00 [running]> on host fd5a0096b110
[2025-07-07T04:12:27.934+0000] {taskinstance.py:2644} INFO - Exporting env vars: AIRFLOW_CTX_DAG_OWNER='***' AIRFLOW_CTX_DAG_ID='my_spark_inline' AIRFLOW_CTX_TASK_ID='spark_write_data' AIRFLOW_CTX_EXECUTION_DATE='2025-07-07T04:12:27.341159+00:00' AIRFLOW_CTX_TRY_NUMBER='1' AIRFLOW_CTX_DAG_RUN_ID='manual__2025-07-07T04:12:27.341159+00:00'
[2025-07-07T04:12:27.935+0000] {taskinstance.py:430} INFO - ::endgroup::
[2025-07-07T04:12:27.948+0000] {base.py:84} INFO - Using connection ID 'spark-master' for task execution.
[2025-07-07T04:12:27.949+0000] {spark_submit.py:473} INFO - Spark-Submit cmd: spark-submit --master spark://spark-master:7077:7077 --packages com.clickhouse:clickhouse-jdbc:0.6.4,org.apache.httpcomponents.client5:httpclient5:5.3.1,org.apache.hadoop:hadoop-aws:3.3.5,com.amazonaws:aws-java-sdk-bundle:1.11.1026 --name arrow-spark --deploy-mode client /opt/***/spark_project/src/spark/spark_main_minio.py
[2025-07-07T04:12:28.153+0000] {spark_submit.py:634} INFO - WARNING: Using incubator modules: jdk.incubator.vector
[2025-07-07T04:12:29.525+0000] {spark_submit.py:634} INFO - :: loading settings :: url = jar:file:/home/***/.local/lib/python3.11/site-packages/pyspark/jars/ivy-2.5.3.jar!/org/apache/ivy/core/settings/ivysettings.xml
[2025-07-07T04:12:29.617+0000] {spark_submit.py:634} INFO - Ivy Default Cache set to: /home/***/.ivy2.5.2/cache
[2025-07-07T04:12:29.618+0000] {spark_submit.py:634} INFO - The jars for the packages stored in: /home/***/.ivy2.5.2/jars
[2025-07-07T04:12:29.620+0000] {spark_submit.py:634} INFO - com.clickhouse#clickhouse-jdbc added as a dependency
[2025-07-07T04:12:29.620+0000] {spark_submit.py:634} INFO - org.apache.httpcomponents.client5#httpclient5 added as a dependency
[2025-07-07T04:12:29.620+0000] {spark_submit.py:634} INFO - org.apache.hadoop#hadoop-aws added as a dependency
[2025-07-07T04:12:29.620+0000] {spark_submit.py:634} INFO - com.amazonaws#aws-java-sdk-bundle added as a dependency
[2025-07-07T04:12:29.620+0000] {spark_submit.py:634} INFO - :: resolving dependencies :: org.apache.spark#spark-submit-parent-a8b8a51e-7849-4c92-ac03-4623072cbe41;1.0
[2025-07-07T04:12:29.620+0000] {spark_submit.py:634} INFO - confs: [default]
[2025-07-07T04:12:29.794+0000] {spark_submit.py:634} INFO - found com.clickhouse#clickhouse-jdbc;0.6.4 in central
[2025-07-07T04:12:29.812+0000] {spark_submit.py:634} INFO - found org.apache.httpcomponents.client5#httpclient5;5.3.1 in central
[2025-07-07T04:12:29.893+0000] {spark_submit.py:634} INFO - found org.apache.httpcomponents.core5#httpcore5;5.2.4 in central
[2025-07-07T04:12:29.906+0000] {spark_submit.py:634} INFO - found org.apache.httpcomponents.core5#httpcore5-h2;5.2.4 in central
[2025-07-07T04:12:29.917+0000] {spark_submit.py:634} INFO - found org.slf4j#slf4j-api;1.7.36 in central
[2025-07-07T04:12:30.003+0000] {spark_submit.py:634} INFO - found org.apache.hadoop#hadoop-aws;3.3.5 in central
[2025-07-07T04:12:30.013+0000] {spark_submit.py:634} INFO - found com.amazonaws#aws-java-sdk-bundle;1.12.316 in central
[2025-07-07T04:12:30.020+0000] {spark_submit.py:634} INFO - found org.wildfly.openssl#wildfly-openssl;1.1.3.Final in central
[2025-07-07T04:12:30.102+0000] {spark_submit.py:634} INFO - :: resolution report :: resolve 472ms :: artifacts dl 10ms
[2025-07-07T04:12:30.103+0000] {spark_submit.py:634} INFO - :: modules in use:
[2025-07-07T04:12:30.103+0000] {spark_submit.py:634} INFO - com.amazonaws#aws-java-sdk-bundle;1.12.316 from central in [default]
[2025-07-07T04:12:30.103+0000] {spark_submit.py:634} INFO - com.clickhouse#clickhouse-jdbc;0.6.4 from central in [default]
[2025-07-07T04:12:30.103+0000] {spark_submit.py:634} INFO - org.apache.hadoop#hadoop-aws;3.3.5 from central in [default]
[2025-07-07T04:12:30.103+0000] {spark_submit.py:634} INFO - org.apache.httpcomponents.client5#httpclient5;5.3.1 from central in [default]
[2025-07-07T04:12:30.103+0000] {spark_submit.py:634} INFO - org.apache.httpcomponents.core5#httpcore5;5.2.4 from central in [default]
[2025-07-07T04:12:30.103+0000] {spark_submit.py:634} INFO - org.apache.httpcomponents.core5#httpcore5-h2;5.2.4 from central in [default]
[2025-07-07T04:12:30.103+0000] {spark_submit.py:634} INFO - org.slf4j#slf4j-api;1.7.36 from central in [default]
[2025-07-07T04:12:30.103+0000] {spark_submit.py:634} INFO - org.wildfly.openssl#wildfly-openssl;1.1.3.Final from central in [default]
[2025-07-07T04:12:30.103+0000] {spark_submit.py:634} INFO - :: evicted modules:
[2025-07-07T04:12:30.103+0000] {spark_submit.py:634} INFO - com.amazonaws#aws-java-sdk-bundle;1.11.1026 by [com.amazonaws#aws-java-sdk-bundle;1.12.316] in [default]
[2025-07-07T04:12:30.103+0000] {spark_submit.py:634} INFO - ---------------------------------------------------------------------
[2025-07-07T04:12:30.103+0000] {spark_submit.py:634} INFO - |                  |            modules            ||   artifacts   |
[2025-07-07T04:12:30.103+0000] {spark_submit.py:634} INFO - |       conf       | number| search|dwnlded|evicted|| number|dwnlded|
[2025-07-07T04:12:30.103+0000] {spark_submit.py:634} INFO - ---------------------------------------------------------------------
[2025-07-07T04:12:30.103+0000] {spark_submit.py:634} INFO - |      default     |   9   |   0   |   0   |   1   ||   8   |   0   |
[2025-07-07T04:12:30.103+0000] {spark_submit.py:634} INFO - ---------------------------------------------------------------------
[2025-07-07T04:12:30.106+0000] {spark_submit.py:634} INFO - :: retrieving :: org.apache.spark#spark-submit-parent-a8b8a51e-7849-4c92-ac03-4623072cbe41
[2025-07-07T04:12:30.107+0000] {spark_submit.py:634} INFO - confs: [default]
[2025-07-07T04:12:30.111+0000] {spark_submit.py:634} INFO - 0 artifacts copied, 8 already retrieved (0kB/4ms)
[2025-07-07T04:12:30.404+0000] {spark_submit.py:634} INFO - 25/07/07 04:12:30 WARN NativeCodeLoader: Unable to load native-hadoop library for your platform... using builtin-java classes where applicable
[2025-07-07T04:12:31.811+0000] {spark_submit.py:634} INFO - Using Spark's default log4j profile: org/apache/spark/log4j2-defaults.properties
[2025-07-07T04:12:31.815+0000] {spark_submit.py:634} INFO - 25/07/07 04:12:31 INFO SparkContext: Running Spark version 4.0.0
[2025-07-07T04:12:31.816+0000] {spark_submit.py:634} INFO - 25/07/07 04:12:31 INFO SparkContext: OS info Linux, 6.8.0-60-generic, amd64
[2025-07-07T04:12:31.816+0000] {spark_submit.py:634} INFO - 25/07/07 04:12:31 INFO SparkContext: Java version 17.0.15
[2025-07-07T04:12:31.828+0000] {spark_submit.py:634} INFO - 25/07/07 04:12:31 INFO ResourceUtils: ==============================================================
[2025-07-07T04:12:31.829+0000] {spark_submit.py:634} INFO - 25/07/07 04:12:31 INFO ResourceUtils: No custom resources configured for spark.driver.
[2025-07-07T04:12:31.829+0000] {spark_submit.py:634} INFO - 25/07/07 04:12:31 INFO ResourceUtils: ==============================================================
[2025-07-07T04:12:31.887+0000] {spark_submit.py:634} INFO - 25/07/07 04:12:31 INFO SparkContext: Submitted application: thanhdz
[2025-07-07T04:12:31.894+0000] {spark_submit.py:634} INFO - 25/07/07 04:12:31 ERROR SparkContext: Error initializing SparkContext.
[2025-07-07T04:12:31.895+0000] {spark_submit.py:634} INFO - java.lang.NumberFormatException: Size must be specified as bytes (b), kibibytes (k), mebibytes (m), gibibytes (g), tebibytes (t), or pebibytes(p). E.g. 50b, 100k, or 250m.
[2025-07-07T04:12:31.895+0000] {spark_submit.py:634} INFO - Fractional values are not supported. Input was: 1.5
[2025-07-07T04:12:31.895+0000] {spark_submit.py:634} INFO - at org.apache.spark.network.util.JavaUtils.byteStringAs(JavaUtils.java:332)
[2025-07-07T04:12:31.895+0000] {spark_submit.py:634} INFO - at org.apache.spark.network.util.JavaUtils.byteStringAsBytes(JavaUtils.java:343)
[2025-07-07T04:12:31.895+0000] {spark_submit.py:634} INFO - at org.apache.spark.util.Utils$.memoryStringToMb(Utils.scala:1132)
[2025-07-07T04:12:31.895+0000] {spark_submit.py:634} INFO - at org.apache.spark.SparkContext$.$anonfun$executorMemoryInMb$4(SparkContext.scala:3253)
[2025-07-07T04:12:31.895+0000] {spark_submit.py:634} INFO - at org.apache.spark.SparkContext$.$anonfun$executorMemoryInMb$4$adapted(SparkContext.scala:3253)
[2025-07-07T04:12:31.895+0000] {spark_submit.py:634} INFO - at scala.Option.map(Option.scala:242)
[2025-07-07T04:12:31.896+0000] {spark_submit.py:634} INFO - at org.apache.spark.SparkContext$.executorMemoryInMb(SparkContext.scala:3253)
[2025-07-07T04:12:31.896+0000] {spark_submit.py:634} INFO - at org.apache.spark.resource.ResourceProfile$.getDefaultExecutorResources(ResourceProfile.scala:417)
[2025-07-07T04:12:31.896+0000] {spark_submit.py:634} INFO - at org.apache.spark.resource.ResourceProfile$.getOrCreateDefaultProfile(ResourceProfile.scala:373)
[2025-07-07T04:12:31.896+0000] {spark_submit.py:634} INFO - at org.apache.spark.resource.ResourceProfileManager.<init>(ResourceProfileManager.scala:59)
[2025-07-07T04:12:31.896+0000] {spark_submit.py:634} INFO - at org.apache.spark.SparkContext.<init>(SparkContext.scala:486)
[2025-07-07T04:12:31.896+0000] {spark_submit.py:634} INFO - at org.apache.spark.api.java.JavaSparkContext.<init>(JavaSparkContext.scala:59)
[2025-07-07T04:12:31.896+0000] {spark_submit.py:634} INFO - at java.base/jdk.internal.reflect.NativeConstructorAccessorImpl.newInstance0(Native Method)
[2025-07-07T04:12:31.896+0000] {spark_submit.py:634} INFO - at java.base/jdk.internal.reflect.NativeConstructorAccessorImpl.newInstance(NativeConstructorAccessorImpl.java:77)
[2025-07-07T04:12:31.896+0000] {spark_submit.py:634} INFO - at java.base/jdk.internal.reflect.DelegatingConstructorAccessorImpl.newInstance(DelegatingConstructorAccessorImpl.java:45)
[2025-07-07T04:12:31.896+0000] {spark_submit.py:634} INFO - at java.base/java.lang.reflect.Constructor.newInstanceWithCaller(Constructor.java:500)
[2025-07-07T04:12:31.896+0000] {spark_submit.py:634} INFO - at java.base/java.lang.reflect.Constructor.newInstance(Constructor.java:481)
[2025-07-07T04:12:31.896+0000] {spark_submit.py:634} INFO - at py4j.reflection.MethodInvoker.invoke(MethodInvoker.java:247)
[2025-07-07T04:12:31.896+0000] {spark_submit.py:634} INFO - at py4j.reflection.ReflectionEngine.invoke(ReflectionEngine.java:374)
[2025-07-07T04:12:31.896+0000] {spark_submit.py:634} INFO - at py4j.Gateway.invoke(Gateway.java:238)
[2025-07-07T04:12:31.896+0000] {spark_submit.py:634} INFO - at py4j.commands.ConstructorCommand.invokeConstructor(ConstructorCommand.java:80)
[2025-07-07T04:12:31.897+0000] {spark_submit.py:634} INFO - at py4j.commands.ConstructorCommand.execute(ConstructorCommand.java:69)
[2025-07-07T04:12:31.897+0000] {spark_submit.py:634} INFO - at py4j.ClientServerConnection.waitForCommands(ClientServerConnection.java:184)
[2025-07-07T04:12:31.897+0000] {spark_submit.py:634} INFO - at py4j.ClientServerConnection.run(ClientServerConnection.java:108)
[2025-07-07T04:12:31.897+0000] {spark_submit.py:634} INFO - at java.base/java.lang.Thread.run(Thread.java:840)
[2025-07-07T04:12:31.897+0000] {spark_submit.py:634} INFO - 25/07/07 04:12:31 INFO SparkContext: SparkContext is stopping with exitCode 0 from JavaSparkContext at NativeConstructorAccessorImpl.java:0.
[2025-07-07T04:12:31.912+0000] {spark_submit.py:634} INFO - 25/07/07 04:12:31 INFO SparkContext: Successfully stopped SparkContext
[2025-07-07T04:12:31.912+0000] {spark_submit.py:634} INFO - Traceback (most recent call last):
[2025-07-07T04:12:31.912+0000] {spark_submit.py:634} INFO - File "/opt/***/spark_project/src/spark/spark_main_minio.py", line 132, in <module>
[2025-07-07T04:12:31.912+0000] {spark_submit.py:634} INFO - main()
[2025-07-07T04:12:31.912+0000] {spark_submit.py:634} INFO - File "/opt/***/spark_project/src/spark/spark_main_minio.py", line 34, in main
[2025-07-07T04:12:31.912+0000] {spark_submit.py:634} INFO - spark_connect = SparkConnect(
[2025-07-07T04:12:31.912+0000] {spark_submit.py:634} INFO - ^^^^^^^^^^^^^
[2025-07-07T04:12:31.912+0000] {spark_submit.py:634} INFO - File "/opt/***/spark_project/config/spark_config.py", line 21, in __init__
[2025-07-07T04:12:31.913+0000] {spark_submit.py:634} INFO - self.spark = self.create_spark_session(
[2025-07-07T04:12:31.913+0000] {spark_submit.py:634} INFO - ^^^^^^^^^^^^^^^^^^^^^^^^^^
[2025-07-07T04:12:31.913+0000] {spark_submit.py:634} INFO - File "/opt/***/spark_project/config/spark_config.py", line 66, in create_spark_session
[2025-07-07T04:12:31.913+0000] {spark_submit.py:634} INFO - spark = builder.getOrCreate()
[2025-07-07T04:12:31.913+0000] {spark_submit.py:634} INFO - ^^^^^^^^^^^^^^^^^^^^^
[2025-07-07T04:12:31.913+0000] {spark_submit.py:634} INFO - File "/home/***/.local/lib/python3.11/site-packages/pyspark/python/lib/pyspark.zip/pyspark/sql/session.py", line 556, in getOrCreate
[2025-07-07T04:12:31.913+0000] {spark_submit.py:634} INFO - File "/home/***/.local/lib/python3.11/site-packages/pyspark/python/lib/pyspark.zip/pyspark/core/context.py", line 523, in getOrCreate
[2025-07-07T04:12:31.913+0000] {spark_submit.py:634} INFO - File "/home/***/.local/lib/python3.11/site-packages/pyspark/python/lib/pyspark.zip/pyspark/core/context.py", line 207, in __init__
[2025-07-07T04:12:31.913+0000] {spark_submit.py:634} INFO - File "/home/***/.local/lib/python3.11/site-packages/pyspark/python/lib/pyspark.zip/pyspark/core/context.py", line 300, in _do_init
[2025-07-07T04:12:31.913+0000] {spark_submit.py:634} INFO - File "/home/***/.local/lib/python3.11/site-packages/pyspark/python/lib/pyspark.zip/pyspark/core/context.py", line 429, in _initialize_context
[2025-07-07T04:12:31.913+0000] {spark_submit.py:634} INFO - File "/home/***/.local/lib/python3.11/site-packages/pyspark/python/lib/py4j-0.10.9.9-src.zip/py4j/java_gateway.py", line 1627, in __call__
[2025-07-07T04:12:31.913+0000] {spark_submit.py:634} INFO - File "/home/***/.local/lib/python3.11/site-packages/pyspark/python/lib/py4j-0.10.9.9-src.zip/py4j/protocol.py", line 327, in get_return_value
[2025-07-07T04:12:31.913+0000] {spark_submit.py:634} INFO - py4j.protocol.Py4JJavaError: An error occurred while calling None.org.apache.spark.api.java.JavaSparkContext.
[2025-07-07T04:12:31.913+0000] {spark_submit.py:634} INFO - : java.lang.NumberFormatException: Size must be specified as bytes (b), kibibytes (k), mebibytes (m), gibibytes (g), tebibytes (t), or pebibytes(p). E.g. 50b, 100k, or 250m.
[2025-07-07T04:12:31.914+0000] {spark_submit.py:634} INFO - Fractional values are not supported. Input was: 1.5
[2025-07-07T04:12:31.914+0000] {spark_submit.py:634} INFO - at org.apache.spark.network.util.JavaUtils.byteStringAs(JavaUtils.java:332)
[2025-07-07T04:12:31.914+0000] {spark_submit.py:634} INFO - at org.apache.spark.network.util.JavaUtils.byteStringAsBytes(JavaUtils.java:343)
[2025-07-07T04:12:31.914+0000] {spark_submit.py:634} INFO - at org.apache.spark.util.Utils$.memoryStringToMb(Utils.scala:1132)
[2025-07-07T04:12:31.914+0000] {spark_submit.py:634} INFO - at org.apache.spark.SparkContext$.$anonfun$executorMemoryInMb$4(SparkContext.scala:3253)
[2025-07-07T04:12:31.914+0000] {spark_submit.py:634} INFO - at org.apache.spark.SparkContext$.$anonfun$executorMemoryInMb$4$adapted(SparkContext.scala:3253)
[2025-07-07T04:12:31.914+0000] {spark_submit.py:634} INFO - at scala.Option.map(Option.scala:242)
[2025-07-07T04:12:31.914+0000] {spark_submit.py:634} INFO - at org.apache.spark.SparkContext$.executorMemoryInMb(SparkContext.scala:3253)
[2025-07-07T04:12:31.914+0000] {spark_submit.py:634} INFO - at org.apache.spark.resource.ResourceProfile$.getDefaultExecutorResources(ResourceProfile.scala:417)
[2025-07-07T04:12:31.914+0000] {spark_submit.py:634} INFO - at org.apache.spark.resource.ResourceProfile$.getOrCreateDefaultProfile(ResourceProfile.scala:373)
[2025-07-07T04:12:31.914+0000] {spark_submit.py:634} INFO - at org.apache.spark.resource.ResourceProfileManager.<init>(ResourceProfileManager.scala:59)
[2025-07-07T04:12:31.914+0000] {spark_submit.py:634} INFO - at org.apache.spark.SparkContext.<init>(SparkContext.scala:486)
[2025-07-07T04:12:31.914+0000] {spark_submit.py:634} INFO - at org.apache.spark.api.java.JavaSparkContext.<init>(JavaSparkContext.scala:59)
[2025-07-07T04:12:31.914+0000] {spark_submit.py:634} INFO - at java.base/jdk.internal.reflect.NativeConstructorAccessorImpl.newInstance0(Native Method)
[2025-07-07T04:12:31.914+0000] {spark_submit.py:634} INFO - at java.base/jdk.internal.reflect.NativeConstructorAccessorImpl.newInstance(NativeConstructorAccessorImpl.java:77)
[2025-07-07T04:12:31.914+0000] {spark_submit.py:634} INFO - at java.base/jdk.internal.reflect.DelegatingConstructorAccessorImpl.newInstance(DelegatingConstructorAccessorImpl.java:45)
[2025-07-07T04:12:31.914+0000] {spark_submit.py:634} INFO - at java.base/java.lang.reflect.Constructor.newInstanceWithCaller(Constructor.java:500)
[2025-07-07T04:12:31.915+0000] {spark_submit.py:634} INFO - at java.base/java.lang.reflect.Constructor.newInstance(Constructor.java:481)
[2025-07-07T04:12:31.915+0000] {spark_submit.py:634} INFO - at py4j.reflection.MethodInvoker.invoke(MethodInvoker.java:247)
[2025-07-07T04:12:31.915+0000] {spark_submit.py:634} INFO - at py4j.reflection.ReflectionEngine.invoke(ReflectionEngine.java:374)
[2025-07-07T04:12:31.915+0000] {spark_submit.py:634} INFO - at py4j.Gateway.invoke(Gateway.java:238)
[2025-07-07T04:12:31.915+0000] {spark_submit.py:634} INFO - at py4j.commands.ConstructorCommand.invokeConstructor(ConstructorCommand.java:80)
[2025-07-07T04:12:31.915+0000] {spark_submit.py:634} INFO - at py4j.commands.ConstructorCommand.execute(ConstructorCommand.java:69)
[2025-07-07T04:12:31.915+0000] {spark_submit.py:634} INFO - at py4j.ClientServerConnection.waitForCommands(ClientServerConnection.java:184)
[2025-07-07T04:12:31.915+0000] {spark_submit.py:634} INFO - at py4j.ClientServerConnection.run(ClientServerConnection.java:108)
[2025-07-07T04:12:31.915+0000] {spark_submit.py:634} INFO - at java.base/java.lang.Thread.run(Thread.java:840)
[2025-07-07T04:12:31.915+0000] {spark_submit.py:634} INFO - 
[2025-07-07T04:12:32.027+0000] {spark_submit.py:634} INFO - 25/07/07 04:12:32 INFO ShutdownHookManager: Shutdown hook called
[2025-07-07T04:12:32.028+0000] {spark_submit.py:634} INFO - 25/07/07 04:12:32 INFO ShutdownHookManager: Deleting directory /tmp/spark-a985881e-07e5-497d-94b0-632359063843
[2025-07-07T04:12:32.066+0000] {taskinstance.py:441} INFO - ::group::Post task execution logs
[2025-07-07T04:12:32.075+0000] {taskinstance.py:2890} ERROR - Task failed with exception
Traceback (most recent call last):
  File "/home/airflow/.local/lib/python3.11/site-packages/airflow/models/taskinstance.py", line 465, in _execute_task
    result = _execute_callable(context=context, **execute_callable_kwargs)
             ^^^^^^^^^^^^^^^^^^^^^^^^^^^^^^^^^^^^^^^^^^^^^^^^^^^^^^^^^^^^^
  File "/home/airflow/.local/lib/python3.11/site-packages/airflow/models/taskinstance.py", line 432, in _execute_callable
    return execute_callable(context=context, **execute_callable_kwargs)
           ^^^^^^^^^^^^^^^^^^^^^^^^^^^^^^^^^^^^^^^^^^^^^^^^^^^^^^^^^^^^
  File "/home/airflow/.local/lib/python3.11/site-packages/airflow/models/baseoperator.py", line 400, in wrapper
    return func(self, *args, **kwargs)
           ^^^^^^^^^^^^^^^^^^^^^^^^^^^
  File "/home/airflow/.local/lib/python3.11/site-packages/airflow/providers/apache/spark/operators/spark_submit.py", line 176, in execute
    self._hook.submit(self.application)
  File "/home/airflow/.local/lib/python3.11/site-packages/airflow/providers/apache/spark/hooks/spark_submit.py", line 560, in submit
    raise AirflowException(
airflow.exceptions.AirflowException: Cannot execute: spark-submit --master spark://spark-master:7077:7077 --packages com.clickhouse:clickhouse-jdbc:0.6.4,org.apache.httpcomponents.client5:httpclient5:5.3.1,org.apache.hadoop:hadoop-aws:3.3.5,com.amazonaws:aws-java-sdk-bundle:1.11.1026 --name arrow-spark --deploy-mode client /opt/***/spark_project/src/spark/spark_main_minio.py. Error code is: 1.
[2025-07-07T04:12:32.088+0000] {taskinstance.py:1205} INFO - Marking task as FAILED. dag_id=my_spark_inline, task_id=spark_write_data, execution_date=20250707T041227, start_date=20250707T041227, end_date=20250707T041232
[2025-07-07T04:12:32.103+0000] {standard_task_runner.py:110} ERROR - Failed to execute job 124 for task spark_write_data (Cannot execute: spark-submit --master spark://spark-master:7077:7077 --packages com.clickhouse:clickhouse-jdbc:0.6.4,org.apache.httpcomponents.client5:httpclient5:5.3.1,org.apache.hadoop:hadoop-aws:3.3.5,com.amazonaws:aws-java-sdk-bundle:1.11.1026 --name arrow-spark --deploy-mode client /opt/***/spark_project/src/spark/spark_main_minio.py. Error code is: 1.; 1319)
[2025-07-07T04:12:32.130+0000] {local_task_job_runner.py:240} INFO - Task exited with return code 1
[2025-07-07T04:12:32.198+0000] {taskinstance.py:3482} INFO - 0 downstream tasks scheduled from follow-on schedule check
[2025-07-07T04:12:32.199+0000] {local_task_job_runner.py:222} INFO - ::endgroup::
