[2025-07-03T13:07:20.804+0000] {local_task_job_runner.py:120} INFO - ::group::Pre task execution logs
[2025-07-03T13:07:20.822+0000] {taskinstance.py:2073} INFO - Dependencies all met for dep_context=non-requeueable deps ti=<TaskInstance: minio_data_viewer.explore_bucket_structure manual__2025-07-03T13:07:20.235679+00:00 [queued]>
[2025-07-03T13:07:20.826+0000] {taskinstance.py:2073} INFO - Dependencies all met for dep_context=requeueable deps ti=<TaskInstance: minio_data_viewer.explore_bucket_structure manual__2025-07-03T13:07:20.235679+00:00 [queued]>
[2025-07-03T13:07:20.826+0000] {taskinstance.py:2303} INFO - Starting attempt 1 of 1
[2025-07-03T13:07:20.832+0000] {taskinstance.py:2327} INFO - Executing <Task(PythonOperator): explore_bucket_structure> on 2025-07-03 13:07:20.235679+00:00
[2025-07-03T13:07:20.836+0000] {standard_task_runner.py:63} INFO - Started process 802 to run task
[2025-07-03T13:07:20.840+0000] {standard_task_runner.py:90} INFO - Running: ['***', 'tasks', 'run', 'minio_data_viewer', 'explore_bucket_structure', 'manual__2025-07-03T13:07:20.235679+00:00', '--job-id', '9', '--raw', '--subdir', 'DAGS_FOLDER/test_connection_to_minio.py', '--cfg-path', '/tmp/tmpghs9nv3l']
[2025-07-03T13:07:20.841+0000] {standard_task_runner.py:91} INFO - Job 9: Subtask explore_bucket_structure
[2025-07-03T13:07:20.852+0000] {logging_mixin.py:188} WARNING - /home/***/.local/lib/python3.11/site-packages/***/settings.py:195 DeprecationWarning: The sql_alchemy_conn option in [core] has been moved to the sql_alchemy_conn option in [database] - the old setting has been used, but please update your config.
[2025-07-03T13:07:20.879+0000] {task_command.py:426} INFO - Running <TaskInstance: minio_data_viewer.explore_bucket_structure manual__2025-07-03T13:07:20.235679+00:00 [running]> on host 8cef375d7ad3
[2025-07-03T13:07:20.933+0000] {taskinstance.py:2644} INFO - Exporting env vars: AIRFLOW_CTX_DAG_OWNER='***' AIRFLOW_CTX_DAG_ID='minio_data_viewer' AIRFLOW_CTX_TASK_ID='explore_bucket_structure' AIRFLOW_CTX_EXECUTION_DATE='2025-07-03T13:07:20.235679+00:00' AIRFLOW_CTX_TRY_NUMBER='1' AIRFLOW_CTX_DAG_RUN_ID='manual__2025-07-03T13:07:20.235679+00:00'
[2025-07-03T13:07:20.933+0000] {taskinstance.py:430} INFO - ::endgroup::
[2025-07-03T13:07:20.940+0000] {logging_mixin.py:188} INFO - 🔍 Exploring bucket structure...
[2025-07-03T13:07:20.940+0000] {logging_mixin.py:188} INFO - 🔄 Trying endpoint: https://minio-api.vgpu.rdhasaki.com
[2025-07-03T13:07:27.858+0000] {logging_mixin.py:188} INFO - ❌ Failed with https://minio-api.vgpu.rdhasaki.com: SSL validation failed for https://minio-api.vgpu.rdhasaki.com/ [SSL: CERTIFICATE_VERIFY_FAILED] certificate verify failed: self-signed certificate (_ssl.c:1006)
[2025-07-03T13:07:27.858+0000] {logging_mixin.py:188} INFO - 🔄 Trying endpoint: https://minio.vgpu.rdhasaki.com
[2025-07-03T13:07:27.963+0000] {logging_mixin.py:188} INFO - ✅ Success with endpoint: https://minio.vgpu.rdhasaki.com
[2025-07-03T13:07:27.964+0000] {logging_mixin.py:188} INFO - 
📁 TOP-LEVEL DIRECTORIES:
[2025-07-03T13:07:27.981+0000] {logging_mixin.py:188} INFO -   📂 facebook-ads
[2025-07-03T13:07:27.982+0000] {logging_mixin.py:188} INFO -   📂 ga4-data
[2025-07-03T13:07:27.982+0000] {logging_mixin.py:188} INFO -   📂 google-ads
[2025-07-03T13:07:27.982+0000] {logging_mixin.py:188} INFO -   📂 shopee
[2025-07-03T13:07:27.982+0000] {logging_mixin.py:188} INFO -   📂 shopee_ads
[2025-07-03T13:07:27.982+0000] {logging_mixin.py:188} INFO -   📂 shopee_orders
[2025-07-03T13:07:27.991+0000] {logging_mixin.py:188} INFO - 
✅ Found 6 directories
[2025-07-03T13:07:27.992+0000] {python.py:237} INFO - Done. Returned value was: ['facebook-ads', 'ga4-data', 'google-ads', 'shopee', 'shopee_ads', 'shopee_orders']
[2025-07-03T13:07:27.992+0000] {taskinstance.py:441} INFO - ::group::Post task execution logs
[2025-07-03T13:07:28.011+0000] {taskinstance.py:1205} INFO - Marking task as SUCCESS. dag_id=minio_data_viewer, task_id=explore_bucket_structure, execution_date=20250703T130720, start_date=20250703T130720, end_date=20250703T130728
[2025-07-03T13:07:28.032+0000] {local_task_job_runner.py:240} INFO - Task exited with return code 0
[2025-07-03T13:07:28.051+0000] {taskinstance.py:3482} INFO - 1 downstream tasks scheduled from follow-on schedule check
[2025-07-03T13:07:28.051+0000] {local_task_job_runner.py:222} INFO - ::endgroup::
