[2025-07-03T13:17:19.713+0000] {local_task_job_runner.py:120} INFO - ::group::Pre task execution logs
[2025-07-03T13:17:19.732+0000] {taskinstance.py:2073} INFO - Dependencies all met for dep_context=non-requeueable deps ti=<TaskInstance: connect_to_minio.search_specific_data manual__2025-07-03T12:48:33.639150+00:00 [queued]>
[2025-07-03T13:17:19.736+0000] {taskinstance.py:2073} INFO - Dependencies all met for dep_context=requeueable deps ti=<TaskInstance: connect_to_minio.search_specific_data manual__2025-07-03T12:48:33.639150+00:00 [queued]>
[2025-07-03T13:17:19.737+0000] {taskinstance.py:2303} INFO - Starting attempt 3 of 3
[2025-07-03T13:17:19.743+0000] {taskinstance.py:2327} INFO - Executing <Task(PythonOperator): search_specific_data> on 2025-07-03 12:48:33.639150+00:00
[2025-07-03T13:17:19.747+0000] {standard_task_runner.py:63} INFO - Started process 1168 to run task
[2025-07-03T13:17:19.749+0000] {standard_task_runner.py:90} INFO - Running: ['***', 'tasks', 'run', 'connect_to_minio', 'search_specific_data', 'manual__2025-07-03T12:48:33.639150+00:00', '--job-id', '28', '--raw', '--subdir', 'DAGS_FOLDER/test_connection_to_minio.py', '--cfg-path', '/tmp/tmpf9qcfey0']
[2025-07-03T13:17:19.751+0000] {standard_task_runner.py:91} INFO - Job 28: Subtask search_specific_data
[2025-07-03T13:17:19.759+0000] {logging_mixin.py:188} WARNING - /home/***/.local/lib/python3.11/site-packages/***/settings.py:195 DeprecationWarning: The sql_alchemy_conn option in [core] has been moved to the sql_alchemy_conn option in [database] - the old setting has been used, but please update your config.
[2025-07-03T13:17:19.778+0000] {task_command.py:426} INFO - Running <TaskInstance: connect_to_minio.search_specific_data manual__2025-07-03T12:48:33.639150+00:00 [running]> on host 8cef375d7ad3
[2025-07-03T13:17:19.829+0000] {taskinstance.py:2644} INFO - Exporting env vars: AIRFLOW_CTX_DAG_OWNER='***' AIRFLOW_CTX_DAG_ID='connect_to_minio' AIRFLOW_CTX_TASK_ID='search_specific_data' AIRFLOW_CTX_EXECUTION_DATE='2025-07-03T12:48:33.639150+00:00' AIRFLOW_CTX_TRY_NUMBER='3' AIRFLOW_CTX_DAG_RUN_ID='manual__2025-07-03T12:48:33.639150+00:00'
[2025-07-03T13:17:19.829+0000] {taskinstance.py:430} INFO - ::endgroup::
[2025-07-03T13:17:19.835+0000] {logging_mixin.py:188} INFO - 🔎 Searching for specific data patterns...
[2025-07-03T13:17:19.901+0000] {logging_mixin.py:188} INFO - 
🔍 SEARCH RESULTS:
[2025-07-03T13:17:19.902+0000] {logging_mixin.py:188} INFO - 
📋 RECENT FILES: 1906 files
[2025-07-03T13:17:19.902+0000] {logging_mixin.py:188} INFO -   - 0.parquet (2.85 MB, 2025-04-17 01:22:49)
[2025-07-03T13:17:19.902+0000] {logging_mixin.py:188} INFO -   - 1.parquet (6.75 MB, 2025-04-17 01:22:49)
[2025-07-03T13:17:19.902+0000] {logging_mixin.py:188} INFO -   - 10.parquet (5.54 MB, 2025-04-17 01:22:50)
[2025-07-03T13:17:19.902+0000] {logging_mixin.py:188} INFO -   - 11.parquet (5.07 MB, 2025-04-17 01:22:50)
[2025-07-03T13:17:19.903+0000] {logging_mixin.py:188} INFO -   - 12.parquet (5.17 MB, 2025-04-17 01:22:51)
[2025-07-03T13:17:19.903+0000] {logging_mixin.py:188} INFO -   ... and 1901 more files
[2025-07-03T13:17:19.903+0000] {logging_mixin.py:188} INFO - 
📋 LARGE FILES: 1583 files
[2025-07-03T13:17:19.903+0000] {logging_mixin.py:188} INFO -   - 0.parquet (2.85 MB, 2025-04-17 01:22:49)
[2025-07-03T13:17:19.903+0000] {logging_mixin.py:188} INFO -   - 1.parquet (6.75 MB, 2025-04-17 01:22:49)
[2025-07-03T13:17:19.903+0000] {logging_mixin.py:188} INFO -   - 10.parquet (5.54 MB, 2025-04-17 01:22:50)
[2025-07-03T13:17:19.903+0000] {logging_mixin.py:188} INFO -   - 11.parquet (5.07 MB, 2025-04-17 01:22:50)
[2025-07-03T13:17:19.903+0000] {logging_mixin.py:188} INFO -   - 12.parquet (5.17 MB, 2025-04-17 01:22:51)
[2025-07-03T13:17:19.903+0000] {logging_mixin.py:188} INFO -   ... and 1578 more files
[2025-07-03T13:17:19.904+0000] {logging_mixin.py:188} INFO - 
📋 JSON FILES: 0 files
[2025-07-03T13:17:19.904+0000] {logging_mixin.py:188} INFO - 
📋 TODAY FILES: 14 files
[2025-07-03T13:17:19.904+0000] {logging_mixin.py:188} INFO -   - 23.parquet (1.47 MB, 2025-07-03 00:05:24)
[2025-07-03T13:17:19.904+0000] {logging_mixin.py:188} INFO -   - 0.parquet (2.06 MB, 2025-07-03 01:05:09)
[2025-07-03T13:17:19.904+0000] {logging_mixin.py:188} INFO -   - 1.parquet (4.59 MB, 2025-07-03 02:07:09)
[2025-07-03T13:17:19.904+0000] {logging_mixin.py:188} INFO -   - 10.parquet (6.18 MB, 2025-07-03 11:05:22)
[2025-07-03T13:17:19.904+0000] {logging_mixin.py:188} INFO -   - 11.parquet (5.31 MB, 2025-07-03 12:05:40)
[2025-07-03T13:17:19.904+0000] {logging_mixin.py:188} INFO -   ... and 9 more files
[2025-07-03T13:17:19.905+0000] {logging_mixin.py:188} INFO - 
✅ Search completed
[2025-07-03T13:17:19.905+0000] {python.py:237} INFO - Done. Returned value was: None
[2025-07-03T13:17:19.905+0000] {taskinstance.py:441} INFO - ::group::Post task execution logs
[2025-07-03T13:17:19.910+0000] {taskinstance.py:1205} INFO - Marking task as SUCCESS. dag_id=connect_to_minio, task_id=search_specific_data, execution_date=20250703T124833, start_date=20250703T131719, end_date=20250703T131719
[2025-07-03T13:17:19.920+0000] {local_task_job_runner.py:240} INFO - Task exited with return code 0
[2025-07-03T13:17:19.932+0000] {taskinstance.py:3482} INFO - 0 downstream tasks scheduled from follow-on schedule check
[2025-07-03T13:17:19.932+0000] {local_task_job_runner.py:222} INFO - ::endgroup::
