[2025-07-08T10:03:09.196+0000] {local_task_job_runner.py:120} INFO - ::group::Pre task execution logs
[2025-07-08T10:03:09.240+0000] {taskinstance.py:2073} INFO - Dependencies all met for dep_context=non-requeueable deps ti=<TaskInstance: minio_ga4_new_file_detector.reset_last_processed_timestamp manual__2025-07-08T09:39:19.707078+00:00 [queued]>
[2025-07-08T10:03:09.244+0000] {taskinstance.py:2073} INFO - Dependencies all met for dep_context=requeueable deps ti=<TaskInstance: minio_ga4_new_file_detector.reset_last_processed_timestamp manual__2025-07-08T09:39:19.707078+00:00 [queued]>
[2025-07-08T10:03:09.244+0000] {taskinstance.py:2303} INFO - Starting attempt 4 of 5
[2025-07-08T10:03:09.250+0000] {taskinstance.py:2327} INFO - Executing <Task(PythonOperator): reset_last_processed_timestamp> on 2025-07-08 09:39:19.707078+00:00
[2025-07-08T10:03:09.254+0000] {standard_task_runner.py:63} INFO - Started process 9846 to run task
[2025-07-08T10:03:09.256+0000] {standard_task_runner.py:90} INFO - Running: ['***', 'tasks', 'run', 'minio_ga4_new_file_detector', 'reset_last_processed_timestamp', 'manual__2025-07-08T09:39:19.707078+00:00', '--job-id', '190', '--raw', '--subdir', 'DAGS_FOLDER/dag_automatic.py', '--cfg-path', '/tmp/tmp94rmy26q']
[2025-07-08T10:03:09.257+0000] {standard_task_runner.py:91} INFO - Job 190: Subtask reset_last_processed_timestamp
[2025-07-08T10:03:09.266+0000] {logging_mixin.py:188} WARNING - /home/***/.local/lib/python3.11/site-packages/***/settings.py:195 DeprecationWarning: The sql_alchemy_conn option in [core] has been moved to the sql_alchemy_conn option in [database] - the old setting has been used, but please update your config.
[2025-07-08T10:03:09.286+0000] {task_command.py:426} INFO - Running <TaskInstance: minio_ga4_new_file_detector.reset_last_processed_timestamp manual__2025-07-08T09:39:19.707078+00:00 [running]> on host 1a66de7e9daf
[2025-07-08T10:03:09.390+0000] {taskinstance.py:2644} INFO - Exporting env vars: AIRFLOW_CTX_DAG_OWNER='***' AIRFLOW_CTX_DAG_ID='minio_ga4_new_file_detector' AIRFLOW_CTX_TASK_ID='reset_last_processed_timestamp' AIRFLOW_CTX_EXECUTION_DATE='2025-07-08T09:39:19.707078+00:00' AIRFLOW_CTX_TRY_NUMBER='4' AIRFLOW_CTX_DAG_RUN_ID='manual__2025-07-08T09:39:19.707078+00:00'
[2025-07-08T10:03:09.390+0000] {taskinstance.py:430} INFO - ::endgroup::
[2025-07-08T10:03:09.434+0000] {crypto.py:82} WARNING - empty cryptography key - values will not be stored encrypted.
[2025-07-08T10:03:09.435+0000] {logging_mixin.py:188} INFO - 🎉 Reset thanh cong
[2025-07-08T10:03:09.436+0000] {python.py:237} INFO - Done. Returned value was: None
[2025-07-08T10:03:09.436+0000] {taskinstance.py:441} INFO - ::group::Post task execution logs
[2025-07-08T10:03:09.443+0000] {taskinstance.py:1205} INFO - Marking task as SUCCESS. dag_id=minio_ga4_new_file_detector, task_id=reset_last_processed_timestamp, execution_date=20250708T093919, start_date=20250708T100309, end_date=20250708T100309
[2025-07-08T10:03:09.467+0000] {local_task_job_runner.py:240} INFO - Task exited with return code 0
[2025-07-08T10:03:09.480+0000] {taskinstance.py:3482} INFO - 0 downstream tasks scheduled from follow-on schedule check
[2025-07-08T10:03:09.481+0000] {local_task_job_runner.py:222} INFO - ::endgroup::
