[2025-07-08T10:07:43.366+0000] {local_task_job_runner.py:120} INFO - ::group::Pre task execution logs
[2025-07-08T10:07:43.382+0000] {taskinstance.py:2073} INFO - Dependencies all met for dep_context=non-requeueable deps ti=<TaskInstance: minio_ga4_new_file_detector.reset_last_processed_timestamp manual__2025-07-08T09:39:19.707078+00:00 [queued]>
[2025-07-08T10:07:43.386+0000] {taskinstance.py:2073} INFO - Dependencies all met for dep_context=requeueable deps ti=<TaskInstance: minio_ga4_new_file_detector.reset_last_processed_timestamp manual__2025-07-08T09:39:19.707078+00:00 [queued]>
[2025-07-08T10:07:43.386+0000] {taskinstance.py:2303} INFO - Starting attempt 6 of 7
[2025-07-08T10:07:43.391+0000] {taskinstance.py:2327} INFO - Executing <Task(PythonOperator): reset_last_processed_timestamp> on 2025-07-08 09:39:19.707078+00:00
[2025-07-08T10:07:43.396+0000] {standard_task_runner.py:63} INFO - Started process 10451 to run task
[2025-07-08T10:07:43.401+0000] {standard_task_runner.py:90} INFO - Running: ['***', 'tasks', 'run', 'minio_ga4_new_file_detector', 'reset_last_processed_timestamp', 'manual__2025-07-08T09:39:19.707078+00:00', '--job-id', '201', '--raw', '--subdir', 'DAGS_FOLDER/dag_automatic.py', '--cfg-path', '/tmp/tmpcfrbgl4e']
[2025-07-08T10:07:43.402+0000] {standard_task_runner.py:91} INFO - Job 201: Subtask reset_last_processed_timestamp
[2025-07-08T10:07:43.433+0000] {logging_mixin.py:188} WARNING - /home/***/.local/lib/python3.11/site-packages/***/settings.py:195 DeprecationWarning: The sql_alchemy_conn option in [core] has been moved to the sql_alchemy_conn option in [database] - the old setting has been used, but please update your config.
[2025-07-08T10:07:43.454+0000] {task_command.py:426} INFO - Running <TaskInstance: minio_ga4_new_file_detector.reset_last_processed_timestamp manual__2025-07-08T09:39:19.707078+00:00 [running]> on host 1a66de7e9daf
[2025-07-08T10:07:43.534+0000] {taskinstance.py:2644} INFO - Exporting env vars: AIRFLOW_CTX_DAG_OWNER='***' AIRFLOW_CTX_DAG_ID='minio_ga4_new_file_detector' AIRFLOW_CTX_TASK_ID='reset_last_processed_timestamp' AIRFLOW_CTX_EXECUTION_DATE='2025-07-08T09:39:19.707078+00:00' AIRFLOW_CTX_TRY_NUMBER='6' AIRFLOW_CTX_DAG_RUN_ID='manual__2025-07-08T09:39:19.707078+00:00'
[2025-07-08T10:07:43.534+0000] {taskinstance.py:430} INFO - ::endgroup::
[2025-07-08T10:07:43.545+0000] {crypto.py:82} WARNING - empty cryptography key - values will not be stored encrypted.
[2025-07-08T10:07:43.547+0000] {logging_mixin.py:188} INFO - 🎉 Reset thanh cong
[2025-07-08T10:07:43.547+0000] {python.py:237} INFO - Done. Returned value was: None
[2025-07-08T10:07:43.547+0000] {taskinstance.py:441} INFO - ::group::Post task execution logs
[2025-07-08T10:07:43.554+0000] {taskinstance.py:1205} INFO - Marking task as SUCCESS. dag_id=minio_ga4_new_file_detector, task_id=reset_last_processed_timestamp, execution_date=20250708T093919, start_date=20250708T100743, end_date=20250708T100743
[2025-07-08T10:07:43.570+0000] {local_task_job_runner.py:240} INFO - Task exited with return code 0
[2025-07-08T10:07:43.582+0000] {taskinstance.py:3482} INFO - 0 downstream tasks scheduled from follow-on schedule check
[2025-07-08T10:07:43.583+0000] {local_task_job_runner.py:222} INFO - ::endgroup::
