[2025-07-03T13:20:25.737+0000] {local_task_job_runner.py:120} INFO - ::group::Pre task execution logs
[2025-07-03T13:20:25.759+0000] {taskinstance.py:2073} INFO - Dependencies all met for dep_context=non-requeueable deps ti=<TaskInstance: connect_to_minio.sample_file_content manual__2025-07-03T12:48:33.639150+00:00 [queued]>
[2025-07-03T13:20:25.763+0000] {taskinstance.py:2073} INFO - Dependencies all met for dep_context=requeueable deps ti=<TaskInstance: connect_to_minio.sample_file_content manual__2025-07-03T12:48:33.639150+00:00 [queued]>
[2025-07-03T13:20:25.763+0000] {taskinstance.py:2303} INFO - Starting attempt 4 of 4
[2025-07-03T13:20:25.770+0000] {taskinstance.py:2327} INFO - Executing <Task(PythonOperator): sample_file_content> on 2025-07-03 12:48:33.639150+00:00
[2025-07-03T13:20:25.774+0000] {standard_task_runner.py:63} INFO - Started process 1301 to run task
[2025-07-03T13:20:25.777+0000] {standard_task_runner.py:90} INFO - Running: ['***', 'tasks', 'run', 'connect_to_minio', 'sample_file_content', 'manual__2025-07-03T12:48:33.639150+00:00', '--job-id', '31', '--raw', '--subdir', 'DAGS_FOLDER/test_connection_to_minio.py', '--cfg-path', '/tmp/tmpuu9l7mrh']
[2025-07-03T13:20:25.779+0000] {standard_task_runner.py:91} INFO - Job 31: Subtask sample_file_content
[2025-07-03T13:20:25.789+0000] {logging_mixin.py:188} WARNING - /home/***/.local/lib/python3.11/site-packages/***/settings.py:195 DeprecationWarning: The sql_alchemy_conn option in [core] has been moved to the sql_alchemy_conn option in [database] - the old setting has been used, but please update your config.
[2025-07-03T13:20:25.810+0000] {task_command.py:426} INFO - Running <TaskInstance: connect_to_minio.sample_file_content manual__2025-07-03T12:48:33.639150+00:00 [running]> on host 8cef375d7ad3
[2025-07-03T13:20:25.870+0000] {taskinstance.py:2644} INFO - Exporting env vars: AIRFLOW_CTX_DAG_OWNER='***' AIRFLOW_CTX_DAG_ID='connect_to_minio' AIRFLOW_CTX_TASK_ID='sample_file_content' AIRFLOW_CTX_EXECUTION_DATE='2025-07-03T12:48:33.639150+00:00' AIRFLOW_CTX_TRY_NUMBER='4' AIRFLOW_CTX_DAG_RUN_ID='manual__2025-07-03T12:48:33.639150+00:00'
[2025-07-03T13:20:25.871+0000] {taskinstance.py:430} INFO - ::endgroup::
[2025-07-03T13:20:25.878+0000] {logging_mixin.py:188} INFO - 🔍 Sampling file content...
[2025-07-03T13:20:25.939+0000] {logging_mixin.py:188} INFO - 
🔬 SAMPLING 3 FILES:
[2025-07-03T13:20:25.939+0000] {logging_mixin.py:188} INFO - 
============================================================
[2025-07-03T13:20:25.939+0000] {logging_mixin.py:188} INFO - 📄 FILE 1: 0.parquet
[2025-07-03T13:20:25.939+0000] {logging_mixin.py:188} INFO - 📊 Size: 2.85 MB
[2025-07-03T13:20:25.940+0000] {logging_mixin.py:188} INFO - 📅 Modified: 2025-04-17 01:22:49
[2025-07-03T13:20:25.940+0000] {logging_mixin.py:188} INFO - 🔗 Path: ga4-data/hasakiwork/analytics_253437596/events/2025/4/15/0.parquet
[2025-07-03T13:20:25.940+0000] {logging_mixin.py:188} INFO - ============================================================
[2025-07-03T13:20:26.100+0000] {logging_mixin.py:188} INFO - 📝 Binary Content (2989720 bytes)
[2025-07-03T13:20:26.100+0000] {logging_mixin.py:188} INFO - First 100 bytes (hex): 5041523115041518151c4c150215001200000c2c0800000032303235303431351500151a151e2c15c896021510150615061c360028083230323530343135180832303235303431350000000d3004000000c896020101c8960200150415b0a31115889a0d
[2025-07-03T13:20:26.101+0000] {logging_mixin.py:188} INFO - 
============================================================
[2025-07-03T13:20:26.101+0000] {logging_mixin.py:188} INFO - 📄 FILE 2: 1.parquet
[2025-07-03T13:20:26.101+0000] {logging_mixin.py:188} INFO - 📊 Size: 6.75 MB
[2025-07-03T13:20:26.101+0000] {logging_mixin.py:188} INFO - 📅 Modified: 2025-04-17 01:22:49
[2025-07-03T13:20:26.101+0000] {logging_mixin.py:188} INFO - 🔗 Path: ga4-data/hasakiwork/analytics_253437596/events/2025/4/15/1.parquet
[2025-07-03T13:20:26.101+0000] {logging_mixin.py:188} INFO - ============================================================
[2025-07-03T13:20:26.293+0000] {logging_mixin.py:188} INFO - 📝 Binary Content (7080163 bytes)
[2025-07-03T13:20:26.293+0000] {logging_mixin.py:188} INFO - First 100 bytes (hex): 5041523115041518151c4c150215001200000c2c0800000032303235303431351500151a151e2c1588cb041510150615061c360028083230323530343135180832303235303431350000000d300400000088cb04010188cb040015041590b52415a69e1a
[2025-07-03T13:20:26.293+0000] {logging_mixin.py:188} INFO - 
============================================================
[2025-07-03T13:20:26.294+0000] {logging_mixin.py:188} INFO - 📄 FILE 3: 10.parquet
[2025-07-03T13:20:26.294+0000] {logging_mixin.py:188} INFO - 📊 Size: 5.54 MB
[2025-07-03T13:20:26.294+0000] {logging_mixin.py:188} INFO - 📅 Modified: 2025-04-17 01:22:50
[2025-07-03T13:20:26.294+0000] {logging_mixin.py:188} INFO - 🔗 Path: ga4-data/hasakiwork/analytics_253437596/events/2025/4/15/10.parquet
[2025-07-03T13:20:26.294+0000] {logging_mixin.py:188} INFO - ============================================================
[2025-07-03T13:20:26.457+0000] {logging_mixin.py:188} INFO - 📝 Binary Content (5808956 bytes)
[2025-07-03T13:20:26.457+0000] {logging_mixin.py:188} INFO - First 100 bytes (hex): 5041523115041518151c4c150215001200000c2c0800000032303235303431351500151a151e2c159487041510150615061c360028083230323530343135180832303235303431350000000d3004000000948704010194870400150415b0912015ea9318
[2025-07-03T13:20:26.457+0000] {logging_mixin.py:188} INFO - 
✅ Sampled 3 files successfully
[2025-07-03T13:20:26.459+0000] {python.py:237} INFO - Done. Returned value was: None
[2025-07-03T13:20:26.459+0000] {taskinstance.py:441} INFO - ::group::Post task execution logs
[2025-07-03T13:20:26.468+0000] {taskinstance.py:1205} INFO - Marking task as SUCCESS. dag_id=connect_to_minio, task_id=sample_file_content, execution_date=20250703T124833, start_date=20250703T132025, end_date=20250703T132026
[2025-07-03T13:20:26.509+0000] {local_task_job_runner.py:240} INFO - Task exited with return code 0
[2025-07-03T13:20:26.523+0000] {taskinstance.py:3482} INFO - 1 downstream tasks scheduled from follow-on schedule check
[2025-07-03T13:20:26.524+0000] {local_task_job_runner.py:222} INFO - ::endgroup::
