[2025-07-07T04:08:06.802+0000] {local_task_job_runner.py:120} INFO - ::group::Pre task execution logs
[2025-07-07T04:08:06.821+0000] {taskinstance.py:2073} INFO - Dependencies all met for dep_context=non-requeueable deps ti=<TaskInstance: my_spark_inline.spark_write_data manual__2025-07-07T03:52:05.939805+00:00 [queued]>
[2025-07-07T04:08:06.918+0000] {taskinstance.py:2073} INFO - Dependencies all met for dep_context=requeueable deps ti=<TaskInstance: my_spark_inline.spark_write_data manual__2025-07-07T03:52:05.939805+00:00 [queued]>
[2025-07-07T04:08:06.918+0000] {taskinstance.py:2303} INFO - Starting attempt 2 of 2
[2025-07-07T04:08:06.924+0000] {taskinstance.py:2327} INFO - Executing <Task(SparkSubmitOperator): spark_write_data> on 2025-07-07 03:52:05.939805+00:00
[2025-07-07T04:08:06.929+0000] {standard_task_runner.py:63} INFO - Started process 973 to run task
[2025-07-07T04:08:06.931+0000] {standard_task_runner.py:90} INFO - Running: ['***', 'tasks', 'run', 'my_spark_inline', 'spark_write_data', 'manual__2025-07-07T03:52:05.939805+00:00', '--job-id', '122', '--raw', '--subdir', 'DAGS_FOLDER/test_spark.py', '--cfg-path', '/tmp/tmpoe9n2oxz']
[2025-07-07T04:08:06.933+0000] {standard_task_runner.py:91} INFO - Job 122: Subtask spark_write_data
[2025-07-07T04:08:06.942+0000] {logging_mixin.py:188} WARNING - /home/***/.local/lib/python3.11/site-packages/***/settings.py:195 DeprecationWarning: The sql_alchemy_conn option in [core] has been moved to the sql_alchemy_conn option in [database] - the old setting has been used, but please update your config.
[2025-07-07T04:08:06.968+0000] {task_command.py:426} INFO - Running <TaskInstance: my_spark_inline.spark_write_data manual__2025-07-07T03:52:05.939805+00:00 [running]> on host fd5a0096b110
[2025-07-07T04:08:07.027+0000] {taskinstance.py:2644} INFO - Exporting env vars: AIRFLOW_CTX_DAG_OWNER='***' AIRFLOW_CTX_DAG_ID='my_spark_inline' AIRFLOW_CTX_TASK_ID='spark_write_data' AIRFLOW_CTX_EXECUTION_DATE='2025-07-07T03:52:05.939805+00:00' AIRFLOW_CTX_TRY_NUMBER='2' AIRFLOW_CTX_DAG_RUN_ID='manual__2025-07-07T03:52:05.939805+00:00'
[2025-07-07T04:08:07.028+0000] {taskinstance.py:430} INFO - ::endgroup::
[2025-07-07T04:08:07.045+0000] {base.py:84} INFO - Using connection ID 'spark-master' for task execution.
[2025-07-07T04:08:07.046+0000] {spark_submit.py:473} INFO - Spark-Submit cmd: spark-submit --master spark://spark-master:7077:7077 --packages com.clickhouse:clickhouse-jdbc:0.6.4,org.apache.httpcomponents.client5:httpclient5:5.3.1,org.apache.hadoop:hadoop-aws:3.3.5,com.amazonaws:aws-java-sdk-bundle:1.11.1026 --name arrow-spark --deploy-mode client /opt/***/spark_project/src/spark/spark_main_minio.py
[2025-07-07T04:08:07.244+0000] {spark_submit.py:634} INFO - WARNING: Using incubator modules: jdk.incubator.vector
[2025-07-07T04:08:08.638+0000] {spark_submit.py:634} INFO - :: loading settings :: url = jar:file:/home/***/.local/lib/python3.11/site-packages/pyspark/jars/ivy-2.5.3.jar!/org/apache/ivy/core/settings/ivysettings.xml
[2025-07-07T04:08:08.710+0000] {spark_submit.py:634} INFO - Ivy Default Cache set to: /home/***/.ivy2.5.2/cache
[2025-07-07T04:08:08.710+0000] {spark_submit.py:634} INFO - The jars for the packages stored in: /home/***/.ivy2.5.2/jars
[2025-07-07T04:08:08.712+0000] {spark_submit.py:634} INFO - com.clickhouse#clickhouse-jdbc added as a dependency
[2025-07-07T04:08:08.712+0000] {spark_submit.py:634} INFO - org.apache.httpcomponents.client5#httpclient5 added as a dependency
[2025-07-07T04:08:08.712+0000] {spark_submit.py:634} INFO - org.apache.hadoop#hadoop-aws added as a dependency
[2025-07-07T04:08:08.712+0000] {spark_submit.py:634} INFO - com.amazonaws#aws-java-sdk-bundle added as a dependency
[2025-07-07T04:08:08.713+0000] {spark_submit.py:634} INFO - :: resolving dependencies :: org.apache.spark#spark-submit-parent-282cbcf2-7c3e-4e0b-8eca-170a7f900f19;1.0
[2025-07-07T04:08:08.713+0000] {spark_submit.py:634} INFO - confs: [default]
[2025-07-07T04:08:08.834+0000] {spark_submit.py:634} INFO - found com.clickhouse#clickhouse-jdbc;0.6.4 in central
[2025-07-07T04:08:08.903+0000] {spark_submit.py:634} INFO - found org.apache.httpcomponents.client5#httpclient5;5.3.1 in central
[2025-07-07T04:08:08.917+0000] {spark_submit.py:634} INFO - found org.apache.httpcomponents.core5#httpcore5;5.2.4 in central
[2025-07-07T04:08:09.000+0000] {spark_submit.py:634} INFO - found org.apache.httpcomponents.core5#httpcore5-h2;5.2.4 in central
[2025-07-07T04:08:09.014+0000] {spark_submit.py:634} INFO - found org.slf4j#slf4j-api;1.7.36 in central
[2025-07-07T04:08:09.098+0000] {spark_submit.py:634} INFO - found org.apache.hadoop#hadoop-aws;3.3.5 in central
[2025-07-07T04:08:09.107+0000] {spark_submit.py:634} INFO - found com.amazonaws#aws-java-sdk-bundle;1.12.316 in central
[2025-07-07T04:08:09.115+0000] {spark_submit.py:634} INFO - found org.wildfly.openssl#wildfly-openssl;1.1.3.Final in central
[2025-07-07T04:08:09.200+0000] {spark_submit.py:634} INFO - :: resolution report :: resolve 477ms :: artifacts dl 10ms
[2025-07-07T04:08:09.200+0000] {spark_submit.py:634} INFO - :: modules in use:
[2025-07-07T04:08:09.200+0000] {spark_submit.py:634} INFO - com.amazonaws#aws-java-sdk-bundle;1.12.316 from central in [default]
[2025-07-07T04:08:09.200+0000] {spark_submit.py:634} INFO - com.clickhouse#clickhouse-jdbc;0.6.4 from central in [default]
[2025-07-07T04:08:09.200+0000] {spark_submit.py:634} INFO - org.apache.hadoop#hadoop-aws;3.3.5 from central in [default]
[2025-07-07T04:08:09.201+0000] {spark_submit.py:634} INFO - org.apache.httpcomponents.client5#httpclient5;5.3.1 from central in [default]
[2025-07-07T04:08:09.201+0000] {spark_submit.py:634} INFO - org.apache.httpcomponents.core5#httpcore5;5.2.4 from central in [default]
[2025-07-07T04:08:09.201+0000] {spark_submit.py:634} INFO - org.apache.httpcomponents.core5#httpcore5-h2;5.2.4 from central in [default]
[2025-07-07T04:08:09.201+0000] {spark_submit.py:634} INFO - org.slf4j#slf4j-api;1.7.36 from central in [default]
[2025-07-07T04:08:09.201+0000] {spark_submit.py:634} INFO - org.wildfly.openssl#wildfly-openssl;1.1.3.Final from central in [default]
[2025-07-07T04:08:09.201+0000] {spark_submit.py:634} INFO - :: evicted modules:
[2025-07-07T04:08:09.201+0000] {spark_submit.py:634} INFO - com.amazonaws#aws-java-sdk-bundle;1.11.1026 by [com.amazonaws#aws-java-sdk-bundle;1.12.316] in [default]
[2025-07-07T04:08:09.202+0000] {spark_submit.py:634} INFO - ---------------------------------------------------------------------
[2025-07-07T04:08:09.202+0000] {spark_submit.py:634} INFO - |                  |            modules            ||   artifacts   |
[2025-07-07T04:08:09.202+0000] {spark_submit.py:634} INFO - |       conf       | number| search|dwnlded|evicted|| number|dwnlded|
[2025-07-07T04:08:09.202+0000] {spark_submit.py:634} INFO - ---------------------------------------------------------------------
[2025-07-07T04:08:09.202+0000] {spark_submit.py:634} INFO - |      default     |   9   |   0   |   0   |   1   ||   8   |   0   |
[2025-07-07T04:08:09.202+0000] {spark_submit.py:634} INFO - ---------------------------------------------------------------------
[2025-07-07T04:08:09.203+0000] {spark_submit.py:634} INFO - :: retrieving :: org.apache.spark#spark-submit-parent-282cbcf2-7c3e-4e0b-8eca-170a7f900f19
[2025-07-07T04:08:09.204+0000] {spark_submit.py:634} INFO - confs: [default]
[2025-07-07T04:08:09.207+0000] {spark_submit.py:634} INFO - 0 artifacts copied, 8 already retrieved (0kB/4ms)
[2025-07-07T04:08:09.511+0000] {spark_submit.py:634} INFO - 25/07/07 04:08:09 WARN NativeCodeLoader: Unable to load native-hadoop library for your platform... using builtin-java classes where applicable
[2025-07-07T04:08:11.007+0000] {spark_submit.py:634} INFO - Using Spark's default log4j profile: org/apache/spark/log4j2-defaults.properties
[2025-07-07T04:08:11.010+0000] {spark_submit.py:634} INFO - 25/07/07 04:08:11 INFO SparkContext: Running Spark version 4.0.0
[2025-07-07T04:08:11.011+0000] {spark_submit.py:634} INFO - 25/07/07 04:08:11 INFO SparkContext: OS info Linux, 6.8.0-60-generic, amd64
[2025-07-07T04:08:11.011+0000] {spark_submit.py:634} INFO - 25/07/07 04:08:11 INFO SparkContext: Java version 17.0.15
[2025-07-07T04:08:11.024+0000] {spark_submit.py:634} INFO - 25/07/07 04:08:11 INFO ResourceUtils: ==============================================================
[2025-07-07T04:08:11.025+0000] {spark_submit.py:634} INFO - 25/07/07 04:08:11 INFO ResourceUtils: No custom resources configured for spark.driver.
[2025-07-07T04:08:11.025+0000] {spark_submit.py:634} INFO - 25/07/07 04:08:11 INFO ResourceUtils: ==============================================================
[2025-07-07T04:08:11.025+0000] {spark_submit.py:634} INFO - 25/07/07 04:08:11 INFO SparkContext: Submitted application: thanhdz
[2025-07-07T04:08:11.099+0000] {spark_submit.py:634} INFO - 25/07/07 04:08:11 INFO ResourceProfile: Default ResourceProfile created, executor resources: Map(cores -> name: cores, amount: 2, script: , vendor: , memory -> name: memory, amount: 4096, script: , vendor: , offHeap -> name: offHeap, amount: 0, script: , vendor: ), task resources: Map(cpus -> name: cpus, amount: 1.0)
[2025-07-07T04:08:11.102+0000] {spark_submit.py:634} INFO - 25/07/07 04:08:11 INFO ResourceProfile: Limiting resource is cpus at 2 tasks per executor
[2025-07-07T04:08:11.104+0000] {spark_submit.py:634} INFO - 25/07/07 04:08:11 INFO ResourceProfileManager: Added ResourceProfile id: 0
[2025-07-07T04:08:11.196+0000] {spark_submit.py:634} INFO - 25/07/07 04:08:11 INFO SecurityManager: Changing view acls to: ***
[2025-07-07T04:08:11.196+0000] {spark_submit.py:634} INFO - 25/07/07 04:08:11 INFO SecurityManager: Changing modify acls to: ***
[2025-07-07T04:08:11.196+0000] {spark_submit.py:634} INFO - 25/07/07 04:08:11 INFO SecurityManager: Changing view acls groups to: ***
[2025-07-07T04:08:11.197+0000] {spark_submit.py:634} INFO - 25/07/07 04:08:11 INFO SecurityManager: Changing modify acls groups to: ***
[2025-07-07T04:08:11.198+0000] {spark_submit.py:634} INFO - 25/07/07 04:08:11 INFO SecurityManager: SecurityManager: authentication disabled; ui acls disabled; users with view permissions: *** groups with view permissions: EMPTY; users with modify permissions: ***; groups with modify permissions: EMPTY; RPC SSL disabled
[2025-07-07T04:08:11.420+0000] {spark_submit.py:634} INFO - 25/07/07 04:08:11 INFO Utils: Successfully started service 'sparkDriver' on port 39281.
[2025-07-07T04:08:11.440+0000] {spark_submit.py:634} INFO - 25/07/07 04:08:11 INFO SparkEnv: Registering MapOutputTracker
[2025-07-07T04:08:11.447+0000] {spark_submit.py:634} INFO - 25/07/07 04:08:11 INFO SparkEnv: Registering BlockManagerMaster
[2025-07-07T04:08:11.491+0000] {spark_submit.py:634} INFO - 25/07/07 04:08:11 INFO BlockManagerMasterEndpoint: Using org.apache.spark.storage.DefaultTopologyMapper for getting topology information
[2025-07-07T04:08:11.491+0000] {spark_submit.py:634} INFO - 25/07/07 04:08:11 INFO BlockManagerMasterEndpoint: BlockManagerMasterEndpoint up
[2025-07-07T04:08:11.493+0000] {spark_submit.py:634} INFO - 25/07/07 04:08:11 INFO SparkEnv: Registering BlockManagerMasterHeartbeat
[2025-07-07T04:08:11.507+0000] {spark_submit.py:634} INFO - 25/07/07 04:08:11 INFO DiskBlockManager: Created local directory at /tmp/blockmgr-c9d0dd3a-ccdd-45e4-a171-54f18c405953
[2025-07-07T04:08:11.518+0000] {spark_submit.py:634} INFO - 25/07/07 04:08:11 INFO SparkEnv: Registering OutputCommitCoordinator
[2025-07-07T04:08:11.699+0000] {spark_submit.py:634} INFO - 25/07/07 04:08:11 INFO JettyUtils: Start Jetty 0.0.0.0:4040 for SparkUI
[2025-07-07T04:08:11.793+0000] {spark_submit.py:634} INFO - 25/07/07 04:08:11 INFO Utils: Successfully started service 'SparkUI' on port 4040.
[2025-07-07T04:08:11.819+0000] {spark_submit.py:634} INFO - 25/07/07 04:08:11 INFO SparkContext: Added JAR file:///home/***/.ivy2.5.2/jars/com.clickhouse_clickhouse-jdbc-0.6.4.jar at spark://fd5a0096b110:39281/jars/com.clickhouse_clickhouse-jdbc-0.6.4.jar with timestamp 1751861291002
[2025-07-07T04:08:11.819+0000] {spark_submit.py:634} INFO - 25/07/07 04:08:11 INFO SparkContext: Added JAR file:///home/***/.ivy2.5.2/jars/org.apache.httpcomponents.client5_httpclient5-5.3.1.jar at spark://fd5a0096b110:39281/jars/org.apache.httpcomponents.client5_httpclient5-5.3.1.jar with timestamp 1751861291002
[2025-07-07T04:08:11.820+0000] {spark_submit.py:634} INFO - 25/07/07 04:08:11 INFO SparkContext: Added JAR file:///home/***/.ivy2.5.2/jars/org.apache.hadoop_hadoop-aws-3.3.5.jar at spark://fd5a0096b110:39281/jars/org.apache.hadoop_hadoop-aws-3.3.5.jar with timestamp 1751861291002
[2025-07-07T04:08:11.820+0000] {spark_submit.py:634} INFO - 25/07/07 04:08:11 INFO SparkContext: Added JAR file:///home/***/.ivy2.5.2/jars/org.apache.httpcomponents.core5_httpcore5-5.2.4.jar at spark://fd5a0096b110:39281/jars/org.apache.httpcomponents.core5_httpcore5-5.2.4.jar with timestamp 1751861291002
[2025-07-07T04:08:11.820+0000] {spark_submit.py:634} INFO - 25/07/07 04:08:11 INFO SparkContext: Added JAR file:///home/***/.ivy2.5.2/jars/org.apache.httpcomponents.core5_httpcore5-h2-5.2.4.jar at spark://fd5a0096b110:39281/jars/org.apache.httpcomponents.core5_httpcore5-h2-5.2.4.jar with timestamp 1751861291002
[2025-07-07T04:08:11.820+0000] {spark_submit.py:634} INFO - 25/07/07 04:08:11 INFO SparkContext: Added JAR file:///home/***/.ivy2.5.2/jars/org.slf4j_slf4j-api-1.7.36.jar at spark://fd5a0096b110:39281/jars/org.slf4j_slf4j-api-1.7.36.jar with timestamp 1751861291002
[2025-07-07T04:08:11.820+0000] {spark_submit.py:634} INFO - 25/07/07 04:08:11 INFO SparkContext: Added JAR file:///home/***/.ivy2.5.2/jars/com.amazonaws_aws-java-sdk-bundle-1.12.316.jar at spark://fd5a0096b110:39281/jars/com.amazonaws_aws-java-sdk-bundle-1.12.316.jar with timestamp 1751861291002
[2025-07-07T04:08:11.820+0000] {spark_submit.py:634} INFO - 25/07/07 04:08:11 INFO SparkContext: Added JAR file:///home/***/.ivy2.5.2/jars/org.wildfly.openssl_wildfly-openssl-1.1.3.Final.jar at spark://fd5a0096b110:39281/jars/org.wildfly.openssl_wildfly-openssl-1.1.3.Final.jar with timestamp 1751861291002
[2025-07-07T04:08:11.822+0000] {spark_submit.py:634} INFO - 25/07/07 04:08:11 INFO SparkContext: Added file file:///home/***/.ivy2.5.2/jars/com.clickhouse_clickhouse-jdbc-0.6.4.jar at spark://fd5a0096b110:39281/files/com.clickhouse_clickhouse-jdbc-0.6.4.jar with timestamp 1751861291002
[2025-07-07T04:08:11.823+0000] {spark_submit.py:634} INFO - 25/07/07 04:08:11 INFO Utils: Copying /home/***/.ivy2.5.2/jars/com.clickhouse_clickhouse-jdbc-0.6.4.jar to /tmp/spark-a2cbbce4-709b-4b3f-813a-a7ad4420e974/userFiles-5963b3b3-afcb-4ee0-b867-21ec47ebe83c/com.clickhouse_clickhouse-jdbc-0.6.4.jar
[2025-07-07T04:08:11.833+0000] {spark_submit.py:634} INFO - 25/07/07 04:08:11 INFO SparkContext: Added file file:///home/***/.ivy2.5.2/jars/org.apache.httpcomponents.client5_httpclient5-5.3.1.jar at spark://fd5a0096b110:39281/files/org.apache.httpcomponents.client5_httpclient5-5.3.1.jar with timestamp 1751861291002
[2025-07-07T04:08:11.833+0000] {spark_submit.py:634} INFO - 25/07/07 04:08:11 INFO Utils: Copying /home/***/.ivy2.5.2/jars/org.apache.httpcomponents.client5_httpclient5-5.3.1.jar to /tmp/spark-a2cbbce4-709b-4b3f-813a-a7ad4420e974/userFiles-5963b3b3-afcb-4ee0-b867-21ec47ebe83c/org.apache.httpcomponents.client5_httpclient5-5.3.1.jar
[2025-07-07T04:08:11.892+0000] {spark_submit.py:634} INFO - 25/07/07 04:08:11 INFO SparkContext: Added file file:///home/***/.ivy2.5.2/jars/org.apache.hadoop_hadoop-aws-3.3.5.jar at spark://fd5a0096b110:39281/files/org.apache.hadoop_hadoop-aws-3.3.5.jar with timestamp 1751861291002
[2025-07-07T04:08:11.892+0000] {spark_submit.py:634} INFO - 25/07/07 04:08:11 INFO Utils: Copying /home/***/.ivy2.5.2/jars/org.apache.hadoop_hadoop-aws-3.3.5.jar to /tmp/spark-a2cbbce4-709b-4b3f-813a-a7ad4420e974/userFiles-5963b3b3-afcb-4ee0-b867-21ec47ebe83c/org.apache.hadoop_hadoop-aws-3.3.5.jar
[2025-07-07T04:08:11.898+0000] {spark_submit.py:634} INFO - 25/07/07 04:08:11 INFO SparkContext: Added file file:///home/***/.ivy2.5.2/jars/org.apache.httpcomponents.core5_httpcore5-5.2.4.jar at spark://fd5a0096b110:39281/files/org.apache.httpcomponents.core5_httpcore5-5.2.4.jar with timestamp 1751861291002
[2025-07-07T04:08:11.899+0000] {spark_submit.py:634} INFO - 25/07/07 04:08:11 INFO Utils: Copying /home/***/.ivy2.5.2/jars/org.apache.httpcomponents.core5_httpcore5-5.2.4.jar to /tmp/spark-a2cbbce4-709b-4b3f-813a-a7ad4420e974/userFiles-5963b3b3-afcb-4ee0-b867-21ec47ebe83c/org.apache.httpcomponents.core5_httpcore5-5.2.4.jar
[2025-07-07T04:08:11.903+0000] {spark_submit.py:634} INFO - 25/07/07 04:08:11 INFO SparkContext: Added file file:///home/***/.ivy2.5.2/jars/org.apache.httpcomponents.core5_httpcore5-h2-5.2.4.jar at spark://fd5a0096b110:39281/files/org.apache.httpcomponents.core5_httpcore5-h2-5.2.4.jar with timestamp 1751861291002
[2025-07-07T04:08:11.903+0000] {spark_submit.py:634} INFO - 25/07/07 04:08:11 INFO Utils: Copying /home/***/.ivy2.5.2/jars/org.apache.httpcomponents.core5_httpcore5-h2-5.2.4.jar to /tmp/spark-a2cbbce4-709b-4b3f-813a-a7ad4420e974/userFiles-5963b3b3-afcb-4ee0-b867-21ec47ebe83c/org.apache.httpcomponents.core5_httpcore5-h2-5.2.4.jar
[2025-07-07T04:08:11.910+0000] {spark_submit.py:634} INFO - 25/07/07 04:08:11 INFO SparkContext: Added file file:///home/***/.ivy2.5.2/jars/org.slf4j_slf4j-api-1.7.36.jar at spark://fd5a0096b110:39281/files/org.slf4j_slf4j-api-1.7.36.jar with timestamp 1751861291002
[2025-07-07T04:08:11.910+0000] {spark_submit.py:634} INFO - 25/07/07 04:08:11 INFO Utils: Copying /home/***/.ivy2.5.2/jars/org.slf4j_slf4j-api-1.7.36.jar to /tmp/spark-a2cbbce4-709b-4b3f-813a-a7ad4420e974/userFiles-5963b3b3-afcb-4ee0-b867-21ec47ebe83c/org.slf4j_slf4j-api-1.7.36.jar
[2025-07-07T04:08:11.914+0000] {spark_submit.py:634} INFO - 25/07/07 04:08:11 INFO SparkContext: Added file file:///home/***/.ivy2.5.2/jars/com.amazonaws_aws-java-sdk-bundle-1.12.316.jar at spark://fd5a0096b110:39281/files/com.amazonaws_aws-java-sdk-bundle-1.12.316.jar with timestamp 1751861291002
[2025-07-07T04:08:11.914+0000] {spark_submit.py:634} INFO - 25/07/07 04:08:11 INFO Utils: Copying /home/***/.ivy2.5.2/jars/com.amazonaws_aws-java-sdk-bundle-1.12.316.jar to /tmp/spark-a2cbbce4-709b-4b3f-813a-a7ad4420e974/userFiles-5963b3b3-afcb-4ee0-b867-21ec47ebe83c/com.amazonaws_aws-java-sdk-bundle-1.12.316.jar
[2025-07-07T04:08:12.076+0000] {spark_submit.py:634} INFO - 25/07/07 04:08:12 INFO SparkContext: Added file file:///home/***/.ivy2.5.2/jars/org.wildfly.openssl_wildfly-openssl-1.1.3.Final.jar at spark://fd5a0096b110:39281/files/org.wildfly.openssl_wildfly-openssl-1.1.3.Final.jar with timestamp 1751861291002
[2025-07-07T04:08:12.077+0000] {spark_submit.py:634} INFO - 25/07/07 04:08:12 INFO Utils: Copying /home/***/.ivy2.5.2/jars/org.wildfly.openssl_wildfly-openssl-1.1.3.Final.jar to /tmp/spark-a2cbbce4-709b-4b3f-813a-a7ad4420e974/userFiles-5963b3b3-afcb-4ee0-b867-21ec47ebe83c/org.wildfly.openssl_wildfly-openssl-1.1.3.Final.jar
[2025-07-07T04:08:12.101+0000] {spark_submit.py:634} INFO - 25/07/07 04:08:12 INFO SecurityManager: Changing view acls to: ***
[2025-07-07T04:08:12.101+0000] {spark_submit.py:634} INFO - 25/07/07 04:08:12 INFO SecurityManager: Changing modify acls to: ***
[2025-07-07T04:08:12.102+0000] {spark_submit.py:634} INFO - 25/07/07 04:08:12 INFO SecurityManager: Changing view acls groups to: ***
[2025-07-07T04:08:12.102+0000] {spark_submit.py:634} INFO - 25/07/07 04:08:12 INFO SecurityManager: Changing modify acls groups to: ***
[2025-07-07T04:08:12.102+0000] {spark_submit.py:634} INFO - 25/07/07 04:08:12 INFO SecurityManager: SecurityManager: authentication disabled; ui acls disabled; users with view permissions: *** groups with view permissions: EMPTY; users with modify permissions: ***; groups with modify permissions: EMPTY; RPC SSL disabled
[2025-07-07T04:08:12.315+0000] {spark_submit.py:634} INFO - 25/07/07 04:08:12 INFO StandaloneAppClient$ClientEndpoint: Connecting to master spark://spark-master:7077...
[2025-07-07T04:08:12.395+0000] {spark_submit.py:634} INFO - 25/07/07 04:08:12 INFO TransportClientFactory: Successfully created connection to spark-master/172.21.0.6:7077 after 64 ms (0 ms spent in bootstraps)
[2025-07-07T04:08:12.433+0000] {spark_submit.py:634} INFO - 25/07/07 04:08:12 INFO StandaloneSchedulerBackend: Connected to Spark cluster with app ID app-20250707040812-0001
[2025-07-07T04:08:12.488+0000] {spark_submit.py:634} INFO - 25/07/07 04:08:12 INFO Utils: Successfully started service 'org.apache.spark.network.netty.NettyBlockTransferService' on port 36963.
[2025-07-07T04:08:12.488+0000] {spark_submit.py:634} INFO - 25/07/07 04:08:12 INFO NettyBlockTransferService: Server created on fd5a0096b110:36963
[2025-07-07T04:08:12.490+0000] {spark_submit.py:634} INFO - 25/07/07 04:08:12 INFO BlockManager: Using org.apache.spark.storage.RandomBlockReplicationPolicy for block replication policy
[2025-07-07T04:08:12.499+0000] {spark_submit.py:634} INFO - 25/07/07 04:08:12 INFO BlockManagerMaster: Registering BlockManager BlockManagerId(driver, fd5a0096b110, 36963, None)
[2025-07-07T04:08:12.506+0000] {spark_submit.py:634} INFO - 25/07/07 04:08:12 INFO BlockManagerMasterEndpoint: Registering block manager fd5a0096b110:36963 with 413.9 MiB RAM, BlockManagerId(driver, fd5a0096b110, 36963, None)
[2025-07-07T04:08:12.507+0000] {spark_submit.py:634} INFO - 25/07/07 04:08:12 INFO BlockManagerMaster: Registered BlockManager BlockManagerId(driver, fd5a0096b110, 36963, None)
[2025-07-07T04:08:12.508+0000] {spark_submit.py:634} INFO - 25/07/07 04:08:12 INFO BlockManager: Initialized BlockManager: BlockManagerId(driver, fd5a0096b110, 36963, None)
[2025-07-07T04:08:12.698+0000] {spark_submit.py:634} INFO - 25/07/07 04:08:12 INFO StandaloneSchedulerBackend: SchedulerBackend is ready for scheduling beginning after reached minRegisteredResourcesRatio: 0.0
[2025-07-07T04:08:14.928+0000] {spark_submit.py:634} INFO - --- Checking Spark Hadoop Configurations ---
[2025-07-07T04:08:14.997+0000] {spark_submit.py:634} INFO - S3A Config: fs.s3a.select.output.csv.record.delimiter = \n
[2025-07-07T04:08:14.999+0000] {spark_submit.py:634} INFO - S3A Config: fs.s3a.select.input.csv.quote.character = "
[2025-07-07T04:08:15.003+0000] {spark_submit.py:634} INFO - S3A Config: fs.s3a.path.style.access = false
[2025-07-07T04:08:15.008+0000] {spark_submit.py:634} INFO - S3A Config: fs.s3a.select.input.compression = none
[2025-07-07T04:08:15.009+0000] {spark_submit.py:634} INFO - S3A Config: fs.s3a.max.total.tasks = 32
[2025-07-07T04:08:15.012+0000] {spark_submit.py:634} INFO - S3A Config: fs.s3a.select.output.csv.quote.fields = always
[2025-07-07T04:08:15.015+0000] {spark_submit.py:634} INFO - S3A Config: fs.s3a.select.input.csv.header = none
[2025-07-07T04:08:15.016+0000] {spark_submit.py:634} INFO - S3A Config: mapreduce.outputcommitter.factory.scheme.s3a = org.apache.hadoop.fs.s3a.commit.S3ACommitterFactory
[2025-07-07T04:08:15.020+0000] {spark_submit.py:634} INFO - S3A Config: fs.s3a.impl = org.apache.hadoop.fs.s3a.S3AFileSystem
[2025-07-07T04:08:15.032+0000] {spark_submit.py:634} INFO - S3A Config: fs.s3a.select.enabled = true
[2025-07-07T04:08:15.033+0000] {spark_submit.py:634} INFO - S3A Config: fs.s3a.committer.staging.tmp.path = tmp/staging
[2025-07-07T04:08:15.039+0000] {spark_submit.py:634} INFO - S3A Config: fs.s3a.executor.capacity = 16
[2025-07-07T04:08:15.040+0000] {spark_submit.py:634} INFO - S3A Config: fs.s3a.multiobjectdelete.enable = true
[2025-07-07T04:08:15.096+0000] {spark_submit.py:634} INFO - S3A Config: fs.s3a.multipart.purge = false
[2025-07-07T04:08:15.096+0000] {spark_submit.py:634} INFO - S3A Config: fs.s3a.connection.establish.timeout = 30s
[2025-07-07T04:08:15.097+0000] {spark_submit.py:634} INFO - S3A Config: fs.s3a.downgrade.syncable.exceptions = true
[2025-07-07T04:08:15.097+0000] {spark_submit.py:634} INFO - S3A Config: fs.s3a.multipart.purge.age = 24h
[2025-07-07T04:08:15.097+0000] {spark_submit.py:634} INFO - !!! FOUND '24h' !!! -> fs.s3a.multipart.purge.age = 24h
[2025-07-07T04:08:15.100+0000] {spark_submit.py:634} INFO - S3A Config: fs.s3a.audit.enabled = true
[2025-07-07T04:08:15.101+0000] {spark_submit.py:634} INFO - S3A Config: fs.s3a.select.input.csv.record.delimiter = \n
[2025-07-07T04:08:15.101+0000] {spark_submit.py:634} INFO - S3A Config: fs.s3a.accesspoint.required = false
[2025-07-07T04:08:15.101+0000] {spark_submit.py:634} INFO - S3A Config: fs.s3a.retry.limit = 7
[2025-07-07T04:08:15.102+0000] {spark_submit.py:634} INFO - S3A Config: fs.s3a.committer.name = file
[2025-07-07T04:08:15.103+0000] {spark_submit.py:634} INFO - S3A Config: fs.s3a.threads.max = 96
[2025-07-07T04:08:15.104+0000] {spark_submit.py:634} INFO - S3A Config: fs.s3a.threads.keepalivetime = 60s
[2025-07-07T04:08:15.106+0000] {spark_submit.py:634} INFO - S3A Config: fs.s3a.select.input.csv.quote.escape.character = \\
[2025-07-07T04:08:15.106+0000] {spark_submit.py:634} INFO - S3A Config: fs.s3a.multipart.threshold = 128M
[2025-07-07T04:08:15.107+0000] {spark_submit.py:634} INFO - S3A Config: fs.s3a.ssl.channel.mode = default_jsse
[2025-07-07T04:08:15.107+0000] {spark_submit.py:634} INFO - S3A Config: fs.s3a.change.detection.mode = server
[2025-07-07T04:08:15.107+0000] {spark_submit.py:634} INFO - S3A Config: fs.s3a.buffer.dir = ${env.LOCAL_DIRS:-${hadoop.tmp.dir}}/s3a
[2025-07-07T04:08:15.108+0000] {spark_submit.py:634} INFO - S3A Config: fs.s3a.fast.upload.active.blocks = 4
[2025-07-07T04:08:15.111+0000] {spark_submit.py:634} INFO - S3A Config: fs.s3a.block.size = 32M
[2025-07-07T04:08:15.116+0000] {spark_submit.py:634} INFO - S3A Config: fs.s3a.change.detection.version.required = true
[2025-07-07T04:08:15.133+0000] {spark_submit.py:634} INFO - S3A Config: fs.s3a.select.output.csv.field.delimiter = ,
[2025-07-07T04:08:15.135+0000] {spark_submit.py:634} INFO - S3A Config: fs.s3a.committer.staging.conflict-mode = append
[2025-07-07T04:08:15.138+0000] {spark_submit.py:634} INFO - S3A Config: fs.s3a.select.output.csv.quote.escape.character = \\
[2025-07-07T04:08:15.139+0000] {spark_submit.py:634} INFO - S3A Config: fs.viewfs.overload.scheme.target.s3a.impl = org.apache.hadoop.fs.s3a.S3AFileSystem
[2025-07-07T04:08:15.140+0000] {spark_submit.py:634} INFO - S3A Config: fs.s3a.list.version = 2
[2025-07-07T04:08:15.141+0000] {spark_submit.py:634} INFO - S3A Config: fs.s3a.connection.maximum = 500
[2025-07-07T04:08:15.141+0000] {spark_submit.py:634} INFO - S3A Config: fs.s3a.paging.maximum = 5000
[2025-07-07T04:08:15.143+0000] {spark_submit.py:634} INFO - S3A Config: fs.s3a.readahead.range = 64K
[2025-07-07T04:08:15.143+0000] {spark_submit.py:634} INFO - S3A Config: fs.s3a.attempts.maximum = 5
[2025-07-07T04:08:15.145+0000] {spark_submit.py:634} INFO - S3A Config: fs.s3a.select.input.csv.comment.marker = #
[2025-07-07T04:08:15.146+0000] {spark_submit.py:634} INFO - S3A Config: fs.s3a.etag.checksum.enabled = false
[2025-07-07T04:08:15.146+0000] {spark_submit.py:634} INFO - S3A Config: fs.s3a.retry.interval = 500ms
[2025-07-07T04:08:15.147+0000] {spark_submit.py:634} INFO - S3A Config: fs.s3a.select.errors.include.sql = false
[2025-07-07T04:08:15.149+0000] {spark_submit.py:634} INFO - S3A Config: fs.s3a.multipart.size = 64M
[2025-07-07T04:08:15.150+0000] {spark_submit.py:634} INFO - S3A Config: fs.s3a.select.input.csv.field.delimiter = ,
[2025-07-07T04:08:15.150+0000] {spark_submit.py:634} INFO - S3A Config: fs.s3a.socket.recv.buffer = 8192
[2025-07-07T04:08:15.151+0000] {spark_submit.py:634} INFO - S3A Config: fs.s3a.connection.ssl.enabled = true
[2025-07-07T04:08:15.152+0000] {spark_submit.py:634} INFO - S3A Config: fs.s3a.committer.threads = 8
[2025-07-07T04:08:15.195+0000] {spark_submit.py:634} INFO - S3A Config: fs.s3a.fast.upload.buffer = disk
[2025-07-07T04:08:15.197+0000] {spark_submit.py:634} INFO - S3A Config: fs.s3a.select.output.csv.quote.character = "
[2025-07-07T04:08:15.199+0000] {spark_submit.py:634} INFO - S3A Config: fs.s3a.committer.staging.unique-filenames = true
[2025-07-07T04:08:15.200+0000] {spark_submit.py:634} INFO - S3A Config: fs.s3a.retry.throttle.interval = 100ms
[2025-07-07T04:08:15.202+0000] {spark_submit.py:634} INFO - S3A Config: fs.s3a.connection.ttl = 5m
[2025-07-07T04:08:15.202+0000] {spark_submit.py:634} INFO - S3A Config: fs.s3a.aws.credentials.provider =
[2025-07-07T04:08:15.203+0000] {spark_submit.py:634} INFO - org.apache.hadoop.fs.s3a.TemporaryAWSCredentialsProvider,
[2025-07-07T04:08:15.203+0000] {spark_submit.py:634} INFO - org.apache.hadoop.fs.s3a.SimpleAWSCredentialsProvider,
[2025-07-07T04:08:15.203+0000] {spark_submit.py:634} INFO - software.amazon.awssdk.auth.credentials.EnvironmentVariableCredentialsProvider,
[2025-07-07T04:08:15.203+0000] {spark_submit.py:634} INFO - org.apache.hadoop.fs.s3a.auth.IAMInstanceCredentialsProvider
[2025-07-07T04:08:15.203+0000] {spark_submit.py:634} INFO - 
[2025-07-07T04:08:15.203+0000] {spark_submit.py:634} INFO - S3A Config: fs.s3a.assumed.role.session.duration = 30m
[2025-07-07T04:08:15.204+0000] {spark_submit.py:634} INFO - S3A Config: fs.s3a.assumed.role.credentials.provider = org.apache.hadoop.fs.s3a.SimpleAWSCredentialsProvider
[2025-07-07T04:08:15.204+0000] {spark_submit.py:634} INFO - S3A Config: fs.s3a.committer.abort.pending.uploads = true
[2025-07-07T04:08:15.205+0000] {spark_submit.py:634} INFO - S3A Config: fs.s3a.committer.magic.enabled = true
[2025-07-07T04:08:15.207+0000] {spark_submit.py:634} INFO - S3A Config: fs.s3a.connection.timeout = 200s
[2025-07-07T04:08:15.208+0000] {spark_submit.py:634} INFO - S3A Config: fs.s3a.change.detection.source = etag
[2025-07-07T04:08:15.209+0000] {spark_submit.py:634} INFO - S3A Config: fs.AbstractFileSystem.s3a.impl = org.apache.hadoop.fs.s3a.S3A
[2025-07-07T04:08:15.211+0000] {spark_submit.py:634} INFO - S3A Config: fs.s3a.socket.send.buffer = 8192
[2025-07-07T04:08:15.213+0000] {spark_submit.py:634} INFO - S3A Config: fs.s3a.retry.throttle.limit = 20
[2025-07-07T04:08:15.213+0000] {spark_submit.py:634} INFO - ------------------------------------------
[2025-07-07T04:08:16.114+0000] {spark_submit.py:634} INFO - 25/07/07 04:08:16 WARN MetricsConfig: Cannot locate configuration: tried hadoop-metrics2-s3a-file-system.properties,hadoop-metrics2.properties
[2025-07-07T04:08:49.023+0000] {spark_submit.py:634} INFO - 25/07/07 04:08:49 WARN TaskSchedulerImpl: Initial job has not accepted any resources; check your cluster UI to ensure that workers are registered and have sufficient resources
[2025-07-07T04:09:04.022+0000] {spark_submit.py:634} INFO - 25/07/07 04:09:04 WARN TaskSchedulerImpl: Initial job has not accepted any resources; check your cluster UI to ensure that workers are registered and have sufficient resources
[2025-07-07T04:09:19.022+0000] {spark_submit.py:634} INFO - 25/07/07 04:09:19 WARN TaskSchedulerImpl: Initial job has not accepted any resources; check your cluster UI to ensure that workers are registered and have sufficient resources
[2025-07-07T04:09:34.022+0000] {spark_submit.py:634} INFO - 25/07/07 04:09:34 WARN TaskSchedulerImpl: Initial job has not accepted any resources; check your cluster UI to ensure that workers are registered and have sufficient resources
[2025-07-07T04:09:49.022+0000] {spark_submit.py:634} INFO - 25/07/07 04:09:49 WARN TaskSchedulerImpl: Initial job has not accepted any resources; check your cluster UI to ensure that workers are registered and have sufficient resources
[2025-07-07T04:10:04.022+0000] {spark_submit.py:634} INFO - 25/07/07 04:10:04 WARN TaskSchedulerImpl: Initial job has not accepted any resources; check your cluster UI to ensure that workers are registered and have sufficient resources
[2025-07-07T04:10:19.022+0000] {spark_submit.py:634} INFO - 25/07/07 04:10:19 WARN TaskSchedulerImpl: Initial job has not accepted any resources; check your cluster UI to ensure that workers are registered and have sufficient resources
[2025-07-07T04:10:34.022+0000] {spark_submit.py:634} INFO - 25/07/07 04:10:34 WARN TaskSchedulerImpl: Initial job has not accepted any resources; check your cluster UI to ensure that workers are registered and have sufficient resources
[2025-07-07T04:10:49.022+0000] {spark_submit.py:634} INFO - 25/07/07 04:10:49 WARN TaskSchedulerImpl: Initial job has not accepted any resources; check your cluster UI to ensure that workers are registered and have sufficient resources
[2025-07-07T04:11:04.022+0000] {spark_submit.py:634} INFO - 25/07/07 04:11:04 WARN TaskSchedulerImpl: Initial job has not accepted any resources; check your cluster UI to ensure that workers are registered and have sufficient resources
[2025-07-07T04:11:19.022+0000] {spark_submit.py:634} INFO - 25/07/07 04:11:19 WARN TaskSchedulerImpl: Initial job has not accepted any resources; check your cluster UI to ensure that workers are registered and have sufficient resources
[2025-07-07T04:11:34.022+0000] {spark_submit.py:634} INFO - 25/07/07 04:11:34 WARN TaskSchedulerImpl: Initial job has not accepted any resources; check your cluster UI to ensure that workers are registered and have sufficient resources
[2025-07-07T04:11:49.022+0000] {spark_submit.py:634} INFO - 25/07/07 04:11:49 WARN TaskSchedulerImpl: Initial job has not accepted any resources; check your cluster UI to ensure that workers are registered and have sufficient resources
[2025-07-07T04:12:04.022+0000] {spark_submit.py:634} INFO - 25/07/07 04:12:04 WARN TaskSchedulerImpl: Initial job has not accepted any resources; check your cluster UI to ensure that workers are registered and have sufficient resources
[2025-07-07T04:12:14.260+0000] {local_task_job_runner.py:288} WARNING - Recorded pid 1246 does not match the current pid 973
[2025-07-07T04:12:14.261+0000] {local_task_job_runner.py:222} INFO - ::endgroup::
[2025-07-07T04:12:14.262+0000] {process_utils.py:132} INFO - Sending 15 to group 973. PIDs of all processes in the group: [974, 1014, 973]
[2025-07-07T04:12:14.262+0000] {process_utils.py:87} INFO - Sending the signal 15 to group 973
[2025-07-07T04:12:14.263+0000] {taskinstance.py:2607} ERROR - Received SIGTERM. Terminating subprocesses.
[2025-07-07T04:12:14.263+0000] {spark_submit.py:760} INFO - Sending kill signal to spark-submit
[2025-07-07T04:12:14.263+0000] {taskinstance.py:441} INFO - ::group::Post task execution logs
[2025-07-07T04:12:14.291+0000] {taskinstance.py:2890} ERROR - Task failed with exception
Traceback (most recent call last):
  File "/home/airflow/.local/lib/python3.11/site-packages/airflow/models/taskinstance.py", line 465, in _execute_task
    result = _execute_callable(context=context, **execute_callable_kwargs)
             ^^^^^^^^^^^^^^^^^^^^^^^^^^^^^^^^^^^^^^^^^^^^^^^^^^^^^^^^^^^^^
  File "/home/airflow/.local/lib/python3.11/site-packages/airflow/models/taskinstance.py", line 432, in _execute_callable
    return execute_callable(context=context, **execute_callable_kwargs)
           ^^^^^^^^^^^^^^^^^^^^^^^^^^^^^^^^^^^^^^^^^^^^^^^^^^^^^^^^^^^^
  File "/home/airflow/.local/lib/python3.11/site-packages/airflow/models/baseoperator.py", line 400, in wrapper
    return func(self, *args, **kwargs)
           ^^^^^^^^^^^^^^^^^^^^^^^^^^^
  File "/home/airflow/.local/lib/python3.11/site-packages/airflow/providers/apache/spark/operators/spark_submit.py", line 176, in execute
    self._hook.submit(self.application)
  File "/home/airflow/.local/lib/python3.11/site-packages/airflow/providers/apache/spark/hooks/spark_submit.py", line 548, in submit
    self._process_spark_submit_log(iter(self._submit_sp.stdout))  # type: ignore
    ^^^^^^^^^^^^^^^^^^^^^^^^^^^^^^^^^^^^^^^^^^^^^^^^^^^^^^^^^^^^
  File "/home/airflow/.local/lib/python3.11/site-packages/airflow/providers/apache/spark/hooks/spark_submit.py", line 597, in _process_spark_submit_log
    for line in itr:
  File "/home/airflow/.local/lib/python3.11/site-packages/airflow/models/taskinstance.py", line 2609, in signal_handler
    raise AirflowTaskTerminated("Task received SIGTERM signal")
airflow.exceptions.AirflowTaskTerminated: Task received SIGTERM signal
[2025-07-07T04:12:14.293+0000] {taskinstance.py:1205} INFO - Marking task as FAILED. dag_id=my_spark_inline, task_id=spark_write_data, execution_date=20250707T035205, start_date=20250707T041210, end_date=20250707T041214
[2025-07-07T04:12:14.314+0000] {process_utils.py:80} INFO - Process psutil.Process(pid=973, status='terminated', exitcode=2, started='04:08:05') (973) terminated with exit code 2
[2025-07-07T04:12:14.315+0000] {process_utils.py:80} INFO - Process psutil.Process(pid=974, status='terminated', started='04:08:06') (974) terminated with exit code None
[2025-07-07T04:12:14.315+0000] {process_utils.py:80} INFO - Process psutil.Process(pid=1014, status='terminated', started='04:08:08') (1014) terminated with exit code None
