[2025-07-07T03:52:06.837+0000] {local_task_job_runner.py:120} INFO - ::group::Pre task execution logs
[2025-07-07T03:52:06.856+0000] {taskinstance.py:2073} INFO - Dependencies all met for dep_context=non-requeueable deps ti=<TaskInstance: my_spark_inline.spark_write_data manual__2025-07-07T03:52:05.939805+00:00 [queued]>
[2025-07-07T03:52:06.951+0000] {taskinstance.py:2073} INFO - Dependencies all met for dep_context=requeueable deps ti=<TaskInstance: my_spark_inline.spark_write_data manual__2025-07-07T03:52:05.939805+00:00 [queued]>
[2025-07-07T03:52:06.952+0000] {taskinstance.py:2303} INFO - Starting attempt 1 of 1
[2025-07-07T03:52:06.970+0000] {taskinstance.py:2327} INFO - Executing <Task(SparkSubmitOperator): spark_write_data> on 2025-07-07 03:52:05.939805+00:00
[2025-07-07T03:52:06.974+0000] {standard_task_runner.py:63} INFO - Started process 213 to run task
[2025-07-07T03:52:06.976+0000] {standard_task_runner.py:90} INFO - Running: ['***', 'tasks', 'run', 'my_spark_inline', 'spark_write_data', 'manual__2025-07-07T03:52:05.939805+00:00', '--job-id', '121', '--raw', '--subdir', 'DAGS_FOLDER/test_spark.py', '--cfg-path', '/tmp/tmpuj3zme04']
[2025-07-07T03:52:06.977+0000] {standard_task_runner.py:91} INFO - Job 121: Subtask spark_write_data
[2025-07-07T03:52:06.988+0000] {logging_mixin.py:188} WARNING - /home/***/.local/lib/python3.11/site-packages/***/settings.py:195 DeprecationWarning: The sql_alchemy_conn option in [core] has been moved to the sql_alchemy_conn option in [database] - the old setting has been used, but please update your config.
[2025-07-07T03:52:07.010+0000] {task_command.py:426} INFO - Running <TaskInstance: my_spark_inline.spark_write_data manual__2025-07-07T03:52:05.939805+00:00 [running]> on host fd5a0096b110
[2025-07-07T03:52:07.062+0000] {taskinstance.py:2644} INFO - Exporting env vars: AIRFLOW_CTX_DAG_OWNER='***' AIRFLOW_CTX_DAG_ID='my_spark_inline' AIRFLOW_CTX_TASK_ID='spark_write_data' AIRFLOW_CTX_EXECUTION_DATE='2025-07-07T03:52:05.939805+00:00' AIRFLOW_CTX_TRY_NUMBER='1' AIRFLOW_CTX_DAG_RUN_ID='manual__2025-07-07T03:52:05.939805+00:00'
[2025-07-07T03:52:07.062+0000] {taskinstance.py:430} INFO - ::endgroup::
[2025-07-07T03:52:07.095+0000] {base.py:84} INFO - Using connection ID 'spark-master' for task execution.
[2025-07-07T03:52:07.096+0000] {spark_submit.py:473} INFO - Spark-Submit cmd: spark-submit --master spark-master:7077 --packages com.clickhouse:clickhouse-jdbc:0.6.4,org.apache.httpcomponents.client5:httpclient5:5.3.1,org.apache.hadoop:hadoop-aws:3.3.5,com.amazonaws:aws-java-sdk-bundle:1.11.1026 --name arrow-spark --deploy-mode client /opt/***/spark_project/src/spark/spark_main_minio.py
[2025-07-07T03:52:07.514+0000] {spark_submit.py:634} INFO - WARNING: Using incubator modules: jdk.incubator.vector
[2025-07-07T03:52:09.917+0000] {spark_submit.py:634} INFO - :: loading settings :: url = jar:file:/home/***/.local/lib/python3.11/site-packages/pyspark/jars/ivy-2.5.3.jar!/org/apache/ivy/core/settings/ivysettings.xml
[2025-07-07T03:52:10.097+0000] {spark_submit.py:634} INFO - Ivy Default Cache set to: /home/***/.ivy2.5.2/cache
[2025-07-07T03:52:10.097+0000] {spark_submit.py:634} INFO - The jars for the packages stored in: /home/***/.ivy2.5.2/jars
[2025-07-07T03:52:10.100+0000] {spark_submit.py:634} INFO - com.clickhouse#clickhouse-jdbc added as a dependency
[2025-07-07T03:52:10.100+0000] {spark_submit.py:634} INFO - org.apache.httpcomponents.client5#httpclient5 added as a dependency
[2025-07-07T03:52:10.100+0000] {spark_submit.py:634} INFO - org.apache.hadoop#hadoop-aws added as a dependency
[2025-07-07T03:52:10.100+0000] {spark_submit.py:634} INFO - com.amazonaws#aws-java-sdk-bundle added as a dependency
[2025-07-07T03:52:10.100+0000] {spark_submit.py:634} INFO - :: resolving dependencies :: org.apache.spark#spark-submit-parent-3e50f51c-575a-45f5-8181-ca37c5499bb0;1.0
[2025-07-07T03:52:10.100+0000] {spark_submit.py:634} INFO - confs: [default]
[2025-07-07T03:52:12.069+0000] {spark_submit.py:634} INFO - found com.clickhouse#clickhouse-jdbc;0.6.4 in central
[2025-07-07T03:52:40.931+0000] {spark_submit.py:634} INFO - found org.apache.httpcomponents.client5#httpclient5;5.3.1 in central
[2025-07-07T03:52:44.605+0000] {spark_submit.py:634} INFO - found org.apache.httpcomponents.core5#httpcore5;5.2.4 in central
[2025-07-07T03:52:45.264+0000] {spark_submit.py:634} INFO - found org.apache.httpcomponents.core5#httpcore5-h2;5.2.4 in central
[2025-07-07T03:52:47.486+0000] {spark_submit.py:634} INFO - found org.slf4j#slf4j-api;1.7.36 in central
[2025-07-07T03:52:52.102+0000] {spark_submit.py:634} INFO - found org.apache.hadoop#hadoop-aws;3.3.5 in central
[2025-07-07T03:52:54.229+0000] {spark_submit.py:634} INFO - found com.amazonaws#aws-java-sdk-bundle;1.12.316 in central
[2025-07-07T03:52:57.929+0000] {spark_submit.py:634} INFO - found org.wildfly.openssl#wildfly-openssl;1.1.3.Final in central
[2025-07-07T03:52:58.225+0000] {spark_submit.py:634} INFO - downloading https://repo1.maven.org/maven2/com/clickhouse/clickhouse-jdbc/0.6.4/clickhouse-jdbc-0.6.4.jar ...
[2025-07-07T03:53:01.242+0000] {spark_submit.py:634} INFO - [SUCCESSFUL ] com.clickhouse#clickhouse-jdbc;0.6.4!clickhouse-jdbc.jar (3309ms)
[2025-07-07T03:53:01.511+0000] {spark_submit.py:634} INFO - downloading https://repo1.maven.org/maven2/org/apache/httpcomponents/client5/httpclient5/5.3.1/httpclient5-5.3.1.jar ...
[2025-07-07T03:53:02.969+0000] {spark_submit.py:634} INFO - [SUCCESSFUL ] org.apache.httpcomponents.client5#httpclient5;5.3.1!httpclient5.jar (1726ms)
[2025-07-07T03:53:03.474+0000] {spark_submit.py:634} INFO - downloading https://repo1.maven.org/maven2/org/apache/hadoop/hadoop-aws/3.3.5/hadoop-aws-3.3.5.jar ...
[2025-07-07T03:53:04.755+0000] {spark_submit.py:634} INFO - [SUCCESSFUL ] org.apache.hadoop#hadoop-aws;3.3.5!hadoop-aws.jar (1785ms)
[2025-07-07T03:53:04.978+0000] {spark_submit.py:634} INFO - downloading https://repo1.maven.org/maven2/org/apache/httpcomponents/core5/httpcore5/5.2.4/httpcore5-5.2.4.jar ...
[2025-07-07T03:53:06.179+0000] {spark_submit.py:634} INFO - [SUCCESSFUL ] org.apache.httpcomponents.core5#httpcore5;5.2.4!httpcore5.jar (1423ms)
[2025-07-07T03:53:06.427+0000] {spark_submit.py:634} INFO - downloading https://repo1.maven.org/maven2/org/apache/httpcomponents/core5/httpcore5-h2/5.2.4/httpcore5-h2-5.2.4.jar ...
[2025-07-07T03:53:06.855+0000] {spark_submit.py:634} INFO - [SUCCESSFUL ] org.apache.httpcomponents.core5#httpcore5-h2;5.2.4!httpcore5-h2.jar (675ms)
[2025-07-07T03:53:07.147+0000] {spark_submit.py:634} INFO - downloading https://repo1.maven.org/maven2/org/slf4j/slf4j-api/1.7.36/slf4j-api-1.7.36.jar ...
[2025-07-07T03:53:07.465+0000] {spark_submit.py:634} INFO - [SUCCESSFUL ] org.slf4j#slf4j-api;1.7.36!slf4j-api.jar (609ms)
[2025-07-07T03:53:07.758+0000] {spark_submit.py:634} INFO - downloading https://repo1.maven.org/maven2/com/amazonaws/aws-java-sdk-bundle/1.12.316/aws-java-sdk-bundle-1.12.316.jar ...
[2025-07-07T03:58:36.024+0000] {spark_submit.py:634} INFO - [SUCCESSFUL ] com.amazonaws#aws-java-sdk-bundle;1.12.316!aws-java-sdk-bundle.jar (328559ms)
[2025-07-07T03:58:36.362+0000] {spark_submit.py:634} INFO - downloading https://repo1.maven.org/maven2/org/wildfly/openssl/wildfly-openssl/1.1.3.Final/wildfly-openssl-1.1.3.Final.jar ...
[2025-07-07T03:58:36.726+0000] {spark_submit.py:634} INFO - [SUCCESSFUL ] org.wildfly.openssl#wildfly-openssl;1.1.3.Final!wildfly-openssl.jar (701ms)
[2025-07-07T03:58:36.726+0000] {spark_submit.py:634} INFO - :: resolution report :: resolve 47833ms :: artifacts dl 338793ms
[2025-07-07T03:58:36.727+0000] {spark_submit.py:634} INFO - :: modules in use:
[2025-07-07T03:58:36.727+0000] {spark_submit.py:634} INFO - com.amazonaws#aws-java-sdk-bundle;1.12.316 from central in [default]
[2025-07-07T03:58:36.727+0000] {spark_submit.py:634} INFO - com.clickhouse#clickhouse-jdbc;0.6.4 from central in [default]
[2025-07-07T03:58:36.727+0000] {spark_submit.py:634} INFO - org.apache.hadoop#hadoop-aws;3.3.5 from central in [default]
[2025-07-07T03:58:36.727+0000] {spark_submit.py:634} INFO - org.apache.httpcomponents.client5#httpclient5;5.3.1 from central in [default]
[2025-07-07T03:58:36.727+0000] {spark_submit.py:634} INFO - org.apache.httpcomponents.core5#httpcore5;5.2.4 from central in [default]
[2025-07-07T03:58:36.727+0000] {spark_submit.py:634} INFO - org.apache.httpcomponents.core5#httpcore5-h2;5.2.4 from central in [default]
[2025-07-07T03:58:36.727+0000] {spark_submit.py:634} INFO - org.slf4j#slf4j-api;1.7.36 from central in [default]
[2025-07-07T03:58:36.728+0000] {spark_submit.py:634} INFO - org.wildfly.openssl#wildfly-openssl;1.1.3.Final from central in [default]
[2025-07-07T03:58:36.728+0000] {spark_submit.py:634} INFO - :: evicted modules:
[2025-07-07T03:58:36.728+0000] {spark_submit.py:634} INFO - com.amazonaws#aws-java-sdk-bundle;1.11.1026 by [com.amazonaws#aws-java-sdk-bundle;1.12.316] in [default]
[2025-07-07T03:58:36.728+0000] {spark_submit.py:634} INFO - ---------------------------------------------------------------------
[2025-07-07T03:58:36.728+0000] {spark_submit.py:634} INFO - |                  |            modules            ||   artifacts   |
[2025-07-07T03:58:36.728+0000] {spark_submit.py:634} INFO - |       conf       | number| search|dwnlded|evicted|| number|dwnlded|
[2025-07-07T03:58:36.728+0000] {spark_submit.py:634} INFO - ---------------------------------------------------------------------
[2025-07-07T03:58:36.728+0000] {spark_submit.py:634} INFO - |      default     |   9   |   8   |   8   |   1   ||   8   |   8   |
[2025-07-07T03:58:36.728+0000] {spark_submit.py:634} INFO - ---------------------------------------------------------------------
[2025-07-07T03:58:36.735+0000] {spark_submit.py:634} INFO - :: retrieving :: org.apache.spark#spark-submit-parent-3e50f51c-575a-45f5-8181-ca37c5499bb0
[2025-07-07T03:58:36.736+0000] {spark_submit.py:634} INFO - confs: [default]
[2025-07-07T03:58:36.874+0000] {spark_submit.py:634} INFO - 8 artifacts copied, 0 already retrieved (287272kB/139ms)
[2025-07-07T03:58:37.114+0000] {spark_submit.py:634} INFO - 25/07/07 03:58:37 WARN NativeCodeLoader: Unable to load native-hadoop library for your platform... using builtin-java classes where applicable
[2025-07-07T03:58:39.015+0000] {spark_submit.py:634} INFO - Using Spark's default log4j profile: org/apache/spark/log4j2-defaults.properties
[2025-07-07T03:58:39.019+0000] {spark_submit.py:634} INFO - 25/07/07 03:58:39 INFO SparkContext: Running Spark version 4.0.0
[2025-07-07T03:58:39.020+0000] {spark_submit.py:634} INFO - 25/07/07 03:58:39 INFO SparkContext: OS info Linux, 6.8.0-60-generic, amd64
[2025-07-07T03:58:39.020+0000] {spark_submit.py:634} INFO - 25/07/07 03:58:39 INFO SparkContext: Java version 17.0.15
[2025-07-07T03:58:39.089+0000] {spark_submit.py:634} INFO - 25/07/07 03:58:39 INFO ResourceUtils: ==============================================================
[2025-07-07T03:58:39.089+0000] {spark_submit.py:634} INFO - 25/07/07 03:58:39 INFO ResourceUtils: No custom resources configured for spark.driver.
[2025-07-07T03:58:39.090+0000] {spark_submit.py:634} INFO - 25/07/07 03:58:39 INFO ResourceUtils: ==============================================================
[2025-07-07T03:58:39.091+0000] {spark_submit.py:634} INFO - 25/07/07 03:58:39 INFO SparkContext: Submitted application: thanhdz
[2025-07-07T03:58:39.106+0000] {spark_submit.py:634} INFO - 25/07/07 03:58:39 INFO ResourceProfile: Default ResourceProfile created, executor resources: Map(cores -> name: cores, amount: 2, script: , vendor: , memory -> name: memory, amount: 4096, script: , vendor: , offHeap -> name: offHeap, amount: 0, script: , vendor: ), task resources: Map(cpus -> name: cpus, amount: 1.0)
[2025-07-07T03:58:39.109+0000] {spark_submit.py:634} INFO - 25/07/07 03:58:39 INFO ResourceProfile: Limiting resource is cpus at 2 tasks per executor
[2025-07-07T03:58:39.110+0000] {spark_submit.py:634} INFO - 25/07/07 03:58:39 INFO ResourceProfileManager: Added ResourceProfile id: 0
[2025-07-07T03:58:39.192+0000] {spark_submit.py:634} INFO - 25/07/07 03:58:39 INFO SecurityManager: Changing view acls to: ***
[2025-07-07T03:58:39.193+0000] {spark_submit.py:634} INFO - 25/07/07 03:58:39 INFO SecurityManager: Changing modify acls to: ***
[2025-07-07T03:58:39.193+0000] {spark_submit.py:634} INFO - 25/07/07 03:58:39 INFO SecurityManager: Changing view acls groups to: ***
[2025-07-07T03:58:39.193+0000] {spark_submit.py:634} INFO - 25/07/07 03:58:39 INFO SecurityManager: Changing modify acls groups to: ***
[2025-07-07T03:58:39.194+0000] {spark_submit.py:634} INFO - 25/07/07 03:58:39 INFO SecurityManager: SecurityManager: authentication disabled; ui acls disabled; users with view permissions: *** groups with view permissions: EMPTY; users with modify permissions: ***; groups with modify permissions: EMPTY; RPC SSL disabled
[2025-07-07T03:58:39.417+0000] {spark_submit.py:634} INFO - 25/07/07 03:58:39 INFO Utils: Successfully started service 'sparkDriver' on port 42243.
[2025-07-07T03:58:39.493+0000] {spark_submit.py:634} INFO - 25/07/07 03:58:39 INFO SparkEnv: Registering MapOutputTracker
[2025-07-07T03:58:39.500+0000] {spark_submit.py:634} INFO - 25/07/07 03:58:39 INFO SparkEnv: Registering BlockManagerMaster
[2025-07-07T03:58:39.508+0000] {spark_submit.py:634} INFO - 25/07/07 03:58:39 INFO BlockManagerMasterEndpoint: Using org.apache.spark.storage.DefaultTopologyMapper for getting topology information
[2025-07-07T03:58:39.508+0000] {spark_submit.py:634} INFO - 25/07/07 03:58:39 INFO BlockManagerMasterEndpoint: BlockManagerMasterEndpoint up
[2025-07-07T03:58:39.510+0000] {spark_submit.py:634} INFO - 25/07/07 03:58:39 INFO SparkEnv: Registering BlockManagerMasterHeartbeat
[2025-07-07T03:58:39.527+0000] {spark_submit.py:634} INFO - 25/07/07 03:58:39 INFO DiskBlockManager: Created local directory at /tmp/blockmgr-b610e3a1-d799-4e37-80e3-b84979777fcd
[2025-07-07T03:58:39.601+0000] {spark_submit.py:634} INFO - 25/07/07 03:58:39 INFO SparkEnv: Registering OutputCommitCoordinator
[2025-07-07T03:58:39.723+0000] {spark_submit.py:634} INFO - 25/07/07 03:58:39 INFO JettyUtils: Start Jetty 0.0.0.0:4040 for SparkUI
[2025-07-07T03:58:39.901+0000] {spark_submit.py:634} INFO - 25/07/07 03:58:39 INFO Utils: Successfully started service 'SparkUI' on port 4040.
[2025-07-07T03:58:39.925+0000] {spark_submit.py:634} INFO - 25/07/07 03:58:39 INFO SparkContext: Added JAR file:///home/***/.ivy2.5.2/jars/com.clickhouse_clickhouse-jdbc-0.6.4.jar at spark://fd5a0096b110:42243/jars/com.clickhouse_clickhouse-jdbc-0.6.4.jar with timestamp 1751860719011
[2025-07-07T03:58:39.926+0000] {spark_submit.py:634} INFO - 25/07/07 03:58:39 INFO SparkContext: Added JAR file:///home/***/.ivy2.5.2/jars/org.apache.httpcomponents.client5_httpclient5-5.3.1.jar at spark://fd5a0096b110:42243/jars/org.apache.httpcomponents.client5_httpclient5-5.3.1.jar with timestamp 1751860719011
[2025-07-07T03:58:39.926+0000] {spark_submit.py:634} INFO - 25/07/07 03:58:39 INFO SparkContext: Added JAR file:///home/***/.ivy2.5.2/jars/org.apache.hadoop_hadoop-aws-3.3.5.jar at spark://fd5a0096b110:42243/jars/org.apache.hadoop_hadoop-aws-3.3.5.jar with timestamp 1751860719011
[2025-07-07T03:58:39.926+0000] {spark_submit.py:634} INFO - 25/07/07 03:58:39 INFO SparkContext: Added JAR file:///home/***/.ivy2.5.2/jars/org.apache.httpcomponents.core5_httpcore5-5.2.4.jar at spark://fd5a0096b110:42243/jars/org.apache.httpcomponents.core5_httpcore5-5.2.4.jar with timestamp 1751860719011
[2025-07-07T03:58:39.926+0000] {spark_submit.py:634} INFO - 25/07/07 03:58:39 INFO SparkContext: Added JAR file:///home/***/.ivy2.5.2/jars/org.apache.httpcomponents.core5_httpcore5-h2-5.2.4.jar at spark://fd5a0096b110:42243/jars/org.apache.httpcomponents.core5_httpcore5-h2-5.2.4.jar with timestamp 1751860719011
[2025-07-07T03:58:39.926+0000] {spark_submit.py:634} INFO - 25/07/07 03:58:39 INFO SparkContext: Added JAR file:///home/***/.ivy2.5.2/jars/org.slf4j_slf4j-api-1.7.36.jar at spark://fd5a0096b110:42243/jars/org.slf4j_slf4j-api-1.7.36.jar with timestamp 1751860719011
[2025-07-07T03:58:39.926+0000] {spark_submit.py:634} INFO - 25/07/07 03:58:39 INFO SparkContext: Added JAR file:///home/***/.ivy2.5.2/jars/com.amazonaws_aws-java-sdk-bundle-1.12.316.jar at spark://fd5a0096b110:42243/jars/com.amazonaws_aws-java-sdk-bundle-1.12.316.jar with timestamp 1751860719011
[2025-07-07T03:58:39.926+0000] {spark_submit.py:634} INFO - 25/07/07 03:58:39 INFO SparkContext: Added JAR file:///home/***/.ivy2.5.2/jars/org.wildfly.openssl_wildfly-openssl-1.1.3.Final.jar at spark://fd5a0096b110:42243/jars/org.wildfly.openssl_wildfly-openssl-1.1.3.Final.jar with timestamp 1751860719011
[2025-07-07T03:58:39.928+0000] {spark_submit.py:634} INFO - 25/07/07 03:58:39 INFO SparkContext: Added file file:///home/***/.ivy2.5.2/jars/com.clickhouse_clickhouse-jdbc-0.6.4.jar at spark://fd5a0096b110:42243/files/com.clickhouse_clickhouse-jdbc-0.6.4.jar with timestamp 1751860719011
[2025-07-07T03:58:39.929+0000] {spark_submit.py:634} INFO - 25/07/07 03:58:39 INFO Utils: Copying /home/***/.ivy2.5.2/jars/com.clickhouse_clickhouse-jdbc-0.6.4.jar to /tmp/spark-219612dc-780d-49ce-950c-53606ce3c6b4/userFiles-e9b85407-0cea-43b0-bd32-0118cf679ab5/com.clickhouse_clickhouse-jdbc-0.6.4.jar
[2025-07-07T03:58:39.993+0000] {spark_submit.py:634} INFO - 25/07/07 03:58:39 INFO SparkContext: Added file file:///home/***/.ivy2.5.2/jars/org.apache.httpcomponents.client5_httpclient5-5.3.1.jar at spark://fd5a0096b110:42243/files/org.apache.httpcomponents.client5_httpclient5-5.3.1.jar with timestamp 1751860719011
[2025-07-07T03:58:39.993+0000] {spark_submit.py:634} INFO - 25/07/07 03:58:39 INFO Utils: Copying /home/***/.ivy2.5.2/jars/org.apache.httpcomponents.client5_httpclient5-5.3.1.jar to /tmp/spark-219612dc-780d-49ce-950c-53606ce3c6b4/userFiles-e9b85407-0cea-43b0-bd32-0118cf679ab5/org.apache.httpcomponents.client5_httpclient5-5.3.1.jar
[2025-07-07T03:58:39.999+0000] {spark_submit.py:634} INFO - 25/07/07 03:58:39 INFO SparkContext: Added file file:///home/***/.ivy2.5.2/jars/org.apache.hadoop_hadoop-aws-3.3.5.jar at spark://fd5a0096b110:42243/files/org.apache.hadoop_hadoop-aws-3.3.5.jar with timestamp 1751860719011
[2025-07-07T03:58:39.999+0000] {spark_submit.py:634} INFO - 25/07/07 03:58:39 INFO Utils: Copying /home/***/.ivy2.5.2/jars/org.apache.hadoop_hadoop-aws-3.3.5.jar to /tmp/spark-219612dc-780d-49ce-950c-53606ce3c6b4/userFiles-e9b85407-0cea-43b0-bd32-0118cf679ab5/org.apache.hadoop_hadoop-aws-3.3.5.jar
[2025-07-07T03:58:40.004+0000] {spark_submit.py:634} INFO - 25/07/07 03:58:40 INFO SparkContext: Added file file:///home/***/.ivy2.5.2/jars/org.apache.httpcomponents.core5_httpcore5-5.2.4.jar at spark://fd5a0096b110:42243/files/org.apache.httpcomponents.core5_httpcore5-5.2.4.jar with timestamp 1751860719011
[2025-07-07T03:58:40.005+0000] {spark_submit.py:634} INFO - 25/07/07 03:58:40 INFO Utils: Copying /home/***/.ivy2.5.2/jars/org.apache.httpcomponents.core5_httpcore5-5.2.4.jar to /tmp/spark-219612dc-780d-49ce-950c-53606ce3c6b4/userFiles-e9b85407-0cea-43b0-bd32-0118cf679ab5/org.apache.httpcomponents.core5_httpcore5-5.2.4.jar
[2025-07-07T03:58:40.011+0000] {spark_submit.py:634} INFO - 25/07/07 03:58:40 INFO SparkContext: Added file file:///home/***/.ivy2.5.2/jars/org.apache.httpcomponents.core5_httpcore5-h2-5.2.4.jar at spark://fd5a0096b110:42243/files/org.apache.httpcomponents.core5_httpcore5-h2-5.2.4.jar with timestamp 1751860719011
[2025-07-07T03:58:40.011+0000] {spark_submit.py:634} INFO - 25/07/07 03:58:40 INFO Utils: Copying /home/***/.ivy2.5.2/jars/org.apache.httpcomponents.core5_httpcore5-h2-5.2.4.jar to /tmp/spark-219612dc-780d-49ce-950c-53606ce3c6b4/userFiles-e9b85407-0cea-43b0-bd32-0118cf679ab5/org.apache.httpcomponents.core5_httpcore5-h2-5.2.4.jar
[2025-07-07T03:58:40.015+0000] {spark_submit.py:634} INFO - 25/07/07 03:58:40 INFO SparkContext: Added file file:///home/***/.ivy2.5.2/jars/org.slf4j_slf4j-api-1.7.36.jar at spark://fd5a0096b110:42243/files/org.slf4j_slf4j-api-1.7.36.jar with timestamp 1751860719011
[2025-07-07T03:58:40.016+0000] {spark_submit.py:634} INFO - 25/07/07 03:58:40 INFO Utils: Copying /home/***/.ivy2.5.2/jars/org.slf4j_slf4j-api-1.7.36.jar to /tmp/spark-219612dc-780d-49ce-950c-53606ce3c6b4/userFiles-e9b85407-0cea-43b0-bd32-0118cf679ab5/org.slf4j_slf4j-api-1.7.36.jar
[2025-07-07T03:58:40.019+0000] {spark_submit.py:634} INFO - 25/07/07 03:58:40 INFO SparkContext: Added file file:///home/***/.ivy2.5.2/jars/com.amazonaws_aws-java-sdk-bundle-1.12.316.jar at spark://fd5a0096b110:42243/files/com.amazonaws_aws-java-sdk-bundle-1.12.316.jar with timestamp 1751860719011
[2025-07-07T03:58:40.019+0000] {spark_submit.py:634} INFO - 25/07/07 03:58:40 INFO Utils: Copying /home/***/.ivy2.5.2/jars/com.amazonaws_aws-java-sdk-bundle-1.12.316.jar to /tmp/spark-219612dc-780d-49ce-950c-53606ce3c6b4/userFiles-e9b85407-0cea-43b0-bd32-0118cf679ab5/com.amazonaws_aws-java-sdk-bundle-1.12.316.jar
[2025-07-07T03:58:40.177+0000] {spark_submit.py:634} INFO - 25/07/07 03:58:40 INFO SparkContext: Added file file:///home/***/.ivy2.5.2/jars/org.wildfly.openssl_wildfly-openssl-1.1.3.Final.jar at spark://fd5a0096b110:42243/files/org.wildfly.openssl_wildfly-openssl-1.1.3.Final.jar with timestamp 1751860719011
[2025-07-07T03:58:40.177+0000] {spark_submit.py:634} INFO - 25/07/07 03:58:40 INFO Utils: Copying /home/***/.ivy2.5.2/jars/org.wildfly.openssl_wildfly-openssl-1.1.3.Final.jar to /tmp/spark-219612dc-780d-49ce-950c-53606ce3c6b4/userFiles-e9b85407-0cea-43b0-bd32-0118cf679ab5/org.wildfly.openssl_wildfly-openssl-1.1.3.Final.jar
[2025-07-07T03:58:40.194+0000] {spark_submit.py:634} INFO - 25/07/07 03:58:40 INFO SecurityManager: Changing view acls to: ***
[2025-07-07T03:58:40.195+0000] {spark_submit.py:634} INFO - 25/07/07 03:58:40 INFO SecurityManager: Changing modify acls to: ***
[2025-07-07T03:58:40.195+0000] {spark_submit.py:634} INFO - 25/07/07 03:58:40 INFO SecurityManager: Changing view acls groups to: ***
[2025-07-07T03:58:40.195+0000] {spark_submit.py:634} INFO - 25/07/07 03:58:40 INFO SecurityManager: Changing modify acls groups to: ***
[2025-07-07T03:58:40.195+0000] {spark_submit.py:634} INFO - 25/07/07 03:58:40 INFO SecurityManager: SecurityManager: authentication disabled; ui acls disabled; users with view permissions: *** groups with view permissions: EMPTY; users with modify permissions: ***; groups with modify permissions: EMPTY; RPC SSL disabled
[2025-07-07T03:58:40.325+0000] {spark_submit.py:634} INFO - 25/07/07 03:58:40 INFO StandaloneAppClient$ClientEndpoint: Connecting to master spark://spark-master:7077...
[2025-07-07T03:58:40.417+0000] {spark_submit.py:634} INFO - 25/07/07 03:58:40 INFO TransportClientFactory: Successfully created connection to spark-master/172.21.0.6:7077 after 16 ms (0 ms spent in bootstraps)
[2025-07-07T03:58:40.530+0000] {spark_submit.py:634} INFO - 25/07/07 03:58:40 INFO StandaloneSchedulerBackend: Connected to Spark cluster with app ID app-20250707035840-0000
[2025-07-07T03:58:40.534+0000] {spark_submit.py:634} INFO - 25/07/07 03:58:40 INFO Utils: Successfully started service 'org.apache.spark.network.netty.NettyBlockTransferService' on port 42235.
[2025-07-07T03:58:40.534+0000] {spark_submit.py:634} INFO - 25/07/07 03:58:40 INFO NettyBlockTransferService: Server created on fd5a0096b110:42235
[2025-07-07T03:58:40.535+0000] {spark_submit.py:634} INFO - 25/07/07 03:58:40 INFO BlockManager: Using org.apache.spark.storage.RandomBlockReplicationPolicy for block replication policy
[2025-07-07T03:58:40.543+0000] {spark_submit.py:634} INFO - 25/07/07 03:58:40 INFO BlockManagerMaster: Registering BlockManager BlockManagerId(driver, fd5a0096b110, 42235, None)
[2025-07-07T03:58:40.547+0000] {spark_submit.py:634} INFO - 25/07/07 03:58:40 INFO BlockManagerMasterEndpoint: Registering block manager fd5a0096b110:42235 with 413.9 MiB RAM, BlockManagerId(driver, fd5a0096b110, 42235, None)
[2025-07-07T03:58:40.548+0000] {spark_submit.py:634} INFO - 25/07/07 03:58:40 INFO BlockManagerMaster: Registered BlockManager BlockManagerId(driver, fd5a0096b110, 42235, None)
[2025-07-07T03:58:40.548+0000] {spark_submit.py:634} INFO - 25/07/07 03:58:40 INFO BlockManager: Initialized BlockManager: BlockManagerId(driver, fd5a0096b110, 42235, None)
[2025-07-07T03:58:40.790+0000] {spark_submit.py:634} INFO - 25/07/07 03:58:40 INFO StandaloneSchedulerBackend: SchedulerBackend is ready for scheduling beginning after reached minRegisteredResourcesRatio: 0.0
[2025-07-07T03:58:42.913+0000] {spark_submit.py:634} INFO - --- Checking Spark Hadoop Configurations ---
[2025-07-07T03:58:42.922+0000] {spark_submit.py:634} INFO - S3A Config: fs.s3a.select.output.csv.record.delimiter = \n
[2025-07-07T03:58:42.923+0000] {spark_submit.py:634} INFO - S3A Config: fs.s3a.select.input.csv.quote.character = "
[2025-07-07T03:58:42.925+0000] {spark_submit.py:634} INFO - S3A Config: fs.s3a.path.style.access = false
[2025-07-07T03:58:42.988+0000] {spark_submit.py:634} INFO - S3A Config: fs.s3a.select.input.compression = none
[2025-07-07T03:58:42.990+0000] {spark_submit.py:634} INFO - S3A Config: fs.s3a.max.total.tasks = 32
[2025-07-07T03:58:42.995+0000] {spark_submit.py:634} INFO - S3A Config: fs.s3a.select.output.csv.quote.fields = always
[2025-07-07T03:58:42.999+0000] {spark_submit.py:634} INFO - S3A Config: fs.s3a.select.input.csv.header = none
[2025-07-07T03:58:42.999+0000] {spark_submit.py:634} INFO - S3A Config: mapreduce.outputcommitter.factory.scheme.s3a = org.apache.hadoop.fs.s3a.commit.S3ACommitterFactory
[2025-07-07T03:58:43.006+0000] {spark_submit.py:634} INFO - S3A Config: fs.s3a.impl = org.apache.hadoop.fs.s3a.S3AFileSystem
[2025-07-07T03:58:43.016+0000] {spark_submit.py:634} INFO - S3A Config: fs.s3a.select.enabled = true
[2025-07-07T03:58:43.017+0000] {spark_submit.py:634} INFO - S3A Config: fs.s3a.committer.staging.tmp.path = tmp/staging
[2025-07-07T03:58:43.026+0000] {spark_submit.py:634} INFO - S3A Config: fs.s3a.executor.capacity = 16
[2025-07-07T03:58:43.028+0000] {spark_submit.py:634} INFO - S3A Config: fs.s3a.multiobjectdelete.enable = true
[2025-07-07T03:58:43.036+0000] {spark_submit.py:634} INFO - S3A Config: fs.s3a.multipart.purge = false
[2025-07-07T03:58:43.036+0000] {spark_submit.py:634} INFO - S3A Config: fs.s3a.connection.establish.timeout = 30s
[2025-07-07T03:58:43.036+0000] {spark_submit.py:634} INFO - S3A Config: fs.s3a.downgrade.syncable.exceptions = true
[2025-07-07T03:58:43.036+0000] {spark_submit.py:634} INFO - S3A Config: fs.s3a.multipart.purge.age = 24h
[2025-07-07T03:58:43.037+0000] {spark_submit.py:634} INFO - !!! FOUND '24h' !!! -> fs.s3a.multipart.purge.age = 24h
[2025-07-07T03:58:43.091+0000] {spark_submit.py:634} INFO - S3A Config: fs.s3a.audit.enabled = true
[2025-07-07T03:58:43.092+0000] {spark_submit.py:634} INFO - S3A Config: fs.s3a.select.input.csv.record.delimiter = \n
[2025-07-07T03:58:43.093+0000] {spark_submit.py:634} INFO - S3A Config: fs.s3a.accesspoint.required = false
[2025-07-07T03:58:43.094+0000] {spark_submit.py:634} INFO - S3A Config: fs.s3a.retry.limit = 7
[2025-07-07T03:58:43.098+0000] {spark_submit.py:634} INFO - S3A Config: fs.s3a.committer.name = file
[2025-07-07T03:58:43.099+0000] {spark_submit.py:634} INFO - S3A Config: fs.s3a.threads.max = 96
[2025-07-07T03:58:43.100+0000] {spark_submit.py:634} INFO - S3A Config: fs.s3a.threads.keepalivetime = 60s
[2025-07-07T03:58:43.102+0000] {spark_submit.py:634} INFO - S3A Config: fs.s3a.select.input.csv.quote.escape.character = \\
[2025-07-07T03:58:43.103+0000] {spark_submit.py:634} INFO - S3A Config: fs.s3a.multipart.threshold = 128M
[2025-07-07T03:58:43.104+0000] {spark_submit.py:634} INFO - S3A Config: fs.s3a.ssl.channel.mode = default_jsse
[2025-07-07T03:58:43.104+0000] {spark_submit.py:634} INFO - S3A Config: fs.s3a.change.detection.mode = server
[2025-07-07T03:58:43.104+0000] {spark_submit.py:634} INFO - S3A Config: fs.s3a.buffer.dir = ${env.LOCAL_DIRS:-${hadoop.tmp.dir}}/s3a
[2025-07-07T03:58:43.106+0000] {spark_submit.py:634} INFO - S3A Config: fs.s3a.fast.upload.active.blocks = 4
[2025-07-07T03:58:43.109+0000] {spark_submit.py:634} INFO - S3A Config: fs.s3a.block.size = 32M
[2025-07-07T03:58:43.112+0000] {spark_submit.py:634} INFO - S3A Config: fs.s3a.change.detection.version.required = true
[2025-07-07T03:58:43.112+0000] {spark_submit.py:634} INFO - S3A Config: fs.s3a.select.output.csv.field.delimiter = ,
[2025-07-07T03:58:43.113+0000] {spark_submit.py:634} INFO - S3A Config: fs.s3a.committer.staging.conflict-mode = append
[2025-07-07T03:58:43.124+0000] {spark_submit.py:634} INFO - S3A Config: fs.s3a.select.output.csv.quote.escape.character = \\
[2025-07-07T03:58:43.125+0000] {spark_submit.py:634} INFO - S3A Config: fs.viewfs.overload.scheme.target.s3a.impl = org.apache.hadoop.fs.s3a.S3AFileSystem
[2025-07-07T03:58:43.126+0000] {spark_submit.py:634} INFO - S3A Config: fs.s3a.list.version = 2
[2025-07-07T03:58:43.127+0000] {spark_submit.py:634} INFO - S3A Config: fs.s3a.connection.maximum = 500
[2025-07-07T03:58:43.127+0000] {spark_submit.py:634} INFO - S3A Config: fs.s3a.paging.maximum = 5000
[2025-07-07T03:58:43.132+0000] {spark_submit.py:634} INFO - S3A Config: fs.s3a.readahead.range = 64K
[2025-07-07T03:58:43.133+0000] {spark_submit.py:634} INFO - S3A Config: fs.s3a.attempts.maximum = 5
[2025-07-07T03:58:43.135+0000] {spark_submit.py:634} INFO - S3A Config: fs.s3a.select.input.csv.comment.marker = #
[2025-07-07T03:58:43.136+0000] {spark_submit.py:634} INFO - S3A Config: fs.s3a.etag.checksum.enabled = false
[2025-07-07T03:58:43.137+0000] {spark_submit.py:634} INFO - S3A Config: fs.s3a.retry.interval = 500ms
[2025-07-07T03:58:43.138+0000] {spark_submit.py:634} INFO - S3A Config: fs.s3a.select.errors.include.sql = false
[2025-07-07T03:58:43.139+0000] {spark_submit.py:634} INFO - S3A Config: fs.s3a.multipart.size = 64M
[2025-07-07T03:58:43.140+0000] {spark_submit.py:634} INFO - S3A Config: fs.s3a.select.input.csv.field.delimiter = ,
[2025-07-07T03:58:43.140+0000] {spark_submit.py:634} INFO - S3A Config: fs.s3a.socket.recv.buffer = 8192
[2025-07-07T03:58:43.188+0000] {spark_submit.py:634} INFO - S3A Config: fs.s3a.connection.ssl.enabled = true
[2025-07-07T03:58:43.190+0000] {spark_submit.py:634} INFO - S3A Config: fs.s3a.committer.threads = 8
[2025-07-07T03:58:43.196+0000] {spark_submit.py:634} INFO - S3A Config: fs.s3a.fast.upload.buffer = disk
[2025-07-07T03:58:43.199+0000] {spark_submit.py:634} INFO - S3A Config: fs.s3a.select.output.csv.quote.character = "
[2025-07-07T03:58:43.203+0000] {spark_submit.py:634} INFO - S3A Config: fs.s3a.committer.staging.unique-filenames = true
[2025-07-07T03:58:43.205+0000] {spark_submit.py:634} INFO - S3A Config: fs.s3a.retry.throttle.interval = 100ms
[2025-07-07T03:58:43.210+0000] {spark_submit.py:634} INFO - S3A Config: fs.s3a.connection.ttl = 5m
[2025-07-07T03:58:43.210+0000] {spark_submit.py:634} INFO - S3A Config: fs.s3a.aws.credentials.provider =
[2025-07-07T03:58:43.211+0000] {spark_submit.py:634} INFO - org.apache.hadoop.fs.s3a.TemporaryAWSCredentialsProvider,
[2025-07-07T03:58:43.211+0000] {spark_submit.py:634} INFO - org.apache.hadoop.fs.s3a.SimpleAWSCredentialsProvider,
[2025-07-07T03:58:43.211+0000] {spark_submit.py:634} INFO - software.amazon.awssdk.auth.credentials.EnvironmentVariableCredentialsProvider,
[2025-07-07T03:58:43.211+0000] {spark_submit.py:634} INFO - org.apache.hadoop.fs.s3a.auth.IAMInstanceCredentialsProvider
[2025-07-07T03:58:43.211+0000] {spark_submit.py:634} INFO - 
[2025-07-07T03:58:43.212+0000] {spark_submit.py:634} INFO - S3A Config: fs.s3a.assumed.role.session.duration = 30m
[2025-07-07T03:58:43.212+0000] {spark_submit.py:634} INFO - S3A Config: fs.s3a.assumed.role.credentials.provider = org.apache.hadoop.fs.s3a.SimpleAWSCredentialsProvider
[2025-07-07T03:58:43.212+0000] {spark_submit.py:634} INFO - S3A Config: fs.s3a.committer.abort.pending.uploads = true
[2025-07-07T03:58:43.216+0000] {spark_submit.py:634} INFO - S3A Config: fs.s3a.committer.magic.enabled = true
[2025-07-07T03:58:43.218+0000] {spark_submit.py:634} INFO - S3A Config: fs.s3a.connection.timeout = 200s
[2025-07-07T03:58:43.219+0000] {spark_submit.py:634} INFO - S3A Config: fs.s3a.change.detection.source = etag
[2025-07-07T03:58:43.222+0000] {spark_submit.py:634} INFO - S3A Config: fs.AbstractFileSystem.s3a.impl = org.apache.hadoop.fs.s3a.S3A
[2025-07-07T03:58:43.291+0000] {spark_submit.py:634} INFO - S3A Config: fs.s3a.socket.send.buffer = 8192
[2025-07-07T03:58:43.294+0000] {spark_submit.py:634} INFO - S3A Config: fs.s3a.retry.throttle.limit = 20
[2025-07-07T03:58:43.294+0000] {spark_submit.py:634} INFO - ------------------------------------------
[2025-07-07T03:58:44.106+0000] {spark_submit.py:634} INFO - 25/07/07 03:58:44 WARN MetricsConfig: Cannot locate configuration: tried hadoop-metrics2-s3a-file-system.properties,hadoop-metrics2.properties
[2025-07-07T03:59:00.908+0000] {spark_submit.py:634} INFO - 25/07/07 03:59:00 WARN TaskSchedulerImpl: Initial job has not accepted any resources; check your cluster UI to ensure that workers are registered and have sufficient resources
[2025-07-07T03:59:15.907+0000] {spark_submit.py:634} INFO - 25/07/07 03:59:15 WARN TaskSchedulerImpl: Initial job has not accepted any resources; check your cluster UI to ensure that workers are registered and have sufficient resources
[2025-07-07T03:59:30.907+0000] {spark_submit.py:634} INFO - 25/07/07 03:59:30 WARN TaskSchedulerImpl: Initial job has not accepted any resources; check your cluster UI to ensure that workers are registered and have sufficient resources
[2025-07-07T03:59:45.907+0000] {spark_submit.py:634} INFO - 25/07/07 03:59:45 WARN TaskSchedulerImpl: Initial job has not accepted any resources; check your cluster UI to ensure that workers are registered and have sufficient resources
[2025-07-07T04:00:00.907+0000] {spark_submit.py:634} INFO - 25/07/07 04:00:00 WARN TaskSchedulerImpl: Initial job has not accepted any resources; check your cluster UI to ensure that workers are registered and have sufficient resources
[2025-07-07T04:00:15.907+0000] {spark_submit.py:634} INFO - 25/07/07 04:00:15 WARN TaskSchedulerImpl: Initial job has not accepted any resources; check your cluster UI to ensure that workers are registered and have sufficient resources
[2025-07-07T04:00:30.907+0000] {spark_submit.py:634} INFO - 25/07/07 04:00:30 WARN TaskSchedulerImpl: Initial job has not accepted any resources; check your cluster UI to ensure that workers are registered and have sufficient resources
[2025-07-07T04:00:45.907+0000] {spark_submit.py:634} INFO - 25/07/07 04:00:45 WARN TaskSchedulerImpl: Initial job has not accepted any resources; check your cluster UI to ensure that workers are registered and have sufficient resources
[2025-07-07T04:01:00.907+0000] {spark_submit.py:634} INFO - 25/07/07 04:01:00 WARN TaskSchedulerImpl: Initial job has not accepted any resources; check your cluster UI to ensure that workers are registered and have sufficient resources
[2025-07-07T04:01:15.907+0000] {spark_submit.py:634} INFO - 25/07/07 04:01:15 WARN TaskSchedulerImpl: Initial job has not accepted any resources; check your cluster UI to ensure that workers are registered and have sufficient resources
[2025-07-07T04:01:30.907+0000] {spark_submit.py:634} INFO - 25/07/07 04:01:30 WARN TaskSchedulerImpl: Initial job has not accepted any resources; check your cluster UI to ensure that workers are registered and have sufficient resources
[2025-07-07T04:01:45.907+0000] {spark_submit.py:634} INFO - 25/07/07 04:01:45 WARN TaskSchedulerImpl: Initial job has not accepted any resources; check your cluster UI to ensure that workers are registered and have sufficient resources
[2025-07-07T04:02:00.907+0000] {spark_submit.py:634} INFO - 25/07/07 04:02:00 WARN TaskSchedulerImpl: Initial job has not accepted any resources; check your cluster UI to ensure that workers are registered and have sufficient resources
[2025-07-07T04:02:15.907+0000] {spark_submit.py:634} INFO - 25/07/07 04:02:15 WARN TaskSchedulerImpl: Initial job has not accepted any resources; check your cluster UI to ensure that workers are registered and have sufficient resources
[2025-07-07T04:02:30.907+0000] {spark_submit.py:634} INFO - 25/07/07 04:02:30 WARN TaskSchedulerImpl: Initial job has not accepted any resources; check your cluster UI to ensure that workers are registered and have sufficient resources
[2025-07-07T04:02:45.907+0000] {spark_submit.py:634} INFO - 25/07/07 04:02:45 WARN TaskSchedulerImpl: Initial job has not accepted any resources; check your cluster UI to ensure that workers are registered and have sufficient resources
[2025-07-07T04:03:00.907+0000] {spark_submit.py:634} INFO - 25/07/07 04:03:00 WARN TaskSchedulerImpl: Initial job has not accepted any resources; check your cluster UI to ensure that workers are registered and have sufficient resources
[2025-07-07T04:03:15.907+0000] {spark_submit.py:634} INFO - 25/07/07 04:03:15 WARN TaskSchedulerImpl: Initial job has not accepted any resources; check your cluster UI to ensure that workers are registered and have sufficient resources
[2025-07-07T04:03:30.907+0000] {spark_submit.py:634} INFO - 25/07/07 04:03:30 WARN TaskSchedulerImpl: Initial job has not accepted any resources; check your cluster UI to ensure that workers are registered and have sufficient resources
[2025-07-07T04:03:45.907+0000] {spark_submit.py:634} INFO - 25/07/07 04:03:45 WARN TaskSchedulerImpl: Initial job has not accepted any resources; check your cluster UI to ensure that workers are registered and have sufficient resources
[2025-07-07T04:04:00.907+0000] {spark_submit.py:634} INFO - 25/07/07 04:04:00 WARN TaskSchedulerImpl: Initial job has not accepted any resources; check your cluster UI to ensure that workers are registered and have sufficient resources
[2025-07-07T04:04:15.907+0000] {spark_submit.py:634} INFO - 25/07/07 04:04:15 WARN TaskSchedulerImpl: Initial job has not accepted any resources; check your cluster UI to ensure that workers are registered and have sufficient resources
[2025-07-07T04:04:30.907+0000] {spark_submit.py:634} INFO - 25/07/07 04:04:30 WARN TaskSchedulerImpl: Initial job has not accepted any resources; check your cluster UI to ensure that workers are registered and have sufficient resources
[2025-07-07T04:04:45.907+0000] {spark_submit.py:634} INFO - 25/07/07 04:04:45 WARN TaskSchedulerImpl: Initial job has not accepted any resources; check your cluster UI to ensure that workers are registered and have sufficient resources
[2025-07-07T04:05:00.907+0000] {spark_submit.py:634} INFO - 25/07/07 04:05:00 WARN TaskSchedulerImpl: Initial job has not accepted any resources; check your cluster UI to ensure that workers are registered and have sufficient resources
[2025-07-07T04:05:15.907+0000] {spark_submit.py:634} INFO - 25/07/07 04:05:15 WARN TaskSchedulerImpl: Initial job has not accepted any resources; check your cluster UI to ensure that workers are registered and have sufficient resources
[2025-07-07T04:05:30.907+0000] {spark_submit.py:634} INFO - 25/07/07 04:05:30 WARN TaskSchedulerImpl: Initial job has not accepted any resources; check your cluster UI to ensure that workers are registered and have sufficient resources
[2025-07-07T04:05:45.907+0000] {spark_submit.py:634} INFO - 25/07/07 04:05:45 WARN TaskSchedulerImpl: Initial job has not accepted any resources; check your cluster UI to ensure that workers are registered and have sufficient resources
[2025-07-07T04:06:00.907+0000] {spark_submit.py:634} INFO - 25/07/07 04:06:00 WARN TaskSchedulerImpl: Initial job has not accepted any resources; check your cluster UI to ensure that workers are registered and have sufficient resources
[2025-07-07T04:06:15.907+0000] {spark_submit.py:634} INFO - 25/07/07 04:06:15 WARN TaskSchedulerImpl: Initial job has not accepted any resources; check your cluster UI to ensure that workers are registered and have sufficient resources
[2025-07-07T04:06:30.907+0000] {spark_submit.py:634} INFO - 25/07/07 04:06:30 WARN TaskSchedulerImpl: Initial job has not accepted any resources; check your cluster UI to ensure that workers are registered and have sufficient resources
[2025-07-07T04:06:45.907+0000] {spark_submit.py:634} INFO - 25/07/07 04:06:45 WARN TaskSchedulerImpl: Initial job has not accepted any resources; check your cluster UI to ensure that workers are registered and have sufficient resources
[2025-07-07T04:07:00.907+0000] {spark_submit.py:634} INFO - 25/07/07 04:07:00 WARN TaskSchedulerImpl: Initial job has not accepted any resources; check your cluster UI to ensure that workers are registered and have sufficient resources
[2025-07-07T04:07:15.907+0000] {spark_submit.py:634} INFO - 25/07/07 04:07:15 WARN TaskSchedulerImpl: Initial job has not accepted any resources; check your cluster UI to ensure that workers are registered and have sufficient resources
[2025-07-07T04:07:30.907+0000] {spark_submit.py:634} INFO - 25/07/07 04:07:30 WARN TaskSchedulerImpl: Initial job has not accepted any resources; check your cluster UI to ensure that workers are registered and have sufficient resources
[2025-07-07T04:07:45.907+0000] {spark_submit.py:634} INFO - 25/07/07 04:07:45 WARN TaskSchedulerImpl: Initial job has not accepted any resources; check your cluster UI to ensure that workers are registered and have sufficient resources
[2025-07-07T04:07:55.327+0000] {local_task_job_runner.py:310} WARNING - State of this instance has been externally set to restarting. Terminating instance.
[2025-07-07T04:07:55.327+0000] {local_task_job_runner.py:222} INFO - ::endgroup::
[2025-07-07T04:07:55.328+0000] {process_utils.py:132} INFO - Sending 15 to group 213. PIDs of all processes in the group: [221, 562, 213]
[2025-07-07T04:07:55.329+0000] {process_utils.py:87} INFO - Sending the signal 15 to group 213
[2025-07-07T04:07:55.329+0000] {taskinstance.py:2607} ERROR - Received SIGTERM. Terminating subprocesses.
[2025-07-07T04:07:55.329+0000] {spark_submit.py:760} INFO - Sending kill signal to spark-submit
[2025-07-07T04:07:55.329+0000] {taskinstance.py:441} INFO - ::group::Post task execution logs
[2025-07-07T04:07:55.337+0000] {taskinstance.py:2890} ERROR - Task failed with exception
Traceback (most recent call last):
  File "/home/airflow/.local/lib/python3.11/site-packages/airflow/models/taskinstance.py", line 465, in _execute_task
    result = _execute_callable(context=context, **execute_callable_kwargs)
             ^^^^^^^^^^^^^^^^^^^^^^^^^^^^^^^^^^^^^^^^^^^^^^^^^^^^^^^^^^^^^
  File "/home/airflow/.local/lib/python3.11/site-packages/airflow/models/taskinstance.py", line 432, in _execute_callable
    return execute_callable(context=context, **execute_callable_kwargs)
           ^^^^^^^^^^^^^^^^^^^^^^^^^^^^^^^^^^^^^^^^^^^^^^^^^^^^^^^^^^^^
  File "/home/airflow/.local/lib/python3.11/site-packages/airflow/models/baseoperator.py", line 400, in wrapper
    return func(self, *args, **kwargs)
           ^^^^^^^^^^^^^^^^^^^^^^^^^^^
  File "/home/airflow/.local/lib/python3.11/site-packages/airflow/providers/apache/spark/operators/spark_submit.py", line 176, in execute
    self._hook.submit(self.application)
  File "/home/airflow/.local/lib/python3.11/site-packages/airflow/providers/apache/spark/hooks/spark_submit.py", line 548, in submit
    self._process_spark_submit_log(iter(self._submit_sp.stdout))  # type: ignore
    ^^^^^^^^^^^^^^^^^^^^^^^^^^^^^^^^^^^^^^^^^^^^^^^^^^^^^^^^^^^^
  File "/home/airflow/.local/lib/python3.11/site-packages/airflow/providers/apache/spark/hooks/spark_submit.py", line 597, in _process_spark_submit_log
    for line in itr:
  File "/home/airflow/.local/lib/python3.11/site-packages/airflow/models/taskinstance.py", line 2609, in signal_handler
    raise AirflowTaskTerminated("Task received SIGTERM signal")
airflow.exceptions.AirflowTaskTerminated: Task received SIGTERM signal
[2025-07-07T04:07:55.339+0000] {taskinstance.py:1205} INFO - Marking task as UP_FOR_RETRY. dag_id=my_spark_inline, task_id=spark_write_data, execution_date=20250707T035205, start_date=20250707T035206, end_date=20250707T040755
[2025-07-07T04:07:55.343+0000] {process_utils.py:80} INFO - Process psutil.Process(pid=562, status='terminated', started='03:58:36') (562) terminated with exit code None
[2025-07-07T04:07:55.350+0000] {process_utils.py:80} INFO - Process psutil.Process(pid=221, status='terminated', started='03:52:06') (221) terminated with exit code None
[2025-07-07T04:07:55.351+0000] {process_utils.py:80} INFO - Process psutil.Process(pid=213, status='terminated', exitcode=2, started='03:52:06') (213) terminated with exit code 2
