[2025-07-03T13:03:05.068+0000] {local_task_job_runner.py:120} INFO - ::group::Pre task execution logs
[2025-07-03T13:03:05.088+0000] {taskinstance.py:2073} INFO - Dependencies all met for dep_context=non-requeueable deps ti=<TaskInstance: simple_minio_check.bash_connection_check manual__2025-07-03T13:03:03.147481+00:00 [queued]>
[2025-07-03T13:03:05.092+0000] {taskinstance.py:2073} INFO - Dependencies all met for dep_context=requeueable deps ti=<TaskInstance: simple_minio_check.bash_connection_check manual__2025-07-03T13:03:03.147481+00:00 [queued]>
[2025-07-03T13:03:05.093+0000] {taskinstance.py:2303} INFO - Starting attempt 1 of 1
[2025-07-03T13:03:05.098+0000] {taskinstance.py:2327} INFO - Executing <Task(BashOperator): bash_connection_check> on 2025-07-03 13:03:03.147481+00:00
[2025-07-03T13:03:05.102+0000] {standard_task_runner.py:63} INFO - Started process 693 to run task
[2025-07-03T13:03:05.105+0000] {standard_task_runner.py:90} INFO - Running: ['***', 'tasks', 'run', 'simple_minio_check', 'bash_connection_check', 'manual__2025-07-03T13:03:03.147481+00:00', '--job-id', '8', '--raw', '--subdir', 'DAGS_FOLDER/test_connection_to_minio.py', '--cfg-path', '/tmp/tmpjg867uqz']
[2025-07-03T13:03:05.108+0000] {standard_task_runner.py:91} INFO - Job 8: Subtask bash_connection_check
[2025-07-03T13:03:05.122+0000] {logging_mixin.py:188} WARNING - /home/***/.local/lib/python3.11/site-packages/***/settings.py:195 DeprecationWarning: The sql_alchemy_conn option in [core] has been moved to the sql_alchemy_conn option in [database] - the old setting has been used, but please update your config.
[2025-07-03T13:03:05.144+0000] {task_command.py:426} INFO - Running <TaskInstance: simple_minio_check.bash_connection_check manual__2025-07-03T13:03:03.147481+00:00 [running]> on host 8cef375d7ad3
[2025-07-03T13:03:05.201+0000] {taskinstance.py:2644} INFO - Exporting env vars: AIRFLOW_CTX_DAG_OWNER='***' AIRFLOW_CTX_DAG_ID='simple_minio_check' AIRFLOW_CTX_TASK_ID='bash_connection_check' AIRFLOW_CTX_EXECUTION_DATE='2025-07-03T13:03:03.147481+00:00' AIRFLOW_CTX_TRY_NUMBER='1' AIRFLOW_CTX_DAG_RUN_ID='manual__2025-07-03T13:03:03.147481+00:00'
[2025-07-03T13:03:05.201+0000] {taskinstance.py:430} INFO - ::endgroup::
[2025-07-03T13:03:05.208+0000] {subprocess.py:63} INFO - Tmp dir root location: /tmp
[2025-07-03T13:03:05.208+0000] {subprocess.py:75} INFO - Running command: ['/usr/bin/bash', '-c', '\n    echo "🔍 Bash MinIO check..."\n    echo "Endpoint: https://minio-console.vgpu.rdhasaki.com"\n    echo "Bucket: hasaki-datalake"\n    echo "GA4 Path: ga4-data/hasakiwork/analytics_253437596/"\n    echo "✅ Basic info displayed"\n    ']
[2025-07-03T13:03:05.216+0000] {subprocess.py:86} INFO - Output:
[2025-07-03T13:03:05.217+0000] {subprocess.py:93} INFO - 🔍 Bash MinIO check...
[2025-07-03T13:03:05.217+0000] {subprocess.py:93} INFO - Endpoint: https://minio-console.vgpu.rdhasaki.com
[2025-07-03T13:03:05.218+0000] {subprocess.py:93} INFO - Bucket: hasaki-datalake
[2025-07-03T13:03:05.218+0000] {subprocess.py:93} INFO - GA4 Path: ga4-data/hasakiwork/analytics_253437596/
[2025-07-03T13:03:05.218+0000] {subprocess.py:93} INFO - ✅ Basic info displayed
[2025-07-03T13:03:05.218+0000] {subprocess.py:97} INFO - Command exited with return code 0
[2025-07-03T13:03:05.218+0000] {taskinstance.py:441} INFO - ::group::Post task execution logs
[2025-07-03T13:03:05.239+0000] {taskinstance.py:1205} INFO - Marking task as SUCCESS. dag_id=simple_minio_check, task_id=bash_connection_check, execution_date=20250703T130303, start_date=20250703T130305, end_date=20250703T130305
[2025-07-03T13:03:05.276+0000] {local_task_job_runner.py:240} INFO - Task exited with return code 0
[2025-07-03T13:03:05.289+0000] {taskinstance.py:3482} INFO - 0 downstream tasks scheduled from follow-on schedule check
[2025-07-03T13:03:05.290+0000] {local_task_job_runner.py:222} INFO - ::endgroup::
